[2025-11-05T23:57:44.214+0000] {local_task_job_runner.py:123} INFO - ::group::Pre task execution logs
[2025-11-05T23:57:44.227+0000] {taskinstance.py:2631} INFO - Dependencies all met for dep_context=non-requeueable deps ti=<TaskInstance: input_data_dag.input_data manual__2025-11-05T23:57:42.072875+00:00 [queued]>
[2025-11-05T23:57:44.233+0000] {taskinstance.py:2631} INFO - Dependencies all met for dep_context=requeueable deps ti=<TaskInstance: input_data_dag.input_data manual__2025-11-05T23:57:42.072875+00:00 [queued]>
[2025-11-05T23:57:44.233+0000] {taskinstance.py:2884} INFO - Starting attempt 1 of 1
[2025-11-05T23:57:44.244+0000] {taskinstance.py:2907} INFO - Executing <Task(PythonOperator): input_data> on 2025-11-05 23:57:42.072875+00:00
[2025-11-05T23:57:44.252+0000] {warnings.py:112} WARNING - /home/***/.local/lib/python3.12/site-packages/***/task/task_runner/standard_task_runner.py:70: DeprecationWarning: This process (pid=1189) is multi-threaded, use of fork() may lead to deadlocks in the child.
  pid = os.fork()

[2025-11-05T23:57:44.253+0000] {standard_task_runner.py:72} INFO - Started process 1191 to run task
[2025-11-05T23:57:44.254+0000] {standard_task_runner.py:104} INFO - Running: ['***', 'tasks', 'run', 'input_data_dag', 'input_data', 'manual__2025-11-05T23:57:42.072875+00:00', '--job-id', '25', '--raw', '--subdir', 'DAGS_FOLDER/input_data_dag.py', '--cfg-path', '/tmp/tmpxqyt756l']
[2025-11-05T23:57:44.255+0000] {standard_task_runner.py:105} INFO - Job 25: Subtask input_data
[2025-11-05T23:57:44.286+0000] {task_command.py:467} INFO - Running <TaskInstance: input_data_dag.input_data manual__2025-11-05T23:57:42.072875+00:00 [running]> on host 0aab0f5ea6cf
[2025-11-05T23:57:44.576+0000] {taskinstance.py:3157} INFO - Exporting env vars: AIRFLOW_CTX_DAG_OWNER='***' AIRFLOW_CTX_DAG_ID='input_data_dag' AIRFLOW_CTX_TASK_ID='input_data' AIRFLOW_CTX_EXECUTION_DATE='2025-11-05T23:57:42.072875+00:00' AIRFLOW_CTX_TRY_NUMBER='1' AIRFLOW_CTX_DAG_RUN_ID='manual__2025-11-05T23:57:42.072875+00:00'
[2025-11-05T23:57:44.576+0000] {logging_mixin.py:190} INFO - Task instance is in running state
[2025-11-05T23:57:44.576+0000] {logging_mixin.py:190} INFO -  Previous state of the Task instance: queued
[2025-11-05T23:57:44.576+0000] {logging_mixin.py:190} INFO - Current task name:input_data state:running start_date:2025-11-05 23:57:44.228050+00:00
[2025-11-05T23:57:44.577+0000] {logging_mixin.py:190} INFO - Dag name:input_data_dag and current dag run status:running
[2025-11-05T23:57:44.577+0000] {taskinstance.py:740} INFO - ::endgroup::
[2025-11-05T23:57:44.577+0000] {taskinstance.py:3336} ERROR - Task failed with exception
Traceback (most recent call last):
  File "/home/airflow/.local/lib/python3.12/site-packages/airflow/models/taskinstance.py", line 776, in _execute_task
    result = _execute_callable(context=context, **execute_callable_kwargs)
             ^^^^^^^^^^^^^^^^^^^^^^^^^^^^^^^^^^^^^^^^^^^^^^^^^^^^^^^^^^^^^
  File "/home/airflow/.local/lib/python3.12/site-packages/airflow/models/taskinstance.py", line 742, in _execute_callable
    return ExecutionCallableRunner(
           ^^^^^^^^^^^^^^^^^^^^^^^^
  File "/home/airflow/.local/lib/python3.12/site-packages/airflow/utils/operator_helpers.py", line 252, in run
    return self.func(*args, **kwargs)
           ^^^^^^^^^^^^^^^^^^^^^^^^^^
  File "/home/airflow/.local/lib/python3.12/site-packages/airflow/models/baseoperator.py", line 424, in wrapper
    return func(self, *args, **kwargs)
           ^^^^^^^^^^^^^^^^^^^^^^^^^^^
  File "/home/airflow/.local/lib/python3.12/site-packages/airflow/operators/python.py", line 238, in execute
    return_value = self.execute_callable()
                   ^^^^^^^^^^^^^^^^^^^^^^^
  File "/home/airflow/.local/lib/python3.12/site-packages/airflow/operators/python.py", line 256, in execute_callable
    return runner.run(*self.op_args, **self.op_kwargs)
           ^^^^^^^^^^^^^^^^^^^^^^^^^^^^^^^^^^^^^^^^^^^
  File "/home/airflow/.local/lib/python3.12/site-packages/airflow/utils/operator_helpers.py", line 252, in run
    return self.func(*args, **kwargs)
           ^^^^^^^^^^^^^^^^^^^^^^^^^^
  File "/opt/airflow/dags/input_data_dag.py", line 24, in input_data
    day = last_month_day[month]
          ~~~~~~~~~~~~~~^^^^^^^
TypeError: unhashable type: 'set'
[2025-11-05T23:57:44.586+0000] {logging_mixin.py:190} INFO - Task instance in failure state
[2025-11-05T23:57:44.586+0000] {logging_mixin.py:190} INFO - Task start:2025-11-05 23:57:44.228050+00:00 end:2025-11-05 23:57:44.586046+00:00 duration:0.357996
[2025-11-05T23:57:44.587+0000] {logging_mixin.py:190} INFO - Task:<Task(PythonOperator): input_data> dag:<DAG: input_data_dag> dagrun:<DagRun input_data_dag @ 2025-11-05 23:57:42.072875+00:00: manual__2025-11-05T23:57:42.072875+00:00, state:running, queued_at: 2025-11-05 23:57:42.082091+00:00. externally triggered: True>
[2025-11-05T23:57:44.587+0000] {logging_mixin.py:190} INFO - Failure caused by unhashable type: 'set'
[2025-11-05T23:57:44.587+0000] {taskinstance.py:1242} INFO - Marking task as FAILED. dag_id=input_data_dag, task_id=input_data, run_id=manual__2025-11-05T23:57:42.072875+00:00, execution_date=20251105T235742, start_date=20251105T235744, end_date=20251105T235744
[2025-11-05T23:57:44.606+0000] {taskinstance.py:349} INFO - ::group::Post task execution logs
[2025-11-05T23:57:44.606+0000] {standard_task_runner.py:124} ERROR - Failed to execute job 25 for task input_data (unhashable type: 'set'; 1191)
Traceback (most recent call last):
  File "/home/airflow/.local/lib/python3.12/site-packages/airflow/task/task_runner/standard_task_runner.py", line 117, in _start_by_fork
    ret = args.func(args, dag=self.dag)
          ^^^^^^^^^^^^^^^^^^^^^^^^^^^^^
  File "/home/airflow/.local/lib/python3.12/site-packages/airflow/cli/cli_config.py", line 49, in command
    return func(*args, **kwargs)
           ^^^^^^^^^^^^^^^^^^^^^
  File "/home/airflow/.local/lib/python3.12/site-packages/airflow/utils/cli.py", line 116, in wrapper
    return f(*args, **kwargs)
           ^^^^^^^^^^^^^^^^^^
  File "/home/airflow/.local/lib/python3.12/site-packages/airflow/cli/commands/task_command.py", line 483, in task_run
    task_return_code = _run_task_by_selected_method(args, _dag, ti)
                       ^^^^^^^^^^^^^^^^^^^^^^^^^^^^^^^^^^^^^^^^^^^^
  File "/home/airflow/.local/lib/python3.12/site-packages/airflow/cli/commands/task_command.py", line 256, in _run_task_by_selected_method
    return _run_raw_task(args, ti)
           ^^^^^^^^^^^^^^^^^^^^^^^
  File "/home/airflow/.local/lib/python3.12/site-packages/airflow/cli/commands/task_command.py", line 341, in _run_raw_task
    return ti._run_raw_task(
           ^^^^^^^^^^^^^^^^^
  File "/home/airflow/.local/lib/python3.12/site-packages/airflow/utils/session.py", line 97, in wrapper
    return func(*args, session=session, **kwargs)
           ^^^^^^^^^^^^^^^^^^^^^^^^^^^^^^^^^^^^^^
  File "/home/airflow/.local/lib/python3.12/site-packages/airflow/models/taskinstance.py", line 3029, in _run_raw_task
    return _run_raw_task(
           ^^^^^^^^^^^^^^
  File "/home/airflow/.local/lib/python3.12/site-packages/airflow/models/taskinstance.py", line 282, in _run_raw_task
    TaskInstance._execute_task_with_callbacks(
  File "/home/airflow/.local/lib/python3.12/site-packages/airflow/models/taskinstance.py", line 3184, in _execute_task_with_callbacks
    result = self._execute_task(context, task_orig)
             ^^^^^^^^^^^^^^^^^^^^^^^^^^^^^^^^^^^^^^
  File "/home/airflow/.local/lib/python3.12/site-packages/airflow/models/taskinstance.py", line 3208, in _execute_task
    return _execute_task(self, context, task_orig)
           ^^^^^^^^^^^^^^^^^^^^^^^^^^^^^^^^^^^^^^^
  File "/home/airflow/.local/lib/python3.12/site-packages/airflow/models/taskinstance.py", line 776, in _execute_task
    result = _execute_callable(context=context, **execute_callable_kwargs)
             ^^^^^^^^^^^^^^^^^^^^^^^^^^^^^^^^^^^^^^^^^^^^^^^^^^^^^^^^^^^^^
  File "/home/airflow/.local/lib/python3.12/site-packages/airflow/models/taskinstance.py", line 742, in _execute_callable
    return ExecutionCallableRunner(
           ^^^^^^^^^^^^^^^^^^^^^^^^
  File "/home/airflow/.local/lib/python3.12/site-packages/airflow/utils/operator_helpers.py", line 252, in run
    return self.func(*args, **kwargs)
           ^^^^^^^^^^^^^^^^^^^^^^^^^^
  File "/home/airflow/.local/lib/python3.12/site-packages/airflow/models/baseoperator.py", line 424, in wrapper
    return func(self, *args, **kwargs)
           ^^^^^^^^^^^^^^^^^^^^^^^^^^^
  File "/home/airflow/.local/lib/python3.12/site-packages/airflow/operators/python.py", line 238, in execute
    return_value = self.execute_callable()
                   ^^^^^^^^^^^^^^^^^^^^^^^
  File "/home/airflow/.local/lib/python3.12/site-packages/airflow/operators/python.py", line 256, in execute_callable
    return runner.run(*self.op_args, **self.op_kwargs)
           ^^^^^^^^^^^^^^^^^^^^^^^^^^^^^^^^^^^^^^^^^^^
  File "/home/airflow/.local/lib/python3.12/site-packages/airflow/utils/operator_helpers.py", line 252, in run
    return self.func(*args, **kwargs)
           ^^^^^^^^^^^^^^^^^^^^^^^^^^
  File "/opt/airflow/dags/input_data_dag.py", line 24, in input_data
    day = last_month_day[month]
          ~~~~~~~~~~~~~~^^^^^^^
TypeError: unhashable type: 'set'
[2025-11-05T23:57:44.629+0000] {local_task_job_runner.py:266} INFO - Task exited with return code 1
[2025-11-05T23:57:44.642+0000] {taskinstance.py:3924} INFO - 0 downstream tasks scheduled from follow-on schedule check
[2025-11-05T23:57:44.647+0000] {local_task_job_runner.py:245} INFO - ::endgroup::
