[2025-11-11T22:39:22.035+0000] {local_task_job_runner.py:123} INFO - ::group::Pre task execution logs
[2025-11-11T22:39:22.080+0000] {taskinstance.py:2631} INFO - Dependencies all met for dep_context=non-requeueable deps ti=<TaskInstance: process_data_dag.process_data manual__2025-11-11T22:39:19.468070+00:00 [queued]>
[2025-11-11T22:39:22.099+0000] {taskinstance.py:2631} INFO - Dependencies all met for dep_context=requeueable deps ti=<TaskInstance: process_data_dag.process_data manual__2025-11-11T22:39:19.468070+00:00 [queued]>
[2025-11-11T22:39:22.100+0000] {taskinstance.py:2884} INFO - Starting attempt 1 of 1
[2025-11-11T22:39:22.129+0000] {taskinstance.py:2907} INFO - Executing <Task(PythonOperator): process_data> on 2025-11-11 22:39:19.468070+00:00
[2025-11-11T22:39:22.146+0000] {warnings.py:112} WARNING - /home/***/.local/lib/python3.12/site-packages/***/task/task_runner/standard_task_runner.py:70: DeprecationWarning: This process (pid=217) is multi-threaded, use of fork() may lead to deadlocks in the child.
  pid = os.fork()

[2025-11-11T22:39:22.148+0000] {standard_task_runner.py:72} INFO - Started process 219 to run task
[2025-11-11T22:39:22.150+0000] {standard_task_runner.py:104} INFO - Running: ['***', 'tasks', 'run', 'process_data_dag', 'process_data', 'manual__2025-11-11T22:39:19.468070+00:00', '--job-id', '209', '--raw', '--subdir', 'DAGS_FOLDER/process_data_dag.py', '--cfg-path', '/tmp/tmp5voqg3wh']
[2025-11-11T22:39:22.152+0000] {standard_task_runner.py:105} INFO - Job 209: Subtask process_data
[2025-11-11T22:39:22.246+0000] {task_command.py:467} INFO - Running <TaskInstance: process_data_dag.process_data manual__2025-11-11T22:39:19.468070+00:00 [running]> on host b7400122829a
[2025-11-11T22:39:22.328+0000] {taskinstance.py:3157} INFO - Exporting env vars: AIRFLOW_CTX_DAG_OWNER='***' AIRFLOW_CTX_DAG_ID='process_data_dag' AIRFLOW_CTX_TASK_ID='process_data' AIRFLOW_CTX_EXECUTION_DATE='2025-11-11T22:39:19.468070+00:00' AIRFLOW_CTX_TRY_NUMBER='1' AIRFLOW_CTX_DAG_RUN_ID='manual__2025-11-11T22:39:19.468070+00:00'
[2025-11-11T22:39:22.329+0000] {logging_mixin.py:190} INFO - Task instance is in running state
[2025-11-11T22:39:22.330+0000] {logging_mixin.py:190} INFO -  Previous state of the Task instance: queued
[2025-11-11T22:39:22.330+0000] {logging_mixin.py:190} INFO - Current task name:process_data state:running start_date:2025-11-11 22:39:22.081626+00:00
[2025-11-11T22:39:22.330+0000] {logging_mixin.py:190} INFO - Dag name:process_data_dag and current dag run status:running
[2025-11-11T22:39:22.330+0000] {taskinstance.py:740} INFO - ::endgroup::
[2025-11-11T22:39:22.597+0000] {logging_mixin.py:190} INFO - Lendo arquivo: 2025-01-01.csv
[2025-11-11T22:39:22.700+0000] {logging_mixin.py:190} INFO - Lendo arquivo: 2025-02-01.csv
[2025-11-11T22:39:22.783+0000] {logging_mixin.py:190} INFO - Lendo arquivo: 2025-03-01.csv
[2025-11-11T22:39:22.844+0000] {logging_mixin.py:190} INFO - Lendo arquivo: 2025-04-01.csv
[2025-11-11T22:39:22.894+0000] {logging_mixin.py:190} INFO - Lendo arquivo: 2025-05-01.csv
[2025-11-11T22:39:22.967+0000] {logging_mixin.py:190} INFO - Lendo arquivo: 2025-06-01.csv
[2025-11-11T22:39:23.038+0000] {logging_mixin.py:190} INFO - Lendo arquivo: 2025-07-01.csv
[2025-11-11T22:39:23.106+0000] {logging_mixin.py:190} INFO - Lendo arquivo: 2025-08-01.csv
[2025-11-11T22:39:23.173+0000] {logging_mixin.py:190} INFO - Lendo arquivo: 2025-09-01.csv
[2025-11-11T22:39:23.319+0000] {logging_mixin.py:190} INFO - Lendo arquivo: 2025-10-01.csv
[2025-11-11T22:39:23.384+0000] {logging_mixin.py:190} INFO - Lendo arquivo: 2025-11-11.csv
[2025-11-11T22:39:23.495+0000] {python.py:240} INFO - Done. Returned value was: None
[2025-11-11T22:39:23.519+0000] {taskinstance.py:349} INFO - ::group::Post task execution logs
[2025-11-11T22:39:23.520+0000] {taskinstance.py:361} INFO - Marking task as SUCCESS. dag_id=process_data_dag, task_id=process_data, run_id=manual__2025-11-11T22:39:19.468070+00:00, execution_date=20251111T223919, start_date=20251111T223922, end_date=20251111T223923
[2025-11-11T22:39:23.574+0000] {logging_mixin.py:190} INFO - Task instance in success state
[2025-11-11T22:39:23.575+0000] {logging_mixin.py:190} INFO -  Previous state of the Task instance: running
[2025-11-11T22:39:23.576+0000] {logging_mixin.py:190} INFO - Dag name:process_data_dag queued_at:2025-11-11 22:39:19.480373+00:00
[2025-11-11T22:39:23.577+0000] {logging_mixin.py:190} INFO - Task hostname:b7400122829a operator:PythonOperator
[2025-11-11T22:39:23.648+0000] {local_task_job_runner.py:266} INFO - Task exited with return code 0
[2025-11-11T22:39:23.688+0000] {taskinstance.py:3924} INFO - 0 downstream tasks scheduled from follow-on schedule check
[2025-11-11T22:39:23.693+0000] {local_task_job_runner.py:245} INFO - ::endgroup::
