[2025-11-11T23:13:02.733+0000] {local_task_job_runner.py:123} INFO - ::group::Pre task execution logs
[2025-11-11T23:13:02.767+0000] {taskinstance.py:2631} INFO - Dependencies all met for dep_context=non-requeueable deps ti=<TaskInstance: process_data_dag.process_data manual__2025-11-11T23:12:59.638223+00:00 [queued]>
[2025-11-11T23:13:02.781+0000] {taskinstance.py:2631} INFO - Dependencies all met for dep_context=requeueable deps ti=<TaskInstance: process_data_dag.process_data manual__2025-11-11T23:12:59.638223+00:00 [queued]>
[2025-11-11T23:13:02.782+0000] {taskinstance.py:2884} INFO - Starting attempt 1 of 1
[2025-11-11T23:13:02.801+0000] {taskinstance.py:2907} INFO - Executing <Task(PythonOperator): process_data> on 2025-11-11 23:12:59.638223+00:00
[2025-11-11T23:13:02.817+0000] {warnings.py:112} WARNING - /home/***/.local/lib/python3.12/site-packages/***/task/task_runner/standard_task_runner.py:70: DeprecationWarning: This process (pid=71) is multi-threaded, use of fork() may lead to deadlocks in the child.
  pid = os.fork()

[2025-11-11T23:13:02.819+0000] {standard_task_runner.py:72} INFO - Started process 80 to run task
[2025-11-11T23:13:02.820+0000] {standard_task_runner.py:104} INFO - Running: ['***', 'tasks', 'run', 'process_data_dag', 'process_data', 'manual__2025-11-11T23:12:59.638223+00:00', '--job-id', '227', '--raw', '--subdir', 'DAGS_FOLDER/process_data_dag.py', '--cfg-path', '/tmp/tmp9k8wbs9b']
[2025-11-11T23:13:02.822+0000] {standard_task_runner.py:105} INFO - Job 227: Subtask process_data
[2025-11-11T23:13:02.891+0000] {task_command.py:467} INFO - Running <TaskInstance: process_data_dag.process_data manual__2025-11-11T23:12:59.638223+00:00 [running]> on host f9d77d9ba6d8
[2025-11-11T23:13:03.182+0000] {taskinstance.py:3157} INFO - Exporting env vars: AIRFLOW_CTX_DAG_OWNER='***' AIRFLOW_CTX_DAG_ID='process_data_dag' AIRFLOW_CTX_TASK_ID='process_data' AIRFLOW_CTX_EXECUTION_DATE='2025-11-11T23:12:59.638223+00:00' AIRFLOW_CTX_TRY_NUMBER='1' AIRFLOW_CTX_DAG_RUN_ID='manual__2025-11-11T23:12:59.638223+00:00'
[2025-11-11T23:13:03.184+0000] {logging_mixin.py:190} INFO - Task instance is in running state
[2025-11-11T23:13:03.185+0000] {logging_mixin.py:190} INFO -  Previous state of the Task instance: queued
[2025-11-11T23:13:03.185+0000] {logging_mixin.py:190} INFO - Current task name:process_data state:running start_date:2025-11-11 23:13:02.767989+00:00
[2025-11-11T23:13:03.186+0000] {logging_mixin.py:190} INFO - Dag name:process_data_dag and current dag run status:running
[2025-11-11T23:13:03.186+0000] {taskinstance.py:740} INFO - ::endgroup::
[2025-11-11T23:13:04.279+0000] {logging_mixin.py:190} INFO - Lendo arquivo: 2025-01-01.csv
[2025-11-11T23:13:06.391+0000] {logging_mixin.py:190} INFO - Lendo arquivo: 2025-02-01.csv
[2025-11-11T23:13:06.414+0000] {logging_mixin.py:190} INFO - Lendo arquivo: 2025-03-01.csv
[2025-11-11T23:13:06.435+0000] {logging_mixin.py:190} INFO - Lendo arquivo: 2025-04-01.csv
[2025-11-11T23:13:06.457+0000] {logging_mixin.py:190} INFO - Lendo arquivo: 2025-05-01.csv
[2025-11-11T23:13:06.475+0000] {logging_mixin.py:190} INFO - Lendo arquivo: 2025-06-01.csv
[2025-11-11T23:13:06.492+0000] {logging_mixin.py:190} INFO - Lendo arquivo: 2025-07-01.csv
[2025-11-11T23:13:06.508+0000] {logging_mixin.py:190} INFO - Lendo arquivo: 2025-08-01.csv
[2025-11-11T23:13:06.530+0000] {logging_mixin.py:190} INFO - Lendo arquivo: 2025-09-01.csv
[2025-11-11T23:13:06.581+0000] {logging_mixin.py:190} INFO - Lendo arquivo: 2025-10-01.csv
[2025-11-11T23:13:06.686+0000] {logging_mixin.py:190} INFO - Lendo arquivo: 2025-11-11.csv
[2025-11-11T23:13:06.746+0000] {python.py:240} INFO - Done. Returned value was: None
[2025-11-11T23:13:06.759+0000] {taskinstance.py:349} INFO - ::group::Post task execution logs
[2025-11-11T23:13:06.759+0000] {taskinstance.py:361} INFO - Marking task as SUCCESS. dag_id=process_data_dag, task_id=process_data, run_id=manual__2025-11-11T23:12:59.638223+00:00, execution_date=20251111T231259, start_date=20251111T231302, end_date=20251111T231306
[2025-11-11T23:13:06.797+0000] {logging_mixin.py:190} INFO - Task instance in success state
[2025-11-11T23:13:06.797+0000] {logging_mixin.py:190} INFO -  Previous state of the Task instance: running
[2025-11-11T23:13:06.798+0000] {logging_mixin.py:190} INFO - Dag name:process_data_dag queued_at:2025-11-11 23:12:59.765748+00:00
[2025-11-11T23:13:06.798+0000] {logging_mixin.py:190} INFO - Task hostname:f9d77d9ba6d8 operator:PythonOperator
[2025-11-11T23:13:06.847+0000] {local_task_job_runner.py:266} INFO - Task exited with return code 0
[2025-11-11T23:13:06.864+0000] {taskinstance.py:3924} INFO - 0 downstream tasks scheduled from follow-on schedule check
[2025-11-11T23:13:06.867+0000] {local_task_job_runner.py:245} INFO - ::endgroup::
