[2025-11-06T22:20:10.696+0000] {local_task_job_runner.py:123} INFO - ::group::Pre task execution logs
[2025-11-06T22:20:10.735+0000] {taskinstance.py:2631} INFO - Dependencies all met for dep_context=non-requeueable deps ti=<TaskInstance: input_data_dag.input_data scheduled__2024-05-01T00:00:00+00:00 [queued]>
[2025-11-06T22:20:10.751+0000] {taskinstance.py:2631} INFO - Dependencies all met for dep_context=requeueable deps ti=<TaskInstance: input_data_dag.input_data scheduled__2024-05-01T00:00:00+00:00 [queued]>
[2025-11-06T22:20:10.752+0000] {taskinstance.py:2884} INFO - Starting attempt 1 of 1
[2025-11-06T22:20:10.843+0000] {taskinstance.py:2907} INFO - Executing <Task(PythonOperator): input_data> on 2024-05-01 00:00:00+00:00
[2025-11-06T22:20:10.855+0000] {warnings.py:112} WARNING - /home/***/.local/lib/python3.12/site-packages/***/task/task_runner/standard_task_runner.py:70: DeprecationWarning: This process (pid=369) is multi-threaded, use of fork() may lead to deadlocks in the child.
  pid = os.fork()

[2025-11-06T22:20:10.857+0000] {standard_task_runner.py:72} INFO - Started process 409 to run task
[2025-11-06T22:20:10.858+0000] {standard_task_runner.py:104} INFO - Running: ['***', 'tasks', 'run', 'input_data_dag', 'input_data', 'scheduled__2024-05-01T00:00:00+00:00', '--job-id', '44', '--raw', '--subdir', 'DAGS_FOLDER/input_data_dag.py', '--cfg-path', '/tmp/tmpl_tql7ax']
[2025-11-06T22:20:10.860+0000] {standard_task_runner.py:105} INFO - Job 44: Subtask input_data
[2025-11-06T22:20:11.829+0000] {task_command.py:467} INFO - Running <TaskInstance: input_data_dag.input_data scheduled__2024-05-01T00:00:00+00:00 [running]> on host 127da4241ae8
[2025-11-06T22:20:17.611+0000] {taskinstance.py:3157} INFO - Exporting env vars: AIRFLOW_CTX_DAG_OWNER='***' AIRFLOW_CTX_DAG_ID='input_data_dag' AIRFLOW_CTX_TASK_ID='input_data' AIRFLOW_CTX_EXECUTION_DATE='2024-05-01T00:00:00+00:00' AIRFLOW_CTX_TRY_NUMBER='1' AIRFLOW_CTX_DAG_RUN_ID='scheduled__2024-05-01T00:00:00+00:00'
[2025-11-06T22:20:17.612+0000] {logging_mixin.py:190} INFO - Task instance is in running state
[2025-11-06T22:20:17.613+0000] {logging_mixin.py:190} INFO -  Previous state of the Task instance: queued
[2025-11-06T22:20:17.613+0000] {logging_mixin.py:190} INFO - Current task name:input_data state:running start_date:2025-11-06 22:20:10.736161+00:00
[2025-11-06T22:20:17.613+0000] {logging_mixin.py:190} INFO - Dag name:input_data_dag and current dag run status:running
[2025-11-06T22:20:17.613+0000] {taskinstance.py:740} INFO - ::endgroup::
[2025-11-06T22:20:18.860+0000] {python.py:240} INFO - Done. Returned value was: None
[2025-11-06T22:20:18.868+0000] {taskinstance.py:349} INFO - ::group::Post task execution logs
[2025-11-06T22:20:18.868+0000] {taskinstance.py:361} INFO - Marking task as SUCCESS. dag_id=input_data_dag, task_id=input_data, run_id=scheduled__2024-05-01T00:00:00+00:00, execution_date=20240501T000000, start_date=20251106T222010, end_date=20251106T222018
[2025-11-06T22:20:18.919+0000] {logging_mixin.py:190} INFO - Task instance in success state
[2025-11-06T22:20:18.920+0000] {logging_mixin.py:190} INFO -  Previous state of the Task instance: running
[2025-11-06T22:20:18.920+0000] {logging_mixin.py:190} INFO - Dag name:input_data_dag queued_at:2025-11-06 22:19:26.620229+00:00
[2025-11-06T22:20:18.920+0000] {logging_mixin.py:190} INFO - Task hostname:127da4241ae8 operator:PythonOperator
[2025-11-06T22:20:18.954+0000] {local_task_job_runner.py:266} INFO - Task exited with return code 0
[2025-11-06T22:20:18.981+0000] {taskinstance.py:3924} INFO - 0 downstream tasks scheduled from follow-on schedule check
[2025-11-06T22:20:18.989+0000] {local_task_job_runner.py:245} INFO - ::endgroup::
[2025-11-06T22:26:42.240+0000] {local_task_job_runner.py:123} INFO - ::group::Pre task execution logs
[2025-11-06T22:26:42.268+0000] {taskinstance.py:2631} INFO - Dependencies all met for dep_context=non-requeueable deps ti=<TaskInstance: input_data_dag.input_data scheduled__2024-05-01T00:00:00+00:00 [queued]>
[2025-11-06T22:26:42.278+0000] {taskinstance.py:2631} INFO - Dependencies all met for dep_context=requeueable deps ti=<TaskInstance: input_data_dag.input_data scheduled__2024-05-01T00:00:00+00:00 [queued]>
[2025-11-06T22:26:42.279+0000] {taskinstance.py:2884} INFO - Starting attempt 1 of 1
[2025-11-06T22:26:42.293+0000] {taskinstance.py:2907} INFO - Executing <Task(PythonOperator): input_data> on 2024-05-01 00:00:00+00:00
[2025-11-06T22:26:42.305+0000] {warnings.py:112} WARNING - /home/***/.local/lib/python3.12/site-packages/***/task/task_runner/standard_task_runner.py:70: DeprecationWarning: This process (pid=97) is multi-threaded, use of fork() may lead to deadlocks in the child.
  pid = os.fork()

[2025-11-06T22:26:42.307+0000] {standard_task_runner.py:72} INFO - Started process 156 to run task
[2025-11-06T22:26:42.308+0000] {standard_task_runner.py:104} INFO - Running: ['***', 'tasks', 'run', 'input_data_dag', 'input_data', 'scheduled__2024-05-01T00:00:00+00:00', '--job-id', '116', '--raw', '--subdir', 'DAGS_FOLDER/input_data_dag.py', '--cfg-path', '/tmp/tmpsmpmlxtt']
[2025-11-06T22:26:42.309+0000] {standard_task_runner.py:105} INFO - Job 116: Subtask input_data
[2025-11-06T22:26:42.358+0000] {task_command.py:467} INFO - Running <TaskInstance: input_data_dag.input_data scheduled__2024-05-01T00:00:00+00:00 [running]> on host 127da4241ae8
[2025-11-06T22:26:42.438+0000] {taskinstance.py:3157} INFO - Exporting env vars: AIRFLOW_CTX_DAG_OWNER='***' AIRFLOW_CTX_DAG_ID='input_data_dag' AIRFLOW_CTX_TASK_ID='input_data' AIRFLOW_CTX_EXECUTION_DATE='2024-05-01T00:00:00+00:00' AIRFLOW_CTX_TRY_NUMBER='1' AIRFLOW_CTX_DAG_RUN_ID='scheduled__2024-05-01T00:00:00+00:00'
[2025-11-06T22:26:42.439+0000] {logging_mixin.py:190} INFO - Task instance is in running state
[2025-11-06T22:26:42.440+0000] {logging_mixin.py:190} INFO -  Previous state of the Task instance: queued
[2025-11-06T22:26:42.440+0000] {logging_mixin.py:190} INFO - Current task name:input_data state:running start_date:2025-11-06 22:26:42.268793+00:00
[2025-11-06T22:26:42.441+0000] {logging_mixin.py:190} INFO - Dag name:input_data_dag and current dag run status:running
[2025-11-06T22:26:42.441+0000] {taskinstance.py:740} INFO - ::endgroup::
[2025-11-06T22:26:43.376+0000] {python.py:240} INFO - Done. Returned value was: None
[2025-11-06T22:26:43.385+0000] {taskinstance.py:349} INFO - ::group::Post task execution logs
[2025-11-06T22:26:43.386+0000] {taskinstance.py:361} INFO - Marking task as SUCCESS. dag_id=input_data_dag, task_id=input_data, run_id=scheduled__2024-05-01T00:00:00+00:00, execution_date=20240501T000000, start_date=20251106T222642, end_date=20251106T222643
[2025-11-06T22:26:43.407+0000] {logging_mixin.py:190} INFO - Task instance in success state
[2025-11-06T22:26:43.408+0000] {logging_mixin.py:190} INFO -  Previous state of the Task instance: running
[2025-11-06T22:26:43.408+0000] {logging_mixin.py:190} INFO - Dag name:input_data_dag queued_at:2025-11-06 22:25:52.438040+00:00
[2025-11-06T22:26:43.408+0000] {logging_mixin.py:190} INFO - Task hostname:127da4241ae8 operator:PythonOperator
[2025-11-06T22:26:43.444+0000] {local_task_job_runner.py:266} INFO - Task exited with return code 0
[2025-11-06T22:26:43.455+0000] {taskinstance.py:3924} INFO - 0 downstream tasks scheduled from follow-on schedule check
[2025-11-06T22:26:43.458+0000] {local_task_job_runner.py:245} INFO - ::endgroup::
