[2025-11-10T23:41:41.956+0000] {processor.py:186} INFO - Started process (PID=113) to work on /home/airflow/.local/lib/python3.12/site-packages/airflow/example_dags/example_latest_only_with_trigger.py
[2025-11-10T23:41:41.956+0000] {processor.py:914} INFO - Processing file /home/airflow/.local/lib/python3.12/site-packages/airflow/example_dags/example_latest_only_with_trigger.py for tasks to queue
[2025-11-10T23:41:41.958+0000] {logging_mixin.py:190} INFO - [2025-11-10T23:41:41.957+0000] {dagbag.py:588} INFO - Filling up the DagBag from /home/airflow/.local/lib/python3.12/site-packages/airflow/example_dags/example_latest_only_with_trigger.py
[2025-11-10T23:41:41.963+0000] {processor.py:925} INFO - DAG(s) 'latest_only_with_trigger' retrieved from /home/airflow/.local/lib/python3.12/site-packages/airflow/example_dags/example_latest_only_with_trigger.py
[2025-11-10T23:41:41.977+0000] {logging_mixin.py:190} INFO - [2025-11-10T23:41:41.976+0000] {dag.py:3239} INFO - Sync 1 DAGs
[2025-11-10T23:41:41.990+0000] {logging_mixin.py:190} INFO - [2025-11-10T23:41:41.990+0000] {dag.py:4180} INFO - Setting next_dagrun for latest_only_with_trigger to 2025-11-10 16:00:00+00:00, run_after=2025-11-10 20:00:00+00:00
[2025-11-10T23:41:42.003+0000] {processor.py:208} INFO - Processing /home/airflow/.local/lib/python3.12/site-packages/airflow/example_dags/example_latest_only_with_trigger.py took 0.051 seconds
[2025-11-10T23:42:46.291+0000] {processor.py:186} INFO - Started process (PID=88) to work on /home/airflow/.local/lib/python3.12/site-packages/airflow/example_dags/example_latest_only_with_trigger.py
[2025-11-10T23:42:46.292+0000] {processor.py:914} INFO - Processing file /home/airflow/.local/lib/python3.12/site-packages/airflow/example_dags/example_latest_only_with_trigger.py for tasks to queue
[2025-11-10T23:42:46.293+0000] {logging_mixin.py:190} INFO - [2025-11-10T23:42:46.293+0000] {dagbag.py:588} INFO - Filling up the DagBag from /home/airflow/.local/lib/python3.12/site-packages/airflow/example_dags/example_latest_only_with_trigger.py
[2025-11-10T23:42:46.297+0000] {processor.py:925} INFO - DAG(s) 'latest_only_with_trigger' retrieved from /home/airflow/.local/lib/python3.12/site-packages/airflow/example_dags/example_latest_only_with_trigger.py
[2025-11-10T23:42:46.314+0000] {logging_mixin.py:190} INFO - [2025-11-10T23:42:46.314+0000] {dag.py:3239} INFO - Sync 1 DAGs
[2025-11-10T23:42:46.327+0000] {logging_mixin.py:190} INFO - [2025-11-10T23:42:46.327+0000] {dag.py:4180} INFO - Setting next_dagrun for latest_only_with_trigger to 2025-11-10 16:00:00+00:00, run_after=2025-11-10 20:00:00+00:00
[2025-11-10T23:42:46.343+0000] {processor.py:208} INFO - Processing /home/airflow/.local/lib/python3.12/site-packages/airflow/example_dags/example_latest_only_with_trigger.py took 0.055 seconds
[2025-11-10T23:43:17.699+0000] {processor.py:186} INFO - Started process (PID=152) to work on /home/airflow/.local/lib/python3.12/site-packages/airflow/example_dags/example_latest_only_with_trigger.py
[2025-11-10T23:43:17.700+0000] {processor.py:914} INFO - Processing file /home/airflow/.local/lib/python3.12/site-packages/airflow/example_dags/example_latest_only_with_trigger.py for tasks to queue
[2025-11-10T23:43:17.701+0000] {logging_mixin.py:190} INFO - [2025-11-10T23:43:17.701+0000] {dagbag.py:588} INFO - Filling up the DagBag from /home/airflow/.local/lib/python3.12/site-packages/airflow/example_dags/example_latest_only_with_trigger.py
[2025-11-10T23:43:17.705+0000] {processor.py:925} INFO - DAG(s) 'latest_only_with_trigger' retrieved from /home/airflow/.local/lib/python3.12/site-packages/airflow/example_dags/example_latest_only_with_trigger.py
[2025-11-10T23:43:17.717+0000] {logging_mixin.py:190} INFO - [2025-11-10T23:43:17.717+0000] {dag.py:3239} INFO - Sync 1 DAGs
[2025-11-10T23:43:17.730+0000] {logging_mixin.py:190} INFO - [2025-11-10T23:43:17.730+0000] {dag.py:4180} INFO - Setting next_dagrun for latest_only_with_trigger to 2025-11-10 16:00:00+00:00, run_after=2025-11-10 20:00:00+00:00
[2025-11-10T23:43:17.750+0000] {processor.py:208} INFO - Processing /home/airflow/.local/lib/python3.12/site-packages/airflow/example_dags/example_latest_only_with_trigger.py took 0.055 seconds
[2025-11-10T23:43:49.190+0000] {processor.py:186} INFO - Started process (PID=216) to work on /home/airflow/.local/lib/python3.12/site-packages/airflow/example_dags/example_latest_only_with_trigger.py
[2025-11-10T23:43:49.190+0000] {processor.py:914} INFO - Processing file /home/airflow/.local/lib/python3.12/site-packages/airflow/example_dags/example_latest_only_with_trigger.py for tasks to queue
[2025-11-10T23:43:49.192+0000] {logging_mixin.py:190} INFO - [2025-11-10T23:43:49.192+0000] {dagbag.py:588} INFO - Filling up the DagBag from /home/airflow/.local/lib/python3.12/site-packages/airflow/example_dags/example_latest_only_with_trigger.py
[2025-11-10T23:43:49.197+0000] {processor.py:925} INFO - DAG(s) 'latest_only_with_trigger' retrieved from /home/airflow/.local/lib/python3.12/site-packages/airflow/example_dags/example_latest_only_with_trigger.py
[2025-11-10T23:43:49.210+0000] {logging_mixin.py:190} INFO - [2025-11-10T23:43:49.210+0000] {dag.py:3239} INFO - Sync 1 DAGs
[2025-11-10T23:43:49.225+0000] {logging_mixin.py:190} INFO - [2025-11-10T23:43:49.225+0000] {dag.py:4180} INFO - Setting next_dagrun for latest_only_with_trigger to 2025-11-10 16:00:00+00:00, run_after=2025-11-10 20:00:00+00:00
[2025-11-10T23:43:49.239+0000] {processor.py:208} INFO - Processing /home/airflow/.local/lib/python3.12/site-packages/airflow/example_dags/example_latest_only_with_trigger.py took 0.053 seconds
[2025-11-10T23:44:20.883+0000] {processor.py:186} INFO - Started process (PID=280) to work on /home/airflow/.local/lib/python3.12/site-packages/airflow/example_dags/example_latest_only_with_trigger.py
[2025-11-10T23:44:20.884+0000] {processor.py:914} INFO - Processing file /home/airflow/.local/lib/python3.12/site-packages/airflow/example_dags/example_latest_only_with_trigger.py for tasks to queue
[2025-11-10T23:44:20.885+0000] {logging_mixin.py:190} INFO - [2025-11-10T23:44:20.885+0000] {dagbag.py:588} INFO - Filling up the DagBag from /home/airflow/.local/lib/python3.12/site-packages/airflow/example_dags/example_latest_only_with_trigger.py
[2025-11-10T23:44:20.891+0000] {processor.py:925} INFO - DAG(s) 'latest_only_with_trigger' retrieved from /home/airflow/.local/lib/python3.12/site-packages/airflow/example_dags/example_latest_only_with_trigger.py
[2025-11-10T23:44:20.913+0000] {logging_mixin.py:190} INFO - [2025-11-10T23:44:20.913+0000] {dag.py:3239} INFO - Sync 1 DAGs
[2025-11-10T23:44:20.925+0000] {logging_mixin.py:190} INFO - [2025-11-10T23:44:20.925+0000] {dag.py:4180} INFO - Setting next_dagrun for latest_only_with_trigger to 2025-11-10 16:00:00+00:00, run_after=2025-11-10 20:00:00+00:00
[2025-11-10T23:44:20.945+0000] {processor.py:208} INFO - Processing /home/airflow/.local/lib/python3.12/site-packages/airflow/example_dags/example_latest_only_with_trigger.py took 0.066 seconds
[2025-11-10T23:44:52.682+0000] {processor.py:186} INFO - Started process (PID=344) to work on /home/airflow/.local/lib/python3.12/site-packages/airflow/example_dags/example_latest_only_with_trigger.py
[2025-11-10T23:44:52.683+0000] {processor.py:914} INFO - Processing file /home/airflow/.local/lib/python3.12/site-packages/airflow/example_dags/example_latest_only_with_trigger.py for tasks to queue
[2025-11-10T23:44:52.684+0000] {logging_mixin.py:190} INFO - [2025-11-10T23:44:52.684+0000] {dagbag.py:588} INFO - Filling up the DagBag from /home/airflow/.local/lib/python3.12/site-packages/airflow/example_dags/example_latest_only_with_trigger.py
[2025-11-10T23:44:52.689+0000] {processor.py:925} INFO - DAG(s) 'latest_only_with_trigger' retrieved from /home/airflow/.local/lib/python3.12/site-packages/airflow/example_dags/example_latest_only_with_trigger.py
[2025-11-10T23:44:52.700+0000] {logging_mixin.py:190} INFO - [2025-11-10T23:44:52.700+0000] {dag.py:3239} INFO - Sync 1 DAGs
[2025-11-10T23:44:52.717+0000] {logging_mixin.py:190} INFO - [2025-11-10T23:44:52.717+0000] {dag.py:4180} INFO - Setting next_dagrun for latest_only_with_trigger to 2025-11-10 16:00:00+00:00, run_after=2025-11-10 20:00:00+00:00
[2025-11-10T23:44:52.740+0000] {processor.py:208} INFO - Processing /home/airflow/.local/lib/python3.12/site-packages/airflow/example_dags/example_latest_only_with_trigger.py took 0.061 seconds
[2025-11-10T23:45:25.567+0000] {processor.py:186} INFO - Started process (PID=408) to work on /home/airflow/.local/lib/python3.12/site-packages/airflow/example_dags/example_latest_only_with_trigger.py
[2025-11-10T23:45:25.567+0000] {processor.py:914} INFO - Processing file /home/airflow/.local/lib/python3.12/site-packages/airflow/example_dags/example_latest_only_with_trigger.py for tasks to queue
[2025-11-10T23:45:25.569+0000] {logging_mixin.py:190} INFO - [2025-11-10T23:45:25.568+0000] {dagbag.py:588} INFO - Filling up the DagBag from /home/airflow/.local/lib/python3.12/site-packages/airflow/example_dags/example_latest_only_with_trigger.py
[2025-11-10T23:45:25.573+0000] {processor.py:925} INFO - DAG(s) 'latest_only_with_trigger' retrieved from /home/airflow/.local/lib/python3.12/site-packages/airflow/example_dags/example_latest_only_with_trigger.py
[2025-11-10T23:45:25.590+0000] {logging_mixin.py:190} INFO - [2025-11-10T23:45:25.590+0000] {dag.py:3239} INFO - Sync 1 DAGs
[2025-11-10T23:45:25.604+0000] {logging_mixin.py:190} INFO - [2025-11-10T23:45:25.604+0000] {dag.py:4180} INFO - Setting next_dagrun for latest_only_with_trigger to 2025-11-10 16:00:00+00:00, run_after=2025-11-10 20:00:00+00:00
[2025-11-10T23:45:25.615+0000] {processor.py:208} INFO - Processing /home/airflow/.local/lib/python3.12/site-packages/airflow/example_dags/example_latest_only_with_trigger.py took 0.052 seconds
[2025-11-10T23:45:59.733+0000] {processor.py:186} INFO - Started process (PID=472) to work on /home/airflow/.local/lib/python3.12/site-packages/airflow/example_dags/example_latest_only_with_trigger.py
[2025-11-10T23:45:59.733+0000] {processor.py:914} INFO - Processing file /home/airflow/.local/lib/python3.12/site-packages/airflow/example_dags/example_latest_only_with_trigger.py for tasks to queue
[2025-11-10T23:45:59.735+0000] {logging_mixin.py:190} INFO - [2025-11-10T23:45:59.735+0000] {dagbag.py:588} INFO - Filling up the DagBag from /home/airflow/.local/lib/python3.12/site-packages/airflow/example_dags/example_latest_only_with_trigger.py
[2025-11-10T23:45:59.739+0000] {processor.py:925} INFO - DAG(s) 'latest_only_with_trigger' retrieved from /home/airflow/.local/lib/python3.12/site-packages/airflow/example_dags/example_latest_only_with_trigger.py
[2025-11-10T23:45:59.751+0000] {logging_mixin.py:190} INFO - [2025-11-10T23:45:59.751+0000] {dag.py:3239} INFO - Sync 1 DAGs
[2025-11-10T23:45:59.763+0000] {logging_mixin.py:190} INFO - [2025-11-10T23:45:59.763+0000] {dag.py:4180} INFO - Setting next_dagrun for latest_only_with_trigger to 2025-11-10 16:00:00+00:00, run_after=2025-11-10 20:00:00+00:00
[2025-11-10T23:45:59.781+0000] {processor.py:208} INFO - Processing /home/airflow/.local/lib/python3.12/site-packages/airflow/example_dags/example_latest_only_with_trigger.py took 0.052 seconds
[2025-11-10T23:46:30.355+0000] {processor.py:186} INFO - Started process (PID=536) to work on /home/airflow/.local/lib/python3.12/site-packages/airflow/example_dags/example_latest_only_with_trigger.py
[2025-11-10T23:46:30.356+0000] {processor.py:914} INFO - Processing file /home/airflow/.local/lib/python3.12/site-packages/airflow/example_dags/example_latest_only_with_trigger.py for tasks to queue
[2025-11-10T23:46:30.357+0000] {logging_mixin.py:190} INFO - [2025-11-10T23:46:30.357+0000] {dagbag.py:588} INFO - Filling up the DagBag from /home/airflow/.local/lib/python3.12/site-packages/airflow/example_dags/example_latest_only_with_trigger.py
[2025-11-10T23:46:30.362+0000] {processor.py:925} INFO - DAG(s) 'latest_only_with_trigger' retrieved from /home/airflow/.local/lib/python3.12/site-packages/airflow/example_dags/example_latest_only_with_trigger.py
[2025-11-10T23:46:30.375+0000] {logging_mixin.py:190} INFO - [2025-11-10T23:46:30.375+0000] {dag.py:3239} INFO - Sync 1 DAGs
[2025-11-10T23:46:30.390+0000] {logging_mixin.py:190} INFO - [2025-11-10T23:46:30.390+0000] {dag.py:4180} INFO - Setting next_dagrun for latest_only_with_trigger to 2025-11-10 16:00:00+00:00, run_after=2025-11-10 20:00:00+00:00
[2025-11-10T23:46:30.405+0000] {processor.py:208} INFO - Processing /home/airflow/.local/lib/python3.12/site-packages/airflow/example_dags/example_latest_only_with_trigger.py took 0.056 seconds
[2025-11-10T23:47:01.400+0000] {processor.py:186} INFO - Started process (PID=600) to work on /home/airflow/.local/lib/python3.12/site-packages/airflow/example_dags/example_latest_only_with_trigger.py
[2025-11-10T23:47:01.401+0000] {processor.py:914} INFO - Processing file /home/airflow/.local/lib/python3.12/site-packages/airflow/example_dags/example_latest_only_with_trigger.py for tasks to queue
[2025-11-10T23:47:01.402+0000] {logging_mixin.py:190} INFO - [2025-11-10T23:47:01.402+0000] {dagbag.py:588} INFO - Filling up the DagBag from /home/airflow/.local/lib/python3.12/site-packages/airflow/example_dags/example_latest_only_with_trigger.py
[2025-11-10T23:47:01.407+0000] {processor.py:925} INFO - DAG(s) 'latest_only_with_trigger' retrieved from /home/airflow/.local/lib/python3.12/site-packages/airflow/example_dags/example_latest_only_with_trigger.py
[2025-11-10T23:47:01.421+0000] {logging_mixin.py:190} INFO - [2025-11-10T23:47:01.421+0000] {dag.py:3239} INFO - Sync 1 DAGs
[2025-11-10T23:47:01.436+0000] {logging_mixin.py:190} INFO - [2025-11-10T23:47:01.436+0000] {dag.py:4180} INFO - Setting next_dagrun for latest_only_with_trigger to 2025-11-10 16:00:00+00:00, run_after=2025-11-10 20:00:00+00:00
[2025-11-10T23:47:01.450+0000] {processor.py:208} INFO - Processing /home/airflow/.local/lib/python3.12/site-packages/airflow/example_dags/example_latest_only_with_trigger.py took 0.053 seconds
[2025-11-10T23:47:32.425+0000] {processor.py:186} INFO - Started process (PID=664) to work on /home/airflow/.local/lib/python3.12/site-packages/airflow/example_dags/example_latest_only_with_trigger.py
[2025-11-10T23:47:32.427+0000] {processor.py:914} INFO - Processing file /home/airflow/.local/lib/python3.12/site-packages/airflow/example_dags/example_latest_only_with_trigger.py for tasks to queue
[2025-11-10T23:47:32.428+0000] {logging_mixin.py:190} INFO - [2025-11-10T23:47:32.428+0000] {dagbag.py:588} INFO - Filling up the DagBag from /home/airflow/.local/lib/python3.12/site-packages/airflow/example_dags/example_latest_only_with_trigger.py
[2025-11-10T23:47:32.432+0000] {processor.py:925} INFO - DAG(s) 'latest_only_with_trigger' retrieved from /home/airflow/.local/lib/python3.12/site-packages/airflow/example_dags/example_latest_only_with_trigger.py
[2025-11-10T23:47:32.443+0000] {logging_mixin.py:190} INFO - [2025-11-10T23:47:32.443+0000] {dag.py:3239} INFO - Sync 1 DAGs
[2025-11-10T23:47:32.457+0000] {logging_mixin.py:190} INFO - [2025-11-10T23:47:32.456+0000] {dag.py:4180} INFO - Setting next_dagrun for latest_only_with_trigger to 2025-11-10 16:00:00+00:00, run_after=2025-11-10 20:00:00+00:00
[2025-11-10T23:47:32.467+0000] {processor.py:208} INFO - Processing /home/airflow/.local/lib/python3.12/site-packages/airflow/example_dags/example_latest_only_with_trigger.py took 0.047 seconds
[2025-11-10T23:48:04.236+0000] {processor.py:186} INFO - Started process (PID=732) to work on /home/airflow/.local/lib/python3.12/site-packages/airflow/example_dags/example_latest_only_with_trigger.py
[2025-11-10T23:48:04.237+0000] {processor.py:914} INFO - Processing file /home/airflow/.local/lib/python3.12/site-packages/airflow/example_dags/example_latest_only_with_trigger.py for tasks to queue
[2025-11-10T23:48:04.238+0000] {logging_mixin.py:190} INFO - [2025-11-10T23:48:04.238+0000] {dagbag.py:588} INFO - Filling up the DagBag from /home/airflow/.local/lib/python3.12/site-packages/airflow/example_dags/example_latest_only_with_trigger.py
[2025-11-10T23:48:04.243+0000] {processor.py:925} INFO - DAG(s) 'latest_only_with_trigger' retrieved from /home/airflow/.local/lib/python3.12/site-packages/airflow/example_dags/example_latest_only_with_trigger.py
[2025-11-10T23:48:04.254+0000] {logging_mixin.py:190} INFO - [2025-11-10T23:48:04.254+0000] {dag.py:3239} INFO - Sync 1 DAGs
[2025-11-10T23:48:04.268+0000] {logging_mixin.py:190} INFO - [2025-11-10T23:48:04.268+0000] {dag.py:4180} INFO - Setting next_dagrun for latest_only_with_trigger to 2025-11-10 16:00:00+00:00, run_after=2025-11-10 20:00:00+00:00
[2025-11-10T23:48:04.279+0000] {processor.py:208} INFO - Processing /home/airflow/.local/lib/python3.12/site-packages/airflow/example_dags/example_latest_only_with_trigger.py took 0.047 seconds
[2025-11-10T23:48:35.521+0000] {processor.py:186} INFO - Started process (PID=797) to work on /home/airflow/.local/lib/python3.12/site-packages/airflow/example_dags/example_latest_only_with_trigger.py
[2025-11-10T23:48:35.522+0000] {processor.py:914} INFO - Processing file /home/airflow/.local/lib/python3.12/site-packages/airflow/example_dags/example_latest_only_with_trigger.py for tasks to queue
[2025-11-10T23:48:35.523+0000] {logging_mixin.py:190} INFO - [2025-11-10T23:48:35.523+0000] {dagbag.py:588} INFO - Filling up the DagBag from /home/airflow/.local/lib/python3.12/site-packages/airflow/example_dags/example_latest_only_with_trigger.py
[2025-11-10T23:48:35.528+0000] {processor.py:925} INFO - DAG(s) 'latest_only_with_trigger' retrieved from /home/airflow/.local/lib/python3.12/site-packages/airflow/example_dags/example_latest_only_with_trigger.py
[2025-11-10T23:48:35.540+0000] {logging_mixin.py:190} INFO - [2025-11-10T23:48:35.539+0000] {dag.py:3239} INFO - Sync 1 DAGs
[2025-11-10T23:48:35.554+0000] {logging_mixin.py:190} INFO - [2025-11-10T23:48:35.553+0000] {dag.py:4180} INFO - Setting next_dagrun for latest_only_with_trigger to 2025-11-10 16:00:00+00:00, run_after=2025-11-10 20:00:00+00:00
[2025-11-10T23:48:35.565+0000] {processor.py:208} INFO - Processing /home/airflow/.local/lib/python3.12/site-packages/airflow/example_dags/example_latest_only_with_trigger.py took 0.048 seconds
[2025-11-10T23:49:06.064+0000] {processor.py:186} INFO - Started process (PID=862) to work on /home/airflow/.local/lib/python3.12/site-packages/airflow/example_dags/example_latest_only_with_trigger.py
[2025-11-10T23:49:06.065+0000] {processor.py:914} INFO - Processing file /home/airflow/.local/lib/python3.12/site-packages/airflow/example_dags/example_latest_only_with_trigger.py for tasks to queue
[2025-11-10T23:49:06.066+0000] {logging_mixin.py:190} INFO - [2025-11-10T23:49:06.066+0000] {dagbag.py:588} INFO - Filling up the DagBag from /home/airflow/.local/lib/python3.12/site-packages/airflow/example_dags/example_latest_only_with_trigger.py
[2025-11-10T23:49:06.071+0000] {processor.py:925} INFO - DAG(s) 'latest_only_with_trigger' retrieved from /home/airflow/.local/lib/python3.12/site-packages/airflow/example_dags/example_latest_only_with_trigger.py
[2025-11-10T23:49:06.084+0000] {logging_mixin.py:190} INFO - [2025-11-10T23:49:06.083+0000] {dag.py:3239} INFO - Sync 1 DAGs
[2025-11-10T23:49:06.097+0000] {logging_mixin.py:190} INFO - [2025-11-10T23:49:06.097+0000] {dag.py:4180} INFO - Setting next_dagrun for latest_only_with_trigger to 2025-11-10 16:00:00+00:00, run_after=2025-11-10 20:00:00+00:00
[2025-11-10T23:49:06.111+0000] {processor.py:208} INFO - Processing /home/airflow/.local/lib/python3.12/site-packages/airflow/example_dags/example_latest_only_with_trigger.py took 0.051 seconds
[2025-11-10T23:49:36.732+0000] {processor.py:186} INFO - Started process (PID=929) to work on /home/airflow/.local/lib/python3.12/site-packages/airflow/example_dags/example_latest_only_with_trigger.py
[2025-11-10T23:49:36.734+0000] {processor.py:914} INFO - Processing file /home/airflow/.local/lib/python3.12/site-packages/airflow/example_dags/example_latest_only_with_trigger.py for tasks to queue
[2025-11-10T23:49:36.737+0000] {logging_mixin.py:190} INFO - [2025-11-10T23:49:36.737+0000] {dagbag.py:588} INFO - Filling up the DagBag from /home/airflow/.local/lib/python3.12/site-packages/airflow/example_dags/example_latest_only_with_trigger.py
[2025-11-10T23:49:36.744+0000] {processor.py:925} INFO - DAG(s) 'latest_only_with_trigger' retrieved from /home/airflow/.local/lib/python3.12/site-packages/airflow/example_dags/example_latest_only_with_trigger.py
[2025-11-10T23:49:36.762+0000] {logging_mixin.py:190} INFO - [2025-11-10T23:49:36.762+0000] {dag.py:3239} INFO - Sync 1 DAGs
[2025-11-10T23:49:36.785+0000] {logging_mixin.py:190} INFO - [2025-11-10T23:49:36.784+0000] {dag.py:4180} INFO - Setting next_dagrun for latest_only_with_trigger to 2025-11-10 16:00:00+00:00, run_after=2025-11-10 20:00:00+00:00
[2025-11-10T23:49:36.811+0000] {processor.py:208} INFO - Processing /home/airflow/.local/lib/python3.12/site-packages/airflow/example_dags/example_latest_only_with_trigger.py took 0.085 seconds
[2025-11-10T23:50:07.255+0000] {processor.py:186} INFO - Started process (PID=998) to work on /home/airflow/.local/lib/python3.12/site-packages/airflow/example_dags/example_latest_only_with_trigger.py
[2025-11-10T23:50:07.256+0000] {processor.py:914} INFO - Processing file /home/airflow/.local/lib/python3.12/site-packages/airflow/example_dags/example_latest_only_with_trigger.py for tasks to queue
[2025-11-10T23:50:07.257+0000] {logging_mixin.py:190} INFO - [2025-11-10T23:50:07.257+0000] {dagbag.py:588} INFO - Filling up the DagBag from /home/airflow/.local/lib/python3.12/site-packages/airflow/example_dags/example_latest_only_with_trigger.py
[2025-11-10T23:50:07.261+0000] {processor.py:925} INFO - DAG(s) 'latest_only_with_trigger' retrieved from /home/airflow/.local/lib/python3.12/site-packages/airflow/example_dags/example_latest_only_with_trigger.py
[2025-11-10T23:50:07.274+0000] {logging_mixin.py:190} INFO - [2025-11-10T23:50:07.274+0000] {dag.py:3239} INFO - Sync 1 DAGs
[2025-11-10T23:50:07.289+0000] {logging_mixin.py:190} INFO - [2025-11-10T23:50:07.289+0000] {dag.py:4180} INFO - Setting next_dagrun for latest_only_with_trigger to 2025-11-10 16:00:00+00:00, run_after=2025-11-10 20:00:00+00:00
[2025-11-10T23:50:07.301+0000] {processor.py:208} INFO - Processing /home/airflow/.local/lib/python3.12/site-packages/airflow/example_dags/example_latest_only_with_trigger.py took 0.051 seconds
[2025-11-10T23:50:37.838+0000] {processor.py:186} INFO - Started process (PID=1064) to work on /home/airflow/.local/lib/python3.12/site-packages/airflow/example_dags/example_latest_only_with_trigger.py
[2025-11-10T23:50:37.839+0000] {processor.py:914} INFO - Processing file /home/airflow/.local/lib/python3.12/site-packages/airflow/example_dags/example_latest_only_with_trigger.py for tasks to queue
[2025-11-10T23:50:37.841+0000] {logging_mixin.py:190} INFO - [2025-11-10T23:50:37.841+0000] {dagbag.py:588} INFO - Filling up the DagBag from /home/airflow/.local/lib/python3.12/site-packages/airflow/example_dags/example_latest_only_with_trigger.py
[2025-11-10T23:50:37.848+0000] {processor.py:925} INFO - DAG(s) 'latest_only_with_trigger' retrieved from /home/airflow/.local/lib/python3.12/site-packages/airflow/example_dags/example_latest_only_with_trigger.py
[2025-11-10T23:50:37.867+0000] {logging_mixin.py:190} INFO - [2025-11-10T23:50:37.867+0000] {dag.py:3239} INFO - Sync 1 DAGs
[2025-11-10T23:50:37.886+0000] {logging_mixin.py:190} INFO - [2025-11-10T23:50:37.886+0000] {dag.py:4180} INFO - Setting next_dagrun for latest_only_with_trigger to 2025-11-10 16:00:00+00:00, run_after=2025-11-10 20:00:00+00:00
[2025-11-10T23:50:37.907+0000] {processor.py:208} INFO - Processing /home/airflow/.local/lib/python3.12/site-packages/airflow/example_dags/example_latest_only_with_trigger.py took 0.079 seconds
[2025-11-10T23:51:08.956+0000] {processor.py:186} INFO - Started process (PID=1131) to work on /home/airflow/.local/lib/python3.12/site-packages/airflow/example_dags/example_latest_only_with_trigger.py
[2025-11-10T23:51:08.956+0000] {processor.py:914} INFO - Processing file /home/airflow/.local/lib/python3.12/site-packages/airflow/example_dags/example_latest_only_with_trigger.py for tasks to queue
[2025-11-10T23:51:08.958+0000] {logging_mixin.py:190} INFO - [2025-11-10T23:51:08.958+0000] {dagbag.py:588} INFO - Filling up the DagBag from /home/airflow/.local/lib/python3.12/site-packages/airflow/example_dags/example_latest_only_with_trigger.py
[2025-11-10T23:51:08.963+0000] {processor.py:925} INFO - DAG(s) 'latest_only_with_trigger' retrieved from /home/airflow/.local/lib/python3.12/site-packages/airflow/example_dags/example_latest_only_with_trigger.py
[2025-11-10T23:51:08.977+0000] {logging_mixin.py:190} INFO - [2025-11-10T23:51:08.977+0000] {dag.py:3239} INFO - Sync 1 DAGs
[2025-11-10T23:51:08.994+0000] {logging_mixin.py:190} INFO - [2025-11-10T23:51:08.994+0000] {dag.py:4180} INFO - Setting next_dagrun for latest_only_with_trigger to 2025-11-10 16:00:00+00:00, run_after=2025-11-10 20:00:00+00:00
[2025-11-10T23:51:09.007+0000] {processor.py:208} INFO - Processing /home/airflow/.local/lib/python3.12/site-packages/airflow/example_dags/example_latest_only_with_trigger.py took 0.056 seconds
[2025-11-10T23:51:39.262+0000] {processor.py:186} INFO - Started process (PID=1198) to work on /home/airflow/.local/lib/python3.12/site-packages/airflow/example_dags/example_latest_only_with_trigger.py
[2025-11-10T23:51:39.264+0000] {processor.py:914} INFO - Processing file /home/airflow/.local/lib/python3.12/site-packages/airflow/example_dags/example_latest_only_with_trigger.py for tasks to queue
[2025-11-10T23:51:39.265+0000] {logging_mixin.py:190} INFO - [2025-11-10T23:51:39.265+0000] {dagbag.py:588} INFO - Filling up the DagBag from /home/airflow/.local/lib/python3.12/site-packages/airflow/example_dags/example_latest_only_with_trigger.py
[2025-11-10T23:51:39.270+0000] {processor.py:925} INFO - DAG(s) 'latest_only_with_trigger' retrieved from /home/airflow/.local/lib/python3.12/site-packages/airflow/example_dags/example_latest_only_with_trigger.py
[2025-11-10T23:51:39.283+0000] {logging_mixin.py:190} INFO - [2025-11-10T23:51:39.283+0000] {dag.py:3239} INFO - Sync 1 DAGs
[2025-11-10T23:51:39.296+0000] {logging_mixin.py:190} INFO - [2025-11-10T23:51:39.296+0000] {dag.py:4180} INFO - Setting next_dagrun for latest_only_with_trigger to 2025-11-10 16:00:00+00:00, run_after=2025-11-10 20:00:00+00:00
[2025-11-10T23:51:39.308+0000] {processor.py:208} INFO - Processing /home/airflow/.local/lib/python3.12/site-packages/airflow/example_dags/example_latest_only_with_trigger.py took 0.051 seconds
[2025-11-10T23:52:11.670+0000] {processor.py:186} INFO - Started process (PID=1264) to work on /home/airflow/.local/lib/python3.12/site-packages/airflow/example_dags/example_latest_only_with_trigger.py
[2025-11-10T23:52:11.670+0000] {processor.py:914} INFO - Processing file /home/airflow/.local/lib/python3.12/site-packages/airflow/example_dags/example_latest_only_with_trigger.py for tasks to queue
[2025-11-10T23:52:11.674+0000] {logging_mixin.py:190} INFO - [2025-11-10T23:52:11.672+0000] {dagbag.py:588} INFO - Filling up the DagBag from /home/airflow/.local/lib/python3.12/site-packages/airflow/example_dags/example_latest_only_with_trigger.py
[2025-11-10T23:52:11.688+0000] {processor.py:925} INFO - DAG(s) 'latest_only_with_trigger' retrieved from /home/airflow/.local/lib/python3.12/site-packages/airflow/example_dags/example_latest_only_with_trigger.py
[2025-11-10T23:52:11.704+0000] {logging_mixin.py:190} INFO - [2025-11-10T23:52:11.704+0000] {dag.py:3239} INFO - Sync 1 DAGs
[2025-11-10T23:52:11.718+0000] {logging_mixin.py:190} INFO - [2025-11-10T23:52:11.718+0000] {dag.py:4180} INFO - Setting next_dagrun for latest_only_with_trigger to 2025-11-10 16:00:00+00:00, run_after=2025-11-10 20:00:00+00:00
[2025-11-10T23:52:11.732+0000] {processor.py:208} INFO - Processing /home/airflow/.local/lib/python3.12/site-packages/airflow/example_dags/example_latest_only_with_trigger.py took 0.068 seconds
[2025-11-10T23:52:42.298+0000] {processor.py:186} INFO - Started process (PID=1330) to work on /home/airflow/.local/lib/python3.12/site-packages/airflow/example_dags/example_latest_only_with_trigger.py
[2025-11-10T23:52:42.298+0000] {processor.py:914} INFO - Processing file /home/airflow/.local/lib/python3.12/site-packages/airflow/example_dags/example_latest_only_with_trigger.py for tasks to queue
[2025-11-10T23:52:42.300+0000] {logging_mixin.py:190} INFO - [2025-11-10T23:52:42.300+0000] {dagbag.py:588} INFO - Filling up the DagBag from /home/airflow/.local/lib/python3.12/site-packages/airflow/example_dags/example_latest_only_with_trigger.py
[2025-11-10T23:52:42.306+0000] {processor.py:925} INFO - DAG(s) 'latest_only_with_trigger' retrieved from /home/airflow/.local/lib/python3.12/site-packages/airflow/example_dags/example_latest_only_with_trigger.py
[2025-11-10T23:52:42.317+0000] {logging_mixin.py:190} INFO - [2025-11-10T23:52:42.317+0000] {dag.py:3239} INFO - Sync 1 DAGs
[2025-11-10T23:52:42.331+0000] {logging_mixin.py:190} INFO - [2025-11-10T23:52:42.330+0000] {dag.py:4180} INFO - Setting next_dagrun for latest_only_with_trigger to 2025-11-10 16:00:00+00:00, run_after=2025-11-10 20:00:00+00:00
[2025-11-10T23:52:42.340+0000] {processor.py:208} INFO - Processing /home/airflow/.local/lib/python3.12/site-packages/airflow/example_dags/example_latest_only_with_trigger.py took 0.046 seconds
[2025-11-10T23:53:13.976+0000] {processor.py:186} INFO - Started process (PID=1402) to work on /home/airflow/.local/lib/python3.12/site-packages/airflow/example_dags/example_latest_only_with_trigger.py
[2025-11-10T23:53:13.977+0000] {processor.py:914} INFO - Processing file /home/airflow/.local/lib/python3.12/site-packages/airflow/example_dags/example_latest_only_with_trigger.py for tasks to queue
[2025-11-10T23:53:13.978+0000] {logging_mixin.py:190} INFO - [2025-11-10T23:53:13.978+0000] {dagbag.py:588} INFO - Filling up the DagBag from /home/airflow/.local/lib/python3.12/site-packages/airflow/example_dags/example_latest_only_with_trigger.py
[2025-11-10T23:53:13.983+0000] {processor.py:925} INFO - DAG(s) 'latest_only_with_trigger' retrieved from /home/airflow/.local/lib/python3.12/site-packages/airflow/example_dags/example_latest_only_with_trigger.py
[2025-11-10T23:53:13.997+0000] {logging_mixin.py:190} INFO - [2025-11-10T23:53:13.997+0000] {dag.py:3239} INFO - Sync 1 DAGs
[2025-11-10T23:53:14.011+0000] {logging_mixin.py:190} INFO - [2025-11-10T23:53:14.011+0000] {dag.py:4180} INFO - Setting next_dagrun for latest_only_with_trigger to 2025-11-10 16:00:00+00:00, run_after=2025-11-10 20:00:00+00:00
[2025-11-10T23:53:14.024+0000] {processor.py:208} INFO - Processing /home/airflow/.local/lib/python3.12/site-packages/airflow/example_dags/example_latest_only_with_trigger.py took 0.051 seconds
[2025-11-10T23:53:44.533+0000] {processor.py:186} INFO - Started process (PID=1467) to work on /home/airflow/.local/lib/python3.12/site-packages/airflow/example_dags/example_latest_only_with_trigger.py
[2025-11-10T23:53:44.534+0000] {processor.py:914} INFO - Processing file /home/airflow/.local/lib/python3.12/site-packages/airflow/example_dags/example_latest_only_with_trigger.py for tasks to queue
[2025-11-10T23:53:44.535+0000] {logging_mixin.py:190} INFO - [2025-11-10T23:53:44.535+0000] {dagbag.py:588} INFO - Filling up the DagBag from /home/airflow/.local/lib/python3.12/site-packages/airflow/example_dags/example_latest_only_with_trigger.py
[2025-11-10T23:53:44.540+0000] {processor.py:925} INFO - DAG(s) 'latest_only_with_trigger' retrieved from /home/airflow/.local/lib/python3.12/site-packages/airflow/example_dags/example_latest_only_with_trigger.py
[2025-11-10T23:53:44.552+0000] {logging_mixin.py:190} INFO - [2025-11-10T23:53:44.552+0000] {dag.py:3239} INFO - Sync 1 DAGs
[2025-11-10T23:53:44.566+0000] {logging_mixin.py:190} INFO - [2025-11-10T23:53:44.566+0000] {dag.py:4180} INFO - Setting next_dagrun for latest_only_with_trigger to 2025-11-10 16:00:00+00:00, run_after=2025-11-10 20:00:00+00:00
[2025-11-10T23:53:44.578+0000] {processor.py:208} INFO - Processing /home/airflow/.local/lib/python3.12/site-packages/airflow/example_dags/example_latest_only_with_trigger.py took 0.048 seconds
[2025-11-10T23:54:15.906+0000] {processor.py:186} INFO - Started process (PID=1534) to work on /home/airflow/.local/lib/python3.12/site-packages/airflow/example_dags/example_latest_only_with_trigger.py
[2025-11-10T23:54:15.906+0000] {processor.py:914} INFO - Processing file /home/airflow/.local/lib/python3.12/site-packages/airflow/example_dags/example_latest_only_with_trigger.py for tasks to queue
[2025-11-10T23:54:15.907+0000] {logging_mixin.py:190} INFO - [2025-11-10T23:54:15.907+0000] {dagbag.py:588} INFO - Filling up the DagBag from /home/airflow/.local/lib/python3.12/site-packages/airflow/example_dags/example_latest_only_with_trigger.py
[2025-11-10T23:54:15.912+0000] {processor.py:925} INFO - DAG(s) 'latest_only_with_trigger' retrieved from /home/airflow/.local/lib/python3.12/site-packages/airflow/example_dags/example_latest_only_with_trigger.py
[2025-11-10T23:54:15.927+0000] {logging_mixin.py:190} INFO - [2025-11-10T23:54:15.926+0000] {dag.py:3239} INFO - Sync 1 DAGs
[2025-11-10T23:54:15.939+0000] {logging_mixin.py:190} INFO - [2025-11-10T23:54:15.939+0000] {dag.py:4180} INFO - Setting next_dagrun for latest_only_with_trigger to 2025-11-10 16:00:00+00:00, run_after=2025-11-10 20:00:00+00:00
[2025-11-10T23:54:15.954+0000] {processor.py:208} INFO - Processing /home/airflow/.local/lib/python3.12/site-packages/airflow/example_dags/example_latest_only_with_trigger.py took 0.051 seconds
[2025-11-10T23:54:46.520+0000] {processor.py:186} INFO - Started process (PID=1599) to work on /home/airflow/.local/lib/python3.12/site-packages/airflow/example_dags/example_latest_only_with_trigger.py
[2025-11-10T23:54:46.521+0000] {processor.py:914} INFO - Processing file /home/airflow/.local/lib/python3.12/site-packages/airflow/example_dags/example_latest_only_with_trigger.py for tasks to queue
[2025-11-10T23:54:46.521+0000] {logging_mixin.py:190} INFO - [2025-11-10T23:54:46.521+0000] {dagbag.py:588} INFO - Filling up the DagBag from /home/airflow/.local/lib/python3.12/site-packages/airflow/example_dags/example_latest_only_with_trigger.py
[2025-11-10T23:54:46.526+0000] {processor.py:925} INFO - DAG(s) 'latest_only_with_trigger' retrieved from /home/airflow/.local/lib/python3.12/site-packages/airflow/example_dags/example_latest_only_with_trigger.py
[2025-11-10T23:54:46.538+0000] {logging_mixin.py:190} INFO - [2025-11-10T23:54:46.538+0000] {dag.py:3239} INFO - Sync 1 DAGs
[2025-11-10T23:54:46.552+0000] {logging_mixin.py:190} INFO - [2025-11-10T23:54:46.552+0000] {dag.py:4180} INFO - Setting next_dagrun for latest_only_with_trigger to 2025-11-10 16:00:00+00:00, run_after=2025-11-10 20:00:00+00:00
[2025-11-10T23:54:46.562+0000] {processor.py:208} INFO - Processing /home/airflow/.local/lib/python3.12/site-packages/airflow/example_dags/example_latest_only_with_trigger.py took 0.046 seconds
[2025-11-10T23:55:16.864+0000] {processor.py:186} INFO - Started process (PID=1663) to work on /home/airflow/.local/lib/python3.12/site-packages/airflow/example_dags/example_latest_only_with_trigger.py
[2025-11-10T23:55:16.866+0000] {processor.py:914} INFO - Processing file /home/airflow/.local/lib/python3.12/site-packages/airflow/example_dags/example_latest_only_with_trigger.py for tasks to queue
[2025-11-10T23:55:16.867+0000] {logging_mixin.py:190} INFO - [2025-11-10T23:55:16.866+0000] {dagbag.py:588} INFO - Filling up the DagBag from /home/airflow/.local/lib/python3.12/site-packages/airflow/example_dags/example_latest_only_with_trigger.py
[2025-11-10T23:55:16.872+0000] {processor.py:925} INFO - DAG(s) 'latest_only_with_trigger' retrieved from /home/airflow/.local/lib/python3.12/site-packages/airflow/example_dags/example_latest_only_with_trigger.py
[2025-11-10T23:55:16.889+0000] {logging_mixin.py:190} INFO - [2025-11-10T23:55:16.889+0000] {dag.py:3239} INFO - Sync 1 DAGs
[2025-11-10T23:55:16.903+0000] {logging_mixin.py:190} INFO - [2025-11-10T23:55:16.903+0000] {dag.py:4180} INFO - Setting next_dagrun for latest_only_with_trigger to 2025-11-10 16:00:00+00:00, run_after=2025-11-10 20:00:00+00:00
[2025-11-10T23:55:16.918+0000] {processor.py:208} INFO - Processing /home/airflow/.local/lib/python3.12/site-packages/airflow/example_dags/example_latest_only_with_trigger.py took 0.060 seconds
[2025-11-10T23:55:47.132+0000] {processor.py:186} INFO - Started process (PID=1727) to work on /home/airflow/.local/lib/python3.12/site-packages/airflow/example_dags/example_latest_only_with_trigger.py
[2025-11-10T23:55:47.134+0000] {processor.py:914} INFO - Processing file /home/airflow/.local/lib/python3.12/site-packages/airflow/example_dags/example_latest_only_with_trigger.py for tasks to queue
[2025-11-10T23:55:47.135+0000] {logging_mixin.py:190} INFO - [2025-11-10T23:55:47.134+0000] {dagbag.py:588} INFO - Filling up the DagBag from /home/airflow/.local/lib/python3.12/site-packages/airflow/example_dags/example_latest_only_with_trigger.py
[2025-11-10T23:55:47.140+0000] {processor.py:925} INFO - DAG(s) 'latest_only_with_trigger' retrieved from /home/airflow/.local/lib/python3.12/site-packages/airflow/example_dags/example_latest_only_with_trigger.py
[2025-11-10T23:55:47.152+0000] {logging_mixin.py:190} INFO - [2025-11-10T23:55:47.152+0000] {dag.py:3239} INFO - Sync 1 DAGs
[2025-11-10T23:55:47.166+0000] {logging_mixin.py:190} INFO - [2025-11-10T23:55:47.166+0000] {dag.py:4180} INFO - Setting next_dagrun for latest_only_with_trigger to 2025-11-10 16:00:00+00:00, run_after=2025-11-10 20:00:00+00:00
[2025-11-10T23:55:47.181+0000] {processor.py:208} INFO - Processing /home/airflow/.local/lib/python3.12/site-packages/airflow/example_dags/example_latest_only_with_trigger.py took 0.054 seconds
[2025-11-10T23:56:18.530+0000] {processor.py:186} INFO - Started process (PID=1791) to work on /home/airflow/.local/lib/python3.12/site-packages/airflow/example_dags/example_latest_only_with_trigger.py
[2025-11-10T23:56:18.531+0000] {processor.py:914} INFO - Processing file /home/airflow/.local/lib/python3.12/site-packages/airflow/example_dags/example_latest_only_with_trigger.py for tasks to queue
[2025-11-10T23:56:18.531+0000] {logging_mixin.py:190} INFO - [2025-11-10T23:56:18.531+0000] {dagbag.py:588} INFO - Filling up the DagBag from /home/airflow/.local/lib/python3.12/site-packages/airflow/example_dags/example_latest_only_with_trigger.py
[2025-11-10T23:56:18.536+0000] {processor.py:925} INFO - DAG(s) 'latest_only_with_trigger' retrieved from /home/airflow/.local/lib/python3.12/site-packages/airflow/example_dags/example_latest_only_with_trigger.py
[2025-11-10T23:56:18.548+0000] {logging_mixin.py:190} INFO - [2025-11-10T23:56:18.548+0000] {dag.py:3239} INFO - Sync 1 DAGs
[2025-11-10T23:56:18.561+0000] {logging_mixin.py:190} INFO - [2025-11-10T23:56:18.561+0000] {dag.py:4180} INFO - Setting next_dagrun for latest_only_with_trigger to 2025-11-10 16:00:00+00:00, run_after=2025-11-10 20:00:00+00:00
[2025-11-10T23:56:18.572+0000] {processor.py:208} INFO - Processing /home/airflow/.local/lib/python3.12/site-packages/airflow/example_dags/example_latest_only_with_trigger.py took 0.046 seconds
[2025-11-10T23:56:49.867+0000] {processor.py:186} INFO - Started process (PID=1855) to work on /home/airflow/.local/lib/python3.12/site-packages/airflow/example_dags/example_latest_only_with_trigger.py
[2025-11-10T23:56:49.868+0000] {processor.py:914} INFO - Processing file /home/airflow/.local/lib/python3.12/site-packages/airflow/example_dags/example_latest_only_with_trigger.py for tasks to queue
[2025-11-10T23:56:49.869+0000] {logging_mixin.py:190} INFO - [2025-11-10T23:56:49.868+0000] {dagbag.py:588} INFO - Filling up the DagBag from /home/airflow/.local/lib/python3.12/site-packages/airflow/example_dags/example_latest_only_with_trigger.py
[2025-11-10T23:56:49.874+0000] {processor.py:925} INFO - DAG(s) 'latest_only_with_trigger' retrieved from /home/airflow/.local/lib/python3.12/site-packages/airflow/example_dags/example_latest_only_with_trigger.py
[2025-11-10T23:56:49.889+0000] {logging_mixin.py:190} INFO - [2025-11-10T23:56:49.888+0000] {dag.py:3239} INFO - Sync 1 DAGs
[2025-11-10T23:56:49.901+0000] {logging_mixin.py:190} INFO - [2025-11-10T23:56:49.901+0000] {dag.py:4180} INFO - Setting next_dagrun for latest_only_with_trigger to 2025-11-10 16:00:00+00:00, run_after=2025-11-10 20:00:00+00:00
[2025-11-10T23:56:49.912+0000] {processor.py:208} INFO - Processing /home/airflow/.local/lib/python3.12/site-packages/airflow/example_dags/example_latest_only_with_trigger.py took 0.048 seconds
[2025-11-10T23:57:21.209+0000] {processor.py:186} INFO - Started process (PID=1919) to work on /home/airflow/.local/lib/python3.12/site-packages/airflow/example_dags/example_latest_only_with_trigger.py
[2025-11-10T23:57:21.209+0000] {processor.py:914} INFO - Processing file /home/airflow/.local/lib/python3.12/site-packages/airflow/example_dags/example_latest_only_with_trigger.py for tasks to queue
[2025-11-10T23:57:21.210+0000] {logging_mixin.py:190} INFO - [2025-11-10T23:57:21.210+0000] {dagbag.py:588} INFO - Filling up the DagBag from /home/airflow/.local/lib/python3.12/site-packages/airflow/example_dags/example_latest_only_with_trigger.py
[2025-11-10T23:57:21.218+0000] {processor.py:925} INFO - DAG(s) 'latest_only_with_trigger' retrieved from /home/airflow/.local/lib/python3.12/site-packages/airflow/example_dags/example_latest_only_with_trigger.py
[2025-11-10T23:57:21.231+0000] {logging_mixin.py:190} INFO - [2025-11-10T23:57:21.231+0000] {dag.py:3239} INFO - Sync 1 DAGs
[2025-11-10T23:57:21.243+0000] {logging_mixin.py:190} INFO - [2025-11-10T23:57:21.243+0000] {dag.py:4180} INFO - Setting next_dagrun for latest_only_with_trigger to 2025-11-10 16:00:00+00:00, run_after=2025-11-10 20:00:00+00:00
[2025-11-10T23:57:21.254+0000] {processor.py:208} INFO - Processing /home/airflow/.local/lib/python3.12/site-packages/airflow/example_dags/example_latest_only_with_trigger.py took 0.051 seconds
[2025-11-10T23:57:52.411+0000] {processor.py:186} INFO - Started process (PID=1983) to work on /home/airflow/.local/lib/python3.12/site-packages/airflow/example_dags/example_latest_only_with_trigger.py
[2025-11-10T23:57:52.412+0000] {processor.py:914} INFO - Processing file /home/airflow/.local/lib/python3.12/site-packages/airflow/example_dags/example_latest_only_with_trigger.py for tasks to queue
[2025-11-10T23:57:52.413+0000] {logging_mixin.py:190} INFO - [2025-11-10T23:57:52.412+0000] {dagbag.py:588} INFO - Filling up the DagBag from /home/airflow/.local/lib/python3.12/site-packages/airflow/example_dags/example_latest_only_with_trigger.py
[2025-11-10T23:57:52.418+0000] {processor.py:925} INFO - DAG(s) 'latest_only_with_trigger' retrieved from /home/airflow/.local/lib/python3.12/site-packages/airflow/example_dags/example_latest_only_with_trigger.py
[2025-11-10T23:57:52.432+0000] {logging_mixin.py:190} INFO - [2025-11-10T23:57:52.431+0000] {dag.py:3239} INFO - Sync 1 DAGs
[2025-11-10T23:57:52.446+0000] {logging_mixin.py:190} INFO - [2025-11-10T23:57:52.445+0000] {dag.py:4180} INFO - Setting next_dagrun for latest_only_with_trigger to 2025-11-10 16:00:00+00:00, run_after=2025-11-10 20:00:00+00:00
[2025-11-10T23:57:52.457+0000] {processor.py:208} INFO - Processing /home/airflow/.local/lib/python3.12/site-packages/airflow/example_dags/example_latest_only_with_trigger.py took 0.049 seconds
[2025-11-10T23:58:23.604+0000] {processor.py:186} INFO - Started process (PID=2047) to work on /home/airflow/.local/lib/python3.12/site-packages/airflow/example_dags/example_latest_only_with_trigger.py
[2025-11-10T23:58:23.605+0000] {processor.py:914} INFO - Processing file /home/airflow/.local/lib/python3.12/site-packages/airflow/example_dags/example_latest_only_with_trigger.py for tasks to queue
[2025-11-10T23:58:23.605+0000] {logging_mixin.py:190} INFO - [2025-11-10T23:58:23.605+0000] {dagbag.py:588} INFO - Filling up the DagBag from /home/airflow/.local/lib/python3.12/site-packages/airflow/example_dags/example_latest_only_with_trigger.py
[2025-11-10T23:58:23.610+0000] {processor.py:925} INFO - DAG(s) 'latest_only_with_trigger' retrieved from /home/airflow/.local/lib/python3.12/site-packages/airflow/example_dags/example_latest_only_with_trigger.py
[2025-11-10T23:58:23.623+0000] {logging_mixin.py:190} INFO - [2025-11-10T23:58:23.623+0000] {dag.py:3239} INFO - Sync 1 DAGs
[2025-11-10T23:58:23.638+0000] {logging_mixin.py:190} INFO - [2025-11-10T23:58:23.637+0000] {dag.py:4180} INFO - Setting next_dagrun for latest_only_with_trigger to 2025-11-10 16:00:00+00:00, run_after=2025-11-10 20:00:00+00:00
[2025-11-10T23:58:23.649+0000] {processor.py:208} INFO - Processing /home/airflow/.local/lib/python3.12/site-packages/airflow/example_dags/example_latest_only_with_trigger.py took 0.048 seconds
[2025-11-10T23:58:54.761+0000] {processor.py:186} INFO - Started process (PID=2111) to work on /home/airflow/.local/lib/python3.12/site-packages/airflow/example_dags/example_latest_only_with_trigger.py
[2025-11-10T23:58:54.762+0000] {processor.py:914} INFO - Processing file /home/airflow/.local/lib/python3.12/site-packages/airflow/example_dags/example_latest_only_with_trigger.py for tasks to queue
[2025-11-10T23:58:54.762+0000] {logging_mixin.py:190} INFO - [2025-11-10T23:58:54.762+0000] {dagbag.py:588} INFO - Filling up the DagBag from /home/airflow/.local/lib/python3.12/site-packages/airflow/example_dags/example_latest_only_with_trigger.py
[2025-11-10T23:58:54.767+0000] {processor.py:925} INFO - DAG(s) 'latest_only_with_trigger' retrieved from /home/airflow/.local/lib/python3.12/site-packages/airflow/example_dags/example_latest_only_with_trigger.py
[2025-11-10T23:58:54.783+0000] {logging_mixin.py:190} INFO - [2025-11-10T23:58:54.783+0000] {dag.py:3239} INFO - Sync 1 DAGs
[2025-11-10T23:58:54.802+0000] {logging_mixin.py:190} INFO - [2025-11-10T23:58:54.802+0000] {dag.py:4180} INFO - Setting next_dagrun for latest_only_with_trigger to 2025-11-10 16:00:00+00:00, run_after=2025-11-10 20:00:00+00:00
[2025-11-10T23:58:54.816+0000] {processor.py:208} INFO - Processing /home/airflow/.local/lib/python3.12/site-packages/airflow/example_dags/example_latest_only_with_trigger.py took 0.060 seconds
[2025-11-10T23:59:25.631+0000] {processor.py:186} INFO - Started process (PID=2176) to work on /home/airflow/.local/lib/python3.12/site-packages/airflow/example_dags/example_latest_only_with_trigger.py
[2025-11-10T23:59:25.631+0000] {processor.py:914} INFO - Processing file /home/airflow/.local/lib/python3.12/site-packages/airflow/example_dags/example_latest_only_with_trigger.py for tasks to queue
[2025-11-10T23:59:25.632+0000] {logging_mixin.py:190} INFO - [2025-11-10T23:59:25.632+0000] {dagbag.py:588} INFO - Filling up the DagBag from /home/airflow/.local/lib/python3.12/site-packages/airflow/example_dags/example_latest_only_with_trigger.py
[2025-11-10T23:59:25.638+0000] {processor.py:925} INFO - DAG(s) 'latest_only_with_trigger' retrieved from /home/airflow/.local/lib/python3.12/site-packages/airflow/example_dags/example_latest_only_with_trigger.py
[2025-11-10T23:59:25.651+0000] {logging_mixin.py:190} INFO - [2025-11-10T23:59:25.651+0000] {dag.py:3239} INFO - Sync 1 DAGs
[2025-11-10T23:59:25.664+0000] {logging_mixin.py:190} INFO - [2025-11-10T23:59:25.664+0000] {dag.py:4180} INFO - Setting next_dagrun for latest_only_with_trigger to 2025-11-10 16:00:00+00:00, run_after=2025-11-10 20:00:00+00:00
[2025-11-10T23:59:25.676+0000] {processor.py:208} INFO - Processing /home/airflow/.local/lib/python3.12/site-packages/airflow/example_dags/example_latest_only_with_trigger.py took 0.051 seconds
[2025-11-10T23:59:56.513+0000] {processor.py:186} INFO - Started process (PID=2240) to work on /home/airflow/.local/lib/python3.12/site-packages/airflow/example_dags/example_latest_only_with_trigger.py
[2025-11-10T23:59:56.514+0000] {processor.py:914} INFO - Processing file /home/airflow/.local/lib/python3.12/site-packages/airflow/example_dags/example_latest_only_with_trigger.py for tasks to queue
[2025-11-10T23:59:56.514+0000] {logging_mixin.py:190} INFO - [2025-11-10T23:59:56.514+0000] {dagbag.py:588} INFO - Filling up the DagBag from /home/airflow/.local/lib/python3.12/site-packages/airflow/example_dags/example_latest_only_with_trigger.py
[2025-11-10T23:59:56.519+0000] {processor.py:925} INFO - DAG(s) 'latest_only_with_trigger' retrieved from /home/airflow/.local/lib/python3.12/site-packages/airflow/example_dags/example_latest_only_with_trigger.py
[2025-11-10T23:59:56.530+0000] {logging_mixin.py:190} INFO - [2025-11-10T23:59:56.530+0000] {dag.py:3239} INFO - Sync 1 DAGs
[2025-11-10T23:59:56.544+0000] {logging_mixin.py:190} INFO - [2025-11-10T23:59:56.544+0000] {dag.py:4180} INFO - Setting next_dagrun for latest_only_with_trigger to 2025-11-10 16:00:00+00:00, run_after=2025-11-10 20:00:00+00:00
[2025-11-10T23:59:56.554+0000] {processor.py:208} INFO - Processing /home/airflow/.local/lib/python3.12/site-packages/airflow/example_dags/example_latest_only_with_trigger.py took 0.044 seconds
