[2025-11-10T23:41:42.114+0000] {processor.py:186} INFO - Started process (PID=118) to work on /home/airflow/.local/lib/python3.12/site-packages/airflow/example_dags/example_subdag_operator.py
[2025-11-10T23:41:42.115+0000] {processor.py:914} INFO - Processing file /home/airflow/.local/lib/python3.12/site-packages/airflow/example_dags/example_subdag_operator.py for tasks to queue
[2025-11-10T23:41:42.116+0000] {logging_mixin.py:190} INFO - [2025-11-10T23:41:42.116+0000] {dagbag.py:588} INFO - Filling up the DagBag from /home/airflow/.local/lib/python3.12/site-packages/airflow/example_dags/example_subdag_operator.py
[2025-11-10T23:41:42.137+0000] {processor.py:925} INFO - DAG(s) 'example_subdag_operator.section-1', 'example_subdag_operator.section-2', 'example_subdag_operator' retrieved from /home/airflow/.local/lib/python3.12/site-packages/airflow/example_dags/example_subdag_operator.py
[2025-11-10T23:41:42.146+0000] {logging_mixin.py:190} INFO - [2025-11-10T23:41:42.146+0000] {dag.py:3239} INFO - Sync 3 DAGs
[2025-11-10T23:41:42.160+0000] {logging_mixin.py:190} INFO - [2025-11-10T23:41:42.160+0000] {dag.py:4180} INFO - Setting next_dagrun for example_subdag_operator to 2022-01-01 00:00:00+00:00, run_after=2022-01-01 00:00:00+00:00
[2025-11-10T23:41:42.162+0000] {logging_mixin.py:190} INFO - [2025-11-10T23:41:42.162+0000] {dag.py:4180} INFO - Setting next_dagrun for example_subdag_operator.section-1 to None, run_after=None
[2025-11-10T23:41:42.163+0000] {logging_mixin.py:190} INFO - [2025-11-10T23:41:42.163+0000] {dag.py:4180} INFO - Setting next_dagrun for example_subdag_operator.section-2 to None, run_after=None
[2025-11-10T23:41:42.167+0000] {logging_mixin.py:190} INFO - [2025-11-10T23:41:42.167+0000] {dag.py:3239} INFO - Sync 2 DAGs
[2025-11-10T23:41:42.170+0000] {logging_mixin.py:190} INFO - [2025-11-10T23:41:42.170+0000] {dag.py:4180} INFO - Setting next_dagrun for example_subdag_operator.section-1 to None, run_after=None
[2025-11-10T23:41:42.171+0000] {logging_mixin.py:190} INFO - [2025-11-10T23:41:42.171+0000] {dag.py:4180} INFO - Setting next_dagrun for example_subdag_operator.section-2 to None, run_after=None
[2025-11-10T23:41:42.176+0000] {processor.py:208} INFO - Processing /home/airflow/.local/lib/python3.12/site-packages/airflow/example_dags/example_subdag_operator.py took 0.065 seconds
[2025-11-10T23:42:46.489+0000] {processor.py:186} INFO - Started process (PID=93) to work on /home/airflow/.local/lib/python3.12/site-packages/airflow/example_dags/example_subdag_operator.py
[2025-11-10T23:42:46.490+0000] {processor.py:914} INFO - Processing file /home/airflow/.local/lib/python3.12/site-packages/airflow/example_dags/example_subdag_operator.py for tasks to queue
[2025-11-10T23:42:46.491+0000] {logging_mixin.py:190} INFO - [2025-11-10T23:42:46.491+0000] {dagbag.py:588} INFO - Filling up the DagBag from /home/airflow/.local/lib/python3.12/site-packages/airflow/example_dags/example_subdag_operator.py
[2025-11-10T23:42:46.517+0000] {processor.py:925} INFO - DAG(s) 'example_subdag_operator.section-1', 'example_subdag_operator.section-2', 'example_subdag_operator' retrieved from /home/airflow/.local/lib/python3.12/site-packages/airflow/example_dags/example_subdag_operator.py
[2025-11-10T23:42:46.526+0000] {logging_mixin.py:190} INFO - [2025-11-10T23:42:46.526+0000] {dag.py:3239} INFO - Sync 3 DAGs
[2025-11-10T23:42:46.545+0000] {logging_mixin.py:190} INFO - [2025-11-10T23:42:46.544+0000] {dag.py:4180} INFO - Setting next_dagrun for example_subdag_operator to 2022-01-01 00:00:00+00:00, run_after=2022-01-01 00:00:00+00:00
[2025-11-10T23:42:46.548+0000] {logging_mixin.py:190} INFO - [2025-11-10T23:42:46.548+0000] {dag.py:4180} INFO - Setting next_dagrun for example_subdag_operator.section-1 to None, run_after=None
[2025-11-10T23:42:46.549+0000] {logging_mixin.py:190} INFO - [2025-11-10T23:42:46.549+0000] {dag.py:4180} INFO - Setting next_dagrun for example_subdag_operator.section-2 to None, run_after=None
[2025-11-10T23:42:46.556+0000] {logging_mixin.py:190} INFO - [2025-11-10T23:42:46.555+0000] {dag.py:3239} INFO - Sync 2 DAGs
[2025-11-10T23:42:46.560+0000] {logging_mixin.py:190} INFO - [2025-11-10T23:42:46.560+0000] {dag.py:4180} INFO - Setting next_dagrun for example_subdag_operator.section-1 to None, run_after=None
[2025-11-10T23:42:46.560+0000] {logging_mixin.py:190} INFO - [2025-11-10T23:42:46.560+0000] {dag.py:4180} INFO - Setting next_dagrun for example_subdag_operator.section-2 to None, run_after=None
[2025-11-10T23:42:46.570+0000] {processor.py:208} INFO - Processing /home/airflow/.local/lib/python3.12/site-packages/airflow/example_dags/example_subdag_operator.py took 0.085 seconds
[2025-11-10T23:43:17.964+0000] {processor.py:186} INFO - Started process (PID=157) to work on /home/airflow/.local/lib/python3.12/site-packages/airflow/example_dags/example_subdag_operator.py
[2025-11-10T23:43:17.964+0000] {processor.py:914} INFO - Processing file /home/airflow/.local/lib/python3.12/site-packages/airflow/example_dags/example_subdag_operator.py for tasks to queue
[2025-11-10T23:43:17.965+0000] {logging_mixin.py:190} INFO - [2025-11-10T23:43:17.965+0000] {dagbag.py:588} INFO - Filling up the DagBag from /home/airflow/.local/lib/python3.12/site-packages/airflow/example_dags/example_subdag_operator.py
[2025-11-10T23:43:17.982+0000] {processor.py:925} INFO - DAG(s) 'example_subdag_operator.section-1', 'example_subdag_operator.section-2', 'example_subdag_operator' retrieved from /home/airflow/.local/lib/python3.12/site-packages/airflow/example_dags/example_subdag_operator.py
[2025-11-10T23:43:17.991+0000] {logging_mixin.py:190} INFO - [2025-11-10T23:43:17.991+0000] {dag.py:3239} INFO - Sync 3 DAGs
[2025-11-10T23:43:18.004+0000] {logging_mixin.py:190} INFO - [2025-11-10T23:43:18.003+0000] {dag.py:4180} INFO - Setting next_dagrun for example_subdag_operator to 2022-01-01 00:00:00+00:00, run_after=2022-01-01 00:00:00+00:00
[2025-11-10T23:43:18.006+0000] {logging_mixin.py:190} INFO - [2025-11-10T23:43:18.005+0000] {dag.py:4180} INFO - Setting next_dagrun for example_subdag_operator.section-1 to None, run_after=None
[2025-11-10T23:43:18.006+0000] {logging_mixin.py:190} INFO - [2025-11-10T23:43:18.006+0000] {dag.py:4180} INFO - Setting next_dagrun for example_subdag_operator.section-2 to None, run_after=None
[2025-11-10T23:43:18.010+0000] {logging_mixin.py:190} INFO - [2025-11-10T23:43:18.010+0000] {dag.py:3239} INFO - Sync 2 DAGs
[2025-11-10T23:43:18.013+0000] {logging_mixin.py:190} INFO - [2025-11-10T23:43:18.013+0000] {dag.py:4180} INFO - Setting next_dagrun for example_subdag_operator.section-1 to None, run_after=None
[2025-11-10T23:43:18.013+0000] {logging_mixin.py:190} INFO - [2025-11-10T23:43:18.013+0000] {dag.py:4180} INFO - Setting next_dagrun for example_subdag_operator.section-2 to None, run_after=None
[2025-11-10T23:43:18.019+0000] {processor.py:208} INFO - Processing /home/airflow/.local/lib/python3.12/site-packages/airflow/example_dags/example_subdag_operator.py took 0.061 seconds
[2025-11-10T23:43:49.449+0000] {processor.py:186} INFO - Started process (PID=221) to work on /home/airflow/.local/lib/python3.12/site-packages/airflow/example_dags/example_subdag_operator.py
[2025-11-10T23:43:49.450+0000] {processor.py:914} INFO - Processing file /home/airflow/.local/lib/python3.12/site-packages/airflow/example_dags/example_subdag_operator.py for tasks to queue
[2025-11-10T23:43:49.451+0000] {logging_mixin.py:190} INFO - [2025-11-10T23:43:49.451+0000] {dagbag.py:588} INFO - Filling up the DagBag from /home/airflow/.local/lib/python3.12/site-packages/airflow/example_dags/example_subdag_operator.py
[2025-11-10T23:43:49.469+0000] {processor.py:925} INFO - DAG(s) 'example_subdag_operator.section-1', 'example_subdag_operator.section-2', 'example_subdag_operator' retrieved from /home/airflow/.local/lib/python3.12/site-packages/airflow/example_dags/example_subdag_operator.py
[2025-11-10T23:43:49.478+0000] {logging_mixin.py:190} INFO - [2025-11-10T23:43:49.478+0000] {dag.py:3239} INFO - Sync 3 DAGs
[2025-11-10T23:43:49.495+0000] {logging_mixin.py:190} INFO - [2025-11-10T23:43:49.494+0000] {dag.py:4180} INFO - Setting next_dagrun for example_subdag_operator to 2022-01-01 00:00:00+00:00, run_after=2022-01-01 00:00:00+00:00
[2025-11-10T23:43:49.498+0000] {logging_mixin.py:190} INFO - [2025-11-10T23:43:49.498+0000] {dag.py:4180} INFO - Setting next_dagrun for example_subdag_operator.section-1 to None, run_after=None
[2025-11-10T23:43:49.500+0000] {logging_mixin.py:190} INFO - [2025-11-10T23:43:49.499+0000] {dag.py:4180} INFO - Setting next_dagrun for example_subdag_operator.section-2 to None, run_after=None
[2025-11-10T23:43:49.504+0000] {logging_mixin.py:190} INFO - [2025-11-10T23:43:49.504+0000] {dag.py:3239} INFO - Sync 2 DAGs
[2025-11-10T23:43:49.508+0000] {logging_mixin.py:190} INFO - [2025-11-10T23:43:49.508+0000] {dag.py:4180} INFO - Setting next_dagrun for example_subdag_operator.section-1 to None, run_after=None
[2025-11-10T23:43:49.508+0000] {logging_mixin.py:190} INFO - [2025-11-10T23:43:49.508+0000] {dag.py:4180} INFO - Setting next_dagrun for example_subdag_operator.section-2 to None, run_after=None
[2025-11-10T23:43:49.525+0000] {processor.py:208} INFO - Processing /home/airflow/.local/lib/python3.12/site-packages/airflow/example_dags/example_subdag_operator.py took 0.080 seconds
[2025-11-10T23:44:21.098+0000] {processor.py:186} INFO - Started process (PID=285) to work on /home/airflow/.local/lib/python3.12/site-packages/airflow/example_dags/example_subdag_operator.py
[2025-11-10T23:44:21.099+0000] {processor.py:914} INFO - Processing file /home/airflow/.local/lib/python3.12/site-packages/airflow/example_dags/example_subdag_operator.py for tasks to queue
[2025-11-10T23:44:21.100+0000] {logging_mixin.py:190} INFO - [2025-11-10T23:44:21.099+0000] {dagbag.py:588} INFO - Filling up the DagBag from /home/airflow/.local/lib/python3.12/site-packages/airflow/example_dags/example_subdag_operator.py
[2025-11-10T23:44:21.115+0000] {processor.py:925} INFO - DAG(s) 'example_subdag_operator.section-1', 'example_subdag_operator.section-2', 'example_subdag_operator' retrieved from /home/airflow/.local/lib/python3.12/site-packages/airflow/example_dags/example_subdag_operator.py
[2025-11-10T23:44:21.123+0000] {logging_mixin.py:190} INFO - [2025-11-10T23:44:21.123+0000] {dag.py:3239} INFO - Sync 3 DAGs
[2025-11-10T23:44:21.135+0000] {logging_mixin.py:190} INFO - [2025-11-10T23:44:21.135+0000] {dag.py:4180} INFO - Setting next_dagrun for example_subdag_operator to 2022-01-01 00:00:00+00:00, run_after=2022-01-01 00:00:00+00:00
[2025-11-10T23:44:21.137+0000] {logging_mixin.py:190} INFO - [2025-11-10T23:44:21.137+0000] {dag.py:4180} INFO - Setting next_dagrun for example_subdag_operator.section-1 to None, run_after=None
[2025-11-10T23:44:21.138+0000] {logging_mixin.py:190} INFO - [2025-11-10T23:44:21.138+0000] {dag.py:4180} INFO - Setting next_dagrun for example_subdag_operator.section-2 to None, run_after=None
[2025-11-10T23:44:21.142+0000] {logging_mixin.py:190} INFO - [2025-11-10T23:44:21.142+0000] {dag.py:3239} INFO - Sync 2 DAGs
[2025-11-10T23:44:21.146+0000] {logging_mixin.py:190} INFO - [2025-11-10T23:44:21.146+0000] {dag.py:4180} INFO - Setting next_dagrun for example_subdag_operator.section-1 to None, run_after=None
[2025-11-10T23:44:21.146+0000] {logging_mixin.py:190} INFO - [2025-11-10T23:44:21.146+0000] {dag.py:4180} INFO - Setting next_dagrun for example_subdag_operator.section-2 to None, run_after=None
[2025-11-10T23:44:21.154+0000] {processor.py:208} INFO - Processing /home/airflow/.local/lib/python3.12/site-packages/airflow/example_dags/example_subdag_operator.py took 0.058 seconds
[2025-11-10T23:44:52.912+0000] {processor.py:186} INFO - Started process (PID=349) to work on /home/airflow/.local/lib/python3.12/site-packages/airflow/example_dags/example_subdag_operator.py
[2025-11-10T23:44:52.914+0000] {processor.py:914} INFO - Processing file /home/airflow/.local/lib/python3.12/site-packages/airflow/example_dags/example_subdag_operator.py for tasks to queue
[2025-11-10T23:44:52.919+0000] {logging_mixin.py:190} INFO - [2025-11-10T23:44:52.918+0000] {dagbag.py:588} INFO - Filling up the DagBag from /home/airflow/.local/lib/python3.12/site-packages/airflow/example_dags/example_subdag_operator.py
[2025-11-10T23:44:52.943+0000] {processor.py:925} INFO - DAG(s) 'example_subdag_operator.section-1', 'example_subdag_operator.section-2', 'example_subdag_operator' retrieved from /home/airflow/.local/lib/python3.12/site-packages/airflow/example_dags/example_subdag_operator.py
[2025-11-10T23:44:52.951+0000] {logging_mixin.py:190} INFO - [2025-11-10T23:44:52.951+0000] {dag.py:3239} INFO - Sync 3 DAGs
[2025-11-10T23:44:52.965+0000] {logging_mixin.py:190} INFO - [2025-11-10T23:44:52.964+0000] {dag.py:4180} INFO - Setting next_dagrun for example_subdag_operator to 2022-01-01 00:00:00+00:00, run_after=2022-01-01 00:00:00+00:00
[2025-11-10T23:44:52.967+0000] {logging_mixin.py:190} INFO - [2025-11-10T23:44:52.967+0000] {dag.py:4180} INFO - Setting next_dagrun for example_subdag_operator.section-1 to None, run_after=None
[2025-11-10T23:44:52.968+0000] {logging_mixin.py:190} INFO - [2025-11-10T23:44:52.968+0000] {dag.py:4180} INFO - Setting next_dagrun for example_subdag_operator.section-2 to None, run_after=None
[2025-11-10T23:44:52.973+0000] {logging_mixin.py:190} INFO - [2025-11-10T23:44:52.973+0000] {dag.py:3239} INFO - Sync 2 DAGs
[2025-11-10T23:44:52.977+0000] {logging_mixin.py:190} INFO - [2025-11-10T23:44:52.976+0000] {dag.py:4180} INFO - Setting next_dagrun for example_subdag_operator.section-1 to None, run_after=None
[2025-11-10T23:44:52.977+0000] {logging_mixin.py:190} INFO - [2025-11-10T23:44:52.977+0000] {dag.py:4180} INFO - Setting next_dagrun for example_subdag_operator.section-2 to None, run_after=None
[2025-11-10T23:44:52.983+0000] {processor.py:208} INFO - Processing /home/airflow/.local/lib/python3.12/site-packages/airflow/example_dags/example_subdag_operator.py took 0.079 seconds
[2025-11-10T23:45:25.777+0000] {processor.py:186} INFO - Started process (PID=413) to work on /home/airflow/.local/lib/python3.12/site-packages/airflow/example_dags/example_subdag_operator.py
[2025-11-10T23:45:25.778+0000] {processor.py:914} INFO - Processing file /home/airflow/.local/lib/python3.12/site-packages/airflow/example_dags/example_subdag_operator.py for tasks to queue
[2025-11-10T23:45:25.779+0000] {logging_mixin.py:190} INFO - [2025-11-10T23:45:25.779+0000] {dagbag.py:588} INFO - Filling up the DagBag from /home/airflow/.local/lib/python3.12/site-packages/airflow/example_dags/example_subdag_operator.py
[2025-11-10T23:45:25.801+0000] {processor.py:925} INFO - DAG(s) 'example_subdag_operator.section-1', 'example_subdag_operator.section-2', 'example_subdag_operator' retrieved from /home/airflow/.local/lib/python3.12/site-packages/airflow/example_dags/example_subdag_operator.py
[2025-11-10T23:45:25.811+0000] {logging_mixin.py:190} INFO - [2025-11-10T23:45:25.810+0000] {dag.py:3239} INFO - Sync 3 DAGs
[2025-11-10T23:45:25.827+0000] {logging_mixin.py:190} INFO - [2025-11-10T23:45:25.827+0000] {dag.py:4180} INFO - Setting next_dagrun for example_subdag_operator to 2022-01-01 00:00:00+00:00, run_after=2022-01-01 00:00:00+00:00
[2025-11-10T23:45:25.829+0000] {logging_mixin.py:190} INFO - [2025-11-10T23:45:25.829+0000] {dag.py:4180} INFO - Setting next_dagrun for example_subdag_operator.section-1 to None, run_after=None
[2025-11-10T23:45:25.831+0000] {logging_mixin.py:190} INFO - [2025-11-10T23:45:25.831+0000] {dag.py:4180} INFO - Setting next_dagrun for example_subdag_operator.section-2 to None, run_after=None
[2025-11-10T23:45:25.836+0000] {logging_mixin.py:190} INFO - [2025-11-10T23:45:25.835+0000] {dag.py:3239} INFO - Sync 2 DAGs
[2025-11-10T23:45:25.842+0000] {logging_mixin.py:190} INFO - [2025-11-10T23:45:25.841+0000] {dag.py:4180} INFO - Setting next_dagrun for example_subdag_operator.section-1 to None, run_after=None
[2025-11-10T23:45:25.842+0000] {logging_mixin.py:190} INFO - [2025-11-10T23:45:25.842+0000] {dag.py:4180} INFO - Setting next_dagrun for example_subdag_operator.section-2 to None, run_after=None
[2025-11-10T23:45:25.848+0000] {processor.py:208} INFO - Processing /home/airflow/.local/lib/python3.12/site-packages/airflow/example_dags/example_subdag_operator.py took 0.076 seconds
[2025-11-10T23:45:59.954+0000] {processor.py:186} INFO - Started process (PID=477) to work on /home/airflow/.local/lib/python3.12/site-packages/airflow/example_dags/example_subdag_operator.py
[2025-11-10T23:45:59.954+0000] {processor.py:914} INFO - Processing file /home/airflow/.local/lib/python3.12/site-packages/airflow/example_dags/example_subdag_operator.py for tasks to queue
[2025-11-10T23:45:59.956+0000] {logging_mixin.py:190} INFO - [2025-11-10T23:45:59.955+0000] {dagbag.py:588} INFO - Filling up the DagBag from /home/airflow/.local/lib/python3.12/site-packages/airflow/example_dags/example_subdag_operator.py
[2025-11-10T23:45:59.970+0000] {processor.py:925} INFO - DAG(s) 'example_subdag_operator.section-1', 'example_subdag_operator.section-2', 'example_subdag_operator' retrieved from /home/airflow/.local/lib/python3.12/site-packages/airflow/example_dags/example_subdag_operator.py
[2025-11-10T23:45:59.979+0000] {logging_mixin.py:190} INFO - [2025-11-10T23:45:59.979+0000] {dag.py:3239} INFO - Sync 3 DAGs
[2025-11-10T23:45:59.993+0000] {logging_mixin.py:190} INFO - [2025-11-10T23:45:59.993+0000] {dag.py:4180} INFO - Setting next_dagrun for example_subdag_operator to 2022-01-01 00:00:00+00:00, run_after=2022-01-01 00:00:00+00:00
[2025-11-10T23:45:59.995+0000] {logging_mixin.py:190} INFO - [2025-11-10T23:45:59.995+0000] {dag.py:4180} INFO - Setting next_dagrun for example_subdag_operator.section-1 to None, run_after=None
[2025-11-10T23:45:59.996+0000] {logging_mixin.py:190} INFO - [2025-11-10T23:45:59.996+0000] {dag.py:4180} INFO - Setting next_dagrun for example_subdag_operator.section-2 to None, run_after=None
[2025-11-10T23:46:00.001+0000] {logging_mixin.py:190} INFO - [2025-11-10T23:46:00.001+0000] {dag.py:3239} INFO - Sync 2 DAGs
[2025-11-10T23:46:00.004+0000] {logging_mixin.py:190} INFO - [2025-11-10T23:46:00.004+0000] {dag.py:4180} INFO - Setting next_dagrun for example_subdag_operator.section-1 to None, run_after=None
[2025-11-10T23:46:00.005+0000] {logging_mixin.py:190} INFO - [2025-11-10T23:46:00.005+0000] {dag.py:4180} INFO - Setting next_dagrun for example_subdag_operator.section-2 to None, run_after=None
[2025-11-10T23:46:00.012+0000] {processor.py:208} INFO - Processing /home/airflow/.local/lib/python3.12/site-packages/airflow/example_dags/example_subdag_operator.py took 0.061 seconds
[2025-11-10T23:46:30.572+0000] {processor.py:186} INFO - Started process (PID=541) to work on /home/airflow/.local/lib/python3.12/site-packages/airflow/example_dags/example_subdag_operator.py
[2025-11-10T23:46:30.574+0000] {processor.py:914} INFO - Processing file /home/airflow/.local/lib/python3.12/site-packages/airflow/example_dags/example_subdag_operator.py for tasks to queue
[2025-11-10T23:46:30.577+0000] {logging_mixin.py:190} INFO - [2025-11-10T23:46:30.577+0000] {dagbag.py:588} INFO - Filling up the DagBag from /home/airflow/.local/lib/python3.12/site-packages/airflow/example_dags/example_subdag_operator.py
[2025-11-10T23:46:30.610+0000] {processor.py:925} INFO - DAG(s) 'example_subdag_operator.section-1', 'example_subdag_operator.section-2', 'example_subdag_operator' retrieved from /home/airflow/.local/lib/python3.12/site-packages/airflow/example_dags/example_subdag_operator.py
[2025-11-10T23:46:30.633+0000] {logging_mixin.py:190} INFO - [2025-11-10T23:46:30.633+0000] {dag.py:3239} INFO - Sync 3 DAGs
[2025-11-10T23:46:30.665+0000] {logging_mixin.py:190} INFO - [2025-11-10T23:46:30.665+0000] {dag.py:4180} INFO - Setting next_dagrun for example_subdag_operator to 2022-01-01 00:00:00+00:00, run_after=2022-01-01 00:00:00+00:00
[2025-11-10T23:46:30.670+0000] {logging_mixin.py:190} INFO - [2025-11-10T23:46:30.669+0000] {dag.py:4180} INFO - Setting next_dagrun for example_subdag_operator.section-1 to None, run_after=None
[2025-11-10T23:46:30.672+0000] {logging_mixin.py:190} INFO - [2025-11-10T23:46:30.672+0000] {dag.py:4180} INFO - Setting next_dagrun for example_subdag_operator.section-2 to None, run_after=None
[2025-11-10T23:46:30.682+0000] {logging_mixin.py:190} INFO - [2025-11-10T23:46:30.682+0000] {dag.py:3239} INFO - Sync 2 DAGs
[2025-11-10T23:46:30.686+0000] {logging_mixin.py:190} INFO - [2025-11-10T23:46:30.686+0000] {dag.py:4180} INFO - Setting next_dagrun for example_subdag_operator.section-1 to None, run_after=None
[2025-11-10T23:46:30.686+0000] {logging_mixin.py:190} INFO - [2025-11-10T23:46:30.686+0000] {dag.py:4180} INFO - Setting next_dagrun for example_subdag_operator.section-2 to None, run_after=None
[2025-11-10T23:46:30.693+0000] {processor.py:208} INFO - Processing /home/airflow/.local/lib/python3.12/site-packages/airflow/example_dags/example_subdag_operator.py took 0.130 seconds
[2025-11-10T23:47:01.589+0000] {processor.py:186} INFO - Started process (PID=605) to work on /home/airflow/.local/lib/python3.12/site-packages/airflow/example_dags/example_subdag_operator.py
[2025-11-10T23:47:01.590+0000] {processor.py:914} INFO - Processing file /home/airflow/.local/lib/python3.12/site-packages/airflow/example_dags/example_subdag_operator.py for tasks to queue
[2025-11-10T23:47:01.591+0000] {logging_mixin.py:190} INFO - [2025-11-10T23:47:01.591+0000] {dagbag.py:588} INFO - Filling up the DagBag from /home/airflow/.local/lib/python3.12/site-packages/airflow/example_dags/example_subdag_operator.py
[2025-11-10T23:47:01.610+0000] {processor.py:925} INFO - DAG(s) 'example_subdag_operator.section-1', 'example_subdag_operator.section-2', 'example_subdag_operator' retrieved from /home/airflow/.local/lib/python3.12/site-packages/airflow/example_dags/example_subdag_operator.py
[2025-11-10T23:47:01.618+0000] {logging_mixin.py:190} INFO - [2025-11-10T23:47:01.618+0000] {dag.py:3239} INFO - Sync 3 DAGs
[2025-11-10T23:47:01.632+0000] {logging_mixin.py:190} INFO - [2025-11-10T23:47:01.631+0000] {dag.py:4180} INFO - Setting next_dagrun for example_subdag_operator to 2022-01-01 00:00:00+00:00, run_after=2022-01-01 00:00:00+00:00
[2025-11-10T23:47:01.634+0000] {logging_mixin.py:190} INFO - [2025-11-10T23:47:01.634+0000] {dag.py:4180} INFO - Setting next_dagrun for example_subdag_operator.section-1 to None, run_after=None
[2025-11-10T23:47:01.635+0000] {logging_mixin.py:190} INFO - [2025-11-10T23:47:01.635+0000] {dag.py:4180} INFO - Setting next_dagrun for example_subdag_operator.section-2 to None, run_after=None
[2025-11-10T23:47:01.639+0000] {logging_mixin.py:190} INFO - [2025-11-10T23:47:01.639+0000] {dag.py:3239} INFO - Sync 2 DAGs
[2025-11-10T23:47:01.642+0000] {logging_mixin.py:190} INFO - [2025-11-10T23:47:01.642+0000] {dag.py:4180} INFO - Setting next_dagrun for example_subdag_operator.section-1 to None, run_after=None
[2025-11-10T23:47:01.642+0000] {logging_mixin.py:190} INFO - [2025-11-10T23:47:01.642+0000] {dag.py:4180} INFO - Setting next_dagrun for example_subdag_operator.section-2 to None, run_after=None
[2025-11-10T23:47:01.648+0000] {processor.py:208} INFO - Processing /home/airflow/.local/lib/python3.12/site-packages/airflow/example_dags/example_subdag_operator.py took 0.063 seconds
[2025-11-10T23:47:32.588+0000] {processor.py:186} INFO - Started process (PID=669) to work on /home/airflow/.local/lib/python3.12/site-packages/airflow/example_dags/example_subdag_operator.py
[2025-11-10T23:47:32.589+0000] {processor.py:914} INFO - Processing file /home/airflow/.local/lib/python3.12/site-packages/airflow/example_dags/example_subdag_operator.py for tasks to queue
[2025-11-10T23:47:32.590+0000] {logging_mixin.py:190} INFO - [2025-11-10T23:47:32.590+0000] {dagbag.py:588} INFO - Filling up the DagBag from /home/airflow/.local/lib/python3.12/site-packages/airflow/example_dags/example_subdag_operator.py
[2025-11-10T23:47:32.605+0000] {processor.py:925} INFO - DAG(s) 'example_subdag_operator.section-1', 'example_subdag_operator.section-2', 'example_subdag_operator' retrieved from /home/airflow/.local/lib/python3.12/site-packages/airflow/example_dags/example_subdag_operator.py
[2025-11-10T23:47:32.615+0000] {logging_mixin.py:190} INFO - [2025-11-10T23:47:32.615+0000] {dag.py:3239} INFO - Sync 3 DAGs
[2025-11-10T23:47:32.634+0000] {logging_mixin.py:190} INFO - [2025-11-10T23:47:32.634+0000] {dag.py:4180} INFO - Setting next_dagrun for example_subdag_operator to 2022-01-01 00:00:00+00:00, run_after=2022-01-01 00:00:00+00:00
[2025-11-10T23:47:32.637+0000] {logging_mixin.py:190} INFO - [2025-11-10T23:47:32.637+0000] {dag.py:4180} INFO - Setting next_dagrun for example_subdag_operator.section-1 to None, run_after=None
[2025-11-10T23:47:32.638+0000] {logging_mixin.py:190} INFO - [2025-11-10T23:47:32.638+0000] {dag.py:4180} INFO - Setting next_dagrun for example_subdag_operator.section-2 to None, run_after=None
[2025-11-10T23:47:32.643+0000] {logging_mixin.py:190} INFO - [2025-11-10T23:47:32.642+0000] {dag.py:3239} INFO - Sync 2 DAGs
[2025-11-10T23:47:32.646+0000] {logging_mixin.py:190} INFO - [2025-11-10T23:47:32.646+0000] {dag.py:4180} INFO - Setting next_dagrun for example_subdag_operator.section-1 to None, run_after=None
[2025-11-10T23:47:32.646+0000] {logging_mixin.py:190} INFO - [2025-11-10T23:47:32.646+0000] {dag.py:4180} INFO - Setting next_dagrun for example_subdag_operator.section-2 to None, run_after=None
[2025-11-10T23:47:32.655+0000] {processor.py:208} INFO - Processing /home/airflow/.local/lib/python3.12/site-packages/airflow/example_dags/example_subdag_operator.py took 0.070 seconds
[2025-11-10T23:48:04.388+0000] {processor.py:186} INFO - Started process (PID=737) to work on /home/airflow/.local/lib/python3.12/site-packages/airflow/example_dags/example_subdag_operator.py
[2025-11-10T23:48:04.390+0000] {processor.py:914} INFO - Processing file /home/airflow/.local/lib/python3.12/site-packages/airflow/example_dags/example_subdag_operator.py for tasks to queue
[2025-11-10T23:48:04.391+0000] {logging_mixin.py:190} INFO - [2025-11-10T23:48:04.391+0000] {dagbag.py:588} INFO - Filling up the DagBag from /home/airflow/.local/lib/python3.12/site-packages/airflow/example_dags/example_subdag_operator.py
[2025-11-10T23:48:04.409+0000] {processor.py:925} INFO - DAG(s) 'example_subdag_operator.section-1', 'example_subdag_operator.section-2', 'example_subdag_operator' retrieved from /home/airflow/.local/lib/python3.12/site-packages/airflow/example_dags/example_subdag_operator.py
[2025-11-10T23:48:04.418+0000] {logging_mixin.py:190} INFO - [2025-11-10T23:48:04.417+0000] {dag.py:3239} INFO - Sync 3 DAGs
[2025-11-10T23:48:04.431+0000] {logging_mixin.py:190} INFO - [2025-11-10T23:48:04.431+0000] {dag.py:4180} INFO - Setting next_dagrun for example_subdag_operator to 2022-01-01 00:00:00+00:00, run_after=2022-01-01 00:00:00+00:00
[2025-11-10T23:48:04.433+0000] {logging_mixin.py:190} INFO - [2025-11-10T23:48:04.433+0000] {dag.py:4180} INFO - Setting next_dagrun for example_subdag_operator.section-1 to None, run_after=None
[2025-11-10T23:48:04.434+0000] {logging_mixin.py:190} INFO - [2025-11-10T23:48:04.433+0000] {dag.py:4180} INFO - Setting next_dagrun for example_subdag_operator.section-2 to None, run_after=None
[2025-11-10T23:48:04.437+0000] {logging_mixin.py:190} INFO - [2025-11-10T23:48:04.437+0000] {dag.py:3239} INFO - Sync 2 DAGs
[2025-11-10T23:48:04.440+0000] {logging_mixin.py:190} INFO - [2025-11-10T23:48:04.440+0000] {dag.py:4180} INFO - Setting next_dagrun for example_subdag_operator.section-1 to None, run_after=None
[2025-11-10T23:48:04.440+0000] {logging_mixin.py:190} INFO - [2025-11-10T23:48:04.440+0000] {dag.py:4180} INFO - Setting next_dagrun for example_subdag_operator.section-2 to None, run_after=None
[2025-11-10T23:48:04.446+0000] {processor.py:208} INFO - Processing /home/airflow/.local/lib/python3.12/site-packages/airflow/example_dags/example_subdag_operator.py took 0.062 seconds
[2025-11-10T23:48:35.663+0000] {processor.py:186} INFO - Started process (PID=802) to work on /home/airflow/.local/lib/python3.12/site-packages/airflow/example_dags/example_subdag_operator.py
[2025-11-10T23:48:35.664+0000] {processor.py:914} INFO - Processing file /home/airflow/.local/lib/python3.12/site-packages/airflow/example_dags/example_subdag_operator.py for tasks to queue
[2025-11-10T23:48:35.665+0000] {logging_mixin.py:190} INFO - [2025-11-10T23:48:35.665+0000] {dagbag.py:588} INFO - Filling up the DagBag from /home/airflow/.local/lib/python3.12/site-packages/airflow/example_dags/example_subdag_operator.py
[2025-11-10T23:48:35.684+0000] {processor.py:925} INFO - DAG(s) 'example_subdag_operator.section-1', 'example_subdag_operator.section-2', 'example_subdag_operator' retrieved from /home/airflow/.local/lib/python3.12/site-packages/airflow/example_dags/example_subdag_operator.py
[2025-11-10T23:48:35.693+0000] {logging_mixin.py:190} INFO - [2025-11-10T23:48:35.693+0000] {dag.py:3239} INFO - Sync 3 DAGs
[2025-11-10T23:48:35.708+0000] {logging_mixin.py:190} INFO - [2025-11-10T23:48:35.708+0000] {dag.py:4180} INFO - Setting next_dagrun for example_subdag_operator to 2022-01-01 00:00:00+00:00, run_after=2022-01-01 00:00:00+00:00
[2025-11-10T23:48:35.711+0000] {logging_mixin.py:190} INFO - [2025-11-10T23:48:35.710+0000] {dag.py:4180} INFO - Setting next_dagrun for example_subdag_operator.section-1 to None, run_after=None
[2025-11-10T23:48:35.711+0000] {logging_mixin.py:190} INFO - [2025-11-10T23:48:35.711+0000] {dag.py:4180} INFO - Setting next_dagrun for example_subdag_operator.section-2 to None, run_after=None
[2025-11-10T23:48:35.715+0000] {logging_mixin.py:190} INFO - [2025-11-10T23:48:35.715+0000] {dag.py:3239} INFO - Sync 2 DAGs
[2025-11-10T23:48:35.719+0000] {logging_mixin.py:190} INFO - [2025-11-10T23:48:35.719+0000] {dag.py:4180} INFO - Setting next_dagrun for example_subdag_operator.section-1 to None, run_after=None
[2025-11-10T23:48:35.719+0000] {logging_mixin.py:190} INFO - [2025-11-10T23:48:35.719+0000] {dag.py:4180} INFO - Setting next_dagrun for example_subdag_operator.section-2 to None, run_after=None
[2025-11-10T23:48:35.729+0000] {processor.py:208} INFO - Processing /home/airflow/.local/lib/python3.12/site-packages/airflow/example_dags/example_subdag_operator.py took 0.070 seconds
[2025-11-10T23:49:06.279+0000] {processor.py:186} INFO - Started process (PID=867) to work on /home/airflow/.local/lib/python3.12/site-packages/airflow/example_dags/example_subdag_operator.py
[2025-11-10T23:49:06.279+0000] {processor.py:914} INFO - Processing file /home/airflow/.local/lib/python3.12/site-packages/airflow/example_dags/example_subdag_operator.py for tasks to queue
[2025-11-10T23:49:06.281+0000] {logging_mixin.py:190} INFO - [2025-11-10T23:49:06.281+0000] {dagbag.py:588} INFO - Filling up the DagBag from /home/airflow/.local/lib/python3.12/site-packages/airflow/example_dags/example_subdag_operator.py
[2025-11-10T23:49:06.299+0000] {processor.py:925} INFO - DAG(s) 'example_subdag_operator.section-1', 'example_subdag_operator.section-2', 'example_subdag_operator' retrieved from /home/airflow/.local/lib/python3.12/site-packages/airflow/example_dags/example_subdag_operator.py
[2025-11-10T23:49:06.310+0000] {logging_mixin.py:190} INFO - [2025-11-10T23:49:06.310+0000] {dag.py:3239} INFO - Sync 3 DAGs
[2025-11-10T23:49:06.328+0000] {logging_mixin.py:190} INFO - [2025-11-10T23:49:06.327+0000] {dag.py:4180} INFO - Setting next_dagrun for example_subdag_operator to 2022-01-01 00:00:00+00:00, run_after=2022-01-01 00:00:00+00:00
[2025-11-10T23:49:06.330+0000] {logging_mixin.py:190} INFO - [2025-11-10T23:49:06.330+0000] {dag.py:4180} INFO - Setting next_dagrun for example_subdag_operator.section-1 to None, run_after=None
[2025-11-10T23:49:06.331+0000] {logging_mixin.py:190} INFO - [2025-11-10T23:49:06.331+0000] {dag.py:4180} INFO - Setting next_dagrun for example_subdag_operator.section-2 to None, run_after=None
[2025-11-10T23:49:06.335+0000] {logging_mixin.py:190} INFO - [2025-11-10T23:49:06.335+0000] {dag.py:3239} INFO - Sync 2 DAGs
[2025-11-10T23:49:06.339+0000] {logging_mixin.py:190} INFO - [2025-11-10T23:49:06.338+0000] {dag.py:4180} INFO - Setting next_dagrun for example_subdag_operator.section-1 to None, run_after=None
[2025-11-10T23:49:06.339+0000] {logging_mixin.py:190} INFO - [2025-11-10T23:49:06.339+0000] {dag.py:4180} INFO - Setting next_dagrun for example_subdag_operator.section-2 to None, run_after=None
[2025-11-10T23:49:06.345+0000] {processor.py:208} INFO - Processing /home/airflow/.local/lib/python3.12/site-packages/airflow/example_dags/example_subdag_operator.py took 0.070 seconds
[2025-11-10T23:49:36.958+0000] {processor.py:186} INFO - Started process (PID=934) to work on /home/airflow/.local/lib/python3.12/site-packages/airflow/example_dags/example_subdag_operator.py
[2025-11-10T23:49:36.958+0000] {processor.py:914} INFO - Processing file /home/airflow/.local/lib/python3.12/site-packages/airflow/example_dags/example_subdag_operator.py for tasks to queue
[2025-11-10T23:49:36.959+0000] {logging_mixin.py:190} INFO - [2025-11-10T23:49:36.959+0000] {dagbag.py:588} INFO - Filling up the DagBag from /home/airflow/.local/lib/python3.12/site-packages/airflow/example_dags/example_subdag_operator.py
[2025-11-10T23:49:36.974+0000] {processor.py:925} INFO - DAG(s) 'example_subdag_operator.section-1', 'example_subdag_operator.section-2', 'example_subdag_operator' retrieved from /home/airflow/.local/lib/python3.12/site-packages/airflow/example_dags/example_subdag_operator.py
[2025-11-10T23:49:36.981+0000] {logging_mixin.py:190} INFO - [2025-11-10T23:49:36.981+0000] {dag.py:3239} INFO - Sync 3 DAGs
[2025-11-10T23:49:36.993+0000] {logging_mixin.py:190} INFO - [2025-11-10T23:49:36.993+0000] {dag.py:4180} INFO - Setting next_dagrun for example_subdag_operator to 2022-01-01 00:00:00+00:00, run_after=2022-01-01 00:00:00+00:00
[2025-11-10T23:49:36.995+0000] {logging_mixin.py:190} INFO - [2025-11-10T23:49:36.995+0000] {dag.py:4180} INFO - Setting next_dagrun for example_subdag_operator.section-1 to None, run_after=None
[2025-11-10T23:49:36.996+0000] {logging_mixin.py:190} INFO - [2025-11-10T23:49:36.996+0000] {dag.py:4180} INFO - Setting next_dagrun for example_subdag_operator.section-2 to None, run_after=None
[2025-11-10T23:49:36.999+0000] {logging_mixin.py:190} INFO - [2025-11-10T23:49:36.999+0000] {dag.py:3239} INFO - Sync 2 DAGs
[2025-11-10T23:49:37.002+0000] {logging_mixin.py:190} INFO - [2025-11-10T23:49:37.002+0000] {dag.py:4180} INFO - Setting next_dagrun for example_subdag_operator.section-1 to None, run_after=None
[2025-11-10T23:49:37.002+0000] {logging_mixin.py:190} INFO - [2025-11-10T23:49:37.002+0000] {dag.py:4180} INFO - Setting next_dagrun for example_subdag_operator.section-2 to None, run_after=None
[2025-11-10T23:49:37.010+0000] {processor.py:208} INFO - Processing /home/airflow/.local/lib/python3.12/site-packages/airflow/example_dags/example_subdag_operator.py took 0.056 seconds
[2025-11-10T23:50:07.535+0000] {processor.py:186} INFO - Started process (PID=1003) to work on /home/airflow/.local/lib/python3.12/site-packages/airflow/example_dags/example_subdag_operator.py
[2025-11-10T23:50:07.536+0000] {processor.py:914} INFO - Processing file /home/airflow/.local/lib/python3.12/site-packages/airflow/example_dags/example_subdag_operator.py for tasks to queue
[2025-11-10T23:50:07.537+0000] {logging_mixin.py:190} INFO - [2025-11-10T23:50:07.537+0000] {dagbag.py:588} INFO - Filling up the DagBag from /home/airflow/.local/lib/python3.12/site-packages/airflow/example_dags/example_subdag_operator.py
[2025-11-10T23:50:07.555+0000] {processor.py:925} INFO - DAG(s) 'example_subdag_operator.section-1', 'example_subdag_operator.section-2', 'example_subdag_operator' retrieved from /home/airflow/.local/lib/python3.12/site-packages/airflow/example_dags/example_subdag_operator.py
[2025-11-10T23:50:07.566+0000] {logging_mixin.py:190} INFO - [2025-11-10T23:50:07.566+0000] {dag.py:3239} INFO - Sync 3 DAGs
[2025-11-10T23:50:07.583+0000] {logging_mixin.py:190} INFO - [2025-11-10T23:50:07.582+0000] {dag.py:4180} INFO - Setting next_dagrun for example_subdag_operator to 2022-01-01 00:00:00+00:00, run_after=2022-01-01 00:00:00+00:00
[2025-11-10T23:50:07.586+0000] {logging_mixin.py:190} INFO - [2025-11-10T23:50:07.585+0000] {dag.py:4180} INFO - Setting next_dagrun for example_subdag_operator.section-1 to None, run_after=None
[2025-11-10T23:50:07.586+0000] {logging_mixin.py:190} INFO - [2025-11-10T23:50:07.586+0000] {dag.py:4180} INFO - Setting next_dagrun for example_subdag_operator.section-2 to None, run_after=None
[2025-11-10T23:50:07.592+0000] {logging_mixin.py:190} INFO - [2025-11-10T23:50:07.592+0000] {dag.py:3239} INFO - Sync 2 DAGs
[2025-11-10T23:50:07.596+0000] {logging_mixin.py:190} INFO - [2025-11-10T23:50:07.596+0000] {dag.py:4180} INFO - Setting next_dagrun for example_subdag_operator.section-1 to None, run_after=None
[2025-11-10T23:50:07.596+0000] {logging_mixin.py:190} INFO - [2025-11-10T23:50:07.596+0000] {dag.py:4180} INFO - Setting next_dagrun for example_subdag_operator.section-2 to None, run_after=None
[2025-11-10T23:50:07.603+0000] {processor.py:208} INFO - Processing /home/airflow/.local/lib/python3.12/site-packages/airflow/example_dags/example_subdag_operator.py took 0.073 seconds
[2025-11-10T23:50:38.198+0000] {processor.py:186} INFO - Started process (PID=1069) to work on /home/airflow/.local/lib/python3.12/site-packages/airflow/example_dags/example_subdag_operator.py
[2025-11-10T23:50:38.199+0000] {processor.py:914} INFO - Processing file /home/airflow/.local/lib/python3.12/site-packages/airflow/example_dags/example_subdag_operator.py for tasks to queue
[2025-11-10T23:50:38.201+0000] {logging_mixin.py:190} INFO - [2025-11-10T23:50:38.200+0000] {dagbag.py:588} INFO - Filling up the DagBag from /home/airflow/.local/lib/python3.12/site-packages/airflow/example_dags/example_subdag_operator.py
[2025-11-10T23:50:38.220+0000] {processor.py:925} INFO - DAG(s) 'example_subdag_operator.section-1', 'example_subdag_operator.section-2', 'example_subdag_operator' retrieved from /home/airflow/.local/lib/python3.12/site-packages/airflow/example_dags/example_subdag_operator.py
[2025-11-10T23:50:38.231+0000] {logging_mixin.py:190} INFO - [2025-11-10T23:50:38.230+0000] {dag.py:3239} INFO - Sync 3 DAGs
[2025-11-10T23:50:38.247+0000] {logging_mixin.py:190} INFO - [2025-11-10T23:50:38.247+0000] {dag.py:4180} INFO - Setting next_dagrun for example_subdag_operator to 2022-01-01 00:00:00+00:00, run_after=2022-01-01 00:00:00+00:00
[2025-11-10T23:50:38.250+0000] {logging_mixin.py:190} INFO - [2025-11-10T23:50:38.250+0000] {dag.py:4180} INFO - Setting next_dagrun for example_subdag_operator.section-1 to None, run_after=None
[2025-11-10T23:50:38.251+0000] {logging_mixin.py:190} INFO - [2025-11-10T23:50:38.251+0000] {dag.py:4180} INFO - Setting next_dagrun for example_subdag_operator.section-2 to None, run_after=None
[2025-11-10T23:50:38.257+0000] {logging_mixin.py:190} INFO - [2025-11-10T23:50:38.257+0000] {dag.py:3239} INFO - Sync 2 DAGs
[2025-11-10T23:50:38.261+0000] {logging_mixin.py:190} INFO - [2025-11-10T23:50:38.261+0000] {dag.py:4180} INFO - Setting next_dagrun for example_subdag_operator.section-1 to None, run_after=None
[2025-11-10T23:50:38.261+0000] {logging_mixin.py:190} INFO - [2025-11-10T23:50:38.261+0000] {dag.py:4180} INFO - Setting next_dagrun for example_subdag_operator.section-2 to None, run_after=None
[2025-11-10T23:50:38.269+0000] {processor.py:208} INFO - Processing /home/airflow/.local/lib/python3.12/site-packages/airflow/example_dags/example_subdag_operator.py took 0.078 seconds
[2025-11-10T23:51:09.138+0000] {processor.py:186} INFO - Started process (PID=1136) to work on /home/airflow/.local/lib/python3.12/site-packages/airflow/example_dags/example_subdag_operator.py
[2025-11-10T23:51:09.138+0000] {processor.py:914} INFO - Processing file /home/airflow/.local/lib/python3.12/site-packages/airflow/example_dags/example_subdag_operator.py for tasks to queue
[2025-11-10T23:51:09.140+0000] {logging_mixin.py:190} INFO - [2025-11-10T23:51:09.139+0000] {dagbag.py:588} INFO - Filling up the DagBag from /home/airflow/.local/lib/python3.12/site-packages/airflow/example_dags/example_subdag_operator.py
[2025-11-10T23:51:09.154+0000] {processor.py:925} INFO - DAG(s) 'example_subdag_operator.section-1', 'example_subdag_operator.section-2', 'example_subdag_operator' retrieved from /home/airflow/.local/lib/python3.12/site-packages/airflow/example_dags/example_subdag_operator.py
[2025-11-10T23:51:09.161+0000] {logging_mixin.py:190} INFO - [2025-11-10T23:51:09.161+0000] {dag.py:3239} INFO - Sync 3 DAGs
[2025-11-10T23:51:09.175+0000] {logging_mixin.py:190} INFO - [2025-11-10T23:51:09.175+0000] {dag.py:4180} INFO - Setting next_dagrun for example_subdag_operator to 2022-01-01 00:00:00+00:00, run_after=2022-01-01 00:00:00+00:00
[2025-11-10T23:51:09.177+0000] {logging_mixin.py:190} INFO - [2025-11-10T23:51:09.177+0000] {dag.py:4180} INFO - Setting next_dagrun for example_subdag_operator.section-1 to None, run_after=None
[2025-11-10T23:51:09.178+0000] {logging_mixin.py:190} INFO - [2025-11-10T23:51:09.178+0000] {dag.py:4180} INFO - Setting next_dagrun for example_subdag_operator.section-2 to None, run_after=None
[2025-11-10T23:51:09.181+0000] {logging_mixin.py:190} INFO - [2025-11-10T23:51:09.181+0000] {dag.py:3239} INFO - Sync 2 DAGs
[2025-11-10T23:51:09.184+0000] {logging_mixin.py:190} INFO - [2025-11-10T23:51:09.184+0000] {dag.py:4180} INFO - Setting next_dagrun for example_subdag_operator.section-1 to None, run_after=None
[2025-11-10T23:51:09.185+0000] {logging_mixin.py:190} INFO - [2025-11-10T23:51:09.185+0000] {dag.py:4180} INFO - Setting next_dagrun for example_subdag_operator.section-2 to None, run_after=None
[2025-11-10T23:51:09.192+0000] {processor.py:208} INFO - Processing /home/airflow/.local/lib/python3.12/site-packages/airflow/example_dags/example_subdag_operator.py took 0.058 seconds
[2025-11-10T23:51:39.474+0000] {processor.py:186} INFO - Started process (PID=1203) to work on /home/airflow/.local/lib/python3.12/site-packages/airflow/example_dags/example_subdag_operator.py
[2025-11-10T23:51:39.474+0000] {processor.py:914} INFO - Processing file /home/airflow/.local/lib/python3.12/site-packages/airflow/example_dags/example_subdag_operator.py for tasks to queue
[2025-11-10T23:51:39.476+0000] {logging_mixin.py:190} INFO - [2025-11-10T23:51:39.476+0000] {dagbag.py:588} INFO - Filling up the DagBag from /home/airflow/.local/lib/python3.12/site-packages/airflow/example_dags/example_subdag_operator.py
[2025-11-10T23:51:39.495+0000] {processor.py:925} INFO - DAG(s) 'example_subdag_operator.section-1', 'example_subdag_operator.section-2', 'example_subdag_operator' retrieved from /home/airflow/.local/lib/python3.12/site-packages/airflow/example_dags/example_subdag_operator.py
[2025-11-10T23:51:39.506+0000] {logging_mixin.py:190} INFO - [2025-11-10T23:51:39.506+0000] {dag.py:3239} INFO - Sync 3 DAGs
[2025-11-10T23:51:39.520+0000] {logging_mixin.py:190} INFO - [2025-11-10T23:51:39.520+0000] {dag.py:4180} INFO - Setting next_dagrun for example_subdag_operator to 2022-01-01 00:00:00+00:00, run_after=2022-01-01 00:00:00+00:00
[2025-11-10T23:51:39.522+0000] {logging_mixin.py:190} INFO - [2025-11-10T23:51:39.522+0000] {dag.py:4180} INFO - Setting next_dagrun for example_subdag_operator.section-1 to None, run_after=None
[2025-11-10T23:51:39.523+0000] {logging_mixin.py:190} INFO - [2025-11-10T23:51:39.522+0000] {dag.py:4180} INFO - Setting next_dagrun for example_subdag_operator.section-2 to None, run_after=None
[2025-11-10T23:51:39.526+0000] {logging_mixin.py:190} INFO - [2025-11-10T23:51:39.526+0000] {dag.py:3239} INFO - Sync 2 DAGs
[2025-11-10T23:51:39.529+0000] {logging_mixin.py:190} INFO - [2025-11-10T23:51:39.529+0000] {dag.py:4180} INFO - Setting next_dagrun for example_subdag_operator.section-1 to None, run_after=None
[2025-11-10T23:51:39.529+0000] {logging_mixin.py:190} INFO - [2025-11-10T23:51:39.529+0000] {dag.py:4180} INFO - Setting next_dagrun for example_subdag_operator.section-2 to None, run_after=None
[2025-11-10T23:51:39.535+0000] {processor.py:208} INFO - Processing /home/airflow/.local/lib/python3.12/site-packages/airflow/example_dags/example_subdag_operator.py took 0.065 seconds
[2025-11-10T23:52:11.863+0000] {processor.py:186} INFO - Started process (PID=1269) to work on /home/airflow/.local/lib/python3.12/site-packages/airflow/example_dags/example_subdag_operator.py
[2025-11-10T23:52:11.863+0000] {processor.py:914} INFO - Processing file /home/airflow/.local/lib/python3.12/site-packages/airflow/example_dags/example_subdag_operator.py for tasks to queue
[2025-11-10T23:52:11.865+0000] {logging_mixin.py:190} INFO - [2025-11-10T23:52:11.865+0000] {dagbag.py:588} INFO - Filling up the DagBag from /home/airflow/.local/lib/python3.12/site-packages/airflow/example_dags/example_subdag_operator.py
[2025-11-10T23:52:11.881+0000] {processor.py:925} INFO - DAG(s) 'example_subdag_operator.section-1', 'example_subdag_operator.section-2', 'example_subdag_operator' retrieved from /home/airflow/.local/lib/python3.12/site-packages/airflow/example_dags/example_subdag_operator.py
[2025-11-10T23:52:11.888+0000] {logging_mixin.py:190} INFO - [2025-11-10T23:52:11.888+0000] {dag.py:3239} INFO - Sync 3 DAGs
[2025-11-10T23:52:11.901+0000] {logging_mixin.py:190} INFO - [2025-11-10T23:52:11.901+0000] {dag.py:4180} INFO - Setting next_dagrun for example_subdag_operator to 2022-01-01 00:00:00+00:00, run_after=2022-01-01 00:00:00+00:00
[2025-11-10T23:52:11.903+0000] {logging_mixin.py:190} INFO - [2025-11-10T23:52:11.903+0000] {dag.py:4180} INFO - Setting next_dagrun for example_subdag_operator.section-1 to None, run_after=None
[2025-11-10T23:52:11.904+0000] {logging_mixin.py:190} INFO - [2025-11-10T23:52:11.904+0000] {dag.py:4180} INFO - Setting next_dagrun for example_subdag_operator.section-2 to None, run_after=None
[2025-11-10T23:52:11.908+0000] {logging_mixin.py:190} INFO - [2025-11-10T23:52:11.908+0000] {dag.py:3239} INFO - Sync 2 DAGs
[2025-11-10T23:52:11.910+0000] {logging_mixin.py:190} INFO - [2025-11-10T23:52:11.910+0000] {dag.py:4180} INFO - Setting next_dagrun for example_subdag_operator.section-1 to None, run_after=None
[2025-11-10T23:52:11.911+0000] {logging_mixin.py:190} INFO - [2025-11-10T23:52:11.911+0000] {dag.py:4180} INFO - Setting next_dagrun for example_subdag_operator.section-2 to None, run_after=None
[2025-11-10T23:52:11.918+0000] {processor.py:208} INFO - Processing /home/airflow/.local/lib/python3.12/site-packages/airflow/example_dags/example_subdag_operator.py took 0.061 seconds
[2025-11-10T23:52:42.448+0000] {processor.py:186} INFO - Started process (PID=1335) to work on /home/airflow/.local/lib/python3.12/site-packages/airflow/example_dags/example_subdag_operator.py
[2025-11-10T23:52:42.449+0000] {processor.py:914} INFO - Processing file /home/airflow/.local/lib/python3.12/site-packages/airflow/example_dags/example_subdag_operator.py for tasks to queue
[2025-11-10T23:52:42.450+0000] {logging_mixin.py:190} INFO - [2025-11-10T23:52:42.450+0000] {dagbag.py:588} INFO - Filling up the DagBag from /home/airflow/.local/lib/python3.12/site-packages/airflow/example_dags/example_subdag_operator.py
[2025-11-10T23:52:42.469+0000] {processor.py:925} INFO - DAG(s) 'example_subdag_operator.section-1', 'example_subdag_operator.section-2', 'example_subdag_operator' retrieved from /home/airflow/.local/lib/python3.12/site-packages/airflow/example_dags/example_subdag_operator.py
[2025-11-10T23:52:42.486+0000] {logging_mixin.py:190} INFO - [2025-11-10T23:52:42.485+0000] {dag.py:3239} INFO - Sync 3 DAGs
[2025-11-10T23:52:42.500+0000] {logging_mixin.py:190} INFO - [2025-11-10T23:52:42.500+0000] {dag.py:4180} INFO - Setting next_dagrun for example_subdag_operator to 2022-01-01 00:00:00+00:00, run_after=2022-01-01 00:00:00+00:00
[2025-11-10T23:52:42.502+0000] {logging_mixin.py:190} INFO - [2025-11-10T23:52:42.502+0000] {dag.py:4180} INFO - Setting next_dagrun for example_subdag_operator.section-1 to None, run_after=None
[2025-11-10T23:52:42.503+0000] {logging_mixin.py:190} INFO - [2025-11-10T23:52:42.503+0000] {dag.py:4180} INFO - Setting next_dagrun for example_subdag_operator.section-2 to None, run_after=None
[2025-11-10T23:52:42.507+0000] {logging_mixin.py:190} INFO - [2025-11-10T23:52:42.507+0000] {dag.py:3239} INFO - Sync 2 DAGs
[2025-11-10T23:52:42.510+0000] {logging_mixin.py:190} INFO - [2025-11-10T23:52:42.510+0000] {dag.py:4180} INFO - Setting next_dagrun for example_subdag_operator.section-1 to None, run_after=None
[2025-11-10T23:52:42.510+0000] {logging_mixin.py:190} INFO - [2025-11-10T23:52:42.510+0000] {dag.py:4180} INFO - Setting next_dagrun for example_subdag_operator.section-2 to None, run_after=None
[2025-11-10T23:52:42.518+0000] {processor.py:208} INFO - Processing /home/airflow/.local/lib/python3.12/site-packages/airflow/example_dags/example_subdag_operator.py took 0.074 seconds
[2025-11-10T23:53:14.170+0000] {processor.py:186} INFO - Started process (PID=1407) to work on /home/airflow/.local/lib/python3.12/site-packages/airflow/example_dags/example_subdag_operator.py
[2025-11-10T23:53:14.170+0000] {processor.py:914} INFO - Processing file /home/airflow/.local/lib/python3.12/site-packages/airflow/example_dags/example_subdag_operator.py for tasks to queue
[2025-11-10T23:53:14.172+0000] {logging_mixin.py:190} INFO - [2025-11-10T23:53:14.171+0000] {dagbag.py:588} INFO - Filling up the DagBag from /home/airflow/.local/lib/python3.12/site-packages/airflow/example_dags/example_subdag_operator.py
[2025-11-10T23:53:14.188+0000] {processor.py:925} INFO - DAG(s) 'example_subdag_operator.section-1', 'example_subdag_operator.section-2', 'example_subdag_operator' retrieved from /home/airflow/.local/lib/python3.12/site-packages/airflow/example_dags/example_subdag_operator.py
[2025-11-10T23:53:14.197+0000] {logging_mixin.py:190} INFO - [2025-11-10T23:53:14.196+0000] {dag.py:3239} INFO - Sync 3 DAGs
[2025-11-10T23:53:14.211+0000] {logging_mixin.py:190} INFO - [2025-11-10T23:53:14.210+0000] {dag.py:4180} INFO - Setting next_dagrun for example_subdag_operator to 2022-01-01 00:00:00+00:00, run_after=2022-01-01 00:00:00+00:00
[2025-11-10T23:53:14.213+0000] {logging_mixin.py:190} INFO - [2025-11-10T23:53:14.213+0000] {dag.py:4180} INFO - Setting next_dagrun for example_subdag_operator.section-1 to None, run_after=None
[2025-11-10T23:53:14.214+0000] {logging_mixin.py:190} INFO - [2025-11-10T23:53:14.214+0000] {dag.py:4180} INFO - Setting next_dagrun for example_subdag_operator.section-2 to None, run_after=None
[2025-11-10T23:53:14.218+0000] {logging_mixin.py:190} INFO - [2025-11-10T23:53:14.218+0000] {dag.py:3239} INFO - Sync 2 DAGs
[2025-11-10T23:53:14.221+0000] {logging_mixin.py:190} INFO - [2025-11-10T23:53:14.221+0000] {dag.py:4180} INFO - Setting next_dagrun for example_subdag_operator.section-1 to None, run_after=None
[2025-11-10T23:53:14.222+0000] {logging_mixin.py:190} INFO - [2025-11-10T23:53:14.222+0000] {dag.py:4180} INFO - Setting next_dagrun for example_subdag_operator.section-2 to None, run_after=None
[2025-11-10T23:53:14.232+0000] {processor.py:208} INFO - Processing /home/airflow/.local/lib/python3.12/site-packages/airflow/example_dags/example_subdag_operator.py took 0.066 seconds
[2025-11-10T23:53:44.684+0000] {processor.py:186} INFO - Started process (PID=1472) to work on /home/airflow/.local/lib/python3.12/site-packages/airflow/example_dags/example_subdag_operator.py
[2025-11-10T23:53:44.685+0000] {processor.py:914} INFO - Processing file /home/airflow/.local/lib/python3.12/site-packages/airflow/example_dags/example_subdag_operator.py for tasks to queue
[2025-11-10T23:53:44.686+0000] {logging_mixin.py:190} INFO - [2025-11-10T23:53:44.686+0000] {dagbag.py:588} INFO - Filling up the DagBag from /home/airflow/.local/lib/python3.12/site-packages/airflow/example_dags/example_subdag_operator.py
[2025-11-10T23:53:44.702+0000] {processor.py:925} INFO - DAG(s) 'example_subdag_operator.section-1', 'example_subdag_operator.section-2', 'example_subdag_operator' retrieved from /home/airflow/.local/lib/python3.12/site-packages/airflow/example_dags/example_subdag_operator.py
[2025-11-10T23:53:44.711+0000] {logging_mixin.py:190} INFO - [2025-11-10T23:53:44.711+0000] {dag.py:3239} INFO - Sync 3 DAGs
[2025-11-10T23:53:44.726+0000] {logging_mixin.py:190} INFO - [2025-11-10T23:53:44.726+0000] {dag.py:4180} INFO - Setting next_dagrun for example_subdag_operator to 2022-01-01 00:00:00+00:00, run_after=2022-01-01 00:00:00+00:00
[2025-11-10T23:53:44.728+0000] {logging_mixin.py:190} INFO - [2025-11-10T23:53:44.728+0000] {dag.py:4180} INFO - Setting next_dagrun for example_subdag_operator.section-1 to None, run_after=None
[2025-11-10T23:53:44.729+0000] {logging_mixin.py:190} INFO - [2025-11-10T23:53:44.729+0000] {dag.py:4180} INFO - Setting next_dagrun for example_subdag_operator.section-2 to None, run_after=None
[2025-11-10T23:53:44.735+0000] {logging_mixin.py:190} INFO - [2025-11-10T23:53:44.735+0000] {dag.py:3239} INFO - Sync 2 DAGs
[2025-11-10T23:53:44.739+0000] {logging_mixin.py:190} INFO - [2025-11-10T23:53:44.739+0000] {dag.py:4180} INFO - Setting next_dagrun for example_subdag_operator.section-1 to None, run_after=None
[2025-11-10T23:53:44.740+0000] {logging_mixin.py:190} INFO - [2025-11-10T23:53:44.740+0000] {dag.py:4180} INFO - Setting next_dagrun for example_subdag_operator.section-2 to None, run_after=None
[2025-11-10T23:53:44.748+0000] {processor.py:208} INFO - Processing /home/airflow/.local/lib/python3.12/site-packages/airflow/example_dags/example_subdag_operator.py took 0.067 seconds
[2025-11-10T23:54:16.121+0000] {processor.py:186} INFO - Started process (PID=1539) to work on /home/airflow/.local/lib/python3.12/site-packages/airflow/example_dags/example_subdag_operator.py
[2025-11-10T23:54:16.122+0000] {processor.py:914} INFO - Processing file /home/airflow/.local/lib/python3.12/site-packages/airflow/example_dags/example_subdag_operator.py for tasks to queue
[2025-11-10T23:54:16.122+0000] {logging_mixin.py:190} INFO - [2025-11-10T23:54:16.122+0000] {dagbag.py:588} INFO - Filling up the DagBag from /home/airflow/.local/lib/python3.12/site-packages/airflow/example_dags/example_subdag_operator.py
[2025-11-10T23:54:16.137+0000] {processor.py:925} INFO - DAG(s) 'example_subdag_operator.section-1', 'example_subdag_operator.section-2', 'example_subdag_operator' retrieved from /home/airflow/.local/lib/python3.12/site-packages/airflow/example_dags/example_subdag_operator.py
[2025-11-10T23:54:16.145+0000] {logging_mixin.py:190} INFO - [2025-11-10T23:54:16.145+0000] {dag.py:3239} INFO - Sync 3 DAGs
[2025-11-10T23:54:16.159+0000] {logging_mixin.py:190} INFO - [2025-11-10T23:54:16.159+0000] {dag.py:4180} INFO - Setting next_dagrun for example_subdag_operator to 2022-01-01 00:00:00+00:00, run_after=2022-01-01 00:00:00+00:00
[2025-11-10T23:54:16.161+0000] {logging_mixin.py:190} INFO - [2025-11-10T23:54:16.161+0000] {dag.py:4180} INFO - Setting next_dagrun for example_subdag_operator.section-1 to None, run_after=None
[2025-11-10T23:54:16.162+0000] {logging_mixin.py:190} INFO - [2025-11-10T23:54:16.162+0000] {dag.py:4180} INFO - Setting next_dagrun for example_subdag_operator.section-2 to None, run_after=None
[2025-11-10T23:54:16.166+0000] {logging_mixin.py:190} INFO - [2025-11-10T23:54:16.166+0000] {dag.py:3239} INFO - Sync 2 DAGs
[2025-11-10T23:54:16.170+0000] {logging_mixin.py:190} INFO - [2025-11-10T23:54:16.170+0000] {dag.py:4180} INFO - Setting next_dagrun for example_subdag_operator.section-1 to None, run_after=None
[2025-11-10T23:54:16.170+0000] {logging_mixin.py:190} INFO - [2025-11-10T23:54:16.170+0000] {dag.py:4180} INFO - Setting next_dagrun for example_subdag_operator.section-2 to None, run_after=None
[2025-11-10T23:54:16.176+0000] {processor.py:208} INFO - Processing /home/airflow/.local/lib/python3.12/site-packages/airflow/example_dags/example_subdag_operator.py took 0.058 seconds
[2025-11-10T23:54:46.752+0000] {processor.py:186} INFO - Started process (PID=1604) to work on /home/airflow/.local/lib/python3.12/site-packages/airflow/example_dags/example_subdag_operator.py
[2025-11-10T23:54:46.753+0000] {processor.py:914} INFO - Processing file /home/airflow/.local/lib/python3.12/site-packages/airflow/example_dags/example_subdag_operator.py for tasks to queue
[2025-11-10T23:54:46.753+0000] {logging_mixin.py:190} INFO - [2025-11-10T23:54:46.753+0000] {dagbag.py:588} INFO - Filling up the DagBag from /home/airflow/.local/lib/python3.12/site-packages/airflow/example_dags/example_subdag_operator.py
[2025-11-10T23:54:46.773+0000] {processor.py:925} INFO - DAG(s) 'example_subdag_operator.section-1', 'example_subdag_operator.section-2', 'example_subdag_operator' retrieved from /home/airflow/.local/lib/python3.12/site-packages/airflow/example_dags/example_subdag_operator.py
[2025-11-10T23:54:46.782+0000] {logging_mixin.py:190} INFO - [2025-11-10T23:54:46.782+0000] {dag.py:3239} INFO - Sync 3 DAGs
[2025-11-10T23:54:46.804+0000] {logging_mixin.py:190} INFO - [2025-11-10T23:54:46.804+0000] {dag.py:4180} INFO - Setting next_dagrun for example_subdag_operator to 2022-01-01 00:00:00+00:00, run_after=2022-01-01 00:00:00+00:00
[2025-11-10T23:54:46.807+0000] {logging_mixin.py:190} INFO - [2025-11-10T23:54:46.807+0000] {dag.py:4180} INFO - Setting next_dagrun for example_subdag_operator.section-1 to None, run_after=None
[2025-11-10T23:54:46.808+0000] {logging_mixin.py:190} INFO - [2025-11-10T23:54:46.808+0000] {dag.py:4180} INFO - Setting next_dagrun for example_subdag_operator.section-2 to None, run_after=None
[2025-11-10T23:54:46.812+0000] {logging_mixin.py:190} INFO - [2025-11-10T23:54:46.812+0000] {dag.py:3239} INFO - Sync 2 DAGs
[2025-11-10T23:54:46.817+0000] {logging_mixin.py:190} INFO - [2025-11-10T23:54:46.816+0000] {dag.py:4180} INFO - Setting next_dagrun for example_subdag_operator.section-1 to None, run_after=None
[2025-11-10T23:54:46.817+0000] {logging_mixin.py:190} INFO - [2025-11-10T23:54:46.817+0000] {dag.py:4180} INFO - Setting next_dagrun for example_subdag_operator.section-2 to None, run_after=None
[2025-11-10T23:54:46.824+0000] {processor.py:208} INFO - Processing /home/airflow/.local/lib/python3.12/site-packages/airflow/example_dags/example_subdag_operator.py took 0.075 seconds
[2025-11-10T23:55:17.088+0000] {processor.py:186} INFO - Started process (PID=1668) to work on /home/airflow/.local/lib/python3.12/site-packages/airflow/example_dags/example_subdag_operator.py
[2025-11-10T23:55:17.088+0000] {processor.py:914} INFO - Processing file /home/airflow/.local/lib/python3.12/site-packages/airflow/example_dags/example_subdag_operator.py for tasks to queue
[2025-11-10T23:55:17.089+0000] {logging_mixin.py:190} INFO - [2025-11-10T23:55:17.089+0000] {dagbag.py:588} INFO - Filling up the DagBag from /home/airflow/.local/lib/python3.12/site-packages/airflow/example_dags/example_subdag_operator.py
[2025-11-10T23:55:17.103+0000] {processor.py:925} INFO - DAG(s) 'example_subdag_operator.section-1', 'example_subdag_operator.section-2', 'example_subdag_operator' retrieved from /home/airflow/.local/lib/python3.12/site-packages/airflow/example_dags/example_subdag_operator.py
[2025-11-10T23:55:17.112+0000] {logging_mixin.py:190} INFO - [2025-11-10T23:55:17.112+0000] {dag.py:3239} INFO - Sync 3 DAGs
[2025-11-10T23:55:17.126+0000] {logging_mixin.py:190} INFO - [2025-11-10T23:55:17.126+0000] {dag.py:4180} INFO - Setting next_dagrun for example_subdag_operator to 2022-01-01 00:00:00+00:00, run_after=2022-01-01 00:00:00+00:00
[2025-11-10T23:55:17.128+0000] {logging_mixin.py:190} INFO - [2025-11-10T23:55:17.128+0000] {dag.py:4180} INFO - Setting next_dagrun for example_subdag_operator.section-1 to None, run_after=None
[2025-11-10T23:55:17.129+0000] {logging_mixin.py:190} INFO - [2025-11-10T23:55:17.129+0000] {dag.py:4180} INFO - Setting next_dagrun for example_subdag_operator.section-2 to None, run_after=None
[2025-11-10T23:55:17.133+0000] {logging_mixin.py:190} INFO - [2025-11-10T23:55:17.133+0000] {dag.py:3239} INFO - Sync 2 DAGs
[2025-11-10T23:55:17.137+0000] {logging_mixin.py:190} INFO - [2025-11-10T23:55:17.137+0000] {dag.py:4180} INFO - Setting next_dagrun for example_subdag_operator.section-1 to None, run_after=None
[2025-11-10T23:55:17.138+0000] {logging_mixin.py:190} INFO - [2025-11-10T23:55:17.137+0000] {dag.py:4180} INFO - Setting next_dagrun for example_subdag_operator.section-2 to None, run_after=None
[2025-11-10T23:55:17.147+0000] {processor.py:208} INFO - Processing /home/airflow/.local/lib/python3.12/site-packages/airflow/example_dags/example_subdag_operator.py took 0.062 seconds
[2025-11-10T23:55:47.358+0000] {processor.py:186} INFO - Started process (PID=1732) to work on /home/airflow/.local/lib/python3.12/site-packages/airflow/example_dags/example_subdag_operator.py
[2025-11-10T23:55:47.360+0000] {processor.py:914} INFO - Processing file /home/airflow/.local/lib/python3.12/site-packages/airflow/example_dags/example_subdag_operator.py for tasks to queue
[2025-11-10T23:55:47.361+0000] {logging_mixin.py:190} INFO - [2025-11-10T23:55:47.361+0000] {dagbag.py:588} INFO - Filling up the DagBag from /home/airflow/.local/lib/python3.12/site-packages/airflow/example_dags/example_subdag_operator.py
[2025-11-10T23:55:47.376+0000] {processor.py:925} INFO - DAG(s) 'example_subdag_operator.section-1', 'example_subdag_operator.section-2', 'example_subdag_operator' retrieved from /home/airflow/.local/lib/python3.12/site-packages/airflow/example_dags/example_subdag_operator.py
[2025-11-10T23:55:47.385+0000] {logging_mixin.py:190} INFO - [2025-11-10T23:55:47.385+0000] {dag.py:3239} INFO - Sync 3 DAGs
[2025-11-10T23:55:47.400+0000] {logging_mixin.py:190} INFO - [2025-11-10T23:55:47.400+0000] {dag.py:4180} INFO - Setting next_dagrun for example_subdag_operator to 2022-01-01 00:00:00+00:00, run_after=2022-01-01 00:00:00+00:00
[2025-11-10T23:55:47.402+0000] {logging_mixin.py:190} INFO - [2025-11-10T23:55:47.402+0000] {dag.py:4180} INFO - Setting next_dagrun for example_subdag_operator.section-1 to None, run_after=None
[2025-11-10T23:55:47.403+0000] {logging_mixin.py:190} INFO - [2025-11-10T23:55:47.403+0000] {dag.py:4180} INFO - Setting next_dagrun for example_subdag_operator.section-2 to None, run_after=None
[2025-11-10T23:55:47.407+0000] {logging_mixin.py:190} INFO - [2025-11-10T23:55:47.407+0000] {dag.py:3239} INFO - Sync 2 DAGs
[2025-11-10T23:55:47.411+0000] {logging_mixin.py:190} INFO - [2025-11-10T23:55:47.410+0000] {dag.py:4180} INFO - Setting next_dagrun for example_subdag_operator.section-1 to None, run_after=None
[2025-11-10T23:55:47.411+0000] {logging_mixin.py:190} INFO - [2025-11-10T23:55:47.411+0000] {dag.py:4180} INFO - Setting next_dagrun for example_subdag_operator.section-2 to None, run_after=None
[2025-11-10T23:55:47.418+0000] {processor.py:208} INFO - Processing /home/airflow/.local/lib/python3.12/site-packages/airflow/example_dags/example_subdag_operator.py took 0.064 seconds
[2025-11-10T23:56:18.683+0000] {processor.py:186} INFO - Started process (PID=1796) to work on /home/airflow/.local/lib/python3.12/site-packages/airflow/example_dags/example_subdag_operator.py
[2025-11-10T23:56:18.684+0000] {processor.py:914} INFO - Processing file /home/airflow/.local/lib/python3.12/site-packages/airflow/example_dags/example_subdag_operator.py for tasks to queue
[2025-11-10T23:56:18.684+0000] {logging_mixin.py:190} INFO - [2025-11-10T23:56:18.684+0000] {dagbag.py:588} INFO - Filling up the DagBag from /home/airflow/.local/lib/python3.12/site-packages/airflow/example_dags/example_subdag_operator.py
[2025-11-10T23:56:18.699+0000] {processor.py:925} INFO - DAG(s) 'example_subdag_operator.section-1', 'example_subdag_operator.section-2', 'example_subdag_operator' retrieved from /home/airflow/.local/lib/python3.12/site-packages/airflow/example_dags/example_subdag_operator.py
[2025-11-10T23:56:18.707+0000] {logging_mixin.py:190} INFO - [2025-11-10T23:56:18.707+0000] {dag.py:3239} INFO - Sync 3 DAGs
[2025-11-10T23:56:18.720+0000] {logging_mixin.py:190} INFO - [2025-11-10T23:56:18.720+0000] {dag.py:4180} INFO - Setting next_dagrun for example_subdag_operator to 2022-01-01 00:00:00+00:00, run_after=2022-01-01 00:00:00+00:00
[2025-11-10T23:56:18.722+0000] {logging_mixin.py:190} INFO - [2025-11-10T23:56:18.722+0000] {dag.py:4180} INFO - Setting next_dagrun for example_subdag_operator.section-1 to None, run_after=None
[2025-11-10T23:56:18.722+0000] {logging_mixin.py:190} INFO - [2025-11-10T23:56:18.722+0000] {dag.py:4180} INFO - Setting next_dagrun for example_subdag_operator.section-2 to None, run_after=None
[2025-11-10T23:56:18.726+0000] {logging_mixin.py:190} INFO - [2025-11-10T23:56:18.726+0000] {dag.py:3239} INFO - Sync 2 DAGs
[2025-11-10T23:56:18.729+0000] {logging_mixin.py:190} INFO - [2025-11-10T23:56:18.729+0000] {dag.py:4180} INFO - Setting next_dagrun for example_subdag_operator.section-1 to None, run_after=None
[2025-11-10T23:56:18.730+0000] {logging_mixin.py:190} INFO - [2025-11-10T23:56:18.729+0000] {dag.py:4180} INFO - Setting next_dagrun for example_subdag_operator.section-2 to None, run_after=None
[2025-11-10T23:56:18.737+0000] {processor.py:208} INFO - Processing /home/airflow/.local/lib/python3.12/site-packages/airflow/example_dags/example_subdag_operator.py took 0.058 seconds
[2025-11-10T23:56:50.053+0000] {processor.py:186} INFO - Started process (PID=1860) to work on /home/airflow/.local/lib/python3.12/site-packages/airflow/example_dags/example_subdag_operator.py
[2025-11-10T23:56:50.054+0000] {processor.py:914} INFO - Processing file /home/airflow/.local/lib/python3.12/site-packages/airflow/example_dags/example_subdag_operator.py for tasks to queue
[2025-11-10T23:56:50.054+0000] {logging_mixin.py:190} INFO - [2025-11-10T23:56:50.054+0000] {dagbag.py:588} INFO - Filling up the DagBag from /home/airflow/.local/lib/python3.12/site-packages/airflow/example_dags/example_subdag_operator.py
[2025-11-10T23:56:50.075+0000] {processor.py:925} INFO - DAG(s) 'example_subdag_operator.section-1', 'example_subdag_operator.section-2', 'example_subdag_operator' retrieved from /home/airflow/.local/lib/python3.12/site-packages/airflow/example_dags/example_subdag_operator.py
[2025-11-10T23:56:50.085+0000] {logging_mixin.py:190} INFO - [2025-11-10T23:56:50.085+0000] {dag.py:3239} INFO - Sync 3 DAGs
[2025-11-10T23:56:50.098+0000] {logging_mixin.py:190} INFO - [2025-11-10T23:56:50.098+0000] {dag.py:4180} INFO - Setting next_dagrun for example_subdag_operator to 2022-01-01 00:00:00+00:00, run_after=2022-01-01 00:00:00+00:00
[2025-11-10T23:56:50.100+0000] {logging_mixin.py:190} INFO - [2025-11-10T23:56:50.100+0000] {dag.py:4180} INFO - Setting next_dagrun for example_subdag_operator.section-1 to None, run_after=None
[2025-11-10T23:56:50.101+0000] {logging_mixin.py:190} INFO - [2025-11-10T23:56:50.101+0000] {dag.py:4180} INFO - Setting next_dagrun for example_subdag_operator.section-2 to None, run_after=None
[2025-11-10T23:56:50.105+0000] {logging_mixin.py:190} INFO - [2025-11-10T23:56:50.105+0000] {dag.py:3239} INFO - Sync 2 DAGs
[2025-11-10T23:56:50.108+0000] {logging_mixin.py:190} INFO - [2025-11-10T23:56:50.108+0000] {dag.py:4180} INFO - Setting next_dagrun for example_subdag_operator.section-1 to None, run_after=None
[2025-11-10T23:56:50.108+0000] {logging_mixin.py:190} INFO - [2025-11-10T23:56:50.108+0000] {dag.py:4180} INFO - Setting next_dagrun for example_subdag_operator.section-2 to None, run_after=None
[2025-11-10T23:56:50.114+0000] {processor.py:208} INFO - Processing /home/airflow/.local/lib/python3.12/site-packages/airflow/example_dags/example_subdag_operator.py took 0.064 seconds
[2025-11-10T23:57:21.398+0000] {processor.py:186} INFO - Started process (PID=1924) to work on /home/airflow/.local/lib/python3.12/site-packages/airflow/example_dags/example_subdag_operator.py
[2025-11-10T23:57:21.399+0000] {processor.py:914} INFO - Processing file /home/airflow/.local/lib/python3.12/site-packages/airflow/example_dags/example_subdag_operator.py for tasks to queue
[2025-11-10T23:57:21.399+0000] {logging_mixin.py:190} INFO - [2025-11-10T23:57:21.399+0000] {dagbag.py:588} INFO - Filling up the DagBag from /home/airflow/.local/lib/python3.12/site-packages/airflow/example_dags/example_subdag_operator.py
[2025-11-10T23:57:21.413+0000] {processor.py:925} INFO - DAG(s) 'example_subdag_operator.section-1', 'example_subdag_operator.section-2', 'example_subdag_operator' retrieved from /home/airflow/.local/lib/python3.12/site-packages/airflow/example_dags/example_subdag_operator.py
[2025-11-10T23:57:21.421+0000] {logging_mixin.py:190} INFO - [2025-11-10T23:57:21.421+0000] {dag.py:3239} INFO - Sync 3 DAGs
[2025-11-10T23:57:21.434+0000] {logging_mixin.py:190} INFO - [2025-11-10T23:57:21.434+0000] {dag.py:4180} INFO - Setting next_dagrun for example_subdag_operator to 2022-01-01 00:00:00+00:00, run_after=2022-01-01 00:00:00+00:00
[2025-11-10T23:57:21.436+0000] {logging_mixin.py:190} INFO - [2025-11-10T23:57:21.436+0000] {dag.py:4180} INFO - Setting next_dagrun for example_subdag_operator.section-1 to None, run_after=None
[2025-11-10T23:57:21.437+0000] {logging_mixin.py:190} INFO - [2025-11-10T23:57:21.437+0000] {dag.py:4180} INFO - Setting next_dagrun for example_subdag_operator.section-2 to None, run_after=None
[2025-11-10T23:57:21.440+0000] {logging_mixin.py:190} INFO - [2025-11-10T23:57:21.440+0000] {dag.py:3239} INFO - Sync 2 DAGs
[2025-11-10T23:57:21.443+0000] {logging_mixin.py:190} INFO - [2025-11-10T23:57:21.443+0000] {dag.py:4180} INFO - Setting next_dagrun for example_subdag_operator.section-1 to None, run_after=None
[2025-11-10T23:57:21.444+0000] {logging_mixin.py:190} INFO - [2025-11-10T23:57:21.444+0000] {dag.py:4180} INFO - Setting next_dagrun for example_subdag_operator.section-2 to None, run_after=None
[2025-11-10T23:57:21.449+0000] {processor.py:208} INFO - Processing /home/airflow/.local/lib/python3.12/site-packages/airflow/example_dags/example_subdag_operator.py took 0.055 seconds
[2025-11-10T23:57:52.592+0000] {processor.py:186} INFO - Started process (PID=1988) to work on /home/airflow/.local/lib/python3.12/site-packages/airflow/example_dags/example_subdag_operator.py
[2025-11-10T23:57:52.593+0000] {processor.py:914} INFO - Processing file /home/airflow/.local/lib/python3.12/site-packages/airflow/example_dags/example_subdag_operator.py for tasks to queue
[2025-11-10T23:57:52.594+0000] {logging_mixin.py:190} INFO - [2025-11-10T23:57:52.594+0000] {dagbag.py:588} INFO - Filling up the DagBag from /home/airflow/.local/lib/python3.12/site-packages/airflow/example_dags/example_subdag_operator.py
[2025-11-10T23:57:52.613+0000] {processor.py:925} INFO - DAG(s) 'example_subdag_operator.section-1', 'example_subdag_operator.section-2', 'example_subdag_operator' retrieved from /home/airflow/.local/lib/python3.12/site-packages/airflow/example_dags/example_subdag_operator.py
[2025-11-10T23:57:52.621+0000] {logging_mixin.py:190} INFO - [2025-11-10T23:57:52.621+0000] {dag.py:3239} INFO - Sync 3 DAGs
[2025-11-10T23:57:52.635+0000] {logging_mixin.py:190} INFO - [2025-11-10T23:57:52.635+0000] {dag.py:4180} INFO - Setting next_dagrun for example_subdag_operator to 2022-01-01 00:00:00+00:00, run_after=2022-01-01 00:00:00+00:00
[2025-11-10T23:57:52.637+0000] {logging_mixin.py:190} INFO - [2025-11-10T23:57:52.637+0000] {dag.py:4180} INFO - Setting next_dagrun for example_subdag_operator.section-1 to None, run_after=None
[2025-11-10T23:57:52.638+0000] {logging_mixin.py:190} INFO - [2025-11-10T23:57:52.638+0000] {dag.py:4180} INFO - Setting next_dagrun for example_subdag_operator.section-2 to None, run_after=None
[2025-11-10T23:57:52.641+0000] {logging_mixin.py:190} INFO - [2025-11-10T23:57:52.641+0000] {dag.py:3239} INFO - Sync 2 DAGs
[2025-11-10T23:57:52.644+0000] {logging_mixin.py:190} INFO - [2025-11-10T23:57:52.644+0000] {dag.py:4180} INFO - Setting next_dagrun for example_subdag_operator.section-1 to None, run_after=None
[2025-11-10T23:57:52.645+0000] {logging_mixin.py:190} INFO - [2025-11-10T23:57:52.644+0000] {dag.py:4180} INFO - Setting next_dagrun for example_subdag_operator.section-2 to None, run_after=None
[2025-11-10T23:57:52.656+0000] {processor.py:208} INFO - Processing /home/airflow/.local/lib/python3.12/site-packages/airflow/example_dags/example_subdag_operator.py took 0.069 seconds
[2025-11-10T23:58:23.755+0000] {processor.py:186} INFO - Started process (PID=2052) to work on /home/airflow/.local/lib/python3.12/site-packages/airflow/example_dags/example_subdag_operator.py
[2025-11-10T23:58:23.758+0000] {processor.py:914} INFO - Processing file /home/airflow/.local/lib/python3.12/site-packages/airflow/example_dags/example_subdag_operator.py for tasks to queue
[2025-11-10T23:58:23.758+0000] {logging_mixin.py:190} INFO - [2025-11-10T23:58:23.758+0000] {dagbag.py:588} INFO - Filling up the DagBag from /home/airflow/.local/lib/python3.12/site-packages/airflow/example_dags/example_subdag_operator.py
[2025-11-10T23:58:23.775+0000] {processor.py:925} INFO - DAG(s) 'example_subdag_operator.section-1', 'example_subdag_operator.section-2', 'example_subdag_operator' retrieved from /home/airflow/.local/lib/python3.12/site-packages/airflow/example_dags/example_subdag_operator.py
[2025-11-10T23:58:23.784+0000] {logging_mixin.py:190} INFO - [2025-11-10T23:58:23.784+0000] {dag.py:3239} INFO - Sync 3 DAGs
[2025-11-10T23:58:23.799+0000] {logging_mixin.py:190} INFO - [2025-11-10T23:58:23.799+0000] {dag.py:4180} INFO - Setting next_dagrun for example_subdag_operator to 2022-01-01 00:00:00+00:00, run_after=2022-01-01 00:00:00+00:00
[2025-11-10T23:58:23.801+0000] {logging_mixin.py:190} INFO - [2025-11-10T23:58:23.801+0000] {dag.py:4180} INFO - Setting next_dagrun for example_subdag_operator.section-1 to None, run_after=None
[2025-11-10T23:58:23.802+0000] {logging_mixin.py:190} INFO - [2025-11-10T23:58:23.802+0000] {dag.py:4180} INFO - Setting next_dagrun for example_subdag_operator.section-2 to None, run_after=None
[2025-11-10T23:58:23.805+0000] {logging_mixin.py:190} INFO - [2025-11-10T23:58:23.805+0000] {dag.py:3239} INFO - Sync 2 DAGs
[2025-11-10T23:58:23.808+0000] {logging_mixin.py:190} INFO - [2025-11-10T23:58:23.808+0000] {dag.py:4180} INFO - Setting next_dagrun for example_subdag_operator.section-1 to None, run_after=None
[2025-11-10T23:58:23.809+0000] {logging_mixin.py:190} INFO - [2025-11-10T23:58:23.809+0000] {dag.py:4180} INFO - Setting next_dagrun for example_subdag_operator.section-2 to None, run_after=None
[2025-11-10T23:58:23.816+0000] {processor.py:208} INFO - Processing /home/airflow/.local/lib/python3.12/site-packages/airflow/example_dags/example_subdag_operator.py took 0.064 seconds
[2025-11-10T23:58:54.940+0000] {processor.py:186} INFO - Started process (PID=2117) to work on /home/airflow/.local/lib/python3.12/site-packages/airflow/example_dags/example_subdag_operator.py
[2025-11-10T23:58:54.941+0000] {processor.py:914} INFO - Processing file /home/airflow/.local/lib/python3.12/site-packages/airflow/example_dags/example_subdag_operator.py for tasks to queue
[2025-11-10T23:58:54.942+0000] {logging_mixin.py:190} INFO - [2025-11-10T23:58:54.942+0000] {dagbag.py:588} INFO - Filling up the DagBag from /home/airflow/.local/lib/python3.12/site-packages/airflow/example_dags/example_subdag_operator.py
[2025-11-10T23:58:54.958+0000] {processor.py:925} INFO - DAG(s) 'example_subdag_operator.section-1', 'example_subdag_operator.section-2', 'example_subdag_operator' retrieved from /home/airflow/.local/lib/python3.12/site-packages/airflow/example_dags/example_subdag_operator.py
[2025-11-10T23:58:54.966+0000] {logging_mixin.py:190} INFO - [2025-11-10T23:58:54.966+0000] {dag.py:3239} INFO - Sync 3 DAGs
[2025-11-10T23:58:54.979+0000] {logging_mixin.py:190} INFO - [2025-11-10T23:58:54.979+0000] {dag.py:4180} INFO - Setting next_dagrun for example_subdag_operator to 2022-01-01 00:00:00+00:00, run_after=2022-01-01 00:00:00+00:00
[2025-11-10T23:58:54.981+0000] {logging_mixin.py:190} INFO - [2025-11-10T23:58:54.981+0000] {dag.py:4180} INFO - Setting next_dagrun for example_subdag_operator.section-1 to None, run_after=None
[2025-11-10T23:58:54.982+0000] {logging_mixin.py:190} INFO - [2025-11-10T23:58:54.982+0000] {dag.py:4180} INFO - Setting next_dagrun for example_subdag_operator.section-2 to None, run_after=None
[2025-11-10T23:58:54.986+0000] {logging_mixin.py:190} INFO - [2025-11-10T23:58:54.986+0000] {dag.py:3239} INFO - Sync 2 DAGs
[2025-11-10T23:58:54.989+0000] {logging_mixin.py:190} INFO - [2025-11-10T23:58:54.989+0000] {dag.py:4180} INFO - Setting next_dagrun for example_subdag_operator.section-1 to None, run_after=None
[2025-11-10T23:58:54.989+0000] {logging_mixin.py:190} INFO - [2025-11-10T23:58:54.989+0000] {dag.py:4180} INFO - Setting next_dagrun for example_subdag_operator.section-2 to None, run_after=None
[2025-11-10T23:58:54.995+0000] {processor.py:208} INFO - Processing /home/airflow/.local/lib/python3.12/site-packages/airflow/example_dags/example_subdag_operator.py took 0.060 seconds
[2025-11-10T23:59:25.800+0000] {processor.py:186} INFO - Started process (PID=2181) to work on /home/airflow/.local/lib/python3.12/site-packages/airflow/example_dags/example_subdag_operator.py
[2025-11-10T23:59:25.801+0000] {processor.py:914} INFO - Processing file /home/airflow/.local/lib/python3.12/site-packages/airflow/example_dags/example_subdag_operator.py for tasks to queue
[2025-11-10T23:59:25.801+0000] {logging_mixin.py:190} INFO - [2025-11-10T23:59:25.801+0000] {dagbag.py:588} INFO - Filling up the DagBag from /home/airflow/.local/lib/python3.12/site-packages/airflow/example_dags/example_subdag_operator.py
[2025-11-10T23:59:25.817+0000] {processor.py:925} INFO - DAG(s) 'example_subdag_operator.section-1', 'example_subdag_operator.section-2', 'example_subdag_operator' retrieved from /home/airflow/.local/lib/python3.12/site-packages/airflow/example_dags/example_subdag_operator.py
[2025-11-10T23:59:25.824+0000] {logging_mixin.py:190} INFO - [2025-11-10T23:59:25.824+0000] {dag.py:3239} INFO - Sync 3 DAGs
[2025-11-10T23:59:25.838+0000] {logging_mixin.py:190} INFO - [2025-11-10T23:59:25.838+0000] {dag.py:4180} INFO - Setting next_dagrun for example_subdag_operator to 2022-01-01 00:00:00+00:00, run_after=2022-01-01 00:00:00+00:00
[2025-11-10T23:59:25.840+0000] {logging_mixin.py:190} INFO - [2025-11-10T23:59:25.840+0000] {dag.py:4180} INFO - Setting next_dagrun for example_subdag_operator.section-1 to None, run_after=None
[2025-11-10T23:59:25.841+0000] {logging_mixin.py:190} INFO - [2025-11-10T23:59:25.841+0000] {dag.py:4180} INFO - Setting next_dagrun for example_subdag_operator.section-2 to None, run_after=None
[2025-11-10T23:59:25.844+0000] {logging_mixin.py:190} INFO - [2025-11-10T23:59:25.844+0000] {dag.py:3239} INFO - Sync 2 DAGs
[2025-11-10T23:59:25.847+0000] {logging_mixin.py:190} INFO - [2025-11-10T23:59:25.847+0000] {dag.py:4180} INFO - Setting next_dagrun for example_subdag_operator.section-1 to None, run_after=None
[2025-11-10T23:59:25.847+0000] {logging_mixin.py:190} INFO - [2025-11-10T23:59:25.847+0000] {dag.py:4180} INFO - Setting next_dagrun for example_subdag_operator.section-2 to None, run_after=None
[2025-11-10T23:59:25.854+0000] {processor.py:208} INFO - Processing /home/airflow/.local/lib/python3.12/site-packages/airflow/example_dags/example_subdag_operator.py took 0.057 seconds
[2025-11-10T23:59:56.763+0000] {processor.py:186} INFO - Started process (PID=2245) to work on /home/airflow/.local/lib/python3.12/site-packages/airflow/example_dags/example_subdag_operator.py
[2025-11-10T23:59:56.763+0000] {processor.py:914} INFO - Processing file /home/airflow/.local/lib/python3.12/site-packages/airflow/example_dags/example_subdag_operator.py for tasks to queue
[2025-11-10T23:59:56.764+0000] {logging_mixin.py:190} INFO - [2025-11-10T23:59:56.764+0000] {dagbag.py:588} INFO - Filling up the DagBag from /home/airflow/.local/lib/python3.12/site-packages/airflow/example_dags/example_subdag_operator.py
[2025-11-10T23:59:56.779+0000] {processor.py:925} INFO - DAG(s) 'example_subdag_operator.section-1', 'example_subdag_operator.section-2', 'example_subdag_operator' retrieved from /home/airflow/.local/lib/python3.12/site-packages/airflow/example_dags/example_subdag_operator.py
[2025-11-10T23:59:56.786+0000] {logging_mixin.py:190} INFO - [2025-11-10T23:59:56.786+0000] {dag.py:3239} INFO - Sync 3 DAGs
[2025-11-10T23:59:56.799+0000] {logging_mixin.py:190} INFO - [2025-11-10T23:59:56.799+0000] {dag.py:4180} INFO - Setting next_dagrun for example_subdag_operator to 2022-01-01 00:00:00+00:00, run_after=2022-01-01 00:00:00+00:00
[2025-11-10T23:59:56.802+0000] {logging_mixin.py:190} INFO - [2025-11-10T23:59:56.801+0000] {dag.py:4180} INFO - Setting next_dagrun for example_subdag_operator.section-1 to None, run_after=None
[2025-11-10T23:59:56.802+0000] {logging_mixin.py:190} INFO - [2025-11-10T23:59:56.802+0000] {dag.py:4180} INFO - Setting next_dagrun for example_subdag_operator.section-2 to None, run_after=None
[2025-11-10T23:59:56.806+0000] {logging_mixin.py:190} INFO - [2025-11-10T23:59:56.805+0000] {dag.py:3239} INFO - Sync 2 DAGs
[2025-11-10T23:59:56.808+0000] {logging_mixin.py:190} INFO - [2025-11-10T23:59:56.808+0000] {dag.py:4180} INFO - Setting next_dagrun for example_subdag_operator.section-1 to None, run_after=None
[2025-11-10T23:59:56.809+0000] {logging_mixin.py:190} INFO - [2025-11-10T23:59:56.809+0000] {dag.py:4180} INFO - Setting next_dagrun for example_subdag_operator.section-2 to None, run_after=None
[2025-11-10T23:59:56.816+0000] {processor.py:208} INFO - Processing /home/airflow/.local/lib/python3.12/site-packages/airflow/example_dags/example_subdag_operator.py took 0.059 seconds
