[2025-11-10T23:41:40.604+0000] {processor.py:186} INFO - Started process (PID=91) to work on /home/airflow/.local/lib/python3.12/site-packages/airflow/example_dags/example_kubernetes_executor.py
[2025-11-10T23:41:40.605+0000] {processor.py:914} INFO - Processing file /home/airflow/.local/lib/python3.12/site-packages/airflow/example_dags/example_kubernetes_executor.py for tasks to queue
[2025-11-10T23:41:40.606+0000] {logging_mixin.py:190} INFO - [2025-11-10T23:41:40.606+0000] {dagbag.py:588} INFO - Filling up the DagBag from /home/airflow/.local/lib/python3.12/site-packages/airflow/example_dags/example_kubernetes_executor.py
[2025-11-10T23:41:40.615+0000] {processor.py:925} INFO - DAG(s) 'example_kubernetes_executor' retrieved from /home/airflow/.local/lib/python3.12/site-packages/airflow/example_dags/example_kubernetes_executor.py
[2025-11-10T23:41:40.638+0000] {logging_mixin.py:190} INFO - [2025-11-10T23:41:40.638+0000] {dag.py:3239} INFO - Sync 1 DAGs
[2025-11-10T23:41:40.647+0000] {logging_mixin.py:190} INFO - [2025-11-10T23:41:40.647+0000] {dag.py:4180} INFO - Setting next_dagrun for example_kubernetes_executor to None, run_after=None
[2025-11-10T23:41:40.661+0000] {processor.py:208} INFO - Processing /home/airflow/.local/lib/python3.12/site-packages/airflow/example_dags/example_kubernetes_executor.py took 0.061 seconds
[2025-11-10T23:42:44.355+0000] {processor.py:186} INFO - Started process (PID=66) to work on /home/airflow/.local/lib/python3.12/site-packages/airflow/example_dags/example_kubernetes_executor.py
[2025-11-10T23:42:44.361+0000] {processor.py:914} INFO - Processing file /home/airflow/.local/lib/python3.12/site-packages/airflow/example_dags/example_kubernetes_executor.py for tasks to queue
[2025-11-10T23:42:44.363+0000] {logging_mixin.py:190} INFO - [2025-11-10T23:42:44.363+0000] {dagbag.py:588} INFO - Filling up the DagBag from /home/airflow/.local/lib/python3.12/site-packages/airflow/example_dags/example_kubernetes_executor.py
[2025-11-10T23:42:44.375+0000] {processor.py:925} INFO - DAG(s) 'example_kubernetes_executor' retrieved from /home/airflow/.local/lib/python3.12/site-packages/airflow/example_dags/example_kubernetes_executor.py
[2025-11-10T23:42:44.395+0000] {logging_mixin.py:190} INFO - [2025-11-10T23:42:44.395+0000] {dag.py:3239} INFO - Sync 1 DAGs
[2025-11-10T23:42:44.404+0000] {logging_mixin.py:190} INFO - [2025-11-10T23:42:44.403+0000] {dag.py:4180} INFO - Setting next_dagrun for example_kubernetes_executor to None, run_after=None
[2025-11-10T23:42:44.422+0000] {processor.py:208} INFO - Processing /home/airflow/.local/lib/python3.12/site-packages/airflow/example_dags/example_kubernetes_executor.py took 0.074 seconds
[2025-11-10T23:43:15.733+0000] {processor.py:186} INFO - Started process (PID=130) to work on /home/airflow/.local/lib/python3.12/site-packages/airflow/example_dags/example_kubernetes_executor.py
[2025-11-10T23:43:15.734+0000] {processor.py:914} INFO - Processing file /home/airflow/.local/lib/python3.12/site-packages/airflow/example_dags/example_kubernetes_executor.py for tasks to queue
[2025-11-10T23:43:15.735+0000] {logging_mixin.py:190} INFO - [2025-11-10T23:43:15.735+0000] {dagbag.py:588} INFO - Filling up the DagBag from /home/airflow/.local/lib/python3.12/site-packages/airflow/example_dags/example_kubernetes_executor.py
[2025-11-10T23:43:15.742+0000] {processor.py:925} INFO - DAG(s) 'example_kubernetes_executor' retrieved from /home/airflow/.local/lib/python3.12/site-packages/airflow/example_dags/example_kubernetes_executor.py
[2025-11-10T23:43:15.761+0000] {logging_mixin.py:190} INFO - [2025-11-10T23:43:15.761+0000] {dag.py:3239} INFO - Sync 1 DAGs
[2025-11-10T23:43:15.770+0000] {logging_mixin.py:190} INFO - [2025-11-10T23:43:15.770+0000] {dag.py:4180} INFO - Setting next_dagrun for example_kubernetes_executor to None, run_after=None
[2025-11-10T23:43:15.781+0000] {processor.py:208} INFO - Processing /home/airflow/.local/lib/python3.12/site-packages/airflow/example_dags/example_kubernetes_executor.py took 0.052 seconds
[2025-11-10T23:43:47.029+0000] {processor.py:186} INFO - Started process (PID=194) to work on /home/airflow/.local/lib/python3.12/site-packages/airflow/example_dags/example_kubernetes_executor.py
[2025-11-10T23:43:47.030+0000] {processor.py:914} INFO - Processing file /home/airflow/.local/lib/python3.12/site-packages/airflow/example_dags/example_kubernetes_executor.py for tasks to queue
[2025-11-10T23:43:47.031+0000] {logging_mixin.py:190} INFO - [2025-11-10T23:43:47.031+0000] {dagbag.py:588} INFO - Filling up the DagBag from /home/airflow/.local/lib/python3.12/site-packages/airflow/example_dags/example_kubernetes_executor.py
[2025-11-10T23:43:47.038+0000] {processor.py:925} INFO - DAG(s) 'example_kubernetes_executor' retrieved from /home/airflow/.local/lib/python3.12/site-packages/airflow/example_dags/example_kubernetes_executor.py
[2025-11-10T23:43:47.058+0000] {logging_mixin.py:190} INFO - [2025-11-10T23:43:47.058+0000] {dag.py:3239} INFO - Sync 1 DAGs
[2025-11-10T23:43:47.070+0000] {logging_mixin.py:190} INFO - [2025-11-10T23:43:47.069+0000] {dag.py:4180} INFO - Setting next_dagrun for example_kubernetes_executor to None, run_after=None
[2025-11-10T23:43:47.080+0000] {processor.py:208} INFO - Processing /home/airflow/.local/lib/python3.12/site-packages/airflow/example_dags/example_kubernetes_executor.py took 0.054 seconds
[2025-11-10T23:44:17.667+0000] {processor.py:186} INFO - Started process (PID=258) to work on /home/airflow/.local/lib/python3.12/site-packages/airflow/example_dags/example_kubernetes_executor.py
[2025-11-10T23:44:17.667+0000] {processor.py:914} INFO - Processing file /home/airflow/.local/lib/python3.12/site-packages/airflow/example_dags/example_kubernetes_executor.py for tasks to queue
[2025-11-10T23:44:17.668+0000] {logging_mixin.py:190} INFO - [2025-11-10T23:44:17.668+0000] {dagbag.py:588} INFO - Filling up the DagBag from /home/airflow/.local/lib/python3.12/site-packages/airflow/example_dags/example_kubernetes_executor.py
[2025-11-10T23:44:17.676+0000] {processor.py:925} INFO - DAG(s) 'example_kubernetes_executor' retrieved from /home/airflow/.local/lib/python3.12/site-packages/airflow/example_dags/example_kubernetes_executor.py
[2025-11-10T23:44:17.694+0000] {logging_mixin.py:190} INFO - [2025-11-10T23:44:17.694+0000] {dag.py:3239} INFO - Sync 1 DAGs
[2025-11-10T23:44:17.701+0000] {logging_mixin.py:190} INFO - [2025-11-10T23:44:17.701+0000] {dag.py:4180} INFO - Setting next_dagrun for example_kubernetes_executor to None, run_after=None
[2025-11-10T23:44:17.711+0000] {processor.py:208} INFO - Processing /home/airflow/.local/lib/python3.12/site-packages/airflow/example_dags/example_kubernetes_executor.py took 0.047 seconds
[2025-11-10T23:44:48.946+0000] {processor.py:186} INFO - Started process (PID=322) to work on /home/airflow/.local/lib/python3.12/site-packages/airflow/example_dags/example_kubernetes_executor.py
[2025-11-10T23:44:48.947+0000] {processor.py:914} INFO - Processing file /home/airflow/.local/lib/python3.12/site-packages/airflow/example_dags/example_kubernetes_executor.py for tasks to queue
[2025-11-10T23:44:48.948+0000] {logging_mixin.py:190} INFO - [2025-11-10T23:44:48.948+0000] {dagbag.py:588} INFO - Filling up the DagBag from /home/airflow/.local/lib/python3.12/site-packages/airflow/example_dags/example_kubernetes_executor.py
[2025-11-10T23:44:48.956+0000] {processor.py:925} INFO - DAG(s) 'example_kubernetes_executor' retrieved from /home/airflow/.local/lib/python3.12/site-packages/airflow/example_dags/example_kubernetes_executor.py
[2025-11-10T23:44:48.978+0000] {logging_mixin.py:190} INFO - [2025-11-10T23:44:48.978+0000] {dag.py:3239} INFO - Sync 1 DAGs
[2025-11-10T23:44:48.993+0000] {logging_mixin.py:190} INFO - [2025-11-10T23:44:48.993+0000] {dag.py:4180} INFO - Setting next_dagrun for example_kubernetes_executor to None, run_after=None
[2025-11-10T23:44:49.004+0000] {processor.py:208} INFO - Processing /home/airflow/.local/lib/python3.12/site-packages/airflow/example_dags/example_kubernetes_executor.py took 0.061 seconds
[2025-11-10T23:45:21.582+0000] {processor.py:186} INFO - Started process (PID=386) to work on /home/airflow/.local/lib/python3.12/site-packages/airflow/example_dags/example_kubernetes_executor.py
[2025-11-10T23:45:21.586+0000] {processor.py:914} INFO - Processing file /home/airflow/.local/lib/python3.12/site-packages/airflow/example_dags/example_kubernetes_executor.py for tasks to queue
[2025-11-10T23:45:21.605+0000] {logging_mixin.py:190} INFO - [2025-11-10T23:45:21.603+0000] {dagbag.py:588} INFO - Filling up the DagBag from /home/airflow/.local/lib/python3.12/site-packages/airflow/example_dags/example_kubernetes_executor.py
[2025-11-10T23:45:21.646+0000] {processor.py:925} INFO - DAG(s) 'example_kubernetes_executor' retrieved from /home/airflow/.local/lib/python3.12/site-packages/airflow/example_dags/example_kubernetes_executor.py
[2025-11-10T23:45:21.667+0000] {logging_mixin.py:190} INFO - [2025-11-10T23:45:21.666+0000] {dag.py:3239} INFO - Sync 1 DAGs
[2025-11-10T23:45:21.678+0000] {logging_mixin.py:190} INFO - [2025-11-10T23:45:21.678+0000] {dag.py:4180} INFO - Setting next_dagrun for example_kubernetes_executor to None, run_after=None
[2025-11-10T23:45:21.690+0000] {processor.py:208} INFO - Processing /home/airflow/.local/lib/python3.12/site-packages/airflow/example_dags/example_kubernetes_executor.py took 0.137 seconds
[2025-11-10T23:45:58.326+0000] {processor.py:186} INFO - Started process (PID=450) to work on /home/airflow/.local/lib/python3.12/site-packages/airflow/example_dags/example_kubernetes_executor.py
[2025-11-10T23:45:58.329+0000] {processor.py:914} INFO - Processing file /home/airflow/.local/lib/python3.12/site-packages/airflow/example_dags/example_kubernetes_executor.py for tasks to queue
[2025-11-10T23:45:58.330+0000] {logging_mixin.py:190} INFO - [2025-11-10T23:45:58.330+0000] {dagbag.py:588} INFO - Filling up the DagBag from /home/airflow/.local/lib/python3.12/site-packages/airflow/example_dags/example_kubernetes_executor.py
[2025-11-10T23:45:58.339+0000] {processor.py:925} INFO - DAG(s) 'example_kubernetes_executor' retrieved from /home/airflow/.local/lib/python3.12/site-packages/airflow/example_dags/example_kubernetes_executor.py
[2025-11-10T23:45:58.355+0000] {logging_mixin.py:190} INFO - [2025-11-10T23:45:58.355+0000] {dag.py:3239} INFO - Sync 1 DAGs
[2025-11-10T23:45:58.364+0000] {logging_mixin.py:190} INFO - [2025-11-10T23:45:58.364+0000] {dag.py:4180} INFO - Setting next_dagrun for example_kubernetes_executor to None, run_after=None
[2025-11-10T23:45:58.380+0000] {processor.py:208} INFO - Processing /home/airflow/.local/lib/python3.12/site-packages/airflow/example_dags/example_kubernetes_executor.py took 0.058 seconds
[2025-11-10T23:46:28.889+0000] {processor.py:186} INFO - Started process (PID=514) to work on /home/airflow/.local/lib/python3.12/site-packages/airflow/example_dags/example_kubernetes_executor.py
[2025-11-10T23:46:28.889+0000] {processor.py:914} INFO - Processing file /home/airflow/.local/lib/python3.12/site-packages/airflow/example_dags/example_kubernetes_executor.py for tasks to queue
[2025-11-10T23:46:28.891+0000] {logging_mixin.py:190} INFO - [2025-11-10T23:46:28.891+0000] {dagbag.py:588} INFO - Filling up the DagBag from /home/airflow/.local/lib/python3.12/site-packages/airflow/example_dags/example_kubernetes_executor.py
[2025-11-10T23:46:28.900+0000] {processor.py:925} INFO - DAG(s) 'example_kubernetes_executor' retrieved from /home/airflow/.local/lib/python3.12/site-packages/airflow/example_dags/example_kubernetes_executor.py
[2025-11-10T23:46:28.918+0000] {logging_mixin.py:190} INFO - [2025-11-10T23:46:28.917+0000] {dag.py:3239} INFO - Sync 1 DAGs
[2025-11-10T23:46:28.928+0000] {logging_mixin.py:190} INFO - [2025-11-10T23:46:28.928+0000] {dag.py:4180} INFO - Setting next_dagrun for example_kubernetes_executor to None, run_after=None
[2025-11-10T23:46:28.938+0000] {processor.py:208} INFO - Processing /home/airflow/.local/lib/python3.12/site-packages/airflow/example_dags/example_kubernetes_executor.py took 0.054 seconds
[2025-11-10T23:47:00.012+0000] {processor.py:186} INFO - Started process (PID=578) to work on /home/airflow/.local/lib/python3.12/site-packages/airflow/example_dags/example_kubernetes_executor.py
[2025-11-10T23:47:00.012+0000] {processor.py:914} INFO - Processing file /home/airflow/.local/lib/python3.12/site-packages/airflow/example_dags/example_kubernetes_executor.py for tasks to queue
[2025-11-10T23:47:00.014+0000] {logging_mixin.py:190} INFO - [2025-11-10T23:47:00.014+0000] {dagbag.py:588} INFO - Filling up the DagBag from /home/airflow/.local/lib/python3.12/site-packages/airflow/example_dags/example_kubernetes_executor.py
[2025-11-10T23:47:00.023+0000] {processor.py:925} INFO - DAG(s) 'example_kubernetes_executor' retrieved from /home/airflow/.local/lib/python3.12/site-packages/airflow/example_dags/example_kubernetes_executor.py
[2025-11-10T23:47:00.041+0000] {logging_mixin.py:190} INFO - [2025-11-10T23:47:00.041+0000] {dag.py:3239} INFO - Sync 1 DAGs
[2025-11-10T23:47:00.051+0000] {logging_mixin.py:190} INFO - [2025-11-10T23:47:00.051+0000] {dag.py:4180} INFO - Setting next_dagrun for example_kubernetes_executor to None, run_after=None
[2025-11-10T23:47:00.061+0000] {processor.py:208} INFO - Processing /home/airflow/.local/lib/python3.12/site-packages/airflow/example_dags/example_kubernetes_executor.py took 0.053 seconds
[2025-11-10T23:47:31.280+0000] {processor.py:186} INFO - Started process (PID=642) to work on /home/airflow/.local/lib/python3.12/site-packages/airflow/example_dags/example_kubernetes_executor.py
[2025-11-10T23:47:31.281+0000] {processor.py:914} INFO - Processing file /home/airflow/.local/lib/python3.12/site-packages/airflow/example_dags/example_kubernetes_executor.py for tasks to queue
[2025-11-10T23:47:31.282+0000] {logging_mixin.py:190} INFO - [2025-11-10T23:47:31.282+0000] {dagbag.py:588} INFO - Filling up the DagBag from /home/airflow/.local/lib/python3.12/site-packages/airflow/example_dags/example_kubernetes_executor.py
[2025-11-10T23:47:31.290+0000] {processor.py:925} INFO - DAG(s) 'example_kubernetes_executor' retrieved from /home/airflow/.local/lib/python3.12/site-packages/airflow/example_dags/example_kubernetes_executor.py
[2025-11-10T23:47:31.308+0000] {logging_mixin.py:190} INFO - [2025-11-10T23:47:31.308+0000] {dag.py:3239} INFO - Sync 1 DAGs
[2025-11-10T23:47:31.316+0000] {logging_mixin.py:190} INFO - [2025-11-10T23:47:31.316+0000] {dag.py:4180} INFO - Setting next_dagrun for example_kubernetes_executor to None, run_after=None
[2025-11-10T23:47:31.327+0000] {processor.py:208} INFO - Processing /home/airflow/.local/lib/python3.12/site-packages/airflow/example_dags/example_kubernetes_executor.py took 0.051 seconds
[2025-11-10T23:48:02.843+0000] {processor.py:186} INFO - Started process (PID=710) to work on /home/airflow/.local/lib/python3.12/site-packages/airflow/example_dags/example_kubernetes_executor.py
[2025-11-10T23:48:02.844+0000] {processor.py:914} INFO - Processing file /home/airflow/.local/lib/python3.12/site-packages/airflow/example_dags/example_kubernetes_executor.py for tasks to queue
[2025-11-10T23:48:02.846+0000] {logging_mixin.py:190} INFO - [2025-11-10T23:48:02.845+0000] {dagbag.py:588} INFO - Filling up the DagBag from /home/airflow/.local/lib/python3.12/site-packages/airflow/example_dags/example_kubernetes_executor.py
[2025-11-10T23:48:02.872+0000] {processor.py:925} INFO - DAG(s) 'example_kubernetes_executor' retrieved from /home/airflow/.local/lib/python3.12/site-packages/airflow/example_dags/example_kubernetes_executor.py
[2025-11-10T23:48:02.889+0000] {logging_mixin.py:190} INFO - [2025-11-10T23:48:02.889+0000] {dag.py:3239} INFO - Sync 1 DAGs
[2025-11-10T23:48:02.898+0000] {logging_mixin.py:190} INFO - [2025-11-10T23:48:02.898+0000] {dag.py:4180} INFO - Setting next_dagrun for example_kubernetes_executor to None, run_after=None
[2025-11-10T23:48:02.908+0000] {processor.py:208} INFO - Processing /home/airflow/.local/lib/python3.12/site-packages/airflow/example_dags/example_kubernetes_executor.py took 0.070 seconds
[2025-11-10T23:48:34.172+0000] {processor.py:186} INFO - Started process (PID=775) to work on /home/airflow/.local/lib/python3.12/site-packages/airflow/example_dags/example_kubernetes_executor.py
[2025-11-10T23:48:34.172+0000] {processor.py:914} INFO - Processing file /home/airflow/.local/lib/python3.12/site-packages/airflow/example_dags/example_kubernetes_executor.py for tasks to queue
[2025-11-10T23:48:34.174+0000] {logging_mixin.py:190} INFO - [2025-11-10T23:48:34.174+0000] {dagbag.py:588} INFO - Filling up the DagBag from /home/airflow/.local/lib/python3.12/site-packages/airflow/example_dags/example_kubernetes_executor.py
[2025-11-10T23:48:34.182+0000] {processor.py:925} INFO - DAG(s) 'example_kubernetes_executor' retrieved from /home/airflow/.local/lib/python3.12/site-packages/airflow/example_dags/example_kubernetes_executor.py
[2025-11-10T23:48:34.197+0000] {logging_mixin.py:190} INFO - [2025-11-10T23:48:34.197+0000] {dag.py:3239} INFO - Sync 1 DAGs
[2025-11-10T23:48:34.208+0000] {logging_mixin.py:190} INFO - [2025-11-10T23:48:34.207+0000] {dag.py:4180} INFO - Setting next_dagrun for example_kubernetes_executor to None, run_after=None
[2025-11-10T23:48:34.223+0000] {processor.py:208} INFO - Processing /home/airflow/.local/lib/python3.12/site-packages/airflow/example_dags/example_kubernetes_executor.py took 0.056 seconds
[2025-11-10T23:49:04.653+0000] {processor.py:186} INFO - Started process (PID=840) to work on /home/airflow/.local/lib/python3.12/site-packages/airflow/example_dags/example_kubernetes_executor.py
[2025-11-10T23:49:04.654+0000] {processor.py:914} INFO - Processing file /home/airflow/.local/lib/python3.12/site-packages/airflow/example_dags/example_kubernetes_executor.py for tasks to queue
[2025-11-10T23:49:04.655+0000] {logging_mixin.py:190} INFO - [2025-11-10T23:49:04.655+0000] {dagbag.py:588} INFO - Filling up the DagBag from /home/airflow/.local/lib/python3.12/site-packages/airflow/example_dags/example_kubernetes_executor.py
[2025-11-10T23:49:04.663+0000] {processor.py:925} INFO - DAG(s) 'example_kubernetes_executor' retrieved from /home/airflow/.local/lib/python3.12/site-packages/airflow/example_dags/example_kubernetes_executor.py
[2025-11-10T23:49:04.682+0000] {logging_mixin.py:190} INFO - [2025-11-10T23:49:04.682+0000] {dag.py:3239} INFO - Sync 1 DAGs
[2025-11-10T23:49:04.693+0000] {logging_mixin.py:190} INFO - [2025-11-10T23:49:04.693+0000] {dag.py:4180} INFO - Setting next_dagrun for example_kubernetes_executor to None, run_after=None
[2025-11-10T23:49:04.706+0000] {processor.py:208} INFO - Processing /home/airflow/.local/lib/python3.12/site-packages/airflow/example_dags/example_kubernetes_executor.py took 0.056 seconds
[2025-11-10T23:49:35.118+0000] {processor.py:186} INFO - Started process (PID=907) to work on /home/airflow/.local/lib/python3.12/site-packages/airflow/example_dags/example_kubernetes_executor.py
[2025-11-10T23:49:35.120+0000] {processor.py:914} INFO - Processing file /home/airflow/.local/lib/python3.12/site-packages/airflow/example_dags/example_kubernetes_executor.py for tasks to queue
[2025-11-10T23:49:35.121+0000] {logging_mixin.py:190} INFO - [2025-11-10T23:49:35.121+0000] {dagbag.py:588} INFO - Filling up the DagBag from /home/airflow/.local/lib/python3.12/site-packages/airflow/example_dags/example_kubernetes_executor.py
[2025-11-10T23:49:35.129+0000] {processor.py:925} INFO - DAG(s) 'example_kubernetes_executor' retrieved from /home/airflow/.local/lib/python3.12/site-packages/airflow/example_dags/example_kubernetes_executor.py
[2025-11-10T23:49:35.143+0000] {logging_mixin.py:190} INFO - [2025-11-10T23:49:35.143+0000] {dag.py:3239} INFO - Sync 1 DAGs
[2025-11-10T23:49:35.155+0000] {logging_mixin.py:190} INFO - [2025-11-10T23:49:35.155+0000] {dag.py:4180} INFO - Setting next_dagrun for example_kubernetes_executor to None, run_after=None
[2025-11-10T23:49:35.171+0000] {processor.py:208} INFO - Processing /home/airflow/.local/lib/python3.12/site-packages/airflow/example_dags/example_kubernetes_executor.py took 0.057 seconds
[2025-11-10T23:50:05.904+0000] {processor.py:186} INFO - Started process (PID=976) to work on /home/airflow/.local/lib/python3.12/site-packages/airflow/example_dags/example_kubernetes_executor.py
[2025-11-10T23:50:05.904+0000] {processor.py:914} INFO - Processing file /home/airflow/.local/lib/python3.12/site-packages/airflow/example_dags/example_kubernetes_executor.py for tasks to queue
[2025-11-10T23:50:05.906+0000] {logging_mixin.py:190} INFO - [2025-11-10T23:50:05.906+0000] {dagbag.py:588} INFO - Filling up the DagBag from /home/airflow/.local/lib/python3.12/site-packages/airflow/example_dags/example_kubernetes_executor.py
[2025-11-10T23:50:05.915+0000] {processor.py:925} INFO - DAG(s) 'example_kubernetes_executor' retrieved from /home/airflow/.local/lib/python3.12/site-packages/airflow/example_dags/example_kubernetes_executor.py
[2025-11-10T23:50:05.932+0000] {logging_mixin.py:190} INFO - [2025-11-10T23:50:05.932+0000] {dag.py:3239} INFO - Sync 1 DAGs
[2025-11-10T23:50:05.941+0000] {logging_mixin.py:190} INFO - [2025-11-10T23:50:05.940+0000] {dag.py:4180} INFO - Setting next_dagrun for example_kubernetes_executor to None, run_after=None
[2025-11-10T23:50:05.952+0000] {processor.py:208} INFO - Processing /home/airflow/.local/lib/python3.12/site-packages/airflow/example_dags/example_kubernetes_executor.py took 0.052 seconds
[2025-11-10T23:50:36.453+0000] {processor.py:186} INFO - Started process (PID=1041) to work on /home/airflow/.local/lib/python3.12/site-packages/airflow/example_dags/example_kubernetes_executor.py
[2025-11-10T23:50:36.453+0000] {processor.py:914} INFO - Processing file /home/airflow/.local/lib/python3.12/site-packages/airflow/example_dags/example_kubernetes_executor.py for tasks to queue
[2025-11-10T23:50:36.455+0000] {logging_mixin.py:190} INFO - [2025-11-10T23:50:36.455+0000] {dagbag.py:588} INFO - Filling up the DagBag from /home/airflow/.local/lib/python3.12/site-packages/airflow/example_dags/example_kubernetes_executor.py
[2025-11-10T23:50:36.463+0000] {processor.py:925} INFO - DAG(s) 'example_kubernetes_executor' retrieved from /home/airflow/.local/lib/python3.12/site-packages/airflow/example_dags/example_kubernetes_executor.py
[2025-11-10T23:50:36.480+0000] {logging_mixin.py:190} INFO - [2025-11-10T23:50:36.480+0000] {dag.py:3239} INFO - Sync 1 DAGs
[2025-11-10T23:50:36.494+0000] {logging_mixin.py:190} INFO - [2025-11-10T23:50:36.493+0000] {dag.py:4180} INFO - Setting next_dagrun for example_kubernetes_executor to None, run_after=None
[2025-11-10T23:50:36.506+0000] {processor.py:208} INFO - Processing /home/airflow/.local/lib/python3.12/site-packages/airflow/example_dags/example_kubernetes_executor.py took 0.057 seconds
[2025-11-10T23:51:07.178+0000] {processor.py:186} INFO - Started process (PID=1108) to work on /home/airflow/.local/lib/python3.12/site-packages/airflow/example_dags/example_kubernetes_executor.py
[2025-11-10T23:51:07.179+0000] {processor.py:914} INFO - Processing file /home/airflow/.local/lib/python3.12/site-packages/airflow/example_dags/example_kubernetes_executor.py for tasks to queue
[2025-11-10T23:51:07.180+0000] {logging_mixin.py:190} INFO - [2025-11-10T23:51:07.180+0000] {dagbag.py:588} INFO - Filling up the DagBag from /home/airflow/.local/lib/python3.12/site-packages/airflow/example_dags/example_kubernetes_executor.py
[2025-11-10T23:51:07.189+0000] {processor.py:925} INFO - DAG(s) 'example_kubernetes_executor' retrieved from /home/airflow/.local/lib/python3.12/site-packages/airflow/example_dags/example_kubernetes_executor.py
[2025-11-10T23:51:07.206+0000] {logging_mixin.py:190} INFO - [2025-11-10T23:51:07.206+0000] {dag.py:3239} INFO - Sync 1 DAGs
[2025-11-10T23:51:07.214+0000] {logging_mixin.py:190} INFO - [2025-11-10T23:51:07.214+0000] {dag.py:4180} INFO - Setting next_dagrun for example_kubernetes_executor to None, run_after=None
[2025-11-10T23:51:07.225+0000] {processor.py:208} INFO - Processing /home/airflow/.local/lib/python3.12/site-packages/airflow/example_dags/example_kubernetes_executor.py took 0.050 seconds
[2025-11-10T23:51:38.175+0000] {processor.py:186} INFO - Started process (PID=1176) to work on /home/airflow/.local/lib/python3.12/site-packages/airflow/example_dags/example_kubernetes_executor.py
[2025-11-10T23:51:38.175+0000] {processor.py:914} INFO - Processing file /home/airflow/.local/lib/python3.12/site-packages/airflow/example_dags/example_kubernetes_executor.py for tasks to queue
[2025-11-10T23:51:38.177+0000] {logging_mixin.py:190} INFO - [2025-11-10T23:51:38.176+0000] {dagbag.py:588} INFO - Filling up the DagBag from /home/airflow/.local/lib/python3.12/site-packages/airflow/example_dags/example_kubernetes_executor.py
[2025-11-10T23:51:38.185+0000] {processor.py:925} INFO - DAG(s) 'example_kubernetes_executor' retrieved from /home/airflow/.local/lib/python3.12/site-packages/airflow/example_dags/example_kubernetes_executor.py
[2025-11-10T23:51:38.200+0000] {logging_mixin.py:190} INFO - [2025-11-10T23:51:38.199+0000] {dag.py:3239} INFO - Sync 1 DAGs
[2025-11-10T23:51:38.210+0000] {logging_mixin.py:190} INFO - [2025-11-10T23:51:38.210+0000] {dag.py:4180} INFO - Setting next_dagrun for example_kubernetes_executor to None, run_after=None
[2025-11-10T23:51:38.224+0000] {processor.py:208} INFO - Processing /home/airflow/.local/lib/python3.12/site-packages/airflow/example_dags/example_kubernetes_executor.py took 0.053 seconds
[2025-11-10T23:52:09.685+0000] {processor.py:186} INFO - Started process (PID=1242) to work on /home/airflow/.local/lib/python3.12/site-packages/airflow/example_dags/example_kubernetes_executor.py
[2025-11-10T23:52:09.685+0000] {processor.py:914} INFO - Processing file /home/airflow/.local/lib/python3.12/site-packages/airflow/example_dags/example_kubernetes_executor.py for tasks to queue
[2025-11-10T23:52:09.686+0000] {logging_mixin.py:190} INFO - [2025-11-10T23:52:09.686+0000] {dagbag.py:588} INFO - Filling up the DagBag from /home/airflow/.local/lib/python3.12/site-packages/airflow/example_dags/example_kubernetes_executor.py
[2025-11-10T23:52:09.694+0000] {processor.py:925} INFO - DAG(s) 'example_kubernetes_executor' retrieved from /home/airflow/.local/lib/python3.12/site-packages/airflow/example_dags/example_kubernetes_executor.py
[2025-11-10T23:52:09.708+0000] {logging_mixin.py:190} INFO - [2025-11-10T23:52:09.708+0000] {dag.py:3239} INFO - Sync 1 DAGs
[2025-11-10T23:52:09.716+0000] {logging_mixin.py:190} INFO - [2025-11-10T23:52:09.715+0000] {dag.py:4180} INFO - Setting next_dagrun for example_kubernetes_executor to None, run_after=None
[2025-11-10T23:52:09.725+0000] {processor.py:208} INFO - Processing /home/airflow/.local/lib/python3.12/site-packages/airflow/example_dags/example_kubernetes_executor.py took 0.043 seconds
[2025-11-10T23:52:41.032+0000] {processor.py:186} INFO - Started process (PID=1308) to work on /home/airflow/.local/lib/python3.12/site-packages/airflow/example_dags/example_kubernetes_executor.py
[2025-11-10T23:52:41.032+0000] {processor.py:914} INFO - Processing file /home/airflow/.local/lib/python3.12/site-packages/airflow/example_dags/example_kubernetes_executor.py for tasks to queue
[2025-11-10T23:52:41.033+0000] {logging_mixin.py:190} INFO - [2025-11-10T23:52:41.033+0000] {dagbag.py:588} INFO - Filling up the DagBag from /home/airflow/.local/lib/python3.12/site-packages/airflow/example_dags/example_kubernetes_executor.py
[2025-11-10T23:52:41.042+0000] {processor.py:925} INFO - DAG(s) 'example_kubernetes_executor' retrieved from /home/airflow/.local/lib/python3.12/site-packages/airflow/example_dags/example_kubernetes_executor.py
[2025-11-10T23:52:41.055+0000] {logging_mixin.py:190} INFO - [2025-11-10T23:52:41.055+0000] {dag.py:3239} INFO - Sync 1 DAGs
[2025-11-10T23:52:41.064+0000] {logging_mixin.py:190} INFO - [2025-11-10T23:52:41.063+0000] {dag.py:4180} INFO - Setting next_dagrun for example_kubernetes_executor to None, run_after=None
[2025-11-10T23:52:41.073+0000] {processor.py:208} INFO - Processing /home/airflow/.local/lib/python3.12/site-packages/airflow/example_dags/example_kubernetes_executor.py took 0.045 seconds
[2025-11-10T23:53:12.430+0000] {processor.py:186} INFO - Started process (PID=1374) to work on /home/airflow/.local/lib/python3.12/site-packages/airflow/example_dags/example_kubernetes_executor.py
[2025-11-10T23:53:12.431+0000] {processor.py:914} INFO - Processing file /home/airflow/.local/lib/python3.12/site-packages/airflow/example_dags/example_kubernetes_executor.py for tasks to queue
[2025-11-10T23:53:12.432+0000] {logging_mixin.py:190} INFO - [2025-11-10T23:53:12.432+0000] {dagbag.py:588} INFO - Filling up the DagBag from /home/airflow/.local/lib/python3.12/site-packages/airflow/example_dags/example_kubernetes_executor.py
[2025-11-10T23:53:12.445+0000] {processor.py:925} INFO - DAG(s) 'example_kubernetes_executor' retrieved from /home/airflow/.local/lib/python3.12/site-packages/airflow/example_dags/example_kubernetes_executor.py
[2025-11-10T23:53:12.461+0000] {logging_mixin.py:190} INFO - [2025-11-10T23:53:12.461+0000] {dag.py:3239} INFO - Sync 1 DAGs
[2025-11-10T23:53:12.469+0000] {logging_mixin.py:190} INFO - [2025-11-10T23:53:12.469+0000] {dag.py:4180} INFO - Setting next_dagrun for example_kubernetes_executor to None, run_after=None
[2025-11-10T23:53:12.479+0000] {processor.py:208} INFO - Processing /home/airflow/.local/lib/python3.12/site-packages/airflow/example_dags/example_kubernetes_executor.py took 0.052 seconds
[2025-11-10T23:53:43.158+0000] {processor.py:186} INFO - Started process (PID=1445) to work on /home/airflow/.local/lib/python3.12/site-packages/airflow/example_dags/example_kubernetes_executor.py
[2025-11-10T23:53:43.158+0000] {processor.py:914} INFO - Processing file /home/airflow/.local/lib/python3.12/site-packages/airflow/example_dags/example_kubernetes_executor.py for tasks to queue
[2025-11-10T23:53:43.160+0000] {logging_mixin.py:190} INFO - [2025-11-10T23:53:43.159+0000] {dagbag.py:588} INFO - Filling up the DagBag from /home/airflow/.local/lib/python3.12/site-packages/airflow/example_dags/example_kubernetes_executor.py
[2025-11-10T23:53:43.168+0000] {processor.py:925} INFO - DAG(s) 'example_kubernetes_executor' retrieved from /home/airflow/.local/lib/python3.12/site-packages/airflow/example_dags/example_kubernetes_executor.py
[2025-11-10T23:53:43.182+0000] {logging_mixin.py:190} INFO - [2025-11-10T23:53:43.181+0000] {dag.py:3239} INFO - Sync 1 DAGs
[2025-11-10T23:53:43.189+0000] {logging_mixin.py:190} INFO - [2025-11-10T23:53:43.189+0000] {dag.py:4180} INFO - Setting next_dagrun for example_kubernetes_executor to None, run_after=None
[2025-11-10T23:53:43.203+0000] {processor.py:208} INFO - Processing /home/airflow/.local/lib/python3.12/site-packages/airflow/example_dags/example_kubernetes_executor.py took 0.049 seconds
[2025-11-10T23:54:14.024+0000] {processor.py:186} INFO - Started process (PID=1511) to work on /home/airflow/.local/lib/python3.12/site-packages/airflow/example_dags/example_kubernetes_executor.py
[2025-11-10T23:54:14.025+0000] {processor.py:914} INFO - Processing file /home/airflow/.local/lib/python3.12/site-packages/airflow/example_dags/example_kubernetes_executor.py for tasks to queue
[2025-11-10T23:54:14.027+0000] {logging_mixin.py:190} INFO - [2025-11-10T23:54:14.026+0000] {dagbag.py:588} INFO - Filling up the DagBag from /home/airflow/.local/lib/python3.12/site-packages/airflow/example_dags/example_kubernetes_executor.py
[2025-11-10T23:54:14.038+0000] {processor.py:925} INFO - DAG(s) 'example_kubernetes_executor' retrieved from /home/airflow/.local/lib/python3.12/site-packages/airflow/example_dags/example_kubernetes_executor.py
[2025-11-10T23:54:14.056+0000] {logging_mixin.py:190} INFO - [2025-11-10T23:54:14.055+0000] {dag.py:3239} INFO - Sync 1 DAGs
[2025-11-10T23:54:14.068+0000] {logging_mixin.py:190} INFO - [2025-11-10T23:54:14.067+0000] {dag.py:4180} INFO - Setting next_dagrun for example_kubernetes_executor to None, run_after=None
[2025-11-10T23:54:14.090+0000] {processor.py:208} INFO - Processing /home/airflow/.local/lib/python3.12/site-packages/airflow/example_dags/example_kubernetes_executor.py took 0.072 seconds
[2025-11-10T23:54:44.998+0000] {processor.py:186} INFO - Started process (PID=1577) to work on /home/airflow/.local/lib/python3.12/site-packages/airflow/example_dags/example_kubernetes_executor.py
[2025-11-10T23:54:44.999+0000] {processor.py:914} INFO - Processing file /home/airflow/.local/lib/python3.12/site-packages/airflow/example_dags/example_kubernetes_executor.py for tasks to queue
[2025-11-10T23:54:44.999+0000] {logging_mixin.py:190} INFO - [2025-11-10T23:54:44.999+0000] {dagbag.py:588} INFO - Filling up the DagBag from /home/airflow/.local/lib/python3.12/site-packages/airflow/example_dags/example_kubernetes_executor.py
[2025-11-10T23:54:45.007+0000] {processor.py:925} INFO - DAG(s) 'example_kubernetes_executor' retrieved from /home/airflow/.local/lib/python3.12/site-packages/airflow/example_dags/example_kubernetes_executor.py
[2025-11-10T23:54:45.020+0000] {logging_mixin.py:190} INFO - [2025-11-10T23:54:45.020+0000] {dag.py:3239} INFO - Sync 1 DAGs
[2025-11-10T23:54:45.028+0000] {logging_mixin.py:190} INFO - [2025-11-10T23:54:45.028+0000] {dag.py:4180} INFO - Setting next_dagrun for example_kubernetes_executor to None, run_after=None
[2025-11-10T23:54:45.039+0000] {processor.py:208} INFO - Processing /home/airflow/.local/lib/python3.12/site-packages/airflow/example_dags/example_kubernetes_executor.py took 0.045 seconds
[2025-11-10T23:55:15.594+0000] {processor.py:186} INFO - Started process (PID=1641) to work on /home/airflow/.local/lib/python3.12/site-packages/airflow/example_dags/example_kubernetes_executor.py
[2025-11-10T23:55:15.595+0000] {processor.py:914} INFO - Processing file /home/airflow/.local/lib/python3.12/site-packages/airflow/example_dags/example_kubernetes_executor.py for tasks to queue
[2025-11-10T23:55:15.596+0000] {logging_mixin.py:190} INFO - [2025-11-10T23:55:15.596+0000] {dagbag.py:588} INFO - Filling up the DagBag from /home/airflow/.local/lib/python3.12/site-packages/airflow/example_dags/example_kubernetes_executor.py
[2025-11-10T23:55:15.605+0000] {processor.py:925} INFO - DAG(s) 'example_kubernetes_executor' retrieved from /home/airflow/.local/lib/python3.12/site-packages/airflow/example_dags/example_kubernetes_executor.py
[2025-11-10T23:55:15.618+0000] {logging_mixin.py:190} INFO - [2025-11-10T23:55:15.617+0000] {dag.py:3239} INFO - Sync 1 DAGs
[2025-11-10T23:55:15.626+0000] {logging_mixin.py:190} INFO - [2025-11-10T23:55:15.626+0000] {dag.py:4180} INFO - Setting next_dagrun for example_kubernetes_executor to None, run_after=None
[2025-11-10T23:55:15.638+0000] {processor.py:208} INFO - Processing /home/airflow/.local/lib/python3.12/site-packages/airflow/example_dags/example_kubernetes_executor.py took 0.050 seconds
[2025-11-10T23:55:45.989+0000] {processor.py:186} INFO - Started process (PID=1705) to work on /home/airflow/.local/lib/python3.12/site-packages/airflow/example_dags/example_kubernetes_executor.py
[2025-11-10T23:55:45.990+0000] {processor.py:914} INFO - Processing file /home/airflow/.local/lib/python3.12/site-packages/airflow/example_dags/example_kubernetes_executor.py for tasks to queue
[2025-11-10T23:55:45.991+0000] {logging_mixin.py:190} INFO - [2025-11-10T23:55:45.990+0000] {dagbag.py:588} INFO - Filling up the DagBag from /home/airflow/.local/lib/python3.12/site-packages/airflow/example_dags/example_kubernetes_executor.py
[2025-11-10T23:55:46.002+0000] {processor.py:925} INFO - DAG(s) 'example_kubernetes_executor' retrieved from /home/airflow/.local/lib/python3.12/site-packages/airflow/example_dags/example_kubernetes_executor.py
[2025-11-10T23:55:46.015+0000] {logging_mixin.py:190} INFO - [2025-11-10T23:55:46.015+0000] {dag.py:3239} INFO - Sync 1 DAGs
[2025-11-10T23:55:46.024+0000] {logging_mixin.py:190} INFO - [2025-11-10T23:55:46.024+0000] {dag.py:4180} INFO - Setting next_dagrun for example_kubernetes_executor to None, run_after=None
[2025-11-10T23:55:46.041+0000] {processor.py:208} INFO - Processing /home/airflow/.local/lib/python3.12/site-packages/airflow/example_dags/example_kubernetes_executor.py took 0.056 seconds
[2025-11-10T23:56:17.355+0000] {processor.py:186} INFO - Started process (PID=1769) to work on /home/airflow/.local/lib/python3.12/site-packages/airflow/example_dags/example_kubernetes_executor.py
[2025-11-10T23:56:17.357+0000] {processor.py:914} INFO - Processing file /home/airflow/.local/lib/python3.12/site-packages/airflow/example_dags/example_kubernetes_executor.py for tasks to queue
[2025-11-10T23:56:17.358+0000] {logging_mixin.py:190} INFO - [2025-11-10T23:56:17.358+0000] {dagbag.py:588} INFO - Filling up the DagBag from /home/airflow/.local/lib/python3.12/site-packages/airflow/example_dags/example_kubernetes_executor.py
[2025-11-10T23:56:17.366+0000] {processor.py:925} INFO - DAG(s) 'example_kubernetes_executor' retrieved from /home/airflow/.local/lib/python3.12/site-packages/airflow/example_dags/example_kubernetes_executor.py
[2025-11-10T23:56:17.381+0000] {logging_mixin.py:190} INFO - [2025-11-10T23:56:17.381+0000] {dag.py:3239} INFO - Sync 1 DAGs
[2025-11-10T23:56:17.390+0000] {logging_mixin.py:190} INFO - [2025-11-10T23:56:17.390+0000] {dag.py:4180} INFO - Setting next_dagrun for example_kubernetes_executor to None, run_after=None
[2025-11-10T23:56:17.402+0000] {processor.py:208} INFO - Processing /home/airflow/.local/lib/python3.12/site-packages/airflow/example_dags/example_kubernetes_executor.py took 0.050 seconds
[2025-11-10T23:56:48.557+0000] {processor.py:186} INFO - Started process (PID=1833) to work on /home/airflow/.local/lib/python3.12/site-packages/airflow/example_dags/example_kubernetes_executor.py
[2025-11-10T23:56:48.558+0000] {processor.py:914} INFO - Processing file /home/airflow/.local/lib/python3.12/site-packages/airflow/example_dags/example_kubernetes_executor.py for tasks to queue
[2025-11-10T23:56:48.558+0000] {logging_mixin.py:190} INFO - [2025-11-10T23:56:48.558+0000] {dagbag.py:588} INFO - Filling up the DagBag from /home/airflow/.local/lib/python3.12/site-packages/airflow/example_dags/example_kubernetes_executor.py
[2025-11-10T23:56:48.567+0000] {processor.py:925} INFO - DAG(s) 'example_kubernetes_executor' retrieved from /home/airflow/.local/lib/python3.12/site-packages/airflow/example_dags/example_kubernetes_executor.py
[2025-11-10T23:56:48.583+0000] {logging_mixin.py:190} INFO - [2025-11-10T23:56:48.583+0000] {dag.py:3239} INFO - Sync 1 DAGs
[2025-11-10T23:56:48.592+0000] {logging_mixin.py:190} INFO - [2025-11-10T23:56:48.592+0000] {dag.py:4180} INFO - Setting next_dagrun for example_kubernetes_executor to None, run_after=None
[2025-11-10T23:56:48.606+0000] {processor.py:208} INFO - Processing /home/airflow/.local/lib/python3.12/site-packages/airflow/example_dags/example_kubernetes_executor.py took 0.052 seconds
[2025-11-10T23:57:18.929+0000] {processor.py:186} INFO - Started process (PID=1897) to work on /home/airflow/.local/lib/python3.12/site-packages/airflow/example_dags/example_kubernetes_executor.py
[2025-11-10T23:57:18.929+0000] {processor.py:914} INFO - Processing file /home/airflow/.local/lib/python3.12/site-packages/airflow/example_dags/example_kubernetes_executor.py for tasks to queue
[2025-11-10T23:57:18.930+0000] {logging_mixin.py:190} INFO - [2025-11-10T23:57:18.930+0000] {dagbag.py:588} INFO - Filling up the DagBag from /home/airflow/.local/lib/python3.12/site-packages/airflow/example_dags/example_kubernetes_executor.py
[2025-11-10T23:57:18.938+0000] {processor.py:925} INFO - DAG(s) 'example_kubernetes_executor' retrieved from /home/airflow/.local/lib/python3.12/site-packages/airflow/example_dags/example_kubernetes_executor.py
[2025-11-10T23:57:18.954+0000] {logging_mixin.py:190} INFO - [2025-11-10T23:57:18.954+0000] {dag.py:3239} INFO - Sync 1 DAGs
[2025-11-10T23:57:18.962+0000] {logging_mixin.py:190} INFO - [2025-11-10T23:57:18.962+0000] {dag.py:4180} INFO - Setting next_dagrun for example_kubernetes_executor to None, run_after=None
[2025-11-10T23:57:18.974+0000] {processor.py:208} INFO - Processing /home/airflow/.local/lib/python3.12/site-packages/airflow/example_dags/example_kubernetes_executor.py took 0.049 seconds
[2025-11-10T23:57:50.192+0000] {processor.py:186} INFO - Started process (PID=1961) to work on /home/airflow/.local/lib/python3.12/site-packages/airflow/example_dags/example_kubernetes_executor.py
[2025-11-10T23:57:50.192+0000] {processor.py:914} INFO - Processing file /home/airflow/.local/lib/python3.12/site-packages/airflow/example_dags/example_kubernetes_executor.py for tasks to queue
[2025-11-10T23:57:50.193+0000] {logging_mixin.py:190} INFO - [2025-11-10T23:57:50.193+0000] {dagbag.py:588} INFO - Filling up the DagBag from /home/airflow/.local/lib/python3.12/site-packages/airflow/example_dags/example_kubernetes_executor.py
[2025-11-10T23:57:50.201+0000] {processor.py:925} INFO - DAG(s) 'example_kubernetes_executor' retrieved from /home/airflow/.local/lib/python3.12/site-packages/airflow/example_dags/example_kubernetes_executor.py
[2025-11-10T23:57:50.213+0000] {logging_mixin.py:190} INFO - [2025-11-10T23:57:50.213+0000] {dag.py:3239} INFO - Sync 1 DAGs
[2025-11-10T23:57:50.221+0000] {logging_mixin.py:190} INFO - [2025-11-10T23:57:50.221+0000] {dag.py:4180} INFO - Setting next_dagrun for example_kubernetes_executor to None, run_after=None
[2025-11-10T23:57:50.234+0000] {processor.py:208} INFO - Processing /home/airflow/.local/lib/python3.12/site-packages/airflow/example_dags/example_kubernetes_executor.py took 0.046 seconds
[2025-11-10T23:58:21.303+0000] {processor.py:186} INFO - Started process (PID=2025) to work on /home/airflow/.local/lib/python3.12/site-packages/airflow/example_dags/example_kubernetes_executor.py
[2025-11-10T23:58:21.303+0000] {processor.py:914} INFO - Processing file /home/airflow/.local/lib/python3.12/site-packages/airflow/example_dags/example_kubernetes_executor.py for tasks to queue
[2025-11-10T23:58:21.304+0000] {logging_mixin.py:190} INFO - [2025-11-10T23:58:21.304+0000] {dagbag.py:588} INFO - Filling up the DagBag from /home/airflow/.local/lib/python3.12/site-packages/airflow/example_dags/example_kubernetes_executor.py
[2025-11-10T23:58:21.312+0000] {processor.py:925} INFO - DAG(s) 'example_kubernetes_executor' retrieved from /home/airflow/.local/lib/python3.12/site-packages/airflow/example_dags/example_kubernetes_executor.py
[2025-11-10T23:58:21.331+0000] {logging_mixin.py:190} INFO - [2025-11-10T23:58:21.331+0000] {dag.py:3239} INFO - Sync 1 DAGs
[2025-11-10T23:58:21.340+0000] {logging_mixin.py:190} INFO - [2025-11-10T23:58:21.340+0000] {dag.py:4180} INFO - Setting next_dagrun for example_kubernetes_executor to None, run_after=None
[2025-11-10T23:58:21.354+0000] {processor.py:208} INFO - Processing /home/airflow/.local/lib/python3.12/site-packages/airflow/example_dags/example_kubernetes_executor.py took 0.056 seconds
[2025-11-10T23:58:52.456+0000] {processor.py:186} INFO - Started process (PID=2089) to work on /home/airflow/.local/lib/python3.12/site-packages/airflow/example_dags/example_kubernetes_executor.py
[2025-11-10T23:58:52.458+0000] {processor.py:914} INFO - Processing file /home/airflow/.local/lib/python3.12/site-packages/airflow/example_dags/example_kubernetes_executor.py for tasks to queue
[2025-11-10T23:58:52.459+0000] {logging_mixin.py:190} INFO - [2025-11-10T23:58:52.459+0000] {dagbag.py:588} INFO - Filling up the DagBag from /home/airflow/.local/lib/python3.12/site-packages/airflow/example_dags/example_kubernetes_executor.py
[2025-11-10T23:58:52.467+0000] {processor.py:925} INFO - DAG(s) 'example_kubernetes_executor' retrieved from /home/airflow/.local/lib/python3.12/site-packages/airflow/example_dags/example_kubernetes_executor.py
[2025-11-10T23:58:52.486+0000] {logging_mixin.py:190} INFO - [2025-11-10T23:58:52.486+0000] {dag.py:3239} INFO - Sync 1 DAGs
[2025-11-10T23:58:52.495+0000] {logging_mixin.py:190} INFO - [2025-11-10T23:58:52.495+0000] {dag.py:4180} INFO - Setting next_dagrun for example_kubernetes_executor to None, run_after=None
[2025-11-10T23:58:52.506+0000] {processor.py:208} INFO - Processing /home/airflow/.local/lib/python3.12/site-packages/airflow/example_dags/example_kubernetes_executor.py took 0.054 seconds
[2025-11-10T23:59:23.193+0000] {processor.py:186} INFO - Started process (PID=2153) to work on /home/airflow/.local/lib/python3.12/site-packages/airflow/example_dags/example_kubernetes_executor.py
[2025-11-10T23:59:23.194+0000] {processor.py:914} INFO - Processing file /home/airflow/.local/lib/python3.12/site-packages/airflow/example_dags/example_kubernetes_executor.py for tasks to queue
[2025-11-10T23:59:23.195+0000] {logging_mixin.py:190} INFO - [2025-11-10T23:59:23.194+0000] {dagbag.py:588} INFO - Filling up the DagBag from /home/airflow/.local/lib/python3.12/site-packages/airflow/example_dags/example_kubernetes_executor.py
[2025-11-10T23:59:23.203+0000] {processor.py:925} INFO - DAG(s) 'example_kubernetes_executor' retrieved from /home/airflow/.local/lib/python3.12/site-packages/airflow/example_dags/example_kubernetes_executor.py
[2025-11-10T23:59:23.221+0000] {logging_mixin.py:190} INFO - [2025-11-10T23:59:23.220+0000] {dag.py:3239} INFO - Sync 1 DAGs
[2025-11-10T23:59:23.230+0000] {logging_mixin.py:190} INFO - [2025-11-10T23:59:23.229+0000] {dag.py:4180} INFO - Setting next_dagrun for example_kubernetes_executor to None, run_after=None
[2025-11-10T23:59:23.242+0000] {processor.py:208} INFO - Processing /home/airflow/.local/lib/python3.12/site-packages/airflow/example_dags/example_kubernetes_executor.py took 0.053 seconds
[2025-11-10T23:59:54.429+0000] {processor.py:186} INFO - Started process (PID=2217) to work on /home/airflow/.local/lib/python3.12/site-packages/airflow/example_dags/example_kubernetes_executor.py
[2025-11-10T23:59:54.431+0000] {processor.py:914} INFO - Processing file /home/airflow/.local/lib/python3.12/site-packages/airflow/example_dags/example_kubernetes_executor.py for tasks to queue
[2025-11-10T23:59:54.432+0000] {logging_mixin.py:190} INFO - [2025-11-10T23:59:54.431+0000] {dagbag.py:588} INFO - Filling up the DagBag from /home/airflow/.local/lib/python3.12/site-packages/airflow/example_dags/example_kubernetes_executor.py
[2025-11-10T23:59:54.440+0000] {processor.py:925} INFO - DAG(s) 'example_kubernetes_executor' retrieved from /home/airflow/.local/lib/python3.12/site-packages/airflow/example_dags/example_kubernetes_executor.py
[2025-11-10T23:59:54.455+0000] {logging_mixin.py:190} INFO - [2025-11-10T23:59:54.455+0000] {dag.py:3239} INFO - Sync 1 DAGs
[2025-11-10T23:59:54.464+0000] {logging_mixin.py:190} INFO - [2025-11-10T23:59:54.463+0000] {dag.py:4180} INFO - Setting next_dagrun for example_kubernetes_executor to None, run_after=None
[2025-11-10T23:59:54.473+0000] {processor.py:208} INFO - Processing /home/airflow/.local/lib/python3.12/site-packages/airflow/example_dags/example_kubernetes_executor.py took 0.049 seconds
