[2025-11-10T23:41:40.335+0000] {processor.py:186} INFO - Started process (PID=85) to work on /home/airflow/.local/lib/python3.12/site-packages/airflow/example_dags/example_trigger_target_dag.py
[2025-11-10T23:41:40.335+0000] {processor.py:914} INFO - Processing file /home/airflow/.local/lib/python3.12/site-packages/airflow/example_dags/example_trigger_target_dag.py for tasks to queue
[2025-11-10T23:41:40.336+0000] {logging_mixin.py:190} INFO - [2025-11-10T23:41:40.336+0000] {dagbag.py:588} INFO - Filling up the DagBag from /home/airflow/.local/lib/python3.12/site-packages/airflow/example_dags/example_trigger_target_dag.py
[2025-11-10T23:41:40.341+0000] {processor.py:925} INFO - DAG(s) 'example_trigger_target_dag' retrieved from /home/airflow/.local/lib/python3.12/site-packages/airflow/example_dags/example_trigger_target_dag.py
[2025-11-10T23:41:40.357+0000] {logging_mixin.py:190} INFO - [2025-11-10T23:41:40.357+0000] {dag.py:3239} INFO - Sync 1 DAGs
[2025-11-10T23:41:40.365+0000] {logging_mixin.py:190} INFO - [2025-11-10T23:41:40.365+0000] {dag.py:4180} INFO - Setting next_dagrun for example_trigger_target_dag to None, run_after=None
[2025-11-10T23:41:40.375+0000] {processor.py:208} INFO - Processing /home/airflow/.local/lib/python3.12/site-packages/airflow/example_dags/example_trigger_target_dag.py took 0.044 seconds
[2025-11-10T23:42:43.108+0000] {processor.py:186} INFO - Started process (PID=60) to work on /home/airflow/.local/lib/python3.12/site-packages/airflow/example_dags/example_trigger_target_dag.py
[2025-11-10T23:42:43.124+0000] {processor.py:914} INFO - Processing file /home/airflow/.local/lib/python3.12/site-packages/airflow/example_dags/example_trigger_target_dag.py for tasks to queue
[2025-11-10T23:42:43.129+0000] {logging_mixin.py:190} INFO - [2025-11-10T23:42:43.128+0000] {dagbag.py:588} INFO - Filling up the DagBag from /home/airflow/.local/lib/python3.12/site-packages/airflow/example_dags/example_trigger_target_dag.py
[2025-11-10T23:42:43.235+0000] {processor.py:925} INFO - DAG(s) 'example_trigger_target_dag' retrieved from /home/airflow/.local/lib/python3.12/site-packages/airflow/example_dags/example_trigger_target_dag.py
[2025-11-10T23:42:43.265+0000] {logging_mixin.py:190} INFO - [2025-11-10T23:42:43.265+0000] {dag.py:3239} INFO - Sync 1 DAGs
[2025-11-10T23:42:43.382+0000] {logging_mixin.py:190} INFO - [2025-11-10T23:42:43.382+0000] {dag.py:4180} INFO - Setting next_dagrun for example_trigger_target_dag to None, run_after=None
[2025-11-10T23:42:43.556+0000] {processor.py:208} INFO - Processing /home/airflow/.local/lib/python3.12/site-packages/airflow/example_dags/example_trigger_target_dag.py took 0.454 seconds
[2025-11-10T23:43:14.028+0000] {processor.py:186} INFO - Started process (PID=123) to work on /home/airflow/.local/lib/python3.12/site-packages/airflow/example_dags/example_trigger_target_dag.py
[2025-11-10T23:43:14.029+0000] {processor.py:914} INFO - Processing file /home/airflow/.local/lib/python3.12/site-packages/airflow/example_dags/example_trigger_target_dag.py for tasks to queue
[2025-11-10T23:43:14.030+0000] {logging_mixin.py:190} INFO - [2025-11-10T23:43:14.030+0000] {dagbag.py:588} INFO - Filling up the DagBag from /home/airflow/.local/lib/python3.12/site-packages/airflow/example_dags/example_trigger_target_dag.py
[2025-11-10T23:43:14.035+0000] {processor.py:925} INFO - DAG(s) 'example_trigger_target_dag' retrieved from /home/airflow/.local/lib/python3.12/site-packages/airflow/example_dags/example_trigger_target_dag.py
[2025-11-10T23:43:14.050+0000] {logging_mixin.py:190} INFO - [2025-11-10T23:43:14.050+0000] {dag.py:3239} INFO - Sync 1 DAGs
[2025-11-10T23:43:14.060+0000] {logging_mixin.py:190} INFO - [2025-11-10T23:43:14.060+0000] {dag.py:4180} INFO - Setting next_dagrun for example_trigger_target_dag to None, run_after=None
[2025-11-10T23:43:14.071+0000] {processor.py:208} INFO - Processing /home/airflow/.local/lib/python3.12/site-packages/airflow/example_dags/example_trigger_target_dag.py took 0.047 seconds
[2025-11-10T23:43:44.247+0000] {processor.py:186} INFO - Started process (PID=186) to work on /home/airflow/.local/lib/python3.12/site-packages/airflow/example_dags/example_trigger_target_dag.py
[2025-11-10T23:43:44.247+0000] {processor.py:914} INFO - Processing file /home/airflow/.local/lib/python3.12/site-packages/airflow/example_dags/example_trigger_target_dag.py for tasks to queue
[2025-11-10T23:43:44.249+0000] {logging_mixin.py:190} INFO - [2025-11-10T23:43:44.249+0000] {dagbag.py:588} INFO - Filling up the DagBag from /home/airflow/.local/lib/python3.12/site-packages/airflow/example_dags/example_trigger_target_dag.py
[2025-11-10T23:43:44.255+0000] {processor.py:925} INFO - DAG(s) 'example_trigger_target_dag' retrieved from /home/airflow/.local/lib/python3.12/site-packages/airflow/example_dags/example_trigger_target_dag.py
[2025-11-10T23:43:44.271+0000] {logging_mixin.py:190} INFO - [2025-11-10T23:43:44.271+0000] {dag.py:3239} INFO - Sync 1 DAGs
[2025-11-10T23:43:44.280+0000] {logging_mixin.py:190} INFO - [2025-11-10T23:43:44.280+0000] {dag.py:4180} INFO - Setting next_dagrun for example_trigger_target_dag to None, run_after=None
[2025-11-10T23:43:44.290+0000] {processor.py:208} INFO - Processing /home/airflow/.local/lib/python3.12/site-packages/airflow/example_dags/example_trigger_target_dag.py took 0.048 seconds
[2025-11-10T23:44:14.983+0000] {processor.py:186} INFO - Started process (PID=250) to work on /home/airflow/.local/lib/python3.12/site-packages/airflow/example_dags/example_trigger_target_dag.py
[2025-11-10T23:44:14.983+0000] {processor.py:914} INFO - Processing file /home/airflow/.local/lib/python3.12/site-packages/airflow/example_dags/example_trigger_target_dag.py for tasks to queue
[2025-11-10T23:44:14.985+0000] {logging_mixin.py:190} INFO - [2025-11-10T23:44:14.985+0000] {dagbag.py:588} INFO - Filling up the DagBag from /home/airflow/.local/lib/python3.12/site-packages/airflow/example_dags/example_trigger_target_dag.py
[2025-11-10T23:44:14.993+0000] {processor.py:925} INFO - DAG(s) 'example_trigger_target_dag' retrieved from /home/airflow/.local/lib/python3.12/site-packages/airflow/example_dags/example_trigger_target_dag.py
[2025-11-10T23:44:15.010+0000] {logging_mixin.py:190} INFO - [2025-11-10T23:44:15.010+0000] {dag.py:3239} INFO - Sync 1 DAGs
[2025-11-10T23:44:15.021+0000] {logging_mixin.py:190} INFO - [2025-11-10T23:44:15.021+0000] {dag.py:4180} INFO - Setting next_dagrun for example_trigger_target_dag to None, run_after=None
[2025-11-10T23:44:15.041+0000] {processor.py:208} INFO - Processing /home/airflow/.local/lib/python3.12/site-packages/airflow/example_dags/example_trigger_target_dag.py took 0.063 seconds
[2025-11-10T23:44:45.340+0000] {processor.py:186} INFO - Started process (PID=314) to work on /home/airflow/.local/lib/python3.12/site-packages/airflow/example_dags/example_trigger_target_dag.py
[2025-11-10T23:44:45.341+0000] {processor.py:914} INFO - Processing file /home/airflow/.local/lib/python3.12/site-packages/airflow/example_dags/example_trigger_target_dag.py for tasks to queue
[2025-11-10T23:44:45.342+0000] {logging_mixin.py:190} INFO - [2025-11-10T23:44:45.342+0000] {dagbag.py:588} INFO - Filling up the DagBag from /home/airflow/.local/lib/python3.12/site-packages/airflow/example_dags/example_trigger_target_dag.py
[2025-11-10T23:44:45.347+0000] {processor.py:925} INFO - DAG(s) 'example_trigger_target_dag' retrieved from /home/airflow/.local/lib/python3.12/site-packages/airflow/example_dags/example_trigger_target_dag.py
[2025-11-10T23:44:45.359+0000] {logging_mixin.py:190} INFO - [2025-11-10T23:44:45.359+0000] {dag.py:3239} INFO - Sync 1 DAGs
[2025-11-10T23:44:45.367+0000] {logging_mixin.py:190} INFO - [2025-11-10T23:44:45.367+0000] {dag.py:4180} INFO - Setting next_dagrun for example_trigger_target_dag to None, run_after=None
[2025-11-10T23:44:45.379+0000] {processor.py:208} INFO - Processing /home/airflow/.local/lib/python3.12/site-packages/airflow/example_dags/example_trigger_target_dag.py took 0.044 seconds
[2025-11-10T23:45:16.098+0000] {processor.py:186} INFO - Started process (PID=378) to work on /home/airflow/.local/lib/python3.12/site-packages/airflow/example_dags/example_trigger_target_dag.py
[2025-11-10T23:45:16.098+0000] {processor.py:914} INFO - Processing file /home/airflow/.local/lib/python3.12/site-packages/airflow/example_dags/example_trigger_target_dag.py for tasks to queue
[2025-11-10T23:45:16.100+0000] {logging_mixin.py:190} INFO - [2025-11-10T23:45:16.099+0000] {dagbag.py:588} INFO - Filling up the DagBag from /home/airflow/.local/lib/python3.12/site-packages/airflow/example_dags/example_trigger_target_dag.py
[2025-11-10T23:45:16.104+0000] {processor.py:925} INFO - DAG(s) 'example_trigger_target_dag' retrieved from /home/airflow/.local/lib/python3.12/site-packages/airflow/example_dags/example_trigger_target_dag.py
[2025-11-10T23:45:16.118+0000] {logging_mixin.py:190} INFO - [2025-11-10T23:45:16.117+0000] {dag.py:3239} INFO - Sync 1 DAGs
[2025-11-10T23:45:16.125+0000] {logging_mixin.py:190} INFO - [2025-11-10T23:45:16.125+0000] {dag.py:4180} INFO - Setting next_dagrun for example_trigger_target_dag to None, run_after=None
[2025-11-10T23:45:16.136+0000] {processor.py:208} INFO - Processing /home/airflow/.local/lib/python3.12/site-packages/airflow/example_dags/example_trigger_target_dag.py took 0.041 seconds
[2025-11-10T23:45:58.116+0000] {processor.py:186} INFO - Started process (PID=444) to work on /home/airflow/.local/lib/python3.12/site-packages/airflow/example_dags/example_trigger_target_dag.py
[2025-11-10T23:45:58.127+0000] {processor.py:914} INFO - Processing file /home/airflow/.local/lib/python3.12/site-packages/airflow/example_dags/example_trigger_target_dag.py for tasks to queue
[2025-11-10T23:45:58.129+0000] {logging_mixin.py:190} INFO - [2025-11-10T23:45:58.128+0000] {dagbag.py:588} INFO - Filling up the DagBag from /home/airflow/.local/lib/python3.12/site-packages/airflow/example_dags/example_trigger_target_dag.py
[2025-11-10T23:45:58.133+0000] {processor.py:925} INFO - DAG(s) 'example_trigger_target_dag' retrieved from /home/airflow/.local/lib/python3.12/site-packages/airflow/example_dags/example_trigger_target_dag.py
[2025-11-10T23:45:58.148+0000] {logging_mixin.py:190} INFO - [2025-11-10T23:45:58.148+0000] {dag.py:3239} INFO - Sync 1 DAGs
[2025-11-10T23:45:58.157+0000] {logging_mixin.py:190} INFO - [2025-11-10T23:45:58.157+0000] {dag.py:4180} INFO - Setting next_dagrun for example_trigger_target_dag to None, run_after=None
[2025-11-10T23:45:58.171+0000] {processor.py:208} INFO - Processing /home/airflow/.local/lib/python3.12/site-packages/airflow/example_dags/example_trigger_target_dag.py took 0.059 seconds
[2025-11-10T23:46:28.592+0000] {processor.py:186} INFO - Started process (PID=508) to work on /home/airflow/.local/lib/python3.12/site-packages/airflow/example_dags/example_trigger_target_dag.py
[2025-11-10T23:46:28.593+0000] {processor.py:914} INFO - Processing file /home/airflow/.local/lib/python3.12/site-packages/airflow/example_dags/example_trigger_target_dag.py for tasks to queue
[2025-11-10T23:46:28.594+0000] {logging_mixin.py:190} INFO - [2025-11-10T23:46:28.594+0000] {dagbag.py:588} INFO - Filling up the DagBag from /home/airflow/.local/lib/python3.12/site-packages/airflow/example_dags/example_trigger_target_dag.py
[2025-11-10T23:46:28.599+0000] {processor.py:925} INFO - DAG(s) 'example_trigger_target_dag' retrieved from /home/airflow/.local/lib/python3.12/site-packages/airflow/example_dags/example_trigger_target_dag.py
[2025-11-10T23:46:28.611+0000] {logging_mixin.py:190} INFO - [2025-11-10T23:46:28.611+0000] {dag.py:3239} INFO - Sync 1 DAGs
[2025-11-10T23:46:28.619+0000] {logging_mixin.py:190} INFO - [2025-11-10T23:46:28.619+0000] {dag.py:4180} INFO - Setting next_dagrun for example_trigger_target_dag to None, run_after=None
[2025-11-10T23:46:28.631+0000] {processor.py:208} INFO - Processing /home/airflow/.local/lib/python3.12/site-packages/airflow/example_dags/example_trigger_target_dag.py took 0.045 seconds
[2025-11-10T23:46:59.800+0000] {processor.py:186} INFO - Started process (PID=572) to work on /home/airflow/.local/lib/python3.12/site-packages/airflow/example_dags/example_trigger_target_dag.py
[2025-11-10T23:46:59.801+0000] {processor.py:914} INFO - Processing file /home/airflow/.local/lib/python3.12/site-packages/airflow/example_dags/example_trigger_target_dag.py for tasks to queue
[2025-11-10T23:46:59.803+0000] {logging_mixin.py:190} INFO - [2025-11-10T23:46:59.802+0000] {dagbag.py:588} INFO - Filling up the DagBag from /home/airflow/.local/lib/python3.12/site-packages/airflow/example_dags/example_trigger_target_dag.py
[2025-11-10T23:46:59.808+0000] {processor.py:925} INFO - DAG(s) 'example_trigger_target_dag' retrieved from /home/airflow/.local/lib/python3.12/site-packages/airflow/example_dags/example_trigger_target_dag.py
[2025-11-10T23:46:59.821+0000] {logging_mixin.py:190} INFO - [2025-11-10T23:46:59.821+0000] {dag.py:3239} INFO - Sync 1 DAGs
[2025-11-10T23:46:59.829+0000] {logging_mixin.py:190} INFO - [2025-11-10T23:46:59.829+0000] {dag.py:4180} INFO - Setting next_dagrun for example_trigger_target_dag to None, run_after=None
[2025-11-10T23:46:59.841+0000] {processor.py:208} INFO - Processing /home/airflow/.local/lib/python3.12/site-packages/airflow/example_dags/example_trigger_target_dag.py took 0.045 seconds
[2025-11-10T23:47:31.057+0000] {processor.py:186} INFO - Started process (PID=636) to work on /home/airflow/.local/lib/python3.12/site-packages/airflow/example_dags/example_trigger_target_dag.py
[2025-11-10T23:47:31.058+0000] {processor.py:914} INFO - Processing file /home/airflow/.local/lib/python3.12/site-packages/airflow/example_dags/example_trigger_target_dag.py for tasks to queue
[2025-11-10T23:47:31.059+0000] {logging_mixin.py:190} INFO - [2025-11-10T23:47:31.059+0000] {dagbag.py:588} INFO - Filling up the DagBag from /home/airflow/.local/lib/python3.12/site-packages/airflow/example_dags/example_trigger_target_dag.py
[2025-11-10T23:47:31.064+0000] {processor.py:925} INFO - DAG(s) 'example_trigger_target_dag' retrieved from /home/airflow/.local/lib/python3.12/site-packages/airflow/example_dags/example_trigger_target_dag.py
[2025-11-10T23:47:31.075+0000] {logging_mixin.py:190} INFO - [2025-11-10T23:47:31.075+0000] {dag.py:3239} INFO - Sync 1 DAGs
[2025-11-10T23:47:31.083+0000] {logging_mixin.py:190} INFO - [2025-11-10T23:47:31.082+0000] {dag.py:4180} INFO - Setting next_dagrun for example_trigger_target_dag to None, run_after=None
[2025-11-10T23:47:31.093+0000] {processor.py:208} INFO - Processing /home/airflow/.local/lib/python3.12/site-packages/airflow/example_dags/example_trigger_target_dag.py took 0.039 seconds
[2025-11-10T23:48:02.559+0000] {processor.py:186} INFO - Started process (PID=704) to work on /home/airflow/.local/lib/python3.12/site-packages/airflow/example_dags/example_trigger_target_dag.py
[2025-11-10T23:48:02.560+0000] {processor.py:914} INFO - Processing file /home/airflow/.local/lib/python3.12/site-packages/airflow/example_dags/example_trigger_target_dag.py for tasks to queue
[2025-11-10T23:48:02.562+0000] {logging_mixin.py:190} INFO - [2025-11-10T23:48:02.561+0000] {dagbag.py:588} INFO - Filling up the DagBag from /home/airflow/.local/lib/python3.12/site-packages/airflow/example_dags/example_trigger_target_dag.py
[2025-11-10T23:48:02.568+0000] {processor.py:925} INFO - DAG(s) 'example_trigger_target_dag' retrieved from /home/airflow/.local/lib/python3.12/site-packages/airflow/example_dags/example_trigger_target_dag.py
[2025-11-10T23:48:02.583+0000] {logging_mixin.py:190} INFO - [2025-11-10T23:48:02.583+0000] {dag.py:3239} INFO - Sync 1 DAGs
[2025-11-10T23:48:02.593+0000] {logging_mixin.py:190} INFO - [2025-11-10T23:48:02.593+0000] {dag.py:4180} INFO - Setting next_dagrun for example_trigger_target_dag to None, run_after=None
[2025-11-10T23:48:02.607+0000] {processor.py:208} INFO - Processing /home/airflow/.local/lib/python3.12/site-packages/airflow/example_dags/example_trigger_target_dag.py took 0.052 seconds
[2025-11-10T23:48:33.888+0000] {processor.py:186} INFO - Started process (PID=769) to work on /home/airflow/.local/lib/python3.12/site-packages/airflow/example_dags/example_trigger_target_dag.py
[2025-11-10T23:48:33.890+0000] {processor.py:914} INFO - Processing file /home/airflow/.local/lib/python3.12/site-packages/airflow/example_dags/example_trigger_target_dag.py for tasks to queue
[2025-11-10T23:48:33.892+0000] {logging_mixin.py:190} INFO - [2025-11-10T23:48:33.891+0000] {dagbag.py:588} INFO - Filling up the DagBag from /home/airflow/.local/lib/python3.12/site-packages/airflow/example_dags/example_trigger_target_dag.py
[2025-11-10T23:48:33.897+0000] {processor.py:925} INFO - DAG(s) 'example_trigger_target_dag' retrieved from /home/airflow/.local/lib/python3.12/site-packages/airflow/example_dags/example_trigger_target_dag.py
[2025-11-10T23:48:33.910+0000] {logging_mixin.py:190} INFO - [2025-11-10T23:48:33.910+0000] {dag.py:3239} INFO - Sync 1 DAGs
[2025-11-10T23:48:33.919+0000] {logging_mixin.py:190} INFO - [2025-11-10T23:48:33.918+0000] {dag.py:4180} INFO - Setting next_dagrun for example_trigger_target_dag to None, run_after=None
[2025-11-10T23:48:33.932+0000] {processor.py:208} INFO - Processing /home/airflow/.local/lib/python3.12/site-packages/airflow/example_dags/example_trigger_target_dag.py took 0.047 seconds
[2025-11-10T23:49:04.363+0000] {processor.py:186} INFO - Started process (PID=834) to work on /home/airflow/.local/lib/python3.12/site-packages/airflow/example_dags/example_trigger_target_dag.py
[2025-11-10T23:49:04.364+0000] {processor.py:914} INFO - Processing file /home/airflow/.local/lib/python3.12/site-packages/airflow/example_dags/example_trigger_target_dag.py for tasks to queue
[2025-11-10T23:49:04.366+0000] {logging_mixin.py:190} INFO - [2025-11-10T23:49:04.366+0000] {dagbag.py:588} INFO - Filling up the DagBag from /home/airflow/.local/lib/python3.12/site-packages/airflow/example_dags/example_trigger_target_dag.py
[2025-11-10T23:49:04.371+0000] {processor.py:925} INFO - DAG(s) 'example_trigger_target_dag' retrieved from /home/airflow/.local/lib/python3.12/site-packages/airflow/example_dags/example_trigger_target_dag.py
[2025-11-10T23:49:04.381+0000] {logging_mixin.py:190} INFO - [2025-11-10T23:49:04.381+0000] {dag.py:3239} INFO - Sync 1 DAGs
[2025-11-10T23:49:04.390+0000] {logging_mixin.py:190} INFO - [2025-11-10T23:49:04.390+0000] {dag.py:4180} INFO - Setting next_dagrun for example_trigger_target_dag to None, run_after=None
[2025-11-10T23:49:04.402+0000] {processor.py:208} INFO - Processing /home/airflow/.local/lib/python3.12/site-packages/airflow/example_dags/example_trigger_target_dag.py took 0.043 seconds
[2025-11-10T23:49:34.650+0000] {processor.py:186} INFO - Started process (PID=900) to work on /home/airflow/.local/lib/python3.12/site-packages/airflow/example_dags/example_trigger_target_dag.py
[2025-11-10T23:49:34.652+0000] {processor.py:914} INFO - Processing file /home/airflow/.local/lib/python3.12/site-packages/airflow/example_dags/example_trigger_target_dag.py for tasks to queue
[2025-11-10T23:49:34.654+0000] {logging_mixin.py:190} INFO - [2025-11-10T23:49:34.653+0000] {dagbag.py:588} INFO - Filling up the DagBag from /home/airflow/.local/lib/python3.12/site-packages/airflow/example_dags/example_trigger_target_dag.py
[2025-11-10T23:49:34.658+0000] {processor.py:925} INFO - DAG(s) 'example_trigger_target_dag' retrieved from /home/airflow/.local/lib/python3.12/site-packages/airflow/example_dags/example_trigger_target_dag.py
[2025-11-10T23:49:34.671+0000] {logging_mixin.py:190} INFO - [2025-11-10T23:49:34.670+0000] {dag.py:3239} INFO - Sync 1 DAGs
[2025-11-10T23:49:34.679+0000] {logging_mixin.py:190} INFO - [2025-11-10T23:49:34.679+0000] {dag.py:4180} INFO - Setting next_dagrun for example_trigger_target_dag to None, run_after=None
[2025-11-10T23:49:34.694+0000] {processor.py:208} INFO - Processing /home/airflow/.local/lib/python3.12/site-packages/airflow/example_dags/example_trigger_target_dag.py took 0.048 seconds
[2025-11-10T23:50:05.732+0000] {processor.py:186} INFO - Started process (PID=970) to work on /home/airflow/.local/lib/python3.12/site-packages/airflow/example_dags/example_trigger_target_dag.py
[2025-11-10T23:50:05.732+0000] {processor.py:914} INFO - Processing file /home/airflow/.local/lib/python3.12/site-packages/airflow/example_dags/example_trigger_target_dag.py for tasks to queue
[2025-11-10T23:50:05.734+0000] {logging_mixin.py:190} INFO - [2025-11-10T23:50:05.733+0000] {dagbag.py:588} INFO - Filling up the DagBag from /home/airflow/.local/lib/python3.12/site-packages/airflow/example_dags/example_trigger_target_dag.py
[2025-11-10T23:50:05.739+0000] {processor.py:925} INFO - DAG(s) 'example_trigger_target_dag' retrieved from /home/airflow/.local/lib/python3.12/site-packages/airflow/example_dags/example_trigger_target_dag.py
[2025-11-10T23:50:05.752+0000] {logging_mixin.py:190} INFO - [2025-11-10T23:50:05.752+0000] {dag.py:3239} INFO - Sync 1 DAGs
[2025-11-10T23:50:05.761+0000] {logging_mixin.py:190} INFO - [2025-11-10T23:50:05.760+0000] {dag.py:4180} INFO - Setting next_dagrun for example_trigger_target_dag to None, run_after=None
[2025-11-10T23:50:05.770+0000] {processor.py:208} INFO - Processing /home/airflow/.local/lib/python3.12/site-packages/airflow/example_dags/example_trigger_target_dag.py took 0.042 seconds
[2025-11-10T23:50:36.269+0000] {processor.py:186} INFO - Started process (PID=1035) to work on /home/airflow/.local/lib/python3.12/site-packages/airflow/example_dags/example_trigger_target_dag.py
[2025-11-10T23:50:36.269+0000] {processor.py:914} INFO - Processing file /home/airflow/.local/lib/python3.12/site-packages/airflow/example_dags/example_trigger_target_dag.py for tasks to queue
[2025-11-10T23:50:36.271+0000] {logging_mixin.py:190} INFO - [2025-11-10T23:50:36.270+0000] {dagbag.py:588} INFO - Filling up the DagBag from /home/airflow/.local/lib/python3.12/site-packages/airflow/example_dags/example_trigger_target_dag.py
[2025-11-10T23:50:36.275+0000] {processor.py:925} INFO - DAG(s) 'example_trigger_target_dag' retrieved from /home/airflow/.local/lib/python3.12/site-packages/airflow/example_dags/example_trigger_target_dag.py
[2025-11-10T23:50:36.290+0000] {logging_mixin.py:190} INFO - [2025-11-10T23:50:36.289+0000] {dag.py:3239} INFO - Sync 1 DAGs
[2025-11-10T23:50:36.297+0000] {logging_mixin.py:190} INFO - [2025-11-10T23:50:36.297+0000] {dag.py:4180} INFO - Setting next_dagrun for example_trigger_target_dag to None, run_after=None
[2025-11-10T23:50:36.309+0000] {processor.py:208} INFO - Processing /home/airflow/.local/lib/python3.12/site-packages/airflow/example_dags/example_trigger_target_dag.py took 0.044 seconds
[2025-11-10T23:51:06.855+0000] {processor.py:186} INFO - Started process (PID=1102) to work on /home/airflow/.local/lib/python3.12/site-packages/airflow/example_dags/example_trigger_target_dag.py
[2025-11-10T23:51:06.856+0000] {processor.py:914} INFO - Processing file /home/airflow/.local/lib/python3.12/site-packages/airflow/example_dags/example_trigger_target_dag.py for tasks to queue
[2025-11-10T23:51:06.857+0000] {logging_mixin.py:190} INFO - [2025-11-10T23:51:06.857+0000] {dagbag.py:588} INFO - Filling up the DagBag from /home/airflow/.local/lib/python3.12/site-packages/airflow/example_dags/example_trigger_target_dag.py
[2025-11-10T23:51:06.862+0000] {processor.py:925} INFO - DAG(s) 'example_trigger_target_dag' retrieved from /home/airflow/.local/lib/python3.12/site-packages/airflow/example_dags/example_trigger_target_dag.py
[2025-11-10T23:51:06.879+0000] {logging_mixin.py:190} INFO - [2025-11-10T23:51:06.879+0000] {dag.py:3239} INFO - Sync 1 DAGs
[2025-11-10T23:51:06.893+0000] {logging_mixin.py:190} INFO - [2025-11-10T23:51:06.892+0000] {dag.py:4180} INFO - Setting next_dagrun for example_trigger_target_dag to None, run_after=None
[2025-11-10T23:51:06.904+0000] {processor.py:208} INFO - Processing /home/airflow/.local/lib/python3.12/site-packages/airflow/example_dags/example_trigger_target_dag.py took 0.052 seconds
[2025-11-10T23:51:37.954+0000] {processor.py:186} INFO - Started process (PID=1170) to work on /home/airflow/.local/lib/python3.12/site-packages/airflow/example_dags/example_trigger_target_dag.py
[2025-11-10T23:51:37.955+0000] {processor.py:914} INFO - Processing file /home/airflow/.local/lib/python3.12/site-packages/airflow/example_dags/example_trigger_target_dag.py for tasks to queue
[2025-11-10T23:51:37.957+0000] {logging_mixin.py:190} INFO - [2025-11-10T23:51:37.956+0000] {dagbag.py:588} INFO - Filling up the DagBag from /home/airflow/.local/lib/python3.12/site-packages/airflow/example_dags/example_trigger_target_dag.py
[2025-11-10T23:51:37.965+0000] {processor.py:925} INFO - DAG(s) 'example_trigger_target_dag' retrieved from /home/airflow/.local/lib/python3.12/site-packages/airflow/example_dags/example_trigger_target_dag.py
[2025-11-10T23:51:37.983+0000] {logging_mixin.py:190} INFO - [2025-11-10T23:51:37.982+0000] {dag.py:3239} INFO - Sync 1 DAGs
[2025-11-10T23:51:37.996+0000] {logging_mixin.py:190} INFO - [2025-11-10T23:51:37.996+0000] {dag.py:4180} INFO - Setting next_dagrun for example_trigger_target_dag to None, run_after=None
[2025-11-10T23:51:38.019+0000] {processor.py:208} INFO - Processing /home/airflow/.local/lib/python3.12/site-packages/airflow/example_dags/example_trigger_target_dag.py took 0.071 seconds
[2025-11-10T23:52:09.451+0000] {processor.py:186} INFO - Started process (PID=1236) to work on /home/airflow/.local/lib/python3.12/site-packages/airflow/example_dags/example_trigger_target_dag.py
[2025-11-10T23:52:09.452+0000] {processor.py:914} INFO - Processing file /home/airflow/.local/lib/python3.12/site-packages/airflow/example_dags/example_trigger_target_dag.py for tasks to queue
[2025-11-10T23:52:09.453+0000] {logging_mixin.py:190} INFO - [2025-11-10T23:52:09.453+0000] {dagbag.py:588} INFO - Filling up the DagBag from /home/airflow/.local/lib/python3.12/site-packages/airflow/example_dags/example_trigger_target_dag.py
[2025-11-10T23:52:09.458+0000] {processor.py:925} INFO - DAG(s) 'example_trigger_target_dag' retrieved from /home/airflow/.local/lib/python3.12/site-packages/airflow/example_dags/example_trigger_target_dag.py
[2025-11-10T23:52:09.468+0000] {logging_mixin.py:190} INFO - [2025-11-10T23:52:09.468+0000] {dag.py:3239} INFO - Sync 1 DAGs
[2025-11-10T23:52:09.477+0000] {logging_mixin.py:190} INFO - [2025-11-10T23:52:09.477+0000] {dag.py:4180} INFO - Setting next_dagrun for example_trigger_target_dag to None, run_after=None
[2025-11-10T23:52:09.489+0000] {processor.py:208} INFO - Processing /home/airflow/.local/lib/python3.12/site-packages/airflow/example_dags/example_trigger_target_dag.py took 0.041 seconds
[2025-11-10T23:52:40.858+0000] {processor.py:186} INFO - Started process (PID=1302) to work on /home/airflow/.local/lib/python3.12/site-packages/airflow/example_dags/example_trigger_target_dag.py
[2025-11-10T23:52:40.859+0000] {processor.py:914} INFO - Processing file /home/airflow/.local/lib/python3.12/site-packages/airflow/example_dags/example_trigger_target_dag.py for tasks to queue
[2025-11-10T23:52:40.861+0000] {logging_mixin.py:190} INFO - [2025-11-10T23:52:40.861+0000] {dagbag.py:588} INFO - Filling up the DagBag from /home/airflow/.local/lib/python3.12/site-packages/airflow/example_dags/example_trigger_target_dag.py
[2025-11-10T23:52:40.869+0000] {processor.py:925} INFO - DAG(s) 'example_trigger_target_dag' retrieved from /home/airflow/.local/lib/python3.12/site-packages/airflow/example_dags/example_trigger_target_dag.py
[2025-11-10T23:52:40.881+0000] {logging_mixin.py:190} INFO - [2025-11-10T23:52:40.881+0000] {dag.py:3239} INFO - Sync 1 DAGs
[2025-11-10T23:52:40.889+0000] {logging_mixin.py:190} INFO - [2025-11-10T23:52:40.888+0000] {dag.py:4180} INFO - Setting next_dagrun for example_trigger_target_dag to None, run_after=None
[2025-11-10T23:52:40.900+0000] {processor.py:208} INFO - Processing /home/airflow/.local/lib/python3.12/site-packages/airflow/example_dags/example_trigger_target_dag.py took 0.047 seconds
[2025-11-10T23:53:12.185+0000] {processor.py:186} INFO - Started process (PID=1368) to work on /home/airflow/.local/lib/python3.12/site-packages/airflow/example_dags/example_trigger_target_dag.py
[2025-11-10T23:53:12.185+0000] {processor.py:914} INFO - Processing file /home/airflow/.local/lib/python3.12/site-packages/airflow/example_dags/example_trigger_target_dag.py for tasks to queue
[2025-11-10T23:53:12.186+0000] {logging_mixin.py:190} INFO - [2025-11-10T23:53:12.186+0000] {dagbag.py:588} INFO - Filling up the DagBag from /home/airflow/.local/lib/python3.12/site-packages/airflow/example_dags/example_trigger_target_dag.py
[2025-11-10T23:53:12.191+0000] {processor.py:925} INFO - DAG(s) 'example_trigger_target_dag' retrieved from /home/airflow/.local/lib/python3.12/site-packages/airflow/example_dags/example_trigger_target_dag.py
[2025-11-10T23:53:12.210+0000] {logging_mixin.py:190} INFO - [2025-11-10T23:53:12.210+0000] {dag.py:3239} INFO - Sync 1 DAGs
[2025-11-10T23:53:12.218+0000] {logging_mixin.py:190} INFO - [2025-11-10T23:53:12.217+0000] {dag.py:4180} INFO - Setting next_dagrun for example_trigger_target_dag to None, run_after=None
[2025-11-10T23:53:12.229+0000] {processor.py:208} INFO - Processing /home/airflow/.local/lib/python3.12/site-packages/airflow/example_dags/example_trigger_target_dag.py took 0.048 seconds
[2025-11-10T23:53:42.881+0000] {processor.py:186} INFO - Started process (PID=1439) to work on /home/airflow/.local/lib/python3.12/site-packages/airflow/example_dags/example_trigger_target_dag.py
[2025-11-10T23:53:42.882+0000] {processor.py:914} INFO - Processing file /home/airflow/.local/lib/python3.12/site-packages/airflow/example_dags/example_trigger_target_dag.py for tasks to queue
[2025-11-10T23:53:42.884+0000] {logging_mixin.py:190} INFO - [2025-11-10T23:53:42.883+0000] {dagbag.py:588} INFO - Filling up the DagBag from /home/airflow/.local/lib/python3.12/site-packages/airflow/example_dags/example_trigger_target_dag.py
[2025-11-10T23:53:42.889+0000] {processor.py:925} INFO - DAG(s) 'example_trigger_target_dag' retrieved from /home/airflow/.local/lib/python3.12/site-packages/airflow/example_dags/example_trigger_target_dag.py
[2025-11-10T23:53:42.906+0000] {logging_mixin.py:190} INFO - [2025-11-10T23:53:42.906+0000] {dag.py:3239} INFO - Sync 1 DAGs
[2025-11-10T23:53:42.922+0000] {logging_mixin.py:190} INFO - [2025-11-10T23:53:42.921+0000] {dag.py:4180} INFO - Setting next_dagrun for example_trigger_target_dag to None, run_after=None
[2025-11-10T23:53:42.942+0000] {processor.py:208} INFO - Processing /home/airflow/.local/lib/python3.12/site-packages/airflow/example_dags/example_trigger_target_dag.py took 0.065 seconds
[2025-11-10T23:54:13.830+0000] {processor.py:186} INFO - Started process (PID=1505) to work on /home/airflow/.local/lib/python3.12/site-packages/airflow/example_dags/example_trigger_target_dag.py
[2025-11-10T23:54:13.831+0000] {processor.py:914} INFO - Processing file /home/airflow/.local/lib/python3.12/site-packages/airflow/example_dags/example_trigger_target_dag.py for tasks to queue
[2025-11-10T23:54:13.831+0000] {logging_mixin.py:190} INFO - [2025-11-10T23:54:13.831+0000] {dagbag.py:588} INFO - Filling up the DagBag from /home/airflow/.local/lib/python3.12/site-packages/airflow/example_dags/example_trigger_target_dag.py
[2025-11-10T23:54:13.836+0000] {processor.py:925} INFO - DAG(s) 'example_trigger_target_dag' retrieved from /home/airflow/.local/lib/python3.12/site-packages/airflow/example_dags/example_trigger_target_dag.py
[2025-11-10T23:54:13.847+0000] {logging_mixin.py:190} INFO - [2025-11-10T23:54:13.846+0000] {dag.py:3239} INFO - Sync 1 DAGs
[2025-11-10T23:54:13.855+0000] {logging_mixin.py:190} INFO - [2025-11-10T23:54:13.854+0000] {dag.py:4180} INFO - Setting next_dagrun for example_trigger_target_dag to None, run_after=None
[2025-11-10T23:54:13.866+0000] {processor.py:208} INFO - Processing /home/airflow/.local/lib/python3.12/site-packages/airflow/example_dags/example_trigger_target_dag.py took 0.039 seconds
[2025-11-10T23:54:44.768+0000] {processor.py:186} INFO - Started process (PID=1571) to work on /home/airflow/.local/lib/python3.12/site-packages/airflow/example_dags/example_trigger_target_dag.py
[2025-11-10T23:54:44.769+0000] {processor.py:914} INFO - Processing file /home/airflow/.local/lib/python3.12/site-packages/airflow/example_dags/example_trigger_target_dag.py for tasks to queue
[2025-11-10T23:54:44.769+0000] {logging_mixin.py:190} INFO - [2025-11-10T23:54:44.769+0000] {dagbag.py:588} INFO - Filling up the DagBag from /home/airflow/.local/lib/python3.12/site-packages/airflow/example_dags/example_trigger_target_dag.py
[2025-11-10T23:54:44.774+0000] {processor.py:925} INFO - DAG(s) 'example_trigger_target_dag' retrieved from /home/airflow/.local/lib/python3.12/site-packages/airflow/example_dags/example_trigger_target_dag.py
[2025-11-10T23:54:44.790+0000] {logging_mixin.py:190} INFO - [2025-11-10T23:54:44.789+0000] {dag.py:3239} INFO - Sync 1 DAGs
[2025-11-10T23:54:44.799+0000] {logging_mixin.py:190} INFO - [2025-11-10T23:54:44.799+0000] {dag.py:4180} INFO - Setting next_dagrun for example_trigger_target_dag to None, run_after=None
[2025-11-10T23:54:44.811+0000] {processor.py:208} INFO - Processing /home/airflow/.local/lib/python3.12/site-packages/airflow/example_dags/example_trigger_target_dag.py took 0.046 seconds
[2025-11-10T23:55:15.349+0000] {processor.py:186} INFO - Started process (PID=1635) to work on /home/airflow/.local/lib/python3.12/site-packages/airflow/example_dags/example_trigger_target_dag.py
[2025-11-10T23:55:15.350+0000] {processor.py:914} INFO - Processing file /home/airflow/.local/lib/python3.12/site-packages/airflow/example_dags/example_trigger_target_dag.py for tasks to queue
[2025-11-10T23:55:15.351+0000] {logging_mixin.py:190} INFO - [2025-11-10T23:55:15.350+0000] {dagbag.py:588} INFO - Filling up the DagBag from /home/airflow/.local/lib/python3.12/site-packages/airflow/example_dags/example_trigger_target_dag.py
[2025-11-10T23:55:15.355+0000] {processor.py:925} INFO - DAG(s) 'example_trigger_target_dag' retrieved from /home/airflow/.local/lib/python3.12/site-packages/airflow/example_dags/example_trigger_target_dag.py
[2025-11-10T23:55:15.366+0000] {logging_mixin.py:190} INFO - [2025-11-10T23:55:15.366+0000] {dag.py:3239} INFO - Sync 1 DAGs
[2025-11-10T23:55:15.375+0000] {logging_mixin.py:190} INFO - [2025-11-10T23:55:15.374+0000] {dag.py:4180} INFO - Setting next_dagrun for example_trigger_target_dag to None, run_after=None
[2025-11-10T23:55:15.386+0000] {processor.py:208} INFO - Processing /home/airflow/.local/lib/python3.12/site-packages/airflow/example_dags/example_trigger_target_dag.py took 0.041 seconds
[2025-11-10T23:55:45.810+0000] {processor.py:186} INFO - Started process (PID=1699) to work on /home/airflow/.local/lib/python3.12/site-packages/airflow/example_dags/example_trigger_target_dag.py
[2025-11-10T23:55:45.811+0000] {processor.py:914} INFO - Processing file /home/airflow/.local/lib/python3.12/site-packages/airflow/example_dags/example_trigger_target_dag.py for tasks to queue
[2025-11-10T23:55:45.812+0000] {logging_mixin.py:190} INFO - [2025-11-10T23:55:45.812+0000] {dagbag.py:588} INFO - Filling up the DagBag from /home/airflow/.local/lib/python3.12/site-packages/airflow/example_dags/example_trigger_target_dag.py
[2025-11-10T23:55:45.820+0000] {processor.py:925} INFO - DAG(s) 'example_trigger_target_dag' retrieved from /home/airflow/.local/lib/python3.12/site-packages/airflow/example_dags/example_trigger_target_dag.py
[2025-11-10T23:55:45.834+0000] {logging_mixin.py:190} INFO - [2025-11-10T23:55:45.834+0000] {dag.py:3239} INFO - Sync 1 DAGs
[2025-11-10T23:55:45.843+0000] {logging_mixin.py:190} INFO - [2025-11-10T23:55:45.843+0000] {dag.py:4180} INFO - Setting next_dagrun for example_trigger_target_dag to None, run_after=None
[2025-11-10T23:55:45.854+0000] {processor.py:208} INFO - Processing /home/airflow/.local/lib/python3.12/site-packages/airflow/example_dags/example_trigger_target_dag.py took 0.049 seconds
[2025-11-10T23:56:17.171+0000] {processor.py:186} INFO - Started process (PID=1763) to work on /home/airflow/.local/lib/python3.12/site-packages/airflow/example_dags/example_trigger_target_dag.py
[2025-11-10T23:56:17.172+0000] {processor.py:914} INFO - Processing file /home/airflow/.local/lib/python3.12/site-packages/airflow/example_dags/example_trigger_target_dag.py for tasks to queue
[2025-11-10T23:56:17.172+0000] {logging_mixin.py:190} INFO - [2025-11-10T23:56:17.172+0000] {dagbag.py:588} INFO - Filling up the DagBag from /home/airflow/.local/lib/python3.12/site-packages/airflow/example_dags/example_trigger_target_dag.py
[2025-11-10T23:56:17.178+0000] {processor.py:925} INFO - DAG(s) 'example_trigger_target_dag' retrieved from /home/airflow/.local/lib/python3.12/site-packages/airflow/example_dags/example_trigger_target_dag.py
[2025-11-10T23:56:17.192+0000] {logging_mixin.py:190} INFO - [2025-11-10T23:56:17.192+0000] {dag.py:3239} INFO - Sync 1 DAGs
[2025-11-10T23:56:17.201+0000] {logging_mixin.py:190} INFO - [2025-11-10T23:56:17.201+0000] {dag.py:4180} INFO - Setting next_dagrun for example_trigger_target_dag to None, run_after=None
[2025-11-10T23:56:17.214+0000] {processor.py:208} INFO - Processing /home/airflow/.local/lib/python3.12/site-packages/airflow/example_dags/example_trigger_target_dag.py took 0.048 seconds
[2025-11-10T23:56:48.339+0000] {processor.py:186} INFO - Started process (PID=1827) to work on /home/airflow/.local/lib/python3.12/site-packages/airflow/example_dags/example_trigger_target_dag.py
[2025-11-10T23:56:48.339+0000] {processor.py:914} INFO - Processing file /home/airflow/.local/lib/python3.12/site-packages/airflow/example_dags/example_trigger_target_dag.py for tasks to queue
[2025-11-10T23:56:48.341+0000] {logging_mixin.py:190} INFO - [2025-11-10T23:56:48.341+0000] {dagbag.py:588} INFO - Filling up the DagBag from /home/airflow/.local/lib/python3.12/site-packages/airflow/example_dags/example_trigger_target_dag.py
[2025-11-10T23:56:48.348+0000] {processor.py:925} INFO - DAG(s) 'example_trigger_target_dag' retrieved from /home/airflow/.local/lib/python3.12/site-packages/airflow/example_dags/example_trigger_target_dag.py
[2025-11-10T23:56:48.360+0000] {logging_mixin.py:190} INFO - [2025-11-10T23:56:48.360+0000] {dag.py:3239} INFO - Sync 1 DAGs
[2025-11-10T23:56:48.368+0000] {logging_mixin.py:190} INFO - [2025-11-10T23:56:48.367+0000] {dag.py:4180} INFO - Setting next_dagrun for example_trigger_target_dag to None, run_after=None
[2025-11-10T23:56:48.380+0000] {processor.py:208} INFO - Processing /home/airflow/.local/lib/python3.12/site-packages/airflow/example_dags/example_trigger_target_dag.py took 0.047 seconds
[2025-11-10T23:57:18.710+0000] {processor.py:186} INFO - Started process (PID=1891) to work on /home/airflow/.local/lib/python3.12/site-packages/airflow/example_dags/example_trigger_target_dag.py
[2025-11-10T23:57:18.711+0000] {processor.py:914} INFO - Processing file /home/airflow/.local/lib/python3.12/site-packages/airflow/example_dags/example_trigger_target_dag.py for tasks to queue
[2025-11-10T23:57:18.711+0000] {logging_mixin.py:190} INFO - [2025-11-10T23:57:18.711+0000] {dagbag.py:588} INFO - Filling up the DagBag from /home/airflow/.local/lib/python3.12/site-packages/airflow/example_dags/example_trigger_target_dag.py
[2025-11-10T23:57:18.716+0000] {processor.py:925} INFO - DAG(s) 'example_trigger_target_dag' retrieved from /home/airflow/.local/lib/python3.12/site-packages/airflow/example_dags/example_trigger_target_dag.py
[2025-11-10T23:57:18.728+0000] {logging_mixin.py:190} INFO - [2025-11-10T23:57:18.728+0000] {dag.py:3239} INFO - Sync 1 DAGs
[2025-11-10T23:57:18.736+0000] {logging_mixin.py:190} INFO - [2025-11-10T23:57:18.736+0000] {dag.py:4180} INFO - Setting next_dagrun for example_trigger_target_dag to None, run_after=None
[2025-11-10T23:57:18.745+0000] {processor.py:208} INFO - Processing /home/airflow/.local/lib/python3.12/site-packages/airflow/example_dags/example_trigger_target_dag.py took 0.039 seconds
[2025-11-10T23:57:49.952+0000] {processor.py:186} INFO - Started process (PID=1955) to work on /home/airflow/.local/lib/python3.12/site-packages/airflow/example_dags/example_trigger_target_dag.py
[2025-11-10T23:57:49.953+0000] {processor.py:914} INFO - Processing file /home/airflow/.local/lib/python3.12/site-packages/airflow/example_dags/example_trigger_target_dag.py for tasks to queue
[2025-11-10T23:57:49.953+0000] {logging_mixin.py:190} INFO - [2025-11-10T23:57:49.953+0000] {dagbag.py:588} INFO - Filling up the DagBag from /home/airflow/.local/lib/python3.12/site-packages/airflow/example_dags/example_trigger_target_dag.py
[2025-11-10T23:57:49.958+0000] {processor.py:925} INFO - DAG(s) 'example_trigger_target_dag' retrieved from /home/airflow/.local/lib/python3.12/site-packages/airflow/example_dags/example_trigger_target_dag.py
[2025-11-10T23:57:49.975+0000] {logging_mixin.py:190} INFO - [2025-11-10T23:57:49.975+0000] {dag.py:3239} INFO - Sync 1 DAGs
[2025-11-10T23:57:49.991+0000] {logging_mixin.py:190} INFO - [2025-11-10T23:57:49.991+0000] {dag.py:4180} INFO - Setting next_dagrun for example_trigger_target_dag to None, run_after=None
[2025-11-10T23:57:50.005+0000] {processor.py:208} INFO - Processing /home/airflow/.local/lib/python3.12/site-packages/airflow/example_dags/example_trigger_target_dag.py took 0.056 seconds
[2025-11-10T23:58:21.077+0000] {processor.py:186} INFO - Started process (PID=2019) to work on /home/airflow/.local/lib/python3.12/site-packages/airflow/example_dags/example_trigger_target_dag.py
[2025-11-10T23:58:21.078+0000] {processor.py:914} INFO - Processing file /home/airflow/.local/lib/python3.12/site-packages/airflow/example_dags/example_trigger_target_dag.py for tasks to queue
[2025-11-10T23:58:21.078+0000] {logging_mixin.py:190} INFO - [2025-11-10T23:58:21.078+0000] {dagbag.py:588} INFO - Filling up the DagBag from /home/airflow/.local/lib/python3.12/site-packages/airflow/example_dags/example_trigger_target_dag.py
[2025-11-10T23:58:21.083+0000] {processor.py:925} INFO - DAG(s) 'example_trigger_target_dag' retrieved from /home/airflow/.local/lib/python3.12/site-packages/airflow/example_dags/example_trigger_target_dag.py
[2025-11-10T23:58:21.094+0000] {logging_mixin.py:190} INFO - [2025-11-10T23:58:21.093+0000] {dag.py:3239} INFO - Sync 1 DAGs
[2025-11-10T23:58:21.102+0000] {logging_mixin.py:190} INFO - [2025-11-10T23:58:21.102+0000] {dag.py:4180} INFO - Setting next_dagrun for example_trigger_target_dag to None, run_after=None
[2025-11-10T23:58:21.113+0000] {processor.py:208} INFO - Processing /home/airflow/.local/lib/python3.12/site-packages/airflow/example_dags/example_trigger_target_dag.py took 0.039 seconds
[2025-11-10T23:58:52.281+0000] {processor.py:186} INFO - Started process (PID=2083) to work on /home/airflow/.local/lib/python3.12/site-packages/airflow/example_dags/example_trigger_target_dag.py
[2025-11-10T23:58:52.282+0000] {processor.py:914} INFO - Processing file /home/airflow/.local/lib/python3.12/site-packages/airflow/example_dags/example_trigger_target_dag.py for tasks to queue
[2025-11-10T23:58:52.282+0000] {logging_mixin.py:190} INFO - [2025-11-10T23:58:52.282+0000] {dagbag.py:588} INFO - Filling up the DagBag from /home/airflow/.local/lib/python3.12/site-packages/airflow/example_dags/example_trigger_target_dag.py
[2025-11-10T23:58:52.288+0000] {processor.py:925} INFO - DAG(s) 'example_trigger_target_dag' retrieved from /home/airflow/.local/lib/python3.12/site-packages/airflow/example_dags/example_trigger_target_dag.py
[2025-11-10T23:58:52.300+0000] {logging_mixin.py:190} INFO - [2025-11-10T23:58:52.300+0000] {dag.py:3239} INFO - Sync 1 DAGs
[2025-11-10T23:58:52.309+0000] {logging_mixin.py:190} INFO - [2025-11-10T23:58:52.309+0000] {dag.py:4180} INFO - Setting next_dagrun for example_trigger_target_dag to None, run_after=None
[2025-11-10T23:58:52.320+0000] {processor.py:208} INFO - Processing /home/airflow/.local/lib/python3.12/site-packages/airflow/example_dags/example_trigger_target_dag.py took 0.043 seconds
[2025-11-10T23:59:22.952+0000] {processor.py:186} INFO - Started process (PID=2147) to work on /home/airflow/.local/lib/python3.12/site-packages/airflow/example_dags/example_trigger_target_dag.py
[2025-11-10T23:59:22.953+0000] {processor.py:914} INFO - Processing file /home/airflow/.local/lib/python3.12/site-packages/airflow/example_dags/example_trigger_target_dag.py for tasks to queue
[2025-11-10T23:59:22.953+0000] {logging_mixin.py:190} INFO - [2025-11-10T23:59:22.953+0000] {dagbag.py:588} INFO - Filling up the DagBag from /home/airflow/.local/lib/python3.12/site-packages/airflow/example_dags/example_trigger_target_dag.py
[2025-11-10T23:59:22.960+0000] {processor.py:925} INFO - DAG(s) 'example_trigger_target_dag' retrieved from /home/airflow/.local/lib/python3.12/site-packages/airflow/example_dags/example_trigger_target_dag.py
[2025-11-10T23:59:22.973+0000] {logging_mixin.py:190} INFO - [2025-11-10T23:59:22.973+0000] {dag.py:3239} INFO - Sync 1 DAGs
[2025-11-10T23:59:22.982+0000] {logging_mixin.py:190} INFO - [2025-11-10T23:59:22.982+0000] {dag.py:4180} INFO - Setting next_dagrun for example_trigger_target_dag to None, run_after=None
[2025-11-10T23:59:22.995+0000] {processor.py:208} INFO - Processing /home/airflow/.local/lib/python3.12/site-packages/airflow/example_dags/example_trigger_target_dag.py took 0.046 seconds
[2025-11-10T23:59:54.269+0000] {processor.py:186} INFO - Started process (PID=2211) to work on /home/airflow/.local/lib/python3.12/site-packages/airflow/example_dags/example_trigger_target_dag.py
[2025-11-10T23:59:54.270+0000] {processor.py:914} INFO - Processing file /home/airflow/.local/lib/python3.12/site-packages/airflow/example_dags/example_trigger_target_dag.py for tasks to queue
[2025-11-10T23:59:54.270+0000] {logging_mixin.py:190} INFO - [2025-11-10T23:59:54.270+0000] {dagbag.py:588} INFO - Filling up the DagBag from /home/airflow/.local/lib/python3.12/site-packages/airflow/example_dags/example_trigger_target_dag.py
[2025-11-10T23:59:54.275+0000] {processor.py:925} INFO - DAG(s) 'example_trigger_target_dag' retrieved from /home/airflow/.local/lib/python3.12/site-packages/airflow/example_dags/example_trigger_target_dag.py
[2025-11-10T23:59:54.288+0000] {logging_mixin.py:190} INFO - [2025-11-10T23:59:54.288+0000] {dag.py:3239} INFO - Sync 1 DAGs
[2025-11-10T23:59:54.296+0000] {logging_mixin.py:190} INFO - [2025-11-10T23:59:54.296+0000] {dag.py:4180} INFO - Setting next_dagrun for example_trigger_target_dag to None, run_after=None
[2025-11-10T23:59:54.307+0000] {processor.py:208} INFO - Processing /home/airflow/.local/lib/python3.12/site-packages/airflow/example_dags/example_trigger_target_dag.py took 0.042 seconds
