[2025-11-10T23:41:35.879+0000] {processor.py:186} INFO - Started process (PID=80) to work on /home/airflow/.local/lib/python3.12/site-packages/airflow/example_dags/example_outlet_event_extra.py
[2025-11-10T23:41:35.879+0000] {processor.py:914} INFO - Processing file /home/airflow/.local/lib/python3.12/site-packages/airflow/example_dags/example_outlet_event_extra.py for tasks to queue
[2025-11-10T23:41:35.881+0000] {logging_mixin.py:190} INFO - [2025-11-10T23:41:35.880+0000] {dagbag.py:588} INFO - Filling up the DagBag from /home/airflow/.local/lib/python3.12/site-packages/airflow/example_dags/example_outlet_event_extra.py
[2025-11-10T23:41:40.061+0000] {processor.py:925} INFO - DAG(s) 'dataset_with_extra_by_yield', 'dataset_with_extra_by_context', 'dataset_with_extra_from_classic_operator' retrieved from /home/airflow/.local/lib/python3.12/site-packages/airflow/example_dags/example_outlet_event_extra.py
[2025-11-10T23:41:40.076+0000] {logging_mixin.py:190} INFO - [2025-11-10T23:41:40.076+0000] {dag.py:3239} INFO - Sync 3 DAGs
[2025-11-10T23:41:40.088+0000] {logging_mixin.py:190} INFO - [2025-11-10T23:41:40.088+0000] {dag.py:4180} INFO - Setting next_dagrun for dataset_with_extra_by_context to 2025-11-09 00:00:00+00:00, run_after=2025-11-10 00:00:00+00:00
[2025-11-10T23:41:40.090+0000] {logging_mixin.py:190} INFO - [2025-11-10T23:41:40.090+0000] {dag.py:4180} INFO - Setting next_dagrun for dataset_with_extra_by_yield to 2025-11-09 00:00:00+00:00, run_after=2025-11-10 00:00:00+00:00
[2025-11-10T23:41:40.092+0000] {logging_mixin.py:190} INFO - [2025-11-10T23:41:40.091+0000] {dag.py:4180} INFO - Setting next_dagrun for dataset_with_extra_from_classic_operator to 2025-11-09 00:00:00+00:00, run_after=2025-11-10 00:00:00+00:00
[2025-11-10T23:41:40.103+0000] {processor.py:208} INFO - Processing /home/airflow/.local/lib/python3.12/site-packages/airflow/example_dags/example_outlet_event_extra.py took 4.228 seconds
[2025-11-10T23:42:41.331+0000] {processor.py:186} INFO - Started process (PID=55) to work on /home/airflow/.local/lib/python3.12/site-packages/airflow/example_dags/example_outlet_event_extra.py
[2025-11-10T23:42:41.333+0000] {processor.py:914} INFO - Processing file /home/airflow/.local/lib/python3.12/site-packages/airflow/example_dags/example_outlet_event_extra.py for tasks to queue
[2025-11-10T23:42:41.335+0000] {logging_mixin.py:190} INFO - [2025-11-10T23:42:41.334+0000] {dagbag.py:588} INFO - Filling up the DagBag from /home/airflow/.local/lib/python3.12/site-packages/airflow/example_dags/example_outlet_event_extra.py
[2025-11-10T23:42:44.510+0000] {processor.py:925} INFO - DAG(s) 'dataset_with_extra_by_yield', 'dataset_with_extra_from_classic_operator', 'dataset_with_extra_by_context' retrieved from /home/airflow/.local/lib/python3.12/site-packages/airflow/example_dags/example_outlet_event_extra.py
[2025-11-10T23:42:44.525+0000] {logging_mixin.py:190} INFO - [2025-11-10T23:42:44.525+0000] {dag.py:3239} INFO - Sync 3 DAGs
[2025-11-10T23:42:44.536+0000] {logging_mixin.py:190} INFO - [2025-11-10T23:42:44.536+0000] {dag.py:4180} INFO - Setting next_dagrun for dataset_with_extra_by_context to 2025-11-09 00:00:00+00:00, run_after=2025-11-10 00:00:00+00:00
[2025-11-10T23:42:44.539+0000] {logging_mixin.py:190} INFO - [2025-11-10T23:42:44.539+0000] {dag.py:4180} INFO - Setting next_dagrun for dataset_with_extra_by_yield to 2025-11-09 00:00:00+00:00, run_after=2025-11-10 00:00:00+00:00
[2025-11-10T23:42:44.540+0000] {logging_mixin.py:190} INFO - [2025-11-10T23:42:44.540+0000] {dag.py:4180} INFO - Setting next_dagrun for dataset_with_extra_from_classic_operator to 2025-11-09 00:00:00+00:00, run_after=2025-11-10 00:00:00+00:00
[2025-11-10T23:42:44.556+0000] {processor.py:208} INFO - Processing /home/airflow/.local/lib/python3.12/site-packages/airflow/example_dags/example_outlet_event_extra.py took 3.229 seconds
[2025-11-10T23:43:14.655+0000] {processor.py:186} INFO - Started process (PID=129) to work on /home/airflow/.local/lib/python3.12/site-packages/airflow/example_dags/example_outlet_event_extra.py
[2025-11-10T23:43:14.656+0000] {processor.py:914} INFO - Processing file /home/airflow/.local/lib/python3.12/site-packages/airflow/example_dags/example_outlet_event_extra.py for tasks to queue
[2025-11-10T23:43:14.658+0000] {logging_mixin.py:190} INFO - [2025-11-10T23:43:14.657+0000] {dagbag.py:588} INFO - Filling up the DagBag from /home/airflow/.local/lib/python3.12/site-packages/airflow/example_dags/example_outlet_event_extra.py
[2025-11-10T23:43:15.854+0000] {processor.py:925} INFO - DAG(s) 'dataset_with_extra_by_yield', 'dataset_with_extra_by_context', 'dataset_with_extra_from_classic_operator' retrieved from /home/airflow/.local/lib/python3.12/site-packages/airflow/example_dags/example_outlet_event_extra.py
[2025-11-10T23:43:15.871+0000] {logging_mixin.py:190} INFO - [2025-11-10T23:43:15.871+0000] {dag.py:3239} INFO - Sync 3 DAGs
[2025-11-10T23:43:15.885+0000] {logging_mixin.py:190} INFO - [2025-11-10T23:43:15.885+0000] {dag.py:4180} INFO - Setting next_dagrun for dataset_with_extra_by_context to 2025-11-09 00:00:00+00:00, run_after=2025-11-10 00:00:00+00:00
[2025-11-10T23:43:15.888+0000] {logging_mixin.py:190} INFO - [2025-11-10T23:43:15.888+0000] {dag.py:4180} INFO - Setting next_dagrun for dataset_with_extra_by_yield to 2025-11-09 00:00:00+00:00, run_after=2025-11-10 00:00:00+00:00
[2025-11-10T23:43:15.889+0000] {logging_mixin.py:190} INFO - [2025-11-10T23:43:15.889+0000] {dag.py:4180} INFO - Setting next_dagrun for dataset_with_extra_from_classic_operator to 2025-11-09 00:00:00+00:00, run_after=2025-11-10 00:00:00+00:00
[2025-11-10T23:43:15.902+0000] {processor.py:208} INFO - Processing /home/airflow/.local/lib/python3.12/site-packages/airflow/example_dags/example_outlet_event_extra.py took 1.262 seconds
[2025-11-10T23:43:46.407+0000] {processor.py:186} INFO - Started process (PID=193) to work on /home/airflow/.local/lib/python3.12/site-packages/airflow/example_dags/example_outlet_event_extra.py
[2025-11-10T23:43:46.408+0000] {processor.py:914} INFO - Processing file /home/airflow/.local/lib/python3.12/site-packages/airflow/example_dags/example_outlet_event_extra.py for tasks to queue
[2025-11-10T23:43:46.409+0000] {logging_mixin.py:190} INFO - [2025-11-10T23:43:46.409+0000] {dagbag.py:588} INFO - Filling up the DagBag from /home/airflow/.local/lib/python3.12/site-packages/airflow/example_dags/example_outlet_event_extra.py
[2025-11-10T23:43:46.966+0000] {processor.py:925} INFO - DAG(s) 'dataset_with_extra_by_yield', 'dataset_with_extra_from_classic_operator', 'dataset_with_extra_by_context' retrieved from /home/airflow/.local/lib/python3.12/site-packages/airflow/example_dags/example_outlet_event_extra.py
[2025-11-10T23:43:46.978+0000] {logging_mixin.py:190} INFO - [2025-11-10T23:43:46.978+0000] {dag.py:3239} INFO - Sync 3 DAGs
[2025-11-10T23:43:46.990+0000] {logging_mixin.py:190} INFO - [2025-11-10T23:43:46.990+0000] {dag.py:4180} INFO - Setting next_dagrun for dataset_with_extra_by_context to 2025-11-09 00:00:00+00:00, run_after=2025-11-10 00:00:00+00:00
[2025-11-10T23:43:46.993+0000] {logging_mixin.py:190} INFO - [2025-11-10T23:43:46.993+0000] {dag.py:4180} INFO - Setting next_dagrun for dataset_with_extra_by_yield to 2025-11-09 00:00:00+00:00, run_after=2025-11-10 00:00:00+00:00
[2025-11-10T23:43:46.994+0000] {logging_mixin.py:190} INFO - [2025-11-10T23:43:46.994+0000] {dag.py:4180} INFO - Setting next_dagrun for dataset_with_extra_from_classic_operator to 2025-11-09 00:00:00+00:00, run_after=2025-11-10 00:00:00+00:00
[2025-11-10T23:43:47.008+0000] {processor.py:208} INFO - Processing /home/airflow/.local/lib/python3.12/site-packages/airflow/example_dags/example_outlet_event_extra.py took 0.606 seconds
[2025-11-10T23:44:17.156+0000] {processor.py:186} INFO - Started process (PID=257) to work on /home/airflow/.local/lib/python3.12/site-packages/airflow/example_dags/example_outlet_event_extra.py
[2025-11-10T23:44:17.157+0000] {processor.py:914} INFO - Processing file /home/airflow/.local/lib/python3.12/site-packages/airflow/example_dags/example_outlet_event_extra.py for tasks to queue
[2025-11-10T23:44:17.159+0000] {logging_mixin.py:190} INFO - [2025-11-10T23:44:17.159+0000] {dagbag.py:588} INFO - Filling up the DagBag from /home/airflow/.local/lib/python3.12/site-packages/airflow/example_dags/example_outlet_event_extra.py
[2025-11-10T23:44:17.605+0000] {processor.py:925} INFO - DAG(s) 'dataset_with_extra_by_context', 'dataset_with_extra_by_yield', 'dataset_with_extra_from_classic_operator' retrieved from /home/airflow/.local/lib/python3.12/site-packages/airflow/example_dags/example_outlet_event_extra.py
[2025-11-10T23:44:17.620+0000] {logging_mixin.py:190} INFO - [2025-11-10T23:44:17.620+0000] {dag.py:3239} INFO - Sync 3 DAGs
[2025-11-10T23:44:17.632+0000] {logging_mixin.py:190} INFO - [2025-11-10T23:44:17.632+0000] {dag.py:4180} INFO - Setting next_dagrun for dataset_with_extra_by_context to 2025-11-09 00:00:00+00:00, run_after=2025-11-10 00:00:00+00:00
[2025-11-10T23:44:17.635+0000] {logging_mixin.py:190} INFO - [2025-11-10T23:44:17.635+0000] {dag.py:4180} INFO - Setting next_dagrun for dataset_with_extra_by_yield to 2025-11-09 00:00:00+00:00, run_after=2025-11-10 00:00:00+00:00
[2025-11-10T23:44:17.636+0000] {logging_mixin.py:190} INFO - [2025-11-10T23:44:17.636+0000] {dag.py:4180} INFO - Setting next_dagrun for dataset_with_extra_from_classic_operator to 2025-11-09 00:00:00+00:00, run_after=2025-11-10 00:00:00+00:00
[2025-11-10T23:44:17.651+0000] {processor.py:208} INFO - Processing /home/airflow/.local/lib/python3.12/site-packages/airflow/example_dags/example_outlet_event_extra.py took 0.501 seconds
[2025-11-10T23:44:48.554+0000] {processor.py:186} INFO - Started process (PID=321) to work on /home/airflow/.local/lib/python3.12/site-packages/airflow/example_dags/example_outlet_event_extra.py
[2025-11-10T23:44:48.555+0000] {processor.py:914} INFO - Processing file /home/airflow/.local/lib/python3.12/site-packages/airflow/example_dags/example_outlet_event_extra.py for tasks to queue
[2025-11-10T23:44:48.556+0000] {logging_mixin.py:190} INFO - [2025-11-10T23:44:48.556+0000] {dagbag.py:588} INFO - Filling up the DagBag from /home/airflow/.local/lib/python3.12/site-packages/airflow/example_dags/example_outlet_event_extra.py
[2025-11-10T23:44:48.889+0000] {processor.py:925} INFO - DAG(s) 'dataset_with_extra_by_yield', 'dataset_with_extra_by_context', 'dataset_with_extra_from_classic_operator' retrieved from /home/airflow/.local/lib/python3.12/site-packages/airflow/example_dags/example_outlet_event_extra.py
[2025-11-10T23:44:48.905+0000] {logging_mixin.py:190} INFO - [2025-11-10T23:44:48.905+0000] {dag.py:3239} INFO - Sync 3 DAGs
[2025-11-10T23:44:48.918+0000] {logging_mixin.py:190} INFO - [2025-11-10T23:44:48.918+0000] {dag.py:4180} INFO - Setting next_dagrun for dataset_with_extra_by_context to 2025-11-09 00:00:00+00:00, run_after=2025-11-10 00:00:00+00:00
[2025-11-10T23:44:48.921+0000] {logging_mixin.py:190} INFO - [2025-11-10T23:44:48.921+0000] {dag.py:4180} INFO - Setting next_dagrun for dataset_with_extra_by_yield to 2025-11-09 00:00:00+00:00, run_after=2025-11-10 00:00:00+00:00
[2025-11-10T23:44:48.922+0000] {logging_mixin.py:190} INFO - [2025-11-10T23:44:48.922+0000] {dag.py:4180} INFO - Setting next_dagrun for dataset_with_extra_from_classic_operator to 2025-11-09 00:00:00+00:00, run_after=2025-11-10 00:00:00+00:00
[2025-11-10T23:44:48.933+0000] {processor.py:208} INFO - Processing /home/airflow/.local/lib/python3.12/site-packages/airflow/example_dags/example_outlet_event_extra.py took 0.382 seconds
[2025-11-10T23:45:19.309+0000] {processor.py:186} INFO - Started process (PID=385) to work on /home/airflow/.local/lib/python3.12/site-packages/airflow/example_dags/example_outlet_event_extra.py
[2025-11-10T23:45:19.310+0000] {processor.py:914} INFO - Processing file /home/airflow/.local/lib/python3.12/site-packages/airflow/example_dags/example_outlet_event_extra.py for tasks to queue
[2025-11-10T23:45:19.311+0000] {logging_mixin.py:190} INFO - [2025-11-10T23:45:19.311+0000] {dagbag.py:588} INFO - Filling up the DagBag from /home/airflow/.local/lib/python3.12/site-packages/airflow/example_dags/example_outlet_event_extra.py
[2025-11-10T23:45:21.490+0000] {processor.py:925} INFO - DAG(s) 'dataset_with_extra_by_context', 'dataset_with_extra_by_yield', 'dataset_with_extra_from_classic_operator' retrieved from /home/airflow/.local/lib/python3.12/site-packages/airflow/example_dags/example_outlet_event_extra.py
[2025-11-10T23:45:21.509+0000] {logging_mixin.py:190} INFO - [2025-11-10T23:45:21.509+0000] {dag.py:3239} INFO - Sync 3 DAGs
[2025-11-10T23:45:21.521+0000] {logging_mixin.py:190} INFO - [2025-11-10T23:45:21.521+0000] {dag.py:4180} INFO - Setting next_dagrun for dataset_with_extra_by_context to 2025-11-09 00:00:00+00:00, run_after=2025-11-10 00:00:00+00:00
[2025-11-10T23:45:21.525+0000] {logging_mixin.py:190} INFO - [2025-11-10T23:45:21.525+0000] {dag.py:4180} INFO - Setting next_dagrun for dataset_with_extra_by_yield to 2025-11-09 00:00:00+00:00, run_after=2025-11-10 00:00:00+00:00
[2025-11-10T23:45:21.526+0000] {logging_mixin.py:190} INFO - [2025-11-10T23:45:21.526+0000] {dag.py:4180} INFO - Setting next_dagrun for dataset_with_extra_from_classic_operator to 2025-11-09 00:00:00+00:00, run_after=2025-11-10 00:00:00+00:00
[2025-11-10T23:45:21.537+0000] {processor.py:208} INFO - Processing /home/airflow/.local/lib/python3.12/site-packages/airflow/example_dags/example_outlet_event_extra.py took 2.232 seconds
[2025-11-10T23:45:52.181+0000] {processor.py:186} INFO - Started process (PID=440) to work on /home/airflow/.local/lib/python3.12/site-packages/airflow/example_dags/example_outlet_event_extra.py
[2025-11-10T23:45:52.182+0000] {processor.py:914} INFO - Processing file /home/airflow/.local/lib/python3.12/site-packages/airflow/example_dags/example_outlet_event_extra.py for tasks to queue
[2025-11-10T23:45:52.184+0000] {logging_mixin.py:190} INFO - [2025-11-10T23:45:52.184+0000] {dagbag.py:588} INFO - Filling up the DagBag from /home/airflow/.local/lib/python3.12/site-packages/airflow/example_dags/example_outlet_event_extra.py
[2025-11-10T23:45:57.386+0000] {processor.py:925} INFO - DAG(s) 'dataset_with_extra_by_yield', 'dataset_with_extra_by_context', 'dataset_with_extra_from_classic_operator' retrieved from /home/airflow/.local/lib/python3.12/site-packages/airflow/example_dags/example_outlet_event_extra.py
[2025-11-10T23:45:57.742+0000] {logging_mixin.py:190} INFO - [2025-11-10T23:45:57.741+0000] {dag.py:3239} INFO - Sync 3 DAGs
[2025-11-10T23:45:57.897+0000] {logging_mixin.py:190} INFO - [2025-11-10T23:45:57.897+0000] {dag.py:4180} INFO - Setting next_dagrun for dataset_with_extra_by_context to 2025-11-09 00:00:00+00:00, run_after=2025-11-10 00:00:00+00:00
[2025-11-10T23:45:57.906+0000] {logging_mixin.py:190} INFO - [2025-11-10T23:45:57.906+0000] {dag.py:4180} INFO - Setting next_dagrun for dataset_with_extra_by_yield to 2025-11-09 00:00:00+00:00, run_after=2025-11-10 00:00:00+00:00
[2025-11-10T23:45:57.911+0000] {logging_mixin.py:190} INFO - [2025-11-10T23:45:57.911+0000] {dag.py:4180} INFO - Setting next_dagrun for dataset_with_extra_from_classic_operator to 2025-11-09 00:00:00+00:00, run_after=2025-11-10 00:00:00+00:00
[2025-11-10T23:45:57.990+0000] {processor.py:208} INFO - Processing /home/airflow/.local/lib/python3.12/site-packages/airflow/example_dags/example_outlet_event_extra.py took 5.815 seconds
[2025-11-10T23:46:28.373+0000] {processor.py:186} INFO - Started process (PID=504) to work on /home/airflow/.local/lib/python3.12/site-packages/airflow/example_dags/example_outlet_event_extra.py
[2025-11-10T23:46:28.374+0000] {processor.py:914} INFO - Processing file /home/airflow/.local/lib/python3.12/site-packages/airflow/example_dags/example_outlet_event_extra.py for tasks to queue
[2025-11-10T23:46:28.375+0000] {logging_mixin.py:190} INFO - [2025-11-10T23:46:28.375+0000] {dagbag.py:588} INFO - Filling up the DagBag from /home/airflow/.local/lib/python3.12/site-packages/airflow/example_dags/example_outlet_event_extra.py
[2025-11-10T23:46:28.701+0000] {processor.py:925} INFO - DAG(s) 'dataset_with_extra_from_classic_operator', 'dataset_with_extra_by_context', 'dataset_with_extra_by_yield' retrieved from /home/airflow/.local/lib/python3.12/site-packages/airflow/example_dags/example_outlet_event_extra.py
[2025-11-10T23:46:28.715+0000] {logging_mixin.py:190} INFO - [2025-11-10T23:46:28.715+0000] {dag.py:3239} INFO - Sync 3 DAGs
[2025-11-10T23:46:28.728+0000] {logging_mixin.py:190} INFO - [2025-11-10T23:46:28.728+0000] {dag.py:4180} INFO - Setting next_dagrun for dataset_with_extra_by_context to 2025-11-09 00:00:00+00:00, run_after=2025-11-10 00:00:00+00:00
[2025-11-10T23:46:28.731+0000] {logging_mixin.py:190} INFO - [2025-11-10T23:46:28.731+0000] {dag.py:4180} INFO - Setting next_dagrun for dataset_with_extra_by_yield to 2025-11-09 00:00:00+00:00, run_after=2025-11-10 00:00:00+00:00
[2025-11-10T23:46:28.733+0000] {logging_mixin.py:190} INFO - [2025-11-10T23:46:28.733+0000] {dag.py:4180} INFO - Setting next_dagrun for dataset_with_extra_from_classic_operator to 2025-11-09 00:00:00+00:00, run_after=2025-11-10 00:00:00+00:00
[2025-11-10T23:46:28.743+0000] {processor.py:208} INFO - Processing /home/airflow/.local/lib/python3.12/site-packages/airflow/example_dags/example_outlet_event_extra.py took 0.373 seconds
[2025-11-10T23:46:59.028+0000] {processor.py:186} INFO - Started process (PID=568) to work on /home/airflow/.local/lib/python3.12/site-packages/airflow/example_dags/example_outlet_event_extra.py
[2025-11-10T23:46:59.029+0000] {processor.py:914} INFO - Processing file /home/airflow/.local/lib/python3.12/site-packages/airflow/example_dags/example_outlet_event_extra.py for tasks to queue
[2025-11-10T23:46:59.031+0000] {logging_mixin.py:190} INFO - [2025-11-10T23:46:59.030+0000] {dagbag.py:588} INFO - Filling up the DagBag from /home/airflow/.local/lib/python3.12/site-packages/airflow/example_dags/example_outlet_event_extra.py
[2025-11-10T23:46:59.483+0000] {processor.py:925} INFO - DAG(s) 'dataset_with_extra_by_yield', 'dataset_with_extra_from_classic_operator', 'dataset_with_extra_by_context' retrieved from /home/airflow/.local/lib/python3.12/site-packages/airflow/example_dags/example_outlet_event_extra.py
[2025-11-10T23:46:59.496+0000] {logging_mixin.py:190} INFO - [2025-11-10T23:46:59.495+0000] {dag.py:3239} INFO - Sync 3 DAGs
[2025-11-10T23:46:59.508+0000] {logging_mixin.py:190} INFO - [2025-11-10T23:46:59.508+0000] {dag.py:4180} INFO - Setting next_dagrun for dataset_with_extra_by_context to 2025-11-09 00:00:00+00:00, run_after=2025-11-10 00:00:00+00:00
[2025-11-10T23:46:59.510+0000] {logging_mixin.py:190} INFO - [2025-11-10T23:46:59.510+0000] {dag.py:4180} INFO - Setting next_dagrun for dataset_with_extra_by_yield to 2025-11-09 00:00:00+00:00, run_after=2025-11-10 00:00:00+00:00
[2025-11-10T23:46:59.512+0000] {logging_mixin.py:190} INFO - [2025-11-10T23:46:59.512+0000] {dag.py:4180} INFO - Setting next_dagrun for dataset_with_extra_from_classic_operator to 2025-11-09 00:00:00+00:00, run_after=2025-11-10 00:00:00+00:00
[2025-11-10T23:46:59.647+0000] {processor.py:208} INFO - Processing /home/airflow/.local/lib/python3.12/site-packages/airflow/example_dags/example_outlet_event_extra.py took 0.622 seconds
[2025-11-10T23:47:30.584+0000] {processor.py:186} INFO - Started process (PID=632) to work on /home/airflow/.local/lib/python3.12/site-packages/airflow/example_dags/example_outlet_event_extra.py
[2025-11-10T23:47:30.585+0000] {processor.py:914} INFO - Processing file /home/airflow/.local/lib/python3.12/site-packages/airflow/example_dags/example_outlet_event_extra.py for tasks to queue
[2025-11-10T23:47:30.586+0000] {logging_mixin.py:190} INFO - [2025-11-10T23:47:30.586+0000] {dagbag.py:588} INFO - Filling up the DagBag from /home/airflow/.local/lib/python3.12/site-packages/airflow/example_dags/example_outlet_event_extra.py
[2025-11-10T23:47:30.911+0000] {processor.py:925} INFO - DAG(s) 'dataset_with_extra_from_classic_operator', 'dataset_with_extra_by_context', 'dataset_with_extra_by_yield' retrieved from /home/airflow/.local/lib/python3.12/site-packages/airflow/example_dags/example_outlet_event_extra.py
[2025-11-10T23:47:30.929+0000] {logging_mixin.py:190} INFO - [2025-11-10T23:47:30.929+0000] {dag.py:3239} INFO - Sync 3 DAGs
[2025-11-10T23:47:30.948+0000] {logging_mixin.py:190} INFO - [2025-11-10T23:47:30.947+0000] {dag.py:4180} INFO - Setting next_dagrun for dataset_with_extra_by_context to 2025-11-09 00:00:00+00:00, run_after=2025-11-10 00:00:00+00:00
[2025-11-10T23:47:30.951+0000] {logging_mixin.py:190} INFO - [2025-11-10T23:47:30.951+0000] {dag.py:4180} INFO - Setting next_dagrun for dataset_with_extra_by_yield to 2025-11-09 00:00:00+00:00, run_after=2025-11-10 00:00:00+00:00
[2025-11-10T23:47:30.952+0000] {logging_mixin.py:190} INFO - [2025-11-10T23:47:30.952+0000] {dag.py:4180} INFO - Setting next_dagrun for dataset_with_extra_from_classic_operator to 2025-11-09 00:00:00+00:00, run_after=2025-11-10 00:00:00+00:00
[2025-11-10T23:47:30.968+0000] {processor.py:208} INFO - Processing /home/airflow/.local/lib/python3.12/site-packages/airflow/example_dags/example_outlet_event_extra.py took 0.389 seconds
[2025-11-10T23:48:01.943+0000] {processor.py:186} INFO - Started process (PID=700) to work on /home/airflow/.local/lib/python3.12/site-packages/airflow/example_dags/example_outlet_event_extra.py
[2025-11-10T23:48:01.943+0000] {processor.py:914} INFO - Processing file /home/airflow/.local/lib/python3.12/site-packages/airflow/example_dags/example_outlet_event_extra.py for tasks to queue
[2025-11-10T23:48:01.945+0000] {logging_mixin.py:190} INFO - [2025-11-10T23:48:01.945+0000] {dagbag.py:588} INFO - Filling up the DagBag from /home/airflow/.local/lib/python3.12/site-packages/airflow/example_dags/example_outlet_event_extra.py
[2025-11-10T23:48:02.307+0000] {processor.py:925} INFO - DAG(s) 'dataset_with_extra_by_yield', 'dataset_with_extra_from_classic_operator', 'dataset_with_extra_by_context' retrieved from /home/airflow/.local/lib/python3.12/site-packages/airflow/example_dags/example_outlet_event_extra.py
[2025-11-10T23:48:02.326+0000] {logging_mixin.py:190} INFO - [2025-11-10T23:48:02.326+0000] {dag.py:3239} INFO - Sync 3 DAGs
[2025-11-10T23:48:02.339+0000] {logging_mixin.py:190} INFO - [2025-11-10T23:48:02.339+0000] {dag.py:4180} INFO - Setting next_dagrun for dataset_with_extra_by_context to 2025-11-09 00:00:00+00:00, run_after=2025-11-10 00:00:00+00:00
[2025-11-10T23:48:02.342+0000] {logging_mixin.py:190} INFO - [2025-11-10T23:48:02.342+0000] {dag.py:4180} INFO - Setting next_dagrun for dataset_with_extra_by_yield to 2025-11-09 00:00:00+00:00, run_after=2025-11-10 00:00:00+00:00
[2025-11-10T23:48:02.343+0000] {logging_mixin.py:190} INFO - [2025-11-10T23:48:02.343+0000] {dag.py:4180} INFO - Setting next_dagrun for dataset_with_extra_from_classic_operator to 2025-11-09 00:00:00+00:00, run_after=2025-11-10 00:00:00+00:00
[2025-11-10T23:48:02.357+0000] {processor.py:208} INFO - Processing /home/airflow/.local/lib/python3.12/site-packages/airflow/example_dags/example_outlet_event_extra.py took 0.418 seconds
[2025-11-10T23:48:33.323+0000] {processor.py:186} INFO - Started process (PID=765) to work on /home/airflow/.local/lib/python3.12/site-packages/airflow/example_dags/example_outlet_event_extra.py
[2025-11-10T23:48:33.324+0000] {processor.py:914} INFO - Processing file /home/airflow/.local/lib/python3.12/site-packages/airflow/example_dags/example_outlet_event_extra.py for tasks to queue
[2025-11-10T23:48:33.326+0000] {logging_mixin.py:190} INFO - [2025-11-10T23:48:33.326+0000] {dagbag.py:588} INFO - Filling up the DagBag from /home/airflow/.local/lib/python3.12/site-packages/airflow/example_dags/example_outlet_event_extra.py
[2025-11-10T23:48:33.652+0000] {processor.py:925} INFO - DAG(s) 'dataset_with_extra_from_classic_operator', 'dataset_with_extra_by_context', 'dataset_with_extra_by_yield' retrieved from /home/airflow/.local/lib/python3.12/site-packages/airflow/example_dags/example_outlet_event_extra.py
[2025-11-10T23:48:33.698+0000] {logging_mixin.py:190} INFO - [2025-11-10T23:48:33.698+0000] {dag.py:3239} INFO - Sync 3 DAGs
[2025-11-10T23:48:33.715+0000] {logging_mixin.py:190} INFO - [2025-11-10T23:48:33.714+0000] {dag.py:4180} INFO - Setting next_dagrun for dataset_with_extra_by_context to 2025-11-09 00:00:00+00:00, run_after=2025-11-10 00:00:00+00:00
[2025-11-10T23:48:33.718+0000] {logging_mixin.py:190} INFO - [2025-11-10T23:48:33.718+0000] {dag.py:4180} INFO - Setting next_dagrun for dataset_with_extra_by_yield to 2025-11-09 00:00:00+00:00, run_after=2025-11-10 00:00:00+00:00
[2025-11-10T23:48:33.719+0000] {logging_mixin.py:190} INFO - [2025-11-10T23:48:33.719+0000] {dag.py:4180} INFO - Setting next_dagrun for dataset_with_extra_from_classic_operator to 2025-11-09 00:00:00+00:00, run_after=2025-11-10 00:00:00+00:00
[2025-11-10T23:48:33.729+0000] {processor.py:208} INFO - Processing /home/airflow/.local/lib/python3.12/site-packages/airflow/example_dags/example_outlet_event_extra.py took 0.413 seconds
[2025-11-10T23:49:04.148+0000] {processor.py:186} INFO - Started process (PID=830) to work on /home/airflow/.local/lib/python3.12/site-packages/airflow/example_dags/example_outlet_event_extra.py
[2025-11-10T23:49:04.219+0000] {processor.py:914} INFO - Processing file /home/airflow/.local/lib/python3.12/site-packages/airflow/example_dags/example_outlet_event_extra.py for tasks to queue
[2025-11-10T23:49:04.221+0000] {logging_mixin.py:190} INFO - [2025-11-10T23:49:04.221+0000] {dagbag.py:588} INFO - Filling up the DagBag from /home/airflow/.local/lib/python3.12/site-packages/airflow/example_dags/example_outlet_event_extra.py
[2025-11-10T23:49:04.560+0000] {processor.py:925} INFO - DAG(s) 'dataset_with_extra_by_context', 'dataset_with_extra_from_classic_operator', 'dataset_with_extra_by_yield' retrieved from /home/airflow/.local/lib/python3.12/site-packages/airflow/example_dags/example_outlet_event_extra.py
[2025-11-10T23:49:04.574+0000] {logging_mixin.py:190} INFO - [2025-11-10T23:49:04.574+0000] {dag.py:3239} INFO - Sync 3 DAGs
[2025-11-10T23:49:04.586+0000] {logging_mixin.py:190} INFO - [2025-11-10T23:49:04.586+0000] {dag.py:4180} INFO - Setting next_dagrun for dataset_with_extra_by_context to 2025-11-09 00:00:00+00:00, run_after=2025-11-10 00:00:00+00:00
[2025-11-10T23:49:04.589+0000] {logging_mixin.py:190} INFO - [2025-11-10T23:49:04.589+0000] {dag.py:4180} INFO - Setting next_dagrun for dataset_with_extra_by_yield to 2025-11-09 00:00:00+00:00, run_after=2025-11-10 00:00:00+00:00
[2025-11-10T23:49:04.591+0000] {logging_mixin.py:190} INFO - [2025-11-10T23:49:04.591+0000] {dag.py:4180} INFO - Setting next_dagrun for dataset_with_extra_from_classic_operator to 2025-11-09 00:00:00+00:00, run_after=2025-11-10 00:00:00+00:00
[2025-11-10T23:49:04.605+0000] {processor.py:208} INFO - Processing /home/airflow/.local/lib/python3.12/site-packages/airflow/example_dags/example_outlet_event_extra.py took 0.462 seconds
[2025-11-10T23:49:34.713+0000] {processor.py:186} INFO - Started process (PID=901) to work on /home/airflow/.local/lib/python3.12/site-packages/airflow/example_dags/example_outlet_event_extra.py
[2025-11-10T23:49:34.715+0000] {processor.py:914} INFO - Processing file /home/airflow/.local/lib/python3.12/site-packages/airflow/example_dags/example_outlet_event_extra.py for tasks to queue
[2025-11-10T23:49:34.716+0000] {logging_mixin.py:190} INFO - [2025-11-10T23:49:34.716+0000] {dagbag.py:588} INFO - Filling up the DagBag from /home/airflow/.local/lib/python3.12/site-packages/airflow/example_dags/example_outlet_event_extra.py
[2025-11-10T23:49:35.047+0000] {processor.py:925} INFO - DAG(s) 'dataset_with_extra_by_context', 'dataset_with_extra_by_yield', 'dataset_with_extra_from_classic_operator' retrieved from /home/airflow/.local/lib/python3.12/site-packages/airflow/example_dags/example_outlet_event_extra.py
[2025-11-10T23:49:35.062+0000] {logging_mixin.py:190} INFO - [2025-11-10T23:49:35.062+0000] {dag.py:3239} INFO - Sync 3 DAGs
[2025-11-10T23:49:35.076+0000] {logging_mixin.py:190} INFO - [2025-11-10T23:49:35.076+0000] {dag.py:4180} INFO - Setting next_dagrun for dataset_with_extra_by_context to 2025-11-09 00:00:00+00:00, run_after=2025-11-10 00:00:00+00:00
[2025-11-10T23:49:35.081+0000] {logging_mixin.py:190} INFO - [2025-11-10T23:49:35.081+0000] {dag.py:4180} INFO - Setting next_dagrun for dataset_with_extra_by_yield to 2025-11-09 00:00:00+00:00, run_after=2025-11-10 00:00:00+00:00
[2025-11-10T23:49:35.083+0000] {logging_mixin.py:190} INFO - [2025-11-10T23:49:35.083+0000] {dag.py:4180} INFO - Setting next_dagrun for dataset_with_extra_from_classic_operator to 2025-11-09 00:00:00+00:00, run_after=2025-11-10 00:00:00+00:00
[2025-11-10T23:49:35.096+0000] {processor.py:208} INFO - Processing /home/airflow/.local/lib/python3.12/site-packages/airflow/example_dags/example_outlet_event_extra.py took 0.387 seconds
[2025-11-10T23:50:05.169+0000] {processor.py:186} INFO - Started process (PID=966) to work on /home/airflow/.local/lib/python3.12/site-packages/airflow/example_dags/example_outlet_event_extra.py
[2025-11-10T23:50:05.170+0000] {processor.py:914} INFO - Processing file /home/airflow/.local/lib/python3.12/site-packages/airflow/example_dags/example_outlet_event_extra.py for tasks to queue
[2025-11-10T23:50:05.174+0000] {logging_mixin.py:190} INFO - [2025-11-10T23:50:05.173+0000] {dagbag.py:588} INFO - Filling up the DagBag from /home/airflow/.local/lib/python3.12/site-packages/airflow/example_dags/example_outlet_event_extra.py
[2025-11-10T23:50:05.540+0000] {processor.py:925} INFO - DAG(s) 'dataset_with_extra_by_context', 'dataset_with_extra_from_classic_operator', 'dataset_with_extra_by_yield' retrieved from /home/airflow/.local/lib/python3.12/site-packages/airflow/example_dags/example_outlet_event_extra.py
[2025-11-10T23:50:05.552+0000] {logging_mixin.py:190} INFO - [2025-11-10T23:50:05.552+0000] {dag.py:3239} INFO - Sync 3 DAGs
[2025-11-10T23:50:05.565+0000] {logging_mixin.py:190} INFO - [2025-11-10T23:50:05.564+0000] {dag.py:4180} INFO - Setting next_dagrun for dataset_with_extra_by_context to 2025-11-09 00:00:00+00:00, run_after=2025-11-10 00:00:00+00:00
[2025-11-10T23:50:05.567+0000] {logging_mixin.py:190} INFO - [2025-11-10T23:50:05.567+0000] {dag.py:4180} INFO - Setting next_dagrun for dataset_with_extra_by_yield to 2025-11-09 00:00:00+00:00, run_after=2025-11-10 00:00:00+00:00
[2025-11-10T23:50:05.568+0000] {logging_mixin.py:190} INFO - [2025-11-10T23:50:05.568+0000] {dag.py:4180} INFO - Setting next_dagrun for dataset_with_extra_from_classic_operator to 2025-11-09 00:00:00+00:00, run_after=2025-11-10 00:00:00+00:00
[2025-11-10T23:50:05.579+0000] {processor.py:208} INFO - Processing /home/airflow/.local/lib/python3.12/site-packages/airflow/example_dags/example_outlet_event_extra.py took 0.415 seconds
[2025-11-10T23:50:35.693+0000] {processor.py:186} INFO - Started process (PID=1031) to work on /home/airflow/.local/lib/python3.12/site-packages/airflow/example_dags/example_outlet_event_extra.py
[2025-11-10T23:50:35.693+0000] {processor.py:914} INFO - Processing file /home/airflow/.local/lib/python3.12/site-packages/airflow/example_dags/example_outlet_event_extra.py for tasks to queue
[2025-11-10T23:50:35.695+0000] {logging_mixin.py:190} INFO - [2025-11-10T23:50:35.695+0000] {dagbag.py:588} INFO - Filling up the DagBag from /home/airflow/.local/lib/python3.12/site-packages/airflow/example_dags/example_outlet_event_extra.py
[2025-11-10T23:50:36.068+0000] {processor.py:925} INFO - DAG(s) 'dataset_with_extra_from_classic_operator', 'dataset_with_extra_by_context', 'dataset_with_extra_by_yield' retrieved from /home/airflow/.local/lib/python3.12/site-packages/airflow/example_dags/example_outlet_event_extra.py
[2025-11-10T23:50:36.085+0000] {logging_mixin.py:190} INFO - [2025-11-10T23:50:36.085+0000] {dag.py:3239} INFO - Sync 3 DAGs
[2025-11-10T23:50:36.099+0000] {logging_mixin.py:190} INFO - [2025-11-10T23:50:36.099+0000] {dag.py:4180} INFO - Setting next_dagrun for dataset_with_extra_by_context to 2025-11-09 00:00:00+00:00, run_after=2025-11-10 00:00:00+00:00
[2025-11-10T23:50:36.102+0000] {logging_mixin.py:190} INFO - [2025-11-10T23:50:36.102+0000] {dag.py:4180} INFO - Setting next_dagrun for dataset_with_extra_by_yield to 2025-11-09 00:00:00+00:00, run_after=2025-11-10 00:00:00+00:00
[2025-11-10T23:50:36.103+0000] {logging_mixin.py:190} INFO - [2025-11-10T23:50:36.103+0000] {dag.py:4180} INFO - Setting next_dagrun for dataset_with_extra_from_classic_operator to 2025-11-09 00:00:00+00:00, run_after=2025-11-10 00:00:00+00:00
[2025-11-10T23:50:36.113+0000] {processor.py:208} INFO - Processing /home/airflow/.local/lib/python3.12/site-packages/airflow/example_dags/example_outlet_event_extra.py took 0.424 seconds
[2025-11-10T23:51:06.309+0000] {processor.py:186} INFO - Started process (PID=1098) to work on /home/airflow/.local/lib/python3.12/site-packages/airflow/example_dags/example_outlet_event_extra.py
[2025-11-10T23:51:06.310+0000] {processor.py:914} INFO - Processing file /home/airflow/.local/lib/python3.12/site-packages/airflow/example_dags/example_outlet_event_extra.py for tasks to queue
[2025-11-10T23:51:06.311+0000] {logging_mixin.py:190} INFO - [2025-11-10T23:51:06.311+0000] {dagbag.py:588} INFO - Filling up the DagBag from /home/airflow/.local/lib/python3.12/site-packages/airflow/example_dags/example_outlet_event_extra.py
[2025-11-10T23:51:06.645+0000] {processor.py:925} INFO - DAG(s) 'dataset_with_extra_by_context', 'dataset_with_extra_by_yield', 'dataset_with_extra_from_classic_operator' retrieved from /home/airflow/.local/lib/python3.12/site-packages/airflow/example_dags/example_outlet_event_extra.py
[2025-11-10T23:51:06.664+0000] {logging_mixin.py:190} INFO - [2025-11-10T23:51:06.663+0000] {dag.py:3239} INFO - Sync 3 DAGs
[2025-11-10T23:51:06.676+0000] {logging_mixin.py:190} INFO - [2025-11-10T23:51:06.676+0000] {dag.py:4180} INFO - Setting next_dagrun for dataset_with_extra_by_context to 2025-11-09 00:00:00+00:00, run_after=2025-11-10 00:00:00+00:00
[2025-11-10T23:51:06.679+0000] {logging_mixin.py:190} INFO - [2025-11-10T23:51:06.679+0000] {dag.py:4180} INFO - Setting next_dagrun for dataset_with_extra_by_yield to 2025-11-09 00:00:00+00:00, run_after=2025-11-10 00:00:00+00:00
[2025-11-10T23:51:06.680+0000] {logging_mixin.py:190} INFO - [2025-11-10T23:51:06.680+0000] {dag.py:4180} INFO - Setting next_dagrun for dataset_with_extra_from_classic_operator to 2025-11-09 00:00:00+00:00, run_after=2025-11-10 00:00:00+00:00
[2025-11-10T23:51:06.691+0000] {processor.py:208} INFO - Processing /home/airflow/.local/lib/python3.12/site-packages/airflow/example_dags/example_outlet_event_extra.py took 0.385 seconds
[2025-11-10T23:51:37.306+0000] {processor.py:186} INFO - Started process (PID=1166) to work on /home/airflow/.local/lib/python3.12/site-packages/airflow/example_dags/example_outlet_event_extra.py
[2025-11-10T23:51:37.307+0000] {processor.py:914} INFO - Processing file /home/airflow/.local/lib/python3.12/site-packages/airflow/example_dags/example_outlet_event_extra.py for tasks to queue
[2025-11-10T23:51:37.310+0000] {logging_mixin.py:190} INFO - [2025-11-10T23:51:37.310+0000] {dagbag.py:588} INFO - Filling up the DagBag from /home/airflow/.local/lib/python3.12/site-packages/airflow/example_dags/example_outlet_event_extra.py
[2025-11-10T23:51:37.688+0000] {processor.py:925} INFO - DAG(s) 'dataset_with_extra_from_classic_operator', 'dataset_with_extra_by_yield', 'dataset_with_extra_by_context' retrieved from /home/airflow/.local/lib/python3.12/site-packages/airflow/example_dags/example_outlet_event_extra.py
[2025-11-10T23:51:37.701+0000] {logging_mixin.py:190} INFO - [2025-11-10T23:51:37.700+0000] {dag.py:3239} INFO - Sync 3 DAGs
[2025-11-10T23:51:37.715+0000] {logging_mixin.py:190} INFO - [2025-11-10T23:51:37.715+0000] {dag.py:4180} INFO - Setting next_dagrun for dataset_with_extra_by_context to 2025-11-09 00:00:00+00:00, run_after=2025-11-10 00:00:00+00:00
[2025-11-10T23:51:37.718+0000] {logging_mixin.py:190} INFO - [2025-11-10T23:51:37.718+0000] {dag.py:4180} INFO - Setting next_dagrun for dataset_with_extra_by_yield to 2025-11-09 00:00:00+00:00, run_after=2025-11-10 00:00:00+00:00
[2025-11-10T23:51:37.719+0000] {logging_mixin.py:190} INFO - [2025-11-10T23:51:37.719+0000] {dag.py:4180} INFO - Setting next_dagrun for dataset_with_extra_from_classic_operator to 2025-11-09 00:00:00+00:00, run_after=2025-11-10 00:00:00+00:00
[2025-11-10T23:51:37.730+0000] {processor.py:208} INFO - Processing /home/airflow/.local/lib/python3.12/site-packages/airflow/example_dags/example_outlet_event_extra.py took 0.429 seconds
[2025-11-10T23:52:08.625+0000] {processor.py:186} INFO - Started process (PID=1232) to work on /home/airflow/.local/lib/python3.12/site-packages/airflow/example_dags/example_outlet_event_extra.py
[2025-11-10T23:52:08.626+0000] {processor.py:914} INFO - Processing file /home/airflow/.local/lib/python3.12/site-packages/airflow/example_dags/example_outlet_event_extra.py for tasks to queue
[2025-11-10T23:52:08.627+0000] {logging_mixin.py:190} INFO - [2025-11-10T23:52:08.627+0000] {dagbag.py:588} INFO - Filling up the DagBag from /home/airflow/.local/lib/python3.12/site-packages/airflow/example_dags/example_outlet_event_extra.py
[2025-11-10T23:52:09.260+0000] {processor.py:925} INFO - DAG(s) 'dataset_with_extra_by_yield', 'dataset_with_extra_from_classic_operator', 'dataset_with_extra_by_context' retrieved from /home/airflow/.local/lib/python3.12/site-packages/airflow/example_dags/example_outlet_event_extra.py
[2025-11-10T23:52:09.275+0000] {logging_mixin.py:190} INFO - [2025-11-10T23:52:09.275+0000] {dag.py:3239} INFO - Sync 3 DAGs
[2025-11-10T23:52:09.290+0000] {logging_mixin.py:190} INFO - [2025-11-10T23:52:09.290+0000] {dag.py:4180} INFO - Setting next_dagrun for dataset_with_extra_by_context to 2025-11-09 00:00:00+00:00, run_after=2025-11-10 00:00:00+00:00
[2025-11-10T23:52:09.293+0000] {logging_mixin.py:190} INFO - [2025-11-10T23:52:09.293+0000] {dag.py:4180} INFO - Setting next_dagrun for dataset_with_extra_by_yield to 2025-11-09 00:00:00+00:00, run_after=2025-11-10 00:00:00+00:00
[2025-11-10T23:52:09.295+0000] {logging_mixin.py:190} INFO - [2025-11-10T23:52:09.295+0000] {dag.py:4180} INFO - Setting next_dagrun for dataset_with_extra_from_classic_operator to 2025-11-09 00:00:00+00:00, run_after=2025-11-10 00:00:00+00:00
[2025-11-10T23:52:09.309+0000] {processor.py:208} INFO - Processing /home/airflow/.local/lib/python3.12/site-packages/airflow/example_dags/example_outlet_event_extra.py took 0.690 seconds
[2025-11-10T23:52:40.221+0000] {processor.py:186} INFO - Started process (PID=1298) to work on /home/airflow/.local/lib/python3.12/site-packages/airflow/example_dags/example_outlet_event_extra.py
[2025-11-10T23:52:40.224+0000] {processor.py:914} INFO - Processing file /home/airflow/.local/lib/python3.12/site-packages/airflow/example_dags/example_outlet_event_extra.py for tasks to queue
[2025-11-10T23:52:40.226+0000] {logging_mixin.py:190} INFO - [2025-11-10T23:52:40.225+0000] {dagbag.py:588} INFO - Filling up the DagBag from /home/airflow/.local/lib/python3.12/site-packages/airflow/example_dags/example_outlet_event_extra.py
[2025-11-10T23:52:40.659+0000] {processor.py:925} INFO - DAG(s) 'dataset_with_extra_by_yield', 'dataset_with_extra_from_classic_operator', 'dataset_with_extra_by_context' retrieved from /home/airflow/.local/lib/python3.12/site-packages/airflow/example_dags/example_outlet_event_extra.py
[2025-11-10T23:52:40.673+0000] {logging_mixin.py:190} INFO - [2025-11-10T23:52:40.673+0000] {dag.py:3239} INFO - Sync 3 DAGs
[2025-11-10T23:52:40.685+0000] {logging_mixin.py:190} INFO - [2025-11-10T23:52:40.685+0000] {dag.py:4180} INFO - Setting next_dagrun for dataset_with_extra_by_context to 2025-11-09 00:00:00+00:00, run_after=2025-11-10 00:00:00+00:00
[2025-11-10T23:52:40.688+0000] {logging_mixin.py:190} INFO - [2025-11-10T23:52:40.688+0000] {dag.py:4180} INFO - Setting next_dagrun for dataset_with_extra_by_yield to 2025-11-09 00:00:00+00:00, run_after=2025-11-10 00:00:00+00:00
[2025-11-10T23:52:40.690+0000] {logging_mixin.py:190} INFO - [2025-11-10T23:52:40.689+0000] {dag.py:4180} INFO - Setting next_dagrun for dataset_with_extra_from_classic_operator to 2025-11-09 00:00:00+00:00, run_after=2025-11-10 00:00:00+00:00
[2025-11-10T23:52:40.700+0000] {processor.py:208} INFO - Processing /home/airflow/.local/lib/python3.12/site-packages/airflow/example_dags/example_outlet_event_extra.py took 0.483 seconds
[2025-11-10T23:53:11.578+0000] {processor.py:186} INFO - Started process (PID=1364) to work on /home/airflow/.local/lib/python3.12/site-packages/airflow/example_dags/example_outlet_event_extra.py
[2025-11-10T23:53:11.579+0000] {processor.py:914} INFO - Processing file /home/airflow/.local/lib/python3.12/site-packages/airflow/example_dags/example_outlet_event_extra.py for tasks to queue
[2025-11-10T23:53:11.580+0000] {logging_mixin.py:190} INFO - [2025-11-10T23:53:11.580+0000] {dagbag.py:588} INFO - Filling up the DagBag from /home/airflow/.local/lib/python3.12/site-packages/airflow/example_dags/example_outlet_event_extra.py
[2025-11-10T23:53:11.941+0000] {processor.py:925} INFO - DAG(s) 'dataset_with_extra_by_yield', 'dataset_with_extra_by_context', 'dataset_with_extra_from_classic_operator' retrieved from /home/airflow/.local/lib/python3.12/site-packages/airflow/example_dags/example_outlet_event_extra.py
[2025-11-10T23:53:11.954+0000] {logging_mixin.py:190} INFO - [2025-11-10T23:53:11.954+0000] {dag.py:3239} INFO - Sync 3 DAGs
[2025-11-10T23:53:11.967+0000] {logging_mixin.py:190} INFO - [2025-11-10T23:53:11.967+0000] {dag.py:4180} INFO - Setting next_dagrun for dataset_with_extra_by_context to 2025-11-09 00:00:00+00:00, run_after=2025-11-10 00:00:00+00:00
[2025-11-10T23:53:11.969+0000] {logging_mixin.py:190} INFO - [2025-11-10T23:53:11.969+0000] {dag.py:4180} INFO - Setting next_dagrun for dataset_with_extra_by_yield to 2025-11-09 00:00:00+00:00, run_after=2025-11-10 00:00:00+00:00
[2025-11-10T23:53:11.971+0000] {logging_mixin.py:190} INFO - [2025-11-10T23:53:11.971+0000] {dag.py:4180} INFO - Setting next_dagrun for dataset_with_extra_from_classic_operator to 2025-11-09 00:00:00+00:00, run_after=2025-11-10 00:00:00+00:00
[2025-11-10T23:53:11.980+0000] {processor.py:208} INFO - Processing /home/airflow/.local/lib/python3.12/site-packages/airflow/example_dags/example_outlet_event_extra.py took 0.406 seconds
[2025-11-10T23:53:42.192+0000] {processor.py:186} INFO - Started process (PID=1429) to work on /home/airflow/.local/lib/python3.12/site-packages/airflow/example_dags/example_outlet_event_extra.py
[2025-11-10T23:53:42.193+0000] {processor.py:914} INFO - Processing file /home/airflow/.local/lib/python3.12/site-packages/airflow/example_dags/example_outlet_event_extra.py for tasks to queue
[2025-11-10T23:53:42.197+0000] {logging_mixin.py:190} INFO - [2025-11-10T23:53:42.196+0000] {dagbag.py:588} INFO - Filling up the DagBag from /home/airflow/.local/lib/python3.12/site-packages/airflow/example_dags/example_outlet_event_extra.py
[2025-11-10T23:53:42.586+0000] {processor.py:925} INFO - DAG(s) 'dataset_with_extra_by_yield', 'dataset_with_extra_by_context', 'dataset_with_extra_from_classic_operator' retrieved from /home/airflow/.local/lib/python3.12/site-packages/airflow/example_dags/example_outlet_event_extra.py
[2025-11-10T23:53:42.615+0000] {logging_mixin.py:190} INFO - [2025-11-10T23:53:42.614+0000] {dag.py:3239} INFO - Sync 3 DAGs
[2025-11-10T23:53:42.639+0000] {logging_mixin.py:190} INFO - [2025-11-10T23:53:42.639+0000] {dag.py:4180} INFO - Setting next_dagrun for dataset_with_extra_by_context to 2025-11-09 00:00:00+00:00, run_after=2025-11-10 00:00:00+00:00
[2025-11-10T23:53:42.645+0000] {logging_mixin.py:190} INFO - [2025-11-10T23:53:42.645+0000] {dag.py:4180} INFO - Setting next_dagrun for dataset_with_extra_by_yield to 2025-11-09 00:00:00+00:00, run_after=2025-11-10 00:00:00+00:00
[2025-11-10T23:53:42.648+0000] {logging_mixin.py:190} INFO - [2025-11-10T23:53:42.647+0000] {dag.py:4180} INFO - Setting next_dagrun for dataset_with_extra_from_classic_operator to 2025-11-09 00:00:00+00:00, run_after=2025-11-10 00:00:00+00:00
[2025-11-10T23:53:42.667+0000] {processor.py:208} INFO - Processing /home/airflow/.local/lib/python3.12/site-packages/airflow/example_dags/example_outlet_event_extra.py took 0.481 seconds
[2025-11-10T23:54:13.276+0000] {processor.py:186} INFO - Started process (PID=1501) to work on /home/airflow/.local/lib/python3.12/site-packages/airflow/example_dags/example_outlet_event_extra.py
[2025-11-10T23:54:13.277+0000] {processor.py:914} INFO - Processing file /home/airflow/.local/lib/python3.12/site-packages/airflow/example_dags/example_outlet_event_extra.py for tasks to queue
[2025-11-10T23:54:13.278+0000] {logging_mixin.py:190} INFO - [2025-11-10T23:54:13.277+0000] {dagbag.py:588} INFO - Filling up the DagBag from /home/airflow/.local/lib/python3.12/site-packages/airflow/example_dags/example_outlet_event_extra.py
[2025-11-10T23:54:13.704+0000] {processor.py:925} INFO - DAG(s) 'dataset_with_extra_from_classic_operator', 'dataset_with_extra_by_yield', 'dataset_with_extra_by_context' retrieved from /home/airflow/.local/lib/python3.12/site-packages/airflow/example_dags/example_outlet_event_extra.py
[2025-11-10T23:54:13.717+0000] {logging_mixin.py:190} INFO - [2025-11-10T23:54:13.717+0000] {dag.py:3239} INFO - Sync 3 DAGs
[2025-11-10T23:54:13.729+0000] {logging_mixin.py:190} INFO - [2025-11-10T23:54:13.728+0000] {dag.py:4180} INFO - Setting next_dagrun for dataset_with_extra_by_context to 2025-11-09 00:00:00+00:00, run_after=2025-11-10 00:00:00+00:00
[2025-11-10T23:54:13.731+0000] {logging_mixin.py:190} INFO - [2025-11-10T23:54:13.731+0000] {dag.py:4180} INFO - Setting next_dagrun for dataset_with_extra_by_yield to 2025-11-09 00:00:00+00:00, run_after=2025-11-10 00:00:00+00:00
[2025-11-10T23:54:13.733+0000] {logging_mixin.py:190} INFO - [2025-11-10T23:54:13.732+0000] {dag.py:4180} INFO - Setting next_dagrun for dataset_with_extra_from_classic_operator to 2025-11-09 00:00:00+00:00, run_after=2025-11-10 00:00:00+00:00
[2025-11-10T23:54:13.749+0000] {processor.py:208} INFO - Processing /home/airflow/.local/lib/python3.12/site-packages/airflow/example_dags/example_outlet_event_extra.py took 0.479 seconds
[2025-11-10T23:54:44.214+0000] {processor.py:186} INFO - Started process (PID=1567) to work on /home/airflow/.local/lib/python3.12/site-packages/airflow/example_dags/example_outlet_event_extra.py
[2025-11-10T23:54:44.237+0000] {processor.py:914} INFO - Processing file /home/airflow/.local/lib/python3.12/site-packages/airflow/example_dags/example_outlet_event_extra.py for tasks to queue
[2025-11-10T23:54:44.240+0000] {logging_mixin.py:190} INFO - [2025-11-10T23:54:44.240+0000] {dagbag.py:588} INFO - Filling up the DagBag from /home/airflow/.local/lib/python3.12/site-packages/airflow/example_dags/example_outlet_event_extra.py
[2025-11-10T23:54:44.573+0000] {processor.py:925} INFO - DAG(s) 'dataset_with_extra_by_context', 'dataset_with_extra_from_classic_operator', 'dataset_with_extra_by_yield' retrieved from /home/airflow/.local/lib/python3.12/site-packages/airflow/example_dags/example_outlet_event_extra.py
[2025-11-10T23:54:44.589+0000] {logging_mixin.py:190} INFO - [2025-11-10T23:54:44.589+0000] {dag.py:3239} INFO - Sync 3 DAGs
[2025-11-10T23:54:44.601+0000] {logging_mixin.py:190} INFO - [2025-11-10T23:54:44.601+0000] {dag.py:4180} INFO - Setting next_dagrun for dataset_with_extra_by_context to 2025-11-09 00:00:00+00:00, run_after=2025-11-10 00:00:00+00:00
[2025-11-10T23:54:44.604+0000] {logging_mixin.py:190} INFO - [2025-11-10T23:54:44.604+0000] {dag.py:4180} INFO - Setting next_dagrun for dataset_with_extra_by_yield to 2025-11-09 00:00:00+00:00, run_after=2025-11-10 00:00:00+00:00
[2025-11-10T23:54:44.605+0000] {logging_mixin.py:190} INFO - [2025-11-10T23:54:44.605+0000] {dag.py:4180} INFO - Setting next_dagrun for dataset_with_extra_from_classic_operator to 2025-11-09 00:00:00+00:00, run_after=2025-11-10 00:00:00+00:00
[2025-11-10T23:54:44.678+0000] {processor.py:208} INFO - Processing /home/airflow/.local/lib/python3.12/site-packages/airflow/example_dags/example_outlet_event_extra.py took 0.469 seconds
[2025-11-10T23:55:14.821+0000] {processor.py:186} INFO - Started process (PID=1631) to work on /home/airflow/.local/lib/python3.12/site-packages/airflow/example_dags/example_outlet_event_extra.py
[2025-11-10T23:55:14.821+0000] {processor.py:914} INFO - Processing file /home/airflow/.local/lib/python3.12/site-packages/airflow/example_dags/example_outlet_event_extra.py for tasks to queue
[2025-11-10T23:55:14.822+0000] {logging_mixin.py:190} INFO - [2025-11-10T23:55:14.822+0000] {dagbag.py:588} INFO - Filling up the DagBag from /home/airflow/.local/lib/python3.12/site-packages/airflow/example_dags/example_outlet_event_extra.py
[2025-11-10T23:55:15.145+0000] {processor.py:925} INFO - DAG(s) 'dataset_with_extra_by_context', 'dataset_with_extra_from_classic_operator', 'dataset_with_extra_by_yield' retrieved from /home/airflow/.local/lib/python3.12/site-packages/airflow/example_dags/example_outlet_event_extra.py
[2025-11-10T23:55:15.158+0000] {logging_mixin.py:190} INFO - [2025-11-10T23:55:15.158+0000] {dag.py:3239} INFO - Sync 3 DAGs
[2025-11-10T23:55:15.171+0000] {logging_mixin.py:190} INFO - [2025-11-10T23:55:15.171+0000] {dag.py:4180} INFO - Setting next_dagrun for dataset_with_extra_by_context to 2025-11-09 00:00:00+00:00, run_after=2025-11-10 00:00:00+00:00
[2025-11-10T23:55:15.174+0000] {logging_mixin.py:190} INFO - [2025-11-10T23:55:15.174+0000] {dag.py:4180} INFO - Setting next_dagrun for dataset_with_extra_by_yield to 2025-11-09 00:00:00+00:00, run_after=2025-11-10 00:00:00+00:00
[2025-11-10T23:55:15.175+0000] {logging_mixin.py:190} INFO - [2025-11-10T23:55:15.175+0000] {dag.py:4180} INFO - Setting next_dagrun for dataset_with_extra_from_classic_operator to 2025-11-09 00:00:00+00:00, run_after=2025-11-10 00:00:00+00:00
[2025-11-10T23:55:15.185+0000] {processor.py:208} INFO - Processing /home/airflow/.local/lib/python3.12/site-packages/airflow/example_dags/example_outlet_event_extra.py took 0.368 seconds
[2025-11-10T23:55:45.269+0000] {processor.py:186} INFO - Started process (PID=1695) to work on /home/airflow/.local/lib/python3.12/site-packages/airflow/example_dags/example_outlet_event_extra.py
[2025-11-10T23:55:45.269+0000] {processor.py:914} INFO - Processing file /home/airflow/.local/lib/python3.12/site-packages/airflow/example_dags/example_outlet_event_extra.py for tasks to queue
[2025-11-10T23:55:45.270+0000] {logging_mixin.py:190} INFO - [2025-11-10T23:55:45.269+0000] {dagbag.py:588} INFO - Filling up the DagBag from /home/airflow/.local/lib/python3.12/site-packages/airflow/example_dags/example_outlet_event_extra.py
[2025-11-10T23:55:45.594+0000] {processor.py:925} INFO - DAG(s) 'dataset_with_extra_by_yield', 'dataset_with_extra_from_classic_operator', 'dataset_with_extra_by_context' retrieved from /home/airflow/.local/lib/python3.12/site-packages/airflow/example_dags/example_outlet_event_extra.py
[2025-11-10T23:55:45.606+0000] {logging_mixin.py:190} INFO - [2025-11-10T23:55:45.606+0000] {dag.py:3239} INFO - Sync 3 DAGs
[2025-11-10T23:55:45.619+0000] {logging_mixin.py:190} INFO - [2025-11-10T23:55:45.619+0000] {dag.py:4180} INFO - Setting next_dagrun for dataset_with_extra_by_context to 2025-11-09 00:00:00+00:00, run_after=2025-11-10 00:00:00+00:00
[2025-11-10T23:55:45.621+0000] {logging_mixin.py:190} INFO - [2025-11-10T23:55:45.621+0000] {dag.py:4180} INFO - Setting next_dagrun for dataset_with_extra_by_yield to 2025-11-09 00:00:00+00:00, run_after=2025-11-10 00:00:00+00:00
[2025-11-10T23:55:45.623+0000] {logging_mixin.py:190} INFO - [2025-11-10T23:55:45.623+0000] {dag.py:4180} INFO - Setting next_dagrun for dataset_with_extra_from_classic_operator to 2025-11-09 00:00:00+00:00, run_after=2025-11-10 00:00:00+00:00
[2025-11-10T23:55:45.684+0000] {processor.py:208} INFO - Processing /home/airflow/.local/lib/python3.12/site-packages/airflow/example_dags/example_outlet_event_extra.py took 0.419 seconds
[2025-11-10T23:56:16.603+0000] {processor.py:186} INFO - Started process (PID=1759) to work on /home/airflow/.local/lib/python3.12/site-packages/airflow/example_dags/example_outlet_event_extra.py
[2025-11-10T23:56:16.605+0000] {processor.py:914} INFO - Processing file /home/airflow/.local/lib/python3.12/site-packages/airflow/example_dags/example_outlet_event_extra.py for tasks to queue
[2025-11-10T23:56:16.606+0000] {logging_mixin.py:190} INFO - [2025-11-10T23:56:16.606+0000] {dagbag.py:588} INFO - Filling up the DagBag from /home/airflow/.local/lib/python3.12/site-packages/airflow/example_dags/example_outlet_event_extra.py
[2025-11-10T23:56:16.959+0000] {processor.py:925} INFO - DAG(s) 'dataset_with_extra_by_yield', 'dataset_with_extra_from_classic_operator', 'dataset_with_extra_by_context' retrieved from /home/airflow/.local/lib/python3.12/site-packages/airflow/example_dags/example_outlet_event_extra.py
[2025-11-10T23:56:16.974+0000] {logging_mixin.py:190} INFO - [2025-11-10T23:56:16.974+0000] {dag.py:3239} INFO - Sync 3 DAGs
[2025-11-10T23:56:16.986+0000] {logging_mixin.py:190} INFO - [2025-11-10T23:56:16.986+0000] {dag.py:4180} INFO - Setting next_dagrun for dataset_with_extra_by_context to 2025-11-09 00:00:00+00:00, run_after=2025-11-10 00:00:00+00:00
[2025-11-10T23:56:16.990+0000] {logging_mixin.py:190} INFO - [2025-11-10T23:56:16.990+0000] {dag.py:4180} INFO - Setting next_dagrun for dataset_with_extra_by_yield to 2025-11-09 00:00:00+00:00, run_after=2025-11-10 00:00:00+00:00
[2025-11-10T23:56:16.992+0000] {logging_mixin.py:190} INFO - [2025-11-10T23:56:16.991+0000] {dag.py:4180} INFO - Setting next_dagrun for dataset_with_extra_from_classic_operator to 2025-11-09 00:00:00+00:00, run_after=2025-11-10 00:00:00+00:00
[2025-11-10T23:56:17.004+0000] {processor.py:208} INFO - Processing /home/airflow/.local/lib/python3.12/site-packages/airflow/example_dags/example_outlet_event_extra.py took 0.405 seconds
[2025-11-10T23:56:47.778+0000] {processor.py:186} INFO - Started process (PID=1823) to work on /home/airflow/.local/lib/python3.12/site-packages/airflow/example_dags/example_outlet_event_extra.py
[2025-11-10T23:56:47.778+0000] {processor.py:914} INFO - Processing file /home/airflow/.local/lib/python3.12/site-packages/airflow/example_dags/example_outlet_event_extra.py for tasks to queue
[2025-11-10T23:56:47.779+0000] {logging_mixin.py:190} INFO - [2025-11-10T23:56:47.779+0000] {dagbag.py:588} INFO - Filling up the DagBag from /home/airflow/.local/lib/python3.12/site-packages/airflow/example_dags/example_outlet_event_extra.py
[2025-11-10T23:56:48.135+0000] {processor.py:925} INFO - DAG(s) 'dataset_with_extra_by_yield', 'dataset_with_extra_by_context', 'dataset_with_extra_from_classic_operator' retrieved from /home/airflow/.local/lib/python3.12/site-packages/airflow/example_dags/example_outlet_event_extra.py
[2025-11-10T23:56:48.147+0000] {logging_mixin.py:190} INFO - [2025-11-10T23:56:48.147+0000] {dag.py:3239} INFO - Sync 3 DAGs
[2025-11-10T23:56:48.160+0000] {logging_mixin.py:190} INFO - [2025-11-10T23:56:48.160+0000] {dag.py:4180} INFO - Setting next_dagrun for dataset_with_extra_by_context to 2025-11-09 00:00:00+00:00, run_after=2025-11-10 00:00:00+00:00
[2025-11-10T23:56:48.163+0000] {logging_mixin.py:190} INFO - [2025-11-10T23:56:48.163+0000] {dag.py:4180} INFO - Setting next_dagrun for dataset_with_extra_by_yield to 2025-11-09 00:00:00+00:00, run_after=2025-11-10 00:00:00+00:00
[2025-11-10T23:56:48.164+0000] {logging_mixin.py:190} INFO - [2025-11-10T23:56:48.164+0000] {dag.py:4180} INFO - Setting next_dagrun for dataset_with_extra_from_classic_operator to 2025-11-09 00:00:00+00:00, run_after=2025-11-10 00:00:00+00:00
[2025-11-10T23:56:48.176+0000] {processor.py:208} INFO - Processing /home/airflow/.local/lib/python3.12/site-packages/airflow/example_dags/example_outlet_event_extra.py took 0.402 seconds
[2025-11-10T23:57:18.244+0000] {processor.py:186} INFO - Started process (PID=1887) to work on /home/airflow/.local/lib/python3.12/site-packages/airflow/example_dags/example_outlet_event_extra.py
[2025-11-10T23:57:18.245+0000] {processor.py:914} INFO - Processing file /home/airflow/.local/lib/python3.12/site-packages/airflow/example_dags/example_outlet_event_extra.py for tasks to queue
[2025-11-10T23:57:18.245+0000] {logging_mixin.py:190} INFO - [2025-11-10T23:57:18.245+0000] {dagbag.py:588} INFO - Filling up the DagBag from /home/airflow/.local/lib/python3.12/site-packages/airflow/example_dags/example_outlet_event_extra.py
[2025-11-10T23:57:18.564+0000] {processor.py:925} INFO - DAG(s) 'dataset_with_extra_by_yield', 'dataset_with_extra_from_classic_operator', 'dataset_with_extra_by_context' retrieved from /home/airflow/.local/lib/python3.12/site-packages/airflow/example_dags/example_outlet_event_extra.py
[2025-11-10T23:57:18.585+0000] {logging_mixin.py:190} INFO - [2025-11-10T23:57:18.585+0000] {dag.py:3239} INFO - Sync 3 DAGs
[2025-11-10T23:57:18.602+0000] {logging_mixin.py:190} INFO - [2025-11-10T23:57:18.602+0000] {dag.py:4180} INFO - Setting next_dagrun for dataset_with_extra_by_context to 2025-11-09 00:00:00+00:00, run_after=2025-11-10 00:00:00+00:00
[2025-11-10T23:57:18.605+0000] {logging_mixin.py:190} INFO - [2025-11-10T23:57:18.605+0000] {dag.py:4180} INFO - Setting next_dagrun for dataset_with_extra_by_yield to 2025-11-09 00:00:00+00:00, run_after=2025-11-10 00:00:00+00:00
[2025-11-10T23:57:18.606+0000] {logging_mixin.py:190} INFO - [2025-11-10T23:57:18.606+0000] {dag.py:4180} INFO - Setting next_dagrun for dataset_with_extra_from_classic_operator to 2025-11-09 00:00:00+00:00, run_after=2025-11-10 00:00:00+00:00
[2025-11-10T23:57:18.620+0000] {processor.py:208} INFO - Processing /home/airflow/.local/lib/python3.12/site-packages/airflow/example_dags/example_outlet_event_extra.py took 0.379 seconds
[2025-11-10T23:57:49.432+0000] {processor.py:186} INFO - Started process (PID=1951) to work on /home/airflow/.local/lib/python3.12/site-packages/airflow/example_dags/example_outlet_event_extra.py
[2025-11-10T23:57:49.433+0000] {processor.py:914} INFO - Processing file /home/airflow/.local/lib/python3.12/site-packages/airflow/example_dags/example_outlet_event_extra.py for tasks to queue
[2025-11-10T23:57:49.434+0000] {logging_mixin.py:190} INFO - [2025-11-10T23:57:49.434+0000] {dagbag.py:588} INFO - Filling up the DagBag from /home/airflow/.local/lib/python3.12/site-packages/airflow/example_dags/example_outlet_event_extra.py
[2025-11-10T23:57:49.750+0000] {processor.py:925} INFO - DAG(s) 'dataset_with_extra_from_classic_operator', 'dataset_with_extra_by_yield', 'dataset_with_extra_by_context' retrieved from /home/airflow/.local/lib/python3.12/site-packages/airflow/example_dags/example_outlet_event_extra.py
[2025-11-10T23:57:49.769+0000] {logging_mixin.py:190} INFO - [2025-11-10T23:57:49.769+0000] {dag.py:3239} INFO - Sync 3 DAGs
[2025-11-10T23:57:49.785+0000] {logging_mixin.py:190} INFO - [2025-11-10T23:57:49.785+0000] {dag.py:4180} INFO - Setting next_dagrun for dataset_with_extra_by_context to 2025-11-09 00:00:00+00:00, run_after=2025-11-10 00:00:00+00:00
[2025-11-10T23:57:49.788+0000] {logging_mixin.py:190} INFO - [2025-11-10T23:57:49.788+0000] {dag.py:4180} INFO - Setting next_dagrun for dataset_with_extra_by_yield to 2025-11-09 00:00:00+00:00, run_after=2025-11-10 00:00:00+00:00
[2025-11-10T23:57:49.789+0000] {logging_mixin.py:190} INFO - [2025-11-10T23:57:49.789+0000] {dag.py:4180} INFO - Setting next_dagrun for dataset_with_extra_from_classic_operator to 2025-11-09 00:00:00+00:00, run_after=2025-11-10 00:00:00+00:00
[2025-11-10T23:57:49.799+0000] {processor.py:208} INFO - Processing /home/airflow/.local/lib/python3.12/site-packages/airflow/example_dags/example_outlet_event_extra.py took 0.371 seconds
[2025-11-10T23:58:20.615+0000] {processor.py:186} INFO - Started process (PID=2015) to work on /home/airflow/.local/lib/python3.12/site-packages/airflow/example_dags/example_outlet_event_extra.py
[2025-11-10T23:58:20.616+0000] {processor.py:914} INFO - Processing file /home/airflow/.local/lib/python3.12/site-packages/airflow/example_dags/example_outlet_event_extra.py for tasks to queue
[2025-11-10T23:58:20.617+0000] {logging_mixin.py:190} INFO - [2025-11-10T23:58:20.617+0000] {dagbag.py:588} INFO - Filling up the DagBag from /home/airflow/.local/lib/python3.12/site-packages/airflow/example_dags/example_outlet_event_extra.py
[2025-11-10T23:58:20.936+0000] {processor.py:925} INFO - DAG(s) 'dataset_with_extra_by_context', 'dataset_with_extra_from_classic_operator', 'dataset_with_extra_by_yield' retrieved from /home/airflow/.local/lib/python3.12/site-packages/airflow/example_dags/example_outlet_event_extra.py
[2025-11-10T23:58:20.950+0000] {logging_mixin.py:190} INFO - [2025-11-10T23:58:20.949+0000] {dag.py:3239} INFO - Sync 3 DAGs
[2025-11-10T23:58:20.962+0000] {logging_mixin.py:190} INFO - [2025-11-10T23:58:20.961+0000] {dag.py:4180} INFO - Setting next_dagrun for dataset_with_extra_by_context to 2025-11-09 00:00:00+00:00, run_after=2025-11-10 00:00:00+00:00
[2025-11-10T23:58:20.964+0000] {logging_mixin.py:190} INFO - [2025-11-10T23:58:20.964+0000] {dag.py:4180} INFO - Setting next_dagrun for dataset_with_extra_by_yield to 2025-11-09 00:00:00+00:00, run_after=2025-11-10 00:00:00+00:00
[2025-11-10T23:58:20.966+0000] {logging_mixin.py:190} INFO - [2025-11-10T23:58:20.965+0000] {dag.py:4180} INFO - Setting next_dagrun for dataset_with_extra_from_classic_operator to 2025-11-09 00:00:00+00:00, run_after=2025-11-10 00:00:00+00:00
[2025-11-10T23:58:20.983+0000] {processor.py:208} INFO - Processing /home/airflow/.local/lib/python3.12/site-packages/airflow/example_dags/example_outlet_event_extra.py took 0.373 seconds
[2025-11-10T23:58:51.751+0000] {processor.py:186} INFO - Started process (PID=2079) to work on /home/airflow/.local/lib/python3.12/site-packages/airflow/example_dags/example_outlet_event_extra.py
[2025-11-10T23:58:51.760+0000] {processor.py:914} INFO - Processing file /home/airflow/.local/lib/python3.12/site-packages/airflow/example_dags/example_outlet_event_extra.py for tasks to queue
[2025-11-10T23:58:51.761+0000] {logging_mixin.py:190} INFO - [2025-11-10T23:58:51.761+0000] {dagbag.py:588} INFO - Filling up the DagBag from /home/airflow/.local/lib/python3.12/site-packages/airflow/example_dags/example_outlet_event_extra.py
[2025-11-10T23:58:52.081+0000] {processor.py:925} INFO - DAG(s) 'dataset_with_extra_by_context', 'dataset_with_extra_by_yield', 'dataset_with_extra_from_classic_operator' retrieved from /home/airflow/.local/lib/python3.12/site-packages/airflow/example_dags/example_outlet_event_extra.py
[2025-11-10T23:58:52.098+0000] {logging_mixin.py:190} INFO - [2025-11-10T23:58:52.098+0000] {dag.py:3239} INFO - Sync 3 DAGs
[2025-11-10T23:58:52.110+0000] {logging_mixin.py:190} INFO - [2025-11-10T23:58:52.110+0000] {dag.py:4180} INFO - Setting next_dagrun for dataset_with_extra_by_context to 2025-11-09 00:00:00+00:00, run_after=2025-11-10 00:00:00+00:00
[2025-11-10T23:58:52.112+0000] {logging_mixin.py:190} INFO - [2025-11-10T23:58:52.112+0000] {dag.py:4180} INFO - Setting next_dagrun for dataset_with_extra_by_yield to 2025-11-09 00:00:00+00:00, run_after=2025-11-10 00:00:00+00:00
[2025-11-10T23:58:52.114+0000] {logging_mixin.py:190} INFO - [2025-11-10T23:58:52.113+0000] {dag.py:4180} INFO - Setting next_dagrun for dataset_with_extra_from_classic_operator to 2025-11-09 00:00:00+00:00, run_after=2025-11-10 00:00:00+00:00
[2025-11-10T23:58:52.128+0000] {processor.py:208} INFO - Processing /home/airflow/.local/lib/python3.12/site-packages/airflow/example_dags/example_outlet_event_extra.py took 0.381 seconds
[2025-11-10T23:59:22.320+0000] {processor.py:186} INFO - Started process (PID=2143) to work on /home/airflow/.local/lib/python3.12/site-packages/airflow/example_dags/example_outlet_event_extra.py
[2025-11-10T23:59:22.321+0000] {processor.py:914} INFO - Processing file /home/airflow/.local/lib/python3.12/site-packages/airflow/example_dags/example_outlet_event_extra.py for tasks to queue
[2025-11-10T23:59:22.322+0000] {logging_mixin.py:190} INFO - [2025-11-10T23:59:22.322+0000] {dagbag.py:588} INFO - Filling up the DagBag from /home/airflow/.local/lib/python3.12/site-packages/airflow/example_dags/example_outlet_event_extra.py
[2025-11-10T23:59:22.674+0000] {processor.py:925} INFO - DAG(s) 'dataset_with_extra_by_yield', 'dataset_with_extra_from_classic_operator', 'dataset_with_extra_by_context' retrieved from /home/airflow/.local/lib/python3.12/site-packages/airflow/example_dags/example_outlet_event_extra.py
[2025-11-10T23:59:22.691+0000] {logging_mixin.py:190} INFO - [2025-11-10T23:59:22.691+0000] {dag.py:3239} INFO - Sync 3 DAGs
[2025-11-10T23:59:22.705+0000] {logging_mixin.py:190} INFO - [2025-11-10T23:59:22.705+0000] {dag.py:4180} INFO - Setting next_dagrun for dataset_with_extra_by_context to 2025-11-09 00:00:00+00:00, run_after=2025-11-10 00:00:00+00:00
[2025-11-10T23:59:22.708+0000] {logging_mixin.py:190} INFO - [2025-11-10T23:59:22.708+0000] {dag.py:4180} INFO - Setting next_dagrun for dataset_with_extra_by_yield to 2025-11-09 00:00:00+00:00, run_after=2025-11-10 00:00:00+00:00
[2025-11-10T23:59:22.709+0000] {logging_mixin.py:190} INFO - [2025-11-10T23:59:22.709+0000] {dag.py:4180} INFO - Setting next_dagrun for dataset_with_extra_from_classic_operator to 2025-11-09 00:00:00+00:00, run_after=2025-11-10 00:00:00+00:00
[2025-11-10T23:59:22.770+0000] {processor.py:208} INFO - Processing /home/airflow/.local/lib/python3.12/site-packages/airflow/example_dags/example_outlet_event_extra.py took 0.453 seconds
[2025-11-10T23:59:53.663+0000] {processor.py:186} INFO - Started process (PID=2207) to work on /home/airflow/.local/lib/python3.12/site-packages/airflow/example_dags/example_outlet_event_extra.py
[2025-11-10T23:59:53.708+0000] {processor.py:914} INFO - Processing file /home/airflow/.local/lib/python3.12/site-packages/airflow/example_dags/example_outlet_event_extra.py for tasks to queue
[2025-11-10T23:59:53.710+0000] {logging_mixin.py:190} INFO - [2025-11-10T23:59:53.709+0000] {dagbag.py:588} INFO - Filling up the DagBag from /home/airflow/.local/lib/python3.12/site-packages/airflow/example_dags/example_outlet_event_extra.py
[2025-11-10T23:59:54.071+0000] {processor.py:925} INFO - DAG(s) 'dataset_with_extra_by_yield', 'dataset_with_extra_from_classic_operator', 'dataset_with_extra_by_context' retrieved from /home/airflow/.local/lib/python3.12/site-packages/airflow/example_dags/example_outlet_event_extra.py
[2025-11-10T23:59:54.084+0000] {logging_mixin.py:190} INFO - [2025-11-10T23:59:54.083+0000] {dag.py:3239} INFO - Sync 3 DAGs
[2025-11-10T23:59:54.098+0000] {logging_mixin.py:190} INFO - [2025-11-10T23:59:54.097+0000] {dag.py:4180} INFO - Setting next_dagrun for dataset_with_extra_by_context to 2025-11-09 00:00:00+00:00, run_after=2025-11-10 00:00:00+00:00
[2025-11-10T23:59:54.101+0000] {logging_mixin.py:190} INFO - [2025-11-10T23:59:54.100+0000] {dag.py:4180} INFO - Setting next_dagrun for dataset_with_extra_by_yield to 2025-11-09 00:00:00+00:00, run_after=2025-11-10 00:00:00+00:00
[2025-11-10T23:59:54.102+0000] {logging_mixin.py:190} INFO - [2025-11-10T23:59:54.102+0000] {dag.py:4180} INFO - Setting next_dagrun for dataset_with_extra_from_classic_operator to 2025-11-09 00:00:00+00:00, run_after=2025-11-10 00:00:00+00:00
[2025-11-10T23:59:54.115+0000] {processor.py:208} INFO - Processing /home/airflow/.local/lib/python3.12/site-packages/airflow/example_dags/example_outlet_event_extra.py took 0.459 seconds
