[2025-11-10T23:41:40.685+0000] {processor.py:186} INFO - Started process (PID=93) to work on /home/airflow/.local/lib/python3.12/site-packages/airflow/example_dags/example_sensors.py
[2025-11-10T23:41:40.685+0000] {processor.py:914} INFO - Processing file /home/airflow/.local/lib/python3.12/site-packages/airflow/example_dags/example_sensors.py for tasks to queue
[2025-11-10T23:41:40.686+0000] {logging_mixin.py:190} INFO - [2025-11-10T23:41:40.686+0000] {dagbag.py:588} INFO - Filling up the DagBag from /home/airflow/.local/lib/python3.12/site-packages/airflow/example_dags/example_sensors.py
[2025-11-10T23:41:40.694+0000] {processor.py:925} INFO - DAG(s) 'example_sensors' retrieved from /home/airflow/.local/lib/python3.12/site-packages/airflow/example_dags/example_sensors.py
[2025-11-10T23:41:40.713+0000] {logging_mixin.py:190} INFO - [2025-11-10T23:41:40.713+0000] {dag.py:3239} INFO - Sync 1 DAGs
[2025-11-10T23:41:40.721+0000] {logging_mixin.py:190} INFO - [2025-11-10T23:41:40.721+0000] {dag.py:4180} INFO - Setting next_dagrun for example_sensors to None, run_after=None
[2025-11-10T23:41:40.731+0000] {processor.py:208} INFO - Processing /home/airflow/.local/lib/python3.12/site-packages/airflow/example_dags/example_sensors.py took 0.050 seconds
[2025-11-10T23:42:44.547+0000] {processor.py:186} INFO - Started process (PID=68) to work on /home/airflow/.local/lib/python3.12/site-packages/airflow/example_dags/example_sensors.py
[2025-11-10T23:42:44.548+0000] {processor.py:914} INFO - Processing file /home/airflow/.local/lib/python3.12/site-packages/airflow/example_dags/example_sensors.py for tasks to queue
[2025-11-10T23:42:44.549+0000] {logging_mixin.py:190} INFO - [2025-11-10T23:42:44.549+0000] {dagbag.py:588} INFO - Filling up the DagBag from /home/airflow/.local/lib/python3.12/site-packages/airflow/example_dags/example_sensors.py
[2025-11-10T23:42:44.556+0000] {processor.py:925} INFO - DAG(s) 'example_sensors' retrieved from /home/airflow/.local/lib/python3.12/site-packages/airflow/example_dags/example_sensors.py
[2025-11-10T23:42:44.578+0000] {logging_mixin.py:190} INFO - [2025-11-10T23:42:44.577+0000] {dag.py:3239} INFO - Sync 1 DAGs
[2025-11-10T23:42:44.589+0000] {logging_mixin.py:190} INFO - [2025-11-10T23:42:44.589+0000] {dag.py:4180} INFO - Setting next_dagrun for example_sensors to None, run_after=None
[2025-11-10T23:42:44.606+0000] {processor.py:208} INFO - Processing /home/airflow/.local/lib/python3.12/site-packages/airflow/example_dags/example_sensors.py took 0.062 seconds
[2025-11-10T23:43:15.854+0000] {processor.py:186} INFO - Started process (PID=132) to work on /home/airflow/.local/lib/python3.12/site-packages/airflow/example_dags/example_sensors.py
[2025-11-10T23:43:15.855+0000] {processor.py:914} INFO - Processing file /home/airflow/.local/lib/python3.12/site-packages/airflow/example_dags/example_sensors.py for tasks to queue
[2025-11-10T23:43:15.856+0000] {logging_mixin.py:190} INFO - [2025-11-10T23:43:15.856+0000] {dagbag.py:588} INFO - Filling up the DagBag from /home/airflow/.local/lib/python3.12/site-packages/airflow/example_dags/example_sensors.py
[2025-11-10T23:43:15.862+0000] {processor.py:925} INFO - DAG(s) 'example_sensors' retrieved from /home/airflow/.local/lib/python3.12/site-packages/airflow/example_dags/example_sensors.py
[2025-11-10T23:43:15.878+0000] {logging_mixin.py:190} INFO - [2025-11-10T23:43:15.878+0000] {dag.py:3239} INFO - Sync 1 DAGs
[2025-11-10T23:43:15.886+0000] {logging_mixin.py:190} INFO - [2025-11-10T23:43:15.886+0000] {dag.py:4180} INFO - Setting next_dagrun for example_sensors to None, run_after=None
[2025-11-10T23:43:15.903+0000] {processor.py:208} INFO - Processing /home/airflow/.local/lib/python3.12/site-packages/airflow/example_dags/example_sensors.py took 0.051 seconds
[2025-11-10T23:43:47.102+0000] {processor.py:186} INFO - Started process (PID=196) to work on /home/airflow/.local/lib/python3.12/site-packages/airflow/example_dags/example_sensors.py
[2025-11-10T23:43:47.102+0000] {processor.py:914} INFO - Processing file /home/airflow/.local/lib/python3.12/site-packages/airflow/example_dags/example_sensors.py for tasks to queue
[2025-11-10T23:43:47.103+0000] {logging_mixin.py:190} INFO - [2025-11-10T23:43:47.103+0000] {dagbag.py:588} INFO - Filling up the DagBag from /home/airflow/.local/lib/python3.12/site-packages/airflow/example_dags/example_sensors.py
[2025-11-10T23:43:47.109+0000] {processor.py:925} INFO - DAG(s) 'example_sensors' retrieved from /home/airflow/.local/lib/python3.12/site-packages/airflow/example_dags/example_sensors.py
[2025-11-10T23:43:47.126+0000] {logging_mixin.py:190} INFO - [2025-11-10T23:43:47.126+0000] {dag.py:3239} INFO - Sync 1 DAGs
[2025-11-10T23:43:47.134+0000] {logging_mixin.py:190} INFO - [2025-11-10T23:43:47.134+0000] {dag.py:4180} INFO - Setting next_dagrun for example_sensors to None, run_after=None
[2025-11-10T23:43:47.143+0000] {processor.py:208} INFO - Processing /home/airflow/.local/lib/python3.12/site-packages/airflow/example_dags/example_sensors.py took 0.045 seconds
[2025-11-10T23:44:17.730+0000] {processor.py:186} INFO - Started process (PID=260) to work on /home/airflow/.local/lib/python3.12/site-packages/airflow/example_dags/example_sensors.py
[2025-11-10T23:44:17.730+0000] {processor.py:914} INFO - Processing file /home/airflow/.local/lib/python3.12/site-packages/airflow/example_dags/example_sensors.py for tasks to queue
[2025-11-10T23:44:17.731+0000] {logging_mixin.py:190} INFO - [2025-11-10T23:44:17.731+0000] {dagbag.py:588} INFO - Filling up the DagBag from /home/airflow/.local/lib/python3.12/site-packages/airflow/example_dags/example_sensors.py
[2025-11-10T23:44:17.737+0000] {processor.py:925} INFO - DAG(s) 'example_sensors' retrieved from /home/airflow/.local/lib/python3.12/site-packages/airflow/example_dags/example_sensors.py
[2025-11-10T23:44:17.754+0000] {logging_mixin.py:190} INFO - [2025-11-10T23:44:17.754+0000] {dag.py:3239} INFO - Sync 1 DAGs
[2025-11-10T23:44:17.762+0000] {logging_mixin.py:190} INFO - [2025-11-10T23:44:17.762+0000] {dag.py:4180} INFO - Setting next_dagrun for example_sensors to None, run_after=None
[2025-11-10T23:44:17.771+0000] {processor.py:208} INFO - Processing /home/airflow/.local/lib/python3.12/site-packages/airflow/example_dags/example_sensors.py took 0.045 seconds
[2025-11-10T23:44:49.026+0000] {processor.py:186} INFO - Started process (PID=324) to work on /home/airflow/.local/lib/python3.12/site-packages/airflow/example_dags/example_sensors.py
[2025-11-10T23:44:49.026+0000] {processor.py:914} INFO - Processing file /home/airflow/.local/lib/python3.12/site-packages/airflow/example_dags/example_sensors.py for tasks to queue
[2025-11-10T23:44:49.027+0000] {logging_mixin.py:190} INFO - [2025-11-10T23:44:49.027+0000] {dagbag.py:588} INFO - Filling up the DagBag from /home/airflow/.local/lib/python3.12/site-packages/airflow/example_dags/example_sensors.py
[2025-11-10T23:44:49.034+0000] {processor.py:925} INFO - DAG(s) 'example_sensors' retrieved from /home/airflow/.local/lib/python3.12/site-packages/airflow/example_dags/example_sensors.py
[2025-11-10T23:44:49.051+0000] {logging_mixin.py:190} INFO - [2025-11-10T23:44:49.050+0000] {dag.py:3239} INFO - Sync 1 DAGs
[2025-11-10T23:44:49.059+0000] {logging_mixin.py:190} INFO - [2025-11-10T23:44:49.059+0000] {dag.py:4180} INFO - Setting next_dagrun for example_sensors to None, run_after=None
[2025-11-10T23:44:49.070+0000] {processor.py:208} INFO - Processing /home/airflow/.local/lib/python3.12/site-packages/airflow/example_dags/example_sensors.py took 0.048 seconds
[2025-11-10T23:45:21.700+0000] {processor.py:186} INFO - Started process (PID=388) to work on /home/airflow/.local/lib/python3.12/site-packages/airflow/example_dags/example_sensors.py
[2025-11-10T23:45:21.701+0000] {processor.py:914} INFO - Processing file /home/airflow/.local/lib/python3.12/site-packages/airflow/example_dags/example_sensors.py for tasks to queue
[2025-11-10T23:45:21.703+0000] {logging_mixin.py:190} INFO - [2025-11-10T23:45:21.703+0000] {dagbag.py:588} INFO - Filling up the DagBag from /home/airflow/.local/lib/python3.12/site-packages/airflow/example_dags/example_sensors.py
[2025-11-10T23:45:21.711+0000] {processor.py:925} INFO - DAG(s) 'example_sensors' retrieved from /home/airflow/.local/lib/python3.12/site-packages/airflow/example_dags/example_sensors.py
[2025-11-10T23:45:21.731+0000] {logging_mixin.py:190} INFO - [2025-11-10T23:45:21.730+0000] {dag.py:3239} INFO - Sync 1 DAGs
[2025-11-10T23:45:21.739+0000] {logging_mixin.py:190} INFO - [2025-11-10T23:45:21.739+0000] {dag.py:4180} INFO - Setting next_dagrun for example_sensors to None, run_after=None
[2025-11-10T23:45:21.753+0000] {processor.py:208} INFO - Processing /home/airflow/.local/lib/python3.12/site-packages/airflow/example_dags/example_sensors.py took 0.057 seconds
[2025-11-10T23:45:58.399+0000] {processor.py:186} INFO - Started process (PID=452) to work on /home/airflow/.local/lib/python3.12/site-packages/airflow/example_dags/example_sensors.py
[2025-11-10T23:45:58.400+0000] {processor.py:914} INFO - Processing file /home/airflow/.local/lib/python3.12/site-packages/airflow/example_dags/example_sensors.py for tasks to queue
[2025-11-10T23:45:58.401+0000] {logging_mixin.py:190} INFO - [2025-11-10T23:45:58.401+0000] {dagbag.py:588} INFO - Filling up the DagBag from /home/airflow/.local/lib/python3.12/site-packages/airflow/example_dags/example_sensors.py
[2025-11-10T23:45:58.412+0000] {processor.py:925} INFO - DAG(s) 'example_sensors' retrieved from /home/airflow/.local/lib/python3.12/site-packages/airflow/example_dags/example_sensors.py
[2025-11-10T23:45:58.427+0000] {logging_mixin.py:190} INFO - [2025-11-10T23:45:58.426+0000] {dag.py:3239} INFO - Sync 1 DAGs
[2025-11-10T23:45:58.434+0000] {logging_mixin.py:190} INFO - [2025-11-10T23:45:58.434+0000] {dag.py:4180} INFO - Setting next_dagrun for example_sensors to None, run_after=None
[2025-11-10T23:45:58.449+0000] {processor.py:208} INFO - Processing /home/airflow/.local/lib/python3.12/site-packages/airflow/example_dags/example_sensors.py took 0.054 seconds
[2025-11-10T23:46:29.018+0000] {processor.py:186} INFO - Started process (PID=516) to work on /home/airflow/.local/lib/python3.12/site-packages/airflow/example_dags/example_sensors.py
[2025-11-10T23:46:29.018+0000] {processor.py:914} INFO - Processing file /home/airflow/.local/lib/python3.12/site-packages/airflow/example_dags/example_sensors.py for tasks to queue
[2025-11-10T23:46:29.020+0000] {logging_mixin.py:190} INFO - [2025-11-10T23:46:29.020+0000] {dagbag.py:588} INFO - Filling up the DagBag from /home/airflow/.local/lib/python3.12/site-packages/airflow/example_dags/example_sensors.py
[2025-11-10T23:46:29.026+0000] {processor.py:925} INFO - DAG(s) 'example_sensors' retrieved from /home/airflow/.local/lib/python3.12/site-packages/airflow/example_dags/example_sensors.py
[2025-11-10T23:46:29.043+0000] {logging_mixin.py:190} INFO - [2025-11-10T23:46:29.043+0000] {dag.py:3239} INFO - Sync 1 DAGs
[2025-11-10T23:46:29.053+0000] {logging_mixin.py:190} INFO - [2025-11-10T23:46:29.053+0000] {dag.py:4180} INFO - Setting next_dagrun for example_sensors to None, run_after=None
[2025-11-10T23:46:29.068+0000] {processor.py:208} INFO - Processing /home/airflow/.local/lib/python3.12/site-packages/airflow/example_dags/example_sensors.py took 0.054 seconds
[2025-11-10T23:47:00.137+0000] {processor.py:186} INFO - Started process (PID=580) to work on /home/airflow/.local/lib/python3.12/site-packages/airflow/example_dags/example_sensors.py
[2025-11-10T23:47:00.138+0000] {processor.py:914} INFO - Processing file /home/airflow/.local/lib/python3.12/site-packages/airflow/example_dags/example_sensors.py for tasks to queue
[2025-11-10T23:47:00.139+0000] {logging_mixin.py:190} INFO - [2025-11-10T23:47:00.139+0000] {dagbag.py:588} INFO - Filling up the DagBag from /home/airflow/.local/lib/python3.12/site-packages/airflow/example_dags/example_sensors.py
[2025-11-10T23:47:00.146+0000] {processor.py:925} INFO - DAG(s) 'example_sensors' retrieved from /home/airflow/.local/lib/python3.12/site-packages/airflow/example_dags/example_sensors.py
[2025-11-10T23:47:00.163+0000] {logging_mixin.py:190} INFO - [2025-11-10T23:47:00.163+0000] {dag.py:3239} INFO - Sync 1 DAGs
[2025-11-10T23:47:00.171+0000] {logging_mixin.py:190} INFO - [2025-11-10T23:47:00.171+0000] {dag.py:4180} INFO - Setting next_dagrun for example_sensors to None, run_after=None
[2025-11-10T23:47:00.182+0000] {processor.py:208} INFO - Processing /home/airflow/.local/lib/python3.12/site-packages/airflow/example_dags/example_sensors.py took 0.049 seconds
[2025-11-10T23:47:31.343+0000] {processor.py:186} INFO - Started process (PID=644) to work on /home/airflow/.local/lib/python3.12/site-packages/airflow/example_dags/example_sensors.py
[2025-11-10T23:47:31.344+0000] {processor.py:914} INFO - Processing file /home/airflow/.local/lib/python3.12/site-packages/airflow/example_dags/example_sensors.py for tasks to queue
[2025-11-10T23:47:31.345+0000] {logging_mixin.py:190} INFO - [2025-11-10T23:47:31.345+0000] {dagbag.py:588} INFO - Filling up the DagBag from /home/airflow/.local/lib/python3.12/site-packages/airflow/example_dags/example_sensors.py
[2025-11-10T23:47:31.351+0000] {processor.py:925} INFO - DAG(s) 'example_sensors' retrieved from /home/airflow/.local/lib/python3.12/site-packages/airflow/example_dags/example_sensors.py
[2025-11-10T23:47:31.365+0000] {logging_mixin.py:190} INFO - [2025-11-10T23:47:31.365+0000] {dag.py:3239} INFO - Sync 1 DAGs
[2025-11-10T23:47:31.373+0000] {logging_mixin.py:190} INFO - [2025-11-10T23:47:31.373+0000] {dag.py:4180} INFO - Setting next_dagrun for example_sensors to None, run_after=None
[2025-11-10T23:47:31.384+0000] {processor.py:208} INFO - Processing /home/airflow/.local/lib/python3.12/site-packages/airflow/example_dags/example_sensors.py took 0.044 seconds
[2025-11-10T23:48:02.922+0000] {processor.py:186} INFO - Started process (PID=712) to work on /home/airflow/.local/lib/python3.12/site-packages/airflow/example_dags/example_sensors.py
[2025-11-10T23:48:02.923+0000] {processor.py:914} INFO - Processing file /home/airflow/.local/lib/python3.12/site-packages/airflow/example_dags/example_sensors.py for tasks to queue
[2025-11-10T23:48:02.926+0000] {logging_mixin.py:190} INFO - [2025-11-10T23:48:02.925+0000] {dagbag.py:588} INFO - Filling up the DagBag from /home/airflow/.local/lib/python3.12/site-packages/airflow/example_dags/example_sensors.py
[2025-11-10T23:48:02.934+0000] {processor.py:925} INFO - DAG(s) 'example_sensors' retrieved from /home/airflow/.local/lib/python3.12/site-packages/airflow/example_dags/example_sensors.py
[2025-11-10T23:48:02.949+0000] {logging_mixin.py:190} INFO - [2025-11-10T23:48:02.949+0000] {dag.py:3239} INFO - Sync 1 DAGs
[2025-11-10T23:48:02.957+0000] {logging_mixin.py:190} INFO - [2025-11-10T23:48:02.957+0000] {dag.py:4180} INFO - Setting next_dagrun for example_sensors to None, run_after=None
[2025-11-10T23:48:02.966+0000] {processor.py:208} INFO - Processing /home/airflow/.local/lib/python3.12/site-packages/airflow/example_dags/example_sensors.py took 0.050 seconds
[2025-11-10T23:48:34.240+0000] {processor.py:186} INFO - Started process (PID=777) to work on /home/airflow/.local/lib/python3.12/site-packages/airflow/example_dags/example_sensors.py
[2025-11-10T23:48:34.240+0000] {processor.py:914} INFO - Processing file /home/airflow/.local/lib/python3.12/site-packages/airflow/example_dags/example_sensors.py for tasks to queue
[2025-11-10T23:48:34.242+0000] {logging_mixin.py:190} INFO - [2025-11-10T23:48:34.242+0000] {dagbag.py:588} INFO - Filling up the DagBag from /home/airflow/.local/lib/python3.12/site-packages/airflow/example_dags/example_sensors.py
[2025-11-10T23:48:34.249+0000] {processor.py:925} INFO - DAG(s) 'example_sensors' retrieved from /home/airflow/.local/lib/python3.12/site-packages/airflow/example_dags/example_sensors.py
[2025-11-10T23:48:34.274+0000] {logging_mixin.py:190} INFO - [2025-11-10T23:48:34.273+0000] {dag.py:3239} INFO - Sync 1 DAGs
[2025-11-10T23:48:34.291+0000] {logging_mixin.py:190} INFO - [2025-11-10T23:48:34.291+0000] {dag.py:4180} INFO - Setting next_dagrun for example_sensors to None, run_after=None
[2025-11-10T23:48:34.319+0000] {processor.py:208} INFO - Processing /home/airflow/.local/lib/python3.12/site-packages/airflow/example_dags/example_sensors.py took 0.083 seconds
[2025-11-10T23:49:04.726+0000] {processor.py:186} INFO - Started process (PID=842) to work on /home/airflow/.local/lib/python3.12/site-packages/airflow/example_dags/example_sensors.py
[2025-11-10T23:49:04.727+0000] {processor.py:914} INFO - Processing file /home/airflow/.local/lib/python3.12/site-packages/airflow/example_dags/example_sensors.py for tasks to queue
[2025-11-10T23:49:04.728+0000] {logging_mixin.py:190} INFO - [2025-11-10T23:49:04.728+0000] {dagbag.py:588} INFO - Filling up the DagBag from /home/airflow/.local/lib/python3.12/site-packages/airflow/example_dags/example_sensors.py
[2025-11-10T23:49:04.734+0000] {processor.py:925} INFO - DAG(s) 'example_sensors' retrieved from /home/airflow/.local/lib/python3.12/site-packages/airflow/example_dags/example_sensors.py
[2025-11-10T23:49:04.750+0000] {logging_mixin.py:190} INFO - [2025-11-10T23:49:04.750+0000] {dag.py:3239} INFO - Sync 1 DAGs
[2025-11-10T23:49:04.760+0000] {logging_mixin.py:190} INFO - [2025-11-10T23:49:04.760+0000] {dag.py:4180} INFO - Setting next_dagrun for example_sensors to None, run_after=None
[2025-11-10T23:49:04.772+0000] {processor.py:208} INFO - Processing /home/airflow/.local/lib/python3.12/site-packages/airflow/example_dags/example_sensors.py took 0.049 seconds
[2025-11-10T23:49:35.192+0000] {processor.py:186} INFO - Started process (PID=909) to work on /home/airflow/.local/lib/python3.12/site-packages/airflow/example_dags/example_sensors.py
[2025-11-10T23:49:35.194+0000] {processor.py:914} INFO - Processing file /home/airflow/.local/lib/python3.12/site-packages/airflow/example_dags/example_sensors.py for tasks to queue
[2025-11-10T23:49:35.195+0000] {logging_mixin.py:190} INFO - [2025-11-10T23:49:35.195+0000] {dagbag.py:588} INFO - Filling up the DagBag from /home/airflow/.local/lib/python3.12/site-packages/airflow/example_dags/example_sensors.py
[2025-11-10T23:49:35.203+0000] {processor.py:925} INFO - DAG(s) 'example_sensors' retrieved from /home/airflow/.local/lib/python3.12/site-packages/airflow/example_dags/example_sensors.py
[2025-11-10T23:49:35.221+0000] {logging_mixin.py:190} INFO - [2025-11-10T23:49:35.221+0000] {dag.py:3239} INFO - Sync 1 DAGs
[2025-11-10T23:49:35.231+0000] {logging_mixin.py:190} INFO - [2025-11-10T23:49:35.231+0000] {dag.py:4180} INFO - Setting next_dagrun for example_sensors to None, run_after=None
[2025-11-10T23:49:35.244+0000] {processor.py:208} INFO - Processing /home/airflow/.local/lib/python3.12/site-packages/airflow/example_dags/example_sensors.py took 0.057 seconds
[2025-11-10T23:50:05.968+0000] {processor.py:186} INFO - Started process (PID=978) to work on /home/airflow/.local/lib/python3.12/site-packages/airflow/example_dags/example_sensors.py
[2025-11-10T23:50:05.970+0000] {processor.py:914} INFO - Processing file /home/airflow/.local/lib/python3.12/site-packages/airflow/example_dags/example_sensors.py for tasks to queue
[2025-11-10T23:50:05.971+0000] {logging_mixin.py:190} INFO - [2025-11-10T23:50:05.971+0000] {dagbag.py:588} INFO - Filling up the DagBag from /home/airflow/.local/lib/python3.12/site-packages/airflow/example_dags/example_sensors.py
[2025-11-10T23:50:05.977+0000] {processor.py:925} INFO - DAG(s) 'example_sensors' retrieved from /home/airflow/.local/lib/python3.12/site-packages/airflow/example_dags/example_sensors.py
[2025-11-10T23:50:05.993+0000] {logging_mixin.py:190} INFO - [2025-11-10T23:50:05.993+0000] {dag.py:3239} INFO - Sync 1 DAGs
[2025-11-10T23:50:06.002+0000] {logging_mixin.py:190} INFO - [2025-11-10T23:50:06.001+0000] {dag.py:4180} INFO - Setting next_dagrun for example_sensors to None, run_after=None
[2025-11-10T23:50:06.012+0000] {processor.py:208} INFO - Processing /home/airflow/.local/lib/python3.12/site-packages/airflow/example_dags/example_sensors.py took 0.048 seconds
[2025-11-10T23:50:36.524+0000] {processor.py:186} INFO - Started process (PID=1043) to work on /home/airflow/.local/lib/python3.12/site-packages/airflow/example_dags/example_sensors.py
[2025-11-10T23:50:36.525+0000] {processor.py:914} INFO - Processing file /home/airflow/.local/lib/python3.12/site-packages/airflow/example_dags/example_sensors.py for tasks to queue
[2025-11-10T23:50:36.526+0000] {logging_mixin.py:190} INFO - [2025-11-10T23:50:36.526+0000] {dagbag.py:588} INFO - Filling up the DagBag from /home/airflow/.local/lib/python3.12/site-packages/airflow/example_dags/example_sensors.py
[2025-11-10T23:50:36.533+0000] {processor.py:925} INFO - DAG(s) 'example_sensors' retrieved from /home/airflow/.local/lib/python3.12/site-packages/airflow/example_dags/example_sensors.py
[2025-11-10T23:50:36.550+0000] {logging_mixin.py:190} INFO - [2025-11-10T23:50:36.550+0000] {dag.py:3239} INFO - Sync 1 DAGs
[2025-11-10T23:50:36.558+0000] {logging_mixin.py:190} INFO - [2025-11-10T23:50:36.558+0000] {dag.py:4180} INFO - Setting next_dagrun for example_sensors to None, run_after=None
[2025-11-10T23:50:36.570+0000] {processor.py:208} INFO - Processing /home/airflow/.local/lib/python3.12/site-packages/airflow/example_dags/example_sensors.py took 0.049 seconds
[2025-11-10T23:51:07.242+0000] {processor.py:186} INFO - Started process (PID=1110) to work on /home/airflow/.local/lib/python3.12/site-packages/airflow/example_dags/example_sensors.py
[2025-11-10T23:51:07.242+0000] {processor.py:914} INFO - Processing file /home/airflow/.local/lib/python3.12/site-packages/airflow/example_dags/example_sensors.py for tasks to queue
[2025-11-10T23:51:07.243+0000] {logging_mixin.py:190} INFO - [2025-11-10T23:51:07.243+0000] {dagbag.py:588} INFO - Filling up the DagBag from /home/airflow/.local/lib/python3.12/site-packages/airflow/example_dags/example_sensors.py
[2025-11-10T23:51:07.250+0000] {processor.py:925} INFO - DAG(s) 'example_sensors' retrieved from /home/airflow/.local/lib/python3.12/site-packages/airflow/example_dags/example_sensors.py
[2025-11-10T23:51:07.267+0000] {logging_mixin.py:190} INFO - [2025-11-10T23:51:07.267+0000] {dag.py:3239} INFO - Sync 1 DAGs
[2025-11-10T23:51:07.276+0000] {logging_mixin.py:190} INFO - [2025-11-10T23:51:07.276+0000] {dag.py:4180} INFO - Setting next_dagrun for example_sensors to None, run_after=None
[2025-11-10T23:51:07.288+0000] {processor.py:208} INFO - Processing /home/airflow/.local/lib/python3.12/site-packages/airflow/example_dags/example_sensors.py took 0.050 seconds
[2025-11-10T23:51:38.241+0000] {processor.py:186} INFO - Started process (PID=1178) to work on /home/airflow/.local/lib/python3.12/site-packages/airflow/example_dags/example_sensors.py
[2025-11-10T23:51:38.241+0000] {processor.py:914} INFO - Processing file /home/airflow/.local/lib/python3.12/site-packages/airflow/example_dags/example_sensors.py for tasks to queue
[2025-11-10T23:51:38.243+0000] {logging_mixin.py:190} INFO - [2025-11-10T23:51:38.242+0000] {dagbag.py:588} INFO - Filling up the DagBag from /home/airflow/.local/lib/python3.12/site-packages/airflow/example_dags/example_sensors.py
[2025-11-10T23:51:38.250+0000] {processor.py:925} INFO - DAG(s) 'example_sensors' retrieved from /home/airflow/.local/lib/python3.12/site-packages/airflow/example_dags/example_sensors.py
[2025-11-10T23:51:38.266+0000] {logging_mixin.py:190} INFO - [2025-11-10T23:51:38.266+0000] {dag.py:3239} INFO - Sync 1 DAGs
[2025-11-10T23:51:38.277+0000] {logging_mixin.py:190} INFO - [2025-11-10T23:51:38.276+0000] {dag.py:4180} INFO - Setting next_dagrun for example_sensors to None, run_after=None
[2025-11-10T23:51:38.287+0000] {processor.py:208} INFO - Processing /home/airflow/.local/lib/python3.12/site-packages/airflow/example_dags/example_sensors.py took 0.050 seconds
[2025-11-10T23:52:09.744+0000] {processor.py:186} INFO - Started process (PID=1244) to work on /home/airflow/.local/lib/python3.12/site-packages/airflow/example_dags/example_sensors.py
[2025-11-10T23:52:09.745+0000] {processor.py:914} INFO - Processing file /home/airflow/.local/lib/python3.12/site-packages/airflow/example_dags/example_sensors.py for tasks to queue
[2025-11-10T23:52:09.746+0000] {logging_mixin.py:190} INFO - [2025-11-10T23:52:09.746+0000] {dagbag.py:588} INFO - Filling up the DagBag from /home/airflow/.local/lib/python3.12/site-packages/airflow/example_dags/example_sensors.py
[2025-11-10T23:52:09.752+0000] {processor.py:925} INFO - DAG(s) 'example_sensors' retrieved from /home/airflow/.local/lib/python3.12/site-packages/airflow/example_dags/example_sensors.py
[2025-11-10T23:52:09.774+0000] {logging_mixin.py:190} INFO - [2025-11-10T23:52:09.773+0000] {dag.py:3239} INFO - Sync 1 DAGs
[2025-11-10T23:52:09.781+0000] {logging_mixin.py:190} INFO - [2025-11-10T23:52:09.781+0000] {dag.py:4180} INFO - Setting next_dagrun for example_sensors to None, run_after=None
[2025-11-10T23:52:09.790+0000] {processor.py:208} INFO - Processing /home/airflow/.local/lib/python3.12/site-packages/airflow/example_dags/example_sensors.py took 0.050 seconds
[2025-11-10T23:52:41.089+0000] {processor.py:186} INFO - Started process (PID=1310) to work on /home/airflow/.local/lib/python3.12/site-packages/airflow/example_dags/example_sensors.py
[2025-11-10T23:52:41.090+0000] {processor.py:914} INFO - Processing file /home/airflow/.local/lib/python3.12/site-packages/airflow/example_dags/example_sensors.py for tasks to queue
[2025-11-10T23:52:41.091+0000] {logging_mixin.py:190} INFO - [2025-11-10T23:52:41.091+0000] {dagbag.py:588} INFO - Filling up the DagBag from /home/airflow/.local/lib/python3.12/site-packages/airflow/example_dags/example_sensors.py
[2025-11-10T23:52:41.097+0000] {processor.py:925} INFO - DAG(s) 'example_sensors' retrieved from /home/airflow/.local/lib/python3.12/site-packages/airflow/example_dags/example_sensors.py
[2025-11-10T23:52:41.119+0000] {logging_mixin.py:190} INFO - [2025-11-10T23:52:41.119+0000] {dag.py:3239} INFO - Sync 1 DAGs
[2025-11-10T23:52:41.129+0000] {logging_mixin.py:190} INFO - [2025-11-10T23:52:41.129+0000] {dag.py:4180} INFO - Setting next_dagrun for example_sensors to None, run_after=None
[2025-11-10T23:52:41.140+0000] {processor.py:208} INFO - Processing /home/airflow/.local/lib/python3.12/site-packages/airflow/example_dags/example_sensors.py took 0.055 seconds
[2025-11-10T23:53:12.496+0000] {processor.py:186} INFO - Started process (PID=1376) to work on /home/airflow/.local/lib/python3.12/site-packages/airflow/example_dags/example_sensors.py
[2025-11-10T23:53:12.497+0000] {processor.py:914} INFO - Processing file /home/airflow/.local/lib/python3.12/site-packages/airflow/example_dags/example_sensors.py for tasks to queue
[2025-11-10T23:53:12.499+0000] {logging_mixin.py:190} INFO - [2025-11-10T23:53:12.499+0000] {dagbag.py:588} INFO - Filling up the DagBag from /home/airflow/.local/lib/python3.12/site-packages/airflow/example_dags/example_sensors.py
[2025-11-10T23:53:12.509+0000] {processor.py:925} INFO - DAG(s) 'example_sensors' retrieved from /home/airflow/.local/lib/python3.12/site-packages/airflow/example_dags/example_sensors.py
[2025-11-10T23:53:12.525+0000] {logging_mixin.py:190} INFO - [2025-11-10T23:53:12.525+0000] {dag.py:3239} INFO - Sync 1 DAGs
[2025-11-10T23:53:12.533+0000] {logging_mixin.py:190} INFO - [2025-11-10T23:53:12.532+0000] {dag.py:4180} INFO - Setting next_dagrun for example_sensors to None, run_after=None
[2025-11-10T23:53:12.542+0000] {processor.py:208} INFO - Processing /home/airflow/.local/lib/python3.12/site-packages/airflow/example_dags/example_sensors.py took 0.051 seconds
[2025-11-10T23:53:43.291+0000] {processor.py:186} INFO - Started process (PID=1447) to work on /home/airflow/.local/lib/python3.12/site-packages/airflow/example_dags/example_sensors.py
[2025-11-10T23:53:43.293+0000] {processor.py:914} INFO - Processing file /home/airflow/.local/lib/python3.12/site-packages/airflow/example_dags/example_sensors.py for tasks to queue
[2025-11-10T23:53:43.295+0000] {logging_mixin.py:190} INFO - [2025-11-10T23:53:43.295+0000] {dagbag.py:588} INFO - Filling up the DagBag from /home/airflow/.local/lib/python3.12/site-packages/airflow/example_dags/example_sensors.py
[2025-11-10T23:53:43.309+0000] {processor.py:925} INFO - DAG(s) 'example_sensors' retrieved from /home/airflow/.local/lib/python3.12/site-packages/airflow/example_dags/example_sensors.py
[2025-11-10T23:53:43.323+0000] {logging_mixin.py:190} INFO - [2025-11-10T23:53:43.323+0000] {dag.py:3239} INFO - Sync 1 DAGs
[2025-11-10T23:53:43.332+0000] {logging_mixin.py:190} INFO - [2025-11-10T23:53:43.331+0000] {dag.py:4180} INFO - Setting next_dagrun for example_sensors to None, run_after=None
[2025-11-10T23:53:43.345+0000] {processor.py:208} INFO - Processing /home/airflow/.local/lib/python3.12/site-packages/airflow/example_dags/example_sensors.py took 0.060 seconds
[2025-11-10T23:54:14.117+0000] {processor.py:186} INFO - Started process (PID=1513) to work on /home/airflow/.local/lib/python3.12/site-packages/airflow/example_dags/example_sensors.py
[2025-11-10T23:54:14.118+0000] {processor.py:914} INFO - Processing file /home/airflow/.local/lib/python3.12/site-packages/airflow/example_dags/example_sensors.py for tasks to queue
[2025-11-10T23:54:14.120+0000] {logging_mixin.py:190} INFO - [2025-11-10T23:54:14.119+0000] {dagbag.py:588} INFO - Filling up the DagBag from /home/airflow/.local/lib/python3.12/site-packages/airflow/example_dags/example_sensors.py
[2025-11-10T23:54:14.131+0000] {processor.py:925} INFO - DAG(s) 'example_sensors' retrieved from /home/airflow/.local/lib/python3.12/site-packages/airflow/example_dags/example_sensors.py
[2025-11-10T23:54:14.156+0000] {logging_mixin.py:190} INFO - [2025-11-10T23:54:14.156+0000] {dag.py:3239} INFO - Sync 1 DAGs
[2025-11-10T23:54:14.172+0000] {logging_mixin.py:190} INFO - [2025-11-10T23:54:14.172+0000] {dag.py:4180} INFO - Setting next_dagrun for example_sensors to None, run_after=None
[2025-11-10T23:54:14.192+0000] {processor.py:208} INFO - Processing /home/airflow/.local/lib/python3.12/site-packages/airflow/example_dags/example_sensors.py took 0.080 seconds
[2025-11-10T23:54:45.065+0000] {processor.py:186} INFO - Started process (PID=1579) to work on /home/airflow/.local/lib/python3.12/site-packages/airflow/example_dags/example_sensors.py
[2025-11-10T23:54:45.066+0000] {processor.py:914} INFO - Processing file /home/airflow/.local/lib/python3.12/site-packages/airflow/example_dags/example_sensors.py for tasks to queue
[2025-11-10T23:54:45.067+0000] {logging_mixin.py:190} INFO - [2025-11-10T23:54:45.067+0000] {dagbag.py:588} INFO - Filling up the DagBag from /home/airflow/.local/lib/python3.12/site-packages/airflow/example_dags/example_sensors.py
[2025-11-10T23:54:45.075+0000] {processor.py:925} INFO - DAG(s) 'example_sensors' retrieved from /home/airflow/.local/lib/python3.12/site-packages/airflow/example_dags/example_sensors.py
[2025-11-10T23:54:45.089+0000] {logging_mixin.py:190} INFO - [2025-11-10T23:54:45.089+0000] {dag.py:3239} INFO - Sync 1 DAGs
[2025-11-10T23:54:45.097+0000] {logging_mixin.py:190} INFO - [2025-11-10T23:54:45.097+0000] {dag.py:4180} INFO - Setting next_dagrun for example_sensors to None, run_after=None
[2025-11-10T23:54:45.107+0000] {processor.py:208} INFO - Processing /home/airflow/.local/lib/python3.12/site-packages/airflow/example_dags/example_sensors.py took 0.047 seconds
[2025-11-10T23:55:15.655+0000] {processor.py:186} INFO - Started process (PID=1643) to work on /home/airflow/.local/lib/python3.12/site-packages/airflow/example_dags/example_sensors.py
[2025-11-10T23:55:15.655+0000] {processor.py:914} INFO - Processing file /home/airflow/.local/lib/python3.12/site-packages/airflow/example_dags/example_sensors.py for tasks to queue
[2025-11-10T23:55:15.656+0000] {logging_mixin.py:190} INFO - [2025-11-10T23:55:15.656+0000] {dagbag.py:588} INFO - Filling up the DagBag from /home/airflow/.local/lib/python3.12/site-packages/airflow/example_dags/example_sensors.py
[2025-11-10T23:55:15.662+0000] {processor.py:925} INFO - DAG(s) 'example_sensors' retrieved from /home/airflow/.local/lib/python3.12/site-packages/airflow/example_dags/example_sensors.py
[2025-11-10T23:55:15.676+0000] {logging_mixin.py:190} INFO - [2025-11-10T23:55:15.676+0000] {dag.py:3239} INFO - Sync 1 DAGs
[2025-11-10T23:55:15.684+0000] {logging_mixin.py:190} INFO - [2025-11-10T23:55:15.683+0000] {dag.py:4180} INFO - Setting next_dagrun for example_sensors to None, run_after=None
[2025-11-10T23:55:15.694+0000] {processor.py:208} INFO - Processing /home/airflow/.local/lib/python3.12/site-packages/airflow/example_dags/example_sensors.py took 0.043 seconds
[2025-11-10T23:55:46.060+0000] {processor.py:186} INFO - Started process (PID=1707) to work on /home/airflow/.local/lib/python3.12/site-packages/airflow/example_dags/example_sensors.py
[2025-11-10T23:55:46.061+0000] {processor.py:914} INFO - Processing file /home/airflow/.local/lib/python3.12/site-packages/airflow/example_dags/example_sensors.py for tasks to queue
[2025-11-10T23:55:46.061+0000] {logging_mixin.py:190} INFO - [2025-11-10T23:55:46.061+0000] {dagbag.py:588} INFO - Filling up the DagBag from /home/airflow/.local/lib/python3.12/site-packages/airflow/example_dags/example_sensors.py
[2025-11-10T23:55:46.070+0000] {processor.py:925} INFO - DAG(s) 'example_sensors' retrieved from /home/airflow/.local/lib/python3.12/site-packages/airflow/example_dags/example_sensors.py
[2025-11-10T23:55:46.086+0000] {logging_mixin.py:190} INFO - [2025-11-10T23:55:46.085+0000] {dag.py:3239} INFO - Sync 1 DAGs
[2025-11-10T23:55:46.094+0000] {logging_mixin.py:190} INFO - [2025-11-10T23:55:46.093+0000] {dag.py:4180} INFO - Setting next_dagrun for example_sensors to None, run_after=None
[2025-11-10T23:55:46.104+0000] {processor.py:208} INFO - Processing /home/airflow/.local/lib/python3.12/site-packages/airflow/example_dags/example_sensors.py took 0.048 seconds
[2025-11-10T23:56:17.420+0000] {processor.py:186} INFO - Started process (PID=1771) to work on /home/airflow/.local/lib/python3.12/site-packages/airflow/example_dags/example_sensors.py
[2025-11-10T23:56:17.422+0000] {processor.py:914} INFO - Processing file /home/airflow/.local/lib/python3.12/site-packages/airflow/example_dags/example_sensors.py for tasks to queue
[2025-11-10T23:56:17.423+0000] {logging_mixin.py:190} INFO - [2025-11-10T23:56:17.423+0000] {dagbag.py:588} INFO - Filling up the DagBag from /home/airflow/.local/lib/python3.12/site-packages/airflow/example_dags/example_sensors.py
[2025-11-10T23:56:17.430+0000] {processor.py:925} INFO - DAG(s) 'example_sensors' retrieved from /home/airflow/.local/lib/python3.12/site-packages/airflow/example_dags/example_sensors.py
[2025-11-10T23:56:17.447+0000] {logging_mixin.py:190} INFO - [2025-11-10T23:56:17.446+0000] {dag.py:3239} INFO - Sync 1 DAGs
[2025-11-10T23:56:17.456+0000] {logging_mixin.py:190} INFO - [2025-11-10T23:56:17.456+0000] {dag.py:4180} INFO - Setting next_dagrun for example_sensors to None, run_after=None
[2025-11-10T23:56:17.468+0000] {processor.py:208} INFO - Processing /home/airflow/.local/lib/python3.12/site-packages/airflow/example_dags/example_sensors.py took 0.052 seconds
[2025-11-10T23:56:48.622+0000] {processor.py:186} INFO - Started process (PID=1835) to work on /home/airflow/.local/lib/python3.12/site-packages/airflow/example_dags/example_sensors.py
[2025-11-10T23:56:48.623+0000] {processor.py:914} INFO - Processing file /home/airflow/.local/lib/python3.12/site-packages/airflow/example_dags/example_sensors.py for tasks to queue
[2025-11-10T23:56:48.623+0000] {logging_mixin.py:190} INFO - [2025-11-10T23:56:48.623+0000] {dagbag.py:588} INFO - Filling up the DagBag from /home/airflow/.local/lib/python3.12/site-packages/airflow/example_dags/example_sensors.py
[2025-11-10T23:56:48.630+0000] {processor.py:925} INFO - DAG(s) 'example_sensors' retrieved from /home/airflow/.local/lib/python3.12/site-packages/airflow/example_dags/example_sensors.py
[2025-11-10T23:56:48.644+0000] {logging_mixin.py:190} INFO - [2025-11-10T23:56:48.644+0000] {dag.py:3239} INFO - Sync 1 DAGs
[2025-11-10T23:56:48.652+0000] {logging_mixin.py:190} INFO - [2025-11-10T23:56:48.652+0000] {dag.py:4180} INFO - Setting next_dagrun for example_sensors to None, run_after=None
[2025-11-10T23:56:48.662+0000] {processor.py:208} INFO - Processing /home/airflow/.local/lib/python3.12/site-packages/airflow/example_dags/example_sensors.py took 0.044 seconds
[2025-11-10T23:57:19.049+0000] {processor.py:186} INFO - Started process (PID=1899) to work on /home/airflow/.local/lib/python3.12/site-packages/airflow/example_dags/example_sensors.py
[2025-11-10T23:57:19.049+0000] {processor.py:914} INFO - Processing file /home/airflow/.local/lib/python3.12/site-packages/airflow/example_dags/example_sensors.py for tasks to queue
[2025-11-10T23:57:19.050+0000] {logging_mixin.py:190} INFO - [2025-11-10T23:57:19.049+0000] {dagbag.py:588} INFO - Filling up the DagBag from /home/airflow/.local/lib/python3.12/site-packages/airflow/example_dags/example_sensors.py
[2025-11-10T23:57:19.056+0000] {processor.py:925} INFO - DAG(s) 'example_sensors' retrieved from /home/airflow/.local/lib/python3.12/site-packages/airflow/example_dags/example_sensors.py
[2025-11-10T23:57:19.078+0000] {logging_mixin.py:190} INFO - [2025-11-10T23:57:19.078+0000] {dag.py:3239} INFO - Sync 1 DAGs
[2025-11-10T23:57:19.089+0000] {logging_mixin.py:190} INFO - [2025-11-10T23:57:19.089+0000] {dag.py:4180} INFO - Setting next_dagrun for example_sensors to None, run_after=None
[2025-11-10T23:57:19.100+0000] {processor.py:208} INFO - Processing /home/airflow/.local/lib/python3.12/site-packages/airflow/example_dags/example_sensors.py took 0.055 seconds
[2025-11-10T23:57:50.253+0000] {processor.py:186} INFO - Started process (PID=1963) to work on /home/airflow/.local/lib/python3.12/site-packages/airflow/example_dags/example_sensors.py
[2025-11-10T23:57:50.254+0000] {processor.py:914} INFO - Processing file /home/airflow/.local/lib/python3.12/site-packages/airflow/example_dags/example_sensors.py for tasks to queue
[2025-11-10T23:57:50.255+0000] {logging_mixin.py:190} INFO - [2025-11-10T23:57:50.254+0000] {dagbag.py:588} INFO - Filling up the DagBag from /home/airflow/.local/lib/python3.12/site-packages/airflow/example_dags/example_sensors.py
[2025-11-10T23:57:50.261+0000] {processor.py:925} INFO - DAG(s) 'example_sensors' retrieved from /home/airflow/.local/lib/python3.12/site-packages/airflow/example_dags/example_sensors.py
[2025-11-10T23:57:50.276+0000] {logging_mixin.py:190} INFO - [2025-11-10T23:57:50.276+0000] {dag.py:3239} INFO - Sync 1 DAGs
[2025-11-10T23:57:50.283+0000] {logging_mixin.py:190} INFO - [2025-11-10T23:57:50.283+0000] {dag.py:4180} INFO - Setting next_dagrun for example_sensors to None, run_after=None
[2025-11-10T23:57:50.295+0000] {processor.py:208} INFO - Processing /home/airflow/.local/lib/python3.12/site-packages/airflow/example_dags/example_sensors.py took 0.046 seconds
[2025-11-10T23:58:21.369+0000] {processor.py:186} INFO - Started process (PID=2027) to work on /home/airflow/.local/lib/python3.12/site-packages/airflow/example_dags/example_sensors.py
[2025-11-10T23:58:21.370+0000] {processor.py:914} INFO - Processing file /home/airflow/.local/lib/python3.12/site-packages/airflow/example_dags/example_sensors.py for tasks to queue
[2025-11-10T23:58:21.370+0000] {logging_mixin.py:190} INFO - [2025-11-10T23:58:21.370+0000] {dagbag.py:588} INFO - Filling up the DagBag from /home/airflow/.local/lib/python3.12/site-packages/airflow/example_dags/example_sensors.py
[2025-11-10T23:58:21.377+0000] {processor.py:925} INFO - DAG(s) 'example_sensors' retrieved from /home/airflow/.local/lib/python3.12/site-packages/airflow/example_dags/example_sensors.py
[2025-11-10T23:58:21.391+0000] {logging_mixin.py:190} INFO - [2025-11-10T23:58:21.391+0000] {dag.py:3239} INFO - Sync 1 DAGs
[2025-11-10T23:58:21.399+0000] {logging_mixin.py:190} INFO - [2025-11-10T23:58:21.399+0000] {dag.py:4180} INFO - Setting next_dagrun for example_sensors to None, run_after=None
[2025-11-10T23:58:21.410+0000] {processor.py:208} INFO - Processing /home/airflow/.local/lib/python3.12/site-packages/airflow/example_dags/example_sensors.py took 0.044 seconds
[2025-11-10T23:58:52.524+0000] {processor.py:186} INFO - Started process (PID=2091) to work on /home/airflow/.local/lib/python3.12/site-packages/airflow/example_dags/example_sensors.py
[2025-11-10T23:58:52.526+0000] {processor.py:914} INFO - Processing file /home/airflow/.local/lib/python3.12/site-packages/airflow/example_dags/example_sensors.py for tasks to queue
[2025-11-10T23:58:52.527+0000] {logging_mixin.py:190} INFO - [2025-11-10T23:58:52.527+0000] {dagbag.py:588} INFO - Filling up the DagBag from /home/airflow/.local/lib/python3.12/site-packages/airflow/example_dags/example_sensors.py
[2025-11-10T23:58:52.534+0000] {processor.py:925} INFO - DAG(s) 'example_sensors' retrieved from /home/airflow/.local/lib/python3.12/site-packages/airflow/example_dags/example_sensors.py
[2025-11-10T23:58:52.552+0000] {logging_mixin.py:190} INFO - [2025-11-10T23:58:52.552+0000] {dag.py:3239} INFO - Sync 1 DAGs
[2025-11-10T23:58:52.561+0000] {logging_mixin.py:190} INFO - [2025-11-10T23:58:52.561+0000] {dag.py:4180} INFO - Setting next_dagrun for example_sensors to None, run_after=None
[2025-11-10T23:58:52.571+0000] {processor.py:208} INFO - Processing /home/airflow/.local/lib/python3.12/site-packages/airflow/example_dags/example_sensors.py took 0.051 seconds
[2025-11-10T23:59:23.259+0000] {processor.py:186} INFO - Started process (PID=2155) to work on /home/airflow/.local/lib/python3.12/site-packages/airflow/example_dags/example_sensors.py
[2025-11-10T23:59:23.259+0000] {processor.py:914} INFO - Processing file /home/airflow/.local/lib/python3.12/site-packages/airflow/example_dags/example_sensors.py for tasks to queue
[2025-11-10T23:59:23.260+0000] {logging_mixin.py:190} INFO - [2025-11-10T23:59:23.260+0000] {dagbag.py:588} INFO - Filling up the DagBag from /home/airflow/.local/lib/python3.12/site-packages/airflow/example_dags/example_sensors.py
[2025-11-10T23:59:23.267+0000] {processor.py:925} INFO - DAG(s) 'example_sensors' retrieved from /home/airflow/.local/lib/python3.12/site-packages/airflow/example_dags/example_sensors.py
[2025-11-10T23:59:23.285+0000] {logging_mixin.py:190} INFO - [2025-11-10T23:59:23.285+0000] {dag.py:3239} INFO - Sync 1 DAGs
[2025-11-10T23:59:23.293+0000] {logging_mixin.py:190} INFO - [2025-11-10T23:59:23.293+0000] {dag.py:4180} INFO - Setting next_dagrun for example_sensors to None, run_after=None
[2025-11-10T23:59:23.306+0000] {processor.py:208} INFO - Processing /home/airflow/.local/lib/python3.12/site-packages/airflow/example_dags/example_sensors.py took 0.051 seconds
[2025-11-10T23:59:54.490+0000] {processor.py:186} INFO - Started process (PID=2219) to work on /home/airflow/.local/lib/python3.12/site-packages/airflow/example_dags/example_sensors.py
[2025-11-10T23:59:54.492+0000] {processor.py:914} INFO - Processing file /home/airflow/.local/lib/python3.12/site-packages/airflow/example_dags/example_sensors.py for tasks to queue
[2025-11-10T23:59:54.493+0000] {logging_mixin.py:190} INFO - [2025-11-10T23:59:54.493+0000] {dagbag.py:588} INFO - Filling up the DagBag from /home/airflow/.local/lib/python3.12/site-packages/airflow/example_dags/example_sensors.py
[2025-11-10T23:59:54.500+0000] {processor.py:925} INFO - DAG(s) 'example_sensors' retrieved from /home/airflow/.local/lib/python3.12/site-packages/airflow/example_dags/example_sensors.py
[2025-11-10T23:59:54.514+0000] {logging_mixin.py:190} INFO - [2025-11-10T23:59:54.514+0000] {dag.py:3239} INFO - Sync 1 DAGs
[2025-11-10T23:59:54.522+0000] {logging_mixin.py:190} INFO - [2025-11-10T23:59:54.522+0000] {dag.py:4180} INFO - Setting next_dagrun for example_sensors to None, run_after=None
[2025-11-10T23:59:54.532+0000] {processor.py:208} INFO - Processing /home/airflow/.local/lib/python3.12/site-packages/airflow/example_dags/example_sensors.py took 0.046 seconds
