[2025-11-10T23:41:42.437+0000] {processor.py:186} INFO - Started process (PID=123) to work on /home/airflow/.local/lib/python3.12/site-packages/airflow/example_dags/example_branch_python_dop_operator_3.py
[2025-11-10T23:41:42.437+0000] {processor.py:914} INFO - Processing file /home/airflow/.local/lib/python3.12/site-packages/airflow/example_dags/example_branch_python_dop_operator_3.py for tasks to queue
[2025-11-10T23:41:42.439+0000] {logging_mixin.py:190} INFO - [2025-11-10T23:41:42.438+0000] {dagbag.py:588} INFO - Filling up the DagBag from /home/airflow/.local/lib/python3.12/site-packages/airflow/example_dags/example_branch_python_dop_operator_3.py
[2025-11-10T23:41:42.445+0000] {processor.py:925} INFO - DAG(s) 'example_branch_dop_operator_v3' retrieved from /home/airflow/.local/lib/python3.12/site-packages/airflow/example_dags/example_branch_python_dop_operator_3.py
[2025-11-10T23:41:42.461+0000] {logging_mixin.py:190} INFO - [2025-11-10T23:41:42.461+0000] {dag.py:3239} INFO - Sync 1 DAGs
[2025-11-10T23:41:42.477+0000] {logging_mixin.py:190} INFO - [2025-11-10T23:41:42.477+0000] {dag.py:4180} INFO - Setting next_dagrun for example_branch_dop_operator_v3 to 2025-11-10 23:40:00+00:00, run_after=2025-11-10 23:41:00+00:00
[2025-11-10T23:41:42.488+0000] {processor.py:208} INFO - Processing /home/airflow/.local/lib/python3.12/site-packages/airflow/example_dags/example_branch_python_dop_operator_3.py took 0.055 seconds
[2025-11-10T23:42:47.116+0000] {processor.py:186} INFO - Started process (PID=98) to work on /home/airflow/.local/lib/python3.12/site-packages/airflow/example_dags/example_branch_python_dop_operator_3.py
[2025-11-10T23:42:47.118+0000] {processor.py:914} INFO - Processing file /home/airflow/.local/lib/python3.12/site-packages/airflow/example_dags/example_branch_python_dop_operator_3.py for tasks to queue
[2025-11-10T23:42:47.119+0000] {logging_mixin.py:190} INFO - [2025-11-10T23:42:47.119+0000] {dagbag.py:588} INFO - Filling up the DagBag from /home/airflow/.local/lib/python3.12/site-packages/airflow/example_dags/example_branch_python_dop_operator_3.py
[2025-11-10T23:42:47.128+0000] {processor.py:925} INFO - DAG(s) 'example_branch_dop_operator_v3' retrieved from /home/airflow/.local/lib/python3.12/site-packages/airflow/example_dags/example_branch_python_dop_operator_3.py
[2025-11-10T23:42:47.141+0000] {logging_mixin.py:190} INFO - [2025-11-10T23:42:47.140+0000] {dag.py:3239} INFO - Sync 1 DAGs
[2025-11-10T23:42:47.155+0000] {logging_mixin.py:190} INFO - [2025-11-10T23:42:47.155+0000] {dag.py:4180} INFO - Setting next_dagrun for example_branch_dop_operator_v3 to 2025-11-10 23:41:00+00:00, run_after=2025-11-10 23:42:00+00:00
[2025-11-10T23:42:47.172+0000] {processor.py:208} INFO - Processing /home/airflow/.local/lib/python3.12/site-packages/airflow/example_dags/example_branch_python_dop_operator_3.py took 0.058 seconds
[2025-11-10T23:43:18.412+0000] {processor.py:186} INFO - Started process (PID=162) to work on /home/airflow/.local/lib/python3.12/site-packages/airflow/example_dags/example_branch_python_dop_operator_3.py
[2025-11-10T23:43:18.413+0000] {processor.py:914} INFO - Processing file /home/airflow/.local/lib/python3.12/site-packages/airflow/example_dags/example_branch_python_dop_operator_3.py for tasks to queue
[2025-11-10T23:43:18.416+0000] {logging_mixin.py:190} INFO - [2025-11-10T23:43:18.415+0000] {dagbag.py:588} INFO - Filling up the DagBag from /home/airflow/.local/lib/python3.12/site-packages/airflow/example_dags/example_branch_python_dop_operator_3.py
[2025-11-10T23:43:18.424+0000] {processor.py:925} INFO - DAG(s) 'example_branch_dop_operator_v3' retrieved from /home/airflow/.local/lib/python3.12/site-packages/airflow/example_dags/example_branch_python_dop_operator_3.py
[2025-11-10T23:43:18.435+0000] {logging_mixin.py:190} INFO - [2025-11-10T23:43:18.435+0000] {dag.py:3239} INFO - Sync 1 DAGs
[2025-11-10T23:43:18.449+0000] {logging_mixin.py:190} INFO - [2025-11-10T23:43:18.449+0000] {dag.py:4180} INFO - Setting next_dagrun for example_branch_dop_operator_v3 to 2025-11-10 23:42:00+00:00, run_after=2025-11-10 23:43:00+00:00
[2025-11-10T23:43:18.460+0000] {processor.py:208} INFO - Processing /home/airflow/.local/lib/python3.12/site-packages/airflow/example_dags/example_branch_python_dop_operator_3.py took 0.055 seconds
[2025-11-10T23:43:49.860+0000] {processor.py:186} INFO - Started process (PID=226) to work on /home/airflow/.local/lib/python3.12/site-packages/airflow/example_dags/example_branch_python_dop_operator_3.py
[2025-11-10T23:43:49.860+0000] {processor.py:914} INFO - Processing file /home/airflow/.local/lib/python3.12/site-packages/airflow/example_dags/example_branch_python_dop_operator_3.py for tasks to queue
[2025-11-10T23:43:49.861+0000] {logging_mixin.py:190} INFO - [2025-11-10T23:43:49.861+0000] {dagbag.py:588} INFO - Filling up the DagBag from /home/airflow/.local/lib/python3.12/site-packages/airflow/example_dags/example_branch_python_dop_operator_3.py
[2025-11-10T23:43:49.867+0000] {processor.py:925} INFO - DAG(s) 'example_branch_dop_operator_v3' retrieved from /home/airflow/.local/lib/python3.12/site-packages/airflow/example_dags/example_branch_python_dop_operator_3.py
[2025-11-10T23:43:49.882+0000] {logging_mixin.py:190} INFO - [2025-11-10T23:43:49.882+0000] {dag.py:3239} INFO - Sync 1 DAGs
[2025-11-10T23:43:49.903+0000] {logging_mixin.py:190} INFO - [2025-11-10T23:43:49.902+0000] {dag.py:4180} INFO - Setting next_dagrun for example_branch_dop_operator_v3 to 2025-11-10 23:42:00+00:00, run_after=2025-11-10 23:43:00+00:00
[2025-11-10T23:43:49.921+0000] {processor.py:208} INFO - Processing /home/airflow/.local/lib/python3.12/site-packages/airflow/example_dags/example_branch_python_dop_operator_3.py took 0.066 seconds
[2025-11-10T23:44:21.404+0000] {processor.py:186} INFO - Started process (PID=290) to work on /home/airflow/.local/lib/python3.12/site-packages/airflow/example_dags/example_branch_python_dop_operator_3.py
[2025-11-10T23:44:21.405+0000] {processor.py:914} INFO - Processing file /home/airflow/.local/lib/python3.12/site-packages/airflow/example_dags/example_branch_python_dop_operator_3.py for tasks to queue
[2025-11-10T23:44:21.406+0000] {logging_mixin.py:190} INFO - [2025-11-10T23:44:21.406+0000] {dagbag.py:588} INFO - Filling up the DagBag from /home/airflow/.local/lib/python3.12/site-packages/airflow/example_dags/example_branch_python_dop_operator_3.py
[2025-11-10T23:44:21.412+0000] {processor.py:925} INFO - DAG(s) 'example_branch_dop_operator_v3' retrieved from /home/airflow/.local/lib/python3.12/site-packages/airflow/example_dags/example_branch_python_dop_operator_3.py
[2025-11-10T23:44:21.426+0000] {logging_mixin.py:190} INFO - [2025-11-10T23:44:21.426+0000] {dag.py:3239} INFO - Sync 1 DAGs
[2025-11-10T23:44:21.443+0000] {logging_mixin.py:190} INFO - [2025-11-10T23:44:21.443+0000] {dag.py:4180} INFO - Setting next_dagrun for example_branch_dop_operator_v3 to 2025-11-10 23:43:00+00:00, run_after=2025-11-10 23:44:00+00:00
[2025-11-10T23:44:21.456+0000] {processor.py:208} INFO - Processing /home/airflow/.local/lib/python3.12/site-packages/airflow/example_dags/example_branch_python_dop_operator_3.py took 0.055 seconds
[2025-11-10T23:44:53.358+0000] {processor.py:186} INFO - Started process (PID=354) to work on /home/airflow/.local/lib/python3.12/site-packages/airflow/example_dags/example_branch_python_dop_operator_3.py
[2025-11-10T23:44:53.358+0000] {processor.py:914} INFO - Processing file /home/airflow/.local/lib/python3.12/site-packages/airflow/example_dags/example_branch_python_dop_operator_3.py for tasks to queue
[2025-11-10T23:44:53.359+0000] {logging_mixin.py:190} INFO - [2025-11-10T23:44:53.359+0000] {dagbag.py:588} INFO - Filling up the DagBag from /home/airflow/.local/lib/python3.12/site-packages/airflow/example_dags/example_branch_python_dop_operator_3.py
[2025-11-10T23:44:53.366+0000] {processor.py:925} INFO - DAG(s) 'example_branch_dop_operator_v3' retrieved from /home/airflow/.local/lib/python3.12/site-packages/airflow/example_dags/example_branch_python_dop_operator_3.py
[2025-11-10T23:44:53.378+0000] {logging_mixin.py:190} INFO - [2025-11-10T23:44:53.378+0000] {dag.py:3239} INFO - Sync 1 DAGs
[2025-11-10T23:44:53.394+0000] {logging_mixin.py:190} INFO - [2025-11-10T23:44:53.394+0000] {dag.py:4180} INFO - Setting next_dagrun for example_branch_dop_operator_v3 to 2025-11-10 23:43:00+00:00, run_after=2025-11-10 23:44:00+00:00
[2025-11-10T23:44:53.405+0000] {processor.py:208} INFO - Processing /home/airflow/.local/lib/python3.12/site-packages/airflow/example_dags/example_branch_python_dop_operator_3.py took 0.050 seconds
[2025-11-10T23:45:26.081+0000] {processor.py:186} INFO - Started process (PID=418) to work on /home/airflow/.local/lib/python3.12/site-packages/airflow/example_dags/example_branch_python_dop_operator_3.py
[2025-11-10T23:45:26.081+0000] {processor.py:914} INFO - Processing file /home/airflow/.local/lib/python3.12/site-packages/airflow/example_dags/example_branch_python_dop_operator_3.py for tasks to queue
[2025-11-10T23:45:26.082+0000] {logging_mixin.py:190} INFO - [2025-11-10T23:45:26.082+0000] {dagbag.py:588} INFO - Filling up the DagBag from /home/airflow/.local/lib/python3.12/site-packages/airflow/example_dags/example_branch_python_dop_operator_3.py
[2025-11-10T23:45:26.088+0000] {processor.py:925} INFO - DAG(s) 'example_branch_dop_operator_v3' retrieved from /home/airflow/.local/lib/python3.12/site-packages/airflow/example_dags/example_branch_python_dop_operator_3.py
[2025-11-10T23:45:26.100+0000] {logging_mixin.py:190} INFO - [2025-11-10T23:45:26.100+0000] {dag.py:3239} INFO - Sync 1 DAGs
[2025-11-10T23:45:26.116+0000] {logging_mixin.py:190} INFO - [2025-11-10T23:45:26.116+0000] {dag.py:4180} INFO - Setting next_dagrun for example_branch_dop_operator_v3 to 2025-11-10 23:44:00+00:00, run_after=2025-11-10 23:45:00+00:00
[2025-11-10T23:45:26.134+0000] {processor.py:208} INFO - Processing /home/airflow/.local/lib/python3.12/site-packages/airflow/example_dags/example_branch_python_dop_operator_3.py took 0.057 seconds
[2025-11-10T23:46:00.274+0000] {processor.py:186} INFO - Started process (PID=482) to work on /home/airflow/.local/lib/python3.12/site-packages/airflow/example_dags/example_branch_python_dop_operator_3.py
[2025-11-10T23:46:00.279+0000] {processor.py:914} INFO - Processing file /home/airflow/.local/lib/python3.12/site-packages/airflow/example_dags/example_branch_python_dop_operator_3.py for tasks to queue
[2025-11-10T23:46:00.280+0000] {logging_mixin.py:190} INFO - [2025-11-10T23:46:00.280+0000] {dagbag.py:588} INFO - Filling up the DagBag from /home/airflow/.local/lib/python3.12/site-packages/airflow/example_dags/example_branch_python_dop_operator_3.py
[2025-11-10T23:46:00.287+0000] {processor.py:925} INFO - DAG(s) 'example_branch_dop_operator_v3' retrieved from /home/airflow/.local/lib/python3.12/site-packages/airflow/example_dags/example_branch_python_dop_operator_3.py
[2025-11-10T23:46:00.300+0000] {logging_mixin.py:190} INFO - [2025-11-10T23:46:00.300+0000] {dag.py:3239} INFO - Sync 1 DAGs
[2025-11-10T23:46:00.315+0000] {logging_mixin.py:190} INFO - [2025-11-10T23:46:00.315+0000] {dag.py:4180} INFO - Setting next_dagrun for example_branch_dop_operator_v3 to 2025-11-10 23:45:00+00:00, run_after=2025-11-10 23:46:00+00:00
[2025-11-10T23:46:00.330+0000] {processor.py:208} INFO - Processing /home/airflow/.local/lib/python3.12/site-packages/airflow/example_dags/example_branch_python_dop_operator_3.py took 0.059 seconds
[2025-11-10T23:46:31.152+0000] {processor.py:186} INFO - Started process (PID=546) to work on /home/airflow/.local/lib/python3.12/site-packages/airflow/example_dags/example_branch_python_dop_operator_3.py
[2025-11-10T23:46:31.153+0000] {processor.py:914} INFO - Processing file /home/airflow/.local/lib/python3.12/site-packages/airflow/example_dags/example_branch_python_dop_operator_3.py for tasks to queue
[2025-11-10T23:46:31.155+0000] {logging_mixin.py:190} INFO - [2025-11-10T23:46:31.154+0000] {dagbag.py:588} INFO - Filling up the DagBag from /home/airflow/.local/lib/python3.12/site-packages/airflow/example_dags/example_branch_python_dop_operator_3.py
[2025-11-10T23:46:31.163+0000] {processor.py:925} INFO - DAG(s) 'example_branch_dop_operator_v3' retrieved from /home/airflow/.local/lib/python3.12/site-packages/airflow/example_dags/example_branch_python_dop_operator_3.py
[2025-11-10T23:46:31.185+0000] {logging_mixin.py:190} INFO - [2025-11-10T23:46:31.184+0000] {dag.py:3239} INFO - Sync 1 DAGs
[2025-11-10T23:46:31.211+0000] {logging_mixin.py:190} INFO - [2025-11-10T23:46:31.211+0000] {dag.py:4180} INFO - Setting next_dagrun for example_branch_dop_operator_v3 to 2025-11-10 23:45:00+00:00, run_after=2025-11-10 23:46:00+00:00
[2025-11-10T23:46:31.232+0000] {processor.py:208} INFO - Processing /home/airflow/.local/lib/python3.12/site-packages/airflow/example_dags/example_branch_python_dop_operator_3.py took 0.086 seconds
[2025-11-10T23:47:01.857+0000] {processor.py:186} INFO - Started process (PID=610) to work on /home/airflow/.local/lib/python3.12/site-packages/airflow/example_dags/example_branch_python_dop_operator_3.py
[2025-11-10T23:47:01.858+0000] {processor.py:914} INFO - Processing file /home/airflow/.local/lib/python3.12/site-packages/airflow/example_dags/example_branch_python_dop_operator_3.py for tasks to queue
[2025-11-10T23:47:01.859+0000] {logging_mixin.py:190} INFO - [2025-11-10T23:47:01.859+0000] {dagbag.py:588} INFO - Filling up the DagBag from /home/airflow/.local/lib/python3.12/site-packages/airflow/example_dags/example_branch_python_dop_operator_3.py
[2025-11-10T23:47:01.865+0000] {processor.py:925} INFO - DAG(s) 'example_branch_dop_operator_v3' retrieved from /home/airflow/.local/lib/python3.12/site-packages/airflow/example_dags/example_branch_python_dop_operator_3.py
[2025-11-10T23:47:01.879+0000] {logging_mixin.py:190} INFO - [2025-11-10T23:47:01.879+0000] {dag.py:3239} INFO - Sync 1 DAGs
[2025-11-10T23:47:01.898+0000] {logging_mixin.py:190} INFO - [2025-11-10T23:47:01.898+0000] {dag.py:4180} INFO - Setting next_dagrun for example_branch_dop_operator_v3 to 2025-11-10 23:46:00+00:00, run_after=2025-11-10 23:47:00+00:00
[2025-11-10T23:47:01.912+0000] {processor.py:208} INFO - Processing /home/airflow/.local/lib/python3.12/site-packages/airflow/example_dags/example_branch_python_dop_operator_3.py took 0.058 seconds
[2025-11-10T23:47:32.922+0000] {processor.py:186} INFO - Started process (PID=674) to work on /home/airflow/.local/lib/python3.12/site-packages/airflow/example_dags/example_branch_python_dop_operator_3.py
[2025-11-10T23:47:32.922+0000] {processor.py:914} INFO - Processing file /home/airflow/.local/lib/python3.12/site-packages/airflow/example_dags/example_branch_python_dop_operator_3.py for tasks to queue
[2025-11-10T23:47:32.924+0000] {logging_mixin.py:190} INFO - [2025-11-10T23:47:32.924+0000] {dagbag.py:588} INFO - Filling up the DagBag from /home/airflow/.local/lib/python3.12/site-packages/airflow/example_dags/example_branch_python_dop_operator_3.py
[2025-11-10T23:47:32.930+0000] {processor.py:925} INFO - DAG(s) 'example_branch_dop_operator_v3' retrieved from /home/airflow/.local/lib/python3.12/site-packages/airflow/example_dags/example_branch_python_dop_operator_3.py
[2025-11-10T23:47:32.942+0000] {logging_mixin.py:190} INFO - [2025-11-10T23:47:32.942+0000] {dag.py:3239} INFO - Sync 1 DAGs
[2025-11-10T23:47:32.956+0000] {logging_mixin.py:190} INFO - [2025-11-10T23:47:32.956+0000] {dag.py:4180} INFO - Setting next_dagrun for example_branch_dop_operator_v3 to 2025-11-10 23:46:00+00:00, run_after=2025-11-10 23:47:00+00:00
[2025-11-10T23:47:32.969+0000] {processor.py:208} INFO - Processing /home/airflow/.local/lib/python3.12/site-packages/airflow/example_dags/example_branch_python_dop_operator_3.py took 0.050 seconds
[2025-11-10T23:48:04.663+0000] {processor.py:186} INFO - Started process (PID=742) to work on /home/airflow/.local/lib/python3.12/site-packages/airflow/example_dags/example_branch_python_dop_operator_3.py
[2025-11-10T23:48:04.664+0000] {processor.py:914} INFO - Processing file /home/airflow/.local/lib/python3.12/site-packages/airflow/example_dags/example_branch_python_dop_operator_3.py for tasks to queue
[2025-11-10T23:48:04.665+0000] {logging_mixin.py:190} INFO - [2025-11-10T23:48:04.665+0000] {dagbag.py:588} INFO - Filling up the DagBag from /home/airflow/.local/lib/python3.12/site-packages/airflow/example_dags/example_branch_python_dop_operator_3.py
[2025-11-10T23:48:04.672+0000] {processor.py:925} INFO - DAG(s) 'example_branch_dop_operator_v3' retrieved from /home/airflow/.local/lib/python3.12/site-packages/airflow/example_dags/example_branch_python_dop_operator_3.py
[2025-11-10T23:48:04.688+0000] {logging_mixin.py:190} INFO - [2025-11-10T23:48:04.688+0000] {dag.py:3239} INFO - Sync 1 DAGs
[2025-11-10T23:48:04.704+0000] {logging_mixin.py:190} INFO - [2025-11-10T23:48:04.704+0000] {dag.py:4180} INFO - Setting next_dagrun for example_branch_dop_operator_v3 to 2025-11-10 23:47:00+00:00, run_after=2025-11-10 23:48:00+00:00
[2025-11-10T23:48:04.717+0000] {processor.py:208} INFO - Processing /home/airflow/.local/lib/python3.12/site-packages/airflow/example_dags/example_branch_python_dop_operator_3.py took 0.058 seconds
[2025-11-10T23:48:35.975+0000] {processor.py:186} INFO - Started process (PID=807) to work on /home/airflow/.local/lib/python3.12/site-packages/airflow/example_dags/example_branch_python_dop_operator_3.py
[2025-11-10T23:48:35.977+0000] {processor.py:914} INFO - Processing file /home/airflow/.local/lib/python3.12/site-packages/airflow/example_dags/example_branch_python_dop_operator_3.py for tasks to queue
[2025-11-10T23:48:35.978+0000] {logging_mixin.py:190} INFO - [2025-11-10T23:48:35.978+0000] {dagbag.py:588} INFO - Filling up the DagBag from /home/airflow/.local/lib/python3.12/site-packages/airflow/example_dags/example_branch_python_dop_operator_3.py
[2025-11-10T23:48:35.984+0000] {processor.py:925} INFO - DAG(s) 'example_branch_dop_operator_v3' retrieved from /home/airflow/.local/lib/python3.12/site-packages/airflow/example_dags/example_branch_python_dop_operator_3.py
[2025-11-10T23:48:35.997+0000] {logging_mixin.py:190} INFO - [2025-11-10T23:48:35.997+0000] {dag.py:3239} INFO - Sync 1 DAGs
[2025-11-10T23:48:36.012+0000] {logging_mixin.py:190} INFO - [2025-11-10T23:48:36.012+0000] {dag.py:4180} INFO - Setting next_dagrun for example_branch_dop_operator_v3 to 2025-11-10 23:47:00+00:00, run_after=2025-11-10 23:48:00+00:00
[2025-11-10T23:48:36.026+0000] {processor.py:208} INFO - Processing /home/airflow/.local/lib/python3.12/site-packages/airflow/example_dags/example_branch_python_dop_operator_3.py took 0.055 seconds
[2025-11-10T23:49:06.620+0000] {processor.py:186} INFO - Started process (PID=872) to work on /home/airflow/.local/lib/python3.12/site-packages/airflow/example_dags/example_branch_python_dop_operator_3.py
[2025-11-10T23:49:06.621+0000] {processor.py:914} INFO - Processing file /home/airflow/.local/lib/python3.12/site-packages/airflow/example_dags/example_branch_python_dop_operator_3.py for tasks to queue
[2025-11-10T23:49:06.622+0000] {logging_mixin.py:190} INFO - [2025-11-10T23:49:06.622+0000] {dagbag.py:588} INFO - Filling up the DagBag from /home/airflow/.local/lib/python3.12/site-packages/airflow/example_dags/example_branch_python_dop_operator_3.py
[2025-11-10T23:49:06.630+0000] {processor.py:925} INFO - DAG(s) 'example_branch_dop_operator_v3' retrieved from /home/airflow/.local/lib/python3.12/site-packages/airflow/example_dags/example_branch_python_dop_operator_3.py
[2025-11-10T23:49:06.647+0000] {logging_mixin.py:190} INFO - [2025-11-10T23:49:06.647+0000] {dag.py:3239} INFO - Sync 1 DAGs
[2025-11-10T23:49:06.663+0000] {logging_mixin.py:190} INFO - [2025-11-10T23:49:06.663+0000] {dag.py:4180} INFO - Setting next_dagrun for example_branch_dop_operator_v3 to 2025-11-10 23:48:00+00:00, run_after=2025-11-10 23:49:00+00:00
[2025-11-10T23:49:06.680+0000] {processor.py:208} INFO - Processing /home/airflow/.local/lib/python3.12/site-packages/airflow/example_dags/example_branch_python_dop_operator_3.py took 0.064 seconds
[2025-11-10T23:49:37.180+0000] {processor.py:186} INFO - Started process (PID=939) to work on /home/airflow/.local/lib/python3.12/site-packages/airflow/example_dags/example_branch_python_dop_operator_3.py
[2025-11-10T23:49:37.181+0000] {processor.py:914} INFO - Processing file /home/airflow/.local/lib/python3.12/site-packages/airflow/example_dags/example_branch_python_dop_operator_3.py for tasks to queue
[2025-11-10T23:49:37.182+0000] {logging_mixin.py:190} INFO - [2025-11-10T23:49:37.182+0000] {dagbag.py:588} INFO - Filling up the DagBag from /home/airflow/.local/lib/python3.12/site-packages/airflow/example_dags/example_branch_python_dop_operator_3.py
[2025-11-10T23:49:37.188+0000] {processor.py:925} INFO - DAG(s) 'example_branch_dop_operator_v3' retrieved from /home/airflow/.local/lib/python3.12/site-packages/airflow/example_dags/example_branch_python_dop_operator_3.py
[2025-11-10T23:49:37.203+0000] {logging_mixin.py:190} INFO - [2025-11-10T23:49:37.203+0000] {dag.py:3239} INFO - Sync 1 DAGs
[2025-11-10T23:49:37.218+0000] {logging_mixin.py:190} INFO - [2025-11-10T23:49:37.218+0000] {dag.py:4180} INFO - Setting next_dagrun for example_branch_dop_operator_v3 to 2025-11-10 23:48:00+00:00, run_after=2025-11-10 23:49:00+00:00
[2025-11-10T23:49:37.232+0000] {processor.py:208} INFO - Processing /home/airflow/.local/lib/python3.12/site-packages/airflow/example_dags/example_branch_python_dop_operator_3.py took 0.055 seconds
[2025-11-10T23:50:07.782+0000] {processor.py:186} INFO - Started process (PID=1008) to work on /home/airflow/.local/lib/python3.12/site-packages/airflow/example_dags/example_branch_python_dop_operator_3.py
[2025-11-10T23:50:07.784+0000] {processor.py:914} INFO - Processing file /home/airflow/.local/lib/python3.12/site-packages/airflow/example_dags/example_branch_python_dop_operator_3.py for tasks to queue
[2025-11-10T23:50:07.785+0000] {logging_mixin.py:190} INFO - [2025-11-10T23:50:07.785+0000] {dagbag.py:588} INFO - Filling up the DagBag from /home/airflow/.local/lib/python3.12/site-packages/airflow/example_dags/example_branch_python_dop_operator_3.py
[2025-11-10T23:50:07.792+0000] {processor.py:925} INFO - DAG(s) 'example_branch_dop_operator_v3' retrieved from /home/airflow/.local/lib/python3.12/site-packages/airflow/example_dags/example_branch_python_dop_operator_3.py
[2025-11-10T23:50:07.802+0000] {logging_mixin.py:190} INFO - [2025-11-10T23:50:07.802+0000] {dag.py:3239} INFO - Sync 1 DAGs
[2025-11-10T23:50:07.816+0000] {logging_mixin.py:190} INFO - [2025-11-10T23:50:07.816+0000] {dag.py:4180} INFO - Setting next_dagrun for example_branch_dop_operator_v3 to 2025-11-10 23:49:00+00:00, run_after=2025-11-10 23:50:00+00:00
[2025-11-10T23:50:07.828+0000] {processor.py:208} INFO - Processing /home/airflow/.local/lib/python3.12/site-packages/airflow/example_dags/example_branch_python_dop_operator_3.py took 0.049 seconds
[2025-11-10T23:50:38.439+0000] {processor.py:186} INFO - Started process (PID=1073) to work on /home/airflow/.local/lib/python3.12/site-packages/airflow/example_dags/example_branch_python_dop_operator_3.py
[2025-11-10T23:50:38.440+0000] {processor.py:914} INFO - Processing file /home/airflow/.local/lib/python3.12/site-packages/airflow/example_dags/example_branch_python_dop_operator_3.py for tasks to queue
[2025-11-10T23:50:38.442+0000] {logging_mixin.py:190} INFO - [2025-11-10T23:50:38.442+0000] {dagbag.py:588} INFO - Filling up the DagBag from /home/airflow/.local/lib/python3.12/site-packages/airflow/example_dags/example_branch_python_dop_operator_3.py
[2025-11-10T23:50:38.451+0000] {processor.py:925} INFO - DAG(s) 'example_branch_dop_operator_v3' retrieved from /home/airflow/.local/lib/python3.12/site-packages/airflow/example_dags/example_branch_python_dop_operator_3.py
[2025-11-10T23:50:38.467+0000] {logging_mixin.py:190} INFO - [2025-11-10T23:50:38.467+0000] {dag.py:3239} INFO - Sync 1 DAGs
[2025-11-10T23:50:38.489+0000] {logging_mixin.py:190} INFO - [2025-11-10T23:50:38.489+0000] {dag.py:4180} INFO - Setting next_dagrun for example_branch_dop_operator_v3 to 2025-11-10 23:49:00+00:00, run_after=2025-11-10 23:50:00+00:00
[2025-11-10T23:50:38.501+0000] {processor.py:208} INFO - Processing /home/airflow/.local/lib/python3.12/site-packages/airflow/example_dags/example_branch_python_dop_operator_3.py took 0.068 seconds
[2025-11-10T23:51:09.434+0000] {processor.py:186} INFO - Started process (PID=1141) to work on /home/airflow/.local/lib/python3.12/site-packages/airflow/example_dags/example_branch_python_dop_operator_3.py
[2025-11-10T23:51:09.436+0000] {processor.py:914} INFO - Processing file /home/airflow/.local/lib/python3.12/site-packages/airflow/example_dags/example_branch_python_dop_operator_3.py for tasks to queue
[2025-11-10T23:51:09.438+0000] {logging_mixin.py:190} INFO - [2025-11-10T23:51:09.438+0000] {dagbag.py:588} INFO - Filling up the DagBag from /home/airflow/.local/lib/python3.12/site-packages/airflow/example_dags/example_branch_python_dop_operator_3.py
[2025-11-10T23:51:09.444+0000] {processor.py:925} INFO - DAG(s) 'example_branch_dop_operator_v3' retrieved from /home/airflow/.local/lib/python3.12/site-packages/airflow/example_dags/example_branch_python_dop_operator_3.py
[2025-11-10T23:51:09.455+0000] {logging_mixin.py:190} INFO - [2025-11-10T23:51:09.454+0000] {dag.py:3239} INFO - Sync 1 DAGs
[2025-11-10T23:51:09.470+0000] {logging_mixin.py:190} INFO - [2025-11-10T23:51:09.469+0000] {dag.py:4180} INFO - Setting next_dagrun for example_branch_dop_operator_v3 to 2025-11-10 23:50:00+00:00, run_after=2025-11-10 23:51:00+00:00
[2025-11-10T23:51:09.481+0000] {processor.py:208} INFO - Processing /home/airflow/.local/lib/python3.12/site-packages/airflow/example_dags/example_branch_python_dop_operator_3.py took 0.053 seconds
[2025-11-10T23:51:39.649+0000] {processor.py:186} INFO - Started process (PID=1208) to work on /home/airflow/.local/lib/python3.12/site-packages/airflow/example_dags/example_branch_python_dop_operator_3.py
[2025-11-10T23:51:39.651+0000] {processor.py:914} INFO - Processing file /home/airflow/.local/lib/python3.12/site-packages/airflow/example_dags/example_branch_python_dop_operator_3.py for tasks to queue
[2025-11-10T23:51:39.653+0000] {logging_mixin.py:190} INFO - [2025-11-10T23:51:39.653+0000] {dagbag.py:588} INFO - Filling up the DagBag from /home/airflow/.local/lib/python3.12/site-packages/airflow/example_dags/example_branch_python_dop_operator_3.py
[2025-11-10T23:51:39.659+0000] {processor.py:925} INFO - DAG(s) 'example_branch_dop_operator_v3' retrieved from /home/airflow/.local/lib/python3.12/site-packages/airflow/example_dags/example_branch_python_dop_operator_3.py
[2025-11-10T23:51:39.675+0000] {logging_mixin.py:190} INFO - [2025-11-10T23:51:39.675+0000] {dag.py:3239} INFO - Sync 1 DAGs
[2025-11-10T23:51:39.691+0000] {logging_mixin.py:190} INFO - [2025-11-10T23:51:39.691+0000] {dag.py:4180} INFO - Setting next_dagrun for example_branch_dop_operator_v3 to 2025-11-10 23:50:00+00:00, run_after=2025-11-10 23:51:00+00:00
[2025-11-10T23:51:39.703+0000] {processor.py:208} INFO - Processing /home/airflow/.local/lib/python3.12/site-packages/airflow/example_dags/example_branch_python_dop_operator_3.py took 0.057 seconds
[2025-11-10T23:52:12.206+0000] {processor.py:186} INFO - Started process (PID=1274) to work on /home/airflow/.local/lib/python3.12/site-packages/airflow/example_dags/example_branch_python_dop_operator_3.py
[2025-11-10T23:52:12.207+0000] {processor.py:914} INFO - Processing file /home/airflow/.local/lib/python3.12/site-packages/airflow/example_dags/example_branch_python_dop_operator_3.py for tasks to queue
[2025-11-10T23:52:12.209+0000] {logging_mixin.py:190} INFO - [2025-11-10T23:52:12.209+0000] {dagbag.py:588} INFO - Filling up the DagBag from /home/airflow/.local/lib/python3.12/site-packages/airflow/example_dags/example_branch_python_dop_operator_3.py
[2025-11-10T23:52:12.217+0000] {processor.py:925} INFO - DAG(s) 'example_branch_dop_operator_v3' retrieved from /home/airflow/.local/lib/python3.12/site-packages/airflow/example_dags/example_branch_python_dop_operator_3.py
[2025-11-10T23:52:12.233+0000] {logging_mixin.py:190} INFO - [2025-11-10T23:52:12.232+0000] {dag.py:3239} INFO - Sync 1 DAGs
[2025-11-10T23:52:12.248+0000] {logging_mixin.py:190} INFO - [2025-11-10T23:52:12.248+0000] {dag.py:4180} INFO - Setting next_dagrun for example_branch_dop_operator_v3 to 2025-11-10 23:51:00+00:00, run_after=2025-11-10 23:52:00+00:00
[2025-11-10T23:52:12.257+0000] {processor.py:208} INFO - Processing /home/airflow/.local/lib/python3.12/site-packages/airflow/example_dags/example_branch_python_dop_operator_3.py took 0.057 seconds
[2025-11-10T23:52:42.601+0000] {processor.py:186} INFO - Started process (PID=1339) to work on /home/airflow/.local/lib/python3.12/site-packages/airflow/example_dags/example_branch_python_dop_operator_3.py
[2025-11-10T23:52:42.601+0000] {processor.py:914} INFO - Processing file /home/airflow/.local/lib/python3.12/site-packages/airflow/example_dags/example_branch_python_dop_operator_3.py for tasks to queue
[2025-11-10T23:52:42.603+0000] {logging_mixin.py:190} INFO - [2025-11-10T23:52:42.602+0000] {dagbag.py:588} INFO - Filling up the DagBag from /home/airflow/.local/lib/python3.12/site-packages/airflow/example_dags/example_branch_python_dop_operator_3.py
[2025-11-10T23:52:42.609+0000] {processor.py:925} INFO - DAG(s) 'example_branch_dop_operator_v3' retrieved from /home/airflow/.local/lib/python3.12/site-packages/airflow/example_dags/example_branch_python_dop_operator_3.py
[2025-11-10T23:52:42.620+0000] {logging_mixin.py:190} INFO - [2025-11-10T23:52:42.620+0000] {dag.py:3239} INFO - Sync 1 DAGs
[2025-11-10T23:52:42.636+0000] {logging_mixin.py:190} INFO - [2025-11-10T23:52:42.636+0000] {dag.py:4180} INFO - Setting next_dagrun for example_branch_dop_operator_v3 to 2025-11-10 23:51:00+00:00, run_after=2025-11-10 23:52:00+00:00
[2025-11-10T23:52:42.647+0000] {processor.py:208} INFO - Processing /home/airflow/.local/lib/python3.12/site-packages/airflow/example_dags/example_branch_python_dop_operator_3.py took 0.050 seconds
[2025-11-10T23:53:14.380+0000] {processor.py:186} INFO - Started process (PID=1411) to work on /home/airflow/.local/lib/python3.12/site-packages/airflow/example_dags/example_branch_python_dop_operator_3.py
[2025-11-10T23:53:14.382+0000] {processor.py:914} INFO - Processing file /home/airflow/.local/lib/python3.12/site-packages/airflow/example_dags/example_branch_python_dop_operator_3.py for tasks to queue
[2025-11-10T23:53:14.385+0000] {logging_mixin.py:190} INFO - [2025-11-10T23:53:14.384+0000] {dagbag.py:588} INFO - Filling up the DagBag from /home/airflow/.local/lib/python3.12/site-packages/airflow/example_dags/example_branch_python_dop_operator_3.py
[2025-11-10T23:53:14.393+0000] {processor.py:925} INFO - DAG(s) 'example_branch_dop_operator_v3' retrieved from /home/airflow/.local/lib/python3.12/site-packages/airflow/example_dags/example_branch_python_dop_operator_3.py
[2025-11-10T23:53:14.406+0000] {logging_mixin.py:190} INFO - [2025-11-10T23:53:14.405+0000] {dag.py:3239} INFO - Sync 1 DAGs
[2025-11-10T23:53:14.425+0000] {logging_mixin.py:190} INFO - [2025-11-10T23:53:14.424+0000] {dag.py:4180} INFO - Setting next_dagrun for example_branch_dop_operator_v3 to 2025-11-10 23:52:00+00:00, run_after=2025-11-10 23:53:00+00:00
[2025-11-10T23:53:14.441+0000] {processor.py:208} INFO - Processing /home/airflow/.local/lib/python3.12/site-packages/airflow/example_dags/example_branch_python_dop_operator_3.py took 0.065 seconds
[2025-11-10T23:53:44.851+0000] {processor.py:186} INFO - Started process (PID=1476) to work on /home/airflow/.local/lib/python3.12/site-packages/airflow/example_dags/example_branch_python_dop_operator_3.py
[2025-11-10T23:53:44.853+0000] {processor.py:914} INFO - Processing file /home/airflow/.local/lib/python3.12/site-packages/airflow/example_dags/example_branch_python_dop_operator_3.py for tasks to queue
[2025-11-10T23:53:44.855+0000] {logging_mixin.py:190} INFO - [2025-11-10T23:53:44.854+0000] {dagbag.py:588} INFO - Filling up the DagBag from /home/airflow/.local/lib/python3.12/site-packages/airflow/example_dags/example_branch_python_dop_operator_3.py
[2025-11-10T23:53:44.861+0000] {processor.py:925} INFO - DAG(s) 'example_branch_dop_operator_v3' retrieved from /home/airflow/.local/lib/python3.12/site-packages/airflow/example_dags/example_branch_python_dop_operator_3.py
[2025-11-10T23:53:44.878+0000] {logging_mixin.py:190} INFO - [2025-11-10T23:53:44.878+0000] {dag.py:3239} INFO - Sync 1 DAGs
[2025-11-10T23:53:44.898+0000] {logging_mixin.py:190} INFO - [2025-11-10T23:53:44.898+0000] {dag.py:4180} INFO - Setting next_dagrun for example_branch_dop_operator_v3 to 2025-11-10 23:52:00+00:00, run_after=2025-11-10 23:53:00+00:00
[2025-11-10T23:53:44.911+0000] {processor.py:208} INFO - Processing /home/airflow/.local/lib/python3.12/site-packages/airflow/example_dags/example_branch_python_dop_operator_3.py took 0.066 seconds
[2025-11-10T23:54:16.422+0000] {processor.py:186} INFO - Started process (PID=1544) to work on /home/airflow/.local/lib/python3.12/site-packages/airflow/example_dags/example_branch_python_dop_operator_3.py
[2025-11-10T23:54:16.424+0000] {processor.py:914} INFO - Processing file /home/airflow/.local/lib/python3.12/site-packages/airflow/example_dags/example_branch_python_dop_operator_3.py for tasks to queue
[2025-11-10T23:54:16.424+0000] {logging_mixin.py:190} INFO - [2025-11-10T23:54:16.424+0000] {dagbag.py:588} INFO - Filling up the DagBag from /home/airflow/.local/lib/python3.12/site-packages/airflow/example_dags/example_branch_python_dop_operator_3.py
[2025-11-10T23:54:16.431+0000] {processor.py:925} INFO - DAG(s) 'example_branch_dop_operator_v3' retrieved from /home/airflow/.local/lib/python3.12/site-packages/airflow/example_dags/example_branch_python_dop_operator_3.py
[2025-11-10T23:54:16.444+0000] {logging_mixin.py:190} INFO - [2025-11-10T23:54:16.444+0000] {dag.py:3239} INFO - Sync 1 DAGs
[2025-11-10T23:54:16.460+0000] {logging_mixin.py:190} INFO - [2025-11-10T23:54:16.460+0000] {dag.py:4180} INFO - Setting next_dagrun for example_branch_dop_operator_v3 to 2025-11-10 23:53:00+00:00, run_after=2025-11-10 23:54:00+00:00
[2025-11-10T23:54:16.476+0000] {processor.py:208} INFO - Processing /home/airflow/.local/lib/python3.12/site-packages/airflow/example_dags/example_branch_python_dop_operator_3.py took 0.058 seconds
[2025-11-10T23:54:46.970+0000] {processor.py:186} INFO - Started process (PID=1609) to work on /home/airflow/.local/lib/python3.12/site-packages/airflow/example_dags/example_branch_python_dop_operator_3.py
[2025-11-10T23:54:46.970+0000] {processor.py:914} INFO - Processing file /home/airflow/.local/lib/python3.12/site-packages/airflow/example_dags/example_branch_python_dop_operator_3.py for tasks to queue
[2025-11-10T23:54:46.971+0000] {logging_mixin.py:190} INFO - [2025-11-10T23:54:46.971+0000] {dagbag.py:588} INFO - Filling up the DagBag from /home/airflow/.local/lib/python3.12/site-packages/airflow/example_dags/example_branch_python_dop_operator_3.py
[2025-11-10T23:54:46.977+0000] {processor.py:925} INFO - DAG(s) 'example_branch_dop_operator_v3' retrieved from /home/airflow/.local/lib/python3.12/site-packages/airflow/example_dags/example_branch_python_dop_operator_3.py
[2025-11-10T23:54:46.988+0000] {logging_mixin.py:190} INFO - [2025-11-10T23:54:46.988+0000] {dag.py:3239} INFO - Sync 1 DAGs
[2025-11-10T23:54:47.003+0000] {logging_mixin.py:190} INFO - [2025-11-10T23:54:47.003+0000] {dag.py:4180} INFO - Setting next_dagrun for example_branch_dop_operator_v3 to 2025-11-10 23:53:00+00:00, run_after=2025-11-10 23:54:00+00:00
[2025-11-10T23:54:47.014+0000] {processor.py:208} INFO - Processing /home/airflow/.local/lib/python3.12/site-packages/airflow/example_dags/example_branch_python_dop_operator_3.py took 0.047 seconds
[2025-11-10T23:55:17.309+0000] {processor.py:186} INFO - Started process (PID=1672) to work on /home/airflow/.local/lib/python3.12/site-packages/airflow/example_dags/example_branch_python_dop_operator_3.py
[2025-11-10T23:55:17.310+0000] {processor.py:914} INFO - Processing file /home/airflow/.local/lib/python3.12/site-packages/airflow/example_dags/example_branch_python_dop_operator_3.py for tasks to queue
[2025-11-10T23:55:17.311+0000] {logging_mixin.py:190} INFO - [2025-11-10T23:55:17.310+0000] {dagbag.py:588} INFO - Filling up the DagBag from /home/airflow/.local/lib/python3.12/site-packages/airflow/example_dags/example_branch_python_dop_operator_3.py
[2025-11-10T23:55:17.317+0000] {processor.py:925} INFO - DAG(s) 'example_branch_dop_operator_v3' retrieved from /home/airflow/.local/lib/python3.12/site-packages/airflow/example_dags/example_branch_python_dop_operator_3.py
[2025-11-10T23:55:17.330+0000] {logging_mixin.py:190} INFO - [2025-11-10T23:55:17.330+0000] {dag.py:3239} INFO - Sync 1 DAGs
[2025-11-10T23:55:17.347+0000] {logging_mixin.py:190} INFO - [2025-11-10T23:55:17.347+0000] {dag.py:4180} INFO - Setting next_dagrun for example_branch_dop_operator_v3 to 2025-11-10 23:54:00+00:00, run_after=2025-11-10 23:55:00+00:00
[2025-11-10T23:55:17.359+0000] {processor.py:208} INFO - Processing /home/airflow/.local/lib/python3.12/site-packages/airflow/example_dags/example_branch_python_dop_operator_3.py took 0.056 seconds
[2025-11-10T23:55:47.501+0000] {processor.py:186} INFO - Started process (PID=1736) to work on /home/airflow/.local/lib/python3.12/site-packages/airflow/example_dags/example_branch_python_dop_operator_3.py
[2025-11-10T23:55:47.503+0000] {processor.py:914} INFO - Processing file /home/airflow/.local/lib/python3.12/site-packages/airflow/example_dags/example_branch_python_dop_operator_3.py for tasks to queue
[2025-11-10T23:55:47.504+0000] {logging_mixin.py:190} INFO - [2025-11-10T23:55:47.504+0000] {dagbag.py:588} INFO - Filling up the DagBag from /home/airflow/.local/lib/python3.12/site-packages/airflow/example_dags/example_branch_python_dop_operator_3.py
[2025-11-10T23:55:47.511+0000] {processor.py:925} INFO - DAG(s) 'example_branch_dop_operator_v3' retrieved from /home/airflow/.local/lib/python3.12/site-packages/airflow/example_dags/example_branch_python_dop_operator_3.py
[2025-11-10T23:55:47.523+0000] {logging_mixin.py:190} INFO - [2025-11-10T23:55:47.523+0000] {dag.py:3239} INFO - Sync 1 DAGs
[2025-11-10T23:55:47.539+0000] {logging_mixin.py:190} INFO - [2025-11-10T23:55:47.539+0000] {dag.py:4180} INFO - Setting next_dagrun for example_branch_dop_operator_v3 to 2025-11-10 23:54:00+00:00, run_after=2025-11-10 23:55:00+00:00
[2025-11-10T23:55:47.552+0000] {processor.py:208} INFO - Processing /home/airflow/.local/lib/python3.12/site-packages/airflow/example_dags/example_branch_python_dop_operator_3.py took 0.054 seconds
[2025-11-10T23:56:18.812+0000] {processor.py:186} INFO - Started process (PID=1800) to work on /home/airflow/.local/lib/python3.12/site-packages/airflow/example_dags/example_branch_python_dop_operator_3.py
[2025-11-10T23:56:18.812+0000] {processor.py:914} INFO - Processing file /home/airflow/.local/lib/python3.12/site-packages/airflow/example_dags/example_branch_python_dop_operator_3.py for tasks to queue
[2025-11-10T23:56:18.813+0000] {logging_mixin.py:190} INFO - [2025-11-10T23:56:18.813+0000] {dagbag.py:588} INFO - Filling up the DagBag from /home/airflow/.local/lib/python3.12/site-packages/airflow/example_dags/example_branch_python_dop_operator_3.py
[2025-11-10T23:56:18.819+0000] {processor.py:925} INFO - DAG(s) 'example_branch_dop_operator_v3' retrieved from /home/airflow/.local/lib/python3.12/site-packages/airflow/example_dags/example_branch_python_dop_operator_3.py
[2025-11-10T23:56:18.831+0000] {logging_mixin.py:190} INFO - [2025-11-10T23:56:18.831+0000] {dag.py:3239} INFO - Sync 1 DAGs
[2025-11-10T23:56:18.848+0000] {logging_mixin.py:190} INFO - [2025-11-10T23:56:18.847+0000] {dag.py:4180} INFO - Setting next_dagrun for example_branch_dop_operator_v3 to 2025-11-10 23:55:00+00:00, run_after=2025-11-10 23:56:00+00:00
[2025-11-10T23:56:18.858+0000] {processor.py:208} INFO - Processing /home/airflow/.local/lib/python3.12/site-packages/airflow/example_dags/example_branch_python_dop_operator_3.py took 0.050 seconds
[2025-11-10T23:56:50.196+0000] {processor.py:186} INFO - Started process (PID=1864) to work on /home/airflow/.local/lib/python3.12/site-packages/airflow/example_dags/example_branch_python_dop_operator_3.py
[2025-11-10T23:56:50.197+0000] {processor.py:914} INFO - Processing file /home/airflow/.local/lib/python3.12/site-packages/airflow/example_dags/example_branch_python_dop_operator_3.py for tasks to queue
[2025-11-10T23:56:50.197+0000] {logging_mixin.py:190} INFO - [2025-11-10T23:56:50.197+0000] {dagbag.py:588} INFO - Filling up the DagBag from /home/airflow/.local/lib/python3.12/site-packages/airflow/example_dags/example_branch_python_dop_operator_3.py
[2025-11-10T23:56:50.204+0000] {processor.py:925} INFO - DAG(s) 'example_branch_dop_operator_v3' retrieved from /home/airflow/.local/lib/python3.12/site-packages/airflow/example_dags/example_branch_python_dop_operator_3.py
[2025-11-10T23:56:50.215+0000] {logging_mixin.py:190} INFO - [2025-11-10T23:56:50.215+0000] {dag.py:3239} INFO - Sync 1 DAGs
[2025-11-10T23:56:50.230+0000] {logging_mixin.py:190} INFO - [2025-11-10T23:56:50.230+0000] {dag.py:4180} INFO - Setting next_dagrun for example_branch_dop_operator_v3 to 2025-11-10 23:55:00+00:00, run_after=2025-11-10 23:56:00+00:00
[2025-11-10T23:56:50.243+0000] {processor.py:208} INFO - Processing /home/airflow/.local/lib/python3.12/site-packages/airflow/example_dags/example_branch_python_dop_operator_3.py took 0.050 seconds
[2025-11-10T23:57:21.541+0000] {processor.py:186} INFO - Started process (PID=1928) to work on /home/airflow/.local/lib/python3.12/site-packages/airflow/example_dags/example_branch_python_dop_operator_3.py
[2025-11-10T23:57:21.542+0000] {processor.py:914} INFO - Processing file /home/airflow/.local/lib/python3.12/site-packages/airflow/example_dags/example_branch_python_dop_operator_3.py for tasks to queue
[2025-11-10T23:57:21.543+0000] {logging_mixin.py:190} INFO - [2025-11-10T23:57:21.542+0000] {dagbag.py:588} INFO - Filling up the DagBag from /home/airflow/.local/lib/python3.12/site-packages/airflow/example_dags/example_branch_python_dop_operator_3.py
[2025-11-10T23:57:21.549+0000] {processor.py:925} INFO - DAG(s) 'example_branch_dop_operator_v3' retrieved from /home/airflow/.local/lib/python3.12/site-packages/airflow/example_dags/example_branch_python_dop_operator_3.py
[2025-11-10T23:57:21.563+0000] {logging_mixin.py:190} INFO - [2025-11-10T23:57:21.563+0000] {dag.py:3239} INFO - Sync 1 DAGs
[2025-11-10T23:57:21.579+0000] {logging_mixin.py:190} INFO - [2025-11-10T23:57:21.578+0000] {dag.py:4180} INFO - Setting next_dagrun for example_branch_dop_operator_v3 to 2025-11-10 23:56:00+00:00, run_after=2025-11-10 23:57:00+00:00
[2025-11-10T23:57:21.589+0000] {processor.py:208} INFO - Processing /home/airflow/.local/lib/python3.12/site-packages/airflow/example_dags/example_branch_python_dop_operator_3.py took 0.051 seconds
[2025-11-10T23:57:52.809+0000] {processor.py:186} INFO - Started process (PID=1993) to work on /home/airflow/.local/lib/python3.12/site-packages/airflow/example_dags/example_branch_python_dop_operator_3.py
[2025-11-10T23:57:52.809+0000] {processor.py:914} INFO - Processing file /home/airflow/.local/lib/python3.12/site-packages/airflow/example_dags/example_branch_python_dop_operator_3.py for tasks to queue
[2025-11-10T23:57:52.810+0000] {logging_mixin.py:190} INFO - [2025-11-10T23:57:52.810+0000] {dagbag.py:588} INFO - Filling up the DagBag from /home/airflow/.local/lib/python3.12/site-packages/airflow/example_dags/example_branch_python_dop_operator_3.py
[2025-11-10T23:57:52.816+0000] {processor.py:925} INFO - DAG(s) 'example_branch_dop_operator_v3' retrieved from /home/airflow/.local/lib/python3.12/site-packages/airflow/example_dags/example_branch_python_dop_operator_3.py
[2025-11-10T23:57:52.828+0000] {logging_mixin.py:190} INFO - [2025-11-10T23:57:52.828+0000] {dag.py:3239} INFO - Sync 1 DAGs
[2025-11-10T23:57:52.844+0000] {logging_mixin.py:190} INFO - [2025-11-10T23:57:52.844+0000] {dag.py:4180} INFO - Setting next_dagrun for example_branch_dop_operator_v3 to 2025-11-10 23:56:00+00:00, run_after=2025-11-10 23:57:00+00:00
[2025-11-10T23:57:52.856+0000] {processor.py:208} INFO - Processing /home/airflow/.local/lib/python3.12/site-packages/airflow/example_dags/example_branch_python_dop_operator_3.py took 0.051 seconds
[2025-11-10T23:58:23.938+0000] {processor.py:186} INFO - Started process (PID=2057) to work on /home/airflow/.local/lib/python3.12/site-packages/airflow/example_dags/example_branch_python_dop_operator_3.py
[2025-11-10T23:58:23.940+0000] {processor.py:914} INFO - Processing file /home/airflow/.local/lib/python3.12/site-packages/airflow/example_dags/example_branch_python_dop_operator_3.py for tasks to queue
[2025-11-10T23:58:23.941+0000] {logging_mixin.py:190} INFO - [2025-11-10T23:58:23.940+0000] {dagbag.py:588} INFO - Filling up the DagBag from /home/airflow/.local/lib/python3.12/site-packages/airflow/example_dags/example_branch_python_dop_operator_3.py
[2025-11-10T23:58:23.947+0000] {processor.py:925} INFO - DAG(s) 'example_branch_dop_operator_v3' retrieved from /home/airflow/.local/lib/python3.12/site-packages/airflow/example_dags/example_branch_python_dop_operator_3.py
[2025-11-10T23:58:23.962+0000] {logging_mixin.py:190} INFO - [2025-11-10T23:58:23.962+0000] {dag.py:3239} INFO - Sync 1 DAGs
[2025-11-10T23:58:23.980+0000] {logging_mixin.py:190} INFO - [2025-11-10T23:58:23.980+0000] {dag.py:4180} INFO - Setting next_dagrun for example_branch_dop_operator_v3 to 2025-11-10 23:57:00+00:00, run_after=2025-11-10 23:58:00+00:00
[2025-11-10T23:58:23.996+0000] {processor.py:208} INFO - Processing /home/airflow/.local/lib/python3.12/site-packages/airflow/example_dags/example_branch_python_dop_operator_3.py took 0.062 seconds
[2025-11-10T23:58:55.693+0000] {processor.py:186} INFO - Started process (PID=2122) to work on /home/airflow/.local/lib/python3.12/site-packages/airflow/example_dags/example_branch_python_dop_operator_3.py
[2025-11-10T23:58:55.694+0000] {processor.py:914} INFO - Processing file /home/airflow/.local/lib/python3.12/site-packages/airflow/example_dags/example_branch_python_dop_operator_3.py for tasks to queue
[2025-11-10T23:58:55.695+0000] {logging_mixin.py:190} INFO - [2025-11-10T23:58:55.694+0000] {dagbag.py:588} INFO - Filling up the DagBag from /home/airflow/.local/lib/python3.12/site-packages/airflow/example_dags/example_branch_python_dop_operator_3.py
[2025-11-10T23:58:55.702+0000] {processor.py:925} INFO - DAG(s) 'example_branch_dop_operator_v3' retrieved from /home/airflow/.local/lib/python3.12/site-packages/airflow/example_dags/example_branch_python_dop_operator_3.py
[2025-11-10T23:58:55.715+0000] {logging_mixin.py:190} INFO - [2025-11-10T23:58:55.714+0000] {dag.py:3239} INFO - Sync 1 DAGs
[2025-11-10T23:58:55.730+0000] {logging_mixin.py:190} INFO - [2025-11-10T23:58:55.730+0000] {dag.py:4180} INFO - Setting next_dagrun for example_branch_dop_operator_v3 to 2025-11-10 23:57:00+00:00, run_after=2025-11-10 23:58:00+00:00
[2025-11-10T23:58:55.742+0000] {processor.py:208} INFO - Processing /home/airflow/.local/lib/python3.12/site-packages/airflow/example_dags/example_branch_python_dop_operator_3.py took 0.057 seconds
[2025-11-10T23:59:26.075+0000] {processor.py:186} INFO - Started process (PID=2186) to work on /home/airflow/.local/lib/python3.12/site-packages/airflow/example_dags/example_branch_python_dop_operator_3.py
[2025-11-10T23:59:26.076+0000] {processor.py:914} INFO - Processing file /home/airflow/.local/lib/python3.12/site-packages/airflow/example_dags/example_branch_python_dop_operator_3.py for tasks to queue
[2025-11-10T23:59:26.076+0000] {logging_mixin.py:190} INFO - [2025-11-10T23:59:26.076+0000] {dagbag.py:588} INFO - Filling up the DagBag from /home/airflow/.local/lib/python3.12/site-packages/airflow/example_dags/example_branch_python_dop_operator_3.py
[2025-11-10T23:59:26.083+0000] {processor.py:925} INFO - DAG(s) 'example_branch_dop_operator_v3' retrieved from /home/airflow/.local/lib/python3.12/site-packages/airflow/example_dags/example_branch_python_dop_operator_3.py
[2025-11-10T23:59:26.096+0000] {logging_mixin.py:190} INFO - [2025-11-10T23:59:26.096+0000] {dag.py:3239} INFO - Sync 1 DAGs
[2025-11-10T23:59:26.111+0000] {logging_mixin.py:190} INFO - [2025-11-10T23:59:26.111+0000] {dag.py:4180} INFO - Setting next_dagrun for example_branch_dop_operator_v3 to 2025-11-10 23:58:00+00:00, run_after=2025-11-10 23:59:00+00:00
[2025-11-10T23:59:26.124+0000] {processor.py:208} INFO - Processing /home/airflow/.local/lib/python3.12/site-packages/airflow/example_dags/example_branch_python_dop_operator_3.py took 0.052 seconds
[2025-11-10T23:59:57.047+0000] {processor.py:186} INFO - Started process (PID=2250) to work on /home/airflow/.local/lib/python3.12/site-packages/airflow/example_dags/example_branch_python_dop_operator_3.py
[2025-11-10T23:59:57.048+0000] {processor.py:914} INFO - Processing file /home/airflow/.local/lib/python3.12/site-packages/airflow/example_dags/example_branch_python_dop_operator_3.py for tasks to queue
[2025-11-10T23:59:57.048+0000] {logging_mixin.py:190} INFO - [2025-11-10T23:59:57.048+0000] {dagbag.py:588} INFO - Filling up the DagBag from /home/airflow/.local/lib/python3.12/site-packages/airflow/example_dags/example_branch_python_dop_operator_3.py
[2025-11-10T23:59:57.054+0000] {processor.py:925} INFO - DAG(s) 'example_branch_dop_operator_v3' retrieved from /home/airflow/.local/lib/python3.12/site-packages/airflow/example_dags/example_branch_python_dop_operator_3.py
[2025-11-10T23:59:57.068+0000] {logging_mixin.py:190} INFO - [2025-11-10T23:59:57.068+0000] {dag.py:3239} INFO - Sync 1 DAGs
[2025-11-10T23:59:57.083+0000] {logging_mixin.py:190} INFO - [2025-11-10T23:59:57.083+0000] {dag.py:4180} INFO - Setting next_dagrun for example_branch_dop_operator_v3 to 2025-11-10 23:58:00+00:00, run_after=2025-11-10 23:59:00+00:00
[2025-11-10T23:59:57.094+0000] {processor.py:208} INFO - Processing /home/airflow/.local/lib/python3.12/site-packages/airflow/example_dags/example_branch_python_dop_operator_3.py took 0.050 seconds
