[2025-11-10T23:41:40.268+0000] {processor.py:186} INFO - Started process (PID=84) to work on /home/airflow/.local/lib/python3.12/site-packages/airflow/example_dags/example_nested_branch_dag.py
[2025-11-10T23:41:40.268+0000] {processor.py:914} INFO - Processing file /home/airflow/.local/lib/python3.12/site-packages/airflow/example_dags/example_nested_branch_dag.py for tasks to queue
[2025-11-10T23:41:40.269+0000] {logging_mixin.py:190} INFO - [2025-11-10T23:41:40.269+0000] {dagbag.py:588} INFO - Filling up the DagBag from /home/airflow/.local/lib/python3.12/site-packages/airflow/example_dags/example_nested_branch_dag.py
[2025-11-10T23:41:40.276+0000] {processor.py:925} INFO - DAG(s) 'example_nested_branch_dag' retrieved from /home/airflow/.local/lib/python3.12/site-packages/airflow/example_dags/example_nested_branch_dag.py
[2025-11-10T23:41:40.294+0000] {logging_mixin.py:190} INFO - [2025-11-10T23:41:40.294+0000] {dag.py:3239} INFO - Sync 1 DAGs
[2025-11-10T23:41:40.308+0000] {logging_mixin.py:190} INFO - [2025-11-10T23:41:40.308+0000] {dag.py:4180} INFO - Setting next_dagrun for example_nested_branch_dag to 2025-11-09 00:00:00+00:00, run_after=2025-11-10 00:00:00+00:00
[2025-11-10T23:41:40.318+0000] {processor.py:208} INFO - Processing /home/airflow/.local/lib/python3.12/site-packages/airflow/example_dags/example_nested_branch_dag.py took 0.054 seconds
[2025-11-10T23:42:42.424+0000] {processor.py:186} INFO - Started process (PID=59) to work on /home/airflow/.local/lib/python3.12/site-packages/airflow/example_dags/example_nested_branch_dag.py
[2025-11-10T23:42:42.438+0000] {processor.py:914} INFO - Processing file /home/airflow/.local/lib/python3.12/site-packages/airflow/example_dags/example_nested_branch_dag.py for tasks to queue
[2025-11-10T23:42:42.440+0000] {logging_mixin.py:190} INFO - [2025-11-10T23:42:42.439+0000] {dagbag.py:588} INFO - Filling up the DagBag from /home/airflow/.local/lib/python3.12/site-packages/airflow/example_dags/example_nested_branch_dag.py
[2025-11-10T23:42:42.448+0000] {processor.py:925} INFO - DAG(s) 'example_nested_branch_dag' retrieved from /home/airflow/.local/lib/python3.12/site-packages/airflow/example_dags/example_nested_branch_dag.py
[2025-11-10T23:42:42.643+0000] {logging_mixin.py:190} INFO - [2025-11-10T23:42:42.642+0000] {dag.py:3239} INFO - Sync 1 DAGs
[2025-11-10T23:42:42.923+0000] {logging_mixin.py:190} INFO - [2025-11-10T23:42:42.923+0000] {dag.py:4180} INFO - Setting next_dagrun for example_nested_branch_dag to 2025-11-09 00:00:00+00:00, run_after=2025-11-10 00:00:00+00:00
[2025-11-10T23:42:43.089+0000] {processor.py:208} INFO - Processing /home/airflow/.local/lib/python3.12/site-packages/airflow/example_dags/example_nested_branch_dag.py took 0.668 seconds
[2025-11-10T23:43:13.951+0000] {processor.py:186} INFO - Started process (PID=122) to work on /home/airflow/.local/lib/python3.12/site-packages/airflow/example_dags/example_nested_branch_dag.py
[2025-11-10T23:43:13.952+0000] {processor.py:914} INFO - Processing file /home/airflow/.local/lib/python3.12/site-packages/airflow/example_dags/example_nested_branch_dag.py for tasks to queue
[2025-11-10T23:43:13.953+0000] {logging_mixin.py:190} INFO - [2025-11-10T23:43:13.953+0000] {dagbag.py:588} INFO - Filling up the DagBag from /home/airflow/.local/lib/python3.12/site-packages/airflow/example_dags/example_nested_branch_dag.py
[2025-11-10T23:43:13.965+0000] {processor.py:925} INFO - DAG(s) 'example_nested_branch_dag' retrieved from /home/airflow/.local/lib/python3.12/site-packages/airflow/example_dags/example_nested_branch_dag.py
[2025-11-10T23:43:13.980+0000] {logging_mixin.py:190} INFO - [2025-11-10T23:43:13.980+0000] {dag.py:3239} INFO - Sync 1 DAGs
[2025-11-10T23:43:13.994+0000] {logging_mixin.py:190} INFO - [2025-11-10T23:43:13.994+0000] {dag.py:4180} INFO - Setting next_dagrun for example_nested_branch_dag to 2025-11-09 00:00:00+00:00, run_after=2025-11-10 00:00:00+00:00
[2025-11-10T23:43:14.008+0000] {processor.py:208} INFO - Processing /home/airflow/.local/lib/python3.12/site-packages/airflow/example_dags/example_nested_branch_dag.py took 0.061 seconds
[2025-11-10T23:43:44.187+0000] {processor.py:186} INFO - Started process (PID=185) to work on /home/airflow/.local/lib/python3.12/site-packages/airflow/example_dags/example_nested_branch_dag.py
[2025-11-10T23:43:44.187+0000] {processor.py:914} INFO - Processing file /home/airflow/.local/lib/python3.12/site-packages/airflow/example_dags/example_nested_branch_dag.py for tasks to queue
[2025-11-10T23:43:44.188+0000] {logging_mixin.py:190} INFO - [2025-11-10T23:43:44.188+0000] {dagbag.py:588} INFO - Filling up the DagBag from /home/airflow/.local/lib/python3.12/site-packages/airflow/example_dags/example_nested_branch_dag.py
[2025-11-10T23:43:44.195+0000] {processor.py:925} INFO - DAG(s) 'example_nested_branch_dag' retrieved from /home/airflow/.local/lib/python3.12/site-packages/airflow/example_dags/example_nested_branch_dag.py
[2025-11-10T23:43:44.207+0000] {logging_mixin.py:190} INFO - [2025-11-10T23:43:44.207+0000] {dag.py:3239} INFO - Sync 1 DAGs
[2025-11-10T23:43:44.219+0000] {logging_mixin.py:190} INFO - [2025-11-10T23:43:44.219+0000] {dag.py:4180} INFO - Setting next_dagrun for example_nested_branch_dag to 2025-11-09 00:00:00+00:00, run_after=2025-11-10 00:00:00+00:00
[2025-11-10T23:43:44.230+0000] {processor.py:208} INFO - Processing /home/airflow/.local/lib/python3.12/site-packages/airflow/example_dags/example_nested_branch_dag.py took 0.047 seconds
[2025-11-10T23:44:14.891+0000] {processor.py:186} INFO - Started process (PID=249) to work on /home/airflow/.local/lib/python3.12/site-packages/airflow/example_dags/example_nested_branch_dag.py
[2025-11-10T23:44:14.892+0000] {processor.py:914} INFO - Processing file /home/airflow/.local/lib/python3.12/site-packages/airflow/example_dags/example_nested_branch_dag.py for tasks to queue
[2025-11-10T23:44:14.893+0000] {logging_mixin.py:190} INFO - [2025-11-10T23:44:14.893+0000] {dagbag.py:588} INFO - Filling up the DagBag from /home/airflow/.local/lib/python3.12/site-packages/airflow/example_dags/example_nested_branch_dag.py
[2025-11-10T23:44:14.900+0000] {processor.py:925} INFO - DAG(s) 'example_nested_branch_dag' retrieved from /home/airflow/.local/lib/python3.12/site-packages/airflow/example_dags/example_nested_branch_dag.py
[2025-11-10T23:44:14.918+0000] {logging_mixin.py:190} INFO - [2025-11-10T23:44:14.918+0000] {dag.py:3239} INFO - Sync 1 DAGs
[2025-11-10T23:44:14.942+0000] {logging_mixin.py:190} INFO - [2025-11-10T23:44:14.942+0000] {dag.py:4180} INFO - Setting next_dagrun for example_nested_branch_dag to 2025-11-09 00:00:00+00:00, run_after=2025-11-10 00:00:00+00:00
[2025-11-10T23:44:14.961+0000] {processor.py:208} INFO - Processing /home/airflow/.local/lib/python3.12/site-packages/airflow/example_dags/example_nested_branch_dag.py took 0.074 seconds
[2025-11-10T23:44:45.332+0000] {processor.py:186} INFO - Started process (PID=313) to work on /home/airflow/.local/lib/python3.12/site-packages/airflow/example_dags/example_nested_branch_dag.py
[2025-11-10T23:44:45.333+0000] {processor.py:914} INFO - Processing file /home/airflow/.local/lib/python3.12/site-packages/airflow/example_dags/example_nested_branch_dag.py for tasks to queue
[2025-11-10T23:44:45.334+0000] {logging_mixin.py:190} INFO - [2025-11-10T23:44:45.334+0000] {dagbag.py:588} INFO - Filling up the DagBag from /home/airflow/.local/lib/python3.12/site-packages/airflow/example_dags/example_nested_branch_dag.py
[2025-11-10T23:44:45.341+0000] {processor.py:925} INFO - DAG(s) 'example_nested_branch_dag' retrieved from /home/airflow/.local/lib/python3.12/site-packages/airflow/example_dags/example_nested_branch_dag.py
[2025-11-10T23:44:45.354+0000] {logging_mixin.py:190} INFO - [2025-11-10T23:44:45.354+0000] {dag.py:3239} INFO - Sync 1 DAGs
[2025-11-10T23:44:45.368+0000] {logging_mixin.py:190} INFO - [2025-11-10T23:44:45.368+0000] {dag.py:4180} INFO - Setting next_dagrun for example_nested_branch_dag to 2025-11-09 00:00:00+00:00, run_after=2025-11-10 00:00:00+00:00
[2025-11-10T23:44:45.378+0000] {processor.py:208} INFO - Processing /home/airflow/.local/lib/python3.12/site-packages/airflow/example_dags/example_nested_branch_dag.py took 0.049 seconds
[2025-11-10T23:45:16.089+0000] {processor.py:186} INFO - Started process (PID=377) to work on /home/airflow/.local/lib/python3.12/site-packages/airflow/example_dags/example_nested_branch_dag.py
[2025-11-10T23:45:16.089+0000] {processor.py:914} INFO - Processing file /home/airflow/.local/lib/python3.12/site-packages/airflow/example_dags/example_nested_branch_dag.py for tasks to queue
[2025-11-10T23:45:16.091+0000] {logging_mixin.py:190} INFO - [2025-11-10T23:45:16.091+0000] {dagbag.py:588} INFO - Filling up the DagBag from /home/airflow/.local/lib/python3.12/site-packages/airflow/example_dags/example_nested_branch_dag.py
[2025-11-10T23:45:16.098+0000] {processor.py:925} INFO - DAG(s) 'example_nested_branch_dag' retrieved from /home/airflow/.local/lib/python3.12/site-packages/airflow/example_dags/example_nested_branch_dag.py
[2025-11-10T23:45:16.110+0000] {logging_mixin.py:190} INFO - [2025-11-10T23:45:16.110+0000] {dag.py:3239} INFO - Sync 1 DAGs
[2025-11-10T23:45:16.123+0000] {logging_mixin.py:190} INFO - [2025-11-10T23:45:16.123+0000] {dag.py:4180} INFO - Setting next_dagrun for example_nested_branch_dag to 2025-11-09 00:00:00+00:00, run_after=2025-11-10 00:00:00+00:00
[2025-11-10T23:45:16.134+0000] {processor.py:208} INFO - Processing /home/airflow/.local/lib/python3.12/site-packages/airflow/example_dags/example_nested_branch_dag.py took 0.050 seconds
[2025-11-10T23:45:58.108+0000] {processor.py:186} INFO - Started process (PID=443) to work on /home/airflow/.local/lib/python3.12/site-packages/airflow/example_dags/example_nested_branch_dag.py
[2025-11-10T23:45:58.108+0000] {processor.py:914} INFO - Processing file /home/airflow/.local/lib/python3.12/site-packages/airflow/example_dags/example_nested_branch_dag.py for tasks to queue
[2025-11-10T23:45:58.110+0000] {logging_mixin.py:190} INFO - [2025-11-10T23:45:58.109+0000] {dagbag.py:588} INFO - Filling up the DagBag from /home/airflow/.local/lib/python3.12/site-packages/airflow/example_dags/example_nested_branch_dag.py
[2025-11-10T23:45:58.117+0000] {processor.py:925} INFO - DAG(s) 'example_nested_branch_dag' retrieved from /home/airflow/.local/lib/python3.12/site-packages/airflow/example_dags/example_nested_branch_dag.py
[2025-11-10T23:45:58.131+0000] {logging_mixin.py:190} INFO - [2025-11-10T23:45:58.131+0000] {dag.py:3239} INFO - Sync 1 DAGs
[2025-11-10T23:45:58.147+0000] {logging_mixin.py:190} INFO - [2025-11-10T23:45:58.146+0000] {dag.py:4180} INFO - Setting next_dagrun for example_nested_branch_dag to 2025-11-09 00:00:00+00:00, run_after=2025-11-10 00:00:00+00:00
[2025-11-10T23:45:58.158+0000] {processor.py:208} INFO - Processing /home/airflow/.local/lib/python3.12/site-packages/airflow/example_dags/example_nested_branch_dag.py took 0.054 seconds
[2025-11-10T23:46:28.523+0000] {processor.py:186} INFO - Started process (PID=507) to work on /home/airflow/.local/lib/python3.12/site-packages/airflow/example_dags/example_nested_branch_dag.py
[2025-11-10T23:46:28.523+0000] {processor.py:914} INFO - Processing file /home/airflow/.local/lib/python3.12/site-packages/airflow/example_dags/example_nested_branch_dag.py for tasks to queue
[2025-11-10T23:46:28.524+0000] {logging_mixin.py:190} INFO - [2025-11-10T23:46:28.524+0000] {dagbag.py:588} INFO - Filling up the DagBag from /home/airflow/.local/lib/python3.12/site-packages/airflow/example_dags/example_nested_branch_dag.py
[2025-11-10T23:46:28.531+0000] {processor.py:925} INFO - DAG(s) 'example_nested_branch_dag' retrieved from /home/airflow/.local/lib/python3.12/site-packages/airflow/example_dags/example_nested_branch_dag.py
[2025-11-10T23:46:28.545+0000] {logging_mixin.py:190} INFO - [2025-11-10T23:46:28.544+0000] {dag.py:3239} INFO - Sync 1 DAGs
[2025-11-10T23:46:28.562+0000] {logging_mixin.py:190} INFO - [2025-11-10T23:46:28.562+0000] {dag.py:4180} INFO - Setting next_dagrun for example_nested_branch_dag to 2025-11-09 00:00:00+00:00, run_after=2025-11-10 00:00:00+00:00
[2025-11-10T23:46:28.574+0000] {processor.py:208} INFO - Processing /home/airflow/.local/lib/python3.12/site-packages/airflow/example_dags/example_nested_branch_dag.py took 0.055 seconds
[2025-11-10T23:46:59.739+0000] {processor.py:186} INFO - Started process (PID=571) to work on /home/airflow/.local/lib/python3.12/site-packages/airflow/example_dags/example_nested_branch_dag.py
[2025-11-10T23:46:59.739+0000] {processor.py:914} INFO - Processing file /home/airflow/.local/lib/python3.12/site-packages/airflow/example_dags/example_nested_branch_dag.py for tasks to queue
[2025-11-10T23:46:59.741+0000] {logging_mixin.py:190} INFO - [2025-11-10T23:46:59.740+0000] {dagbag.py:588} INFO - Filling up the DagBag from /home/airflow/.local/lib/python3.12/site-packages/airflow/example_dags/example_nested_branch_dag.py
[2025-11-10T23:46:59.748+0000] {processor.py:925} INFO - DAG(s) 'example_nested_branch_dag' retrieved from /home/airflow/.local/lib/python3.12/site-packages/airflow/example_dags/example_nested_branch_dag.py
[2025-11-10T23:46:59.761+0000] {logging_mixin.py:190} INFO - [2025-11-10T23:46:59.761+0000] {dag.py:3239} INFO - Sync 1 DAGs
[2025-11-10T23:46:59.775+0000] {logging_mixin.py:190} INFO - [2025-11-10T23:46:59.775+0000] {dag.py:4180} INFO - Setting next_dagrun for example_nested_branch_dag to 2025-11-09 00:00:00+00:00, run_after=2025-11-10 00:00:00+00:00
[2025-11-10T23:46:59.785+0000] {processor.py:208} INFO - Processing /home/airflow/.local/lib/python3.12/site-packages/airflow/example_dags/example_nested_branch_dag.py took 0.050 seconds
[2025-11-10T23:47:31.042+0000] {processor.py:186} INFO - Started process (PID=635) to work on /home/airflow/.local/lib/python3.12/site-packages/airflow/example_dags/example_nested_branch_dag.py
[2025-11-10T23:47:31.043+0000] {processor.py:914} INFO - Processing file /home/airflow/.local/lib/python3.12/site-packages/airflow/example_dags/example_nested_branch_dag.py for tasks to queue
[2025-11-10T23:47:31.044+0000] {logging_mixin.py:190} INFO - [2025-11-10T23:47:31.044+0000] {dagbag.py:588} INFO - Filling up the DagBag from /home/airflow/.local/lib/python3.12/site-packages/airflow/example_dags/example_nested_branch_dag.py
[2025-11-10T23:47:31.051+0000] {processor.py:925} INFO - DAG(s) 'example_nested_branch_dag' retrieved from /home/airflow/.local/lib/python3.12/site-packages/airflow/example_dags/example_nested_branch_dag.py
[2025-11-10T23:47:31.065+0000] {logging_mixin.py:190} INFO - [2025-11-10T23:47:31.065+0000] {dag.py:3239} INFO - Sync 1 DAGs
[2025-11-10T23:47:31.079+0000] {logging_mixin.py:190} INFO - [2025-11-10T23:47:31.079+0000] {dag.py:4180} INFO - Setting next_dagrun for example_nested_branch_dag to 2025-11-09 00:00:00+00:00, run_after=2025-11-10 00:00:00+00:00
[2025-11-10T23:47:31.090+0000] {processor.py:208} INFO - Processing /home/airflow/.local/lib/python3.12/site-packages/airflow/example_dags/example_nested_branch_dag.py took 0.052 seconds
[2025-11-10T23:48:02.483+0000] {processor.py:186} INFO - Started process (PID=703) to work on /home/airflow/.local/lib/python3.12/site-packages/airflow/example_dags/example_nested_branch_dag.py
[2025-11-10T23:48:02.484+0000] {processor.py:914} INFO - Processing file /home/airflow/.local/lib/python3.12/site-packages/airflow/example_dags/example_nested_branch_dag.py for tasks to queue
[2025-11-10T23:48:02.485+0000] {logging_mixin.py:190} INFO - [2025-11-10T23:48:02.485+0000] {dagbag.py:588} INFO - Filling up the DagBag from /home/airflow/.local/lib/python3.12/site-packages/airflow/example_dags/example_nested_branch_dag.py
[2025-11-10T23:48:02.492+0000] {processor.py:925} INFO - DAG(s) 'example_nested_branch_dag' retrieved from /home/airflow/.local/lib/python3.12/site-packages/airflow/example_dags/example_nested_branch_dag.py
[2025-11-10T23:48:02.510+0000] {logging_mixin.py:190} INFO - [2025-11-10T23:48:02.509+0000] {dag.py:3239} INFO - Sync 1 DAGs
[2025-11-10T23:48:02.528+0000] {logging_mixin.py:190} INFO - [2025-11-10T23:48:02.528+0000] {dag.py:4180} INFO - Setting next_dagrun for example_nested_branch_dag to 2025-11-09 00:00:00+00:00, run_after=2025-11-10 00:00:00+00:00
[2025-11-10T23:48:02.541+0000] {processor.py:208} INFO - Processing /home/airflow/.local/lib/python3.12/site-packages/airflow/example_dags/example_nested_branch_dag.py took 0.061 seconds
[2025-11-10T23:48:33.809+0000] {processor.py:186} INFO - Started process (PID=768) to work on /home/airflow/.local/lib/python3.12/site-packages/airflow/example_dags/example_nested_branch_dag.py
[2025-11-10T23:48:33.809+0000] {processor.py:914} INFO - Processing file /home/airflow/.local/lib/python3.12/site-packages/airflow/example_dags/example_nested_branch_dag.py for tasks to queue
[2025-11-10T23:48:33.810+0000] {logging_mixin.py:190} INFO - [2025-11-10T23:48:33.810+0000] {dagbag.py:588} INFO - Filling up the DagBag from /home/airflow/.local/lib/python3.12/site-packages/airflow/example_dags/example_nested_branch_dag.py
[2025-11-10T23:48:33.818+0000] {processor.py:925} INFO - DAG(s) 'example_nested_branch_dag' retrieved from /home/airflow/.local/lib/python3.12/site-packages/airflow/example_dags/example_nested_branch_dag.py
[2025-11-10T23:48:33.838+0000] {logging_mixin.py:190} INFO - [2025-11-10T23:48:33.838+0000] {dag.py:3239} INFO - Sync 1 DAGs
[2025-11-10T23:48:33.857+0000] {logging_mixin.py:190} INFO - [2025-11-10T23:48:33.856+0000] {dag.py:4180} INFO - Setting next_dagrun for example_nested_branch_dag to 2025-11-09 00:00:00+00:00, run_after=2025-11-10 00:00:00+00:00
[2025-11-10T23:48:33.872+0000] {processor.py:208} INFO - Processing /home/airflow/.local/lib/python3.12/site-packages/airflow/example_dags/example_nested_branch_dag.py took 0.069 seconds
[2025-11-10T23:49:04.300+0000] {processor.py:186} INFO - Started process (PID=833) to work on /home/airflow/.local/lib/python3.12/site-packages/airflow/example_dags/example_nested_branch_dag.py
[2025-11-10T23:49:04.302+0000] {processor.py:914} INFO - Processing file /home/airflow/.local/lib/python3.12/site-packages/airflow/example_dags/example_nested_branch_dag.py for tasks to queue
[2025-11-10T23:49:04.303+0000] {logging_mixin.py:190} INFO - [2025-11-10T23:49:04.303+0000] {dagbag.py:588} INFO - Filling up the DagBag from /home/airflow/.local/lib/python3.12/site-packages/airflow/example_dags/example_nested_branch_dag.py
[2025-11-10T23:49:04.310+0000] {processor.py:925} INFO - DAG(s) 'example_nested_branch_dag' retrieved from /home/airflow/.local/lib/python3.12/site-packages/airflow/example_dags/example_nested_branch_dag.py
[2025-11-10T23:49:04.323+0000] {logging_mixin.py:190} INFO - [2025-11-10T23:49:04.322+0000] {dag.py:3239} INFO - Sync 1 DAGs
[2025-11-10T23:49:04.336+0000] {logging_mixin.py:190} INFO - [2025-11-10T23:49:04.336+0000] {dag.py:4180} INFO - Setting next_dagrun for example_nested_branch_dag to 2025-11-09 00:00:00+00:00, run_after=2025-11-10 00:00:00+00:00
[2025-11-10T23:49:04.347+0000] {processor.py:208} INFO - Processing /home/airflow/.local/lib/python3.12/site-packages/airflow/example_dags/example_nested_branch_dag.py took 0.053 seconds
[2025-11-10T23:49:34.577+0000] {processor.py:186} INFO - Started process (PID=899) to work on /home/airflow/.local/lib/python3.12/site-packages/airflow/example_dags/example_nested_branch_dag.py
[2025-11-10T23:49:34.578+0000] {processor.py:914} INFO - Processing file /home/airflow/.local/lib/python3.12/site-packages/airflow/example_dags/example_nested_branch_dag.py for tasks to queue
[2025-11-10T23:49:34.579+0000] {logging_mixin.py:190} INFO - [2025-11-10T23:49:34.579+0000] {dagbag.py:588} INFO - Filling up the DagBag from /home/airflow/.local/lib/python3.12/site-packages/airflow/example_dags/example_nested_branch_dag.py
[2025-11-10T23:49:34.585+0000] {processor.py:925} INFO - DAG(s) 'example_nested_branch_dag' retrieved from /home/airflow/.local/lib/python3.12/site-packages/airflow/example_dags/example_nested_branch_dag.py
[2025-11-10T23:49:34.600+0000] {logging_mixin.py:190} INFO - [2025-11-10T23:49:34.600+0000] {dag.py:3239} INFO - Sync 1 DAGs
[2025-11-10T23:49:34.614+0000] {logging_mixin.py:190} INFO - [2025-11-10T23:49:34.614+0000] {dag.py:4180} INFO - Setting next_dagrun for example_nested_branch_dag to 2025-11-09 00:00:00+00:00, run_after=2025-11-10 00:00:00+00:00
[2025-11-10T23:49:34.631+0000] {processor.py:208} INFO - Processing /home/airflow/.local/lib/python3.12/site-packages/airflow/example_dags/example_nested_branch_dag.py took 0.057 seconds
[2025-11-10T23:50:05.669+0000] {processor.py:186} INFO - Started process (PID=969) to work on /home/airflow/.local/lib/python3.12/site-packages/airflow/example_dags/example_nested_branch_dag.py
[2025-11-10T23:50:05.670+0000] {processor.py:914} INFO - Processing file /home/airflow/.local/lib/python3.12/site-packages/airflow/example_dags/example_nested_branch_dag.py for tasks to queue
[2025-11-10T23:50:05.671+0000] {logging_mixin.py:190} INFO - [2025-11-10T23:50:05.671+0000] {dagbag.py:588} INFO - Filling up the DagBag from /home/airflow/.local/lib/python3.12/site-packages/airflow/example_dags/example_nested_branch_dag.py
[2025-11-10T23:50:05.678+0000] {processor.py:925} INFO - DAG(s) 'example_nested_branch_dag' retrieved from /home/airflow/.local/lib/python3.12/site-packages/airflow/example_dags/example_nested_branch_dag.py
[2025-11-10T23:50:05.694+0000] {logging_mixin.py:190} INFO - [2025-11-10T23:50:05.694+0000] {dag.py:3239} INFO - Sync 1 DAGs
[2025-11-10T23:50:05.708+0000] {logging_mixin.py:190} INFO - [2025-11-10T23:50:05.708+0000] {dag.py:4180} INFO - Setting next_dagrun for example_nested_branch_dag to 2025-11-09 00:00:00+00:00, run_after=2025-11-10 00:00:00+00:00
[2025-11-10T23:50:05.722+0000] {processor.py:208} INFO - Processing /home/airflow/.local/lib/python3.12/site-packages/airflow/example_dags/example_nested_branch_dag.py took 0.058 seconds
[2025-11-10T23:50:36.211+0000] {processor.py:186} INFO - Started process (PID=1034) to work on /home/airflow/.local/lib/python3.12/site-packages/airflow/example_dags/example_nested_branch_dag.py
[2025-11-10T23:50:36.211+0000] {processor.py:914} INFO - Processing file /home/airflow/.local/lib/python3.12/site-packages/airflow/example_dags/example_nested_branch_dag.py for tasks to queue
[2025-11-10T23:50:36.213+0000] {logging_mixin.py:190} INFO - [2025-11-10T23:50:36.212+0000] {dagbag.py:588} INFO - Filling up the DagBag from /home/airflow/.local/lib/python3.12/site-packages/airflow/example_dags/example_nested_branch_dag.py
[2025-11-10T23:50:36.220+0000] {processor.py:925} INFO - DAG(s) 'example_nested_branch_dag' retrieved from /home/airflow/.local/lib/python3.12/site-packages/airflow/example_dags/example_nested_branch_dag.py
[2025-11-10T23:50:36.236+0000] {logging_mixin.py:190} INFO - [2025-11-10T23:50:36.235+0000] {dag.py:3239} INFO - Sync 1 DAGs
[2025-11-10T23:50:36.250+0000] {logging_mixin.py:190} INFO - [2025-11-10T23:50:36.249+0000] {dag.py:4180} INFO - Setting next_dagrun for example_nested_branch_dag to 2025-11-09 00:00:00+00:00, run_after=2025-11-10 00:00:00+00:00
[2025-11-10T23:50:36.261+0000] {processor.py:208} INFO - Processing /home/airflow/.local/lib/python3.12/site-packages/airflow/example_dags/example_nested_branch_dag.py took 0.053 seconds
[2025-11-10T23:51:06.793+0000] {processor.py:186} INFO - Started process (PID=1101) to work on /home/airflow/.local/lib/python3.12/site-packages/airflow/example_dags/example_nested_branch_dag.py
[2025-11-10T23:51:06.794+0000] {processor.py:914} INFO - Processing file /home/airflow/.local/lib/python3.12/site-packages/airflow/example_dags/example_nested_branch_dag.py for tasks to queue
[2025-11-10T23:51:06.796+0000] {logging_mixin.py:190} INFO - [2025-11-10T23:51:06.795+0000] {dagbag.py:588} INFO - Filling up the DagBag from /home/airflow/.local/lib/python3.12/site-packages/airflow/example_dags/example_nested_branch_dag.py
[2025-11-10T23:51:06.803+0000] {processor.py:925} INFO - DAG(s) 'example_nested_branch_dag' retrieved from /home/airflow/.local/lib/python3.12/site-packages/airflow/example_dags/example_nested_branch_dag.py
[2025-11-10T23:51:06.816+0000] {logging_mixin.py:190} INFO - [2025-11-10T23:51:06.816+0000] {dag.py:3239} INFO - Sync 1 DAGs
[2025-11-10T23:51:06.830+0000] {logging_mixin.py:190} INFO - [2025-11-10T23:51:06.830+0000] {dag.py:4180} INFO - Setting next_dagrun for example_nested_branch_dag to 2025-11-09 00:00:00+00:00, run_after=2025-11-10 00:00:00+00:00
[2025-11-10T23:51:06.841+0000] {processor.py:208} INFO - Processing /home/airflow/.local/lib/python3.12/site-packages/airflow/example_dags/example_nested_branch_dag.py took 0.053 seconds
[2025-11-10T23:51:37.827+0000] {processor.py:186} INFO - Started process (PID=1169) to work on /home/airflow/.local/lib/python3.12/site-packages/airflow/example_dags/example_nested_branch_dag.py
[2025-11-10T23:51:37.828+0000] {processor.py:914} INFO - Processing file /home/airflow/.local/lib/python3.12/site-packages/airflow/example_dags/example_nested_branch_dag.py for tasks to queue
[2025-11-10T23:51:37.829+0000] {logging_mixin.py:190} INFO - [2025-11-10T23:51:37.829+0000] {dagbag.py:588} INFO - Filling up the DagBag from /home/airflow/.local/lib/python3.12/site-packages/airflow/example_dags/example_nested_branch_dag.py
[2025-11-10T23:51:37.845+0000] {processor.py:925} INFO - DAG(s) 'example_nested_branch_dag' retrieved from /home/airflow/.local/lib/python3.12/site-packages/airflow/example_dags/example_nested_branch_dag.py
[2025-11-10T23:51:37.872+0000] {logging_mixin.py:190} INFO - [2025-11-10T23:51:37.871+0000] {dag.py:3239} INFO - Sync 1 DAGs
[2025-11-10T23:51:37.901+0000] {logging_mixin.py:190} INFO - [2025-11-10T23:51:37.901+0000] {dag.py:4180} INFO - Setting next_dagrun for example_nested_branch_dag to 2025-11-09 00:00:00+00:00, run_after=2025-11-10 00:00:00+00:00
[2025-11-10T23:51:37.927+0000] {processor.py:208} INFO - Processing /home/airflow/.local/lib/python3.12/site-packages/airflow/example_dags/example_nested_branch_dag.py took 0.103 seconds
[2025-11-10T23:52:09.449+0000] {processor.py:186} INFO - Started process (PID=1235) to work on /home/airflow/.local/lib/python3.12/site-packages/airflow/example_dags/example_nested_branch_dag.py
[2025-11-10T23:52:09.449+0000] {processor.py:914} INFO - Processing file /home/airflow/.local/lib/python3.12/site-packages/airflow/example_dags/example_nested_branch_dag.py for tasks to queue
[2025-11-10T23:52:09.451+0000] {logging_mixin.py:190} INFO - [2025-11-10T23:52:09.450+0000] {dagbag.py:588} INFO - Filling up the DagBag from /home/airflow/.local/lib/python3.12/site-packages/airflow/example_dags/example_nested_branch_dag.py
[2025-11-10T23:52:09.458+0000] {processor.py:925} INFO - DAG(s) 'example_nested_branch_dag' retrieved from /home/airflow/.local/lib/python3.12/site-packages/airflow/example_dags/example_nested_branch_dag.py
[2025-11-10T23:52:09.475+0000] {logging_mixin.py:190} INFO - [2025-11-10T23:52:09.474+0000] {dag.py:3239} INFO - Sync 1 DAGs
[2025-11-10T23:52:09.491+0000] {logging_mixin.py:190} INFO - [2025-11-10T23:52:09.491+0000] {dag.py:4180} INFO - Setting next_dagrun for example_nested_branch_dag to 2025-11-09 00:00:00+00:00, run_after=2025-11-10 00:00:00+00:00
[2025-11-10T23:52:09.501+0000] {processor.py:208} INFO - Processing /home/airflow/.local/lib/python3.12/site-packages/airflow/example_dags/example_nested_branch_dag.py took 0.056 seconds
[2025-11-10T23:52:40.791+0000] {processor.py:186} INFO - Started process (PID=1301) to work on /home/airflow/.local/lib/python3.12/site-packages/airflow/example_dags/example_nested_branch_dag.py
[2025-11-10T23:52:40.792+0000] {processor.py:914} INFO - Processing file /home/airflow/.local/lib/python3.12/site-packages/airflow/example_dags/example_nested_branch_dag.py for tasks to queue
[2025-11-10T23:52:40.794+0000] {logging_mixin.py:190} INFO - [2025-11-10T23:52:40.793+0000] {dagbag.py:588} INFO - Filling up the DagBag from /home/airflow/.local/lib/python3.12/site-packages/airflow/example_dags/example_nested_branch_dag.py
[2025-11-10T23:52:40.802+0000] {processor.py:925} INFO - DAG(s) 'example_nested_branch_dag' retrieved from /home/airflow/.local/lib/python3.12/site-packages/airflow/example_dags/example_nested_branch_dag.py
[2025-11-10T23:52:40.815+0000] {logging_mixin.py:190} INFO - [2025-11-10T23:52:40.815+0000] {dag.py:3239} INFO - Sync 1 DAGs
[2025-11-10T23:52:40.829+0000] {logging_mixin.py:190} INFO - [2025-11-10T23:52:40.829+0000] {dag.py:4180} INFO - Setting next_dagrun for example_nested_branch_dag to 2025-11-09 00:00:00+00:00, run_after=2025-11-10 00:00:00+00:00
[2025-11-10T23:52:40.841+0000] {processor.py:208} INFO - Processing /home/airflow/.local/lib/python3.12/site-packages/airflow/example_dags/example_nested_branch_dag.py took 0.056 seconds
[2025-11-10T23:53:12.125+0000] {processor.py:186} INFO - Started process (PID=1367) to work on /home/airflow/.local/lib/python3.12/site-packages/airflow/example_dags/example_nested_branch_dag.py
[2025-11-10T23:53:12.126+0000] {processor.py:914} INFO - Processing file /home/airflow/.local/lib/python3.12/site-packages/airflow/example_dags/example_nested_branch_dag.py for tasks to queue
[2025-11-10T23:53:12.127+0000] {logging_mixin.py:190} INFO - [2025-11-10T23:53:12.127+0000] {dagbag.py:588} INFO - Filling up the DagBag from /home/airflow/.local/lib/python3.12/site-packages/airflow/example_dags/example_nested_branch_dag.py
[2025-11-10T23:53:12.134+0000] {processor.py:925} INFO - DAG(s) 'example_nested_branch_dag' retrieved from /home/airflow/.local/lib/python3.12/site-packages/airflow/example_dags/example_nested_branch_dag.py
[2025-11-10T23:53:12.145+0000] {logging_mixin.py:190} INFO - [2025-11-10T23:53:12.145+0000] {dag.py:3239} INFO - Sync 1 DAGs
[2025-11-10T23:53:12.158+0000] {logging_mixin.py:190} INFO - [2025-11-10T23:53:12.158+0000] {dag.py:4180} INFO - Setting next_dagrun for example_nested_branch_dag to 2025-11-09 00:00:00+00:00, run_after=2025-11-10 00:00:00+00:00
[2025-11-10T23:53:12.170+0000] {processor.py:208} INFO - Processing /home/airflow/.local/lib/python3.12/site-packages/airflow/example_dags/example_nested_branch_dag.py took 0.048 seconds
[2025-11-10T23:53:42.864+0000] {processor.py:186} INFO - Started process (PID=1438) to work on /home/airflow/.local/lib/python3.12/site-packages/airflow/example_dags/example_nested_branch_dag.py
[2025-11-10T23:53:42.865+0000] {processor.py:914} INFO - Processing file /home/airflow/.local/lib/python3.12/site-packages/airflow/example_dags/example_nested_branch_dag.py for tasks to queue
[2025-11-10T23:53:42.867+0000] {logging_mixin.py:190} INFO - [2025-11-10T23:53:42.867+0000] {dagbag.py:588} INFO - Filling up the DagBag from /home/airflow/.local/lib/python3.12/site-packages/airflow/example_dags/example_nested_branch_dag.py
[2025-11-10T23:53:42.881+0000] {processor.py:925} INFO - DAG(s) 'example_nested_branch_dag' retrieved from /home/airflow/.local/lib/python3.12/site-packages/airflow/example_dags/example_nested_branch_dag.py
[2025-11-10T23:53:42.902+0000] {logging_mixin.py:190} INFO - [2025-11-10T23:53:42.901+0000] {dag.py:3239} INFO - Sync 1 DAGs
[2025-11-10T23:53:42.921+0000] {logging_mixin.py:190} INFO - [2025-11-10T23:53:42.921+0000] {dag.py:4180} INFO - Setting next_dagrun for example_nested_branch_dag to 2025-11-09 00:00:00+00:00, run_after=2025-11-10 00:00:00+00:00
[2025-11-10T23:53:42.944+0000] {processor.py:208} INFO - Processing /home/airflow/.local/lib/python3.12/site-packages/airflow/example_dags/example_nested_branch_dag.py took 0.087 seconds
[2025-11-10T23:54:13.830+0000] {processor.py:186} INFO - Started process (PID=1504) to work on /home/airflow/.local/lib/python3.12/site-packages/airflow/example_dags/example_nested_branch_dag.py
[2025-11-10T23:54:13.831+0000] {processor.py:914} INFO - Processing file /home/airflow/.local/lib/python3.12/site-packages/airflow/example_dags/example_nested_branch_dag.py for tasks to queue
[2025-11-10T23:54:13.832+0000] {logging_mixin.py:190} INFO - [2025-11-10T23:54:13.832+0000] {dagbag.py:588} INFO - Filling up the DagBag from /home/airflow/.local/lib/python3.12/site-packages/airflow/example_dags/example_nested_branch_dag.py
[2025-11-10T23:54:13.843+0000] {processor.py:925} INFO - DAG(s) 'example_nested_branch_dag' retrieved from /home/airflow/.local/lib/python3.12/site-packages/airflow/example_dags/example_nested_branch_dag.py
[2025-11-10T23:54:13.857+0000] {logging_mixin.py:190} INFO - [2025-11-10T23:54:13.857+0000] {dag.py:3239} INFO - Sync 1 DAGs
[2025-11-10T23:54:13.871+0000] {logging_mixin.py:190} INFO - [2025-11-10T23:54:13.871+0000] {dag.py:4180} INFO - Setting next_dagrun for example_nested_branch_dag to 2025-11-09 00:00:00+00:00, run_after=2025-11-10 00:00:00+00:00
[2025-11-10T23:54:13.881+0000] {processor.py:208} INFO - Processing /home/airflow/.local/lib/python3.12/site-packages/airflow/example_dags/example_nested_branch_dag.py took 0.056 seconds
[2025-11-10T23:54:44.759+0000] {processor.py:186} INFO - Started process (PID=1570) to work on /home/airflow/.local/lib/python3.12/site-packages/airflow/example_dags/example_nested_branch_dag.py
[2025-11-10T23:54:44.760+0000] {processor.py:914} INFO - Processing file /home/airflow/.local/lib/python3.12/site-packages/airflow/example_dags/example_nested_branch_dag.py for tasks to queue
[2025-11-10T23:54:44.761+0000] {logging_mixin.py:190} INFO - [2025-11-10T23:54:44.760+0000] {dagbag.py:588} INFO - Filling up the DagBag from /home/airflow/.local/lib/python3.12/site-packages/airflow/example_dags/example_nested_branch_dag.py
[2025-11-10T23:54:44.768+0000] {processor.py:925} INFO - DAG(s) 'example_nested_branch_dag' retrieved from /home/airflow/.local/lib/python3.12/site-packages/airflow/example_dags/example_nested_branch_dag.py
[2025-11-10T23:54:44.783+0000] {logging_mixin.py:190} INFO - [2025-11-10T23:54:44.782+0000] {dag.py:3239} INFO - Sync 1 DAGs
[2025-11-10T23:54:44.798+0000] {logging_mixin.py:190} INFO - [2025-11-10T23:54:44.798+0000] {dag.py:4180} INFO - Setting next_dagrun for example_nested_branch_dag to 2025-11-09 00:00:00+00:00, run_after=2025-11-10 00:00:00+00:00
[2025-11-10T23:54:44.809+0000] {processor.py:208} INFO - Processing /home/airflow/.local/lib/python3.12/site-packages/airflow/example_dags/example_nested_branch_dag.py took 0.054 seconds
[2025-11-10T23:55:15.345+0000] {processor.py:186} INFO - Started process (PID=1634) to work on /home/airflow/.local/lib/python3.12/site-packages/airflow/example_dags/example_nested_branch_dag.py
[2025-11-10T23:55:15.345+0000] {processor.py:914} INFO - Processing file /home/airflow/.local/lib/python3.12/site-packages/airflow/example_dags/example_nested_branch_dag.py for tasks to queue
[2025-11-10T23:55:15.346+0000] {logging_mixin.py:190} INFO - [2025-11-10T23:55:15.346+0000] {dagbag.py:588} INFO - Filling up the DagBag from /home/airflow/.local/lib/python3.12/site-packages/airflow/example_dags/example_nested_branch_dag.py
[2025-11-10T23:55:15.353+0000] {processor.py:925} INFO - DAG(s) 'example_nested_branch_dag' retrieved from /home/airflow/.local/lib/python3.12/site-packages/airflow/example_dags/example_nested_branch_dag.py
[2025-11-10T23:55:15.369+0000] {logging_mixin.py:190} INFO - [2025-11-10T23:55:15.369+0000] {dag.py:3239} INFO - Sync 1 DAGs
[2025-11-10T23:55:15.383+0000] {logging_mixin.py:190} INFO - [2025-11-10T23:55:15.382+0000] {dag.py:4180} INFO - Setting next_dagrun for example_nested_branch_dag to 2025-11-09 00:00:00+00:00, run_after=2025-11-10 00:00:00+00:00
[2025-11-10T23:55:15.395+0000] {processor.py:208} INFO - Processing /home/airflow/.local/lib/python3.12/site-packages/airflow/example_dags/example_nested_branch_dag.py took 0.054 seconds
[2025-11-10T23:55:45.771+0000] {processor.py:186} INFO - Started process (PID=1698) to work on /home/airflow/.local/lib/python3.12/site-packages/airflow/example_dags/example_nested_branch_dag.py
[2025-11-10T23:55:45.771+0000] {processor.py:914} INFO - Processing file /home/airflow/.local/lib/python3.12/site-packages/airflow/example_dags/example_nested_branch_dag.py for tasks to queue
[2025-11-10T23:55:45.772+0000] {logging_mixin.py:190} INFO - [2025-11-10T23:55:45.771+0000] {dagbag.py:588} INFO - Filling up the DagBag from /home/airflow/.local/lib/python3.12/site-packages/airflow/example_dags/example_nested_branch_dag.py
[2025-11-10T23:55:45.780+0000] {processor.py:925} INFO - DAG(s) 'example_nested_branch_dag' retrieved from /home/airflow/.local/lib/python3.12/site-packages/airflow/example_dags/example_nested_branch_dag.py
[2025-11-10T23:55:45.794+0000] {logging_mixin.py:190} INFO - [2025-11-10T23:55:45.794+0000] {dag.py:3239} INFO - Sync 1 DAGs
[2025-11-10T23:55:45.814+0000] {logging_mixin.py:190} INFO - [2025-11-10T23:55:45.814+0000] {dag.py:4180} INFO - Setting next_dagrun for example_nested_branch_dag to 2025-11-09 00:00:00+00:00, run_after=2025-11-10 00:00:00+00:00
[2025-11-10T23:55:45.827+0000] {processor.py:208} INFO - Processing /home/airflow/.local/lib/python3.12/site-packages/airflow/example_dags/example_nested_branch_dag.py took 0.060 seconds
[2025-11-10T23:56:17.106+0000] {processor.py:186} INFO - Started process (PID=1762) to work on /home/airflow/.local/lib/python3.12/site-packages/airflow/example_dags/example_nested_branch_dag.py
[2025-11-10T23:56:17.107+0000] {processor.py:914} INFO - Processing file /home/airflow/.local/lib/python3.12/site-packages/airflow/example_dags/example_nested_branch_dag.py for tasks to queue
[2025-11-10T23:56:17.107+0000] {logging_mixin.py:190} INFO - [2025-11-10T23:56:17.107+0000] {dagbag.py:588} INFO - Filling up the DagBag from /home/airflow/.local/lib/python3.12/site-packages/airflow/example_dags/example_nested_branch_dag.py
[2025-11-10T23:56:17.115+0000] {processor.py:925} INFO - DAG(s) 'example_nested_branch_dag' retrieved from /home/airflow/.local/lib/python3.12/site-packages/airflow/example_dags/example_nested_branch_dag.py
[2025-11-10T23:56:17.128+0000] {logging_mixin.py:190} INFO - [2025-11-10T23:56:17.128+0000] {dag.py:3239} INFO - Sync 1 DAGs
[2025-11-10T23:56:17.142+0000] {logging_mixin.py:190} INFO - [2025-11-10T23:56:17.142+0000] {dag.py:4180} INFO - Setting next_dagrun for example_nested_branch_dag to 2025-11-09 00:00:00+00:00, run_after=2025-11-10 00:00:00+00:00
[2025-11-10T23:56:17.168+0000] {processor.py:208} INFO - Processing /home/airflow/.local/lib/python3.12/site-packages/airflow/example_dags/example_nested_branch_dag.py took 0.066 seconds
[2025-11-10T23:56:48.275+0000] {processor.py:186} INFO - Started process (PID=1826) to work on /home/airflow/.local/lib/python3.12/site-packages/airflow/example_dags/example_nested_branch_dag.py
[2025-11-10T23:56:48.275+0000] {processor.py:914} INFO - Processing file /home/airflow/.local/lib/python3.12/site-packages/airflow/example_dags/example_nested_branch_dag.py for tasks to queue
[2025-11-10T23:56:48.276+0000] {logging_mixin.py:190} INFO - [2025-11-10T23:56:48.276+0000] {dagbag.py:588} INFO - Filling up the DagBag from /home/airflow/.local/lib/python3.12/site-packages/airflow/example_dags/example_nested_branch_dag.py
[2025-11-10T23:56:48.282+0000] {processor.py:925} INFO - DAG(s) 'example_nested_branch_dag' retrieved from /home/airflow/.local/lib/python3.12/site-packages/airflow/example_dags/example_nested_branch_dag.py
[2025-11-10T23:56:48.295+0000] {logging_mixin.py:190} INFO - [2025-11-10T23:56:48.295+0000] {dag.py:3239} INFO - Sync 1 DAGs
[2025-11-10T23:56:48.310+0000] {logging_mixin.py:190} INFO - [2025-11-10T23:56:48.309+0000] {dag.py:4180} INFO - Setting next_dagrun for example_nested_branch_dag to 2025-11-09 00:00:00+00:00, run_after=2025-11-10 00:00:00+00:00
[2025-11-10T23:56:48.323+0000] {processor.py:208} INFO - Processing /home/airflow/.local/lib/python3.12/site-packages/airflow/example_dags/example_nested_branch_dag.py took 0.051 seconds
[2025-11-10T23:57:18.698+0000] {processor.py:186} INFO - Started process (PID=1890) to work on /home/airflow/.local/lib/python3.12/site-packages/airflow/example_dags/example_nested_branch_dag.py
[2025-11-10T23:57:18.699+0000] {processor.py:914} INFO - Processing file /home/airflow/.local/lib/python3.12/site-packages/airflow/example_dags/example_nested_branch_dag.py for tasks to queue
[2025-11-10T23:57:18.700+0000] {logging_mixin.py:190} INFO - [2025-11-10T23:57:18.699+0000] {dagbag.py:588} INFO - Filling up the DagBag from /home/airflow/.local/lib/python3.12/site-packages/airflow/example_dags/example_nested_branch_dag.py
[2025-11-10T23:57:18.707+0000] {processor.py:925} INFO - DAG(s) 'example_nested_branch_dag' retrieved from /home/airflow/.local/lib/python3.12/site-packages/airflow/example_dags/example_nested_branch_dag.py
[2025-11-10T23:57:18.719+0000] {logging_mixin.py:190} INFO - [2025-11-10T23:57:18.719+0000] {dag.py:3239} INFO - Sync 1 DAGs
[2025-11-10T23:57:18.733+0000] {logging_mixin.py:190} INFO - [2025-11-10T23:57:18.732+0000] {dag.py:4180} INFO - Setting next_dagrun for example_nested_branch_dag to 2025-11-09 00:00:00+00:00, run_after=2025-11-10 00:00:00+00:00
[2025-11-10T23:57:18.744+0000] {processor.py:208} INFO - Processing /home/airflow/.local/lib/python3.12/site-packages/airflow/example_dags/example_nested_branch_dag.py took 0.050 seconds
[2025-11-10T23:57:49.891+0000] {processor.py:186} INFO - Started process (PID=1954) to work on /home/airflow/.local/lib/python3.12/site-packages/airflow/example_dags/example_nested_branch_dag.py
[2025-11-10T23:57:49.891+0000] {processor.py:914} INFO - Processing file /home/airflow/.local/lib/python3.12/site-packages/airflow/example_dags/example_nested_branch_dag.py for tasks to queue
[2025-11-10T23:57:49.892+0000] {logging_mixin.py:190} INFO - [2025-11-10T23:57:49.892+0000] {dagbag.py:588} INFO - Filling up the DagBag from /home/airflow/.local/lib/python3.12/site-packages/airflow/example_dags/example_nested_branch_dag.py
[2025-11-10T23:57:49.899+0000] {processor.py:925} INFO - DAG(s) 'example_nested_branch_dag' retrieved from /home/airflow/.local/lib/python3.12/site-packages/airflow/example_dags/example_nested_branch_dag.py
[2025-11-10T23:57:49.914+0000] {logging_mixin.py:190} INFO - [2025-11-10T23:57:49.914+0000] {dag.py:3239} INFO - Sync 1 DAGs
[2025-11-10T23:57:49.928+0000] {logging_mixin.py:190} INFO - [2025-11-10T23:57:49.928+0000] {dag.py:4180} INFO - Setting next_dagrun for example_nested_branch_dag to 2025-11-09 00:00:00+00:00, run_after=2025-11-10 00:00:00+00:00
[2025-11-10T23:57:49.937+0000] {processor.py:208} INFO - Processing /home/airflow/.local/lib/python3.12/site-packages/airflow/example_dags/example_nested_branch_dag.py took 0.050 seconds
[2025-11-10T23:58:21.068+0000] {processor.py:186} INFO - Started process (PID=2018) to work on /home/airflow/.local/lib/python3.12/site-packages/airflow/example_dags/example_nested_branch_dag.py
[2025-11-10T23:58:21.069+0000] {processor.py:914} INFO - Processing file /home/airflow/.local/lib/python3.12/site-packages/airflow/example_dags/example_nested_branch_dag.py for tasks to queue
[2025-11-10T23:58:21.070+0000] {logging_mixin.py:190} INFO - [2025-11-10T23:58:21.070+0000] {dagbag.py:588} INFO - Filling up the DagBag from /home/airflow/.local/lib/python3.12/site-packages/airflow/example_dags/example_nested_branch_dag.py
[2025-11-10T23:58:21.077+0000] {processor.py:925} INFO - DAG(s) 'example_nested_branch_dag' retrieved from /home/airflow/.local/lib/python3.12/site-packages/airflow/example_dags/example_nested_branch_dag.py
[2025-11-10T23:58:21.091+0000] {logging_mixin.py:190} INFO - [2025-11-10T23:58:21.091+0000] {dag.py:3239} INFO - Sync 1 DAGs
[2025-11-10T23:58:21.105+0000] {logging_mixin.py:190} INFO - [2025-11-10T23:58:21.105+0000] {dag.py:4180} INFO - Setting next_dagrun for example_nested_branch_dag to 2025-11-09 00:00:00+00:00, run_after=2025-11-10 00:00:00+00:00
[2025-11-10T23:58:21.116+0000] {processor.py:208} INFO - Processing /home/airflow/.local/lib/python3.12/site-packages/airflow/example_dags/example_nested_branch_dag.py took 0.053 seconds
[2025-11-10T23:58:52.220+0000] {processor.py:186} INFO - Started process (PID=2082) to work on /home/airflow/.local/lib/python3.12/site-packages/airflow/example_dags/example_nested_branch_dag.py
[2025-11-10T23:58:52.220+0000] {processor.py:914} INFO - Processing file /home/airflow/.local/lib/python3.12/site-packages/airflow/example_dags/example_nested_branch_dag.py for tasks to queue
[2025-11-10T23:58:52.221+0000] {logging_mixin.py:190} INFO - [2025-11-10T23:58:52.221+0000] {dagbag.py:588} INFO - Filling up the DagBag from /home/airflow/.local/lib/python3.12/site-packages/airflow/example_dags/example_nested_branch_dag.py
[2025-11-10T23:58:52.228+0000] {processor.py:925} INFO - DAG(s) 'example_nested_branch_dag' retrieved from /home/airflow/.local/lib/python3.12/site-packages/airflow/example_dags/example_nested_branch_dag.py
[2025-11-10T23:58:52.240+0000] {logging_mixin.py:190} INFO - [2025-11-10T23:58:52.240+0000] {dag.py:3239} INFO - Sync 1 DAGs
[2025-11-10T23:58:52.254+0000] {logging_mixin.py:190} INFO - [2025-11-10T23:58:52.254+0000] {dag.py:4180} INFO - Setting next_dagrun for example_nested_branch_dag to 2025-11-09 00:00:00+00:00, run_after=2025-11-10 00:00:00+00:00
[2025-11-10T23:58:52.265+0000] {processor.py:208} INFO - Processing /home/airflow/.local/lib/python3.12/site-packages/airflow/example_dags/example_nested_branch_dag.py took 0.048 seconds
[2025-11-10T23:59:22.884+0000] {processor.py:186} INFO - Started process (PID=2146) to work on /home/airflow/.local/lib/python3.12/site-packages/airflow/example_dags/example_nested_branch_dag.py
[2025-11-10T23:59:22.885+0000] {processor.py:914} INFO - Processing file /home/airflow/.local/lib/python3.12/site-packages/airflow/example_dags/example_nested_branch_dag.py for tasks to queue
[2025-11-10T23:59:22.886+0000] {logging_mixin.py:190} INFO - [2025-11-10T23:59:22.886+0000] {dagbag.py:588} INFO - Filling up the DagBag from /home/airflow/.local/lib/python3.12/site-packages/airflow/example_dags/example_nested_branch_dag.py
[2025-11-10T23:59:22.894+0000] {processor.py:925} INFO - DAG(s) 'example_nested_branch_dag' retrieved from /home/airflow/.local/lib/python3.12/site-packages/airflow/example_dags/example_nested_branch_dag.py
[2025-11-10T23:59:22.910+0000] {logging_mixin.py:190} INFO - [2025-11-10T23:59:22.910+0000] {dag.py:3239} INFO - Sync 1 DAGs
[2025-11-10T23:59:22.926+0000] {logging_mixin.py:190} INFO - [2025-11-10T23:59:22.925+0000] {dag.py:4180} INFO - Setting next_dagrun for example_nested_branch_dag to 2025-11-09 00:00:00+00:00, run_after=2025-11-10 00:00:00+00:00
[2025-11-10T23:59:22.937+0000] {processor.py:208} INFO - Processing /home/airflow/.local/lib/python3.12/site-packages/airflow/example_dags/example_nested_branch_dag.py took 0.057 seconds
[2025-11-10T23:59:54.212+0000] {processor.py:186} INFO - Started process (PID=2210) to work on /home/airflow/.local/lib/python3.12/site-packages/airflow/example_dags/example_nested_branch_dag.py
[2025-11-10T23:59:54.213+0000] {processor.py:914} INFO - Processing file /home/airflow/.local/lib/python3.12/site-packages/airflow/example_dags/example_nested_branch_dag.py for tasks to queue
[2025-11-10T23:59:54.213+0000] {logging_mixin.py:190} INFO - [2025-11-10T23:59:54.213+0000] {dagbag.py:588} INFO - Filling up the DagBag from /home/airflow/.local/lib/python3.12/site-packages/airflow/example_dags/example_nested_branch_dag.py
[2025-11-10T23:59:54.221+0000] {processor.py:925} INFO - DAG(s) 'example_nested_branch_dag' retrieved from /home/airflow/.local/lib/python3.12/site-packages/airflow/example_dags/example_nested_branch_dag.py
[2025-11-10T23:59:54.233+0000] {logging_mixin.py:190} INFO - [2025-11-10T23:59:54.233+0000] {dag.py:3239} INFO - Sync 1 DAGs
[2025-11-10T23:59:54.246+0000] {logging_mixin.py:190} INFO - [2025-11-10T23:59:54.246+0000] {dag.py:4180} INFO - Setting next_dagrun for example_nested_branch_dag to 2025-11-09 00:00:00+00:00, run_after=2025-11-10 00:00:00+00:00
[2025-11-10T23:59:54.260+0000] {processor.py:208} INFO - Processing /home/airflow/.local/lib/python3.12/site-packages/airflow/example_dags/example_nested_branch_dag.py took 0.052 seconds
