[2025-11-10T23:41:41.182+0000] {processor.py:186} INFO - Started process (PID=99) to work on /home/airflow/.local/lib/python3.12/site-packages/airflow/example_dags/example_dataset_alias.py
[2025-11-10T23:41:41.183+0000] {processor.py:914} INFO - Processing file /home/airflow/.local/lib/python3.12/site-packages/airflow/example_dags/example_dataset_alias.py for tasks to queue
[2025-11-10T23:41:41.184+0000] {logging_mixin.py:190} INFO - [2025-11-10T23:41:41.184+0000] {dagbag.py:588} INFO - Filling up the DagBag from /home/airflow/.local/lib/python3.12/site-packages/airflow/example_dags/example_dataset_alias.py
[2025-11-10T23:41:41.525+0000] {processor.py:925} INFO - DAG(s) 'dataset_s3_bucket_consumer', 'dataset_alias_example_alias_consumer', 'dataset_s3_bucket_producer', 'dataset_alias_example_alias_producer' retrieved from /home/airflow/.local/lib/python3.12/site-packages/airflow/example_dags/example_dataset_alias.py
[2025-11-10T23:41:41.540+0000] {logging_mixin.py:190} INFO - [2025-11-10T23:41:41.539+0000] {dag.py:3239} INFO - Sync 4 DAGs
[2025-11-10T23:41:41.556+0000] {logging_mixin.py:190} INFO - [2025-11-10T23:41:41.556+0000] {dag.py:4180} INFO - Setting next_dagrun for dataset_alias_example_alias_consumer to None, run_after=None
[2025-11-10T23:41:41.558+0000] {logging_mixin.py:190} INFO - [2025-11-10T23:41:41.558+0000] {dag.py:4180} INFO - Setting next_dagrun for dataset_alias_example_alias_producer to None, run_after=None
[2025-11-10T23:41:41.558+0000] {logging_mixin.py:190} INFO - [2025-11-10T23:41:41.558+0000] {dag.py:4180} INFO - Setting next_dagrun for dataset_s3_bucket_consumer to None, run_after=None
[2025-11-10T23:41:41.559+0000] {logging_mixin.py:190} INFO - [2025-11-10T23:41:41.559+0000] {dag.py:4180} INFO - Setting next_dagrun for dataset_s3_bucket_producer to None, run_after=None
[2025-11-10T23:41:41.572+0000] {processor.py:208} INFO - Processing /home/airflow/.local/lib/python3.12/site-packages/airflow/example_dags/example_dataset_alias.py took 0.393 seconds
[2025-11-10T23:42:45.120+0000] {processor.py:186} INFO - Started process (PID=74) to work on /home/airflow/.local/lib/python3.12/site-packages/airflow/example_dags/example_dataset_alias.py
[2025-11-10T23:42:45.173+0000] {processor.py:914} INFO - Processing file /home/airflow/.local/lib/python3.12/site-packages/airflow/example_dags/example_dataset_alias.py for tasks to queue
[2025-11-10T23:42:45.175+0000] {logging_mixin.py:190} INFO - [2025-11-10T23:42:45.175+0000] {dagbag.py:588} INFO - Filling up the DagBag from /home/airflow/.local/lib/python3.12/site-packages/airflow/example_dags/example_dataset_alias.py
[2025-11-10T23:42:45.631+0000] {processor.py:925} INFO - DAG(s) 'dataset_s3_bucket_consumer', 'dataset_s3_bucket_producer', 'dataset_alias_example_alias_producer', 'dataset_alias_example_alias_consumer' retrieved from /home/airflow/.local/lib/python3.12/site-packages/airflow/example_dags/example_dataset_alias.py
[2025-11-10T23:42:45.647+0000] {logging_mixin.py:190} INFO - [2025-11-10T23:42:45.646+0000] {dag.py:3239} INFO - Sync 4 DAGs
[2025-11-10T23:42:45.659+0000] {logging_mixin.py:190} INFO - [2025-11-10T23:42:45.659+0000] {dag.py:4180} INFO - Setting next_dagrun for dataset_alias_example_alias_consumer to None, run_after=None
[2025-11-10T23:42:45.660+0000] {logging_mixin.py:190} INFO - [2025-11-10T23:42:45.660+0000] {dag.py:4180} INFO - Setting next_dagrun for dataset_alias_example_alias_producer to None, run_after=None
[2025-11-10T23:42:45.661+0000] {logging_mixin.py:190} INFO - [2025-11-10T23:42:45.661+0000] {dag.py:4180} INFO - Setting next_dagrun for dataset_s3_bucket_consumer to None, run_after=None
[2025-11-10T23:42:45.662+0000] {logging_mixin.py:190} INFO - [2025-11-10T23:42:45.662+0000] {dag.py:4180} INFO - Setting next_dagrun for dataset_s3_bucket_producer to None, run_after=None
[2025-11-10T23:42:45.681+0000] {processor.py:208} INFO - Processing /home/airflow/.local/lib/python3.12/site-packages/airflow/example_dags/example_dataset_alias.py took 0.566 seconds
[2025-11-10T23:43:16.249+0000] {processor.py:186} INFO - Started process (PID=138) to work on /home/airflow/.local/lib/python3.12/site-packages/airflow/example_dags/example_dataset_alias.py
[2025-11-10T23:43:16.250+0000] {processor.py:914} INFO - Processing file /home/airflow/.local/lib/python3.12/site-packages/airflow/example_dags/example_dataset_alias.py for tasks to queue
[2025-11-10T23:43:16.252+0000] {logging_mixin.py:190} INFO - [2025-11-10T23:43:16.251+0000] {dagbag.py:588} INFO - Filling up the DagBag from /home/airflow/.local/lib/python3.12/site-packages/airflow/example_dags/example_dataset_alias.py
[2025-11-10T23:43:17.068+0000] {processor.py:925} INFO - DAG(s) 'dataset_s3_bucket_producer', 'dataset_alias_example_alias_consumer', 'dataset_s3_bucket_consumer', 'dataset_alias_example_alias_producer' retrieved from /home/airflow/.local/lib/python3.12/site-packages/airflow/example_dags/example_dataset_alias.py
[2025-11-10T23:43:17.079+0000] {logging_mixin.py:190} INFO - [2025-11-10T23:43:17.077+0000] {dag.py:3239} INFO - Sync 4 DAGs
[2025-11-10T23:43:17.090+0000] {logging_mixin.py:190} INFO - [2025-11-10T23:43:17.090+0000] {dag.py:4180} INFO - Setting next_dagrun for dataset_alias_example_alias_consumer to None, run_after=None
[2025-11-10T23:43:17.092+0000] {logging_mixin.py:190} INFO - [2025-11-10T23:43:17.091+0000] {dag.py:4180} INFO - Setting next_dagrun for dataset_alias_example_alias_producer to None, run_after=None
[2025-11-10T23:43:17.093+0000] {logging_mixin.py:190} INFO - [2025-11-10T23:43:17.092+0000] {dag.py:4180} INFO - Setting next_dagrun for dataset_s3_bucket_consumer to None, run_after=None
[2025-11-10T23:43:17.093+0000] {logging_mixin.py:190} INFO - [2025-11-10T23:43:17.093+0000] {dag.py:4180} INFO - Setting next_dagrun for dataset_s3_bucket_producer to None, run_after=None
[2025-11-10T23:43:17.114+0000] {processor.py:208} INFO - Processing /home/airflow/.local/lib/python3.12/site-packages/airflow/example_dags/example_dataset_alias.py took 0.869 seconds
[2025-11-10T23:43:47.463+0000] {processor.py:186} INFO - Started process (PID=202) to work on /home/airflow/.local/lib/python3.12/site-packages/airflow/example_dags/example_dataset_alias.py
[2025-11-10T23:43:47.464+0000] {processor.py:914} INFO - Processing file /home/airflow/.local/lib/python3.12/site-packages/airflow/example_dags/example_dataset_alias.py for tasks to queue
[2025-11-10T23:43:47.465+0000] {logging_mixin.py:190} INFO - [2025-11-10T23:43:47.465+0000] {dagbag.py:588} INFO - Filling up the DagBag from /home/airflow/.local/lib/python3.12/site-packages/airflow/example_dags/example_dataset_alias.py
[2025-11-10T23:43:47.985+0000] {processor.py:925} INFO - DAG(s) 'dataset_s3_bucket_producer', 'dataset_alias_example_alias_consumer', 'dataset_s3_bucket_consumer', 'dataset_alias_example_alias_producer' retrieved from /home/airflow/.local/lib/python3.12/site-packages/airflow/example_dags/example_dataset_alias.py
[2025-11-10T23:43:47.996+0000] {logging_mixin.py:190} INFO - [2025-11-10T23:43:47.995+0000] {dag.py:3239} INFO - Sync 4 DAGs
[2025-11-10T23:43:48.009+0000] {logging_mixin.py:190} INFO - [2025-11-10T23:43:48.009+0000] {dag.py:4180} INFO - Setting next_dagrun for dataset_alias_example_alias_consumer to None, run_after=None
[2025-11-10T23:43:48.010+0000] {logging_mixin.py:190} INFO - [2025-11-10T23:43:48.010+0000] {dag.py:4180} INFO - Setting next_dagrun for dataset_alias_example_alias_producer to None, run_after=None
[2025-11-10T23:43:48.011+0000] {logging_mixin.py:190} INFO - [2025-11-10T23:43:48.011+0000] {dag.py:4180} INFO - Setting next_dagrun for dataset_s3_bucket_consumer to None, run_after=None
[2025-11-10T23:43:48.012+0000] {logging_mixin.py:190} INFO - [2025-11-10T23:43:48.012+0000] {dag.py:4180} INFO - Setting next_dagrun for dataset_s3_bucket_producer to None, run_after=None
[2025-11-10T23:43:48.310+0000] {processor.py:208} INFO - Processing /home/airflow/.local/lib/python3.12/site-packages/airflow/example_dags/example_dataset_alias.py took 0.851 seconds
[2025-11-10T23:44:19.028+0000] {processor.py:186} INFO - Started process (PID=266) to work on /home/airflow/.local/lib/python3.12/site-packages/airflow/example_dags/example_dataset_alias.py
[2025-11-10T23:44:19.029+0000] {processor.py:914} INFO - Processing file /home/airflow/.local/lib/python3.12/site-packages/airflow/example_dags/example_dataset_alias.py for tasks to queue
[2025-11-10T23:44:19.030+0000] {logging_mixin.py:190} INFO - [2025-11-10T23:44:19.030+0000] {dagbag.py:588} INFO - Filling up the DagBag from /home/airflow/.local/lib/python3.12/site-packages/airflow/example_dags/example_dataset_alias.py
[2025-11-10T23:44:20.391+0000] {processor.py:925} INFO - DAG(s) 'dataset_alias_example_alias_consumer', 'dataset_s3_bucket_consumer', 'dataset_s3_bucket_producer', 'dataset_alias_example_alias_producer' retrieved from /home/airflow/.local/lib/python3.12/site-packages/airflow/example_dags/example_dataset_alias.py
[2025-11-10T23:44:20.401+0000] {logging_mixin.py:190} INFO - [2025-11-10T23:44:20.401+0000] {dag.py:3239} INFO - Sync 4 DAGs
[2025-11-10T23:44:20.413+0000] {logging_mixin.py:190} INFO - [2025-11-10T23:44:20.413+0000] {dag.py:4180} INFO - Setting next_dagrun for dataset_alias_example_alias_consumer to None, run_after=None
[2025-11-10T23:44:20.414+0000] {logging_mixin.py:190} INFO - [2025-11-10T23:44:20.414+0000] {dag.py:4180} INFO - Setting next_dagrun for dataset_alias_example_alias_producer to None, run_after=None
[2025-11-10T23:44:20.415+0000] {logging_mixin.py:190} INFO - [2025-11-10T23:44:20.415+0000] {dag.py:4180} INFO - Setting next_dagrun for dataset_s3_bucket_consumer to None, run_after=None
[2025-11-10T23:44:20.416+0000] {logging_mixin.py:190} INFO - [2025-11-10T23:44:20.416+0000] {dag.py:4180} INFO - Setting next_dagrun for dataset_s3_bucket_producer to None, run_after=None
[2025-11-10T23:44:20.428+0000] {processor.py:208} INFO - Processing /home/airflow/.local/lib/python3.12/site-packages/airflow/example_dags/example_dataset_alias.py took 1.405 seconds
[2025-11-10T23:44:51.233+0000] {processor.py:186} INFO - Started process (PID=330) to work on /home/airflow/.local/lib/python3.12/site-packages/airflow/example_dags/example_dataset_alias.py
[2025-11-10T23:44:51.234+0000] {processor.py:914} INFO - Processing file /home/airflow/.local/lib/python3.12/site-packages/airflow/example_dags/example_dataset_alias.py for tasks to queue
[2025-11-10T23:44:51.235+0000] {logging_mixin.py:190} INFO - [2025-11-10T23:44:51.234+0000] {dagbag.py:588} INFO - Filling up the DagBag from /home/airflow/.local/lib/python3.12/site-packages/airflow/example_dags/example_dataset_alias.py
[2025-11-10T23:44:52.055+0000] {processor.py:925} INFO - DAG(s) 'dataset_s3_bucket_producer', 'dataset_s3_bucket_consumer', 'dataset_alias_example_alias_producer', 'dataset_alias_example_alias_consumer' retrieved from /home/airflow/.local/lib/python3.12/site-packages/airflow/example_dags/example_dataset_alias.py
[2025-11-10T23:44:52.070+0000] {logging_mixin.py:190} INFO - [2025-11-10T23:44:52.069+0000] {dag.py:3239} INFO - Sync 4 DAGs
[2025-11-10T23:44:52.084+0000] {logging_mixin.py:190} INFO - [2025-11-10T23:44:52.083+0000] {dag.py:4180} INFO - Setting next_dagrun for dataset_alias_example_alias_consumer to None, run_after=None
[2025-11-10T23:44:52.085+0000] {logging_mixin.py:190} INFO - [2025-11-10T23:44:52.085+0000] {dag.py:4180} INFO - Setting next_dagrun for dataset_alias_example_alias_producer to None, run_after=None
[2025-11-10T23:44:52.086+0000] {logging_mixin.py:190} INFO - [2025-11-10T23:44:52.086+0000] {dag.py:4180} INFO - Setting next_dagrun for dataset_s3_bucket_consumer to None, run_after=None
[2025-11-10T23:44:52.087+0000] {logging_mixin.py:190} INFO - [2025-11-10T23:44:52.087+0000] {dag.py:4180} INFO - Setting next_dagrun for dataset_s3_bucket_producer to None, run_after=None
[2025-11-10T23:44:52.105+0000] {processor.py:208} INFO - Processing /home/airflow/.local/lib/python3.12/site-packages/airflow/example_dags/example_dataset_alias.py took 0.875 seconds
[2025-11-10T23:45:22.933+0000] {processor.py:186} INFO - Started process (PID=394) to work on /home/airflow/.local/lib/python3.12/site-packages/airflow/example_dags/example_dataset_alias.py
[2025-11-10T23:45:22.935+0000] {processor.py:914} INFO - Processing file /home/airflow/.local/lib/python3.12/site-packages/airflow/example_dags/example_dataset_alias.py for tasks to queue
[2025-11-10T23:45:22.938+0000] {logging_mixin.py:190} INFO - [2025-11-10T23:45:22.937+0000] {dagbag.py:588} INFO - Filling up the DagBag from /home/airflow/.local/lib/python3.12/site-packages/airflow/example_dags/example_dataset_alias.py
[2025-11-10T23:45:23.892+0000] {processor.py:925} INFO - DAG(s) 'dataset_alias_example_alias_consumer', 'dataset_s3_bucket_consumer', 'dataset_s3_bucket_producer', 'dataset_alias_example_alias_producer' retrieved from /home/airflow/.local/lib/python3.12/site-packages/airflow/example_dags/example_dataset_alias.py
[2025-11-10T23:45:23.903+0000] {logging_mixin.py:190} INFO - [2025-11-10T23:45:23.902+0000] {dag.py:3239} INFO - Sync 4 DAGs
[2025-11-10T23:45:23.917+0000] {logging_mixin.py:190} INFO - [2025-11-10T23:45:23.917+0000] {dag.py:4180} INFO - Setting next_dagrun for dataset_alias_example_alias_consumer to None, run_after=None
[2025-11-10T23:45:24.018+0000] {logging_mixin.py:190} INFO - [2025-11-10T23:45:24.017+0000] {dag.py:4180} INFO - Setting next_dagrun for dataset_alias_example_alias_producer to None, run_after=None
[2025-11-10T23:45:24.021+0000] {logging_mixin.py:190} INFO - [2025-11-10T23:45:24.020+0000] {dag.py:4180} INFO - Setting next_dagrun for dataset_s3_bucket_consumer to None, run_after=None
[2025-11-10T23:45:24.024+0000] {logging_mixin.py:190} INFO - [2025-11-10T23:45:24.024+0000] {dag.py:4180} INFO - Setting next_dagrun for dataset_s3_bucket_producer to None, run_after=None
[2025-11-10T23:45:24.270+0000] {processor.py:208} INFO - Processing /home/airflow/.local/lib/python3.12/site-packages/airflow/example_dags/example_dataset_alias.py took 1.344 seconds
[2025-11-10T23:45:58.777+0000] {processor.py:186} INFO - Started process (PID=458) to work on /home/airflow/.local/lib/python3.12/site-packages/airflow/example_dags/example_dataset_alias.py
[2025-11-10T23:45:58.783+0000] {processor.py:914} INFO - Processing file /home/airflow/.local/lib/python3.12/site-packages/airflow/example_dags/example_dataset_alias.py for tasks to queue
[2025-11-10T23:45:58.784+0000] {logging_mixin.py:190} INFO - [2025-11-10T23:45:58.784+0000] {dagbag.py:588} INFO - Filling up the DagBag from /home/airflow/.local/lib/python3.12/site-packages/airflow/example_dags/example_dataset_alias.py
[2025-11-10T23:45:59.132+0000] {processor.py:925} INFO - DAG(s) 'dataset_alias_example_alias_producer', 'dataset_s3_bucket_consumer', 'dataset_alias_example_alias_consumer', 'dataset_s3_bucket_producer' retrieved from /home/airflow/.local/lib/python3.12/site-packages/airflow/example_dags/example_dataset_alias.py
[2025-11-10T23:45:59.142+0000] {logging_mixin.py:190} INFO - [2025-11-10T23:45:59.142+0000] {dag.py:3239} INFO - Sync 4 DAGs
[2025-11-10T23:45:59.154+0000] {logging_mixin.py:190} INFO - [2025-11-10T23:45:59.153+0000] {dag.py:4180} INFO - Setting next_dagrun for dataset_alias_example_alias_consumer to None, run_after=None
[2025-11-10T23:45:59.156+0000] {logging_mixin.py:190} INFO - [2025-11-10T23:45:59.155+0000] {dag.py:4180} INFO - Setting next_dagrun for dataset_alias_example_alias_producer to None, run_after=None
[2025-11-10T23:45:59.157+0000] {logging_mixin.py:190} INFO - [2025-11-10T23:45:59.157+0000] {dag.py:4180} INFO - Setting next_dagrun for dataset_s3_bucket_consumer to None, run_after=None
[2025-11-10T23:45:59.158+0000] {logging_mixin.py:190} INFO - [2025-11-10T23:45:59.158+0000] {dag.py:4180} INFO - Setting next_dagrun for dataset_s3_bucket_producer to None, run_after=None
[2025-11-10T23:45:59.173+0000] {processor.py:208} INFO - Processing /home/airflow/.local/lib/python3.12/site-packages/airflow/example_dags/example_dataset_alias.py took 0.400 seconds
[2025-11-10T23:46:29.315+0000] {processor.py:186} INFO - Started process (PID=522) to work on /home/airflow/.local/lib/python3.12/site-packages/airflow/example_dags/example_dataset_alias.py
[2025-11-10T23:46:29.316+0000] {processor.py:914} INFO - Processing file /home/airflow/.local/lib/python3.12/site-packages/airflow/example_dags/example_dataset_alias.py for tasks to queue
[2025-11-10T23:46:29.317+0000] {logging_mixin.py:190} INFO - [2025-11-10T23:46:29.317+0000] {dagbag.py:588} INFO - Filling up the DagBag from /home/airflow/.local/lib/python3.12/site-packages/airflow/example_dags/example_dataset_alias.py
[2025-11-10T23:46:29.677+0000] {processor.py:925} INFO - DAG(s) 'dataset_alias_example_alias_consumer', 'dataset_s3_bucket_consumer', 'dataset_s3_bucket_producer', 'dataset_alias_example_alias_producer' retrieved from /home/airflow/.local/lib/python3.12/site-packages/airflow/example_dags/example_dataset_alias.py
[2025-11-10T23:46:29.689+0000] {logging_mixin.py:190} INFO - [2025-11-10T23:46:29.689+0000] {dag.py:3239} INFO - Sync 4 DAGs
[2025-11-10T23:46:29.700+0000] {logging_mixin.py:190} INFO - [2025-11-10T23:46:29.700+0000] {dag.py:4180} INFO - Setting next_dagrun for dataset_alias_example_alias_consumer to None, run_after=None
[2025-11-10T23:46:29.701+0000] {logging_mixin.py:190} INFO - [2025-11-10T23:46:29.701+0000] {dag.py:4180} INFO - Setting next_dagrun for dataset_alias_example_alias_producer to None, run_after=None
[2025-11-10T23:46:29.702+0000] {logging_mixin.py:190} INFO - [2025-11-10T23:46:29.702+0000] {dag.py:4180} INFO - Setting next_dagrun for dataset_s3_bucket_consumer to None, run_after=None
[2025-11-10T23:46:29.703+0000] {logging_mixin.py:190} INFO - [2025-11-10T23:46:29.703+0000] {dag.py:4180} INFO - Setting next_dagrun for dataset_s3_bucket_producer to None, run_after=None
[2025-11-10T23:46:29.718+0000] {processor.py:208} INFO - Processing /home/airflow/.local/lib/python3.12/site-packages/airflow/example_dags/example_dataset_alias.py took 0.406 seconds
[2025-11-10T23:47:00.469+0000] {processor.py:186} INFO - Started process (PID=586) to work on /home/airflow/.local/lib/python3.12/site-packages/airflow/example_dags/example_dataset_alias.py
[2025-11-10T23:47:00.471+0000] {processor.py:914} INFO - Processing file /home/airflow/.local/lib/python3.12/site-packages/airflow/example_dags/example_dataset_alias.py for tasks to queue
[2025-11-10T23:47:00.473+0000] {logging_mixin.py:190} INFO - [2025-11-10T23:47:00.473+0000] {dagbag.py:588} INFO - Filling up the DagBag from /home/airflow/.local/lib/python3.12/site-packages/airflow/example_dags/example_dataset_alias.py
[2025-11-10T23:47:00.814+0000] {processor.py:925} INFO - DAG(s) 'dataset_s3_bucket_consumer', 'dataset_s3_bucket_producer', 'dataset_alias_example_alias_consumer', 'dataset_alias_example_alias_producer' retrieved from /home/airflow/.local/lib/python3.12/site-packages/airflow/example_dags/example_dataset_alias.py
[2025-11-10T23:47:00.825+0000] {logging_mixin.py:190} INFO - [2025-11-10T23:47:00.825+0000] {dag.py:3239} INFO - Sync 4 DAGs
[2025-11-10T23:47:00.838+0000] {logging_mixin.py:190} INFO - [2025-11-10T23:47:00.838+0000] {dag.py:4180} INFO - Setting next_dagrun for dataset_alias_example_alias_consumer to None, run_after=None
[2025-11-10T23:47:00.839+0000] {logging_mixin.py:190} INFO - [2025-11-10T23:47:00.839+0000] {dag.py:4180} INFO - Setting next_dagrun for dataset_alias_example_alias_producer to None, run_after=None
[2025-11-10T23:47:00.840+0000] {logging_mixin.py:190} INFO - [2025-11-10T23:47:00.840+0000] {dag.py:4180} INFO - Setting next_dagrun for dataset_s3_bucket_consumer to None, run_after=None
[2025-11-10T23:47:00.841+0000] {logging_mixin.py:190} INFO - [2025-11-10T23:47:00.841+0000] {dag.py:4180} INFO - Setting next_dagrun for dataset_s3_bucket_producer to None, run_after=None
[2025-11-10T23:47:00.853+0000] {processor.py:208} INFO - Processing /home/airflow/.local/lib/python3.12/site-packages/airflow/example_dags/example_dataset_alias.py took 0.388 seconds
[2025-11-10T23:47:31.647+0000] {processor.py:186} INFO - Started process (PID=650) to work on /home/airflow/.local/lib/python3.12/site-packages/airflow/example_dags/example_dataset_alias.py
[2025-11-10T23:47:31.649+0000] {processor.py:914} INFO - Processing file /home/airflow/.local/lib/python3.12/site-packages/airflow/example_dags/example_dataset_alias.py for tasks to queue
[2025-11-10T23:47:31.650+0000] {logging_mixin.py:190} INFO - [2025-11-10T23:47:31.650+0000] {dagbag.py:588} INFO - Filling up the DagBag from /home/airflow/.local/lib/python3.12/site-packages/airflow/example_dags/example_dataset_alias.py
[2025-11-10T23:47:31.987+0000] {processor.py:925} INFO - DAG(s) 'dataset_s3_bucket_consumer', 'dataset_alias_example_alias_consumer', 'dataset_s3_bucket_producer', 'dataset_alias_example_alias_producer' retrieved from /home/airflow/.local/lib/python3.12/site-packages/airflow/example_dags/example_dataset_alias.py
[2025-11-10T23:47:31.997+0000] {logging_mixin.py:190} INFO - [2025-11-10T23:47:31.997+0000] {dag.py:3239} INFO - Sync 4 DAGs
[2025-11-10T23:47:32.009+0000] {logging_mixin.py:190} INFO - [2025-11-10T23:47:32.009+0000] {dag.py:4180} INFO - Setting next_dagrun for dataset_alias_example_alias_consumer to None, run_after=None
[2025-11-10T23:47:32.010+0000] {logging_mixin.py:190} INFO - [2025-11-10T23:47:32.010+0000] {dag.py:4180} INFO - Setting next_dagrun for dataset_alias_example_alias_producer to None, run_after=None
[2025-11-10T23:47:32.011+0000] {logging_mixin.py:190} INFO - [2025-11-10T23:47:32.011+0000] {dag.py:4180} INFO - Setting next_dagrun for dataset_s3_bucket_consumer to None, run_after=None
[2025-11-10T23:47:32.012+0000] {logging_mixin.py:190} INFO - [2025-11-10T23:47:32.012+0000] {dag.py:4180} INFO - Setting next_dagrun for dataset_s3_bucket_producer to None, run_after=None
[2025-11-10T23:47:32.023+0000] {processor.py:208} INFO - Processing /home/airflow/.local/lib/python3.12/site-packages/airflow/example_dags/example_dataset_alias.py took 0.379 seconds
[2025-11-10T23:48:03.280+0000] {processor.py:186} INFO - Started process (PID=718) to work on /home/airflow/.local/lib/python3.12/site-packages/airflow/example_dags/example_dataset_alias.py
[2025-11-10T23:48:03.280+0000] {processor.py:914} INFO - Processing file /home/airflow/.local/lib/python3.12/site-packages/airflow/example_dags/example_dataset_alias.py for tasks to queue
[2025-11-10T23:48:03.281+0000] {logging_mixin.py:190} INFO - [2025-11-10T23:48:03.281+0000] {dagbag.py:588} INFO - Filling up the DagBag from /home/airflow/.local/lib/python3.12/site-packages/airflow/example_dags/example_dataset_alias.py
[2025-11-10T23:48:03.622+0000] {processor.py:925} INFO - DAG(s) 'dataset_alias_example_alias_consumer', 'dataset_s3_bucket_consumer', 'dataset_s3_bucket_producer', 'dataset_alias_example_alias_producer' retrieved from /home/airflow/.local/lib/python3.12/site-packages/airflow/example_dags/example_dataset_alias.py
[2025-11-10T23:48:03.633+0000] {logging_mixin.py:190} INFO - [2025-11-10T23:48:03.632+0000] {dag.py:3239} INFO - Sync 4 DAGs
[2025-11-10T23:48:03.644+0000] {logging_mixin.py:190} INFO - [2025-11-10T23:48:03.644+0000] {dag.py:4180} INFO - Setting next_dagrun for dataset_alias_example_alias_consumer to None, run_after=None
[2025-11-10T23:48:03.645+0000] {logging_mixin.py:190} INFO - [2025-11-10T23:48:03.645+0000] {dag.py:4180} INFO - Setting next_dagrun for dataset_alias_example_alias_producer to None, run_after=None
[2025-11-10T23:48:03.646+0000] {logging_mixin.py:190} INFO - [2025-11-10T23:48:03.646+0000] {dag.py:4180} INFO - Setting next_dagrun for dataset_s3_bucket_consumer to None, run_after=None
[2025-11-10T23:48:03.647+0000] {logging_mixin.py:190} INFO - [2025-11-10T23:48:03.647+0000] {dag.py:4180} INFO - Setting next_dagrun for dataset_s3_bucket_producer to None, run_after=None
[2025-11-10T23:48:03.733+0000] {processor.py:208} INFO - Processing /home/airflow/.local/lib/python3.12/site-packages/airflow/example_dags/example_dataset_alias.py took 0.457 seconds
[2025-11-10T23:48:34.651+0000] {processor.py:186} INFO - Started process (PID=783) to work on /home/airflow/.local/lib/python3.12/site-packages/airflow/example_dags/example_dataset_alias.py
[2025-11-10T23:48:34.653+0000] {processor.py:914} INFO - Processing file /home/airflow/.local/lib/python3.12/site-packages/airflow/example_dags/example_dataset_alias.py for tasks to queue
[2025-11-10T23:48:34.654+0000] {logging_mixin.py:190} INFO - [2025-11-10T23:48:34.654+0000] {dagbag.py:588} INFO - Filling up the DagBag from /home/airflow/.local/lib/python3.12/site-packages/airflow/example_dags/example_dataset_alias.py
[2025-11-10T23:48:35.037+0000] {processor.py:925} INFO - DAG(s) 'dataset_s3_bucket_producer', 'dataset_alias_example_alias_consumer', 'dataset_s3_bucket_consumer', 'dataset_alias_example_alias_producer' retrieved from /home/airflow/.local/lib/python3.12/site-packages/airflow/example_dags/example_dataset_alias.py
[2025-11-10T23:48:35.053+0000] {logging_mixin.py:190} INFO - [2025-11-10T23:48:35.053+0000] {dag.py:3239} INFO - Sync 4 DAGs
[2025-11-10T23:48:35.066+0000] {logging_mixin.py:190} INFO - [2025-11-10T23:48:35.066+0000] {dag.py:4180} INFO - Setting next_dagrun for dataset_alias_example_alias_consumer to None, run_after=None
[2025-11-10T23:48:35.068+0000] {logging_mixin.py:190} INFO - [2025-11-10T23:48:35.067+0000] {dag.py:4180} INFO - Setting next_dagrun for dataset_alias_example_alias_producer to None, run_after=None
[2025-11-10T23:48:35.068+0000] {logging_mixin.py:190} INFO - [2025-11-10T23:48:35.068+0000] {dag.py:4180} INFO - Setting next_dagrun for dataset_s3_bucket_consumer to None, run_after=None
[2025-11-10T23:48:35.069+0000] {logging_mixin.py:190} INFO - [2025-11-10T23:48:35.069+0000] {dag.py:4180} INFO - Setting next_dagrun for dataset_s3_bucket_producer to None, run_after=None
[2025-11-10T23:48:35.096+0000] {processor.py:208} INFO - Processing /home/airflow/.local/lib/python3.12/site-packages/airflow/example_dags/example_dataset_alias.py took 0.449 seconds
[2025-11-10T23:49:05.193+0000] {processor.py:186} INFO - Started process (PID=849) to work on /home/airflow/.local/lib/python3.12/site-packages/airflow/example_dags/example_dataset_alias.py
[2025-11-10T23:49:05.193+0000] {processor.py:914} INFO - Processing file /home/airflow/.local/lib/python3.12/site-packages/airflow/example_dags/example_dataset_alias.py for tasks to queue
[2025-11-10T23:49:05.194+0000] {logging_mixin.py:190} INFO - [2025-11-10T23:49:05.194+0000] {dagbag.py:588} INFO - Filling up the DagBag from /home/airflow/.local/lib/python3.12/site-packages/airflow/example_dags/example_dataset_alias.py
[2025-11-10T23:49:05.530+0000] {processor.py:925} INFO - DAG(s) 'dataset_alias_example_alias_consumer', 'dataset_s3_bucket_producer', 'dataset_s3_bucket_consumer', 'dataset_alias_example_alias_producer' retrieved from /home/airflow/.local/lib/python3.12/site-packages/airflow/example_dags/example_dataset_alias.py
[2025-11-10T23:49:05.544+0000] {logging_mixin.py:190} INFO - [2025-11-10T23:49:05.543+0000] {dag.py:3239} INFO - Sync 4 DAGs
[2025-11-10T23:49:05.557+0000] {logging_mixin.py:190} INFO - [2025-11-10T23:49:05.557+0000] {dag.py:4180} INFO - Setting next_dagrun for dataset_alias_example_alias_consumer to None, run_after=None
[2025-11-10T23:49:05.558+0000] {logging_mixin.py:190} INFO - [2025-11-10T23:49:05.558+0000] {dag.py:4180} INFO - Setting next_dagrun for dataset_alias_example_alias_producer to None, run_after=None
[2025-11-10T23:49:05.559+0000] {logging_mixin.py:190} INFO - [2025-11-10T23:49:05.559+0000] {dag.py:4180} INFO - Setting next_dagrun for dataset_s3_bucket_consumer to None, run_after=None
[2025-11-10T23:49:05.560+0000] {logging_mixin.py:190} INFO - [2025-11-10T23:49:05.560+0000] {dag.py:4180} INFO - Setting next_dagrun for dataset_s3_bucket_producer to None, run_after=None
[2025-11-10T23:49:05.594+0000] {processor.py:208} INFO - Processing /home/airflow/.local/lib/python3.12/site-packages/airflow/example_dags/example_dataset_alias.py took 0.405 seconds
[2025-11-10T23:49:36.041+0000] {processor.py:186} INFO - Started process (PID=916) to work on /home/airflow/.local/lib/python3.12/site-packages/airflow/example_dags/example_dataset_alias.py
[2025-11-10T23:49:36.041+0000] {processor.py:914} INFO - Processing file /home/airflow/.local/lib/python3.12/site-packages/airflow/example_dags/example_dataset_alias.py for tasks to queue
[2025-11-10T23:49:36.043+0000] {logging_mixin.py:190} INFO - [2025-11-10T23:49:36.042+0000] {dagbag.py:588} INFO - Filling up the DagBag from /home/airflow/.local/lib/python3.12/site-packages/airflow/example_dags/example_dataset_alias.py
[2025-11-10T23:49:36.420+0000] {processor.py:925} INFO - DAG(s) 'dataset_alias_example_alias_producer', 'dataset_s3_bucket_producer', 'dataset_alias_example_alias_consumer', 'dataset_s3_bucket_consumer' retrieved from /home/airflow/.local/lib/python3.12/site-packages/airflow/example_dags/example_dataset_alias.py
[2025-11-10T23:49:36.430+0000] {logging_mixin.py:190} INFO - [2025-11-10T23:49:36.430+0000] {dag.py:3239} INFO - Sync 4 DAGs
[2025-11-10T23:49:36.441+0000] {logging_mixin.py:190} INFO - [2025-11-10T23:49:36.441+0000] {dag.py:4180} INFO - Setting next_dagrun for dataset_alias_example_alias_consumer to None, run_after=None
[2025-11-10T23:49:36.443+0000] {logging_mixin.py:190} INFO - [2025-11-10T23:49:36.443+0000] {dag.py:4180} INFO - Setting next_dagrun for dataset_alias_example_alias_producer to None, run_after=None
[2025-11-10T23:49:36.444+0000] {logging_mixin.py:190} INFO - [2025-11-10T23:49:36.443+0000] {dag.py:4180} INFO - Setting next_dagrun for dataset_s3_bucket_consumer to None, run_after=None
[2025-11-10T23:49:36.444+0000] {logging_mixin.py:190} INFO - [2025-11-10T23:49:36.444+0000] {dag.py:4180} INFO - Setting next_dagrun for dataset_s3_bucket_producer to None, run_after=None
[2025-11-10T23:49:36.456+0000] {processor.py:208} INFO - Processing /home/airflow/.local/lib/python3.12/site-packages/airflow/example_dags/example_dataset_alias.py took 0.420 seconds
[2025-11-10T23:50:06.603+0000] {processor.py:186} INFO - Started process (PID=990) to work on /home/airflow/.local/lib/python3.12/site-packages/airflow/example_dags/example_dataset_alias.py
[2025-11-10T23:50:06.606+0000] {processor.py:914} INFO - Processing file /home/airflow/.local/lib/python3.12/site-packages/airflow/example_dags/example_dataset_alias.py for tasks to queue
[2025-11-10T23:50:06.607+0000] {logging_mixin.py:190} INFO - [2025-11-10T23:50:06.607+0000] {dagbag.py:588} INFO - Filling up the DagBag from /home/airflow/.local/lib/python3.12/site-packages/airflow/example_dags/example_dataset_alias.py
[2025-11-10T23:50:06.931+0000] {processor.py:925} INFO - DAG(s) 'dataset_s3_bucket_producer', 'dataset_s3_bucket_consumer', 'dataset_alias_example_alias_producer', 'dataset_alias_example_alias_consumer' retrieved from /home/airflow/.local/lib/python3.12/site-packages/airflow/example_dags/example_dataset_alias.py
[2025-11-10T23:50:06.948+0000] {logging_mixin.py:190} INFO - [2025-11-10T23:50:06.947+0000] {dag.py:3239} INFO - Sync 4 DAGs
[2025-11-10T23:50:06.963+0000] {logging_mixin.py:190} INFO - [2025-11-10T23:50:06.963+0000] {dag.py:4180} INFO - Setting next_dagrun for dataset_alias_example_alias_consumer to None, run_after=None
[2025-11-10T23:50:06.964+0000] {logging_mixin.py:190} INFO - [2025-11-10T23:50:06.964+0000] {dag.py:4180} INFO - Setting next_dagrun for dataset_alias_example_alias_producer to None, run_after=None
[2025-11-10T23:50:06.965+0000] {logging_mixin.py:190} INFO - [2025-11-10T23:50:06.965+0000] {dag.py:4180} INFO - Setting next_dagrun for dataset_s3_bucket_consumer to None, run_after=None
[2025-11-10T23:50:06.966+0000] {logging_mixin.py:190} INFO - [2025-11-10T23:50:06.966+0000] {dag.py:4180} INFO - Setting next_dagrun for dataset_s3_bucket_producer to None, run_after=None
[2025-11-10T23:50:06.980+0000] {processor.py:208} INFO - Processing /home/airflow/.local/lib/python3.12/site-packages/airflow/example_dags/example_dataset_alias.py took 0.383 seconds
[2025-11-10T23:50:37.160+0000] {processor.py:186} INFO - Started process (PID=1055) to work on /home/airflow/.local/lib/python3.12/site-packages/airflow/example_dags/example_dataset_alias.py
[2025-11-10T23:50:37.161+0000] {processor.py:914} INFO - Processing file /home/airflow/.local/lib/python3.12/site-packages/airflow/example_dags/example_dataset_alias.py for tasks to queue
[2025-11-10T23:50:37.162+0000] {logging_mixin.py:190} INFO - [2025-11-10T23:50:37.162+0000] {dagbag.py:588} INFO - Filling up the DagBag from /home/airflow/.local/lib/python3.12/site-packages/airflow/example_dags/example_dataset_alias.py
[2025-11-10T23:50:37.517+0000] {processor.py:925} INFO - DAG(s) 'dataset_s3_bucket_producer', 'dataset_alias_example_alias_producer', 'dataset_alias_example_alias_consumer', 'dataset_s3_bucket_consumer' retrieved from /home/airflow/.local/lib/python3.12/site-packages/airflow/example_dags/example_dataset_alias.py
[2025-11-10T23:50:37.531+0000] {logging_mixin.py:190} INFO - [2025-11-10T23:50:37.530+0000] {dag.py:3239} INFO - Sync 4 DAGs
[2025-11-10T23:50:37.545+0000] {logging_mixin.py:190} INFO - [2025-11-10T23:50:37.545+0000] {dag.py:4180} INFO - Setting next_dagrun for dataset_alias_example_alias_consumer to None, run_after=None
[2025-11-10T23:50:37.547+0000] {logging_mixin.py:190} INFO - [2025-11-10T23:50:37.546+0000] {dag.py:4180} INFO - Setting next_dagrun for dataset_alias_example_alias_producer to None, run_after=None
[2025-11-10T23:50:37.547+0000] {logging_mixin.py:190} INFO - [2025-11-10T23:50:37.547+0000] {dag.py:4180} INFO - Setting next_dagrun for dataset_s3_bucket_consumer to None, run_after=None
[2025-11-10T23:50:37.548+0000] {logging_mixin.py:190} INFO - [2025-11-10T23:50:37.548+0000] {dag.py:4180} INFO - Setting next_dagrun for dataset_s3_bucket_producer to None, run_after=None
[2025-11-10T23:50:37.566+0000] {processor.py:208} INFO - Processing /home/airflow/.local/lib/python3.12/site-packages/airflow/example_dags/example_dataset_alias.py took 0.409 seconds
[2025-11-10T23:51:08.139+0000] {processor.py:186} INFO - Started process (PID=1126) to work on /home/airflow/.local/lib/python3.12/site-packages/airflow/example_dags/example_dataset_alias.py
[2025-11-10T23:51:08.142+0000] {processor.py:914} INFO - Processing file /home/airflow/.local/lib/python3.12/site-packages/airflow/example_dags/example_dataset_alias.py for tasks to queue
[2025-11-10T23:51:08.145+0000] {logging_mixin.py:190} INFO - [2025-11-10T23:51:08.145+0000] {dagbag.py:588} INFO - Filling up the DagBag from /home/airflow/.local/lib/python3.12/site-packages/airflow/example_dags/example_dataset_alias.py
[2025-11-10T23:51:08.914+0000] {processor.py:925} INFO - DAG(s) 'dataset_alias_example_alias_producer', 'dataset_s3_bucket_consumer', 'dataset_alias_example_alias_consumer', 'dataset_s3_bucket_producer' retrieved from /home/airflow/.local/lib/python3.12/site-packages/airflow/example_dags/example_dataset_alias.py
[2025-11-10T23:51:08.927+0000] {logging_mixin.py:190} INFO - [2025-11-10T23:51:08.926+0000] {dag.py:3239} INFO - Sync 4 DAGs
[2025-11-10T23:51:08.941+0000] {logging_mixin.py:190} INFO - [2025-11-10T23:51:08.940+0000] {dag.py:4180} INFO - Setting next_dagrun for dataset_alias_example_alias_consumer to None, run_after=None
[2025-11-10T23:51:08.942+0000] {logging_mixin.py:190} INFO - [2025-11-10T23:51:08.942+0000] {dag.py:4180} INFO - Setting next_dagrun for dataset_alias_example_alias_producer to None, run_after=None
[2025-11-10T23:51:08.943+0000] {logging_mixin.py:190} INFO - [2025-11-10T23:51:08.943+0000] {dag.py:4180} INFO - Setting next_dagrun for dataset_s3_bucket_consumer to None, run_after=None
[2025-11-10T23:51:08.943+0000] {logging_mixin.py:190} INFO - [2025-11-10T23:51:08.943+0000] {dag.py:4180} INFO - Setting next_dagrun for dataset_s3_bucket_producer to None, run_after=None
[2025-11-10T23:51:08.960+0000] {processor.py:208} INFO - Processing /home/airflow/.local/lib/python3.12/site-packages/airflow/example_dags/example_dataset_alias.py took 0.827 seconds
[2025-11-10T23:51:39.004+0000] {processor.py:186} INFO - Started process (PID=1193) to work on /home/airflow/.local/lib/python3.12/site-packages/airflow/example_dags/example_dataset_alias.py
[2025-11-10T23:51:39.005+0000] {processor.py:914} INFO - Processing file /home/airflow/.local/lib/python3.12/site-packages/airflow/example_dags/example_dataset_alias.py for tasks to queue
[2025-11-10T23:51:39.006+0000] {logging_mixin.py:190} INFO - [2025-11-10T23:51:39.006+0000] {dagbag.py:588} INFO - Filling up the DagBag from /home/airflow/.local/lib/python3.12/site-packages/airflow/example_dags/example_dataset_alias.py
[2025-11-10T23:51:39.354+0000] {processor.py:925} INFO - DAG(s) 'dataset_alias_example_alias_producer', 'dataset_alias_example_alias_consumer', 'dataset_s3_bucket_producer', 'dataset_s3_bucket_consumer' retrieved from /home/airflow/.local/lib/python3.12/site-packages/airflow/example_dags/example_dataset_alias.py
[2025-11-10T23:51:39.365+0000] {logging_mixin.py:190} INFO - [2025-11-10T23:51:39.365+0000] {dag.py:3239} INFO - Sync 4 DAGs
[2025-11-10T23:51:39.376+0000] {logging_mixin.py:190} INFO - [2025-11-10T23:51:39.376+0000] {dag.py:4180} INFO - Setting next_dagrun for dataset_alias_example_alias_consumer to None, run_after=None
[2025-11-10T23:51:39.378+0000] {logging_mixin.py:190} INFO - [2025-11-10T23:51:39.378+0000] {dag.py:4180} INFO - Setting next_dagrun for dataset_alias_example_alias_producer to None, run_after=None
[2025-11-10T23:51:39.379+0000] {logging_mixin.py:190} INFO - [2025-11-10T23:51:39.379+0000] {dag.py:4180} INFO - Setting next_dagrun for dataset_s3_bucket_consumer to None, run_after=None
[2025-11-10T23:51:39.379+0000] {logging_mixin.py:190} INFO - [2025-11-10T23:51:39.379+0000] {dag.py:4180} INFO - Setting next_dagrun for dataset_s3_bucket_producer to None, run_after=None
[2025-11-10T23:51:39.391+0000] {processor.py:208} INFO - Processing /home/airflow/.local/lib/python3.12/site-packages/airflow/example_dags/example_dataset_alias.py took 0.392 seconds
[2025-11-10T23:52:10.176+0000] {processor.py:186} INFO - Started process (PID=1250) to work on /home/airflow/.local/lib/python3.12/site-packages/airflow/example_dags/example_dataset_alias.py
[2025-11-10T23:52:10.177+0000] {processor.py:914} INFO - Processing file /home/airflow/.local/lib/python3.12/site-packages/airflow/example_dags/example_dataset_alias.py for tasks to queue
[2025-11-10T23:52:10.178+0000] {logging_mixin.py:190} INFO - [2025-11-10T23:52:10.178+0000] {dagbag.py:588} INFO - Filling up the DagBag from /home/airflow/.local/lib/python3.12/site-packages/airflow/example_dags/example_dataset_alias.py
[2025-11-10T23:52:10.878+0000] {processor.py:925} INFO - DAG(s) 'dataset_alias_example_alias_producer', 'dataset_s3_bucket_consumer', 'dataset_alias_example_alias_consumer', 'dataset_s3_bucket_producer' retrieved from /home/airflow/.local/lib/python3.12/site-packages/airflow/example_dags/example_dataset_alias.py
[2025-11-10T23:52:10.892+0000] {logging_mixin.py:190} INFO - [2025-11-10T23:52:10.891+0000] {dag.py:3239} INFO - Sync 4 DAGs
[2025-11-10T23:52:10.907+0000] {logging_mixin.py:190} INFO - [2025-11-10T23:52:10.907+0000] {dag.py:4180} INFO - Setting next_dagrun for dataset_alias_example_alias_consumer to None, run_after=None
[2025-11-10T23:52:10.909+0000] {logging_mixin.py:190} INFO - [2025-11-10T23:52:10.909+0000] {dag.py:4180} INFO - Setting next_dagrun for dataset_alias_example_alias_producer to None, run_after=None
[2025-11-10T23:52:10.909+0000] {logging_mixin.py:190} INFO - [2025-11-10T23:52:10.909+0000] {dag.py:4180} INFO - Setting next_dagrun for dataset_s3_bucket_consumer to None, run_after=None
[2025-11-10T23:52:10.910+0000] {logging_mixin.py:190} INFO - [2025-11-10T23:52:10.910+0000] {dag.py:4180} INFO - Setting next_dagrun for dataset_s3_bucket_producer to None, run_after=None
[2025-11-10T23:52:10.930+0000] {processor.py:208} INFO - Processing /home/airflow/.local/lib/python3.12/site-packages/airflow/example_dags/example_dataset_alias.py took 0.757 seconds
[2025-11-10T23:52:41.427+0000] {processor.py:186} INFO - Started process (PID=1316) to work on /home/airflow/.local/lib/python3.12/site-packages/airflow/example_dags/example_dataset_alias.py
[2025-11-10T23:52:41.429+0000] {processor.py:914} INFO - Processing file /home/airflow/.local/lib/python3.12/site-packages/airflow/example_dags/example_dataset_alias.py for tasks to queue
[2025-11-10T23:52:41.430+0000] {logging_mixin.py:190} INFO - [2025-11-10T23:52:41.430+0000] {dagbag.py:588} INFO - Filling up the DagBag from /home/airflow/.local/lib/python3.12/site-packages/airflow/example_dags/example_dataset_alias.py
[2025-11-10T23:52:41.854+0000] {processor.py:925} INFO - DAG(s) 'dataset_s3_bucket_producer', 'dataset_alias_example_alias_consumer', 'dataset_alias_example_alias_producer', 'dataset_s3_bucket_consumer' retrieved from /home/airflow/.local/lib/python3.12/site-packages/airflow/example_dags/example_dataset_alias.py
[2025-11-10T23:52:41.865+0000] {logging_mixin.py:190} INFO - [2025-11-10T23:52:41.865+0000] {dag.py:3239} INFO - Sync 4 DAGs
[2025-11-10T23:52:41.877+0000] {logging_mixin.py:190} INFO - [2025-11-10T23:52:41.877+0000] {dag.py:4180} INFO - Setting next_dagrun for dataset_alias_example_alias_consumer to None, run_after=None
[2025-11-10T23:52:41.879+0000] {logging_mixin.py:190} INFO - [2025-11-10T23:52:41.878+0000] {dag.py:4180} INFO - Setting next_dagrun for dataset_alias_example_alias_producer to None, run_after=None
[2025-11-10T23:52:41.879+0000] {logging_mixin.py:190} INFO - [2025-11-10T23:52:41.879+0000] {dag.py:4180} INFO - Setting next_dagrun for dataset_s3_bucket_consumer to None, run_after=None
[2025-11-10T23:52:41.880+0000] {logging_mixin.py:190} INFO - [2025-11-10T23:52:41.880+0000] {dag.py:4180} INFO - Setting next_dagrun for dataset_s3_bucket_producer to None, run_after=None
[2025-11-10T23:52:41.894+0000] {processor.py:208} INFO - Processing /home/airflow/.local/lib/python3.12/site-packages/airflow/example_dags/example_dataset_alias.py took 0.472 seconds
[2025-11-10T23:53:12.863+0000] {processor.py:186} INFO - Started process (PID=1388) to work on /home/airflow/.local/lib/python3.12/site-packages/airflow/example_dags/example_dataset_alias.py
[2025-11-10T23:53:12.864+0000] {processor.py:914} INFO - Processing file /home/airflow/.local/lib/python3.12/site-packages/airflow/example_dags/example_dataset_alias.py for tasks to queue
[2025-11-10T23:53:12.865+0000] {logging_mixin.py:190} INFO - [2025-11-10T23:53:12.865+0000] {dagbag.py:588} INFO - Filling up the DagBag from /home/airflow/.local/lib/python3.12/site-packages/airflow/example_dags/example_dataset_alias.py
[2025-11-10T23:53:13.268+0000] {processor.py:925} INFO - DAG(s) 'dataset_s3_bucket_producer', 'dataset_s3_bucket_consumer', 'dataset_alias_example_alias_consumer', 'dataset_alias_example_alias_producer' retrieved from /home/airflow/.local/lib/python3.12/site-packages/airflow/example_dags/example_dataset_alias.py
[2025-11-10T23:53:13.280+0000] {logging_mixin.py:190} INFO - [2025-11-10T23:53:13.279+0000] {dag.py:3239} INFO - Sync 4 DAGs
[2025-11-10T23:53:13.297+0000] {logging_mixin.py:190} INFO - [2025-11-10T23:53:13.296+0000] {dag.py:4180} INFO - Setting next_dagrun for dataset_alias_example_alias_consumer to None, run_after=None
[2025-11-10T23:53:13.299+0000] {logging_mixin.py:190} INFO - [2025-11-10T23:53:13.299+0000] {dag.py:4180} INFO - Setting next_dagrun for dataset_alias_example_alias_producer to None, run_after=None
[2025-11-10T23:53:13.300+0000] {logging_mixin.py:190} INFO - [2025-11-10T23:53:13.300+0000] {dag.py:4180} INFO - Setting next_dagrun for dataset_s3_bucket_consumer to None, run_after=None
[2025-11-10T23:53:13.301+0000] {logging_mixin.py:190} INFO - [2025-11-10T23:53:13.301+0000] {dag.py:4180} INFO - Setting next_dagrun for dataset_s3_bucket_producer to None, run_after=None
[2025-11-10T23:53:13.358+0000] {processor.py:208} INFO - Processing /home/airflow/.local/lib/python3.12/site-packages/airflow/example_dags/example_dataset_alias.py took 0.499 seconds
[2025-11-10T23:53:43.692+0000] {processor.py:186} INFO - Started process (PID=1453) to work on /home/airflow/.local/lib/python3.12/site-packages/airflow/example_dags/example_dataset_alias.py
[2025-11-10T23:53:43.694+0000] {processor.py:914} INFO - Processing file /home/airflow/.local/lib/python3.12/site-packages/airflow/example_dags/example_dataset_alias.py for tasks to queue
[2025-11-10T23:53:43.695+0000] {logging_mixin.py:190} INFO - [2025-11-10T23:53:43.695+0000] {dagbag.py:588} INFO - Filling up the DagBag from /home/airflow/.local/lib/python3.12/site-packages/airflow/example_dags/example_dataset_alias.py
[2025-11-10T23:53:44.054+0000] {processor.py:925} INFO - DAG(s) 'dataset_alias_example_alias_producer', 'dataset_s3_bucket_producer', 'dataset_alias_example_alias_consumer', 'dataset_s3_bucket_consumer' retrieved from /home/airflow/.local/lib/python3.12/site-packages/airflow/example_dags/example_dataset_alias.py
[2025-11-10T23:53:44.067+0000] {logging_mixin.py:190} INFO - [2025-11-10T23:53:44.066+0000] {dag.py:3239} INFO - Sync 4 DAGs
[2025-11-10T23:53:44.079+0000] {logging_mixin.py:190} INFO - [2025-11-10T23:53:44.079+0000] {dag.py:4180} INFO - Setting next_dagrun for dataset_alias_example_alias_consumer to None, run_after=None
[2025-11-10T23:53:44.082+0000] {logging_mixin.py:190} INFO - [2025-11-10T23:53:44.082+0000] {dag.py:4180} INFO - Setting next_dagrun for dataset_alias_example_alias_producer to None, run_after=None
[2025-11-10T23:53:44.083+0000] {logging_mixin.py:190} INFO - [2025-11-10T23:53:44.082+0000] {dag.py:4180} INFO - Setting next_dagrun for dataset_s3_bucket_consumer to None, run_after=None
[2025-11-10T23:53:44.084+0000] {logging_mixin.py:190} INFO - [2025-11-10T23:53:44.084+0000] {dag.py:4180} INFO - Setting next_dagrun for dataset_s3_bucket_producer to None, run_after=None
[2025-11-10T23:53:44.097+0000] {processor.py:208} INFO - Processing /home/airflow/.local/lib/python3.12/site-packages/airflow/example_dags/example_dataset_alias.py took 0.409 seconds
[2025-11-10T23:54:14.884+0000] {processor.py:186} INFO - Started process (PID=1522) to work on /home/airflow/.local/lib/python3.12/site-packages/airflow/example_dags/example_dataset_alias.py
[2025-11-10T23:54:14.886+0000] {processor.py:914} INFO - Processing file /home/airflow/.local/lib/python3.12/site-packages/airflow/example_dags/example_dataset_alias.py for tasks to queue
[2025-11-10T23:54:14.887+0000] {logging_mixin.py:190} INFO - [2025-11-10T23:54:14.887+0000] {dagbag.py:588} INFO - Filling up the DagBag from /home/airflow/.local/lib/python3.12/site-packages/airflow/example_dags/example_dataset_alias.py
[2025-11-10T23:54:15.659+0000] {processor.py:925} INFO - DAG(s) 'dataset_s3_bucket_consumer', 'dataset_alias_example_alias_consumer', 'dataset_s3_bucket_producer', 'dataset_alias_example_alias_producer' retrieved from /home/airflow/.local/lib/python3.12/site-packages/airflow/example_dags/example_dataset_alias.py
[2025-11-10T23:54:15.679+0000] {logging_mixin.py:190} INFO - [2025-11-10T23:54:15.678+0000] {dag.py:3239} INFO - Sync 4 DAGs
[2025-11-10T23:54:15.699+0000] {logging_mixin.py:190} INFO - [2025-11-10T23:54:15.699+0000] {dag.py:4180} INFO - Setting next_dagrun for dataset_alias_example_alias_consumer to None, run_after=None
[2025-11-10T23:54:15.702+0000] {logging_mixin.py:190} INFO - [2025-11-10T23:54:15.702+0000] {dag.py:4180} INFO - Setting next_dagrun for dataset_alias_example_alias_producer to None, run_after=None
[2025-11-10T23:54:15.703+0000] {logging_mixin.py:190} INFO - [2025-11-10T23:54:15.703+0000] {dag.py:4180} INFO - Setting next_dagrun for dataset_s3_bucket_consumer to None, run_after=None
[2025-11-10T23:54:15.704+0000] {logging_mixin.py:190} INFO - [2025-11-10T23:54:15.704+0000] {dag.py:4180} INFO - Setting next_dagrun for dataset_s3_bucket_producer to None, run_after=None
[2025-11-10T23:54:15.720+0000] {processor.py:208} INFO - Processing /home/airflow/.local/lib/python3.12/site-packages/airflow/example_dags/example_dataset_alias.py took 0.843 seconds
[2025-11-10T23:54:45.801+0000] {processor.py:186} INFO - Started process (PID=1593) to work on /home/airflow/.local/lib/python3.12/site-packages/airflow/example_dags/example_dataset_alias.py
[2025-11-10T23:54:45.802+0000] {processor.py:914} INFO - Processing file /home/airflow/.local/lib/python3.12/site-packages/airflow/example_dags/example_dataset_alias.py for tasks to queue
[2025-11-10T23:54:45.802+0000] {logging_mixin.py:190} INFO - [2025-11-10T23:54:45.802+0000] {dagbag.py:588} INFO - Filling up the DagBag from /home/airflow/.local/lib/python3.12/site-packages/airflow/example_dags/example_dataset_alias.py
[2025-11-10T23:54:46.191+0000] {processor.py:925} INFO - DAG(s) 'dataset_s3_bucket_producer', 'dataset_s3_bucket_consumer', 'dataset_alias_example_alias_consumer', 'dataset_alias_example_alias_producer' retrieved from /home/airflow/.local/lib/python3.12/site-packages/airflow/example_dags/example_dataset_alias.py
[2025-11-10T23:54:46.212+0000] {logging_mixin.py:190} INFO - [2025-11-10T23:54:46.212+0000] {dag.py:3239} INFO - Sync 4 DAGs
[2025-11-10T23:54:46.234+0000] {logging_mixin.py:190} INFO - [2025-11-10T23:54:46.234+0000] {dag.py:4180} INFO - Setting next_dagrun for dataset_alias_example_alias_consumer to None, run_after=None
[2025-11-10T23:54:46.236+0000] {logging_mixin.py:190} INFO - [2025-11-10T23:54:46.236+0000] {dag.py:4180} INFO - Setting next_dagrun for dataset_alias_example_alias_producer to None, run_after=None
[2025-11-10T23:54:46.240+0000] {logging_mixin.py:190} INFO - [2025-11-10T23:54:46.239+0000] {dag.py:4180} INFO - Setting next_dagrun for dataset_s3_bucket_consumer to None, run_after=None
[2025-11-10T23:54:46.241+0000] {logging_mixin.py:190} INFO - [2025-11-10T23:54:46.241+0000] {dag.py:4180} INFO - Setting next_dagrun for dataset_s3_bucket_producer to None, run_after=None
[2025-11-10T23:54:46.266+0000] {processor.py:208} INFO - Processing /home/airflow/.local/lib/python3.12/site-packages/airflow/example_dags/example_dataset_alias.py took 0.468 seconds
[2025-11-10T23:55:16.320+0000] {processor.py:186} INFO - Started process (PID=1657) to work on /home/airflow/.local/lib/python3.12/site-packages/airflow/example_dags/example_dataset_alias.py
[2025-11-10T23:55:16.321+0000] {processor.py:914} INFO - Processing file /home/airflow/.local/lib/python3.12/site-packages/airflow/example_dags/example_dataset_alias.py for tasks to queue
[2025-11-10T23:55:16.322+0000] {logging_mixin.py:190} INFO - [2025-11-10T23:55:16.321+0000] {dagbag.py:588} INFO - Filling up the DagBag from /home/airflow/.local/lib/python3.12/site-packages/airflow/example_dags/example_dataset_alias.py
[2025-11-10T23:55:16.669+0000] {processor.py:925} INFO - DAG(s) 'dataset_alias_example_alias_consumer', 'dataset_s3_bucket_consumer', 'dataset_alias_example_alias_producer', 'dataset_s3_bucket_producer' retrieved from /home/airflow/.local/lib/python3.12/site-packages/airflow/example_dags/example_dataset_alias.py
[2025-11-10T23:55:16.679+0000] {logging_mixin.py:190} INFO - [2025-11-10T23:55:16.679+0000] {dag.py:3239} INFO - Sync 4 DAGs
[2025-11-10T23:55:16.692+0000] {logging_mixin.py:190} INFO - [2025-11-10T23:55:16.692+0000] {dag.py:4180} INFO - Setting next_dagrun for dataset_alias_example_alias_consumer to None, run_after=None
[2025-11-10T23:55:16.694+0000] {logging_mixin.py:190} INFO - [2025-11-10T23:55:16.694+0000] {dag.py:4180} INFO - Setting next_dagrun for dataset_alias_example_alias_producer to None, run_after=None
[2025-11-10T23:55:16.694+0000] {logging_mixin.py:190} INFO - [2025-11-10T23:55:16.694+0000] {dag.py:4180} INFO - Setting next_dagrun for dataset_s3_bucket_consumer to None, run_after=None
[2025-11-10T23:55:16.695+0000] {logging_mixin.py:190} INFO - [2025-11-10T23:55:16.695+0000] {dag.py:4180} INFO - Setting next_dagrun for dataset_s3_bucket_producer to None, run_after=None
[2025-11-10T23:55:16.708+0000] {processor.py:208} INFO - Processing /home/airflow/.local/lib/python3.12/site-packages/airflow/example_dags/example_dataset_alias.py took 0.392 seconds
[2025-11-10T23:55:46.859+0000] {processor.py:186} INFO - Started process (PID=1722) to work on /home/airflow/.local/lib/python3.12/site-packages/airflow/example_dags/example_dataset_alias.py
[2025-11-10T23:55:46.860+0000] {processor.py:914} INFO - Processing file /home/airflow/.local/lib/python3.12/site-packages/airflow/example_dags/example_dataset_alias.py for tasks to queue
[2025-11-10T23:55:46.861+0000] {logging_mixin.py:190} INFO - [2025-11-10T23:55:46.860+0000] {dagbag.py:588} INFO - Filling up the DagBag from /home/airflow/.local/lib/python3.12/site-packages/airflow/example_dags/example_dataset_alias.py
[2025-11-10T23:55:47.225+0000] {processor.py:925} INFO - DAG(s) 'dataset_s3_bucket_consumer', 'dataset_alias_example_alias_producer', 'dataset_alias_example_alias_consumer', 'dataset_s3_bucket_producer' retrieved from /home/airflow/.local/lib/python3.12/site-packages/airflow/example_dags/example_dataset_alias.py
[2025-11-10T23:55:47.237+0000] {logging_mixin.py:190} INFO - [2025-11-10T23:55:47.236+0000] {dag.py:3239} INFO - Sync 4 DAGs
[2025-11-10T23:55:47.249+0000] {logging_mixin.py:190} INFO - [2025-11-10T23:55:47.248+0000] {dag.py:4180} INFO - Setting next_dagrun for dataset_alias_example_alias_consumer to None, run_after=None
[2025-11-10T23:55:47.250+0000] {logging_mixin.py:190} INFO - [2025-11-10T23:55:47.250+0000] {dag.py:4180} INFO - Setting next_dagrun for dataset_alias_example_alias_producer to None, run_after=None
[2025-11-10T23:55:47.251+0000] {logging_mixin.py:190} INFO - [2025-11-10T23:55:47.251+0000] {dag.py:4180} INFO - Setting next_dagrun for dataset_s3_bucket_consumer to None, run_after=None
[2025-11-10T23:55:47.251+0000] {logging_mixin.py:190} INFO - [2025-11-10T23:55:47.251+0000] {dag.py:4180} INFO - Setting next_dagrun for dataset_s3_bucket_producer to None, run_after=None
[2025-11-10T23:55:47.263+0000] {processor.py:208} INFO - Processing /home/airflow/.local/lib/python3.12/site-packages/airflow/example_dags/example_dataset_alias.py took 0.409 seconds
[2025-11-10T23:56:17.859+0000] {processor.py:186} INFO - Started process (PID=1781) to work on /home/airflow/.local/lib/python3.12/site-packages/airflow/example_dags/example_dataset_alias.py
[2025-11-10T23:56:17.859+0000] {processor.py:914} INFO - Processing file /home/airflow/.local/lib/python3.12/site-packages/airflow/example_dags/example_dataset_alias.py for tasks to queue
[2025-11-10T23:56:17.860+0000] {logging_mixin.py:190} INFO - [2025-11-10T23:56:17.860+0000] {dagbag.py:588} INFO - Filling up the DagBag from /home/airflow/.local/lib/python3.12/site-packages/airflow/example_dags/example_dataset_alias.py
[2025-11-10T23:56:18.211+0000] {processor.py:925} INFO - DAG(s) 'dataset_s3_bucket_producer', 'dataset_s3_bucket_consumer', 'dataset_alias_example_alias_producer', 'dataset_alias_example_alias_consumer' retrieved from /home/airflow/.local/lib/python3.12/site-packages/airflow/example_dags/example_dataset_alias.py
[2025-11-10T23:56:18.221+0000] {logging_mixin.py:190} INFO - [2025-11-10T23:56:18.221+0000] {dag.py:3239} INFO - Sync 4 DAGs
[2025-11-10T23:56:18.233+0000] {logging_mixin.py:190} INFO - [2025-11-10T23:56:18.233+0000] {dag.py:4180} INFO - Setting next_dagrun for dataset_alias_example_alias_consumer to None, run_after=None
[2025-11-10T23:56:18.234+0000] {logging_mixin.py:190} INFO - [2025-11-10T23:56:18.234+0000] {dag.py:4180} INFO - Setting next_dagrun for dataset_alias_example_alias_producer to None, run_after=None
[2025-11-10T23:56:18.235+0000] {logging_mixin.py:190} INFO - [2025-11-10T23:56:18.235+0000] {dag.py:4180} INFO - Setting next_dagrun for dataset_s3_bucket_consumer to None, run_after=None
[2025-11-10T23:56:18.236+0000] {logging_mixin.py:190} INFO - [2025-11-10T23:56:18.235+0000] {dag.py:4180} INFO - Setting next_dagrun for dataset_s3_bucket_producer to None, run_after=None
[2025-11-10T23:56:18.251+0000] {processor.py:208} INFO - Processing /home/airflow/.local/lib/python3.12/site-packages/airflow/example_dags/example_dataset_alias.py took 0.398 seconds
[2025-11-10T23:56:48.917+0000] {processor.py:186} INFO - Started process (PID=1843) to work on /home/airflow/.local/lib/python3.12/site-packages/airflow/example_dags/example_dataset_alias.py
[2025-11-10T23:56:48.917+0000] {processor.py:914} INFO - Processing file /home/airflow/.local/lib/python3.12/site-packages/airflow/example_dags/example_dataset_alias.py for tasks to queue
[2025-11-10T23:56:48.918+0000] {logging_mixin.py:190} INFO - [2025-11-10T23:56:48.918+0000] {dagbag.py:588} INFO - Filling up the DagBag from /home/airflow/.local/lib/python3.12/site-packages/airflow/example_dags/example_dataset_alias.py
[2025-11-10T23:56:49.250+0000] {processor.py:925} INFO - DAG(s) 'dataset_s3_bucket_consumer', 'dataset_s3_bucket_producer', 'dataset_alias_example_alias_producer', 'dataset_alias_example_alias_consumer' retrieved from /home/airflow/.local/lib/python3.12/site-packages/airflow/example_dags/example_dataset_alias.py
[2025-11-10T23:56:49.259+0000] {logging_mixin.py:190} INFO - [2025-11-10T23:56:49.259+0000] {dag.py:3239} INFO - Sync 4 DAGs
[2025-11-10T23:56:49.271+0000] {logging_mixin.py:190} INFO - [2025-11-10T23:56:49.271+0000] {dag.py:4180} INFO - Setting next_dagrun for dataset_alias_example_alias_consumer to None, run_after=None
[2025-11-10T23:56:49.273+0000] {logging_mixin.py:190} INFO - [2025-11-10T23:56:49.273+0000] {dag.py:4180} INFO - Setting next_dagrun for dataset_alias_example_alias_producer to None, run_after=None
[2025-11-10T23:56:49.273+0000] {logging_mixin.py:190} INFO - [2025-11-10T23:56:49.273+0000] {dag.py:4180} INFO - Setting next_dagrun for dataset_s3_bucket_consumer to None, run_after=None
[2025-11-10T23:56:49.274+0000] {logging_mixin.py:190} INFO - [2025-11-10T23:56:49.274+0000] {dag.py:4180} INFO - Setting next_dagrun for dataset_s3_bucket_producer to None, run_after=None
[2025-11-10T23:56:49.363+0000] {processor.py:208} INFO - Processing /home/airflow/.local/lib/python3.12/site-packages/airflow/example_dags/example_dataset_alias.py took 0.450 seconds
[2025-11-10T23:57:20.352+0000] {processor.py:186} INFO - Started process (PID=1907) to work on /home/airflow/.local/lib/python3.12/site-packages/airflow/example_dags/example_dataset_alias.py
[2025-11-10T23:57:20.352+0000] {processor.py:914} INFO - Processing file /home/airflow/.local/lib/python3.12/site-packages/airflow/example_dags/example_dataset_alias.py for tasks to queue
[2025-11-10T23:57:20.353+0000] {logging_mixin.py:190} INFO - [2025-11-10T23:57:20.353+0000] {dagbag.py:588} INFO - Filling up the DagBag from /home/airflow/.local/lib/python3.12/site-packages/airflow/example_dags/example_dataset_alias.py
[2025-11-10T23:57:20.676+0000] {processor.py:925} INFO - DAG(s) 'dataset_s3_bucket_producer', 'dataset_s3_bucket_consumer', 'dataset_alias_example_alias_producer', 'dataset_alias_example_alias_consumer' retrieved from /home/airflow/.local/lib/python3.12/site-packages/airflow/example_dags/example_dataset_alias.py
[2025-11-10T23:57:20.687+0000] {logging_mixin.py:190} INFO - [2025-11-10T23:57:20.686+0000] {dag.py:3239} INFO - Sync 4 DAGs
[2025-11-10T23:57:20.698+0000] {logging_mixin.py:190} INFO - [2025-11-10T23:57:20.697+0000] {dag.py:4180} INFO - Setting next_dagrun for dataset_alias_example_alias_consumer to None, run_after=None
[2025-11-10T23:57:20.699+0000] {logging_mixin.py:190} INFO - [2025-11-10T23:57:20.699+0000] {dag.py:4180} INFO - Setting next_dagrun for dataset_alias_example_alias_producer to None, run_after=None
[2025-11-10T23:57:20.700+0000] {logging_mixin.py:190} INFO - [2025-11-10T23:57:20.700+0000] {dag.py:4180} INFO - Setting next_dagrun for dataset_s3_bucket_consumer to None, run_after=None
[2025-11-10T23:57:20.700+0000] {logging_mixin.py:190} INFO - [2025-11-10T23:57:20.700+0000] {dag.py:4180} INFO - Setting next_dagrun for dataset_s3_bucket_producer to None, run_after=None
[2025-11-10T23:57:20.714+0000] {processor.py:208} INFO - Processing /home/airflow/.local/lib/python3.12/site-packages/airflow/example_dags/example_dataset_alias.py took 0.366 seconds
[2025-11-10T23:57:51.581+0000] {processor.py:186} INFO - Started process (PID=1971) to work on /home/airflow/.local/lib/python3.12/site-packages/airflow/example_dags/example_dataset_alias.py
[2025-11-10T23:57:51.582+0000] {processor.py:914} INFO - Processing file /home/airflow/.local/lib/python3.12/site-packages/airflow/example_dags/example_dataset_alias.py for tasks to queue
[2025-11-10T23:57:51.582+0000] {logging_mixin.py:190} INFO - [2025-11-10T23:57:51.582+0000] {dagbag.py:588} INFO - Filling up the DagBag from /home/airflow/.local/lib/python3.12/site-packages/airflow/example_dags/example_dataset_alias.py
[2025-11-10T23:57:51.905+0000] {processor.py:925} INFO - DAG(s) 'dataset_alias_example_alias_consumer', 'dataset_s3_bucket_producer', 'dataset_alias_example_alias_producer', 'dataset_s3_bucket_consumer' retrieved from /home/airflow/.local/lib/python3.12/site-packages/airflow/example_dags/example_dataset_alias.py
[2025-11-10T23:57:51.916+0000] {logging_mixin.py:190} INFO - [2025-11-10T23:57:51.915+0000] {dag.py:3239} INFO - Sync 4 DAGs
[2025-11-10T23:57:51.927+0000] {logging_mixin.py:190} INFO - [2025-11-10T23:57:51.927+0000] {dag.py:4180} INFO - Setting next_dagrun for dataset_alias_example_alias_consumer to None, run_after=None
[2025-11-10T23:57:51.928+0000] {logging_mixin.py:190} INFO - [2025-11-10T23:57:51.928+0000] {dag.py:4180} INFO - Setting next_dagrun for dataset_alias_example_alias_producer to None, run_after=None
[2025-11-10T23:57:51.929+0000] {logging_mixin.py:190} INFO - [2025-11-10T23:57:51.929+0000] {dag.py:4180} INFO - Setting next_dagrun for dataset_s3_bucket_consumer to None, run_after=None
[2025-11-10T23:57:51.930+0000] {logging_mixin.py:190} INFO - [2025-11-10T23:57:51.929+0000] {dag.py:4180} INFO - Setting next_dagrun for dataset_s3_bucket_producer to None, run_after=None
[2025-11-10T23:57:51.941+0000] {processor.py:208} INFO - Processing /home/airflow/.local/lib/python3.12/site-packages/airflow/example_dags/example_dataset_alias.py took 0.363 seconds
[2025-11-10T23:58:22.827+0000] {processor.py:186} INFO - Started process (PID=2035) to work on /home/airflow/.local/lib/python3.12/site-packages/airflow/example_dags/example_dataset_alias.py
[2025-11-10T23:58:22.828+0000] {processor.py:914} INFO - Processing file /home/airflow/.local/lib/python3.12/site-packages/airflow/example_dags/example_dataset_alias.py for tasks to queue
[2025-11-10T23:58:22.828+0000] {logging_mixin.py:190} INFO - [2025-11-10T23:58:22.828+0000] {dagbag.py:588} INFO - Filling up the DagBag from /home/airflow/.local/lib/python3.12/site-packages/airflow/example_dags/example_dataset_alias.py
[2025-11-10T23:58:23.192+0000] {processor.py:925} INFO - DAG(s) 'dataset_alias_example_alias_consumer', 'dataset_alias_example_alias_producer', 'dataset_s3_bucket_producer', 'dataset_s3_bucket_consumer' retrieved from /home/airflow/.local/lib/python3.12/site-packages/airflow/example_dags/example_dataset_alias.py
[2025-11-10T23:58:23.203+0000] {logging_mixin.py:190} INFO - [2025-11-10T23:58:23.203+0000] {dag.py:3239} INFO - Sync 4 DAGs
[2025-11-10T23:58:23.216+0000] {logging_mixin.py:190} INFO - [2025-11-10T23:58:23.216+0000] {dag.py:4180} INFO - Setting next_dagrun for dataset_alias_example_alias_consumer to None, run_after=None
[2025-11-10T23:58:23.218+0000] {logging_mixin.py:190} INFO - [2025-11-10T23:58:23.218+0000] {dag.py:4180} INFO - Setting next_dagrun for dataset_alias_example_alias_producer to None, run_after=None
[2025-11-10T23:58:23.219+0000] {logging_mixin.py:190} INFO - [2025-11-10T23:58:23.218+0000] {dag.py:4180} INFO - Setting next_dagrun for dataset_s3_bucket_consumer to None, run_after=None
[2025-11-10T23:58:23.219+0000] {logging_mixin.py:190} INFO - [2025-11-10T23:58:23.219+0000] {dag.py:4180} INFO - Setting next_dagrun for dataset_s3_bucket_producer to None, run_after=None
[2025-11-10T23:58:23.234+0000] {processor.py:208} INFO - Processing /home/airflow/.local/lib/python3.12/site-packages/airflow/example_dags/example_dataset_alias.py took 0.411 seconds
[2025-11-10T23:58:53.831+0000] {processor.py:186} INFO - Started process (PID=2099) to work on /home/airflow/.local/lib/python3.12/site-packages/airflow/example_dags/example_dataset_alias.py
[2025-11-10T23:58:53.832+0000] {processor.py:914} INFO - Processing file /home/airflow/.local/lib/python3.12/site-packages/airflow/example_dags/example_dataset_alias.py for tasks to queue
[2025-11-10T23:58:53.832+0000] {logging_mixin.py:190} INFO - [2025-11-10T23:58:53.832+0000] {dagbag.py:588} INFO - Filling up the DagBag from /home/airflow/.local/lib/python3.12/site-packages/airflow/example_dags/example_dataset_alias.py
[2025-11-10T23:58:54.193+0000] {processor.py:925} INFO - DAG(s) 'dataset_alias_example_alias_producer', 'dataset_s3_bucket_producer', 'dataset_s3_bucket_consumer', 'dataset_alias_example_alias_consumer' retrieved from /home/airflow/.local/lib/python3.12/site-packages/airflow/example_dags/example_dataset_alias.py
[2025-11-10T23:58:54.214+0000] {logging_mixin.py:190} INFO - [2025-11-10T23:58:54.213+0000] {dag.py:3239} INFO - Sync 4 DAGs
[2025-11-10T23:58:54.228+0000] {logging_mixin.py:190} INFO - [2025-11-10T23:58:54.228+0000] {dag.py:4180} INFO - Setting next_dagrun for dataset_alias_example_alias_consumer to None, run_after=None
[2025-11-10T23:58:54.229+0000] {logging_mixin.py:190} INFO - [2025-11-10T23:58:54.229+0000] {dag.py:4180} INFO - Setting next_dagrun for dataset_alias_example_alias_producer to None, run_after=None
[2025-11-10T23:58:54.230+0000] {logging_mixin.py:190} INFO - [2025-11-10T23:58:54.230+0000] {dag.py:4180} INFO - Setting next_dagrun for dataset_s3_bucket_consumer to None, run_after=None
[2025-11-10T23:58:54.231+0000] {logging_mixin.py:190} INFO - [2025-11-10T23:58:54.231+0000] {dag.py:4180} INFO - Setting next_dagrun for dataset_s3_bucket_producer to None, run_after=None
[2025-11-10T23:58:54.298+0000] {processor.py:208} INFO - Processing /home/airflow/.local/lib/python3.12/site-packages/airflow/example_dags/example_dataset_alias.py took 0.470 seconds
[2025-11-10T23:59:24.661+0000] {processor.py:186} INFO - Started process (PID=2163) to work on /home/airflow/.local/lib/python3.12/site-packages/airflow/example_dags/example_dataset_alias.py
[2025-11-10T23:59:24.661+0000] {processor.py:914} INFO - Processing file /home/airflow/.local/lib/python3.12/site-packages/airflow/example_dags/example_dataset_alias.py for tasks to queue
[2025-11-10T23:59:24.662+0000] {logging_mixin.py:190} INFO - [2025-11-10T23:59:24.662+0000] {dagbag.py:588} INFO - Filling up the DagBag from /home/airflow/.local/lib/python3.12/site-packages/airflow/example_dags/example_dataset_alias.py
[2025-11-10T23:59:24.988+0000] {processor.py:925} INFO - DAG(s) 'dataset_alias_example_alias_producer', 'dataset_s3_bucket_producer', 'dataset_s3_bucket_consumer', 'dataset_alias_example_alias_consumer' retrieved from /home/airflow/.local/lib/python3.12/site-packages/airflow/example_dags/example_dataset_alias.py
[2025-11-10T23:59:24.998+0000] {logging_mixin.py:190} INFO - [2025-11-10T23:59:24.998+0000] {dag.py:3239} INFO - Sync 4 DAGs
[2025-11-10T23:59:25.009+0000] {logging_mixin.py:190} INFO - [2025-11-10T23:59:25.009+0000] {dag.py:4180} INFO - Setting next_dagrun for dataset_alias_example_alias_consumer to None, run_after=None
[2025-11-10T23:59:25.011+0000] {logging_mixin.py:190} INFO - [2025-11-10T23:59:25.011+0000] {dag.py:4180} INFO - Setting next_dagrun for dataset_alias_example_alias_producer to None, run_after=None
[2025-11-10T23:59:25.011+0000] {logging_mixin.py:190} INFO - [2025-11-10T23:59:25.011+0000] {dag.py:4180} INFO - Setting next_dagrun for dataset_s3_bucket_consumer to None, run_after=None
[2025-11-10T23:59:25.012+0000] {logging_mixin.py:190} INFO - [2025-11-10T23:59:25.012+0000] {dag.py:4180} INFO - Setting next_dagrun for dataset_s3_bucket_producer to None, run_after=None
[2025-11-10T23:59:25.026+0000] {processor.py:208} INFO - Processing /home/airflow/.local/lib/python3.12/site-packages/airflow/example_dags/example_dataset_alias.py took 0.371 seconds
[2025-11-10T23:59:55.824+0000] {processor.py:186} INFO - Started process (PID=2228) to work on /home/airflow/.local/lib/python3.12/site-packages/airflow/example_dags/example_dataset_alias.py
[2025-11-10T23:59:55.824+0000] {processor.py:914} INFO - Processing file /home/airflow/.local/lib/python3.12/site-packages/airflow/example_dags/example_dataset_alias.py for tasks to queue
[2025-11-10T23:59:55.825+0000] {logging_mixin.py:190} INFO - [2025-11-10T23:59:55.825+0000] {dagbag.py:588} INFO - Filling up the DagBag from /home/airflow/.local/lib/python3.12/site-packages/airflow/example_dags/example_dataset_alias.py
[2025-11-10T23:59:56.150+0000] {processor.py:925} INFO - DAG(s) 'dataset_s3_bucket_consumer', 'dataset_alias_example_alias_producer', 'dataset_s3_bucket_producer', 'dataset_alias_example_alias_consumer' retrieved from /home/airflow/.local/lib/python3.12/site-packages/airflow/example_dags/example_dataset_alias.py
[2025-11-10T23:59:56.163+0000] {logging_mixin.py:190} INFO - [2025-11-10T23:59:56.163+0000] {dag.py:3239} INFO - Sync 4 DAGs
[2025-11-10T23:59:56.174+0000] {logging_mixin.py:190} INFO - [2025-11-10T23:59:56.174+0000] {dag.py:4180} INFO - Setting next_dagrun for dataset_alias_example_alias_consumer to None, run_after=None
[2025-11-10T23:59:56.176+0000] {logging_mixin.py:190} INFO - [2025-11-10T23:59:56.175+0000] {dag.py:4180} INFO - Setting next_dagrun for dataset_alias_example_alias_producer to None, run_after=None
[2025-11-10T23:59:56.176+0000] {logging_mixin.py:190} INFO - [2025-11-10T23:59:56.176+0000] {dag.py:4180} INFO - Setting next_dagrun for dataset_s3_bucket_consumer to None, run_after=None
[2025-11-10T23:59:56.177+0000] {logging_mixin.py:190} INFO - [2025-11-10T23:59:56.177+0000] {dag.py:4180} INFO - Setting next_dagrun for dataset_s3_bucket_producer to None, run_after=None
[2025-11-10T23:59:56.191+0000] {processor.py:208} INFO - Processing /home/airflow/.local/lib/python3.12/site-packages/airflow/example_dags/example_dataset_alias.py took 0.370 seconds
