[2025-11-10T23:41:40.123+0000] {processor.py:186} INFO - Started process (PID=81) to work on /home/airflow/.local/lib/python3.12/site-packages/airflow/example_dags/example_params_trigger_ui.py
[2025-11-10T23:41:40.123+0000] {processor.py:914} INFO - Processing file /home/airflow/.local/lib/python3.12/site-packages/airflow/example_dags/example_params_trigger_ui.py for tasks to queue
[2025-11-10T23:41:40.124+0000] {logging_mixin.py:190} INFO - [2025-11-10T23:41:40.124+0000] {dagbag.py:588} INFO - Filling up the DagBag from /home/airflow/.local/lib/python3.12/site-packages/airflow/example_dags/example_params_trigger_ui.py
[2025-11-10T23:41:40.133+0000] {processor.py:925} INFO - DAG(s) 'example_params_trigger_ui' retrieved from /home/airflow/.local/lib/python3.12/site-packages/airflow/example_dags/example_params_trigger_ui.py
[2025-11-10T23:41:40.158+0000] {logging_mixin.py:190} INFO - [2025-11-10T23:41:40.158+0000] {dag.py:3239} INFO - Sync 1 DAGs
[2025-11-10T23:41:40.167+0000] {logging_mixin.py:190} INFO - [2025-11-10T23:41:40.167+0000] {dag.py:4180} INFO - Setting next_dagrun for example_params_trigger_ui to None, run_after=None
[2025-11-10T23:41:40.179+0000] {processor.py:208} INFO - Processing /home/airflow/.local/lib/python3.12/site-packages/airflow/example_dags/example_params_trigger_ui.py took 0.060 seconds
[2025-11-10T23:42:41.338+0000] {processor.py:186} INFO - Started process (PID=56) to work on /home/airflow/.local/lib/python3.12/site-packages/airflow/example_dags/example_params_trigger_ui.py
[2025-11-10T23:42:41.344+0000] {processor.py:914} INFO - Processing file /home/airflow/.local/lib/python3.12/site-packages/airflow/example_dags/example_params_trigger_ui.py for tasks to queue
[2025-11-10T23:42:41.346+0000] {logging_mixin.py:190} INFO - [2025-11-10T23:42:41.345+0000] {dagbag.py:588} INFO - Filling up the DagBag from /home/airflow/.local/lib/python3.12/site-packages/airflow/example_dags/example_params_trigger_ui.py
[2025-11-10T23:42:41.355+0000] {processor.py:925} INFO - DAG(s) 'example_params_trigger_ui' retrieved from /home/airflow/.local/lib/python3.12/site-packages/airflow/example_dags/example_params_trigger_ui.py
[2025-11-10T23:42:41.397+0000] {logging_mixin.py:190} INFO - [2025-11-10T23:42:41.396+0000] {dag.py:3239} INFO - Sync 1 DAGs
[2025-11-10T23:42:41.408+0000] {logging_mixin.py:190} INFO - [2025-11-10T23:42:41.407+0000] {dag.py:4180} INFO - Setting next_dagrun for example_params_trigger_ui to None, run_after=None
[2025-11-10T23:42:41.435+0000] {processor.py:208} INFO - Processing /home/airflow/.local/lib/python3.12/site-packages/airflow/example_dags/example_params_trigger_ui.py took 0.101 seconds
[2025-11-10T23:43:12.429+0000] {processor.py:186} INFO - Started process (PID=119) to work on /home/airflow/.local/lib/python3.12/site-packages/airflow/example_dags/example_params_trigger_ui.py
[2025-11-10T23:43:12.454+0000] {processor.py:914} INFO - Processing file /home/airflow/.local/lib/python3.12/site-packages/airflow/example_dags/example_params_trigger_ui.py for tasks to queue
[2025-11-10T23:43:12.458+0000] {logging_mixin.py:190} INFO - [2025-11-10T23:43:12.457+0000] {dagbag.py:588} INFO - Filling up the DagBag from /home/airflow/.local/lib/python3.12/site-packages/airflow/example_dags/example_params_trigger_ui.py
[2025-11-10T23:43:12.596+0000] {processor.py:925} INFO - DAG(s) 'example_params_trigger_ui' retrieved from /home/airflow/.local/lib/python3.12/site-packages/airflow/example_dags/example_params_trigger_ui.py
[2025-11-10T23:43:12.896+0000] {logging_mixin.py:190} INFO - [2025-11-10T23:43:12.896+0000] {dag.py:3239} INFO - Sync 1 DAGs
[2025-11-10T23:43:12.911+0000] {logging_mixin.py:190} INFO - [2025-11-10T23:43:12.910+0000] {dag.py:4180} INFO - Setting next_dagrun for example_params_trigger_ui to None, run_after=None
[2025-11-10T23:43:12.934+0000] {processor.py:208} INFO - Processing /home/airflow/.local/lib/python3.12/site-packages/airflow/example_dags/example_params_trigger_ui.py took 0.508 seconds
[2025-11-10T23:43:43.047+0000] {processor.py:186} INFO - Started process (PID=182) to work on /home/airflow/.local/lib/python3.12/site-packages/airflow/example_dags/example_params_trigger_ui.py
[2025-11-10T23:43:43.048+0000] {processor.py:914} INFO - Processing file /home/airflow/.local/lib/python3.12/site-packages/airflow/example_dags/example_params_trigger_ui.py for tasks to queue
[2025-11-10T23:43:43.049+0000] {logging_mixin.py:190} INFO - [2025-11-10T23:43:43.049+0000] {dagbag.py:588} INFO - Filling up the DagBag from /home/airflow/.local/lib/python3.12/site-packages/airflow/example_dags/example_params_trigger_ui.py
[2025-11-10T23:43:43.056+0000] {processor.py:925} INFO - DAG(s) 'example_params_trigger_ui' retrieved from /home/airflow/.local/lib/python3.12/site-packages/airflow/example_dags/example_params_trigger_ui.py
[2025-11-10T23:43:43.077+0000] {logging_mixin.py:190} INFO - [2025-11-10T23:43:43.076+0000] {dag.py:3239} INFO - Sync 1 DAGs
[2025-11-10T23:43:43.084+0000] {logging_mixin.py:190} INFO - [2025-11-10T23:43:43.084+0000] {dag.py:4180} INFO - Setting next_dagrun for example_params_trigger_ui to None, run_after=None
[2025-11-10T23:43:43.096+0000] {processor.py:208} INFO - Processing /home/airflow/.local/lib/python3.12/site-packages/airflow/example_dags/example_params_trigger_ui.py took 0.053 seconds
[2025-11-10T23:44:13.782+0000] {processor.py:186} INFO - Started process (PID=246) to work on /home/airflow/.local/lib/python3.12/site-packages/airflow/example_dags/example_params_trigger_ui.py
[2025-11-10T23:44:13.783+0000] {processor.py:914} INFO - Processing file /home/airflow/.local/lib/python3.12/site-packages/airflow/example_dags/example_params_trigger_ui.py for tasks to queue
[2025-11-10T23:44:13.785+0000] {logging_mixin.py:190} INFO - [2025-11-10T23:44:13.784+0000] {dagbag.py:588} INFO - Filling up the DagBag from /home/airflow/.local/lib/python3.12/site-packages/airflow/example_dags/example_params_trigger_ui.py
[2025-11-10T23:44:13.791+0000] {processor.py:925} INFO - DAG(s) 'example_params_trigger_ui' retrieved from /home/airflow/.local/lib/python3.12/site-packages/airflow/example_dags/example_params_trigger_ui.py
[2025-11-10T23:44:13.813+0000] {logging_mixin.py:190} INFO - [2025-11-10T23:44:13.813+0000] {dag.py:3239} INFO - Sync 1 DAGs
[2025-11-10T23:44:13.820+0000] {logging_mixin.py:190} INFO - [2025-11-10T23:44:13.820+0000] {dag.py:4180} INFO - Setting next_dagrun for example_params_trigger_ui to None, run_after=None
[2025-11-10T23:44:13.830+0000] {processor.py:208} INFO - Processing /home/airflow/.local/lib/python3.12/site-packages/airflow/example_dags/example_params_trigger_ui.py took 0.052 seconds
[2025-11-10T23:44:44.239+0000] {processor.py:186} INFO - Started process (PID=310) to work on /home/airflow/.local/lib/python3.12/site-packages/airflow/example_dags/example_params_trigger_ui.py
[2025-11-10T23:44:44.239+0000] {processor.py:914} INFO - Processing file /home/airflow/.local/lib/python3.12/site-packages/airflow/example_dags/example_params_trigger_ui.py for tasks to queue
[2025-11-10T23:44:44.240+0000] {logging_mixin.py:190} INFO - [2025-11-10T23:44:44.240+0000] {dagbag.py:588} INFO - Filling up the DagBag from /home/airflow/.local/lib/python3.12/site-packages/airflow/example_dags/example_params_trigger_ui.py
[2025-11-10T23:44:44.247+0000] {processor.py:925} INFO - DAG(s) 'example_params_trigger_ui' retrieved from /home/airflow/.local/lib/python3.12/site-packages/airflow/example_dags/example_params_trigger_ui.py
[2025-11-10T23:44:44.277+0000] {logging_mixin.py:190} INFO - [2025-11-10T23:44:44.277+0000] {dag.py:3239} INFO - Sync 1 DAGs
[2025-11-10T23:44:44.285+0000] {logging_mixin.py:190} INFO - [2025-11-10T23:44:44.285+0000] {dag.py:4180} INFO - Setting next_dagrun for example_params_trigger_ui to None, run_after=None
[2025-11-10T23:44:44.296+0000] {processor.py:208} INFO - Processing /home/airflow/.local/lib/python3.12/site-packages/airflow/example_dags/example_params_trigger_ui.py took 0.061 seconds
[2025-11-10T23:45:14.995+0000] {processor.py:186} INFO - Started process (PID=374) to work on /home/airflow/.local/lib/python3.12/site-packages/airflow/example_dags/example_params_trigger_ui.py
[2025-11-10T23:45:14.996+0000] {processor.py:914} INFO - Processing file /home/airflow/.local/lib/python3.12/site-packages/airflow/example_dags/example_params_trigger_ui.py for tasks to queue
[2025-11-10T23:45:14.997+0000] {logging_mixin.py:190} INFO - [2025-11-10T23:45:14.996+0000] {dagbag.py:588} INFO - Filling up the DagBag from /home/airflow/.local/lib/python3.12/site-packages/airflow/example_dags/example_params_trigger_ui.py
[2025-11-10T23:45:15.003+0000] {processor.py:925} INFO - DAG(s) 'example_params_trigger_ui' retrieved from /home/airflow/.local/lib/python3.12/site-packages/airflow/example_dags/example_params_trigger_ui.py
[2025-11-10T23:45:15.037+0000] {logging_mixin.py:190} INFO - [2025-11-10T23:45:15.037+0000] {dag.py:3239} INFO - Sync 1 DAGs
[2025-11-10T23:45:15.051+0000] {logging_mixin.py:190} INFO - [2025-11-10T23:45:15.051+0000] {dag.py:4180} INFO - Setting next_dagrun for example_params_trigger_ui to None, run_after=None
[2025-11-10T23:45:15.063+0000] {processor.py:208} INFO - Processing /home/airflow/.local/lib/python3.12/site-packages/airflow/example_dags/example_params_trigger_ui.py took 0.072 seconds
[2025-11-10T23:45:52.070+0000] {processor.py:186} INFO - Started process (PID=438) to work on /home/airflow/.local/lib/python3.12/site-packages/airflow/example_dags/example_params_trigger_ui.py
[2025-11-10T23:45:52.070+0000] {processor.py:914} INFO - Processing file /home/airflow/.local/lib/python3.12/site-packages/airflow/example_dags/example_params_trigger_ui.py for tasks to queue
[2025-11-10T23:45:52.072+0000] {logging_mixin.py:190} INFO - [2025-11-10T23:45:52.072+0000] {dagbag.py:588} INFO - Filling up the DagBag from /home/airflow/.local/lib/python3.12/site-packages/airflow/example_dags/example_params_trigger_ui.py
[2025-11-10T23:45:52.083+0000] {processor.py:925} INFO - DAG(s) 'example_params_trigger_ui' retrieved from /home/airflow/.local/lib/python3.12/site-packages/airflow/example_dags/example_params_trigger_ui.py
[2025-11-10T23:45:52.118+0000] {logging_mixin.py:190} INFO - [2025-11-10T23:45:52.118+0000] {dag.py:3239} INFO - Sync 1 DAGs
[2025-11-10T23:45:52.132+0000] {logging_mixin.py:190} INFO - [2025-11-10T23:45:52.132+0000] {dag.py:4180} INFO - Setting next_dagrun for example_params_trigger_ui to None, run_after=None
[2025-11-10T23:45:52.152+0000] {processor.py:208} INFO - Processing /home/airflow/.local/lib/python3.12/site-packages/airflow/example_dags/example_params_trigger_ui.py took 0.089 seconds
[2025-11-10T23:46:22.892+0000] {processor.py:186} INFO - Started process (PID=502) to work on /home/airflow/.local/lib/python3.12/site-packages/airflow/example_dags/example_params_trigger_ui.py
[2025-11-10T23:46:22.892+0000] {processor.py:914} INFO - Processing file /home/airflow/.local/lib/python3.12/site-packages/airflow/example_dags/example_params_trigger_ui.py for tasks to queue
[2025-11-10T23:46:22.893+0000] {logging_mixin.py:190} INFO - [2025-11-10T23:46:22.893+0000] {dagbag.py:588} INFO - Filling up the DagBag from /home/airflow/.local/lib/python3.12/site-packages/airflow/example_dags/example_params_trigger_ui.py
[2025-11-10T23:46:22.900+0000] {processor.py:925} INFO - DAG(s) 'example_params_trigger_ui' retrieved from /home/airflow/.local/lib/python3.12/site-packages/airflow/example_dags/example_params_trigger_ui.py
[2025-11-10T23:46:22.925+0000] {logging_mixin.py:190} INFO - [2025-11-10T23:46:22.924+0000] {dag.py:3239} INFO - Sync 1 DAGs
[2025-11-10T23:46:22.932+0000] {logging_mixin.py:190} INFO - [2025-11-10T23:46:22.932+0000] {dag.py:4180} INFO - Setting next_dagrun for example_params_trigger_ui to None, run_after=None
[2025-11-10T23:46:22.945+0000] {processor.py:208} INFO - Processing /home/airflow/.local/lib/python3.12/site-packages/airflow/example_dags/example_params_trigger_ui.py took 0.058 seconds
[2025-11-10T23:46:52.977+0000] {processor.py:186} INFO - Started process (PID=566) to work on /home/airflow/.local/lib/python3.12/site-packages/airflow/example_dags/example_params_trigger_ui.py
[2025-11-10T23:46:52.977+0000] {processor.py:914} INFO - Processing file /home/airflow/.local/lib/python3.12/site-packages/airflow/example_dags/example_params_trigger_ui.py for tasks to queue
[2025-11-10T23:46:52.978+0000] {logging_mixin.py:190} INFO - [2025-11-10T23:46:52.978+0000] {dagbag.py:588} INFO - Filling up the DagBag from /home/airflow/.local/lib/python3.12/site-packages/airflow/example_dags/example_params_trigger_ui.py
[2025-11-10T23:46:52.985+0000] {processor.py:925} INFO - DAG(s) 'example_params_trigger_ui' retrieved from /home/airflow/.local/lib/python3.12/site-packages/airflow/example_dags/example_params_trigger_ui.py
[2025-11-10T23:46:53.012+0000] {logging_mixin.py:190} INFO - [2025-11-10T23:46:53.012+0000] {dag.py:3239} INFO - Sync 1 DAGs
[2025-11-10T23:46:53.020+0000] {logging_mixin.py:190} INFO - [2025-11-10T23:46:53.020+0000] {dag.py:4180} INFO - Setting next_dagrun for example_params_trigger_ui to None, run_after=None
[2025-11-10T23:46:53.030+0000] {processor.py:208} INFO - Processing /home/airflow/.local/lib/python3.12/site-packages/airflow/example_dags/example_params_trigger_ui.py took 0.057 seconds
[2025-11-10T23:47:24.482+0000] {processor.py:186} INFO - Started process (PID=630) to work on /home/airflow/.local/lib/python3.12/site-packages/airflow/example_dags/example_params_trigger_ui.py
[2025-11-10T23:47:24.487+0000] {processor.py:914} INFO - Processing file /home/airflow/.local/lib/python3.12/site-packages/airflow/example_dags/example_params_trigger_ui.py for tasks to queue
[2025-11-10T23:47:24.490+0000] {logging_mixin.py:190} INFO - [2025-11-10T23:47:24.489+0000] {dagbag.py:588} INFO - Filling up the DagBag from /home/airflow/.local/lib/python3.12/site-packages/airflow/example_dags/example_params_trigger_ui.py
[2025-11-10T23:47:24.499+0000] {processor.py:925} INFO - DAG(s) 'example_params_trigger_ui' retrieved from /home/airflow/.local/lib/python3.12/site-packages/airflow/example_dags/example_params_trigger_ui.py
[2025-11-10T23:47:24.527+0000] {logging_mixin.py:190} INFO - [2025-11-10T23:47:24.527+0000] {dag.py:3239} INFO - Sync 1 DAGs
[2025-11-10T23:47:24.534+0000] {logging_mixin.py:190} INFO - [2025-11-10T23:47:24.534+0000] {dag.py:4180} INFO - Setting next_dagrun for example_params_trigger_ui to None, run_after=None
[2025-11-10T23:47:24.548+0000] {processor.py:208} INFO - Processing /home/airflow/.local/lib/python3.12/site-packages/airflow/example_dags/example_params_trigger_ui.py took 0.071 seconds
[2025-11-10T23:47:54.752+0000] {processor.py:186} INFO - Started process (PID=696) to work on /home/airflow/.local/lib/python3.12/site-packages/airflow/example_dags/example_params_trigger_ui.py
[2025-11-10T23:47:54.753+0000] {processor.py:914} INFO - Processing file /home/airflow/.local/lib/python3.12/site-packages/airflow/example_dags/example_params_trigger_ui.py for tasks to queue
[2025-11-10T23:47:54.754+0000] {logging_mixin.py:190} INFO - [2025-11-10T23:47:54.754+0000] {dagbag.py:588} INFO - Filling up the DagBag from /home/airflow/.local/lib/python3.12/site-packages/airflow/example_dags/example_params_trigger_ui.py
[2025-11-10T23:47:54.762+0000] {processor.py:925} INFO - DAG(s) 'example_params_trigger_ui' retrieved from /home/airflow/.local/lib/python3.12/site-packages/airflow/example_dags/example_params_trigger_ui.py
[2025-11-10T23:47:54.788+0000] {logging_mixin.py:190} INFO - [2025-11-10T23:47:54.788+0000] {dag.py:3239} INFO - Sync 1 DAGs
[2025-11-10T23:47:54.796+0000] {logging_mixin.py:190} INFO - [2025-11-10T23:47:54.796+0000] {dag.py:4180} INFO - Setting next_dagrun for example_params_trigger_ui to None, run_after=None
[2025-11-10T23:47:54.835+0000] {processor.py:208} INFO - Processing /home/airflow/.local/lib/python3.12/site-packages/airflow/example_dags/example_params_trigger_ui.py took 0.088 seconds
[2025-11-10T23:48:25.219+0000] {processor.py:186} INFO - Started process (PID=763) to work on /home/airflow/.local/lib/python3.12/site-packages/airflow/example_dags/example_params_trigger_ui.py
[2025-11-10T23:48:25.225+0000] {processor.py:914} INFO - Processing file /home/airflow/.local/lib/python3.12/site-packages/airflow/example_dags/example_params_trigger_ui.py for tasks to queue
[2025-11-10T23:48:25.229+0000] {logging_mixin.py:190} INFO - [2025-11-10T23:48:25.228+0000] {dagbag.py:588} INFO - Filling up the DagBag from /home/airflow/.local/lib/python3.12/site-packages/airflow/example_dags/example_params_trigger_ui.py
[2025-11-10T23:48:25.240+0000] {processor.py:925} INFO - DAG(s) 'example_params_trigger_ui' retrieved from /home/airflow/.local/lib/python3.12/site-packages/airflow/example_dags/example_params_trigger_ui.py
[2025-11-10T23:48:25.265+0000] {logging_mixin.py:190} INFO - [2025-11-10T23:48:25.265+0000] {dag.py:3239} INFO - Sync 1 DAGs
[2025-11-10T23:48:25.272+0000] {logging_mixin.py:190} INFO - [2025-11-10T23:48:25.272+0000] {dag.py:4180} INFO - Setting next_dagrun for example_params_trigger_ui to None, run_after=None
[2025-11-10T23:48:25.285+0000] {processor.py:208} INFO - Processing /home/airflow/.local/lib/python3.12/site-packages/airflow/example_dags/example_params_trigger_ui.py took 0.071 seconds
[2025-11-10T23:48:55.593+0000] {processor.py:186} INFO - Started process (PID=828) to work on /home/airflow/.local/lib/python3.12/site-packages/airflow/example_dags/example_params_trigger_ui.py
[2025-11-10T23:48:55.597+0000] {processor.py:914} INFO - Processing file /home/airflow/.local/lib/python3.12/site-packages/airflow/example_dags/example_params_trigger_ui.py for tasks to queue
[2025-11-10T23:48:55.599+0000] {logging_mixin.py:190} INFO - [2025-11-10T23:48:55.598+0000] {dagbag.py:588} INFO - Filling up the DagBag from /home/airflow/.local/lib/python3.12/site-packages/airflow/example_dags/example_params_trigger_ui.py
[2025-11-10T23:48:55.605+0000] {processor.py:925} INFO - DAG(s) 'example_params_trigger_ui' retrieved from /home/airflow/.local/lib/python3.12/site-packages/airflow/example_dags/example_params_trigger_ui.py
[2025-11-10T23:48:55.628+0000] {logging_mixin.py:190} INFO - [2025-11-10T23:48:55.628+0000] {dag.py:3239} INFO - Sync 1 DAGs
[2025-11-10T23:48:55.636+0000] {logging_mixin.py:190} INFO - [2025-11-10T23:48:55.636+0000] {dag.py:4180} INFO - Setting next_dagrun for example_params_trigger_ui to None, run_after=None
[2025-11-10T23:48:55.648+0000] {processor.py:208} INFO - Processing /home/airflow/.local/lib/python3.12/site-packages/airflow/example_dags/example_params_trigger_ui.py took 0.062 seconds
[2025-11-10T23:49:26.292+0000] {processor.py:186} INFO - Started process (PID=894) to work on /home/airflow/.local/lib/python3.12/site-packages/airflow/example_dags/example_params_trigger_ui.py
[2025-11-10T23:49:26.293+0000] {processor.py:914} INFO - Processing file /home/airflow/.local/lib/python3.12/site-packages/airflow/example_dags/example_params_trigger_ui.py for tasks to queue
[2025-11-10T23:49:26.295+0000] {logging_mixin.py:190} INFO - [2025-11-10T23:49:26.295+0000] {dagbag.py:588} INFO - Filling up the DagBag from /home/airflow/.local/lib/python3.12/site-packages/airflow/example_dags/example_params_trigger_ui.py
[2025-11-10T23:49:26.302+0000] {processor.py:925} INFO - DAG(s) 'example_params_trigger_ui' retrieved from /home/airflow/.local/lib/python3.12/site-packages/airflow/example_dags/example_params_trigger_ui.py
[2025-11-10T23:49:26.336+0000] {logging_mixin.py:190} INFO - [2025-11-10T23:49:26.336+0000] {dag.py:3239} INFO - Sync 1 DAGs
[2025-11-10T23:49:26.351+0000] {logging_mixin.py:190} INFO - [2025-11-10T23:49:26.351+0000] {dag.py:4180} INFO - Setting next_dagrun for example_params_trigger_ui to None, run_after=None
[2025-11-10T23:49:26.363+0000] {processor.py:208} INFO - Processing /home/airflow/.local/lib/python3.12/site-packages/airflow/example_dags/example_params_trigger_ui.py took 0.078 seconds
[2025-11-10T23:49:57.020+0000] {processor.py:186} INFO - Started process (PID=963) to work on /home/airflow/.local/lib/python3.12/site-packages/airflow/example_dags/example_params_trigger_ui.py
[2025-11-10T23:49:57.021+0000] {processor.py:914} INFO - Processing file /home/airflow/.local/lib/python3.12/site-packages/airflow/example_dags/example_params_trigger_ui.py for tasks to queue
[2025-11-10T23:49:57.022+0000] {logging_mixin.py:190} INFO - [2025-11-10T23:49:57.022+0000] {dagbag.py:588} INFO - Filling up the DagBag from /home/airflow/.local/lib/python3.12/site-packages/airflow/example_dags/example_params_trigger_ui.py
[2025-11-10T23:49:57.033+0000] {processor.py:925} INFO - DAG(s) 'example_params_trigger_ui' retrieved from /home/airflow/.local/lib/python3.12/site-packages/airflow/example_dags/example_params_trigger_ui.py
[2025-11-10T23:49:57.063+0000] {logging_mixin.py:190} INFO - [2025-11-10T23:49:57.063+0000] {dag.py:3239} INFO - Sync 1 DAGs
[2025-11-10T23:49:57.071+0000] {logging_mixin.py:190} INFO - [2025-11-10T23:49:57.071+0000] {dag.py:4180} INFO - Setting next_dagrun for example_params_trigger_ui to None, run_after=None
[2025-11-10T23:49:57.084+0000] {processor.py:208} INFO - Processing /home/airflow/.local/lib/python3.12/site-packages/airflow/example_dags/example_params_trigger_ui.py took 0.071 seconds
[2025-11-10T23:50:27.470+0000] {processor.py:186} INFO - Started process (PID=1028) to work on /home/airflow/.local/lib/python3.12/site-packages/airflow/example_dags/example_params_trigger_ui.py
[2025-11-10T23:50:27.475+0000] {processor.py:914} INFO - Processing file /home/airflow/.local/lib/python3.12/site-packages/airflow/example_dags/example_params_trigger_ui.py for tasks to queue
[2025-11-10T23:50:27.476+0000] {logging_mixin.py:190} INFO - [2025-11-10T23:50:27.476+0000] {dagbag.py:588} INFO - Filling up the DagBag from /home/airflow/.local/lib/python3.12/site-packages/airflow/example_dags/example_params_trigger_ui.py
[2025-11-10T23:50:27.486+0000] {processor.py:925} INFO - DAG(s) 'example_params_trigger_ui' retrieved from /home/airflow/.local/lib/python3.12/site-packages/airflow/example_dags/example_params_trigger_ui.py
[2025-11-10T23:50:27.510+0000] {logging_mixin.py:190} INFO - [2025-11-10T23:50:27.509+0000] {dag.py:3239} INFO - Sync 1 DAGs
[2025-11-10T23:50:27.518+0000] {logging_mixin.py:190} INFO - [2025-11-10T23:50:27.518+0000] {dag.py:4180} INFO - Setting next_dagrun for example_params_trigger_ui to None, run_after=None
[2025-11-10T23:50:27.600+0000] {processor.py:208} INFO - Processing /home/airflow/.local/lib/python3.12/site-packages/airflow/example_dags/example_params_trigger_ui.py took 0.134 seconds
[2025-11-10T23:50:58.216+0000] {processor.py:186} INFO - Started process (PID=1096) to work on /home/airflow/.local/lib/python3.12/site-packages/airflow/example_dags/example_params_trigger_ui.py
[2025-11-10T23:50:58.221+0000] {processor.py:914} INFO - Processing file /home/airflow/.local/lib/python3.12/site-packages/airflow/example_dags/example_params_trigger_ui.py for tasks to queue
[2025-11-10T23:50:58.223+0000] {logging_mixin.py:190} INFO - [2025-11-10T23:50:58.223+0000] {dagbag.py:588} INFO - Filling up the DagBag from /home/airflow/.local/lib/python3.12/site-packages/airflow/example_dags/example_params_trigger_ui.py
[2025-11-10T23:50:58.229+0000] {processor.py:925} INFO - DAG(s) 'example_params_trigger_ui' retrieved from /home/airflow/.local/lib/python3.12/site-packages/airflow/example_dags/example_params_trigger_ui.py
[2025-11-10T23:50:58.257+0000] {logging_mixin.py:190} INFO - [2025-11-10T23:50:58.257+0000] {dag.py:3239} INFO - Sync 1 DAGs
[2025-11-10T23:50:58.265+0000] {logging_mixin.py:190} INFO - [2025-11-10T23:50:58.265+0000] {dag.py:4180} INFO - Setting next_dagrun for example_params_trigger_ui to None, run_after=None
[2025-11-10T23:50:58.277+0000] {processor.py:208} INFO - Processing /home/airflow/.local/lib/python3.12/site-packages/airflow/example_dags/example_params_trigger_ui.py took 0.066 seconds
[2025-11-10T23:51:29.146+0000] {processor.py:186} INFO - Started process (PID=1162) to work on /home/airflow/.local/lib/python3.12/site-packages/airflow/example_dags/example_params_trigger_ui.py
[2025-11-10T23:51:29.146+0000] {processor.py:914} INFO - Processing file /home/airflow/.local/lib/python3.12/site-packages/airflow/example_dags/example_params_trigger_ui.py for tasks to queue
[2025-11-10T23:51:29.148+0000] {logging_mixin.py:190} INFO - [2025-11-10T23:51:29.148+0000] {dagbag.py:588} INFO - Filling up the DagBag from /home/airflow/.local/lib/python3.12/site-packages/airflow/example_dags/example_params_trigger_ui.py
[2025-11-10T23:51:29.154+0000] {processor.py:925} INFO - DAG(s) 'example_params_trigger_ui' retrieved from /home/airflow/.local/lib/python3.12/site-packages/airflow/example_dags/example_params_trigger_ui.py
[2025-11-10T23:51:29.178+0000] {logging_mixin.py:190} INFO - [2025-11-10T23:51:29.178+0000] {dag.py:3239} INFO - Sync 1 DAGs
[2025-11-10T23:51:29.186+0000] {logging_mixin.py:190} INFO - [2025-11-10T23:51:29.186+0000] {dag.py:4180} INFO - Setting next_dagrun for example_params_trigger_ui to None, run_after=None
[2025-11-10T23:51:29.197+0000] {processor.py:208} INFO - Processing /home/airflow/.local/lib/python3.12/site-packages/airflow/example_dags/example_params_trigger_ui.py took 0.055 seconds
[2025-11-10T23:51:59.459+0000] {processor.py:186} INFO - Started process (PID=1229) to work on /home/airflow/.local/lib/python3.12/site-packages/airflow/example_dags/example_params_trigger_ui.py
[2025-11-10T23:51:59.464+0000] {processor.py:914} INFO - Processing file /home/airflow/.local/lib/python3.12/site-packages/airflow/example_dags/example_params_trigger_ui.py for tasks to queue
[2025-11-10T23:51:59.468+0000] {logging_mixin.py:190} INFO - [2025-11-10T23:51:59.467+0000] {dagbag.py:588} INFO - Filling up the DagBag from /home/airflow/.local/lib/python3.12/site-packages/airflow/example_dags/example_params_trigger_ui.py
[2025-11-10T23:51:59.477+0000] {processor.py:925} INFO - DAG(s) 'example_params_trigger_ui' retrieved from /home/airflow/.local/lib/python3.12/site-packages/airflow/example_dags/example_params_trigger_ui.py
[2025-11-10T23:51:59.504+0000] {logging_mixin.py:190} INFO - [2025-11-10T23:51:59.504+0000] {dag.py:3239} INFO - Sync 1 DAGs
[2025-11-10T23:51:59.512+0000] {logging_mixin.py:190} INFO - [2025-11-10T23:51:59.512+0000] {dag.py:4180} INFO - Setting next_dagrun for example_params_trigger_ui to None, run_after=None
[2025-11-10T23:51:59.524+0000] {processor.py:208} INFO - Processing /home/airflow/.local/lib/python3.12/site-packages/airflow/example_dags/example_params_trigger_ui.py took 0.070 seconds
[2025-11-10T23:52:30.090+0000] {processor.py:186} INFO - Started process (PID=1295) to work on /home/airflow/.local/lib/python3.12/site-packages/airflow/example_dags/example_params_trigger_ui.py
[2025-11-10T23:52:30.092+0000] {processor.py:914} INFO - Processing file /home/airflow/.local/lib/python3.12/site-packages/airflow/example_dags/example_params_trigger_ui.py for tasks to queue
[2025-11-10T23:52:30.093+0000] {logging_mixin.py:190} INFO - [2025-11-10T23:52:30.093+0000] {dagbag.py:588} INFO - Filling up the DagBag from /home/airflow/.local/lib/python3.12/site-packages/airflow/example_dags/example_params_trigger_ui.py
[2025-11-10T23:52:30.100+0000] {processor.py:925} INFO - DAG(s) 'example_params_trigger_ui' retrieved from /home/airflow/.local/lib/python3.12/site-packages/airflow/example_dags/example_params_trigger_ui.py
[2025-11-10T23:52:30.122+0000] {logging_mixin.py:190} INFO - [2025-11-10T23:52:30.122+0000] {dag.py:3239} INFO - Sync 1 DAGs
[2025-11-10T23:52:30.130+0000] {logging_mixin.py:190} INFO - [2025-11-10T23:52:30.129+0000] {dag.py:4180} INFO - Setting next_dagrun for example_params_trigger_ui to None, run_after=None
[2025-11-10T23:52:30.232+0000] {processor.py:208} INFO - Processing /home/airflow/.local/lib/python3.12/site-packages/airflow/example_dags/example_params_trigger_ui.py took 0.145 seconds
[2025-11-10T23:53:00.406+0000] {processor.py:186} INFO - Started process (PID=1361) to work on /home/airflow/.local/lib/python3.12/site-packages/airflow/example_dags/example_params_trigger_ui.py
[2025-11-10T23:53:00.407+0000] {processor.py:914} INFO - Processing file /home/airflow/.local/lib/python3.12/site-packages/airflow/example_dags/example_params_trigger_ui.py for tasks to queue
[2025-11-10T23:53:00.408+0000] {logging_mixin.py:190} INFO - [2025-11-10T23:53:00.408+0000] {dagbag.py:588} INFO - Filling up the DagBag from /home/airflow/.local/lib/python3.12/site-packages/airflow/example_dags/example_params_trigger_ui.py
[2025-11-10T23:53:00.415+0000] {processor.py:925} INFO - DAG(s) 'example_params_trigger_ui' retrieved from /home/airflow/.local/lib/python3.12/site-packages/airflow/example_dags/example_params_trigger_ui.py
[2025-11-10T23:53:00.442+0000] {logging_mixin.py:190} INFO - [2025-11-10T23:53:00.441+0000] {dag.py:3239} INFO - Sync 1 DAGs
[2025-11-10T23:53:00.450+0000] {logging_mixin.py:190} INFO - [2025-11-10T23:53:00.450+0000] {dag.py:4180} INFO - Setting next_dagrun for example_params_trigger_ui to None, run_after=None
[2025-11-10T23:53:00.462+0000] {processor.py:208} INFO - Processing /home/airflow/.local/lib/python3.12/site-packages/airflow/example_dags/example_params_trigger_ui.py took 0.061 seconds
[2025-11-10T23:53:31.042+0000] {processor.py:186} INFO - Started process (PID=1426) to work on /home/airflow/.local/lib/python3.12/site-packages/airflow/example_dags/example_params_trigger_ui.py
[2025-11-10T23:53:31.045+0000] {processor.py:914} INFO - Processing file /home/airflow/.local/lib/python3.12/site-packages/airflow/example_dags/example_params_trigger_ui.py for tasks to queue
[2025-11-10T23:53:31.047+0000] {logging_mixin.py:190} INFO - [2025-11-10T23:53:31.046+0000] {dagbag.py:588} INFO - Filling up the DagBag from /home/airflow/.local/lib/python3.12/site-packages/airflow/example_dags/example_params_trigger_ui.py
[2025-11-10T23:53:31.055+0000] {processor.py:925} INFO - DAG(s) 'example_params_trigger_ui' retrieved from /home/airflow/.local/lib/python3.12/site-packages/airflow/example_dags/example_params_trigger_ui.py
[2025-11-10T23:53:31.086+0000] {logging_mixin.py:190} INFO - [2025-11-10T23:53:31.085+0000] {dag.py:3239} INFO - Sync 1 DAGs
[2025-11-10T23:53:31.095+0000] {logging_mixin.py:190} INFO - [2025-11-10T23:53:31.095+0000] {dag.py:4180} INFO - Setting next_dagrun for example_params_trigger_ui to None, run_after=None
[2025-11-10T23:53:31.114+0000] {processor.py:208} INFO - Processing /home/airflow/.local/lib/python3.12/site-packages/airflow/example_dags/example_params_trigger_ui.py took 0.076 seconds
[2025-11-10T23:54:02.053+0000] {processor.py:186} INFO - Started process (PID=1492) to work on /home/airflow/.local/lib/python3.12/site-packages/airflow/example_dags/example_params_trigger_ui.py
[2025-11-10T23:54:02.093+0000] {processor.py:914} INFO - Processing file /home/airflow/.local/lib/python3.12/site-packages/airflow/example_dags/example_params_trigger_ui.py for tasks to queue
[2025-11-10T23:54:02.095+0000] {logging_mixin.py:190} INFO - [2025-11-10T23:54:02.094+0000] {dagbag.py:588} INFO - Filling up the DagBag from /home/airflow/.local/lib/python3.12/site-packages/airflow/example_dags/example_params_trigger_ui.py
[2025-11-10T23:54:02.109+0000] {processor.py:925} INFO - DAG(s) 'example_params_trigger_ui' retrieved from /home/airflow/.local/lib/python3.12/site-packages/airflow/example_dags/example_params_trigger_ui.py
[2025-11-10T23:54:02.135+0000] {logging_mixin.py:190} INFO - [2025-11-10T23:54:02.134+0000] {dag.py:3239} INFO - Sync 1 DAGs
[2025-11-10T23:54:02.143+0000] {logging_mixin.py:190} INFO - [2025-11-10T23:54:02.143+0000] {dag.py:4180} INFO - Setting next_dagrun for example_params_trigger_ui to None, run_after=None
[2025-11-10T23:54:02.157+0000] {processor.py:208} INFO - Processing /home/airflow/.local/lib/python3.12/site-packages/airflow/example_dags/example_params_trigger_ui.py took 0.109 seconds
[2025-11-10T23:54:33.058+0000] {processor.py:186} INFO - Started process (PID=1558) to work on /home/airflow/.local/lib/python3.12/site-packages/airflow/example_dags/example_params_trigger_ui.py
[2025-11-10T23:54:33.059+0000] {processor.py:914} INFO - Processing file /home/airflow/.local/lib/python3.12/site-packages/airflow/example_dags/example_params_trigger_ui.py for tasks to queue
[2025-11-10T23:54:33.060+0000] {logging_mixin.py:190} INFO - [2025-11-10T23:54:33.060+0000] {dagbag.py:588} INFO - Filling up the DagBag from /home/airflow/.local/lib/python3.12/site-packages/airflow/example_dags/example_params_trigger_ui.py
[2025-11-10T23:54:33.069+0000] {processor.py:925} INFO - DAG(s) 'example_params_trigger_ui' retrieved from /home/airflow/.local/lib/python3.12/site-packages/airflow/example_dags/example_params_trigger_ui.py
[2025-11-10T23:54:33.096+0000] {logging_mixin.py:190} INFO - [2025-11-10T23:54:33.096+0000] {dag.py:3239} INFO - Sync 1 DAGs
[2025-11-10T23:54:33.105+0000] {logging_mixin.py:190} INFO - [2025-11-10T23:54:33.104+0000] {dag.py:4180} INFO - Setting next_dagrun for example_params_trigger_ui to None, run_after=None
[2025-11-10T23:54:33.116+0000] {processor.py:208} INFO - Processing /home/airflow/.local/lib/python3.12/site-packages/airflow/example_dags/example_params_trigger_ui.py took 0.066 seconds
[2025-11-10T23:55:03.717+0000] {processor.py:186} INFO - Started process (PID=1623) to work on /home/airflow/.local/lib/python3.12/site-packages/airflow/example_dags/example_params_trigger_ui.py
[2025-11-10T23:55:03.717+0000] {processor.py:914} INFO - Processing file /home/airflow/.local/lib/python3.12/site-packages/airflow/example_dags/example_params_trigger_ui.py for tasks to queue
[2025-11-10T23:55:03.718+0000] {logging_mixin.py:190} INFO - [2025-11-10T23:55:03.718+0000] {dagbag.py:588} INFO - Filling up the DagBag from /home/airflow/.local/lib/python3.12/site-packages/airflow/example_dags/example_params_trigger_ui.py
[2025-11-10T23:55:03.725+0000] {processor.py:925} INFO - DAG(s) 'example_params_trigger_ui' retrieved from /home/airflow/.local/lib/python3.12/site-packages/airflow/example_dags/example_params_trigger_ui.py
[2025-11-10T23:55:03.763+0000] {logging_mixin.py:190} INFO - [2025-11-10T23:55:03.763+0000] {dag.py:3239} INFO - Sync 1 DAGs
[2025-11-10T23:55:03.771+0000] {logging_mixin.py:190} INFO - [2025-11-10T23:55:03.771+0000] {dag.py:4180} INFO - Setting next_dagrun for example_params_trigger_ui to None, run_after=None
[2025-11-10T23:55:03.782+0000] {processor.py:208} INFO - Processing /home/airflow/.local/lib/python3.12/site-packages/airflow/example_dags/example_params_trigger_ui.py took 0.070 seconds
[2025-11-10T23:55:34.101+0000] {processor.py:186} INFO - Started process (PID=1687) to work on /home/airflow/.local/lib/python3.12/site-packages/airflow/example_dags/example_params_trigger_ui.py
[2025-11-10T23:55:34.106+0000] {processor.py:914} INFO - Processing file /home/airflow/.local/lib/python3.12/site-packages/airflow/example_dags/example_params_trigger_ui.py for tasks to queue
[2025-11-10T23:55:34.107+0000] {logging_mixin.py:190} INFO - [2025-11-10T23:55:34.106+0000] {dagbag.py:588} INFO - Filling up the DagBag from /home/airflow/.local/lib/python3.12/site-packages/airflow/example_dags/example_params_trigger_ui.py
[2025-11-10T23:55:34.117+0000] {processor.py:925} INFO - DAG(s) 'example_params_trigger_ui' retrieved from /home/airflow/.local/lib/python3.12/site-packages/airflow/example_dags/example_params_trigger_ui.py
[2025-11-10T23:55:34.152+0000] {logging_mixin.py:190} INFO - [2025-11-10T23:55:34.152+0000] {dag.py:3239} INFO - Sync 1 DAGs
[2025-11-10T23:55:34.160+0000] {logging_mixin.py:190} INFO - [2025-11-10T23:55:34.160+0000] {dag.py:4180} INFO - Setting next_dagrun for example_params_trigger_ui to None, run_after=None
[2025-11-10T23:55:34.174+0000] {processor.py:208} INFO - Processing /home/airflow/.local/lib/python3.12/site-packages/airflow/example_dags/example_params_trigger_ui.py took 0.078 seconds
[2025-11-10T23:56:04.450+0000] {processor.py:186} INFO - Started process (PID=1751) to work on /home/airflow/.local/lib/python3.12/site-packages/airflow/example_dags/example_params_trigger_ui.py
[2025-11-10T23:56:04.450+0000] {processor.py:914} INFO - Processing file /home/airflow/.local/lib/python3.12/site-packages/airflow/example_dags/example_params_trigger_ui.py for tasks to queue
[2025-11-10T23:56:04.451+0000] {logging_mixin.py:190} INFO - [2025-11-10T23:56:04.451+0000] {dagbag.py:588} INFO - Filling up the DagBag from /home/airflow/.local/lib/python3.12/site-packages/airflow/example_dags/example_params_trigger_ui.py
[2025-11-10T23:56:04.459+0000] {processor.py:925} INFO - DAG(s) 'example_params_trigger_ui' retrieved from /home/airflow/.local/lib/python3.12/site-packages/airflow/example_dags/example_params_trigger_ui.py
[2025-11-10T23:56:04.482+0000] {logging_mixin.py:190} INFO - [2025-11-10T23:56:04.482+0000] {dag.py:3239} INFO - Sync 1 DAGs
[2025-11-10T23:56:04.491+0000] {logging_mixin.py:190} INFO - [2025-11-10T23:56:04.491+0000] {dag.py:4180} INFO - Setting next_dagrun for example_params_trigger_ui to None, run_after=None
[2025-11-10T23:56:04.504+0000] {processor.py:208} INFO - Processing /home/airflow/.local/lib/python3.12/site-packages/airflow/example_dags/example_params_trigger_ui.py took 0.058 seconds
[2025-11-10T23:56:34.631+0000] {processor.py:186} INFO - Started process (PID=1815) to work on /home/airflow/.local/lib/python3.12/site-packages/airflow/example_dags/example_params_trigger_ui.py
[2025-11-10T23:56:34.636+0000] {processor.py:914} INFO - Processing file /home/airflow/.local/lib/python3.12/site-packages/airflow/example_dags/example_params_trigger_ui.py for tasks to queue
[2025-11-10T23:56:34.637+0000] {logging_mixin.py:190} INFO - [2025-11-10T23:56:34.637+0000] {dagbag.py:588} INFO - Filling up the DagBag from /home/airflow/.local/lib/python3.12/site-packages/airflow/example_dags/example_params_trigger_ui.py
[2025-11-10T23:56:34.645+0000] {processor.py:925} INFO - DAG(s) 'example_params_trigger_ui' retrieved from /home/airflow/.local/lib/python3.12/site-packages/airflow/example_dags/example_params_trigger_ui.py
[2025-11-10T23:56:34.671+0000] {logging_mixin.py:190} INFO - [2025-11-10T23:56:34.670+0000] {dag.py:3239} INFO - Sync 1 DAGs
[2025-11-10T23:56:34.678+0000] {logging_mixin.py:190} INFO - [2025-11-10T23:56:34.678+0000] {dag.py:4180} INFO - Setting next_dagrun for example_params_trigger_ui to None, run_after=None
[2025-11-10T23:56:34.689+0000] {processor.py:208} INFO - Processing /home/airflow/.local/lib/python3.12/site-packages/airflow/example_dags/example_params_trigger_ui.py took 0.063 seconds
[2025-11-10T23:57:05.114+0000] {processor.py:186} INFO - Started process (PID=1879) to work on /home/airflow/.local/lib/python3.12/site-packages/airflow/example_dags/example_params_trigger_ui.py
[2025-11-10T23:57:05.115+0000] {processor.py:914} INFO - Processing file /home/airflow/.local/lib/python3.12/site-packages/airflow/example_dags/example_params_trigger_ui.py for tasks to queue
[2025-11-10T23:57:05.116+0000] {logging_mixin.py:190} INFO - [2025-11-10T23:57:05.116+0000] {dagbag.py:588} INFO - Filling up the DagBag from /home/airflow/.local/lib/python3.12/site-packages/airflow/example_dags/example_params_trigger_ui.py
[2025-11-10T23:57:05.185+0000] {processor.py:925} INFO - DAG(s) 'example_params_trigger_ui' retrieved from /home/airflow/.local/lib/python3.12/site-packages/airflow/example_dags/example_params_trigger_ui.py
[2025-11-10T23:57:05.225+0000] {logging_mixin.py:190} INFO - [2025-11-10T23:57:05.225+0000] {dag.py:3239} INFO - Sync 1 DAGs
[2025-11-10T23:57:05.233+0000] {logging_mixin.py:190} INFO - [2025-11-10T23:57:05.233+0000] {dag.py:4180} INFO - Setting next_dagrun for example_params_trigger_ui to None, run_after=None
[2025-11-10T23:57:05.245+0000] {processor.py:208} INFO - Processing /home/airflow/.local/lib/python3.12/site-packages/airflow/example_dags/example_params_trigger_ui.py took 0.140 seconds
[2025-11-10T23:57:35.284+0000] {processor.py:186} INFO - Started process (PID=1943) to work on /home/airflow/.local/lib/python3.12/site-packages/airflow/example_dags/example_params_trigger_ui.py
[2025-11-10T23:57:35.287+0000] {processor.py:914} INFO - Processing file /home/airflow/.local/lib/python3.12/site-packages/airflow/example_dags/example_params_trigger_ui.py for tasks to queue
[2025-11-10T23:57:35.288+0000] {logging_mixin.py:190} INFO - [2025-11-10T23:57:35.287+0000] {dagbag.py:588} INFO - Filling up the DagBag from /home/airflow/.local/lib/python3.12/site-packages/airflow/example_dags/example_params_trigger_ui.py
[2025-11-10T23:57:35.295+0000] {processor.py:925} INFO - DAG(s) 'example_params_trigger_ui' retrieved from /home/airflow/.local/lib/python3.12/site-packages/airflow/example_dags/example_params_trigger_ui.py
[2025-11-10T23:57:35.322+0000] {logging_mixin.py:190} INFO - [2025-11-10T23:57:35.322+0000] {dag.py:3239} INFO - Sync 1 DAGs
[2025-11-10T23:57:35.330+0000] {logging_mixin.py:190} INFO - [2025-11-10T23:57:35.330+0000] {dag.py:4180} INFO - Setting next_dagrun for example_params_trigger_ui to None, run_after=None
[2025-11-10T23:57:35.342+0000] {processor.py:208} INFO - Processing /home/airflow/.local/lib/python3.12/site-packages/airflow/example_dags/example_params_trigger_ui.py took 0.062 seconds
[2025-11-10T23:58:05.461+0000] {processor.py:186} INFO - Started process (PID=2007) to work on /home/airflow/.local/lib/python3.12/site-packages/airflow/example_dags/example_params_trigger_ui.py
[2025-11-10T23:58:05.462+0000] {processor.py:914} INFO - Processing file /home/airflow/.local/lib/python3.12/site-packages/airflow/example_dags/example_params_trigger_ui.py for tasks to queue
[2025-11-10T23:58:05.463+0000] {logging_mixin.py:190} INFO - [2025-11-10T23:58:05.463+0000] {dagbag.py:588} INFO - Filling up the DagBag from /home/airflow/.local/lib/python3.12/site-packages/airflow/example_dags/example_params_trigger_ui.py
[2025-11-10T23:58:05.471+0000] {processor.py:925} INFO - DAG(s) 'example_params_trigger_ui' retrieved from /home/airflow/.local/lib/python3.12/site-packages/airflow/example_dags/example_params_trigger_ui.py
[2025-11-10T23:58:05.498+0000] {logging_mixin.py:190} INFO - [2025-11-10T23:58:05.498+0000] {dag.py:3239} INFO - Sync 1 DAGs
[2025-11-10T23:58:05.506+0000] {logging_mixin.py:190} INFO - [2025-11-10T23:58:05.506+0000] {dag.py:4180} INFO - Setting next_dagrun for example_params_trigger_ui to None, run_after=None
[2025-11-10T23:58:05.518+0000] {processor.py:208} INFO - Processing /home/airflow/.local/lib/python3.12/site-packages/airflow/example_dags/example_params_trigger_ui.py took 0.067 seconds
[2025-11-10T23:58:35.579+0000] {processor.py:186} INFO - Started process (PID=2071) to work on /home/airflow/.local/lib/python3.12/site-packages/airflow/example_dags/example_params_trigger_ui.py
[2025-11-10T23:58:35.580+0000] {processor.py:914} INFO - Processing file /home/airflow/.local/lib/python3.12/site-packages/airflow/example_dags/example_params_trigger_ui.py for tasks to queue
[2025-11-10T23:58:35.581+0000] {logging_mixin.py:190} INFO - [2025-11-10T23:58:35.581+0000] {dagbag.py:588} INFO - Filling up the DagBag from /home/airflow/.local/lib/python3.12/site-packages/airflow/example_dags/example_params_trigger_ui.py
[2025-11-10T23:58:35.589+0000] {processor.py:925} INFO - DAG(s) 'example_params_trigger_ui' retrieved from /home/airflow/.local/lib/python3.12/site-packages/airflow/example_dags/example_params_trigger_ui.py
[2025-11-10T23:58:35.613+0000] {logging_mixin.py:190} INFO - [2025-11-10T23:58:35.613+0000] {dag.py:3239} INFO - Sync 1 DAGs
[2025-11-10T23:58:35.621+0000] {logging_mixin.py:190} INFO - [2025-11-10T23:58:35.621+0000] {dag.py:4180} INFO - Setting next_dagrun for example_params_trigger_ui to None, run_after=None
[2025-11-10T23:58:35.631+0000] {processor.py:208} INFO - Processing /home/airflow/.local/lib/python3.12/site-packages/airflow/example_dags/example_params_trigger_ui.py took 0.062 seconds
[2025-11-10T23:59:06.186+0000] {processor.py:186} INFO - Started process (PID=2135) to work on /home/airflow/.local/lib/python3.12/site-packages/airflow/example_dags/example_params_trigger_ui.py
[2025-11-10T23:59:06.191+0000] {processor.py:914} INFO - Processing file /home/airflow/.local/lib/python3.12/site-packages/airflow/example_dags/example_params_trigger_ui.py for tasks to queue
[2025-11-10T23:59:06.192+0000] {logging_mixin.py:190} INFO - [2025-11-10T23:59:06.192+0000] {dagbag.py:588} INFO - Filling up the DagBag from /home/airflow/.local/lib/python3.12/site-packages/airflow/example_dags/example_params_trigger_ui.py
[2025-11-10T23:59:06.199+0000] {processor.py:925} INFO - DAG(s) 'example_params_trigger_ui' retrieved from /home/airflow/.local/lib/python3.12/site-packages/airflow/example_dags/example_params_trigger_ui.py
[2025-11-10T23:59:06.233+0000] {logging_mixin.py:190} INFO - [2025-11-10T23:59:06.233+0000] {dag.py:3239} INFO - Sync 1 DAGs
[2025-11-10T23:59:06.242+0000] {logging_mixin.py:190} INFO - [2025-11-10T23:59:06.242+0000] {dag.py:4180} INFO - Setting next_dagrun for example_params_trigger_ui to None, run_after=None
[2025-11-10T23:59:06.257+0000] {processor.py:208} INFO - Processing /home/airflow/.local/lib/python3.12/site-packages/airflow/example_dags/example_params_trigger_ui.py took 0.077 seconds
[2025-11-10T23:59:36.521+0000] {processor.py:186} INFO - Started process (PID=2199) to work on /home/airflow/.local/lib/python3.12/site-packages/airflow/example_dags/example_params_trigger_ui.py
[2025-11-10T23:59:36.521+0000] {processor.py:914} INFO - Processing file /home/airflow/.local/lib/python3.12/site-packages/airflow/example_dags/example_params_trigger_ui.py for tasks to queue
[2025-11-10T23:59:36.522+0000] {logging_mixin.py:190} INFO - [2025-11-10T23:59:36.522+0000] {dagbag.py:588} INFO - Filling up the DagBag from /home/airflow/.local/lib/python3.12/site-packages/airflow/example_dags/example_params_trigger_ui.py
[2025-11-10T23:59:36.529+0000] {processor.py:925} INFO - DAG(s) 'example_params_trigger_ui' retrieved from /home/airflow/.local/lib/python3.12/site-packages/airflow/example_dags/example_params_trigger_ui.py
[2025-11-10T23:59:36.551+0000] {logging_mixin.py:190} INFO - [2025-11-10T23:59:36.551+0000] {dag.py:3239} INFO - Sync 1 DAGs
[2025-11-10T23:59:36.558+0000] {logging_mixin.py:190} INFO - [2025-11-10T23:59:36.558+0000] {dag.py:4180} INFO - Setting next_dagrun for example_params_trigger_ui to None, run_after=None
[2025-11-10T23:59:36.571+0000] {processor.py:208} INFO - Processing /home/airflow/.local/lib/python3.12/site-packages/airflow/example_dags/example_params_trigger_ui.py took 0.055 seconds
