[2025-11-10T23:41:42.692+0000] {processor.py:186} INFO - Started process (PID=128) to work on /home/airflow/.local/lib/python3.12/site-packages/airflow/example_dags/example_python_decorator.py
[2025-11-10T23:41:42.693+0000] {processor.py:914} INFO - Processing file /home/airflow/.local/lib/python3.12/site-packages/airflow/example_dags/example_python_decorator.py for tasks to queue
[2025-11-10T23:41:42.694+0000] {logging_mixin.py:190} INFO - [2025-11-10T23:41:42.694+0000] {dagbag.py:588} INFO - Filling up the DagBag from /home/airflow/.local/lib/python3.12/site-packages/airflow/example_dags/example_python_decorator.py
[2025-11-10T23:41:42.707+0000] {processor.py:925} INFO - DAG(s) 'example_python_decorator' retrieved from /home/airflow/.local/lib/python3.12/site-packages/airflow/example_dags/example_python_decorator.py
[2025-11-10T23:41:42.791+0000] {logging_mixin.py:190} INFO - [2025-11-10T23:41:42.791+0000] {dag.py:3239} INFO - Sync 1 DAGs
[2025-11-10T23:41:42.798+0000] {logging_mixin.py:190} INFO - [2025-11-10T23:41:42.798+0000] {dag.py:4180} INFO - Setting next_dagrun for example_python_decorator to None, run_after=None
[2025-11-10T23:41:42.815+0000] {processor.py:208} INFO - Processing /home/airflow/.local/lib/python3.12/site-packages/airflow/example_dags/example_python_decorator.py took 0.127 seconds
[2025-11-10T23:42:47.322+0000] {processor.py:186} INFO - Started process (PID=103) to work on /home/airflow/.local/lib/python3.12/site-packages/airflow/example_dags/example_python_decorator.py
[2025-11-10T23:42:47.325+0000] {processor.py:914} INFO - Processing file /home/airflow/.local/lib/python3.12/site-packages/airflow/example_dags/example_python_decorator.py for tasks to queue
[2025-11-10T23:42:47.326+0000] {logging_mixin.py:190} INFO - [2025-11-10T23:42:47.326+0000] {dagbag.py:588} INFO - Filling up the DagBag from /home/airflow/.local/lib/python3.12/site-packages/airflow/example_dags/example_python_decorator.py
[2025-11-10T23:42:47.335+0000] {processor.py:925} INFO - DAG(s) 'example_python_decorator' retrieved from /home/airflow/.local/lib/python3.12/site-packages/airflow/example_dags/example_python_decorator.py
[2025-11-10T23:42:47.401+0000] {logging_mixin.py:190} INFO - [2025-11-10T23:42:47.401+0000] {dag.py:3239} INFO - Sync 1 DAGs
[2025-11-10T23:42:47.409+0000] {logging_mixin.py:190} INFO - [2025-11-10T23:42:47.409+0000] {dag.py:4180} INFO - Setting next_dagrun for example_python_decorator to None, run_after=None
[2025-11-10T23:42:47.436+0000] {processor.py:208} INFO - Processing /home/airflow/.local/lib/python3.12/site-packages/airflow/example_dags/example_python_decorator.py took 0.117 seconds
[2025-11-10T23:43:18.597+0000] {processor.py:186} INFO - Started process (PID=167) to work on /home/airflow/.local/lib/python3.12/site-packages/airflow/example_dags/example_python_decorator.py
[2025-11-10T23:43:18.598+0000] {processor.py:914} INFO - Processing file /home/airflow/.local/lib/python3.12/site-packages/airflow/example_dags/example_python_decorator.py for tasks to queue
[2025-11-10T23:43:18.599+0000] {logging_mixin.py:190} INFO - [2025-11-10T23:43:18.599+0000] {dagbag.py:588} INFO - Filling up the DagBag from /home/airflow/.local/lib/python3.12/site-packages/airflow/example_dags/example_python_decorator.py
[2025-11-10T23:43:18.609+0000] {processor.py:925} INFO - DAG(s) 'example_python_decorator' retrieved from /home/airflow/.local/lib/python3.12/site-packages/airflow/example_dags/example_python_decorator.py
[2025-11-10T23:43:18.623+0000] {logging_mixin.py:190} INFO - [2025-11-10T23:43:18.623+0000] {dag.py:3239} INFO - Sync 1 DAGs
[2025-11-10T23:43:18.634+0000] {logging_mixin.py:190} INFO - [2025-11-10T23:43:18.634+0000] {dag.py:4180} INFO - Setting next_dagrun for example_python_decorator to None, run_after=None
[2025-11-10T23:43:18.651+0000] {processor.py:208} INFO - Processing /home/airflow/.local/lib/python3.12/site-packages/airflow/example_dags/example_python_decorator.py took 0.057 seconds
[2025-11-10T23:43:50.364+0000] {processor.py:186} INFO - Started process (PID=231) to work on /home/airflow/.local/lib/python3.12/site-packages/airflow/example_dags/example_python_decorator.py
[2025-11-10T23:43:50.365+0000] {processor.py:914} INFO - Processing file /home/airflow/.local/lib/python3.12/site-packages/airflow/example_dags/example_python_decorator.py for tasks to queue
[2025-11-10T23:43:50.367+0000] {logging_mixin.py:190} INFO - [2025-11-10T23:43:50.366+0000] {dagbag.py:588} INFO - Filling up the DagBag from /home/airflow/.local/lib/python3.12/site-packages/airflow/example_dags/example_python_decorator.py
[2025-11-10T23:43:50.375+0000] {processor.py:925} INFO - DAG(s) 'example_python_decorator' retrieved from /home/airflow/.local/lib/python3.12/site-packages/airflow/example_dags/example_python_decorator.py
[2025-11-10T23:43:50.393+0000] {logging_mixin.py:190} INFO - [2025-11-10T23:43:50.393+0000] {dag.py:3239} INFO - Sync 1 DAGs
[2025-11-10T23:43:50.401+0000] {logging_mixin.py:190} INFO - [2025-11-10T23:43:50.401+0000] {dag.py:4180} INFO - Setting next_dagrun for example_python_decorator to None, run_after=None
[2025-11-10T23:43:50.412+0000] {processor.py:208} INFO - Processing /home/airflow/.local/lib/python3.12/site-packages/airflow/example_dags/example_python_decorator.py took 0.052 seconds
[2025-11-10T23:44:21.776+0000] {processor.py:186} INFO - Started process (PID=295) to work on /home/airflow/.local/lib/python3.12/site-packages/airflow/example_dags/example_python_decorator.py
[2025-11-10T23:44:21.777+0000] {processor.py:914} INFO - Processing file /home/airflow/.local/lib/python3.12/site-packages/airflow/example_dags/example_python_decorator.py for tasks to queue
[2025-11-10T23:44:21.778+0000] {logging_mixin.py:190} INFO - [2025-11-10T23:44:21.778+0000] {dagbag.py:588} INFO - Filling up the DagBag from /home/airflow/.local/lib/python3.12/site-packages/airflow/example_dags/example_python_decorator.py
[2025-11-10T23:44:21.787+0000] {processor.py:925} INFO - DAG(s) 'example_python_decorator' retrieved from /home/airflow/.local/lib/python3.12/site-packages/airflow/example_dags/example_python_decorator.py
[2025-11-10T23:44:21.801+0000] {logging_mixin.py:190} INFO - [2025-11-10T23:44:21.801+0000] {dag.py:3239} INFO - Sync 1 DAGs
[2025-11-10T23:44:21.811+0000] {logging_mixin.py:190} INFO - [2025-11-10T23:44:21.811+0000] {dag.py:4180} INFO - Setting next_dagrun for example_python_decorator to None, run_after=None
[2025-11-10T23:44:21.826+0000] {processor.py:208} INFO - Processing /home/airflow/.local/lib/python3.12/site-packages/airflow/example_dags/example_python_decorator.py took 0.054 seconds
[2025-11-10T23:44:53.642+0000] {processor.py:186} INFO - Started process (PID=359) to work on /home/airflow/.local/lib/python3.12/site-packages/airflow/example_dags/example_python_decorator.py
[2025-11-10T23:44:53.642+0000] {processor.py:914} INFO - Processing file /home/airflow/.local/lib/python3.12/site-packages/airflow/example_dags/example_python_decorator.py for tasks to queue
[2025-11-10T23:44:53.643+0000] {logging_mixin.py:190} INFO - [2025-11-10T23:44:53.643+0000] {dagbag.py:588} INFO - Filling up the DagBag from /home/airflow/.local/lib/python3.12/site-packages/airflow/example_dags/example_python_decorator.py
[2025-11-10T23:44:53.652+0000] {processor.py:925} INFO - DAG(s) 'example_python_decorator' retrieved from /home/airflow/.local/lib/python3.12/site-packages/airflow/example_dags/example_python_decorator.py
[2025-11-10T23:44:53.668+0000] {logging_mixin.py:190} INFO - [2025-11-10T23:44:53.668+0000] {dag.py:3239} INFO - Sync 1 DAGs
[2025-11-10T23:44:53.677+0000] {logging_mixin.py:190} INFO - [2025-11-10T23:44:53.676+0000] {dag.py:4180} INFO - Setting next_dagrun for example_python_decorator to None, run_after=None
[2025-11-10T23:44:53.693+0000] {processor.py:208} INFO - Processing /home/airflow/.local/lib/python3.12/site-packages/airflow/example_dags/example_python_decorator.py took 0.055 seconds
[2025-11-10T23:45:26.318+0000] {processor.py:186} INFO - Started process (PID=423) to work on /home/airflow/.local/lib/python3.12/site-packages/airflow/example_dags/example_python_decorator.py
[2025-11-10T23:45:26.319+0000] {processor.py:914} INFO - Processing file /home/airflow/.local/lib/python3.12/site-packages/airflow/example_dags/example_python_decorator.py for tasks to queue
[2025-11-10T23:45:26.320+0000] {logging_mixin.py:190} INFO - [2025-11-10T23:45:26.320+0000] {dagbag.py:588} INFO - Filling up the DagBag from /home/airflow/.local/lib/python3.12/site-packages/airflow/example_dags/example_python_decorator.py
[2025-11-10T23:45:26.328+0000] {processor.py:925} INFO - DAG(s) 'example_python_decorator' retrieved from /home/airflow/.local/lib/python3.12/site-packages/airflow/example_dags/example_python_decorator.py
[2025-11-10T23:45:26.340+0000] {logging_mixin.py:190} INFO - [2025-11-10T23:45:26.340+0000] {dag.py:3239} INFO - Sync 1 DAGs
[2025-11-10T23:45:26.348+0000] {logging_mixin.py:190} INFO - [2025-11-10T23:45:26.348+0000] {dag.py:4180} INFO - Setting next_dagrun for example_python_decorator to None, run_after=None
[2025-11-10T23:45:26.358+0000] {processor.py:208} INFO - Processing /home/airflow/.local/lib/python3.12/site-packages/airflow/example_dags/example_python_decorator.py took 0.043 seconds
[2025-11-10T23:46:00.534+0000] {processor.py:186} INFO - Started process (PID=487) to work on /home/airflow/.local/lib/python3.12/site-packages/airflow/example_dags/example_python_decorator.py
[2025-11-10T23:46:00.535+0000] {processor.py:914} INFO - Processing file /home/airflow/.local/lib/python3.12/site-packages/airflow/example_dags/example_python_decorator.py for tasks to queue
[2025-11-10T23:46:00.536+0000] {logging_mixin.py:190} INFO - [2025-11-10T23:46:00.536+0000] {dagbag.py:588} INFO - Filling up the DagBag from /home/airflow/.local/lib/python3.12/site-packages/airflow/example_dags/example_python_decorator.py
[2025-11-10T23:46:00.546+0000] {processor.py:925} INFO - DAG(s) 'example_python_decorator' retrieved from /home/airflow/.local/lib/python3.12/site-packages/airflow/example_dags/example_python_decorator.py
[2025-11-10T23:46:00.562+0000] {logging_mixin.py:190} INFO - [2025-11-10T23:46:00.562+0000] {dag.py:3239} INFO - Sync 1 DAGs
[2025-11-10T23:46:00.571+0000] {logging_mixin.py:190} INFO - [2025-11-10T23:46:00.571+0000] {dag.py:4180} INFO - Setting next_dagrun for example_python_decorator to None, run_after=None
[2025-11-10T23:46:00.584+0000] {processor.py:208} INFO - Processing /home/airflow/.local/lib/python3.12/site-packages/airflow/example_dags/example_python_decorator.py took 0.054 seconds
[2025-11-10T23:46:31.476+0000] {processor.py:186} INFO - Started process (PID=551) to work on /home/airflow/.local/lib/python3.12/site-packages/airflow/example_dags/example_python_decorator.py
[2025-11-10T23:46:31.478+0000] {processor.py:914} INFO - Processing file /home/airflow/.local/lib/python3.12/site-packages/airflow/example_dags/example_python_decorator.py for tasks to queue
[2025-11-10T23:46:31.480+0000] {logging_mixin.py:190} INFO - [2025-11-10T23:46:31.480+0000] {dagbag.py:588} INFO - Filling up the DagBag from /home/airflow/.local/lib/python3.12/site-packages/airflow/example_dags/example_python_decorator.py
[2025-11-10T23:46:31.491+0000] {processor.py:925} INFO - DAG(s) 'example_python_decorator' retrieved from /home/airflow/.local/lib/python3.12/site-packages/airflow/example_dags/example_python_decorator.py
[2025-11-10T23:46:31.509+0000] {logging_mixin.py:190} INFO - [2025-11-10T23:46:31.509+0000] {dag.py:3239} INFO - Sync 1 DAGs
[2025-11-10T23:46:31.522+0000] {logging_mixin.py:190} INFO - [2025-11-10T23:46:31.521+0000] {dag.py:4180} INFO - Setting next_dagrun for example_python_decorator to None, run_after=None
[2025-11-10T23:46:31.542+0000] {processor.py:208} INFO - Processing /home/airflow/.local/lib/python3.12/site-packages/airflow/example_dags/example_python_decorator.py took 0.071 seconds
[2025-11-10T23:47:02.158+0000] {processor.py:186} INFO - Started process (PID=615) to work on /home/airflow/.local/lib/python3.12/site-packages/airflow/example_dags/example_python_decorator.py
[2025-11-10T23:47:02.158+0000] {processor.py:914} INFO - Processing file /home/airflow/.local/lib/python3.12/site-packages/airflow/example_dags/example_python_decorator.py for tasks to queue
[2025-11-10T23:47:02.160+0000] {logging_mixin.py:190} INFO - [2025-11-10T23:47:02.159+0000] {dagbag.py:588} INFO - Filling up the DagBag from /home/airflow/.local/lib/python3.12/site-packages/airflow/example_dags/example_python_decorator.py
[2025-11-10T23:47:02.169+0000] {processor.py:925} INFO - DAG(s) 'example_python_decorator' retrieved from /home/airflow/.local/lib/python3.12/site-packages/airflow/example_dags/example_python_decorator.py
[2025-11-10T23:47:02.183+0000] {logging_mixin.py:190} INFO - [2025-11-10T23:47:02.183+0000] {dag.py:3239} INFO - Sync 1 DAGs
[2025-11-10T23:47:02.192+0000] {logging_mixin.py:190} INFO - [2025-11-10T23:47:02.192+0000] {dag.py:4180} INFO - Setting next_dagrun for example_python_decorator to None, run_after=None
[2025-11-10T23:47:02.205+0000] {processor.py:208} INFO - Processing /home/airflow/.local/lib/python3.12/site-packages/airflow/example_dags/example_python_decorator.py took 0.052 seconds
[2025-11-10T23:47:33.255+0000] {processor.py:186} INFO - Started process (PID=679) to work on /home/airflow/.local/lib/python3.12/site-packages/airflow/example_dags/example_python_decorator.py
[2025-11-10T23:47:33.258+0000] {processor.py:914} INFO - Processing file /home/airflow/.local/lib/python3.12/site-packages/airflow/example_dags/example_python_decorator.py for tasks to queue
[2025-11-10T23:47:33.260+0000] {logging_mixin.py:190} INFO - [2025-11-10T23:47:33.259+0000] {dagbag.py:588} INFO - Filling up the DagBag from /home/airflow/.local/lib/python3.12/site-packages/airflow/example_dags/example_python_decorator.py
[2025-11-10T23:47:33.274+0000] {processor.py:925} INFO - DAG(s) 'example_python_decorator' retrieved from /home/airflow/.local/lib/python3.12/site-packages/airflow/example_dags/example_python_decorator.py
[2025-11-10T23:47:33.295+0000] {logging_mixin.py:190} INFO - [2025-11-10T23:47:33.294+0000] {dag.py:3239} INFO - Sync 1 DAGs
[2025-11-10T23:47:33.310+0000] {logging_mixin.py:190} INFO - [2025-11-10T23:47:33.310+0000] {dag.py:4180} INFO - Setting next_dagrun for example_python_decorator to None, run_after=None
[2025-11-10T23:47:33.332+0000] {processor.py:208} INFO - Processing /home/airflow/.local/lib/python3.12/site-packages/airflow/example_dags/example_python_decorator.py took 0.081 seconds
[2025-11-10T23:48:04.914+0000] {processor.py:186} INFO - Started process (PID=747) to work on /home/airflow/.local/lib/python3.12/site-packages/airflow/example_dags/example_python_decorator.py
[2025-11-10T23:48:04.914+0000] {processor.py:914} INFO - Processing file /home/airflow/.local/lib/python3.12/site-packages/airflow/example_dags/example_python_decorator.py for tasks to queue
[2025-11-10T23:48:04.915+0000] {logging_mixin.py:190} INFO - [2025-11-10T23:48:04.915+0000] {dagbag.py:588} INFO - Filling up the DagBag from /home/airflow/.local/lib/python3.12/site-packages/airflow/example_dags/example_python_decorator.py
[2025-11-10T23:48:04.924+0000] {processor.py:925} INFO - DAG(s) 'example_python_decorator' retrieved from /home/airflow/.local/lib/python3.12/site-packages/airflow/example_dags/example_python_decorator.py
[2025-11-10T23:48:04.938+0000] {logging_mixin.py:190} INFO - [2025-11-10T23:48:04.938+0000] {dag.py:3239} INFO - Sync 1 DAGs
[2025-11-10T23:48:04.946+0000] {logging_mixin.py:190} INFO - [2025-11-10T23:48:04.946+0000] {dag.py:4180} INFO - Setting next_dagrun for example_python_decorator to None, run_after=None
[2025-11-10T23:48:04.958+0000] {processor.py:208} INFO - Processing /home/airflow/.local/lib/python3.12/site-packages/airflow/example_dags/example_python_decorator.py took 0.048 seconds
[2025-11-10T23:48:36.193+0000] {processor.py:186} INFO - Started process (PID=812) to work on /home/airflow/.local/lib/python3.12/site-packages/airflow/example_dags/example_python_decorator.py
[2025-11-10T23:48:36.195+0000] {processor.py:914} INFO - Processing file /home/airflow/.local/lib/python3.12/site-packages/airflow/example_dags/example_python_decorator.py for tasks to queue
[2025-11-10T23:48:36.196+0000] {logging_mixin.py:190} INFO - [2025-11-10T23:48:36.196+0000] {dagbag.py:588} INFO - Filling up the DagBag from /home/airflow/.local/lib/python3.12/site-packages/airflow/example_dags/example_python_decorator.py
[2025-11-10T23:48:36.204+0000] {processor.py:925} INFO - DAG(s) 'example_python_decorator' retrieved from /home/airflow/.local/lib/python3.12/site-packages/airflow/example_dags/example_python_decorator.py
[2025-11-10T23:48:36.218+0000] {logging_mixin.py:190} INFO - [2025-11-10T23:48:36.217+0000] {dag.py:3239} INFO - Sync 1 DAGs
[2025-11-10T23:48:36.226+0000] {logging_mixin.py:190} INFO - [2025-11-10T23:48:36.226+0000] {dag.py:4180} INFO - Setting next_dagrun for example_python_decorator to None, run_after=None
[2025-11-10T23:48:36.237+0000] {processor.py:208} INFO - Processing /home/airflow/.local/lib/python3.12/site-packages/airflow/example_dags/example_python_decorator.py took 0.048 seconds
[2025-11-10T23:49:06.870+0000] {processor.py:186} INFO - Started process (PID=877) to work on /home/airflow/.local/lib/python3.12/site-packages/airflow/example_dags/example_python_decorator.py
[2025-11-10T23:49:06.870+0000] {processor.py:914} INFO - Processing file /home/airflow/.local/lib/python3.12/site-packages/airflow/example_dags/example_python_decorator.py for tasks to queue
[2025-11-10T23:49:06.872+0000] {logging_mixin.py:190} INFO - [2025-11-10T23:49:06.871+0000] {dagbag.py:588} INFO - Filling up the DagBag from /home/airflow/.local/lib/python3.12/site-packages/airflow/example_dags/example_python_decorator.py
[2025-11-10T23:49:06.881+0000] {processor.py:925} INFO - DAG(s) 'example_python_decorator' retrieved from /home/airflow/.local/lib/python3.12/site-packages/airflow/example_dags/example_python_decorator.py
[2025-11-10T23:49:06.898+0000] {logging_mixin.py:190} INFO - [2025-11-10T23:49:06.898+0000] {dag.py:3239} INFO - Sync 1 DAGs
[2025-11-10T23:49:06.908+0000] {logging_mixin.py:190} INFO - [2025-11-10T23:49:06.907+0000] {dag.py:4180} INFO - Setting next_dagrun for example_python_decorator to None, run_after=None
[2025-11-10T23:49:06.922+0000] {processor.py:208} INFO - Processing /home/airflow/.local/lib/python3.12/site-packages/airflow/example_dags/example_python_decorator.py took 0.056 seconds
[2025-11-10T23:49:37.506+0000] {processor.py:186} INFO - Started process (PID=944) to work on /home/airflow/.local/lib/python3.12/site-packages/airflow/example_dags/example_python_decorator.py
[2025-11-10T23:49:37.508+0000] {processor.py:914} INFO - Processing file /home/airflow/.local/lib/python3.12/site-packages/airflow/example_dags/example_python_decorator.py for tasks to queue
[2025-11-10T23:49:37.510+0000] {logging_mixin.py:190} INFO - [2025-11-10T23:49:37.510+0000] {dagbag.py:588} INFO - Filling up the DagBag from /home/airflow/.local/lib/python3.12/site-packages/airflow/example_dags/example_python_decorator.py
[2025-11-10T23:49:37.522+0000] {processor.py:925} INFO - DAG(s) 'example_python_decorator' retrieved from /home/airflow/.local/lib/python3.12/site-packages/airflow/example_dags/example_python_decorator.py
[2025-11-10T23:49:37.545+0000] {logging_mixin.py:190} INFO - [2025-11-10T23:49:37.544+0000] {dag.py:3239} INFO - Sync 1 DAGs
[2025-11-10T23:49:37.556+0000] {logging_mixin.py:190} INFO - [2025-11-10T23:49:37.556+0000] {dag.py:4180} INFO - Setting next_dagrun for example_python_decorator to None, run_after=None
[2025-11-10T23:49:37.568+0000] {processor.py:208} INFO - Processing /home/airflow/.local/lib/python3.12/site-packages/airflow/example_dags/example_python_decorator.py took 0.067 seconds
[2025-11-10T23:50:08.098+0000] {processor.py:186} INFO - Started process (PID=1013) to work on /home/airflow/.local/lib/python3.12/site-packages/airflow/example_dags/example_python_decorator.py
[2025-11-10T23:50:08.099+0000] {processor.py:914} INFO - Processing file /home/airflow/.local/lib/python3.12/site-packages/airflow/example_dags/example_python_decorator.py for tasks to queue
[2025-11-10T23:50:08.100+0000] {logging_mixin.py:190} INFO - [2025-11-10T23:50:08.100+0000] {dagbag.py:588} INFO - Filling up the DagBag from /home/airflow/.local/lib/python3.12/site-packages/airflow/example_dags/example_python_decorator.py
[2025-11-10T23:50:08.109+0000] {processor.py:925} INFO - DAG(s) 'example_python_decorator' retrieved from /home/airflow/.local/lib/python3.12/site-packages/airflow/example_dags/example_python_decorator.py
[2025-11-10T23:50:08.123+0000] {logging_mixin.py:190} INFO - [2025-11-10T23:50:08.123+0000] {dag.py:3239} INFO - Sync 1 DAGs
[2025-11-10T23:50:08.131+0000] {logging_mixin.py:190} INFO - [2025-11-10T23:50:08.131+0000] {dag.py:4180} INFO - Setting next_dagrun for example_python_decorator to None, run_after=None
[2025-11-10T23:50:08.142+0000] {processor.py:208} INFO - Processing /home/airflow/.local/lib/python3.12/site-packages/airflow/example_dags/example_python_decorator.py took 0.048 seconds
[2025-11-10T23:50:38.765+0000] {processor.py:186} INFO - Started process (PID=1079) to work on /home/airflow/.local/lib/python3.12/site-packages/airflow/example_dags/example_python_decorator.py
[2025-11-10T23:50:38.765+0000] {processor.py:914} INFO - Processing file /home/airflow/.local/lib/python3.12/site-packages/airflow/example_dags/example_python_decorator.py for tasks to queue
[2025-11-10T23:50:38.766+0000] {logging_mixin.py:190} INFO - [2025-11-10T23:50:38.766+0000] {dagbag.py:588} INFO - Filling up the DagBag from /home/airflow/.local/lib/python3.12/site-packages/airflow/example_dags/example_python_decorator.py
[2025-11-10T23:50:38.775+0000] {processor.py:925} INFO - DAG(s) 'example_python_decorator' retrieved from /home/airflow/.local/lib/python3.12/site-packages/airflow/example_dags/example_python_decorator.py
[2025-11-10T23:50:38.790+0000] {logging_mixin.py:190} INFO - [2025-11-10T23:50:38.790+0000] {dag.py:3239} INFO - Sync 1 DAGs
[2025-11-10T23:50:38.798+0000] {logging_mixin.py:190} INFO - [2025-11-10T23:50:38.798+0000] {dag.py:4180} INFO - Setting next_dagrun for example_python_decorator to None, run_after=None
[2025-11-10T23:50:38.809+0000] {processor.py:208} INFO - Processing /home/airflow/.local/lib/python3.12/site-packages/airflow/example_dags/example_python_decorator.py took 0.049 seconds
[2025-11-10T23:51:09.686+0000] {processor.py:186} INFO - Started process (PID=1146) to work on /home/airflow/.local/lib/python3.12/site-packages/airflow/example_dags/example_python_decorator.py
[2025-11-10T23:51:09.687+0000] {processor.py:914} INFO - Processing file /home/airflow/.local/lib/python3.12/site-packages/airflow/example_dags/example_python_decorator.py for tasks to queue
[2025-11-10T23:51:09.689+0000] {logging_mixin.py:190} INFO - [2025-11-10T23:51:09.688+0000] {dagbag.py:588} INFO - Filling up the DagBag from /home/airflow/.local/lib/python3.12/site-packages/airflow/example_dags/example_python_decorator.py
[2025-11-10T23:51:09.697+0000] {processor.py:925} INFO - DAG(s) 'example_python_decorator' retrieved from /home/airflow/.local/lib/python3.12/site-packages/airflow/example_dags/example_python_decorator.py
[2025-11-10T23:51:09.710+0000] {logging_mixin.py:190} INFO - [2025-11-10T23:51:09.709+0000] {dag.py:3239} INFO - Sync 1 DAGs
[2025-11-10T23:51:09.718+0000] {logging_mixin.py:190} INFO - [2025-11-10T23:51:09.717+0000] {dag.py:4180} INFO - Setting next_dagrun for example_python_decorator to None, run_after=None
[2025-11-10T23:51:09.728+0000] {processor.py:208} INFO - Processing /home/airflow/.local/lib/python3.12/site-packages/airflow/example_dags/example_python_decorator.py took 0.047 seconds
[2025-11-10T23:51:40.003+0000] {processor.py:186} INFO - Started process (PID=1213) to work on /home/airflow/.local/lib/python3.12/site-packages/airflow/example_dags/example_python_decorator.py
[2025-11-10T23:51:40.005+0000] {processor.py:914} INFO - Processing file /home/airflow/.local/lib/python3.12/site-packages/airflow/example_dags/example_python_decorator.py for tasks to queue
[2025-11-10T23:51:40.006+0000] {logging_mixin.py:190} INFO - [2025-11-10T23:51:40.006+0000] {dagbag.py:588} INFO - Filling up the DagBag from /home/airflow/.local/lib/python3.12/site-packages/airflow/example_dags/example_python_decorator.py
[2025-11-10T23:51:40.015+0000] {processor.py:925} INFO - DAG(s) 'example_python_decorator' retrieved from /home/airflow/.local/lib/python3.12/site-packages/airflow/example_dags/example_python_decorator.py
[2025-11-10T23:51:40.032+0000] {logging_mixin.py:190} INFO - [2025-11-10T23:51:40.032+0000] {dag.py:3239} INFO - Sync 1 DAGs
[2025-11-10T23:51:40.040+0000] {logging_mixin.py:190} INFO - [2025-11-10T23:51:40.040+0000] {dag.py:4180} INFO - Setting next_dagrun for example_python_decorator to None, run_after=None
[2025-11-10T23:51:40.051+0000] {processor.py:208} INFO - Processing /home/airflow/.local/lib/python3.12/site-packages/airflow/example_dags/example_python_decorator.py took 0.052 seconds
[2025-11-10T23:52:12.600+0000] {processor.py:186} INFO - Started process (PID=1279) to work on /home/airflow/.local/lib/python3.12/site-packages/airflow/example_dags/example_python_decorator.py
[2025-11-10T23:52:12.600+0000] {processor.py:914} INFO - Processing file /home/airflow/.local/lib/python3.12/site-packages/airflow/example_dags/example_python_decorator.py for tasks to queue
[2025-11-10T23:52:12.602+0000] {logging_mixin.py:190} INFO - [2025-11-10T23:52:12.602+0000] {dagbag.py:588} INFO - Filling up the DagBag from /home/airflow/.local/lib/python3.12/site-packages/airflow/example_dags/example_python_decorator.py
[2025-11-10T23:52:12.617+0000] {processor.py:925} INFO - DAG(s) 'example_python_decorator' retrieved from /home/airflow/.local/lib/python3.12/site-packages/airflow/example_dags/example_python_decorator.py
[2025-11-10T23:52:12.638+0000] {logging_mixin.py:190} INFO - [2025-11-10T23:52:12.638+0000] {dag.py:3239} INFO - Sync 1 DAGs
[2025-11-10T23:52:12.652+0000] {logging_mixin.py:190} INFO - [2025-11-10T23:52:12.652+0000] {dag.py:4180} INFO - Setting next_dagrun for example_python_decorator to None, run_after=None
[2025-11-10T23:52:12.677+0000] {processor.py:208} INFO - Processing /home/airflow/.local/lib/python3.12/site-packages/airflow/example_dags/example_python_decorator.py took 0.083 seconds
[2025-11-10T23:52:42.879+0000] {processor.py:186} INFO - Started process (PID=1351) to work on /home/airflow/.local/lib/python3.12/site-packages/airflow/example_dags/example_python_decorator.py
[2025-11-10T23:52:42.880+0000] {processor.py:914} INFO - Processing file /home/airflow/.local/lib/python3.12/site-packages/airflow/example_dags/example_python_decorator.py for tasks to queue
[2025-11-10T23:52:42.881+0000] {logging_mixin.py:190} INFO - [2025-11-10T23:52:42.881+0000] {dagbag.py:588} INFO - Filling up the DagBag from /home/airflow/.local/lib/python3.12/site-packages/airflow/example_dags/example_python_decorator.py
[2025-11-10T23:52:42.890+0000] {processor.py:925} INFO - DAG(s) 'example_python_decorator' retrieved from /home/airflow/.local/lib/python3.12/site-packages/airflow/example_dags/example_python_decorator.py
[2025-11-10T23:52:42.906+0000] {logging_mixin.py:190} INFO - [2025-11-10T23:52:42.906+0000] {dag.py:3239} INFO - Sync 1 DAGs
[2025-11-10T23:52:42.914+0000] {logging_mixin.py:190} INFO - [2025-11-10T23:52:42.914+0000] {dag.py:4180} INFO - Setting next_dagrun for example_python_decorator to None, run_after=None
[2025-11-10T23:52:42.927+0000] {processor.py:208} INFO - Processing /home/airflow/.local/lib/python3.12/site-packages/airflow/example_dags/example_python_decorator.py took 0.051 seconds
[2025-11-10T23:53:14.681+0000] {processor.py:186} INFO - Started process (PID=1417) to work on /home/airflow/.local/lib/python3.12/site-packages/airflow/example_dags/example_python_decorator.py
[2025-11-10T23:53:14.683+0000] {processor.py:914} INFO - Processing file /home/airflow/.local/lib/python3.12/site-packages/airflow/example_dags/example_python_decorator.py for tasks to queue
[2025-11-10T23:53:14.684+0000] {logging_mixin.py:190} INFO - [2025-11-10T23:53:14.684+0000] {dagbag.py:588} INFO - Filling up the DagBag from /home/airflow/.local/lib/python3.12/site-packages/airflow/example_dags/example_python_decorator.py
[2025-11-10T23:53:14.693+0000] {processor.py:925} INFO - DAG(s) 'example_python_decorator' retrieved from /home/airflow/.local/lib/python3.12/site-packages/airflow/example_dags/example_python_decorator.py
[2025-11-10T23:53:14.706+0000] {logging_mixin.py:190} INFO - [2025-11-10T23:53:14.706+0000] {dag.py:3239} INFO - Sync 1 DAGs
[2025-11-10T23:53:14.715+0000] {logging_mixin.py:190} INFO - [2025-11-10T23:53:14.715+0000] {dag.py:4180} INFO - Setting next_dagrun for example_python_decorator to None, run_after=None
[2025-11-10T23:53:14.728+0000] {processor.py:208} INFO - Processing /home/airflow/.local/lib/python3.12/site-packages/airflow/example_dags/example_python_decorator.py took 0.051 seconds
[2025-11-10T23:53:45.022+0000] {processor.py:186} INFO - Started process (PID=1481) to work on /home/airflow/.local/lib/python3.12/site-packages/airflow/example_dags/example_python_decorator.py
[2025-11-10T23:53:45.023+0000] {processor.py:914} INFO - Processing file /home/airflow/.local/lib/python3.12/site-packages/airflow/example_dags/example_python_decorator.py for tasks to queue
[2025-11-10T23:53:45.024+0000] {logging_mixin.py:190} INFO - [2025-11-10T23:53:45.024+0000] {dagbag.py:588} INFO - Filling up the DagBag from /home/airflow/.local/lib/python3.12/site-packages/airflow/example_dags/example_python_decorator.py
[2025-11-10T23:53:45.033+0000] {processor.py:925} INFO - DAG(s) 'example_python_decorator' retrieved from /home/airflow/.local/lib/python3.12/site-packages/airflow/example_dags/example_python_decorator.py
[2025-11-10T23:53:45.046+0000] {logging_mixin.py:190} INFO - [2025-11-10T23:53:45.046+0000] {dag.py:3239} INFO - Sync 1 DAGs
[2025-11-10T23:53:45.055+0000] {logging_mixin.py:190} INFO - [2025-11-10T23:53:45.055+0000] {dag.py:4180} INFO - Setting next_dagrun for example_python_decorator to None, run_after=None
[2025-11-10T23:53:45.068+0000] {processor.py:208} INFO - Processing /home/airflow/.local/lib/python3.12/site-packages/airflow/example_dags/example_python_decorator.py took 0.050 seconds
[2025-11-10T23:54:16.692+0000] {processor.py:186} INFO - Started process (PID=1549) to work on /home/airflow/.local/lib/python3.12/site-packages/airflow/example_dags/example_python_decorator.py
[2025-11-10T23:54:16.694+0000] {processor.py:914} INFO - Processing file /home/airflow/.local/lib/python3.12/site-packages/airflow/example_dags/example_python_decorator.py for tasks to queue
[2025-11-10T23:54:16.695+0000] {logging_mixin.py:190} INFO - [2025-11-10T23:54:16.695+0000] {dagbag.py:588} INFO - Filling up the DagBag from /home/airflow/.local/lib/python3.12/site-packages/airflow/example_dags/example_python_decorator.py
[2025-11-10T23:54:16.705+0000] {processor.py:925} INFO - DAG(s) 'example_python_decorator' retrieved from /home/airflow/.local/lib/python3.12/site-packages/airflow/example_dags/example_python_decorator.py
[2025-11-10T23:54:16.723+0000] {logging_mixin.py:190} INFO - [2025-11-10T23:54:16.723+0000] {dag.py:3239} INFO - Sync 1 DAGs
[2025-11-10T23:54:16.739+0000] {logging_mixin.py:190} INFO - [2025-11-10T23:54:16.739+0000] {dag.py:4180} INFO - Setting next_dagrun for example_python_decorator to None, run_after=None
[2025-11-10T23:54:16.750+0000] {processor.py:208} INFO - Processing /home/airflow/.local/lib/python3.12/site-packages/airflow/example_dags/example_python_decorator.py took 0.065 seconds
[2025-11-10T23:54:47.382+0000] {processor.py:186} INFO - Started process (PID=1614) to work on /home/airflow/.local/lib/python3.12/site-packages/airflow/example_dags/example_python_decorator.py
[2025-11-10T23:54:47.383+0000] {processor.py:914} INFO - Processing file /home/airflow/.local/lib/python3.12/site-packages/airflow/example_dags/example_python_decorator.py for tasks to queue
[2025-11-10T23:54:47.383+0000] {logging_mixin.py:190} INFO - [2025-11-10T23:54:47.383+0000] {dagbag.py:588} INFO - Filling up the DagBag from /home/airflow/.local/lib/python3.12/site-packages/airflow/example_dags/example_python_decorator.py
[2025-11-10T23:54:47.392+0000] {processor.py:925} INFO - DAG(s) 'example_python_decorator' retrieved from /home/airflow/.local/lib/python3.12/site-packages/airflow/example_dags/example_python_decorator.py
[2025-11-10T23:54:47.405+0000] {logging_mixin.py:190} INFO - [2025-11-10T23:54:47.405+0000] {dag.py:3239} INFO - Sync 1 DAGs
[2025-11-10T23:54:47.414+0000] {logging_mixin.py:190} INFO - [2025-11-10T23:54:47.414+0000] {dag.py:4180} INFO - Setting next_dagrun for example_python_decorator to None, run_after=None
[2025-11-10T23:54:47.425+0000] {processor.py:208} INFO - Processing /home/airflow/.local/lib/python3.12/site-packages/airflow/example_dags/example_python_decorator.py took 0.046 seconds
[2025-11-10T23:55:17.605+0000] {processor.py:186} INFO - Started process (PID=1678) to work on /home/airflow/.local/lib/python3.12/site-packages/airflow/example_dags/example_python_decorator.py
[2025-11-10T23:55:17.606+0000] {processor.py:914} INFO - Processing file /home/airflow/.local/lib/python3.12/site-packages/airflow/example_dags/example_python_decorator.py for tasks to queue
[2025-11-10T23:55:17.606+0000] {logging_mixin.py:190} INFO - [2025-11-10T23:55:17.606+0000] {dagbag.py:588} INFO - Filling up the DagBag from /home/airflow/.local/lib/python3.12/site-packages/airflow/example_dags/example_python_decorator.py
[2025-11-10T23:55:17.616+0000] {processor.py:925} INFO - DAG(s) 'example_python_decorator' retrieved from /home/airflow/.local/lib/python3.12/site-packages/airflow/example_dags/example_python_decorator.py
[2025-11-10T23:55:17.631+0000] {logging_mixin.py:190} INFO - [2025-11-10T23:55:17.631+0000] {dag.py:3239} INFO - Sync 1 DAGs
[2025-11-10T23:55:17.642+0000] {logging_mixin.py:190} INFO - [2025-11-10T23:55:17.642+0000] {dag.py:4180} INFO - Setting next_dagrun for example_python_decorator to None, run_after=None
[2025-11-10T23:55:17.655+0000] {processor.py:208} INFO - Processing /home/airflow/.local/lib/python3.12/site-packages/airflow/example_dags/example_python_decorator.py took 0.054 seconds
[2025-11-10T23:55:47.683+0000] {processor.py:186} INFO - Started process (PID=1741) to work on /home/airflow/.local/lib/python3.12/site-packages/airflow/example_dags/example_python_decorator.py
[2025-11-10T23:55:47.683+0000] {processor.py:914} INFO - Processing file /home/airflow/.local/lib/python3.12/site-packages/airflow/example_dags/example_python_decorator.py for tasks to queue
[2025-11-10T23:55:47.684+0000] {logging_mixin.py:190} INFO - [2025-11-10T23:55:47.684+0000] {dagbag.py:588} INFO - Filling up the DagBag from /home/airflow/.local/lib/python3.12/site-packages/airflow/example_dags/example_python_decorator.py
[2025-11-10T23:55:47.694+0000] {processor.py:925} INFO - DAG(s) 'example_python_decorator' retrieved from /home/airflow/.local/lib/python3.12/site-packages/airflow/example_dags/example_python_decorator.py
[2025-11-10T23:55:47.709+0000] {logging_mixin.py:190} INFO - [2025-11-10T23:55:47.709+0000] {dag.py:3239} INFO - Sync 1 DAGs
[2025-11-10T23:55:47.718+0000] {logging_mixin.py:190} INFO - [2025-11-10T23:55:47.718+0000] {dag.py:4180} INFO - Setting next_dagrun for example_python_decorator to None, run_after=None
[2025-11-10T23:55:47.731+0000] {processor.py:208} INFO - Processing /home/airflow/.local/lib/python3.12/site-packages/airflow/example_dags/example_python_decorator.py took 0.053 seconds
[2025-11-10T23:56:18.972+0000] {processor.py:186} INFO - Started process (PID=1805) to work on /home/airflow/.local/lib/python3.12/site-packages/airflow/example_dags/example_python_decorator.py
[2025-11-10T23:56:18.974+0000] {processor.py:914} INFO - Processing file /home/airflow/.local/lib/python3.12/site-packages/airflow/example_dags/example_python_decorator.py for tasks to queue
[2025-11-10T23:56:18.975+0000] {logging_mixin.py:190} INFO - [2025-11-10T23:56:18.975+0000] {dagbag.py:588} INFO - Filling up the DagBag from /home/airflow/.local/lib/python3.12/site-packages/airflow/example_dags/example_python_decorator.py
[2025-11-10T23:56:18.983+0000] {processor.py:925} INFO - DAG(s) 'example_python_decorator' retrieved from /home/airflow/.local/lib/python3.12/site-packages/airflow/example_dags/example_python_decorator.py
[2025-11-10T23:56:19.000+0000] {logging_mixin.py:190} INFO - [2025-11-10T23:56:18.999+0000] {dag.py:3239} INFO - Sync 1 DAGs
[2025-11-10T23:56:19.009+0000] {logging_mixin.py:190} INFO - [2025-11-10T23:56:19.009+0000] {dag.py:4180} INFO - Setting next_dagrun for example_python_decorator to None, run_after=None
[2025-11-10T23:56:19.020+0000] {processor.py:208} INFO - Processing /home/airflow/.local/lib/python3.12/site-packages/airflow/example_dags/example_python_decorator.py took 0.051 seconds
[2025-11-10T23:56:50.387+0000] {processor.py:186} INFO - Started process (PID=1869) to work on /home/airflow/.local/lib/python3.12/site-packages/airflow/example_dags/example_python_decorator.py
[2025-11-10T23:56:50.388+0000] {processor.py:914} INFO - Processing file /home/airflow/.local/lib/python3.12/site-packages/airflow/example_dags/example_python_decorator.py for tasks to queue
[2025-11-10T23:56:50.388+0000] {logging_mixin.py:190} INFO - [2025-11-10T23:56:50.388+0000] {dagbag.py:588} INFO - Filling up the DagBag from /home/airflow/.local/lib/python3.12/site-packages/airflow/example_dags/example_python_decorator.py
[2025-11-10T23:56:50.397+0000] {processor.py:925} INFO - DAG(s) 'example_python_decorator' retrieved from /home/airflow/.local/lib/python3.12/site-packages/airflow/example_dags/example_python_decorator.py
[2025-11-10T23:56:50.410+0000] {logging_mixin.py:190} INFO - [2025-11-10T23:56:50.409+0000] {dag.py:3239} INFO - Sync 1 DAGs
[2025-11-10T23:56:50.418+0000] {logging_mixin.py:190} INFO - [2025-11-10T23:56:50.418+0000] {dag.py:4180} INFO - Setting next_dagrun for example_python_decorator to None, run_after=None
[2025-11-10T23:56:50.427+0000] {processor.py:208} INFO - Processing /home/airflow/.local/lib/python3.12/site-packages/airflow/example_dags/example_python_decorator.py took 0.044 seconds
[2025-11-10T23:57:21.873+0000] {processor.py:186} INFO - Started process (PID=1934) to work on /home/airflow/.local/lib/python3.12/site-packages/airflow/example_dags/example_python_decorator.py
[2025-11-10T23:57:21.875+0000] {processor.py:914} INFO - Processing file /home/airflow/.local/lib/python3.12/site-packages/airflow/example_dags/example_python_decorator.py for tasks to queue
[2025-11-10T23:57:21.876+0000] {logging_mixin.py:190} INFO - [2025-11-10T23:57:21.876+0000] {dagbag.py:588} INFO - Filling up the DagBag from /home/airflow/.local/lib/python3.12/site-packages/airflow/example_dags/example_python_decorator.py
[2025-11-10T23:57:21.885+0000] {processor.py:925} INFO - DAG(s) 'example_python_decorator' retrieved from /home/airflow/.local/lib/python3.12/site-packages/airflow/example_dags/example_python_decorator.py
[2025-11-10T23:57:21.898+0000] {logging_mixin.py:190} INFO - [2025-11-10T23:57:21.898+0000] {dag.py:3239} INFO - Sync 1 DAGs
[2025-11-10T23:57:21.907+0000] {logging_mixin.py:190} INFO - [2025-11-10T23:57:21.907+0000] {dag.py:4180} INFO - Setting next_dagrun for example_python_decorator to None, run_after=None
[2025-11-10T23:57:21.918+0000] {processor.py:208} INFO - Processing /home/airflow/.local/lib/python3.12/site-packages/airflow/example_dags/example_python_decorator.py took 0.049 seconds
[2025-11-10T23:57:53.123+0000] {processor.py:186} INFO - Started process (PID=1998) to work on /home/airflow/.local/lib/python3.12/site-packages/airflow/example_dags/example_python_decorator.py
[2025-11-10T23:57:53.124+0000] {processor.py:914} INFO - Processing file /home/airflow/.local/lib/python3.12/site-packages/airflow/example_dags/example_python_decorator.py for tasks to queue
[2025-11-10T23:57:53.124+0000] {logging_mixin.py:190} INFO - [2025-11-10T23:57:53.124+0000] {dagbag.py:588} INFO - Filling up the DagBag from /home/airflow/.local/lib/python3.12/site-packages/airflow/example_dags/example_python_decorator.py
[2025-11-10T23:57:53.133+0000] {processor.py:925} INFO - DAG(s) 'example_python_decorator' retrieved from /home/airflow/.local/lib/python3.12/site-packages/airflow/example_dags/example_python_decorator.py
[2025-11-10T23:57:53.147+0000] {logging_mixin.py:190} INFO - [2025-11-10T23:57:53.146+0000] {dag.py:3239} INFO - Sync 1 DAGs
[2025-11-10T23:57:53.156+0000] {logging_mixin.py:190} INFO - [2025-11-10T23:57:53.156+0000] {dag.py:4180} INFO - Setting next_dagrun for example_python_decorator to None, run_after=None
[2025-11-10T23:57:53.168+0000] {processor.py:208} INFO - Processing /home/airflow/.local/lib/python3.12/site-packages/airflow/example_dags/example_python_decorator.py took 0.049 seconds
[2025-11-10T23:58:24.273+0000] {processor.py:186} INFO - Started process (PID=2062) to work on /home/airflow/.local/lib/python3.12/site-packages/airflow/example_dags/example_python_decorator.py
[2025-11-10T23:58:24.275+0000] {processor.py:914} INFO - Processing file /home/airflow/.local/lib/python3.12/site-packages/airflow/example_dags/example_python_decorator.py for tasks to queue
[2025-11-10T23:58:24.276+0000] {logging_mixin.py:190} INFO - [2025-11-10T23:58:24.276+0000] {dagbag.py:588} INFO - Filling up the DagBag from /home/airflow/.local/lib/python3.12/site-packages/airflow/example_dags/example_python_decorator.py
[2025-11-10T23:58:24.286+0000] {processor.py:925} INFO - DAG(s) 'example_python_decorator' retrieved from /home/airflow/.local/lib/python3.12/site-packages/airflow/example_dags/example_python_decorator.py
[2025-11-10T23:58:24.301+0000] {logging_mixin.py:190} INFO - [2025-11-10T23:58:24.301+0000] {dag.py:3239} INFO - Sync 1 DAGs
[2025-11-10T23:58:24.310+0000] {logging_mixin.py:190} INFO - [2025-11-10T23:58:24.310+0000] {dag.py:4180} INFO - Setting next_dagrun for example_python_decorator to None, run_after=None
[2025-11-10T23:58:24.323+0000] {processor.py:208} INFO - Processing /home/airflow/.local/lib/python3.12/site-packages/airflow/example_dags/example_python_decorator.py took 0.055 seconds
[2025-11-10T23:58:55.911+0000] {processor.py:186} INFO - Started process (PID=2127) to work on /home/airflow/.local/lib/python3.12/site-packages/airflow/example_dags/example_python_decorator.py
[2025-11-10T23:58:55.912+0000] {processor.py:914} INFO - Processing file /home/airflow/.local/lib/python3.12/site-packages/airflow/example_dags/example_python_decorator.py for tasks to queue
[2025-11-10T23:58:55.912+0000] {logging_mixin.py:190} INFO - [2025-11-10T23:58:55.912+0000] {dagbag.py:588} INFO - Filling up the DagBag from /home/airflow/.local/lib/python3.12/site-packages/airflow/example_dags/example_python_decorator.py
[2025-11-10T23:58:55.921+0000] {processor.py:925} INFO - DAG(s) 'example_python_decorator' retrieved from /home/airflow/.local/lib/python3.12/site-packages/airflow/example_dags/example_python_decorator.py
[2025-11-10T23:58:55.933+0000] {logging_mixin.py:190} INFO - [2025-11-10T23:58:55.933+0000] {dag.py:3239} INFO - Sync 1 DAGs
[2025-11-10T23:58:55.941+0000] {logging_mixin.py:190} INFO - [2025-11-10T23:58:55.941+0000] {dag.py:4180} INFO - Setting next_dagrun for example_python_decorator to None, run_after=None
[2025-11-10T23:58:55.960+0000] {processor.py:208} INFO - Processing /home/airflow/.local/lib/python3.12/site-packages/airflow/example_dags/example_python_decorator.py took 0.052 seconds
[2025-11-10T23:59:26.274+0000] {processor.py:186} INFO - Started process (PID=2191) to work on /home/airflow/.local/lib/python3.12/site-packages/airflow/example_dags/example_python_decorator.py
[2025-11-10T23:59:26.276+0000] {processor.py:914} INFO - Processing file /home/airflow/.local/lib/python3.12/site-packages/airflow/example_dags/example_python_decorator.py for tasks to queue
[2025-11-10T23:59:26.277+0000] {logging_mixin.py:190} INFO - [2025-11-10T23:59:26.277+0000] {dagbag.py:588} INFO - Filling up the DagBag from /home/airflow/.local/lib/python3.12/site-packages/airflow/example_dags/example_python_decorator.py
[2025-11-10T23:59:26.285+0000] {processor.py:925} INFO - DAG(s) 'example_python_decorator' retrieved from /home/airflow/.local/lib/python3.12/site-packages/airflow/example_dags/example_python_decorator.py
[2025-11-10T23:59:26.300+0000] {logging_mixin.py:190} INFO - [2025-11-10T23:59:26.300+0000] {dag.py:3239} INFO - Sync 1 DAGs
[2025-11-10T23:59:26.309+0000] {logging_mixin.py:190} INFO - [2025-11-10T23:59:26.309+0000] {dag.py:4180} INFO - Setting next_dagrun for example_python_decorator to None, run_after=None
[2025-11-10T23:59:26.319+0000] {processor.py:208} INFO - Processing /home/airflow/.local/lib/python3.12/site-packages/airflow/example_dags/example_python_decorator.py took 0.048 seconds
[2025-11-10T23:59:57.236+0000] {processor.py:186} INFO - Started process (PID=2255) to work on /home/airflow/.local/lib/python3.12/site-packages/airflow/example_dags/example_python_decorator.py
[2025-11-10T23:59:57.236+0000] {processor.py:914} INFO - Processing file /home/airflow/.local/lib/python3.12/site-packages/airflow/example_dags/example_python_decorator.py for tasks to queue
[2025-11-10T23:59:57.237+0000] {logging_mixin.py:190} INFO - [2025-11-10T23:59:57.237+0000] {dagbag.py:588} INFO - Filling up the DagBag from /home/airflow/.local/lib/python3.12/site-packages/airflow/example_dags/example_python_decorator.py
[2025-11-10T23:59:57.245+0000] {processor.py:925} INFO - DAG(s) 'example_python_decorator' retrieved from /home/airflow/.local/lib/python3.12/site-packages/airflow/example_dags/example_python_decorator.py
[2025-11-10T23:59:57.260+0000] {logging_mixin.py:190} INFO - [2025-11-10T23:59:57.260+0000] {dag.py:3239} INFO - Sync 1 DAGs
[2025-11-10T23:59:57.268+0000] {logging_mixin.py:190} INFO - [2025-11-10T23:59:57.268+0000] {dag.py:4180} INFO - Setting next_dagrun for example_python_decorator to None, run_after=None
[2025-11-10T23:59:57.282+0000] {processor.py:208} INFO - Processing /home/airflow/.local/lib/python3.12/site-packages/airflow/example_dags/example_python_decorator.py took 0.049 seconds
