[2025-11-10T23:41:41.550+0000] {processor.py:186} INFO - Started process (PID=103) to work on /home/airflow/.local/lib/python3.12/site-packages/airflow/example_dags/example_skip_dag.py
[2025-11-10T23:41:41.551+0000] {processor.py:914} INFO - Processing file /home/airflow/.local/lib/python3.12/site-packages/airflow/example_dags/example_skip_dag.py for tasks to queue
[2025-11-10T23:41:41.552+0000] {logging_mixin.py:190} INFO - [2025-11-10T23:41:41.552+0000] {dagbag.py:588} INFO - Filling up the DagBag from /home/airflow/.local/lib/python3.12/site-packages/airflow/example_dags/example_skip_dag.py
[2025-11-10T23:41:41.557+0000] {processor.py:925} INFO - DAG(s) 'example_skip_dag' retrieved from /home/airflow/.local/lib/python3.12/site-packages/airflow/example_dags/example_skip_dag.py
[2025-11-10T23:41:41.573+0000] {logging_mixin.py:190} INFO - [2025-11-10T23:41:41.572+0000] {dag.py:3239} INFO - Sync 1 DAGs
[2025-11-10T23:41:41.591+0000] {logging_mixin.py:190} INFO - [2025-11-10T23:41:41.591+0000] {dag.py:4180} INFO - Setting next_dagrun for example_skip_dag to 2025-11-09 00:00:00+00:00, run_after=2025-11-10 00:00:00+00:00
[2025-11-10T23:41:41.609+0000] {processor.py:208} INFO - Processing /home/airflow/.local/lib/python3.12/site-packages/airflow/example_dags/example_skip_dag.py took 0.062 seconds
[2025-11-10T23:42:45.805+0000] {processor.py:186} INFO - Started process (PID=78) to work on /home/airflow/.local/lib/python3.12/site-packages/airflow/example_dags/example_skip_dag.py
[2025-11-10T23:42:45.805+0000] {processor.py:914} INFO - Processing file /home/airflow/.local/lib/python3.12/site-packages/airflow/example_dags/example_skip_dag.py for tasks to queue
[2025-11-10T23:42:45.806+0000] {logging_mixin.py:190} INFO - [2025-11-10T23:42:45.806+0000] {dagbag.py:588} INFO - Filling up the DagBag from /home/airflow/.local/lib/python3.12/site-packages/airflow/example_dags/example_skip_dag.py
[2025-11-10T23:42:45.811+0000] {processor.py:925} INFO - DAG(s) 'example_skip_dag' retrieved from /home/airflow/.local/lib/python3.12/site-packages/airflow/example_dags/example_skip_dag.py
[2025-11-10T23:42:45.827+0000] {logging_mixin.py:190} INFO - [2025-11-10T23:42:45.827+0000] {dag.py:3239} INFO - Sync 1 DAGs
[2025-11-10T23:42:45.845+0000] {logging_mixin.py:190} INFO - [2025-11-10T23:42:45.845+0000] {dag.py:4180} INFO - Setting next_dagrun for example_skip_dag to 2025-11-09 00:00:00+00:00, run_after=2025-11-10 00:00:00+00:00
[2025-11-10T23:42:45.861+0000] {processor.py:208} INFO - Processing /home/airflow/.local/lib/python3.12/site-packages/airflow/example_dags/example_skip_dag.py took 0.060 seconds
[2025-11-10T23:43:17.278+0000] {processor.py:186} INFO - Started process (PID=142) to work on /home/airflow/.local/lib/python3.12/site-packages/airflow/example_dags/example_skip_dag.py
[2025-11-10T23:43:17.279+0000] {processor.py:914} INFO - Processing file /home/airflow/.local/lib/python3.12/site-packages/airflow/example_dags/example_skip_dag.py for tasks to queue
[2025-11-10T23:43:17.281+0000] {logging_mixin.py:190} INFO - [2025-11-10T23:43:17.281+0000] {dagbag.py:588} INFO - Filling up the DagBag from /home/airflow/.local/lib/python3.12/site-packages/airflow/example_dags/example_skip_dag.py
[2025-11-10T23:43:17.286+0000] {processor.py:925} INFO - DAG(s) 'example_skip_dag' retrieved from /home/airflow/.local/lib/python3.12/site-packages/airflow/example_dags/example_skip_dag.py
[2025-11-10T23:43:17.299+0000] {logging_mixin.py:190} INFO - [2025-11-10T23:43:17.299+0000] {dag.py:3239} INFO - Sync 1 DAGs
[2025-11-10T23:43:17.312+0000] {logging_mixin.py:190} INFO - [2025-11-10T23:43:17.311+0000] {dag.py:4180} INFO - Setting next_dagrun for example_skip_dag to 2025-11-09 00:00:00+00:00, run_after=2025-11-10 00:00:00+00:00
[2025-11-10T23:43:17.326+0000] {processor.py:208} INFO - Processing /home/airflow/.local/lib/python3.12/site-packages/airflow/example_dags/example_skip_dag.py took 0.055 seconds
[2025-11-10T23:43:48.757+0000] {processor.py:186} INFO - Started process (PID=206) to work on /home/airflow/.local/lib/python3.12/site-packages/airflow/example_dags/example_skip_dag.py
[2025-11-10T23:43:48.758+0000] {processor.py:914} INFO - Processing file /home/airflow/.local/lib/python3.12/site-packages/airflow/example_dags/example_skip_dag.py for tasks to queue
[2025-11-10T23:43:48.759+0000] {logging_mixin.py:190} INFO - [2025-11-10T23:43:48.759+0000] {dagbag.py:588} INFO - Filling up the DagBag from /home/airflow/.local/lib/python3.12/site-packages/airflow/example_dags/example_skip_dag.py
[2025-11-10T23:43:48.764+0000] {processor.py:925} INFO - DAG(s) 'example_skip_dag' retrieved from /home/airflow/.local/lib/python3.12/site-packages/airflow/example_dags/example_skip_dag.py
[2025-11-10T23:43:48.779+0000] {logging_mixin.py:190} INFO - [2025-11-10T23:43:48.779+0000] {dag.py:3239} INFO - Sync 1 DAGs
[2025-11-10T23:43:48.800+0000] {logging_mixin.py:190} INFO - [2025-11-10T23:43:48.800+0000] {dag.py:4180} INFO - Setting next_dagrun for example_skip_dag to 2025-11-09 00:00:00+00:00, run_after=2025-11-10 00:00:00+00:00
[2025-11-10T23:43:48.815+0000] {processor.py:208} INFO - Processing /home/airflow/.local/lib/python3.12/site-packages/airflow/example_dags/example_skip_dag.py took 0.062 seconds
[2025-11-10T23:44:20.530+0000] {processor.py:186} INFO - Started process (PID=270) to work on /home/airflow/.local/lib/python3.12/site-packages/airflow/example_dags/example_skip_dag.py
[2025-11-10T23:44:20.530+0000] {processor.py:914} INFO - Processing file /home/airflow/.local/lib/python3.12/site-packages/airflow/example_dags/example_skip_dag.py for tasks to queue
[2025-11-10T23:44:20.532+0000] {logging_mixin.py:190} INFO - [2025-11-10T23:44:20.531+0000] {dagbag.py:588} INFO - Filling up the DagBag from /home/airflow/.local/lib/python3.12/site-packages/airflow/example_dags/example_skip_dag.py
[2025-11-10T23:44:20.536+0000] {processor.py:925} INFO - DAG(s) 'example_skip_dag' retrieved from /home/airflow/.local/lib/python3.12/site-packages/airflow/example_dags/example_skip_dag.py
[2025-11-10T23:44:20.550+0000] {logging_mixin.py:190} INFO - [2025-11-10T23:44:20.550+0000] {dag.py:3239} INFO - Sync 1 DAGs
[2025-11-10T23:44:20.564+0000] {logging_mixin.py:190} INFO - [2025-11-10T23:44:20.564+0000] {dag.py:4180} INFO - Setting next_dagrun for example_skip_dag to 2025-11-09 00:00:00+00:00, run_after=2025-11-10 00:00:00+00:00
[2025-11-10T23:44:20.580+0000] {processor.py:208} INFO - Processing /home/airflow/.local/lib/python3.12/site-packages/airflow/example_dags/example_skip_dag.py took 0.053 seconds
[2025-11-10T23:44:52.262+0000] {processor.py:186} INFO - Started process (PID=334) to work on /home/airflow/.local/lib/python3.12/site-packages/airflow/example_dags/example_skip_dag.py
[2025-11-10T23:44:52.263+0000] {processor.py:914} INFO - Processing file /home/airflow/.local/lib/python3.12/site-packages/airflow/example_dags/example_skip_dag.py for tasks to queue
[2025-11-10T23:44:52.264+0000] {logging_mixin.py:190} INFO - [2025-11-10T23:44:52.264+0000] {dagbag.py:588} INFO - Filling up the DagBag from /home/airflow/.local/lib/python3.12/site-packages/airflow/example_dags/example_skip_dag.py
[2025-11-10T23:44:52.269+0000] {processor.py:925} INFO - DAG(s) 'example_skip_dag' retrieved from /home/airflow/.local/lib/python3.12/site-packages/airflow/example_dags/example_skip_dag.py
[2025-11-10T23:44:52.283+0000] {logging_mixin.py:190} INFO - [2025-11-10T23:44:52.282+0000] {dag.py:3239} INFO - Sync 1 DAGs
[2025-11-10T23:44:52.299+0000] {logging_mixin.py:190} INFO - [2025-11-10T23:44:52.298+0000] {dag.py:4180} INFO - Setting next_dagrun for example_skip_dag to 2025-11-09 00:00:00+00:00, run_after=2025-11-10 00:00:00+00:00
[2025-11-10T23:44:52.315+0000] {processor.py:208} INFO - Processing /home/airflow/.local/lib/python3.12/site-packages/airflow/example_dags/example_skip_dag.py took 0.058 seconds
[2025-11-10T23:45:24.521+0000] {processor.py:186} INFO - Started process (PID=398) to work on /home/airflow/.local/lib/python3.12/site-packages/airflow/example_dags/example_skip_dag.py
[2025-11-10T23:45:24.543+0000] {processor.py:914} INFO - Processing file /home/airflow/.local/lib/python3.12/site-packages/airflow/example_dags/example_skip_dag.py for tasks to queue
[2025-11-10T23:45:24.545+0000] {logging_mixin.py:190} INFO - [2025-11-10T23:45:24.545+0000] {dagbag.py:588} INFO - Filling up the DagBag from /home/airflow/.local/lib/python3.12/site-packages/airflow/example_dags/example_skip_dag.py
[2025-11-10T23:45:24.578+0000] {processor.py:925} INFO - DAG(s) 'example_skip_dag' retrieved from /home/airflow/.local/lib/python3.12/site-packages/airflow/example_dags/example_skip_dag.py
[2025-11-10T23:45:24.592+0000] {logging_mixin.py:190} INFO - [2025-11-10T23:45:24.592+0000] {dag.py:3239} INFO - Sync 1 DAGs
[2025-11-10T23:45:24.605+0000] {logging_mixin.py:190} INFO - [2025-11-10T23:45:24.605+0000] {dag.py:4180} INFO - Setting next_dagrun for example_skip_dag to 2025-11-09 00:00:00+00:00, run_after=2025-11-10 00:00:00+00:00
[2025-11-10T23:45:24.695+0000] {processor.py:208} INFO - Processing /home/airflow/.local/lib/python3.12/site-packages/airflow/example_dags/example_skip_dag.py took 0.177 seconds
[2025-11-10T23:45:59.264+0000] {processor.py:186} INFO - Started process (PID=462) to work on /home/airflow/.local/lib/python3.12/site-packages/airflow/example_dags/example_skip_dag.py
[2025-11-10T23:45:59.265+0000] {processor.py:914} INFO - Processing file /home/airflow/.local/lib/python3.12/site-packages/airflow/example_dags/example_skip_dag.py for tasks to queue
[2025-11-10T23:45:59.267+0000] {logging_mixin.py:190} INFO - [2025-11-10T23:45:59.267+0000] {dagbag.py:588} INFO - Filling up the DagBag from /home/airflow/.local/lib/python3.12/site-packages/airflow/example_dags/example_skip_dag.py
[2025-11-10T23:45:59.272+0000] {processor.py:925} INFO - DAG(s) 'example_skip_dag' retrieved from /home/airflow/.local/lib/python3.12/site-packages/airflow/example_dags/example_skip_dag.py
[2025-11-10T23:45:59.290+0000] {logging_mixin.py:190} INFO - [2025-11-10T23:45:59.290+0000] {dag.py:3239} INFO - Sync 1 DAGs
[2025-11-10T23:45:59.309+0000] {logging_mixin.py:190} INFO - [2025-11-10T23:45:59.308+0000] {dag.py:4180} INFO - Setting next_dagrun for example_skip_dag to 2025-11-09 00:00:00+00:00, run_after=2025-11-10 00:00:00+00:00
[2025-11-10T23:45:59.326+0000] {processor.py:208} INFO - Processing /home/airflow/.local/lib/python3.12/site-packages/airflow/example_dags/example_skip_dag.py took 0.066 seconds
[2025-11-10T23:46:29.953+0000] {processor.py:186} INFO - Started process (PID=526) to work on /home/airflow/.local/lib/python3.12/site-packages/airflow/example_dags/example_skip_dag.py
[2025-11-10T23:46:29.953+0000] {processor.py:914} INFO - Processing file /home/airflow/.local/lib/python3.12/site-packages/airflow/example_dags/example_skip_dag.py for tasks to queue
[2025-11-10T23:46:29.955+0000] {logging_mixin.py:190} INFO - [2025-11-10T23:46:29.954+0000] {dagbag.py:588} INFO - Filling up the DagBag from /home/airflow/.local/lib/python3.12/site-packages/airflow/example_dags/example_skip_dag.py
[2025-11-10T23:46:29.959+0000] {processor.py:925} INFO - DAG(s) 'example_skip_dag' retrieved from /home/airflow/.local/lib/python3.12/site-packages/airflow/example_dags/example_skip_dag.py
[2025-11-10T23:46:29.975+0000] {logging_mixin.py:190} INFO - [2025-11-10T23:46:29.974+0000] {dag.py:3239} INFO - Sync 1 DAGs
[2025-11-10T23:46:29.990+0000] {logging_mixin.py:190} INFO - [2025-11-10T23:46:29.990+0000] {dag.py:4180} INFO - Setting next_dagrun for example_skip_dag to 2025-11-09 00:00:00+00:00, run_after=2025-11-10 00:00:00+00:00
[2025-11-10T23:46:30.006+0000] {processor.py:208} INFO - Processing /home/airflow/.local/lib/python3.12/site-packages/airflow/example_dags/example_skip_dag.py took 0.058 seconds
[2025-11-10T23:47:00.946+0000] {processor.py:186} INFO - Started process (PID=590) to work on /home/airflow/.local/lib/python3.12/site-packages/airflow/example_dags/example_skip_dag.py
[2025-11-10T23:47:00.947+0000] {processor.py:914} INFO - Processing file /home/airflow/.local/lib/python3.12/site-packages/airflow/example_dags/example_skip_dag.py for tasks to queue
[2025-11-10T23:47:00.949+0000] {logging_mixin.py:190} INFO - [2025-11-10T23:47:00.948+0000] {dagbag.py:588} INFO - Filling up the DagBag from /home/airflow/.local/lib/python3.12/site-packages/airflow/example_dags/example_skip_dag.py
[2025-11-10T23:47:00.955+0000] {processor.py:925} INFO - DAG(s) 'example_skip_dag' retrieved from /home/airflow/.local/lib/python3.12/site-packages/airflow/example_dags/example_skip_dag.py
[2025-11-10T23:47:00.975+0000] {logging_mixin.py:190} INFO - [2025-11-10T23:47:00.975+0000] {dag.py:3239} INFO - Sync 1 DAGs
[2025-11-10T23:47:00.991+0000] {logging_mixin.py:190} INFO - [2025-11-10T23:47:00.991+0000] {dag.py:4180} INFO - Setting next_dagrun for example_skip_dag to 2025-11-09 00:00:00+00:00, run_after=2025-11-10 00:00:00+00:00
[2025-11-10T23:47:01.004+0000] {processor.py:208} INFO - Processing /home/airflow/.local/lib/python3.12/site-packages/airflow/example_dags/example_skip_dag.py took 0.063 seconds
[2025-11-10T23:47:32.099+0000] {processor.py:186} INFO - Started process (PID=654) to work on /home/airflow/.local/lib/python3.12/site-packages/airflow/example_dags/example_skip_dag.py
[2025-11-10T23:47:32.099+0000] {processor.py:914} INFO - Processing file /home/airflow/.local/lib/python3.12/site-packages/airflow/example_dags/example_skip_dag.py for tasks to queue
[2025-11-10T23:47:32.101+0000] {logging_mixin.py:190} INFO - [2025-11-10T23:47:32.101+0000] {dagbag.py:588} INFO - Filling up the DagBag from /home/airflow/.local/lib/python3.12/site-packages/airflow/example_dags/example_skip_dag.py
[2025-11-10T23:47:32.106+0000] {processor.py:925} INFO - DAG(s) 'example_skip_dag' retrieved from /home/airflow/.local/lib/python3.12/site-packages/airflow/example_dags/example_skip_dag.py
[2025-11-10T23:47:32.118+0000] {logging_mixin.py:190} INFO - [2025-11-10T23:47:32.118+0000] {dag.py:3239} INFO - Sync 1 DAGs
[2025-11-10T23:47:32.132+0000] {logging_mixin.py:190} INFO - [2025-11-10T23:47:32.132+0000] {dag.py:4180} INFO - Setting next_dagrun for example_skip_dag to 2025-11-09 00:00:00+00:00, run_after=2025-11-10 00:00:00+00:00
[2025-11-10T23:47:32.145+0000] {processor.py:208} INFO - Processing /home/airflow/.local/lib/python3.12/site-packages/airflow/example_dags/example_skip_dag.py took 0.049 seconds
[2025-11-10T23:48:03.831+0000] {processor.py:186} INFO - Started process (PID=722) to work on /home/airflow/.local/lib/python3.12/site-packages/airflow/example_dags/example_skip_dag.py
[2025-11-10T23:48:03.832+0000] {processor.py:914} INFO - Processing file /home/airflow/.local/lib/python3.12/site-packages/airflow/example_dags/example_skip_dag.py for tasks to queue
[2025-11-10T23:48:03.834+0000] {logging_mixin.py:190} INFO - [2025-11-10T23:48:03.834+0000] {dagbag.py:588} INFO - Filling up the DagBag from /home/airflow/.local/lib/python3.12/site-packages/airflow/example_dags/example_skip_dag.py
[2025-11-10T23:48:03.841+0000] {processor.py:925} INFO - DAG(s) 'example_skip_dag' retrieved from /home/airflow/.local/lib/python3.12/site-packages/airflow/example_dags/example_skip_dag.py
[2025-11-10T23:48:03.856+0000] {logging_mixin.py:190} INFO - [2025-11-10T23:48:03.856+0000] {dag.py:3239} INFO - Sync 1 DAGs
[2025-11-10T23:48:03.876+0000] {logging_mixin.py:190} INFO - [2025-11-10T23:48:03.876+0000] {dag.py:4180} INFO - Setting next_dagrun for example_skip_dag to 2025-11-09 00:00:00+00:00, run_after=2025-11-10 00:00:00+00:00
[2025-11-10T23:48:03.886+0000] {processor.py:208} INFO - Processing /home/airflow/.local/lib/python3.12/site-packages/airflow/example_dags/example_skip_dag.py took 0.061 seconds
[2025-11-10T23:48:35.182+0000] {processor.py:186} INFO - Started process (PID=787) to work on /home/airflow/.local/lib/python3.12/site-packages/airflow/example_dags/example_skip_dag.py
[2025-11-10T23:48:35.183+0000] {processor.py:914} INFO - Processing file /home/airflow/.local/lib/python3.12/site-packages/airflow/example_dags/example_skip_dag.py for tasks to queue
[2025-11-10T23:48:35.184+0000] {logging_mixin.py:190} INFO - [2025-11-10T23:48:35.184+0000] {dagbag.py:588} INFO - Filling up the DagBag from /home/airflow/.local/lib/python3.12/site-packages/airflow/example_dags/example_skip_dag.py
[2025-11-10T23:48:35.189+0000] {processor.py:925} INFO - DAG(s) 'example_skip_dag' retrieved from /home/airflow/.local/lib/python3.12/site-packages/airflow/example_dags/example_skip_dag.py
[2025-11-10T23:48:35.204+0000] {logging_mixin.py:190} INFO - [2025-11-10T23:48:35.204+0000] {dag.py:3239} INFO - Sync 1 DAGs
[2025-11-10T23:48:35.223+0000] {logging_mixin.py:190} INFO - [2025-11-10T23:48:35.223+0000] {dag.py:4180} INFO - Setting next_dagrun for example_skip_dag to 2025-11-09 00:00:00+00:00, run_after=2025-11-10 00:00:00+00:00
[2025-11-10T23:48:35.235+0000] {processor.py:208} INFO - Processing /home/airflow/.local/lib/python3.12/site-packages/airflow/example_dags/example_skip_dag.py took 0.057 seconds
[2025-11-10T23:49:05.668+0000] {processor.py:186} INFO - Started process (PID=852) to work on /home/airflow/.local/lib/python3.12/site-packages/airflow/example_dags/example_skip_dag.py
[2025-11-10T23:49:05.669+0000] {processor.py:914} INFO - Processing file /home/airflow/.local/lib/python3.12/site-packages/airflow/example_dags/example_skip_dag.py for tasks to queue
[2025-11-10T23:49:05.670+0000] {logging_mixin.py:190} INFO - [2025-11-10T23:49:05.670+0000] {dagbag.py:588} INFO - Filling up the DagBag from /home/airflow/.local/lib/python3.12/site-packages/airflow/example_dags/example_skip_dag.py
[2025-11-10T23:49:05.675+0000] {processor.py:925} INFO - DAG(s) 'example_skip_dag' retrieved from /home/airflow/.local/lib/python3.12/site-packages/airflow/example_dags/example_skip_dag.py
[2025-11-10T23:49:05.691+0000] {logging_mixin.py:190} INFO - [2025-11-10T23:49:05.691+0000] {dag.py:3239} INFO - Sync 1 DAGs
[2025-11-10T23:49:05.704+0000] {logging_mixin.py:190} INFO - [2025-11-10T23:49:05.704+0000] {dag.py:4180} INFO - Setting next_dagrun for example_skip_dag to 2025-11-09 00:00:00+00:00, run_after=2025-11-10 00:00:00+00:00
[2025-11-10T23:49:05.715+0000] {processor.py:208} INFO - Processing /home/airflow/.local/lib/python3.12/site-packages/airflow/example_dags/example_skip_dag.py took 0.051 seconds
[2025-11-10T23:49:36.166+0000] {processor.py:186} INFO - Started process (PID=919) to work on /home/airflow/.local/lib/python3.12/site-packages/airflow/example_dags/example_skip_dag.py
[2025-11-10T23:49:36.168+0000] {processor.py:914} INFO - Processing file /home/airflow/.local/lib/python3.12/site-packages/airflow/example_dags/example_skip_dag.py for tasks to queue
[2025-11-10T23:49:36.169+0000] {logging_mixin.py:190} INFO - [2025-11-10T23:49:36.169+0000] {dagbag.py:588} INFO - Filling up the DagBag from /home/airflow/.local/lib/python3.12/site-packages/airflow/example_dags/example_skip_dag.py
[2025-11-10T23:49:36.174+0000] {processor.py:925} INFO - DAG(s) 'example_skip_dag' retrieved from /home/airflow/.local/lib/python3.12/site-packages/airflow/example_dags/example_skip_dag.py
[2025-11-10T23:49:36.186+0000] {logging_mixin.py:190} INFO - [2025-11-10T23:49:36.186+0000] {dag.py:3239} INFO - Sync 1 DAGs
[2025-11-10T23:49:36.203+0000] {logging_mixin.py:190} INFO - [2025-11-10T23:49:36.203+0000] {dag.py:4180} INFO - Setting next_dagrun for example_skip_dag to 2025-11-09 00:00:00+00:00, run_after=2025-11-10 00:00:00+00:00
[2025-11-10T23:49:36.217+0000] {processor.py:208} INFO - Processing /home/airflow/.local/lib/python3.12/site-packages/airflow/example_dags/example_skip_dag.py took 0.055 seconds
[2025-11-10T23:50:06.403+0000] {processor.py:186} INFO - Started process (PID=987) to work on /home/airflow/.local/lib/python3.12/site-packages/airflow/example_dags/example_skip_dag.py
[2025-11-10T23:50:06.404+0000] {processor.py:914} INFO - Processing file /home/airflow/.local/lib/python3.12/site-packages/airflow/example_dags/example_skip_dag.py for tasks to queue
[2025-11-10T23:50:06.405+0000] {logging_mixin.py:190} INFO - [2025-11-10T23:50:06.405+0000] {dagbag.py:588} INFO - Filling up the DagBag from /home/airflow/.local/lib/python3.12/site-packages/airflow/example_dags/example_skip_dag.py
[2025-11-10T23:50:06.410+0000] {processor.py:925} INFO - DAG(s) 'example_skip_dag' retrieved from /home/airflow/.local/lib/python3.12/site-packages/airflow/example_dags/example_skip_dag.py
[2025-11-10T23:50:06.431+0000] {logging_mixin.py:190} INFO - [2025-11-10T23:50:06.431+0000] {dag.py:3239} INFO - Sync 1 DAGs
[2025-11-10T23:50:06.455+0000] {logging_mixin.py:190} INFO - [2025-11-10T23:50:06.455+0000] {dag.py:4180} INFO - Setting next_dagrun for example_skip_dag to 2025-11-09 00:00:00+00:00, run_after=2025-11-10 00:00:00+00:00
[2025-11-10T23:50:06.466+0000] {processor.py:208} INFO - Processing /home/airflow/.local/lib/python3.12/site-packages/airflow/example_dags/example_skip_dag.py took 0.066 seconds
[2025-11-10T23:50:36.963+0000] {processor.py:186} INFO - Started process (PID=1052) to work on /home/airflow/.local/lib/python3.12/site-packages/airflow/example_dags/example_skip_dag.py
[2025-11-10T23:50:36.963+0000] {processor.py:914} INFO - Processing file /home/airflow/.local/lib/python3.12/site-packages/airflow/example_dags/example_skip_dag.py for tasks to queue
[2025-11-10T23:50:36.965+0000] {logging_mixin.py:190} INFO - [2025-11-10T23:50:36.964+0000] {dagbag.py:588} INFO - Filling up the DagBag from /home/airflow/.local/lib/python3.12/site-packages/airflow/example_dags/example_skip_dag.py
[2025-11-10T23:50:36.975+0000] {processor.py:925} INFO - DAG(s) 'example_skip_dag' retrieved from /home/airflow/.local/lib/python3.12/site-packages/airflow/example_dags/example_skip_dag.py
[2025-11-10T23:50:36.994+0000] {logging_mixin.py:190} INFO - [2025-11-10T23:50:36.994+0000] {dag.py:3239} INFO - Sync 1 DAGs
[2025-11-10T23:50:37.011+0000] {logging_mixin.py:190} INFO - [2025-11-10T23:50:37.011+0000] {dag.py:4180} INFO - Setting next_dagrun for example_skip_dag to 2025-11-09 00:00:00+00:00, run_after=2025-11-10 00:00:00+00:00
[2025-11-10T23:50:37.025+0000] {processor.py:208} INFO - Processing /home/airflow/.local/lib/python3.12/site-packages/airflow/example_dags/example_skip_dag.py took 0.066 seconds
[2025-11-10T23:51:07.702+0000] {processor.py:186} INFO - Started process (PID=1119) to work on /home/airflow/.local/lib/python3.12/site-packages/airflow/example_dags/example_skip_dag.py
[2025-11-10T23:51:07.702+0000] {processor.py:914} INFO - Processing file /home/airflow/.local/lib/python3.12/site-packages/airflow/example_dags/example_skip_dag.py for tasks to queue
[2025-11-10T23:51:07.704+0000] {logging_mixin.py:190} INFO - [2025-11-10T23:51:07.703+0000] {dagbag.py:588} INFO - Filling up the DagBag from /home/airflow/.local/lib/python3.12/site-packages/airflow/example_dags/example_skip_dag.py
[2025-11-10T23:51:07.709+0000] {processor.py:925} INFO - DAG(s) 'example_skip_dag' retrieved from /home/airflow/.local/lib/python3.12/site-packages/airflow/example_dags/example_skip_dag.py
[2025-11-10T23:51:07.722+0000] {logging_mixin.py:190} INFO - [2025-11-10T23:51:07.722+0000] {dag.py:3239} INFO - Sync 1 DAGs
[2025-11-10T23:51:07.738+0000] {logging_mixin.py:190} INFO - [2025-11-10T23:51:07.738+0000] {dag.py:4180} INFO - Setting next_dagrun for example_skip_dag to 2025-11-09 00:00:00+00:00, run_after=2025-11-10 00:00:00+00:00
[2025-11-10T23:51:07.753+0000] {processor.py:208} INFO - Processing /home/airflow/.local/lib/python3.12/site-packages/airflow/example_dags/example_skip_dag.py took 0.056 seconds
[2025-11-10T23:51:38.767+0000] {processor.py:186} INFO - Started process (PID=1187) to work on /home/airflow/.local/lib/python3.12/site-packages/airflow/example_dags/example_skip_dag.py
[2025-11-10T23:51:38.769+0000] {processor.py:914} INFO - Processing file /home/airflow/.local/lib/python3.12/site-packages/airflow/example_dags/example_skip_dag.py for tasks to queue
[2025-11-10T23:51:38.771+0000] {logging_mixin.py:190} INFO - [2025-11-10T23:51:38.771+0000] {dagbag.py:588} INFO - Filling up the DagBag from /home/airflow/.local/lib/python3.12/site-packages/airflow/example_dags/example_skip_dag.py
[2025-11-10T23:51:38.776+0000] {processor.py:925} INFO - DAG(s) 'example_skip_dag' retrieved from /home/airflow/.local/lib/python3.12/site-packages/airflow/example_dags/example_skip_dag.py
[2025-11-10T23:51:38.790+0000] {logging_mixin.py:190} INFO - [2025-11-10T23:51:38.790+0000] {dag.py:3239} INFO - Sync 1 DAGs
[2025-11-10T23:51:38.804+0000] {logging_mixin.py:190} INFO - [2025-11-10T23:51:38.803+0000] {dag.py:4180} INFO - Setting next_dagrun for example_skip_dag to 2025-11-09 00:00:00+00:00, run_after=2025-11-10 00:00:00+00:00
[2025-11-10T23:51:38.815+0000] {processor.py:208} INFO - Processing /home/airflow/.local/lib/python3.12/site-packages/airflow/example_dags/example_skip_dag.py took 0.051 seconds
[2025-11-10T23:52:11.055+0000] {processor.py:186} INFO - Started process (PID=1254) to work on /home/airflow/.local/lib/python3.12/site-packages/airflow/example_dags/example_skip_dag.py
[2025-11-10T23:52:11.055+0000] {processor.py:914} INFO - Processing file /home/airflow/.local/lib/python3.12/site-packages/airflow/example_dags/example_skip_dag.py for tasks to queue
[2025-11-10T23:52:11.056+0000] {logging_mixin.py:190} INFO - [2025-11-10T23:52:11.056+0000] {dagbag.py:588} INFO - Filling up the DagBag from /home/airflow/.local/lib/python3.12/site-packages/airflow/example_dags/example_skip_dag.py
[2025-11-10T23:52:11.063+0000] {processor.py:925} INFO - DAG(s) 'example_skip_dag' retrieved from /home/airflow/.local/lib/python3.12/site-packages/airflow/example_dags/example_skip_dag.py
[2025-11-10T23:52:11.079+0000] {logging_mixin.py:190} INFO - [2025-11-10T23:52:11.079+0000] {dag.py:3239} INFO - Sync 1 DAGs
[2025-11-10T23:52:11.102+0000] {logging_mixin.py:190} INFO - [2025-11-10T23:52:11.102+0000] {dag.py:4180} INFO - Setting next_dagrun for example_skip_dag to 2025-11-09 00:00:00+00:00, run_after=2025-11-10 00:00:00+00:00
[2025-11-10T23:52:11.120+0000] {processor.py:208} INFO - Processing /home/airflow/.local/lib/python3.12/site-packages/airflow/example_dags/example_skip_dag.py took 0.070 seconds
[2025-11-10T23:52:41.973+0000] {processor.py:186} INFO - Started process (PID=1320) to work on /home/airflow/.local/lib/python3.12/site-packages/airflow/example_dags/example_skip_dag.py
[2025-11-10T23:52:41.973+0000] {processor.py:914} INFO - Processing file /home/airflow/.local/lib/python3.12/site-packages/airflow/example_dags/example_skip_dag.py for tasks to queue
[2025-11-10T23:52:41.975+0000] {logging_mixin.py:190} INFO - [2025-11-10T23:52:41.974+0000] {dagbag.py:588} INFO - Filling up the DagBag from /home/airflow/.local/lib/python3.12/site-packages/airflow/example_dags/example_skip_dag.py
[2025-11-10T23:52:41.979+0000] {processor.py:925} INFO - DAG(s) 'example_skip_dag' retrieved from /home/airflow/.local/lib/python3.12/site-packages/airflow/example_dags/example_skip_dag.py
[2025-11-10T23:52:41.997+0000] {logging_mixin.py:190} INFO - [2025-11-10T23:52:41.997+0000] {dag.py:3239} INFO - Sync 1 DAGs
[2025-11-10T23:52:42.011+0000] {logging_mixin.py:190} INFO - [2025-11-10T23:52:42.010+0000] {dag.py:4180} INFO - Setting next_dagrun for example_skip_dag to 2025-11-09 00:00:00+00:00, run_after=2025-11-10 00:00:00+00:00
[2025-11-10T23:52:42.021+0000] {processor.py:208} INFO - Processing /home/airflow/.local/lib/python3.12/site-packages/airflow/example_dags/example_skip_dag.py took 0.053 seconds
[2025-11-10T23:53:13.599+0000] {processor.py:186} INFO - Started process (PID=1392) to work on /home/airflow/.local/lib/python3.12/site-packages/airflow/example_dags/example_skip_dag.py
[2025-11-10T23:53:13.599+0000] {processor.py:914} INFO - Processing file /home/airflow/.local/lib/python3.12/site-packages/airflow/example_dags/example_skip_dag.py for tasks to queue
[2025-11-10T23:53:13.601+0000] {logging_mixin.py:190} INFO - [2025-11-10T23:53:13.600+0000] {dagbag.py:588} INFO - Filling up the DagBag from /home/airflow/.local/lib/python3.12/site-packages/airflow/example_dags/example_skip_dag.py
[2025-11-10T23:53:13.606+0000] {processor.py:925} INFO - DAG(s) 'example_skip_dag' retrieved from /home/airflow/.local/lib/python3.12/site-packages/airflow/example_dags/example_skip_dag.py
[2025-11-10T23:53:13.620+0000] {logging_mixin.py:190} INFO - [2025-11-10T23:53:13.620+0000] {dag.py:3239} INFO - Sync 1 DAGs
[2025-11-10T23:53:13.633+0000] {logging_mixin.py:190} INFO - [2025-11-10T23:53:13.633+0000] {dag.py:4180} INFO - Setting next_dagrun for example_skip_dag to 2025-11-09 00:00:00+00:00, run_after=2025-11-10 00:00:00+00:00
[2025-11-10T23:53:13.645+0000] {processor.py:208} INFO - Processing /home/airflow/.local/lib/python3.12/site-packages/airflow/example_dags/example_skip_dag.py took 0.050 seconds
[2025-11-10T23:53:44.120+0000] {processor.py:186} INFO - Started process (PID=1457) to work on /home/airflow/.local/lib/python3.12/site-packages/airflow/example_dags/example_skip_dag.py
[2025-11-10T23:53:44.120+0000] {processor.py:914} INFO - Processing file /home/airflow/.local/lib/python3.12/site-packages/airflow/example_dags/example_skip_dag.py for tasks to queue
[2025-11-10T23:53:44.122+0000] {logging_mixin.py:190} INFO - [2025-11-10T23:53:44.122+0000] {dagbag.py:588} INFO - Filling up the DagBag from /home/airflow/.local/lib/python3.12/site-packages/airflow/example_dags/example_skip_dag.py
[2025-11-10T23:53:44.127+0000] {processor.py:925} INFO - DAG(s) 'example_skip_dag' retrieved from /home/airflow/.local/lib/python3.12/site-packages/airflow/example_dags/example_skip_dag.py
[2025-11-10T23:53:44.147+0000] {logging_mixin.py:190} INFO - [2025-11-10T23:53:44.147+0000] {dag.py:3239} INFO - Sync 1 DAGs
[2025-11-10T23:53:44.167+0000] {logging_mixin.py:190} INFO - [2025-11-10T23:53:44.167+0000] {dag.py:4180} INFO - Setting next_dagrun for example_skip_dag to 2025-11-09 00:00:00+00:00, run_after=2025-11-10 00:00:00+00:00
[2025-11-10T23:53:44.190+0000] {processor.py:208} INFO - Processing /home/airflow/.local/lib/python3.12/site-packages/airflow/example_dags/example_skip_dag.py took 0.075 seconds
[2025-11-10T23:54:15.071+0000] {processor.py:186} INFO - Started process (PID=1524) to work on /home/airflow/.local/lib/python3.12/site-packages/airflow/example_dags/example_skip_dag.py
[2025-11-10T23:54:15.074+0000] {processor.py:914} INFO - Processing file /home/airflow/.local/lib/python3.12/site-packages/airflow/example_dags/example_skip_dag.py for tasks to queue
[2025-11-10T23:54:15.076+0000] {logging_mixin.py:190} INFO - [2025-11-10T23:54:15.076+0000] {dagbag.py:588} INFO - Filling up the DagBag from /home/airflow/.local/lib/python3.12/site-packages/airflow/example_dags/example_skip_dag.py
[2025-11-10T23:54:15.088+0000] {processor.py:925} INFO - DAG(s) 'example_skip_dag' retrieved from /home/airflow/.local/lib/python3.12/site-packages/airflow/example_dags/example_skip_dag.py
[2025-11-10T23:54:15.114+0000] {logging_mixin.py:190} INFO - [2025-11-10T23:54:15.113+0000] {dag.py:3239} INFO - Sync 1 DAGs
[2025-11-10T23:54:15.146+0000] {logging_mixin.py:190} INFO - [2025-11-10T23:54:15.145+0000] {dag.py:4180} INFO - Setting next_dagrun for example_skip_dag to 2025-11-09 00:00:00+00:00, run_after=2025-11-10 00:00:00+00:00
[2025-11-10T23:54:15.184+0000] {processor.py:208} INFO - Processing /home/airflow/.local/lib/python3.12/site-packages/airflow/example_dags/example_skip_dag.py took 0.119 seconds
[2025-11-10T23:54:45.536+0000] {processor.py:186} INFO - Started process (PID=1588) to work on /home/airflow/.local/lib/python3.12/site-packages/airflow/example_dags/example_skip_dag.py
[2025-11-10T23:54:45.537+0000] {processor.py:914} INFO - Processing file /home/airflow/.local/lib/python3.12/site-packages/airflow/example_dags/example_skip_dag.py for tasks to queue
[2025-11-10T23:54:45.537+0000] {logging_mixin.py:190} INFO - [2025-11-10T23:54:45.537+0000] {dagbag.py:588} INFO - Filling up the DagBag from /home/airflow/.local/lib/python3.12/site-packages/airflow/example_dags/example_skip_dag.py
[2025-11-10T23:54:45.542+0000] {processor.py:925} INFO - DAG(s) 'example_skip_dag' retrieved from /home/airflow/.local/lib/python3.12/site-packages/airflow/example_dags/example_skip_dag.py
[2025-11-10T23:54:45.554+0000] {logging_mixin.py:190} INFO - [2025-11-10T23:54:45.554+0000] {dag.py:3239} INFO - Sync 1 DAGs
[2025-11-10T23:54:45.567+0000] {logging_mixin.py:190} INFO - [2025-11-10T23:54:45.567+0000] {dag.py:4180} INFO - Setting next_dagrun for example_skip_dag to 2025-11-09 00:00:00+00:00, run_after=2025-11-10 00:00:00+00:00
[2025-11-10T23:54:45.580+0000] {processor.py:208} INFO - Processing /home/airflow/.local/lib/python3.12/site-packages/airflow/example_dags/example_skip_dag.py took 0.048 seconds
[2025-11-10T23:55:16.124+0000] {processor.py:186} INFO - Started process (PID=1652) to work on /home/airflow/.local/lib/python3.12/site-packages/airflow/example_dags/example_skip_dag.py
[2025-11-10T23:55:16.124+0000] {processor.py:914} INFO - Processing file /home/airflow/.local/lib/python3.12/site-packages/airflow/example_dags/example_skip_dag.py for tasks to queue
[2025-11-10T23:55:16.125+0000] {logging_mixin.py:190} INFO - [2025-11-10T23:55:16.125+0000] {dagbag.py:588} INFO - Filling up the DagBag from /home/airflow/.local/lib/python3.12/site-packages/airflow/example_dags/example_skip_dag.py
[2025-11-10T23:55:16.130+0000] {processor.py:925} INFO - DAG(s) 'example_skip_dag' retrieved from /home/airflow/.local/lib/python3.12/site-packages/airflow/example_dags/example_skip_dag.py
[2025-11-10T23:55:16.144+0000] {logging_mixin.py:190} INFO - [2025-11-10T23:55:16.144+0000] {dag.py:3239} INFO - Sync 1 DAGs
[2025-11-10T23:55:16.158+0000] {logging_mixin.py:190} INFO - [2025-11-10T23:55:16.158+0000] {dag.py:4180} INFO - Setting next_dagrun for example_skip_dag to 2025-11-09 00:00:00+00:00, run_after=2025-11-10 00:00:00+00:00
[2025-11-10T23:55:16.169+0000] {processor.py:208} INFO - Processing /home/airflow/.local/lib/python3.12/site-packages/airflow/example_dags/example_skip_dag.py took 0.049 seconds
[2025-11-10T23:55:46.458+0000] {processor.py:186} INFO - Started process (PID=1716) to work on /home/airflow/.local/lib/python3.12/site-packages/airflow/example_dags/example_skip_dag.py
[2025-11-10T23:55:46.460+0000] {processor.py:914} INFO - Processing file /home/airflow/.local/lib/python3.12/site-packages/airflow/example_dags/example_skip_dag.py for tasks to queue
[2025-11-10T23:55:46.461+0000] {logging_mixin.py:190} INFO - [2025-11-10T23:55:46.461+0000] {dagbag.py:588} INFO - Filling up the DagBag from /home/airflow/.local/lib/python3.12/site-packages/airflow/example_dags/example_skip_dag.py
[2025-11-10T23:55:46.467+0000] {processor.py:925} INFO - DAG(s) 'example_skip_dag' retrieved from /home/airflow/.local/lib/python3.12/site-packages/airflow/example_dags/example_skip_dag.py
[2025-11-10T23:55:46.480+0000] {logging_mixin.py:190} INFO - [2025-11-10T23:55:46.480+0000] {dag.py:3239} INFO - Sync 1 DAGs
[2025-11-10T23:55:46.494+0000] {logging_mixin.py:190} INFO - [2025-11-10T23:55:46.494+0000] {dag.py:4180} INFO - Setting next_dagrun for example_skip_dag to 2025-11-09 00:00:00+00:00, run_after=2025-11-10 00:00:00+00:00
[2025-11-10T23:55:46.507+0000] {processor.py:208} INFO - Processing /home/airflow/.local/lib/python3.12/site-packages/airflow/example_dags/example_skip_dag.py took 0.052 seconds
[2025-11-10T23:56:17.788+0000] {processor.py:186} INFO - Started process (PID=1779) to work on /home/airflow/.local/lib/python3.12/site-packages/airflow/example_dags/example_skip_dag.py
[2025-11-10T23:56:17.789+0000] {processor.py:914} INFO - Processing file /home/airflow/.local/lib/python3.12/site-packages/airflow/example_dags/example_skip_dag.py for tasks to queue
[2025-11-10T23:56:17.790+0000] {logging_mixin.py:190} INFO - [2025-11-10T23:56:17.789+0000] {dagbag.py:588} INFO - Filling up the DagBag from /home/airflow/.local/lib/python3.12/site-packages/airflow/example_dags/example_skip_dag.py
[2025-11-10T23:56:17.796+0000] {processor.py:925} INFO - DAG(s) 'example_skip_dag' retrieved from /home/airflow/.local/lib/python3.12/site-packages/airflow/example_dags/example_skip_dag.py
[2025-11-10T23:56:17.809+0000] {logging_mixin.py:190} INFO - [2025-11-10T23:56:17.808+0000] {dag.py:3239} INFO - Sync 1 DAGs
[2025-11-10T23:56:17.822+0000] {logging_mixin.py:190} INFO - [2025-11-10T23:56:17.822+0000] {dag.py:4180} INFO - Setting next_dagrun for example_skip_dag to 2025-11-09 00:00:00+00:00, run_after=2025-11-10 00:00:00+00:00
[2025-11-10T23:56:17.835+0000] {processor.py:208} INFO - Processing /home/airflow/.local/lib/python3.12/site-packages/airflow/example_dags/example_skip_dag.py took 0.055 seconds
[2025-11-10T23:56:49.466+0000] {processor.py:186} INFO - Started process (PID=1845) to work on /home/airflow/.local/lib/python3.12/site-packages/airflow/example_dags/example_skip_dag.py
[2025-11-10T23:56:49.466+0000] {processor.py:914} INFO - Processing file /home/airflow/.local/lib/python3.12/site-packages/airflow/example_dags/example_skip_dag.py for tasks to queue
[2025-11-10T23:56:49.467+0000] {logging_mixin.py:190} INFO - [2025-11-10T23:56:49.467+0000] {dagbag.py:588} INFO - Filling up the DagBag from /home/airflow/.local/lib/python3.12/site-packages/airflow/example_dags/example_skip_dag.py
[2025-11-10T23:56:49.472+0000] {processor.py:925} INFO - DAG(s) 'example_skip_dag' retrieved from /home/airflow/.local/lib/python3.12/site-packages/airflow/example_dags/example_skip_dag.py
[2025-11-10T23:56:49.485+0000] {logging_mixin.py:190} INFO - [2025-11-10T23:56:49.485+0000] {dag.py:3239} INFO - Sync 1 DAGs
[2025-11-10T23:56:49.502+0000] {logging_mixin.py:190} INFO - [2025-11-10T23:56:49.501+0000] {dag.py:4180} INFO - Setting next_dagrun for example_skip_dag to 2025-11-09 00:00:00+00:00, run_after=2025-11-10 00:00:00+00:00
[2025-11-10T23:56:49.513+0000] {processor.py:208} INFO - Processing /home/airflow/.local/lib/python3.12/site-packages/airflow/example_dags/example_skip_dag.py took 0.051 seconds
[2025-11-10T23:57:20.836+0000] {processor.py:186} INFO - Started process (PID=1909) to work on /home/airflow/.local/lib/python3.12/site-packages/airflow/example_dags/example_skip_dag.py
[2025-11-10T23:57:20.836+0000] {processor.py:914} INFO - Processing file /home/airflow/.local/lib/python3.12/site-packages/airflow/example_dags/example_skip_dag.py for tasks to queue
[2025-11-10T23:57:20.837+0000] {logging_mixin.py:190} INFO - [2025-11-10T23:57:20.837+0000] {dagbag.py:588} INFO - Filling up the DagBag from /home/airflow/.local/lib/python3.12/site-packages/airflow/example_dags/example_skip_dag.py
[2025-11-10T23:57:20.842+0000] {processor.py:925} INFO - DAG(s) 'example_skip_dag' retrieved from /home/airflow/.local/lib/python3.12/site-packages/airflow/example_dags/example_skip_dag.py
[2025-11-10T23:57:20.860+0000] {logging_mixin.py:190} INFO - [2025-11-10T23:57:20.860+0000] {dag.py:3239} INFO - Sync 1 DAGs
[2025-11-10T23:57:20.882+0000] {logging_mixin.py:190} INFO - [2025-11-10T23:57:20.882+0000] {dag.py:4180} INFO - Setting next_dagrun for example_skip_dag to 2025-11-09 00:00:00+00:00, run_after=2025-11-10 00:00:00+00:00
[2025-11-10T23:57:20.892+0000] {processor.py:208} INFO - Processing /home/airflow/.local/lib/python3.12/site-packages/airflow/example_dags/example_skip_dag.py took 0.060 seconds
[2025-11-10T23:57:51.974+0000] {processor.py:186} INFO - Started process (PID=1973) to work on /home/airflow/.local/lib/python3.12/site-packages/airflow/example_dags/example_skip_dag.py
[2025-11-10T23:57:51.974+0000] {processor.py:914} INFO - Processing file /home/airflow/.local/lib/python3.12/site-packages/airflow/example_dags/example_skip_dag.py for tasks to queue
[2025-11-10T23:57:51.975+0000] {logging_mixin.py:190} INFO - [2025-11-10T23:57:51.975+0000] {dagbag.py:588} INFO - Filling up the DagBag from /home/airflow/.local/lib/python3.12/site-packages/airflow/example_dags/example_skip_dag.py
[2025-11-10T23:57:51.980+0000] {processor.py:925} INFO - DAG(s) 'example_skip_dag' retrieved from /home/airflow/.local/lib/python3.12/site-packages/airflow/example_dags/example_skip_dag.py
[2025-11-10T23:57:51.993+0000] {logging_mixin.py:190} INFO - [2025-11-10T23:57:51.993+0000] {dag.py:3239} INFO - Sync 1 DAGs
[2025-11-10T23:57:52.006+0000] {logging_mixin.py:190} INFO - [2025-11-10T23:57:52.006+0000] {dag.py:4180} INFO - Setting next_dagrun for example_skip_dag to 2025-11-09 00:00:00+00:00, run_after=2025-11-10 00:00:00+00:00
[2025-11-10T23:57:52.054+0000] {processor.py:208} INFO - Processing /home/airflow/.local/lib/python3.12/site-packages/airflow/example_dags/example_skip_dag.py took 0.083 seconds
[2025-11-10T23:58:23.273+0000] {processor.py:186} INFO - Started process (PID=2037) to work on /home/airflow/.local/lib/python3.12/site-packages/airflow/example_dags/example_skip_dag.py
[2025-11-10T23:58:23.273+0000] {processor.py:914} INFO - Processing file /home/airflow/.local/lib/python3.12/site-packages/airflow/example_dags/example_skip_dag.py for tasks to queue
[2025-11-10T23:58:23.274+0000] {logging_mixin.py:190} INFO - [2025-11-10T23:58:23.274+0000] {dagbag.py:588} INFO - Filling up the DagBag from /home/airflow/.local/lib/python3.12/site-packages/airflow/example_dags/example_skip_dag.py
[2025-11-10T23:58:23.279+0000] {processor.py:925} INFO - DAG(s) 'example_skip_dag' retrieved from /home/airflow/.local/lib/python3.12/site-packages/airflow/example_dags/example_skip_dag.py
[2025-11-10T23:58:23.293+0000] {logging_mixin.py:190} INFO - [2025-11-10T23:58:23.293+0000] {dag.py:3239} INFO - Sync 1 DAGs
[2025-11-10T23:58:23.307+0000] {logging_mixin.py:190} INFO - [2025-11-10T23:58:23.307+0000] {dag.py:4180} INFO - Setting next_dagrun for example_skip_dag to 2025-11-09 00:00:00+00:00, run_after=2025-11-10 00:00:00+00:00
[2025-11-10T23:58:23.318+0000] {processor.py:208} INFO - Processing /home/airflow/.local/lib/python3.12/site-packages/airflow/example_dags/example_skip_dag.py took 0.049 seconds
[2025-11-10T23:58:54.405+0000] {processor.py:186} INFO - Started process (PID=2101) to work on /home/airflow/.local/lib/python3.12/site-packages/airflow/example_dags/example_skip_dag.py
[2025-11-10T23:58:54.406+0000] {processor.py:914} INFO - Processing file /home/airflow/.local/lib/python3.12/site-packages/airflow/example_dags/example_skip_dag.py for tasks to queue
[2025-11-10T23:58:54.406+0000] {logging_mixin.py:190} INFO - [2025-11-10T23:58:54.406+0000] {dagbag.py:588} INFO - Filling up the DagBag from /home/airflow/.local/lib/python3.12/site-packages/airflow/example_dags/example_skip_dag.py
[2025-11-10T23:58:54.412+0000] {processor.py:925} INFO - DAG(s) 'example_skip_dag' retrieved from /home/airflow/.local/lib/python3.12/site-packages/airflow/example_dags/example_skip_dag.py
[2025-11-10T23:58:54.427+0000] {logging_mixin.py:190} INFO - [2025-11-10T23:58:54.427+0000] {dag.py:3239} INFO - Sync 1 DAGs
[2025-11-10T23:58:54.442+0000] {logging_mixin.py:190} INFO - [2025-11-10T23:58:54.442+0000] {dag.py:4180} INFO - Setting next_dagrun for example_skip_dag to 2025-11-09 00:00:00+00:00, run_after=2025-11-10 00:00:00+00:00
[2025-11-10T23:58:54.454+0000] {processor.py:208} INFO - Processing /home/airflow/.local/lib/python3.12/site-packages/airflow/example_dags/example_skip_dag.py took 0.054 seconds
[2025-11-10T23:59:25.091+0000] {processor.py:186} INFO - Started process (PID=2165) to work on /home/airflow/.local/lib/python3.12/site-packages/airflow/example_dags/example_skip_dag.py
[2025-11-10T23:59:25.092+0000] {processor.py:914} INFO - Processing file /home/airflow/.local/lib/python3.12/site-packages/airflow/example_dags/example_skip_dag.py for tasks to queue
[2025-11-10T23:59:25.092+0000] {logging_mixin.py:190} INFO - [2025-11-10T23:59:25.092+0000] {dagbag.py:588} INFO - Filling up the DagBag from /home/airflow/.local/lib/python3.12/site-packages/airflow/example_dags/example_skip_dag.py
[2025-11-10T23:59:25.098+0000] {processor.py:925} INFO - DAG(s) 'example_skip_dag' retrieved from /home/airflow/.local/lib/python3.12/site-packages/airflow/example_dags/example_skip_dag.py
[2025-11-10T23:59:25.109+0000] {logging_mixin.py:190} INFO - [2025-11-10T23:59:25.108+0000] {dag.py:3239} INFO - Sync 1 DAGs
[2025-11-10T23:59:25.121+0000] {logging_mixin.py:190} INFO - [2025-11-10T23:59:25.121+0000] {dag.py:4180} INFO - Setting next_dagrun for example_skip_dag to 2025-11-09 00:00:00+00:00, run_after=2025-11-10 00:00:00+00:00
[2025-11-10T23:59:25.133+0000] {processor.py:208} INFO - Processing /home/airflow/.local/lib/python3.12/site-packages/airflow/example_dags/example_skip_dag.py took 0.045 seconds
[2025-11-10T23:59:56.197+0000] {processor.py:186} INFO - Started process (PID=2230) to work on /home/airflow/.local/lib/python3.12/site-packages/airflow/example_dags/example_skip_dag.py
[2025-11-10T23:59:56.198+0000] {processor.py:914} INFO - Processing file /home/airflow/.local/lib/python3.12/site-packages/airflow/example_dags/example_skip_dag.py for tasks to queue
[2025-11-10T23:59:56.199+0000] {logging_mixin.py:190} INFO - [2025-11-10T23:59:56.199+0000] {dagbag.py:588} INFO - Filling up the DagBag from /home/airflow/.local/lib/python3.12/site-packages/airflow/example_dags/example_skip_dag.py
[2025-11-10T23:59:56.204+0000] {processor.py:925} INFO - DAG(s) 'example_skip_dag' retrieved from /home/airflow/.local/lib/python3.12/site-packages/airflow/example_dags/example_skip_dag.py
[2025-11-10T23:59:56.216+0000] {logging_mixin.py:190} INFO - [2025-11-10T23:59:56.216+0000] {dag.py:3239} INFO - Sync 1 DAGs
[2025-11-10T23:59:56.229+0000] {logging_mixin.py:190} INFO - [2025-11-10T23:59:56.229+0000] {dag.py:4180} INFO - Setting next_dagrun for example_skip_dag to 2025-11-09 00:00:00+00:00, run_after=2025-11-10 00:00:00+00:00
[2025-11-10T23:59:56.239+0000] {processor.py:208} INFO - Processing /home/airflow/.local/lib/python3.12/site-packages/airflow/example_dags/example_skip_dag.py took 0.046 seconds
