[2025-11-10T23:41:41.676+0000] {processor.py:186} INFO - Started process (PID=106) to work on /home/airflow/.local/lib/python3.12/site-packages/airflow/example_dags/example_bash_decorator.py
[2025-11-10T23:41:41.677+0000] {processor.py:914} INFO - Processing file /home/airflow/.local/lib/python3.12/site-packages/airflow/example_dags/example_bash_decorator.py for tasks to queue
[2025-11-10T23:41:41.678+0000] {logging_mixin.py:190} INFO - [2025-11-10T23:41:41.678+0000] {dagbag.py:588} INFO - Filling up the DagBag from /home/airflow/.local/lib/python3.12/site-packages/airflow/example_dags/example_bash_decorator.py
[2025-11-10T23:41:41.687+0000] {processor.py:925} INFO - DAG(s) 'example_bash_decorator' retrieved from /home/airflow/.local/lib/python3.12/site-packages/airflow/example_dags/example_bash_decorator.py
[2025-11-10T23:41:41.754+0000] {logging_mixin.py:190} INFO - [2025-11-10T23:41:41.754+0000] {dag.py:3239} INFO - Sync 1 DAGs
[2025-11-10T23:41:41.764+0000] {logging_mixin.py:190} INFO - [2025-11-10T23:41:41.764+0000] {dag.py:4180} INFO - Setting next_dagrun for example_bash_decorator to None, run_after=None
[2025-11-10T23:41:41.775+0000] {processor.py:208} INFO - Processing /home/airflow/.local/lib/python3.12/site-packages/airflow/example_dags/example_bash_decorator.py took 0.102 seconds
[2025-11-10T23:42:45.900+0000] {processor.py:186} INFO - Started process (PID=81) to work on /home/airflow/.local/lib/python3.12/site-packages/airflow/example_dags/example_bash_decorator.py
[2025-11-10T23:42:45.903+0000] {processor.py:914} INFO - Processing file /home/airflow/.local/lib/python3.12/site-packages/airflow/example_dags/example_bash_decorator.py for tasks to queue
[2025-11-10T23:42:45.904+0000] {logging_mixin.py:190} INFO - [2025-11-10T23:42:45.904+0000] {dagbag.py:588} INFO - Filling up the DagBag from /home/airflow/.local/lib/python3.12/site-packages/airflow/example_dags/example_bash_decorator.py
[2025-11-10T23:42:45.916+0000] {processor.py:925} INFO - DAG(s) 'example_bash_decorator' retrieved from /home/airflow/.local/lib/python3.12/site-packages/airflow/example_dags/example_bash_decorator.py
[2025-11-10T23:42:45.982+0000] {logging_mixin.py:190} INFO - [2025-11-10T23:42:45.982+0000] {dag.py:3239} INFO - Sync 1 DAGs
[2025-11-10T23:42:45.991+0000] {logging_mixin.py:190} INFO - [2025-11-10T23:42:45.990+0000] {dag.py:4180} INFO - Setting next_dagrun for example_bash_decorator to None, run_after=None
[2025-11-10T23:42:46.010+0000] {processor.py:208} INFO - Processing /home/airflow/.local/lib/python3.12/site-packages/airflow/example_dags/example_bash_decorator.py took 0.113 seconds
[2025-11-10T23:43:17.418+0000] {processor.py:186} INFO - Started process (PID=145) to work on /home/airflow/.local/lib/python3.12/site-packages/airflow/example_dags/example_bash_decorator.py
[2025-11-10T23:43:17.418+0000] {processor.py:914} INFO - Processing file /home/airflow/.local/lib/python3.12/site-packages/airflow/example_dags/example_bash_decorator.py for tasks to queue
[2025-11-10T23:43:17.419+0000] {logging_mixin.py:190} INFO - [2025-11-10T23:43:17.419+0000] {dagbag.py:588} INFO - Filling up the DagBag from /home/airflow/.local/lib/python3.12/site-packages/airflow/example_dags/example_bash_decorator.py
[2025-11-10T23:43:17.427+0000] {processor.py:925} INFO - DAG(s) 'example_bash_decorator' retrieved from /home/airflow/.local/lib/python3.12/site-packages/airflow/example_dags/example_bash_decorator.py
[2025-11-10T23:43:17.440+0000] {logging_mixin.py:190} INFO - [2025-11-10T23:43:17.440+0000] {dag.py:3239} INFO - Sync 1 DAGs
[2025-11-10T23:43:17.448+0000] {logging_mixin.py:190} INFO - [2025-11-10T23:43:17.447+0000] {dag.py:4180} INFO - Setting next_dagrun for example_bash_decorator to None, run_after=None
[2025-11-10T23:43:17.465+0000] {processor.py:208} INFO - Processing /home/airflow/.local/lib/python3.12/site-packages/airflow/example_dags/example_bash_decorator.py took 0.051 seconds
[2025-11-10T23:43:48.881+0000] {processor.py:186} INFO - Started process (PID=209) to work on /home/airflow/.local/lib/python3.12/site-packages/airflow/example_dags/example_bash_decorator.py
[2025-11-10T23:43:48.881+0000] {processor.py:914} INFO - Processing file /home/airflow/.local/lib/python3.12/site-packages/airflow/example_dags/example_bash_decorator.py for tasks to queue
[2025-11-10T23:43:48.883+0000] {logging_mixin.py:190} INFO - [2025-11-10T23:43:48.882+0000] {dagbag.py:588} INFO - Filling up the DagBag from /home/airflow/.local/lib/python3.12/site-packages/airflow/example_dags/example_bash_decorator.py
[2025-11-10T23:43:48.891+0000] {processor.py:925} INFO - DAG(s) 'example_bash_decorator' retrieved from /home/airflow/.local/lib/python3.12/site-packages/airflow/example_dags/example_bash_decorator.py
[2025-11-10T23:43:48.905+0000] {logging_mixin.py:190} INFO - [2025-11-10T23:43:48.904+0000] {dag.py:3239} INFO - Sync 1 DAGs
[2025-11-10T23:43:48.913+0000] {logging_mixin.py:190} INFO - [2025-11-10T23:43:48.913+0000] {dag.py:4180} INFO - Setting next_dagrun for example_bash_decorator to None, run_after=None
[2025-11-10T23:43:48.934+0000] {processor.py:208} INFO - Processing /home/airflow/.local/lib/python3.12/site-packages/airflow/example_dags/example_bash_decorator.py took 0.056 seconds
[2025-11-10T23:44:20.644+0000] {processor.py:186} INFO - Started process (PID=273) to work on /home/airflow/.local/lib/python3.12/site-packages/airflow/example_dags/example_bash_decorator.py
[2025-11-10T23:44:20.644+0000] {processor.py:914} INFO - Processing file /home/airflow/.local/lib/python3.12/site-packages/airflow/example_dags/example_bash_decorator.py for tasks to queue
[2025-11-10T23:44:20.645+0000] {logging_mixin.py:190} INFO - [2025-11-10T23:44:20.645+0000] {dagbag.py:588} INFO - Filling up the DagBag from /home/airflow/.local/lib/python3.12/site-packages/airflow/example_dags/example_bash_decorator.py
[2025-11-10T23:44:20.656+0000] {processor.py:925} INFO - DAG(s) 'example_bash_decorator' retrieved from /home/airflow/.local/lib/python3.12/site-packages/airflow/example_dags/example_bash_decorator.py
[2025-11-10T23:44:20.671+0000] {logging_mixin.py:190} INFO - [2025-11-10T23:44:20.671+0000] {dag.py:3239} INFO - Sync 1 DAGs
[2025-11-10T23:44:20.680+0000] {logging_mixin.py:190} INFO - [2025-11-10T23:44:20.680+0000] {dag.py:4180} INFO - Setting next_dagrun for example_bash_decorator to None, run_after=None
[2025-11-10T23:44:20.691+0000] {processor.py:208} INFO - Processing /home/airflow/.local/lib/python3.12/site-packages/airflow/example_dags/example_bash_decorator.py took 0.053 seconds
[2025-11-10T23:44:52.416+0000] {processor.py:186} INFO - Started process (PID=337) to work on /home/airflow/.local/lib/python3.12/site-packages/airflow/example_dags/example_bash_decorator.py
[2025-11-10T23:44:52.417+0000] {processor.py:914} INFO - Processing file /home/airflow/.local/lib/python3.12/site-packages/airflow/example_dags/example_bash_decorator.py for tasks to queue
[2025-11-10T23:44:52.418+0000] {logging_mixin.py:190} INFO - [2025-11-10T23:44:52.418+0000] {dagbag.py:588} INFO - Filling up the DagBag from /home/airflow/.local/lib/python3.12/site-packages/airflow/example_dags/example_bash_decorator.py
[2025-11-10T23:44:52.430+0000] {processor.py:925} INFO - DAG(s) 'example_bash_decorator' retrieved from /home/airflow/.local/lib/python3.12/site-packages/airflow/example_dags/example_bash_decorator.py
[2025-11-10T23:44:52.444+0000] {logging_mixin.py:190} INFO - [2025-11-10T23:44:52.444+0000] {dag.py:3239} INFO - Sync 1 DAGs
[2025-11-10T23:44:52.453+0000] {logging_mixin.py:190} INFO - [2025-11-10T23:44:52.452+0000] {dag.py:4180} INFO - Setting next_dagrun for example_bash_decorator to None, run_after=None
[2025-11-10T23:44:52.467+0000] {processor.py:208} INFO - Processing /home/airflow/.local/lib/python3.12/site-packages/airflow/example_dags/example_bash_decorator.py took 0.056 seconds
[2025-11-10T23:45:24.920+0000] {processor.py:186} INFO - Started process (PID=401) to work on /home/airflow/.local/lib/python3.12/site-packages/airflow/example_dags/example_bash_decorator.py
[2025-11-10T23:45:24.942+0000] {processor.py:914} INFO - Processing file /home/airflow/.local/lib/python3.12/site-packages/airflow/example_dags/example_bash_decorator.py for tasks to queue
[2025-11-10T23:45:24.947+0000] {logging_mixin.py:190} INFO - [2025-11-10T23:45:24.946+0000] {dagbag.py:588} INFO - Filling up the DagBag from /home/airflow/.local/lib/python3.12/site-packages/airflow/example_dags/example_bash_decorator.py
[2025-11-10T23:45:24.999+0000] {processor.py:925} INFO - DAG(s) 'example_bash_decorator' retrieved from /home/airflow/.local/lib/python3.12/site-packages/airflow/example_dags/example_bash_decorator.py
[2025-11-10T23:45:25.011+0000] {logging_mixin.py:190} INFO - [2025-11-10T23:45:25.011+0000] {dag.py:3239} INFO - Sync 1 DAGs
[2025-11-10T23:45:25.019+0000] {logging_mixin.py:190} INFO - [2025-11-10T23:45:25.019+0000] {dag.py:4180} INFO - Setting next_dagrun for example_bash_decorator to None, run_after=None
[2025-11-10T23:45:25.062+0000] {processor.py:208} INFO - Processing /home/airflow/.local/lib/python3.12/site-packages/airflow/example_dags/example_bash_decorator.py took 0.148 seconds
[2025-11-10T23:45:59.435+0000] {processor.py:186} INFO - Started process (PID=465) to work on /home/airflow/.local/lib/python3.12/site-packages/airflow/example_dags/example_bash_decorator.py
[2025-11-10T23:45:59.438+0000] {processor.py:914} INFO - Processing file /home/airflow/.local/lib/python3.12/site-packages/airflow/example_dags/example_bash_decorator.py for tasks to queue
[2025-11-10T23:45:59.441+0000] {logging_mixin.py:190} INFO - [2025-11-10T23:45:59.440+0000] {dagbag.py:588} INFO - Filling up the DagBag from /home/airflow/.local/lib/python3.12/site-packages/airflow/example_dags/example_bash_decorator.py
[2025-11-10T23:45:59.456+0000] {processor.py:925} INFO - DAG(s) 'example_bash_decorator' retrieved from /home/airflow/.local/lib/python3.12/site-packages/airflow/example_dags/example_bash_decorator.py
[2025-11-10T23:45:59.479+0000] {logging_mixin.py:190} INFO - [2025-11-10T23:45:59.479+0000] {dag.py:3239} INFO - Sync 1 DAGs
[2025-11-10T23:45:59.492+0000] {logging_mixin.py:190} INFO - [2025-11-10T23:45:59.491+0000] {dag.py:4180} INFO - Setting next_dagrun for example_bash_decorator to None, run_after=None
[2025-11-10T23:45:59.506+0000] {processor.py:208} INFO - Processing /home/airflow/.local/lib/python3.12/site-packages/airflow/example_dags/example_bash_decorator.py took 0.076 seconds
[2025-11-10T23:46:30.085+0000] {processor.py:186} INFO - Started process (PID=529) to work on /home/airflow/.local/lib/python3.12/site-packages/airflow/example_dags/example_bash_decorator.py
[2025-11-10T23:46:30.086+0000] {processor.py:914} INFO - Processing file /home/airflow/.local/lib/python3.12/site-packages/airflow/example_dags/example_bash_decorator.py for tasks to queue
[2025-11-10T23:46:30.087+0000] {logging_mixin.py:190} INFO - [2025-11-10T23:46:30.087+0000] {dagbag.py:588} INFO - Filling up the DagBag from /home/airflow/.local/lib/python3.12/site-packages/airflow/example_dags/example_bash_decorator.py
[2025-11-10T23:46:30.095+0000] {processor.py:925} INFO - DAG(s) 'example_bash_decorator' retrieved from /home/airflow/.local/lib/python3.12/site-packages/airflow/example_dags/example_bash_decorator.py
[2025-11-10T23:46:30.114+0000] {logging_mixin.py:190} INFO - [2025-11-10T23:46:30.114+0000] {dag.py:3239} INFO - Sync 1 DAGs
[2025-11-10T23:46:30.125+0000] {logging_mixin.py:190} INFO - [2025-11-10T23:46:30.125+0000] {dag.py:4180} INFO - Setting next_dagrun for example_bash_decorator to None, run_after=None
[2025-11-10T23:46:30.135+0000] {processor.py:208} INFO - Processing /home/airflow/.local/lib/python3.12/site-packages/airflow/example_dags/example_bash_decorator.py took 0.053 seconds
[2025-11-10T23:47:01.102+0000] {processor.py:186} INFO - Started process (PID=593) to work on /home/airflow/.local/lib/python3.12/site-packages/airflow/example_dags/example_bash_decorator.py
[2025-11-10T23:47:01.105+0000] {processor.py:914} INFO - Processing file /home/airflow/.local/lib/python3.12/site-packages/airflow/example_dags/example_bash_decorator.py for tasks to queue
[2025-11-10T23:47:01.106+0000] {logging_mixin.py:190} INFO - [2025-11-10T23:47:01.106+0000] {dagbag.py:588} INFO - Filling up the DagBag from /home/airflow/.local/lib/python3.12/site-packages/airflow/example_dags/example_bash_decorator.py
[2025-11-10T23:47:01.115+0000] {processor.py:925} INFO - DAG(s) 'example_bash_decorator' retrieved from /home/airflow/.local/lib/python3.12/site-packages/airflow/example_dags/example_bash_decorator.py
[2025-11-10T23:47:01.127+0000] {logging_mixin.py:190} INFO - [2025-11-10T23:47:01.127+0000] {dag.py:3239} INFO - Sync 1 DAGs
[2025-11-10T23:47:01.136+0000] {logging_mixin.py:190} INFO - [2025-11-10T23:47:01.135+0000] {dag.py:4180} INFO - Setting next_dagrun for example_bash_decorator to None, run_after=None
[2025-11-10T23:47:01.149+0000] {processor.py:208} INFO - Processing /home/airflow/.local/lib/python3.12/site-packages/airflow/example_dags/example_bash_decorator.py took 0.052 seconds
[2025-11-10T23:47:32.172+0000] {processor.py:186} INFO - Started process (PID=657) to work on /home/airflow/.local/lib/python3.12/site-packages/airflow/example_dags/example_bash_decorator.py
[2025-11-10T23:47:32.172+0000] {processor.py:914} INFO - Processing file /home/airflow/.local/lib/python3.12/site-packages/airflow/example_dags/example_bash_decorator.py for tasks to queue
[2025-11-10T23:47:32.174+0000] {logging_mixin.py:190} INFO - [2025-11-10T23:47:32.173+0000] {dagbag.py:588} INFO - Filling up the DagBag from /home/airflow/.local/lib/python3.12/site-packages/airflow/example_dags/example_bash_decorator.py
[2025-11-10T23:47:32.182+0000] {processor.py:925} INFO - DAG(s) 'example_bash_decorator' retrieved from /home/airflow/.local/lib/python3.12/site-packages/airflow/example_dags/example_bash_decorator.py
[2025-11-10T23:47:32.198+0000] {logging_mixin.py:190} INFO - [2025-11-10T23:47:32.198+0000] {dag.py:3239} INFO - Sync 1 DAGs
[2025-11-10T23:47:32.210+0000] {logging_mixin.py:190} INFO - [2025-11-10T23:47:32.210+0000] {dag.py:4180} INFO - Setting next_dagrun for example_bash_decorator to None, run_after=None
[2025-11-10T23:47:32.221+0000] {processor.py:208} INFO - Processing /home/airflow/.local/lib/python3.12/site-packages/airflow/example_dags/example_bash_decorator.py took 0.053 seconds
[2025-11-10T23:48:03.942+0000] {processor.py:186} INFO - Started process (PID=725) to work on /home/airflow/.local/lib/python3.12/site-packages/airflow/example_dags/example_bash_decorator.py
[2025-11-10T23:48:03.944+0000] {processor.py:914} INFO - Processing file /home/airflow/.local/lib/python3.12/site-packages/airflow/example_dags/example_bash_decorator.py for tasks to queue
[2025-11-10T23:48:03.946+0000] {logging_mixin.py:190} INFO - [2025-11-10T23:48:03.946+0000] {dagbag.py:588} INFO - Filling up the DagBag from /home/airflow/.local/lib/python3.12/site-packages/airflow/example_dags/example_bash_decorator.py
[2025-11-10T23:48:03.954+0000] {processor.py:925} INFO - DAG(s) 'example_bash_decorator' retrieved from /home/airflow/.local/lib/python3.12/site-packages/airflow/example_dags/example_bash_decorator.py
[2025-11-10T23:48:03.967+0000] {logging_mixin.py:190} INFO - [2025-11-10T23:48:03.967+0000] {dag.py:3239} INFO - Sync 1 DAGs
[2025-11-10T23:48:03.975+0000] {logging_mixin.py:190} INFO - [2025-11-10T23:48:03.975+0000] {dag.py:4180} INFO - Setting next_dagrun for example_bash_decorator to None, run_after=None
[2025-11-10T23:48:03.985+0000] {processor.py:208} INFO - Processing /home/airflow/.local/lib/python3.12/site-packages/airflow/example_dags/example_bash_decorator.py took 0.046 seconds
[2025-11-10T23:48:35.262+0000] {processor.py:186} INFO - Started process (PID=790) to work on /home/airflow/.local/lib/python3.12/site-packages/airflow/example_dags/example_bash_decorator.py
[2025-11-10T23:48:35.262+0000] {processor.py:914} INFO - Processing file /home/airflow/.local/lib/python3.12/site-packages/airflow/example_dags/example_bash_decorator.py for tasks to queue
[2025-11-10T23:48:35.264+0000] {logging_mixin.py:190} INFO - [2025-11-10T23:48:35.264+0000] {dagbag.py:588} INFO - Filling up the DagBag from /home/airflow/.local/lib/python3.12/site-packages/airflow/example_dags/example_bash_decorator.py
[2025-11-10T23:48:35.276+0000] {processor.py:925} INFO - DAG(s) 'example_bash_decorator' retrieved from /home/airflow/.local/lib/python3.12/site-packages/airflow/example_dags/example_bash_decorator.py
[2025-11-10T23:48:35.296+0000] {logging_mixin.py:190} INFO - [2025-11-10T23:48:35.296+0000] {dag.py:3239} INFO - Sync 1 DAGs
[2025-11-10T23:48:35.305+0000] {logging_mixin.py:190} INFO - [2025-11-10T23:48:35.305+0000] {dag.py:4180} INFO - Setting next_dagrun for example_bash_decorator to None, run_after=None
[2025-11-10T23:48:35.316+0000] {processor.py:208} INFO - Processing /home/airflow/.local/lib/python3.12/site-packages/airflow/example_dags/example_bash_decorator.py took 0.058 seconds
[2025-11-10T23:49:05.788+0000] {processor.py:186} INFO - Started process (PID=855) to work on /home/airflow/.local/lib/python3.12/site-packages/airflow/example_dags/example_bash_decorator.py
[2025-11-10T23:49:05.790+0000] {processor.py:914} INFO - Processing file /home/airflow/.local/lib/python3.12/site-packages/airflow/example_dags/example_bash_decorator.py for tasks to queue
[2025-11-10T23:49:05.792+0000] {logging_mixin.py:190} INFO - [2025-11-10T23:49:05.792+0000] {dagbag.py:588} INFO - Filling up the DagBag from /home/airflow/.local/lib/python3.12/site-packages/airflow/example_dags/example_bash_decorator.py
[2025-11-10T23:49:05.803+0000] {processor.py:925} INFO - DAG(s) 'example_bash_decorator' retrieved from /home/airflow/.local/lib/python3.12/site-packages/airflow/example_dags/example_bash_decorator.py
[2025-11-10T23:49:05.816+0000] {logging_mixin.py:190} INFO - [2025-11-10T23:49:05.816+0000] {dag.py:3239} INFO - Sync 1 DAGs
[2025-11-10T23:49:05.823+0000] {logging_mixin.py:190} INFO - [2025-11-10T23:49:05.823+0000] {dag.py:4180} INFO - Setting next_dagrun for example_bash_decorator to None, run_after=None
[2025-11-10T23:49:05.836+0000] {processor.py:208} INFO - Processing /home/airflow/.local/lib/python3.12/site-packages/airflow/example_dags/example_bash_decorator.py took 0.053 seconds
[2025-11-10T23:49:36.396+0000] {processor.py:186} INFO - Started process (PID=922) to work on /home/airflow/.local/lib/python3.12/site-packages/airflow/example_dags/example_bash_decorator.py
[2025-11-10T23:49:36.396+0000] {processor.py:914} INFO - Processing file /home/airflow/.local/lib/python3.12/site-packages/airflow/example_dags/example_bash_decorator.py for tasks to queue
[2025-11-10T23:49:36.397+0000] {logging_mixin.py:190} INFO - [2025-11-10T23:49:36.397+0000] {dagbag.py:588} INFO - Filling up the DagBag from /home/airflow/.local/lib/python3.12/site-packages/airflow/example_dags/example_bash_decorator.py
[2025-11-10T23:49:36.406+0000] {processor.py:925} INFO - DAG(s) 'example_bash_decorator' retrieved from /home/airflow/.local/lib/python3.12/site-packages/airflow/example_dags/example_bash_decorator.py
[2025-11-10T23:49:36.421+0000] {logging_mixin.py:190} INFO - [2025-11-10T23:49:36.420+0000] {dag.py:3239} INFO - Sync 1 DAGs
[2025-11-10T23:49:36.429+0000] {logging_mixin.py:190} INFO - [2025-11-10T23:49:36.429+0000] {dag.py:4180} INFO - Setting next_dagrun for example_bash_decorator to None, run_after=None
[2025-11-10T23:49:36.443+0000] {processor.py:208} INFO - Processing /home/airflow/.local/lib/python3.12/site-packages/airflow/example_dags/example_bash_decorator.py took 0.051 seconds
[2025-11-10T23:50:07.003+0000] {processor.py:186} INFO - Started process (PID=991) to work on /home/airflow/.local/lib/python3.12/site-packages/airflow/example_dags/example_bash_decorator.py
[2025-11-10T23:50:07.005+0000] {processor.py:914} INFO - Processing file /home/airflow/.local/lib/python3.12/site-packages/airflow/example_dags/example_bash_decorator.py for tasks to queue
[2025-11-10T23:50:07.008+0000] {logging_mixin.py:190} INFO - [2025-11-10T23:50:07.007+0000] {dagbag.py:588} INFO - Filling up the DagBag from /home/airflow/.local/lib/python3.12/site-packages/airflow/example_dags/example_bash_decorator.py
[2025-11-10T23:50:07.018+0000] {processor.py:925} INFO - DAG(s) 'example_bash_decorator' retrieved from /home/airflow/.local/lib/python3.12/site-packages/airflow/example_dags/example_bash_decorator.py
[2025-11-10T23:50:07.034+0000] {logging_mixin.py:190} INFO - [2025-11-10T23:50:07.034+0000] {dag.py:3239} INFO - Sync 1 DAGs
[2025-11-10T23:50:07.042+0000] {logging_mixin.py:190} INFO - [2025-11-10T23:50:07.042+0000] {dag.py:4180} INFO - Setting next_dagrun for example_bash_decorator to None, run_after=None
[2025-11-10T23:50:07.055+0000] {processor.py:208} INFO - Processing /home/airflow/.local/lib/python3.12/site-packages/airflow/example_dags/example_bash_decorator.py took 0.058 seconds
[2025-11-10T23:50:37.192+0000] {processor.py:186} INFO - Started process (PID=1056) to work on /home/airflow/.local/lib/python3.12/site-packages/airflow/example_dags/example_bash_decorator.py
[2025-11-10T23:50:37.192+0000] {processor.py:914} INFO - Processing file /home/airflow/.local/lib/python3.12/site-packages/airflow/example_dags/example_bash_decorator.py for tasks to queue
[2025-11-10T23:50:37.194+0000] {logging_mixin.py:190} INFO - [2025-11-10T23:50:37.193+0000] {dagbag.py:588} INFO - Filling up the DagBag from /home/airflow/.local/lib/python3.12/site-packages/airflow/example_dags/example_bash_decorator.py
[2025-11-10T23:50:37.202+0000] {processor.py:925} INFO - DAG(s) 'example_bash_decorator' retrieved from /home/airflow/.local/lib/python3.12/site-packages/airflow/example_dags/example_bash_decorator.py
[2025-11-10T23:50:37.215+0000] {logging_mixin.py:190} INFO - [2025-11-10T23:50:37.215+0000] {dag.py:3239} INFO - Sync 1 DAGs
[2025-11-10T23:50:37.223+0000] {logging_mixin.py:190} INFO - [2025-11-10T23:50:37.223+0000] {dag.py:4180} INFO - Setting next_dagrun for example_bash_decorator to None, run_after=None
[2025-11-10T23:50:37.234+0000] {processor.py:208} INFO - Processing /home/airflow/.local/lib/python3.12/site-packages/airflow/example_dags/example_bash_decorator.py took 0.046 seconds
[2025-11-10T23:51:07.933+0000] {processor.py:186} INFO - Started process (PID=1122) to work on /home/airflow/.local/lib/python3.12/site-packages/airflow/example_dags/example_bash_decorator.py
[2025-11-10T23:51:07.935+0000] {processor.py:914} INFO - Processing file /home/airflow/.local/lib/python3.12/site-packages/airflow/example_dags/example_bash_decorator.py for tasks to queue
[2025-11-10T23:51:07.937+0000] {logging_mixin.py:190} INFO - [2025-11-10T23:51:07.937+0000] {dagbag.py:588} INFO - Filling up the DagBag from /home/airflow/.local/lib/python3.12/site-packages/airflow/example_dags/example_bash_decorator.py
[2025-11-10T23:51:07.948+0000] {processor.py:925} INFO - DAG(s) 'example_bash_decorator' retrieved from /home/airflow/.local/lib/python3.12/site-packages/airflow/example_dags/example_bash_decorator.py
[2025-11-10T23:51:07.965+0000] {logging_mixin.py:190} INFO - [2025-11-10T23:51:07.965+0000] {dag.py:3239} INFO - Sync 1 DAGs
[2025-11-10T23:51:07.974+0000] {logging_mixin.py:190} INFO - [2025-11-10T23:51:07.974+0000] {dag.py:4180} INFO - Setting next_dagrun for example_bash_decorator to None, run_after=None
[2025-11-10T23:51:07.988+0000] {processor.py:208} INFO - Processing /home/airflow/.local/lib/python3.12/site-packages/airflow/example_dags/example_bash_decorator.py took 0.061 seconds
[2025-11-10T23:51:38.887+0000] {processor.py:186} INFO - Started process (PID=1190) to work on /home/airflow/.local/lib/python3.12/site-packages/airflow/example_dags/example_bash_decorator.py
[2025-11-10T23:51:38.888+0000] {processor.py:914} INFO - Processing file /home/airflow/.local/lib/python3.12/site-packages/airflow/example_dags/example_bash_decorator.py for tasks to queue
[2025-11-10T23:51:38.890+0000] {logging_mixin.py:190} INFO - [2025-11-10T23:51:38.890+0000] {dagbag.py:588} INFO - Filling up the DagBag from /home/airflow/.local/lib/python3.12/site-packages/airflow/example_dags/example_bash_decorator.py
[2025-11-10T23:51:38.901+0000] {processor.py:925} INFO - DAG(s) 'example_bash_decorator' retrieved from /home/airflow/.local/lib/python3.12/site-packages/airflow/example_dags/example_bash_decorator.py
[2025-11-10T23:51:38.913+0000] {logging_mixin.py:190} INFO - [2025-11-10T23:51:38.913+0000] {dag.py:3239} INFO - Sync 1 DAGs
[2025-11-10T23:51:38.921+0000] {logging_mixin.py:190} INFO - [2025-11-10T23:51:38.921+0000] {dag.py:4180} INFO - Setting next_dagrun for example_bash_decorator to None, run_after=None
[2025-11-10T23:51:38.933+0000] {processor.py:208} INFO - Processing /home/airflow/.local/lib/python3.12/site-packages/airflow/example_dags/example_bash_decorator.py took 0.051 seconds
[2025-11-10T23:52:11.207+0000] {processor.py:186} INFO - Started process (PID=1257) to work on /home/airflow/.local/lib/python3.12/site-packages/airflow/example_dags/example_bash_decorator.py
[2025-11-10T23:52:11.208+0000] {processor.py:914} INFO - Processing file /home/airflow/.local/lib/python3.12/site-packages/airflow/example_dags/example_bash_decorator.py for tasks to queue
[2025-11-10T23:52:11.212+0000] {logging_mixin.py:190} INFO - [2025-11-10T23:52:11.211+0000] {dagbag.py:588} INFO - Filling up the DagBag from /home/airflow/.local/lib/python3.12/site-packages/airflow/example_dags/example_bash_decorator.py
[2025-11-10T23:52:11.234+0000] {processor.py:925} INFO - DAG(s) 'example_bash_decorator' retrieved from /home/airflow/.local/lib/python3.12/site-packages/airflow/example_dags/example_bash_decorator.py
[2025-11-10T23:52:11.268+0000] {logging_mixin.py:190} INFO - [2025-11-10T23:52:11.267+0000] {dag.py:3239} INFO - Sync 1 DAGs
[2025-11-10T23:52:11.287+0000] {logging_mixin.py:190} INFO - [2025-11-10T23:52:11.287+0000] {dag.py:4180} INFO - Setting next_dagrun for example_bash_decorator to None, run_after=None
[2025-11-10T23:52:11.320+0000] {processor.py:208} INFO - Processing /home/airflow/.local/lib/python3.12/site-packages/airflow/example_dags/example_bash_decorator.py took 0.119 seconds
[2025-11-10T23:52:42.081+0000] {processor.py:186} INFO - Started process (PID=1323) to work on /home/airflow/.local/lib/python3.12/site-packages/airflow/example_dags/example_bash_decorator.py
[2025-11-10T23:52:42.081+0000] {processor.py:914} INFO - Processing file /home/airflow/.local/lib/python3.12/site-packages/airflow/example_dags/example_bash_decorator.py for tasks to queue
[2025-11-10T23:52:42.082+0000] {logging_mixin.py:190} INFO - [2025-11-10T23:52:42.082+0000] {dagbag.py:588} INFO - Filling up the DagBag from /home/airflow/.local/lib/python3.12/site-packages/airflow/example_dags/example_bash_decorator.py
[2025-11-10T23:52:42.091+0000] {processor.py:925} INFO - DAG(s) 'example_bash_decorator' retrieved from /home/airflow/.local/lib/python3.12/site-packages/airflow/example_dags/example_bash_decorator.py
[2025-11-10T23:52:42.104+0000] {logging_mixin.py:190} INFO - [2025-11-10T23:52:42.104+0000] {dag.py:3239} INFO - Sync 1 DAGs
[2025-11-10T23:52:42.112+0000] {logging_mixin.py:190} INFO - [2025-11-10T23:52:42.112+0000] {dag.py:4180} INFO - Setting next_dagrun for example_bash_decorator to None, run_after=None
[2025-11-10T23:52:42.123+0000] {processor.py:208} INFO - Processing /home/airflow/.local/lib/python3.12/site-packages/airflow/example_dags/example_bash_decorator.py took 0.046 seconds
[2025-11-10T23:53:13.719+0000] {processor.py:186} INFO - Started process (PID=1395) to work on /home/airflow/.local/lib/python3.12/site-packages/airflow/example_dags/example_bash_decorator.py
[2025-11-10T23:53:13.719+0000] {processor.py:914} INFO - Processing file /home/airflow/.local/lib/python3.12/site-packages/airflow/example_dags/example_bash_decorator.py for tasks to queue
[2025-11-10T23:53:13.721+0000] {logging_mixin.py:190} INFO - [2025-11-10T23:53:13.721+0000] {dagbag.py:588} INFO - Filling up the DagBag from /home/airflow/.local/lib/python3.12/site-packages/airflow/example_dags/example_bash_decorator.py
[2025-11-10T23:53:13.731+0000] {processor.py:925} INFO - DAG(s) 'example_bash_decorator' retrieved from /home/airflow/.local/lib/python3.12/site-packages/airflow/example_dags/example_bash_decorator.py
[2025-11-10T23:53:13.745+0000] {logging_mixin.py:190} INFO - [2025-11-10T23:53:13.745+0000] {dag.py:3239} INFO - Sync 1 DAGs
[2025-11-10T23:53:13.753+0000] {logging_mixin.py:190} INFO - [2025-11-10T23:53:13.753+0000] {dag.py:4180} INFO - Setting next_dagrun for example_bash_decorator to None, run_after=None
[2025-11-10T23:53:13.765+0000] {processor.py:208} INFO - Processing /home/airflow/.local/lib/python3.12/site-packages/airflow/example_dags/example_bash_decorator.py took 0.049 seconds
[2025-11-10T23:53:44.279+0000] {processor.py:186} INFO - Started process (PID=1460) to work on /home/airflow/.local/lib/python3.12/site-packages/airflow/example_dags/example_bash_decorator.py
[2025-11-10T23:53:44.280+0000] {processor.py:914} INFO - Processing file /home/airflow/.local/lib/python3.12/site-packages/airflow/example_dags/example_bash_decorator.py for tasks to queue
[2025-11-10T23:53:44.281+0000] {logging_mixin.py:190} INFO - [2025-11-10T23:53:44.281+0000] {dagbag.py:588} INFO - Filling up the DagBag from /home/airflow/.local/lib/python3.12/site-packages/airflow/example_dags/example_bash_decorator.py
[2025-11-10T23:53:44.290+0000] {processor.py:925} INFO - DAG(s) 'example_bash_decorator' retrieved from /home/airflow/.local/lib/python3.12/site-packages/airflow/example_dags/example_bash_decorator.py
[2025-11-10T23:53:44.303+0000] {logging_mixin.py:190} INFO - [2025-11-10T23:53:44.303+0000] {dag.py:3239} INFO - Sync 1 DAGs
[2025-11-10T23:53:44.312+0000] {logging_mixin.py:190} INFO - [2025-11-10T23:53:44.312+0000] {dag.py:4180} INFO - Setting next_dagrun for example_bash_decorator to None, run_after=None
[2025-11-10T23:53:44.324+0000] {processor.py:208} INFO - Processing /home/airflow/.local/lib/python3.12/site-packages/airflow/example_dags/example_bash_decorator.py took 0.048 seconds
[2025-11-10T23:54:15.515+0000] {processor.py:186} INFO - Started process (PID=1527) to work on /home/airflow/.local/lib/python3.12/site-packages/airflow/example_dags/example_bash_decorator.py
[2025-11-10T23:54:15.516+0000] {processor.py:914} INFO - Processing file /home/airflow/.local/lib/python3.12/site-packages/airflow/example_dags/example_bash_decorator.py for tasks to queue
[2025-11-10T23:54:15.517+0000] {logging_mixin.py:190} INFO - [2025-11-10T23:54:15.516+0000] {dagbag.py:588} INFO - Filling up the DagBag from /home/airflow/.local/lib/python3.12/site-packages/airflow/example_dags/example_bash_decorator.py
[2025-11-10T23:54:15.529+0000] {processor.py:925} INFO - DAG(s) 'example_bash_decorator' retrieved from /home/airflow/.local/lib/python3.12/site-packages/airflow/example_dags/example_bash_decorator.py
[2025-11-10T23:54:15.548+0000] {logging_mixin.py:190} INFO - [2025-11-10T23:54:15.547+0000] {dag.py:3239} INFO - Sync 1 DAGs
[2025-11-10T23:54:15.564+0000] {logging_mixin.py:190} INFO - [2025-11-10T23:54:15.564+0000] {dag.py:4180} INFO - Setting next_dagrun for example_bash_decorator to None, run_after=None
[2025-11-10T23:54:15.583+0000] {processor.py:208} INFO - Processing /home/airflow/.local/lib/python3.12/site-packages/airflow/example_dags/example_bash_decorator.py took 0.076 seconds
[2025-11-10T23:54:45.718+0000] {processor.py:186} INFO - Started process (PID=1591) to work on /home/airflow/.local/lib/python3.12/site-packages/airflow/example_dags/example_bash_decorator.py
[2025-11-10T23:54:45.719+0000] {processor.py:914} INFO - Processing file /home/airflow/.local/lib/python3.12/site-packages/airflow/example_dags/example_bash_decorator.py for tasks to queue
[2025-11-10T23:54:45.720+0000] {logging_mixin.py:190} INFO - [2025-11-10T23:54:45.719+0000] {dagbag.py:588} INFO - Filling up the DagBag from /home/airflow/.local/lib/python3.12/site-packages/airflow/example_dags/example_bash_decorator.py
[2025-11-10T23:54:45.735+0000] {processor.py:925} INFO - DAG(s) 'example_bash_decorator' retrieved from /home/airflow/.local/lib/python3.12/site-packages/airflow/example_dags/example_bash_decorator.py
[2025-11-10T23:54:45.757+0000] {logging_mixin.py:190} INFO - [2025-11-10T23:54:45.757+0000] {dag.py:3239} INFO - Sync 1 DAGs
[2025-11-10T23:54:45.769+0000] {logging_mixin.py:190} INFO - [2025-11-10T23:54:45.768+0000] {dag.py:4180} INFO - Setting next_dagrun for example_bash_decorator to None, run_after=None
[2025-11-10T23:54:45.784+0000] {processor.py:208} INFO - Processing /home/airflow/.local/lib/python3.12/site-packages/airflow/example_dags/example_bash_decorator.py took 0.072 seconds
[2025-11-10T23:55:16.249+0000] {processor.py:186} INFO - Started process (PID=1655) to work on /home/airflow/.local/lib/python3.12/site-packages/airflow/example_dags/example_bash_decorator.py
[2025-11-10T23:55:16.250+0000] {processor.py:914} INFO - Processing file /home/airflow/.local/lib/python3.12/site-packages/airflow/example_dags/example_bash_decorator.py for tasks to queue
[2025-11-10T23:55:16.251+0000] {logging_mixin.py:190} INFO - [2025-11-10T23:55:16.250+0000] {dagbag.py:588} INFO - Filling up the DagBag from /home/airflow/.local/lib/python3.12/site-packages/airflow/example_dags/example_bash_decorator.py
[2025-11-10T23:55:16.261+0000] {processor.py:925} INFO - DAG(s) 'example_bash_decorator' retrieved from /home/airflow/.local/lib/python3.12/site-packages/airflow/example_dags/example_bash_decorator.py
[2025-11-10T23:55:16.278+0000] {logging_mixin.py:190} INFO - [2025-11-10T23:55:16.278+0000] {dag.py:3239} INFO - Sync 1 DAGs
[2025-11-10T23:55:16.288+0000] {logging_mixin.py:190} INFO - [2025-11-10T23:55:16.288+0000] {dag.py:4180} INFO - Setting next_dagrun for example_bash_decorator to None, run_after=None
[2025-11-10T23:55:16.300+0000] {processor.py:208} INFO - Processing /home/airflow/.local/lib/python3.12/site-packages/airflow/example_dags/example_bash_decorator.py took 0.055 seconds
[2025-11-10T23:55:46.662+0000] {processor.py:186} INFO - Started process (PID=1719) to work on /home/airflow/.local/lib/python3.12/site-packages/airflow/example_dags/example_bash_decorator.py
[2025-11-10T23:55:46.664+0000] {processor.py:914} INFO - Processing file /home/airflow/.local/lib/python3.12/site-packages/airflow/example_dags/example_bash_decorator.py for tasks to queue
[2025-11-10T23:55:46.664+0000] {logging_mixin.py:190} INFO - [2025-11-10T23:55:46.664+0000] {dagbag.py:588} INFO - Filling up the DagBag from /home/airflow/.local/lib/python3.12/site-packages/airflow/example_dags/example_bash_decorator.py
[2025-11-10T23:55:46.674+0000] {processor.py:925} INFO - DAG(s) 'example_bash_decorator' retrieved from /home/airflow/.local/lib/python3.12/site-packages/airflow/example_dags/example_bash_decorator.py
[2025-11-10T23:55:46.690+0000] {logging_mixin.py:190} INFO - [2025-11-10T23:55:46.690+0000] {dag.py:3239} INFO - Sync 1 DAGs
[2025-11-10T23:55:46.699+0000] {logging_mixin.py:190} INFO - [2025-11-10T23:55:46.699+0000] {dag.py:4180} INFO - Setting next_dagrun for example_bash_decorator to None, run_after=None
[2025-11-10T23:55:46.712+0000] {processor.py:208} INFO - Processing /home/airflow/.local/lib/python3.12/site-packages/airflow/example_dags/example_bash_decorator.py took 0.054 seconds
[2025-11-10T23:56:18.335+0000] {processor.py:186} INFO - Started process (PID=1784) to work on /home/airflow/.local/lib/python3.12/site-packages/airflow/example_dags/example_bash_decorator.py
[2025-11-10T23:56:18.336+0000] {processor.py:914} INFO - Processing file /home/airflow/.local/lib/python3.12/site-packages/airflow/example_dags/example_bash_decorator.py for tasks to queue
[2025-11-10T23:56:18.337+0000] {logging_mixin.py:190} INFO - [2025-11-10T23:56:18.336+0000] {dagbag.py:588} INFO - Filling up the DagBag from /home/airflow/.local/lib/python3.12/site-packages/airflow/example_dags/example_bash_decorator.py
[2025-11-10T23:56:18.345+0000] {processor.py:925} INFO - DAG(s) 'example_bash_decorator' retrieved from /home/airflow/.local/lib/python3.12/site-packages/airflow/example_dags/example_bash_decorator.py
[2025-11-10T23:56:18.359+0000] {logging_mixin.py:190} INFO - [2025-11-10T23:56:18.359+0000] {dag.py:3239} INFO - Sync 1 DAGs
[2025-11-10T23:56:18.368+0000] {logging_mixin.py:190} INFO - [2025-11-10T23:56:18.367+0000] {dag.py:4180} INFO - Setting next_dagrun for example_bash_decorator to None, run_after=None
[2025-11-10T23:56:18.378+0000] {processor.py:208} INFO - Processing /home/airflow/.local/lib/python3.12/site-packages/airflow/example_dags/example_bash_decorator.py took 0.046 seconds
[2025-11-10T23:56:49.592+0000] {processor.py:186} INFO - Started process (PID=1848) to work on /home/airflow/.local/lib/python3.12/site-packages/airflow/example_dags/example_bash_decorator.py
[2025-11-10T23:56:49.592+0000] {processor.py:914} INFO - Processing file /home/airflow/.local/lib/python3.12/site-packages/airflow/example_dags/example_bash_decorator.py for tasks to queue
[2025-11-10T23:56:49.593+0000] {logging_mixin.py:190} INFO - [2025-11-10T23:56:49.593+0000] {dagbag.py:588} INFO - Filling up the DagBag from /home/airflow/.local/lib/python3.12/site-packages/airflow/example_dags/example_bash_decorator.py
[2025-11-10T23:56:49.602+0000] {processor.py:925} INFO - DAG(s) 'example_bash_decorator' retrieved from /home/airflow/.local/lib/python3.12/site-packages/airflow/example_dags/example_bash_decorator.py
[2025-11-10T23:56:49.620+0000] {logging_mixin.py:190} INFO - [2025-11-10T23:56:49.620+0000] {dag.py:3239} INFO - Sync 1 DAGs
[2025-11-10T23:56:49.629+0000] {logging_mixin.py:190} INFO - [2025-11-10T23:56:49.628+0000] {dag.py:4180} INFO - Setting next_dagrun for example_bash_decorator to None, run_after=None
[2025-11-10T23:56:49.640+0000] {processor.py:208} INFO - Processing /home/airflow/.local/lib/python3.12/site-packages/airflow/example_dags/example_bash_decorator.py took 0.052 seconds
[2025-11-10T23:57:20.961+0000] {processor.py:186} INFO - Started process (PID=1912) to work on /home/airflow/.local/lib/python3.12/site-packages/airflow/example_dags/example_bash_decorator.py
[2025-11-10T23:57:20.962+0000] {processor.py:914} INFO - Processing file /home/airflow/.local/lib/python3.12/site-packages/airflow/example_dags/example_bash_decorator.py for tasks to queue
[2025-11-10T23:57:20.963+0000] {logging_mixin.py:190} INFO - [2025-11-10T23:57:20.962+0000] {dagbag.py:588} INFO - Filling up the DagBag from /home/airflow/.local/lib/python3.12/site-packages/airflow/example_dags/example_bash_decorator.py
[2025-11-10T23:57:20.971+0000] {processor.py:925} INFO - DAG(s) 'example_bash_decorator' retrieved from /home/airflow/.local/lib/python3.12/site-packages/airflow/example_dags/example_bash_decorator.py
[2025-11-10T23:57:20.990+0000] {logging_mixin.py:190} INFO - [2025-11-10T23:57:20.990+0000] {dag.py:3239} INFO - Sync 1 DAGs
[2025-11-10T23:57:20.999+0000] {logging_mixin.py:190} INFO - [2025-11-10T23:57:20.999+0000] {dag.py:4180} INFO - Setting next_dagrun for example_bash_decorator to None, run_after=None
[2025-11-10T23:57:21.011+0000] {processor.py:208} INFO - Processing /home/airflow/.local/lib/python3.12/site-packages/airflow/example_dags/example_bash_decorator.py took 0.053 seconds
[2025-11-10T23:57:52.145+0000] {processor.py:186} INFO - Started process (PID=1976) to work on /home/airflow/.local/lib/python3.12/site-packages/airflow/example_dags/example_bash_decorator.py
[2025-11-10T23:57:52.146+0000] {processor.py:914} INFO - Processing file /home/airflow/.local/lib/python3.12/site-packages/airflow/example_dags/example_bash_decorator.py for tasks to queue
[2025-11-10T23:57:52.146+0000] {logging_mixin.py:190} INFO - [2025-11-10T23:57:52.146+0000] {dagbag.py:588} INFO - Filling up the DagBag from /home/airflow/.local/lib/python3.12/site-packages/airflow/example_dags/example_bash_decorator.py
[2025-11-10T23:57:52.156+0000] {processor.py:925} INFO - DAG(s) 'example_bash_decorator' retrieved from /home/airflow/.local/lib/python3.12/site-packages/airflow/example_dags/example_bash_decorator.py
[2025-11-10T23:57:52.169+0000] {logging_mixin.py:190} INFO - [2025-11-10T23:57:52.169+0000] {dag.py:3239} INFO - Sync 1 DAGs
[2025-11-10T23:57:52.178+0000] {logging_mixin.py:190} INFO - [2025-11-10T23:57:52.178+0000] {dag.py:4180} INFO - Setting next_dagrun for example_bash_decorator to None, run_after=None
[2025-11-10T23:57:52.189+0000] {processor.py:208} INFO - Processing /home/airflow/.local/lib/python3.12/site-packages/airflow/example_dags/example_bash_decorator.py took 0.049 seconds
[2025-11-10T23:58:23.386+0000] {processor.py:186} INFO - Started process (PID=2040) to work on /home/airflow/.local/lib/python3.12/site-packages/airflow/example_dags/example_bash_decorator.py
[2025-11-10T23:58:23.387+0000] {processor.py:914} INFO - Processing file /home/airflow/.local/lib/python3.12/site-packages/airflow/example_dags/example_bash_decorator.py for tasks to queue
[2025-11-10T23:58:23.387+0000] {logging_mixin.py:190} INFO - [2025-11-10T23:58:23.387+0000] {dagbag.py:588} INFO - Filling up the DagBag from /home/airflow/.local/lib/python3.12/site-packages/airflow/example_dags/example_bash_decorator.py
[2025-11-10T23:58:23.398+0000] {processor.py:925} INFO - DAG(s) 'example_bash_decorator' retrieved from /home/airflow/.local/lib/python3.12/site-packages/airflow/example_dags/example_bash_decorator.py
[2025-11-10T23:58:23.414+0000] {logging_mixin.py:190} INFO - [2025-11-10T23:58:23.413+0000] {dag.py:3239} INFO - Sync 1 DAGs
[2025-11-10T23:58:23.422+0000] {logging_mixin.py:190} INFO - [2025-11-10T23:58:23.422+0000] {dag.py:4180} INFO - Setting next_dagrun for example_bash_decorator to None, run_after=None
[2025-11-10T23:58:23.435+0000] {processor.py:208} INFO - Processing /home/airflow/.local/lib/python3.12/site-packages/airflow/example_dags/example_bash_decorator.py took 0.052 seconds
[2025-11-10T23:58:54.528+0000] {processor.py:186} INFO - Started process (PID=2104) to work on /home/airflow/.local/lib/python3.12/site-packages/airflow/example_dags/example_bash_decorator.py
[2025-11-10T23:58:54.529+0000] {processor.py:914} INFO - Processing file /home/airflow/.local/lib/python3.12/site-packages/airflow/example_dags/example_bash_decorator.py for tasks to queue
[2025-11-10T23:58:54.530+0000] {logging_mixin.py:190} INFO - [2025-11-10T23:58:54.530+0000] {dagbag.py:588} INFO - Filling up the DagBag from /home/airflow/.local/lib/python3.12/site-packages/airflow/example_dags/example_bash_decorator.py
[2025-11-10T23:58:54.540+0000] {processor.py:925} INFO - DAG(s) 'example_bash_decorator' retrieved from /home/airflow/.local/lib/python3.12/site-packages/airflow/example_dags/example_bash_decorator.py
[2025-11-10T23:58:54.552+0000] {logging_mixin.py:190} INFO - [2025-11-10T23:58:54.552+0000] {dag.py:3239} INFO - Sync 1 DAGs
[2025-11-10T23:58:54.561+0000] {logging_mixin.py:190} INFO - [2025-11-10T23:58:54.561+0000] {dag.py:4180} INFO - Setting next_dagrun for example_bash_decorator to None, run_after=None
[2025-11-10T23:58:54.572+0000] {processor.py:208} INFO - Processing /home/airflow/.local/lib/python3.12/site-packages/airflow/example_dags/example_bash_decorator.py took 0.050 seconds
[2025-11-10T23:59:25.215+0000] {processor.py:186} INFO - Started process (PID=2168) to work on /home/airflow/.local/lib/python3.12/site-packages/airflow/example_dags/example_bash_decorator.py
[2025-11-10T23:59:25.215+0000] {processor.py:914} INFO - Processing file /home/airflow/.local/lib/python3.12/site-packages/airflow/example_dags/example_bash_decorator.py for tasks to queue
[2025-11-10T23:59:25.216+0000] {logging_mixin.py:190} INFO - [2025-11-10T23:59:25.216+0000] {dagbag.py:588} INFO - Filling up the DagBag from /home/airflow/.local/lib/python3.12/site-packages/airflow/example_dags/example_bash_decorator.py
[2025-11-10T23:59:25.226+0000] {processor.py:925} INFO - DAG(s) 'example_bash_decorator' retrieved from /home/airflow/.local/lib/python3.12/site-packages/airflow/example_dags/example_bash_decorator.py
[2025-11-10T23:59:25.242+0000] {logging_mixin.py:190} INFO - [2025-11-10T23:59:25.242+0000] {dag.py:3239} INFO - Sync 1 DAGs
[2025-11-10T23:59:25.251+0000] {logging_mixin.py:190} INFO - [2025-11-10T23:59:25.250+0000] {dag.py:4180} INFO - Setting next_dagrun for example_bash_decorator to None, run_after=None
[2025-11-10T23:59:25.371+0000] {processor.py:208} INFO - Processing /home/airflow/.local/lib/python3.12/site-packages/airflow/example_dags/example_bash_decorator.py took 0.163 seconds
[2025-11-10T23:59:56.280+0000] {processor.py:186} INFO - Started process (PID=2233) to work on /home/airflow/.local/lib/python3.12/site-packages/airflow/example_dags/example_bash_decorator.py
[2025-11-10T23:59:56.280+0000] {processor.py:914} INFO - Processing file /home/airflow/.local/lib/python3.12/site-packages/airflow/example_dags/example_bash_decorator.py for tasks to queue
[2025-11-10T23:59:56.281+0000] {logging_mixin.py:190} INFO - [2025-11-10T23:59:56.280+0000] {dagbag.py:588} INFO - Filling up the DagBag from /home/airflow/.local/lib/python3.12/site-packages/airflow/example_dags/example_bash_decorator.py
[2025-11-10T23:59:56.289+0000] {processor.py:925} INFO - DAG(s) 'example_bash_decorator' retrieved from /home/airflow/.local/lib/python3.12/site-packages/airflow/example_dags/example_bash_decorator.py
[2025-11-10T23:59:56.303+0000] {logging_mixin.py:190} INFO - [2025-11-10T23:59:56.302+0000] {dag.py:3239} INFO - Sync 1 DAGs
[2025-11-10T23:59:56.311+0000] {logging_mixin.py:190} INFO - [2025-11-10T23:59:56.311+0000] {dag.py:4180} INFO - Setting next_dagrun for example_bash_decorator to None, run_after=None
[2025-11-10T23:59:56.320+0000] {processor.py:208} INFO - Processing /home/airflow/.local/lib/python3.12/site-packages/airflow/example_dags/example_bash_decorator.py took 0.045 seconds
