[2025-11-10T23:41:41.632+0000] {processor.py:186} INFO - Started process (PID=105) to work on /home/airflow/.local/lib/python3.12/site-packages/airflow/example_dags/example_branch_labels.py
[2025-11-10T23:41:41.633+0000] {processor.py:914} INFO - Processing file /home/airflow/.local/lib/python3.12/site-packages/airflow/example_dags/example_branch_labels.py for tasks to queue
[2025-11-10T23:41:41.634+0000] {logging_mixin.py:190} INFO - [2025-11-10T23:41:41.634+0000] {dagbag.py:588} INFO - Filling up the DagBag from /home/airflow/.local/lib/python3.12/site-packages/airflow/example_dags/example_branch_labels.py
[2025-11-10T23:41:41.640+0000] {processor.py:925} INFO - DAG(s) 'example_branch_labels' retrieved from /home/airflow/.local/lib/python3.12/site-packages/airflow/example_dags/example_branch_labels.py
[2025-11-10T23:41:41.656+0000] {logging_mixin.py:190} INFO - [2025-11-10T23:41:41.656+0000] {dag.py:3239} INFO - Sync 1 DAGs
[2025-11-10T23:41:41.670+0000] {logging_mixin.py:190} INFO - [2025-11-10T23:41:41.669+0000] {dag.py:4180} INFO - Setting next_dagrun for example_branch_labels to 2025-11-09 00:00:00+00:00, run_after=2025-11-10 00:00:00+00:00
[2025-11-10T23:41:41.684+0000] {processor.py:208} INFO - Processing /home/airflow/.local/lib/python3.12/site-packages/airflow/example_dags/example_branch_labels.py took 0.055 seconds
[2025-11-10T23:42:45.879+0000] {processor.py:186} INFO - Started process (PID=80) to work on /home/airflow/.local/lib/python3.12/site-packages/airflow/example_dags/example_branch_labels.py
[2025-11-10T23:42:45.886+0000] {processor.py:914} INFO - Processing file /home/airflow/.local/lib/python3.12/site-packages/airflow/example_dags/example_branch_labels.py for tasks to queue
[2025-11-10T23:42:45.888+0000] {logging_mixin.py:190} INFO - [2025-11-10T23:42:45.887+0000] {dagbag.py:588} INFO - Filling up the DagBag from /home/airflow/.local/lib/python3.12/site-packages/airflow/example_dags/example_branch_labels.py
[2025-11-10T23:42:45.895+0000] {processor.py:925} INFO - DAG(s) 'example_branch_labels' retrieved from /home/airflow/.local/lib/python3.12/site-packages/airflow/example_dags/example_branch_labels.py
[2025-11-10T23:42:45.910+0000] {logging_mixin.py:190} INFO - [2025-11-10T23:42:45.910+0000] {dag.py:3239} INFO - Sync 1 DAGs
[2025-11-10T23:42:45.925+0000] {logging_mixin.py:190} INFO - [2025-11-10T23:42:45.925+0000] {dag.py:4180} INFO - Setting next_dagrun for example_branch_labels to 2025-11-09 00:00:00+00:00, run_after=2025-11-10 00:00:00+00:00
[2025-11-10T23:42:45.949+0000] {processor.py:208} INFO - Processing /home/airflow/.local/lib/python3.12/site-packages/airflow/example_dags/example_branch_labels.py took 0.073 seconds
[2025-11-10T23:43:17.343+0000] {processor.py:186} INFO - Started process (PID=144) to work on /home/airflow/.local/lib/python3.12/site-packages/airflow/example_dags/example_branch_labels.py
[2025-11-10T23:43:17.344+0000] {processor.py:914} INFO - Processing file /home/airflow/.local/lib/python3.12/site-packages/airflow/example_dags/example_branch_labels.py for tasks to queue
[2025-11-10T23:43:17.345+0000] {logging_mixin.py:190} INFO - [2025-11-10T23:43:17.345+0000] {dagbag.py:588} INFO - Filling up the DagBag from /home/airflow/.local/lib/python3.12/site-packages/airflow/example_dags/example_branch_labels.py
[2025-11-10T23:43:17.355+0000] {processor.py:925} INFO - DAG(s) 'example_branch_labels' retrieved from /home/airflow/.local/lib/python3.12/site-packages/airflow/example_dags/example_branch_labels.py
[2025-11-10T23:43:17.375+0000] {logging_mixin.py:190} INFO - [2025-11-10T23:43:17.374+0000] {dag.py:3239} INFO - Sync 1 DAGs
[2025-11-10T23:43:17.390+0000] {logging_mixin.py:190} INFO - [2025-11-10T23:43:17.390+0000] {dag.py:4180} INFO - Setting next_dagrun for example_branch_labels to 2025-11-09 00:00:00+00:00, run_after=2025-11-10 00:00:00+00:00
[2025-11-10T23:43:17.400+0000] {processor.py:208} INFO - Processing /home/airflow/.local/lib/python3.12/site-packages/airflow/example_dags/example_branch_labels.py took 0.060 seconds
[2025-11-10T23:43:48.840+0000] {processor.py:186} INFO - Started process (PID=208) to work on /home/airflow/.local/lib/python3.12/site-packages/airflow/example_dags/example_branch_labels.py
[2025-11-10T23:43:48.841+0000] {processor.py:914} INFO - Processing file /home/airflow/.local/lib/python3.12/site-packages/airflow/example_dags/example_branch_labels.py for tasks to queue
[2025-11-10T23:43:48.843+0000] {logging_mixin.py:190} INFO - [2025-11-10T23:43:48.843+0000] {dagbag.py:588} INFO - Filling up the DagBag from /home/airflow/.local/lib/python3.12/site-packages/airflow/example_dags/example_branch_labels.py
[2025-11-10T23:43:48.855+0000] {processor.py:925} INFO - DAG(s) 'example_branch_labels' retrieved from /home/airflow/.local/lib/python3.12/site-packages/airflow/example_dags/example_branch_labels.py
[2025-11-10T23:43:48.871+0000] {logging_mixin.py:190} INFO - [2025-11-10T23:43:48.871+0000] {dag.py:3239} INFO - Sync 1 DAGs
[2025-11-10T23:43:48.884+0000] {logging_mixin.py:190} INFO - [2025-11-10T23:43:48.884+0000] {dag.py:4180} INFO - Setting next_dagrun for example_branch_labels to 2025-11-09 00:00:00+00:00, run_after=2025-11-10 00:00:00+00:00
[2025-11-10T23:43:48.894+0000] {processor.py:208} INFO - Processing /home/airflow/.local/lib/python3.12/site-packages/airflow/example_dags/example_branch_labels.py took 0.060 seconds
[2025-11-10T23:44:20.601+0000] {processor.py:186} INFO - Started process (PID=272) to work on /home/airflow/.local/lib/python3.12/site-packages/airflow/example_dags/example_branch_labels.py
[2025-11-10T23:44:20.602+0000] {processor.py:914} INFO - Processing file /home/airflow/.local/lib/python3.12/site-packages/airflow/example_dags/example_branch_labels.py for tasks to queue
[2025-11-10T23:44:20.603+0000] {logging_mixin.py:190} INFO - [2025-11-10T23:44:20.603+0000] {dagbag.py:588} INFO - Filling up the DagBag from /home/airflow/.local/lib/python3.12/site-packages/airflow/example_dags/example_branch_labels.py
[2025-11-10T23:44:20.609+0000] {processor.py:925} INFO - DAG(s) 'example_branch_labels' retrieved from /home/airflow/.local/lib/python3.12/site-packages/airflow/example_dags/example_branch_labels.py
[2025-11-10T23:44:20.622+0000] {logging_mixin.py:190} INFO - [2025-11-10T23:44:20.621+0000] {dag.py:3239} INFO - Sync 1 DAGs
[2025-11-10T23:44:20.637+0000] {logging_mixin.py:190} INFO - [2025-11-10T23:44:20.637+0000] {dag.py:4180} INFO - Setting next_dagrun for example_branch_labels to 2025-11-09 00:00:00+00:00, run_after=2025-11-10 00:00:00+00:00
[2025-11-10T23:44:20.650+0000] {processor.py:208} INFO - Processing /home/airflow/.local/lib/python3.12/site-packages/airflow/example_dags/example_branch_labels.py took 0.052 seconds
[2025-11-10T23:44:52.342+0000] {processor.py:186} INFO - Started process (PID=336) to work on /home/airflow/.local/lib/python3.12/site-packages/airflow/example_dags/example_branch_labels.py
[2025-11-10T23:44:52.343+0000] {processor.py:914} INFO - Processing file /home/airflow/.local/lib/python3.12/site-packages/airflow/example_dags/example_branch_labels.py for tasks to queue
[2025-11-10T23:44:52.344+0000] {logging_mixin.py:190} INFO - [2025-11-10T23:44:52.344+0000] {dagbag.py:588} INFO - Filling up the DagBag from /home/airflow/.local/lib/python3.12/site-packages/airflow/example_dags/example_branch_labels.py
[2025-11-10T23:44:52.350+0000] {processor.py:925} INFO - DAG(s) 'example_branch_labels' retrieved from /home/airflow/.local/lib/python3.12/site-packages/airflow/example_dags/example_branch_labels.py
[2025-11-10T23:44:52.367+0000] {logging_mixin.py:190} INFO - [2025-11-10T23:44:52.367+0000] {dag.py:3239} INFO - Sync 1 DAGs
[2025-11-10T23:44:52.386+0000] {logging_mixin.py:190} INFO - [2025-11-10T23:44:52.385+0000] {dag.py:4180} INFO - Setting next_dagrun for example_branch_labels to 2025-11-09 00:00:00+00:00, run_after=2025-11-10 00:00:00+00:00
[2025-11-10T23:44:52.399+0000] {processor.py:208} INFO - Processing /home/airflow/.local/lib/python3.12/site-packages/airflow/example_dags/example_branch_labels.py took 0.061 seconds
[2025-11-10T23:45:24.727+0000] {processor.py:186} INFO - Started process (PID=400) to work on /home/airflow/.local/lib/python3.12/site-packages/airflow/example_dags/example_branch_labels.py
[2025-11-10T23:45:24.764+0000] {processor.py:914} INFO - Processing file /home/airflow/.local/lib/python3.12/site-packages/airflow/example_dags/example_branch_labels.py for tasks to queue
[2025-11-10T23:45:24.769+0000] {logging_mixin.py:190} INFO - [2025-11-10T23:45:24.768+0000] {dagbag.py:588} INFO - Filling up the DagBag from /home/airflow/.local/lib/python3.12/site-packages/airflow/example_dags/example_branch_labels.py
[2025-11-10T23:45:24.802+0000] {processor.py:925} INFO - DAG(s) 'example_branch_labels' retrieved from /home/airflow/.local/lib/python3.12/site-packages/airflow/example_dags/example_branch_labels.py
[2025-11-10T23:45:24.813+0000] {logging_mixin.py:190} INFO - [2025-11-10T23:45:24.813+0000] {dag.py:3239} INFO - Sync 1 DAGs
[2025-11-10T23:45:24.827+0000] {logging_mixin.py:190} INFO - [2025-11-10T23:45:24.827+0000] {dag.py:4180} INFO - Setting next_dagrun for example_branch_labels to 2025-11-09 00:00:00+00:00, run_after=2025-11-10 00:00:00+00:00
[2025-11-10T23:45:24.911+0000] {processor.py:208} INFO - Processing /home/airflow/.local/lib/python3.12/site-packages/airflow/example_dags/example_branch_labels.py took 0.187 seconds
[2025-11-10T23:45:59.349+0000] {processor.py:186} INFO - Started process (PID=464) to work on /home/airflow/.local/lib/python3.12/site-packages/airflow/example_dags/example_branch_labels.py
[2025-11-10T23:45:59.351+0000] {processor.py:914} INFO - Processing file /home/airflow/.local/lib/python3.12/site-packages/airflow/example_dags/example_branch_labels.py for tasks to queue
[2025-11-10T23:45:59.352+0000] {logging_mixin.py:190} INFO - [2025-11-10T23:45:59.352+0000] {dagbag.py:588} INFO - Filling up the DagBag from /home/airflow/.local/lib/python3.12/site-packages/airflow/example_dags/example_branch_labels.py
[2025-11-10T23:45:59.360+0000] {processor.py:925} INFO - DAG(s) 'example_branch_labels' retrieved from /home/airflow/.local/lib/python3.12/site-packages/airflow/example_dags/example_branch_labels.py
[2025-11-10T23:45:59.375+0000] {logging_mixin.py:190} INFO - [2025-11-10T23:45:59.374+0000] {dag.py:3239} INFO - Sync 1 DAGs
[2025-11-10T23:45:59.391+0000] {logging_mixin.py:190} INFO - [2025-11-10T23:45:59.391+0000] {dag.py:4180} INFO - Setting next_dagrun for example_branch_labels to 2025-11-09 00:00:00+00:00, run_after=2025-11-10 00:00:00+00:00
[2025-11-10T23:45:59.415+0000] {processor.py:208} INFO - Processing /home/airflow/.local/lib/python3.12/site-packages/airflow/example_dags/example_branch_labels.py took 0.070 seconds
[2025-11-10T23:46:30.022+0000] {processor.py:186} INFO - Started process (PID=528) to work on /home/airflow/.local/lib/python3.12/site-packages/airflow/example_dags/example_branch_labels.py
[2025-11-10T23:46:30.022+0000] {processor.py:914} INFO - Processing file /home/airflow/.local/lib/python3.12/site-packages/airflow/example_dags/example_branch_labels.py for tasks to queue
[2025-11-10T23:46:30.024+0000] {logging_mixin.py:190} INFO - [2025-11-10T23:46:30.023+0000] {dagbag.py:588} INFO - Filling up the DagBag from /home/airflow/.local/lib/python3.12/site-packages/airflow/example_dags/example_branch_labels.py
[2025-11-10T23:46:30.029+0000] {processor.py:925} INFO - DAG(s) 'example_branch_labels' retrieved from /home/airflow/.local/lib/python3.12/site-packages/airflow/example_dags/example_branch_labels.py
[2025-11-10T23:46:30.046+0000] {logging_mixin.py:190} INFO - [2025-11-10T23:46:30.045+0000] {dag.py:3239} INFO - Sync 1 DAGs
[2025-11-10T23:46:30.059+0000] {logging_mixin.py:190} INFO - [2025-11-10T23:46:30.059+0000] {dag.py:4180} INFO - Setting next_dagrun for example_branch_labels to 2025-11-09 00:00:00+00:00, run_after=2025-11-10 00:00:00+00:00
[2025-11-10T23:46:30.070+0000] {processor.py:208} INFO - Processing /home/airflow/.local/lib/python3.12/site-packages/airflow/example_dags/example_branch_labels.py took 0.052 seconds
[2025-11-10T23:47:01.028+0000] {processor.py:186} INFO - Started process (PID=592) to work on /home/airflow/.local/lib/python3.12/site-packages/airflow/example_dags/example_branch_labels.py
[2025-11-10T23:47:01.029+0000] {processor.py:914} INFO - Processing file /home/airflow/.local/lib/python3.12/site-packages/airflow/example_dags/example_branch_labels.py for tasks to queue
[2025-11-10T23:47:01.031+0000] {logging_mixin.py:190} INFO - [2025-11-10T23:47:01.030+0000] {dagbag.py:588} INFO - Filling up the DagBag from /home/airflow/.local/lib/python3.12/site-packages/airflow/example_dags/example_branch_labels.py
[2025-11-10T23:47:01.038+0000] {processor.py:925} INFO - DAG(s) 'example_branch_labels' retrieved from /home/airflow/.local/lib/python3.12/site-packages/airflow/example_dags/example_branch_labels.py
[2025-11-10T23:47:01.053+0000] {logging_mixin.py:190} INFO - [2025-11-10T23:47:01.052+0000] {dag.py:3239} INFO - Sync 1 DAGs
[2025-11-10T23:47:01.072+0000] {logging_mixin.py:190} INFO - [2025-11-10T23:47:01.072+0000] {dag.py:4180} INFO - Setting next_dagrun for example_branch_labels to 2025-11-09 00:00:00+00:00, run_after=2025-11-10 00:00:00+00:00
[2025-11-10T23:47:01.085+0000] {processor.py:208} INFO - Processing /home/airflow/.local/lib/python3.12/site-packages/airflow/example_dags/example_branch_labels.py took 0.061 seconds
[2025-11-10T23:47:32.162+0000] {processor.py:186} INFO - Started process (PID=656) to work on /home/airflow/.local/lib/python3.12/site-packages/airflow/example_dags/example_branch_labels.py
[2025-11-10T23:47:32.163+0000] {processor.py:914} INFO - Processing file /home/airflow/.local/lib/python3.12/site-packages/airflow/example_dags/example_branch_labels.py for tasks to queue
[2025-11-10T23:47:32.165+0000] {logging_mixin.py:190} INFO - [2025-11-10T23:47:32.165+0000] {dagbag.py:588} INFO - Filling up the DagBag from /home/airflow/.local/lib/python3.12/site-packages/airflow/example_dags/example_branch_labels.py
[2025-11-10T23:47:32.174+0000] {processor.py:925} INFO - DAG(s) 'example_branch_labels' retrieved from /home/airflow/.local/lib/python3.12/site-packages/airflow/example_dags/example_branch_labels.py
[2025-11-10T23:47:32.185+0000] {logging_mixin.py:190} INFO - [2025-11-10T23:47:32.185+0000] {dag.py:3239} INFO - Sync 1 DAGs
[2025-11-10T23:47:32.199+0000] {logging_mixin.py:190} INFO - [2025-11-10T23:47:32.199+0000] {dag.py:4180} INFO - Setting next_dagrun for example_branch_labels to 2025-11-09 00:00:00+00:00, run_after=2025-11-10 00:00:00+00:00
[2025-11-10T23:47:32.212+0000] {processor.py:208} INFO - Processing /home/airflow/.local/lib/python3.12/site-packages/airflow/example_dags/example_branch_labels.py took 0.055 seconds
[2025-11-10T23:48:03.902+0000] {processor.py:186} INFO - Started process (PID=724) to work on /home/airflow/.local/lib/python3.12/site-packages/airflow/example_dags/example_branch_labels.py
[2025-11-10T23:48:03.903+0000] {processor.py:914} INFO - Processing file /home/airflow/.local/lib/python3.12/site-packages/airflow/example_dags/example_branch_labels.py for tasks to queue
[2025-11-10T23:48:03.904+0000] {logging_mixin.py:190} INFO - [2025-11-10T23:48:03.904+0000] {dagbag.py:588} INFO - Filling up the DagBag from /home/airflow/.local/lib/python3.12/site-packages/airflow/example_dags/example_branch_labels.py
[2025-11-10T23:48:03.910+0000] {processor.py:925} INFO - DAG(s) 'example_branch_labels' retrieved from /home/airflow/.local/lib/python3.12/site-packages/airflow/example_dags/example_branch_labels.py
[2025-11-10T23:48:03.923+0000] {logging_mixin.py:190} INFO - [2025-11-10T23:48:03.923+0000] {dag.py:3239} INFO - Sync 1 DAGs
[2025-11-10T23:48:03.940+0000] {logging_mixin.py:190} INFO - [2025-11-10T23:48:03.939+0000] {dag.py:4180} INFO - Setting next_dagrun for example_branch_labels to 2025-11-09 00:00:00+00:00, run_after=2025-11-10 00:00:00+00:00
[2025-11-10T23:48:03.950+0000] {processor.py:208} INFO - Processing /home/airflow/.local/lib/python3.12/site-packages/airflow/example_dags/example_branch_labels.py took 0.052 seconds
[2025-11-10T23:48:35.251+0000] {processor.py:186} INFO - Started process (PID=789) to work on /home/airflow/.local/lib/python3.12/site-packages/airflow/example_dags/example_branch_labels.py
[2025-11-10T23:48:35.252+0000] {processor.py:914} INFO - Processing file /home/airflow/.local/lib/python3.12/site-packages/airflow/example_dags/example_branch_labels.py for tasks to queue
[2025-11-10T23:48:35.253+0000] {logging_mixin.py:190} INFO - [2025-11-10T23:48:35.253+0000] {dagbag.py:588} INFO - Filling up the DagBag from /home/airflow/.local/lib/python3.12/site-packages/airflow/example_dags/example_branch_labels.py
[2025-11-10T23:48:35.260+0000] {processor.py:925} INFO - DAG(s) 'example_branch_labels' retrieved from /home/airflow/.local/lib/python3.12/site-packages/airflow/example_dags/example_branch_labels.py
[2025-11-10T23:48:35.274+0000] {logging_mixin.py:190} INFO - [2025-11-10T23:48:35.273+0000] {dag.py:3239} INFO - Sync 1 DAGs
[2025-11-10T23:48:35.288+0000] {logging_mixin.py:190} INFO - [2025-11-10T23:48:35.288+0000] {dag.py:4180} INFO - Setting next_dagrun for example_branch_labels to 2025-11-09 00:00:00+00:00, run_after=2025-11-10 00:00:00+00:00
[2025-11-10T23:48:35.302+0000] {processor.py:208} INFO - Processing /home/airflow/.local/lib/python3.12/site-packages/airflow/example_dags/example_branch_labels.py took 0.055 seconds
[2025-11-10T23:49:05.729+0000] {processor.py:186} INFO - Started process (PID=854) to work on /home/airflow/.local/lib/python3.12/site-packages/airflow/example_dags/example_branch_labels.py
[2025-11-10T23:49:05.729+0000] {processor.py:914} INFO - Processing file /home/airflow/.local/lib/python3.12/site-packages/airflow/example_dags/example_branch_labels.py for tasks to queue
[2025-11-10T23:49:05.731+0000] {logging_mixin.py:190} INFO - [2025-11-10T23:49:05.730+0000] {dagbag.py:588} INFO - Filling up the DagBag from /home/airflow/.local/lib/python3.12/site-packages/airflow/example_dags/example_branch_labels.py
[2025-11-10T23:49:05.736+0000] {processor.py:925} INFO - DAG(s) 'example_branch_labels' retrieved from /home/airflow/.local/lib/python3.12/site-packages/airflow/example_dags/example_branch_labels.py
[2025-11-10T23:49:05.747+0000] {logging_mixin.py:190} INFO - [2025-11-10T23:49:05.747+0000] {dag.py:3239} INFO - Sync 1 DAGs
[2025-11-10T23:49:05.760+0000] {logging_mixin.py:190} INFO - [2025-11-10T23:49:05.760+0000] {dag.py:4180} INFO - Setting next_dagrun for example_branch_labels to 2025-11-09 00:00:00+00:00, run_after=2025-11-10 00:00:00+00:00
[2025-11-10T23:49:05.771+0000] {processor.py:208} INFO - Processing /home/airflow/.local/lib/python3.12/site-packages/airflow/example_dags/example_branch_labels.py took 0.046 seconds
[2025-11-10T23:49:36.333+0000] {processor.py:186} INFO - Started process (PID=921) to work on /home/airflow/.local/lib/python3.12/site-packages/airflow/example_dags/example_branch_labels.py
[2025-11-10T23:49:36.334+0000] {processor.py:914} INFO - Processing file /home/airflow/.local/lib/python3.12/site-packages/airflow/example_dags/example_branch_labels.py for tasks to queue
[2025-11-10T23:49:36.336+0000] {logging_mixin.py:190} INFO - [2025-11-10T23:49:36.335+0000] {dagbag.py:588} INFO - Filling up the DagBag from /home/airflow/.local/lib/python3.12/site-packages/airflow/example_dags/example_branch_labels.py
[2025-11-10T23:49:36.342+0000] {processor.py:925} INFO - DAG(s) 'example_branch_labels' retrieved from /home/airflow/.local/lib/python3.12/site-packages/airflow/example_dags/example_branch_labels.py
[2025-11-10T23:49:36.355+0000] {logging_mixin.py:190} INFO - [2025-11-10T23:49:36.354+0000] {dag.py:3239} INFO - Sync 1 DAGs
[2025-11-10T23:49:36.369+0000] {logging_mixin.py:190} INFO - [2025-11-10T23:49:36.369+0000] {dag.py:4180} INFO - Setting next_dagrun for example_branch_labels to 2025-11-09 00:00:00+00:00, run_after=2025-11-10 00:00:00+00:00
[2025-11-10T23:49:36.381+0000] {processor.py:208} INFO - Processing /home/airflow/.local/lib/python3.12/site-packages/airflow/example_dags/example_branch_labels.py took 0.054 seconds
[2025-11-10T23:50:06.541+0000] {processor.py:186} INFO - Started process (PID=989) to work on /home/airflow/.local/lib/python3.12/site-packages/airflow/example_dags/example_branch_labels.py
[2025-11-10T23:50:06.544+0000] {processor.py:914} INFO - Processing file /home/airflow/.local/lib/python3.12/site-packages/airflow/example_dags/example_branch_labels.py for tasks to queue
[2025-11-10T23:50:06.545+0000] {logging_mixin.py:190} INFO - [2025-11-10T23:50:06.545+0000] {dagbag.py:588} INFO - Filling up the DagBag from /home/airflow/.local/lib/python3.12/site-packages/airflow/example_dags/example_branch_labels.py
[2025-11-10T23:50:06.551+0000] {processor.py:925} INFO - DAG(s) 'example_branch_labels' retrieved from /home/airflow/.local/lib/python3.12/site-packages/airflow/example_dags/example_branch_labels.py
[2025-11-10T23:50:06.563+0000] {logging_mixin.py:190} INFO - [2025-11-10T23:50:06.562+0000] {dag.py:3239} INFO - Sync 1 DAGs
[2025-11-10T23:50:06.576+0000] {logging_mixin.py:190} INFO - [2025-11-10T23:50:06.576+0000] {dag.py:4180} INFO - Setting next_dagrun for example_branch_labels to 2025-11-09 00:00:00+00:00, run_after=2025-11-10 00:00:00+00:00
[2025-11-10T23:50:06.586+0000] {processor.py:208} INFO - Processing /home/airflow/.local/lib/python3.12/site-packages/airflow/example_dags/example_branch_labels.py took 0.050 seconds
[2025-11-10T23:50:37.103+0000] {processor.py:186} INFO - Started process (PID=1054) to work on /home/airflow/.local/lib/python3.12/site-packages/airflow/example_dags/example_branch_labels.py
[2025-11-10T23:50:37.103+0000] {processor.py:914} INFO - Processing file /home/airflow/.local/lib/python3.12/site-packages/airflow/example_dags/example_branch_labels.py for tasks to queue
[2025-11-10T23:50:37.104+0000] {logging_mixin.py:190} INFO - [2025-11-10T23:50:37.104+0000] {dagbag.py:588} INFO - Filling up the DagBag from /home/airflow/.local/lib/python3.12/site-packages/airflow/example_dags/example_branch_labels.py
[2025-11-10T23:50:37.110+0000] {processor.py:925} INFO - DAG(s) 'example_branch_labels' retrieved from /home/airflow/.local/lib/python3.12/site-packages/airflow/example_dags/example_branch_labels.py
[2025-11-10T23:50:37.121+0000] {logging_mixin.py:190} INFO - [2025-11-10T23:50:37.121+0000] {dag.py:3239} INFO - Sync 1 DAGs
[2025-11-10T23:50:37.134+0000] {logging_mixin.py:190} INFO - [2025-11-10T23:50:37.134+0000] {dag.py:4180} INFO - Setting next_dagrun for example_branch_labels to 2025-11-09 00:00:00+00:00, run_after=2025-11-10 00:00:00+00:00
[2025-11-10T23:50:37.145+0000] {processor.py:208} INFO - Processing /home/airflow/.local/lib/python3.12/site-packages/airflow/example_dags/example_branch_labels.py took 0.048 seconds
[2025-11-10T23:51:07.854+0000] {processor.py:186} INFO - Started process (PID=1121) to work on /home/airflow/.local/lib/python3.12/site-packages/airflow/example_dags/example_branch_labels.py
[2025-11-10T23:51:07.856+0000] {processor.py:914} INFO - Processing file /home/airflow/.local/lib/python3.12/site-packages/airflow/example_dags/example_branch_labels.py for tasks to queue
[2025-11-10T23:51:07.859+0000] {logging_mixin.py:190} INFO - [2025-11-10T23:51:07.859+0000] {dagbag.py:588} INFO - Filling up the DagBag from /home/airflow/.local/lib/python3.12/site-packages/airflow/example_dags/example_branch_labels.py
[2025-11-10T23:51:07.866+0000] {processor.py:925} INFO - DAG(s) 'example_branch_labels' retrieved from /home/airflow/.local/lib/python3.12/site-packages/airflow/example_dags/example_branch_labels.py
[2025-11-10T23:51:07.882+0000] {logging_mixin.py:190} INFO - [2025-11-10T23:51:07.882+0000] {dag.py:3239} INFO - Sync 1 DAGs
[2025-11-10T23:51:07.899+0000] {logging_mixin.py:190} INFO - [2025-11-10T23:51:07.899+0000] {dag.py:4180} INFO - Setting next_dagrun for example_branch_labels to 2025-11-09 00:00:00+00:00, run_after=2025-11-10 00:00:00+00:00
[2025-11-10T23:51:07.913+0000] {processor.py:208} INFO - Processing /home/airflow/.local/lib/python3.12/site-packages/airflow/example_dags/example_branch_labels.py took 0.066 seconds
[2025-11-10T23:51:38.832+0000] {processor.py:186} INFO - Started process (PID=1189) to work on /home/airflow/.local/lib/python3.12/site-packages/airflow/example_dags/example_branch_labels.py
[2025-11-10T23:51:38.833+0000] {processor.py:914} INFO - Processing file /home/airflow/.local/lib/python3.12/site-packages/airflow/example_dags/example_branch_labels.py for tasks to queue
[2025-11-10T23:51:38.834+0000] {logging_mixin.py:190} INFO - [2025-11-10T23:51:38.834+0000] {dagbag.py:588} INFO - Filling up the DagBag from /home/airflow/.local/lib/python3.12/site-packages/airflow/example_dags/example_branch_labels.py
[2025-11-10T23:51:38.840+0000] {processor.py:925} INFO - DAG(s) 'example_branch_labels' retrieved from /home/airflow/.local/lib/python3.12/site-packages/airflow/example_dags/example_branch_labels.py
[2025-11-10T23:51:38.851+0000] {logging_mixin.py:190} INFO - [2025-11-10T23:51:38.851+0000] {dag.py:3239} INFO - Sync 1 DAGs
[2025-11-10T23:51:38.865+0000] {logging_mixin.py:190} INFO - [2025-11-10T23:51:38.865+0000] {dag.py:4180} INFO - Setting next_dagrun for example_branch_labels to 2025-11-09 00:00:00+00:00, run_after=2025-11-10 00:00:00+00:00
[2025-11-10T23:51:38.876+0000] {processor.py:208} INFO - Processing /home/airflow/.local/lib/python3.12/site-packages/airflow/example_dags/example_branch_labels.py took 0.047 seconds
[2025-11-10T23:52:11.142+0000] {processor.py:186} INFO - Started process (PID=1256) to work on /home/airflow/.local/lib/python3.12/site-packages/airflow/example_dags/example_branch_labels.py
[2025-11-10T23:52:11.143+0000] {processor.py:914} INFO - Processing file /home/airflow/.local/lib/python3.12/site-packages/airflow/example_dags/example_branch_labels.py for tasks to queue
[2025-11-10T23:52:11.145+0000] {logging_mixin.py:190} INFO - [2025-11-10T23:52:11.145+0000] {dagbag.py:588} INFO - Filling up the DagBag from /home/airflow/.local/lib/python3.12/site-packages/airflow/example_dags/example_branch_labels.py
[2025-11-10T23:52:11.153+0000] {processor.py:925} INFO - DAG(s) 'example_branch_labels' retrieved from /home/airflow/.local/lib/python3.12/site-packages/airflow/example_dags/example_branch_labels.py
[2025-11-10T23:52:11.167+0000] {logging_mixin.py:190} INFO - [2025-11-10T23:52:11.167+0000] {dag.py:3239} INFO - Sync 1 DAGs
[2025-11-10T23:52:11.182+0000] {logging_mixin.py:190} INFO - [2025-11-10T23:52:11.182+0000] {dag.py:4180} INFO - Setting next_dagrun for example_branch_labels to 2025-11-09 00:00:00+00:00, run_after=2025-11-10 00:00:00+00:00
[2025-11-10T23:52:11.195+0000] {processor.py:208} INFO - Processing /home/airflow/.local/lib/python3.12/site-packages/airflow/example_dags/example_branch_labels.py took 0.058 seconds
[2025-11-10T23:52:42.037+0000] {processor.py:186} INFO - Started process (PID=1322) to work on /home/airflow/.local/lib/python3.12/site-packages/airflow/example_dags/example_branch_labels.py
[2025-11-10T23:52:42.038+0000] {processor.py:914} INFO - Processing file /home/airflow/.local/lib/python3.12/site-packages/airflow/example_dags/example_branch_labels.py for tasks to queue
[2025-11-10T23:52:42.039+0000] {logging_mixin.py:190} INFO - [2025-11-10T23:52:42.039+0000] {dagbag.py:588} INFO - Filling up the DagBag from /home/airflow/.local/lib/python3.12/site-packages/airflow/example_dags/example_branch_labels.py
[2025-11-10T23:52:42.045+0000] {processor.py:925} INFO - DAG(s) 'example_branch_labels' retrieved from /home/airflow/.local/lib/python3.12/site-packages/airflow/example_dags/example_branch_labels.py
[2025-11-10T23:52:42.056+0000] {logging_mixin.py:190} INFO - [2025-11-10T23:52:42.056+0000] {dag.py:3239} INFO - Sync 1 DAGs
[2025-11-10T23:52:42.070+0000] {logging_mixin.py:190} INFO - [2025-11-10T23:52:42.070+0000] {dag.py:4180} INFO - Setting next_dagrun for example_branch_labels to 2025-11-09 00:00:00+00:00, run_after=2025-11-10 00:00:00+00:00
[2025-11-10T23:52:42.080+0000] {processor.py:208} INFO - Processing /home/airflow/.local/lib/python3.12/site-packages/airflow/example_dags/example_branch_labels.py took 0.046 seconds
[2025-11-10T23:53:13.661+0000] {processor.py:186} INFO - Started process (PID=1394) to work on /home/airflow/.local/lib/python3.12/site-packages/airflow/example_dags/example_branch_labels.py
[2025-11-10T23:53:13.662+0000] {processor.py:914} INFO - Processing file /home/airflow/.local/lib/python3.12/site-packages/airflow/example_dags/example_branch_labels.py for tasks to queue
[2025-11-10T23:53:13.663+0000] {logging_mixin.py:190} INFO - [2025-11-10T23:53:13.663+0000] {dagbag.py:588} INFO - Filling up the DagBag from /home/airflow/.local/lib/python3.12/site-packages/airflow/example_dags/example_branch_labels.py
[2025-11-10T23:53:13.669+0000] {processor.py:925} INFO - DAG(s) 'example_branch_labels' retrieved from /home/airflow/.local/lib/python3.12/site-packages/airflow/example_dags/example_branch_labels.py
[2025-11-10T23:53:13.680+0000] {logging_mixin.py:190} INFO - [2025-11-10T23:53:13.680+0000] {dag.py:3239} INFO - Sync 1 DAGs
[2025-11-10T23:53:13.693+0000] {logging_mixin.py:190} INFO - [2025-11-10T23:53:13.693+0000] {dag.py:4180} INFO - Setting next_dagrun for example_branch_labels to 2025-11-09 00:00:00+00:00, run_after=2025-11-10 00:00:00+00:00
[2025-11-10T23:53:13.704+0000] {processor.py:208} INFO - Processing /home/airflow/.local/lib/python3.12/site-packages/airflow/example_dags/example_branch_labels.py took 0.047 seconds
[2025-11-10T23:53:44.222+0000] {processor.py:186} INFO - Started process (PID=1459) to work on /home/airflow/.local/lib/python3.12/site-packages/airflow/example_dags/example_branch_labels.py
[2025-11-10T23:53:44.222+0000] {processor.py:914} INFO - Processing file /home/airflow/.local/lib/python3.12/site-packages/airflow/example_dags/example_branch_labels.py for tasks to queue
[2025-11-10T23:53:44.224+0000] {logging_mixin.py:190} INFO - [2025-11-10T23:53:44.224+0000] {dagbag.py:588} INFO - Filling up the DagBag from /home/airflow/.local/lib/python3.12/site-packages/airflow/example_dags/example_branch_labels.py
[2025-11-10T23:53:44.230+0000] {processor.py:925} INFO - DAG(s) 'example_branch_labels' retrieved from /home/airflow/.local/lib/python3.12/site-packages/airflow/example_dags/example_branch_labels.py
[2025-11-10T23:53:44.242+0000] {logging_mixin.py:190} INFO - [2025-11-10T23:53:44.242+0000] {dag.py:3239} INFO - Sync 1 DAGs
[2025-11-10T23:53:44.256+0000] {logging_mixin.py:190} INFO - [2025-11-10T23:53:44.256+0000] {dag.py:4180} INFO - Setting next_dagrun for example_branch_labels to 2025-11-09 00:00:00+00:00, run_after=2025-11-10 00:00:00+00:00
[2025-11-10T23:53:44.267+0000] {processor.py:208} INFO - Processing /home/airflow/.local/lib/python3.12/site-packages/airflow/example_dags/example_branch_labels.py took 0.050 seconds
[2025-11-10T23:54:15.412+0000] {processor.py:186} INFO - Started process (PID=1526) to work on /home/airflow/.local/lib/python3.12/site-packages/airflow/example_dags/example_branch_labels.py
[2025-11-10T23:54:15.413+0000] {processor.py:914} INFO - Processing file /home/airflow/.local/lib/python3.12/site-packages/airflow/example_dags/example_branch_labels.py for tasks to queue
[2025-11-10T23:54:15.413+0000] {logging_mixin.py:190} INFO - [2025-11-10T23:54:15.413+0000] {dagbag.py:588} INFO - Filling up the DagBag from /home/airflow/.local/lib/python3.12/site-packages/airflow/example_dags/example_branch_labels.py
[2025-11-10T23:54:15.425+0000] {processor.py:925} INFO - DAG(s) 'example_branch_labels' retrieved from /home/airflow/.local/lib/python3.12/site-packages/airflow/example_dags/example_branch_labels.py
[2025-11-10T23:54:15.442+0000] {logging_mixin.py:190} INFO - [2025-11-10T23:54:15.442+0000] {dag.py:3239} INFO - Sync 1 DAGs
[2025-11-10T23:54:15.465+0000] {logging_mixin.py:190} INFO - [2025-11-10T23:54:15.464+0000] {dag.py:4180} INFO - Setting next_dagrun for example_branch_labels to 2025-11-09 00:00:00+00:00, run_after=2025-11-10 00:00:00+00:00
[2025-11-10T23:54:15.486+0000] {processor.py:208} INFO - Processing /home/airflow/.local/lib/python3.12/site-packages/airflow/example_dags/example_branch_labels.py took 0.078 seconds
[2025-11-10T23:54:45.656+0000] {processor.py:186} INFO - Started process (PID=1590) to work on /home/airflow/.local/lib/python3.12/site-packages/airflow/example_dags/example_branch_labels.py
[2025-11-10T23:54:45.656+0000] {processor.py:914} INFO - Processing file /home/airflow/.local/lib/python3.12/site-packages/airflow/example_dags/example_branch_labels.py for tasks to queue
[2025-11-10T23:54:45.657+0000] {logging_mixin.py:190} INFO - [2025-11-10T23:54:45.657+0000] {dagbag.py:588} INFO - Filling up the DagBag from /home/airflow/.local/lib/python3.12/site-packages/airflow/example_dags/example_branch_labels.py
[2025-11-10T23:54:45.663+0000] {processor.py:925} INFO - DAG(s) 'example_branch_labels' retrieved from /home/airflow/.local/lib/python3.12/site-packages/airflow/example_dags/example_branch_labels.py
[2025-11-10T23:54:45.676+0000] {logging_mixin.py:190} INFO - [2025-11-10T23:54:45.675+0000] {dag.py:3239} INFO - Sync 1 DAGs
[2025-11-10T23:54:45.690+0000] {logging_mixin.py:190} INFO - [2025-11-10T23:54:45.690+0000] {dag.py:4180} INFO - Setting next_dagrun for example_branch_labels to 2025-11-09 00:00:00+00:00, run_after=2025-11-10 00:00:00+00:00
[2025-11-10T23:54:45.700+0000] {processor.py:208} INFO - Processing /home/airflow/.local/lib/python3.12/site-packages/airflow/example_dags/example_branch_labels.py took 0.049 seconds
[2025-11-10T23:55:16.237+0000] {processor.py:186} INFO - Started process (PID=1654) to work on /home/airflow/.local/lib/python3.12/site-packages/airflow/example_dags/example_branch_labels.py
[2025-11-10T23:55:16.238+0000] {processor.py:914} INFO - Processing file /home/airflow/.local/lib/python3.12/site-packages/airflow/example_dags/example_branch_labels.py for tasks to queue
[2025-11-10T23:55:16.238+0000] {logging_mixin.py:190} INFO - [2025-11-10T23:55:16.238+0000] {dagbag.py:588} INFO - Filling up the DagBag from /home/airflow/.local/lib/python3.12/site-packages/airflow/example_dags/example_branch_labels.py
[2025-11-10T23:55:16.245+0000] {processor.py:925} INFO - DAG(s) 'example_branch_labels' retrieved from /home/airflow/.local/lib/python3.12/site-packages/airflow/example_dags/example_branch_labels.py
[2025-11-10T23:55:16.258+0000] {logging_mixin.py:190} INFO - [2025-11-10T23:55:16.258+0000] {dag.py:3239} INFO - Sync 1 DAGs
[2025-11-10T23:55:16.275+0000] {logging_mixin.py:190} INFO - [2025-11-10T23:55:16.274+0000] {dag.py:4180} INFO - Setting next_dagrun for example_branch_labels to 2025-11-09 00:00:00+00:00, run_after=2025-11-10 00:00:00+00:00
[2025-11-10T23:55:16.291+0000] {processor.py:208} INFO - Processing /home/airflow/.local/lib/python3.12/site-packages/airflow/example_dags/example_branch_labels.py took 0.058 seconds
[2025-11-10T23:55:46.596+0000] {processor.py:186} INFO - Started process (PID=1718) to work on /home/airflow/.local/lib/python3.12/site-packages/airflow/example_dags/example_branch_labels.py
[2025-11-10T23:55:46.598+0000] {processor.py:914} INFO - Processing file /home/airflow/.local/lib/python3.12/site-packages/airflow/example_dags/example_branch_labels.py for tasks to queue
[2025-11-10T23:55:46.599+0000] {logging_mixin.py:190} INFO - [2025-11-10T23:55:46.599+0000] {dagbag.py:588} INFO - Filling up the DagBag from /home/airflow/.local/lib/python3.12/site-packages/airflow/example_dags/example_branch_labels.py
[2025-11-10T23:55:46.605+0000] {processor.py:925} INFO - DAG(s) 'example_branch_labels' retrieved from /home/airflow/.local/lib/python3.12/site-packages/airflow/example_dags/example_branch_labels.py
[2025-11-10T23:55:46.619+0000] {logging_mixin.py:190} INFO - [2025-11-10T23:55:46.619+0000] {dag.py:3239} INFO - Sync 1 DAGs
[2025-11-10T23:55:46.633+0000] {logging_mixin.py:190} INFO - [2025-11-10T23:55:46.633+0000] {dag.py:4180} INFO - Setting next_dagrun for example_branch_labels to 2025-11-09 00:00:00+00:00, run_after=2025-11-10 00:00:00+00:00
[2025-11-10T23:55:46.645+0000] {processor.py:208} INFO - Processing /home/airflow/.local/lib/python3.12/site-packages/airflow/example_dags/example_branch_labels.py took 0.054 seconds
[2025-11-10T23:56:18.287+0000] {processor.py:186} INFO - Started process (PID=1783) to work on /home/airflow/.local/lib/python3.12/site-packages/airflow/example_dags/example_branch_labels.py
[2025-11-10T23:56:18.287+0000] {processor.py:914} INFO - Processing file /home/airflow/.local/lib/python3.12/site-packages/airflow/example_dags/example_branch_labels.py for tasks to queue
[2025-11-10T23:56:18.288+0000] {logging_mixin.py:190} INFO - [2025-11-10T23:56:18.288+0000] {dagbag.py:588} INFO - Filling up the DagBag from /home/airflow/.local/lib/python3.12/site-packages/airflow/example_dags/example_branch_labels.py
[2025-11-10T23:56:18.293+0000] {processor.py:925} INFO - DAG(s) 'example_branch_labels' retrieved from /home/airflow/.local/lib/python3.12/site-packages/airflow/example_dags/example_branch_labels.py
[2025-11-10T23:56:18.308+0000] {logging_mixin.py:190} INFO - [2025-11-10T23:56:18.308+0000] {dag.py:3239} INFO - Sync 1 DAGs
[2025-11-10T23:56:18.324+0000] {logging_mixin.py:190} INFO - [2025-11-10T23:56:18.323+0000] {dag.py:4180} INFO - Setting next_dagrun for example_branch_labels to 2025-11-09 00:00:00+00:00, run_after=2025-11-10 00:00:00+00:00
[2025-11-10T23:56:18.333+0000] {processor.py:208} INFO - Processing /home/airflow/.local/lib/python3.12/site-packages/airflow/example_dags/example_branch_labels.py took 0.050 seconds
[2025-11-10T23:56:49.528+0000] {processor.py:186} INFO - Started process (PID=1847) to work on /home/airflow/.local/lib/python3.12/site-packages/airflow/example_dags/example_branch_labels.py
[2025-11-10T23:56:49.529+0000] {processor.py:914} INFO - Processing file /home/airflow/.local/lib/python3.12/site-packages/airflow/example_dags/example_branch_labels.py for tasks to queue
[2025-11-10T23:56:49.530+0000] {logging_mixin.py:190} INFO - [2025-11-10T23:56:49.529+0000] {dagbag.py:588} INFO - Filling up the DagBag from /home/airflow/.local/lib/python3.12/site-packages/airflow/example_dags/example_branch_labels.py
[2025-11-10T23:56:49.535+0000] {processor.py:925} INFO - DAG(s) 'example_branch_labels' retrieved from /home/airflow/.local/lib/python3.12/site-packages/airflow/example_dags/example_branch_labels.py
[2025-11-10T23:56:49.551+0000] {logging_mixin.py:190} INFO - [2025-11-10T23:56:49.551+0000] {dag.py:3239} INFO - Sync 1 DAGs
[2025-11-10T23:56:49.565+0000] {logging_mixin.py:190} INFO - [2025-11-10T23:56:49.565+0000] {dag.py:4180} INFO - Setting next_dagrun for example_branch_labels to 2025-11-09 00:00:00+00:00, run_after=2025-11-10 00:00:00+00:00
[2025-11-10T23:56:49.577+0000] {processor.py:208} INFO - Processing /home/airflow/.local/lib/python3.12/site-packages/airflow/example_dags/example_branch_labels.py took 0.052 seconds
[2025-11-10T23:57:20.911+0000] {processor.py:186} INFO - Started process (PID=1911) to work on /home/airflow/.local/lib/python3.12/site-packages/airflow/example_dags/example_branch_labels.py
[2025-11-10T23:57:20.911+0000] {processor.py:914} INFO - Processing file /home/airflow/.local/lib/python3.12/site-packages/airflow/example_dags/example_branch_labels.py for tasks to queue
[2025-11-10T23:57:20.912+0000] {logging_mixin.py:190} INFO - [2025-11-10T23:57:20.912+0000] {dagbag.py:588} INFO - Filling up the DagBag from /home/airflow/.local/lib/python3.12/site-packages/airflow/example_dags/example_branch_labels.py
[2025-11-10T23:57:20.918+0000] {processor.py:925} INFO - DAG(s) 'example_branch_labels' retrieved from /home/airflow/.local/lib/python3.12/site-packages/airflow/example_dags/example_branch_labels.py
[2025-11-10T23:57:20.930+0000] {logging_mixin.py:190} INFO - [2025-11-10T23:57:20.930+0000] {dag.py:3239} INFO - Sync 1 DAGs
[2025-11-10T23:57:20.944+0000] {logging_mixin.py:190} INFO - [2025-11-10T23:57:20.944+0000] {dag.py:4180} INFO - Setting next_dagrun for example_branch_labels to 2025-11-09 00:00:00+00:00, run_after=2025-11-10 00:00:00+00:00
[2025-11-10T23:57:20.955+0000] {processor.py:208} INFO - Processing /home/airflow/.local/lib/python3.12/site-packages/airflow/example_dags/example_branch_labels.py took 0.048 seconds
[2025-11-10T23:57:52.140+0000] {processor.py:186} INFO - Started process (PID=1975) to work on /home/airflow/.local/lib/python3.12/site-packages/airflow/example_dags/example_branch_labels.py
[2025-11-10T23:57:52.140+0000] {processor.py:914} INFO - Processing file /home/airflow/.local/lib/python3.12/site-packages/airflow/example_dags/example_branch_labels.py for tasks to queue
[2025-11-10T23:57:52.141+0000] {logging_mixin.py:190} INFO - [2025-11-10T23:57:52.141+0000] {dagbag.py:588} INFO - Filling up the DagBag from /home/airflow/.local/lib/python3.12/site-packages/airflow/example_dags/example_branch_labels.py
[2025-11-10T23:57:52.148+0000] {processor.py:925} INFO - DAG(s) 'example_branch_labels' retrieved from /home/airflow/.local/lib/python3.12/site-packages/airflow/example_dags/example_branch_labels.py
[2025-11-10T23:57:52.163+0000] {logging_mixin.py:190} INFO - [2025-11-10T23:57:52.163+0000] {dag.py:3239} INFO - Sync 1 DAGs
[2025-11-10T23:57:52.177+0000] {logging_mixin.py:190} INFO - [2025-11-10T23:57:52.177+0000] {dag.py:4180} INFO - Setting next_dagrun for example_branch_labels to 2025-11-09 00:00:00+00:00, run_after=2025-11-10 00:00:00+00:00
[2025-11-10T23:57:52.189+0000] {processor.py:208} INFO - Processing /home/airflow/.local/lib/python3.12/site-packages/airflow/example_dags/example_branch_labels.py took 0.053 seconds
[2025-11-10T23:58:23.339+0000] {processor.py:186} INFO - Started process (PID=2039) to work on /home/airflow/.local/lib/python3.12/site-packages/airflow/example_dags/example_branch_labels.py
[2025-11-10T23:58:23.339+0000] {processor.py:914} INFO - Processing file /home/airflow/.local/lib/python3.12/site-packages/airflow/example_dags/example_branch_labels.py for tasks to queue
[2025-11-10T23:58:23.340+0000] {logging_mixin.py:190} INFO - [2025-11-10T23:58:23.339+0000] {dagbag.py:588} INFO - Filling up the DagBag from /home/airflow/.local/lib/python3.12/site-packages/airflow/example_dags/example_branch_labels.py
[2025-11-10T23:58:23.346+0000] {processor.py:925} INFO - DAG(s) 'example_branch_labels' retrieved from /home/airflow/.local/lib/python3.12/site-packages/airflow/example_dags/example_branch_labels.py
[2025-11-10T23:58:23.359+0000] {logging_mixin.py:190} INFO - [2025-11-10T23:58:23.358+0000] {dag.py:3239} INFO - Sync 1 DAGs
[2025-11-10T23:58:23.373+0000] {logging_mixin.py:190} INFO - [2025-11-10T23:58:23.373+0000] {dag.py:4180} INFO - Setting next_dagrun for example_branch_labels to 2025-11-09 00:00:00+00:00, run_after=2025-11-10 00:00:00+00:00
[2025-11-10T23:58:23.384+0000] {processor.py:208} INFO - Processing /home/airflow/.local/lib/python3.12/site-packages/airflow/example_dags/example_branch_labels.py took 0.049 seconds
[2025-11-10T23:58:54.469+0000] {processor.py:186} INFO - Started process (PID=2103) to work on /home/airflow/.local/lib/python3.12/site-packages/airflow/example_dags/example_branch_labels.py
[2025-11-10T23:58:54.470+0000] {processor.py:914} INFO - Processing file /home/airflow/.local/lib/python3.12/site-packages/airflow/example_dags/example_branch_labels.py for tasks to queue
[2025-11-10T23:58:54.470+0000] {logging_mixin.py:190} INFO - [2025-11-10T23:58:54.470+0000] {dagbag.py:588} INFO - Filling up the DagBag from /home/airflow/.local/lib/python3.12/site-packages/airflow/example_dags/example_branch_labels.py
[2025-11-10T23:58:54.476+0000] {processor.py:925} INFO - DAG(s) 'example_branch_labels' retrieved from /home/airflow/.local/lib/python3.12/site-packages/airflow/example_dags/example_branch_labels.py
[2025-11-10T23:58:54.488+0000] {logging_mixin.py:190} INFO - [2025-11-10T23:58:54.488+0000] {dag.py:3239} INFO - Sync 1 DAGs
[2025-11-10T23:58:54.502+0000] {logging_mixin.py:190} INFO - [2025-11-10T23:58:54.501+0000] {dag.py:4180} INFO - Setting next_dagrun for example_branch_labels to 2025-11-09 00:00:00+00:00, run_after=2025-11-10 00:00:00+00:00
[2025-11-10T23:58:54.510+0000] {processor.py:208} INFO - Processing /home/airflow/.local/lib/python3.12/site-packages/airflow/example_dags/example_branch_labels.py took 0.045 seconds
[2025-11-10T23:59:25.151+0000] {processor.py:186} INFO - Started process (PID=2167) to work on /home/airflow/.local/lib/python3.12/site-packages/airflow/example_dags/example_branch_labels.py
[2025-11-10T23:59:25.152+0000] {processor.py:914} INFO - Processing file /home/airflow/.local/lib/python3.12/site-packages/airflow/example_dags/example_branch_labels.py for tasks to queue
[2025-11-10T23:59:25.152+0000] {logging_mixin.py:190} INFO - [2025-11-10T23:59:25.152+0000] {dagbag.py:588} INFO - Filling up the DagBag from /home/airflow/.local/lib/python3.12/site-packages/airflow/example_dags/example_branch_labels.py
[2025-11-10T23:59:25.159+0000] {processor.py:925} INFO - DAG(s) 'example_branch_labels' retrieved from /home/airflow/.local/lib/python3.12/site-packages/airflow/example_dags/example_branch_labels.py
[2025-11-10T23:59:25.170+0000] {logging_mixin.py:190} INFO - [2025-11-10T23:59:25.170+0000] {dag.py:3239} INFO - Sync 1 DAGs
[2025-11-10T23:59:25.182+0000] {logging_mixin.py:190} INFO - [2025-11-10T23:59:25.182+0000] {dag.py:4180} INFO - Setting next_dagrun for example_branch_labels to 2025-11-09 00:00:00+00:00, run_after=2025-11-10 00:00:00+00:00
[2025-11-10T23:59:25.194+0000] {processor.py:208} INFO - Processing /home/airflow/.local/lib/python3.12/site-packages/airflow/example_dags/example_branch_labels.py took 0.047 seconds
[2025-11-10T23:59:56.256+0000] {processor.py:186} INFO - Started process (PID=2232) to work on /home/airflow/.local/lib/python3.12/site-packages/airflow/example_dags/example_branch_labels.py
[2025-11-10T23:59:56.257+0000] {processor.py:914} INFO - Processing file /home/airflow/.local/lib/python3.12/site-packages/airflow/example_dags/example_branch_labels.py for tasks to queue
[2025-11-10T23:59:56.257+0000] {logging_mixin.py:190} INFO - [2025-11-10T23:59:56.257+0000] {dagbag.py:588} INFO - Filling up the DagBag from /home/airflow/.local/lib/python3.12/site-packages/airflow/example_dags/example_branch_labels.py
[2025-11-10T23:59:56.263+0000] {processor.py:925} INFO - DAG(s) 'example_branch_labels' retrieved from /home/airflow/.local/lib/python3.12/site-packages/airflow/example_dags/example_branch_labels.py
[2025-11-10T23:59:56.275+0000] {logging_mixin.py:190} INFO - [2025-11-10T23:59:56.274+0000] {dag.py:3239} INFO - Sync 1 DAGs
[2025-11-10T23:59:56.289+0000] {logging_mixin.py:190} INFO - [2025-11-10T23:59:56.289+0000] {dag.py:4180} INFO - Setting next_dagrun for example_branch_labels to 2025-11-09 00:00:00+00:00, run_after=2025-11-10 00:00:00+00:00
[2025-11-10T23:59:56.298+0000] {processor.py:208} INFO - Processing /home/airflow/.local/lib/python3.12/site-packages/airflow/example_dags/example_branch_labels.py took 0.046 seconds
