[2025-11-10T23:41:40.202+0000] {processor.py:186} INFO - Started process (PID=83) to work on /home/airflow/.local/lib/python3.12/site-packages/airflow/example_dags/example_branch_day_of_week_operator.py
[2025-11-10T23:41:40.202+0000] {processor.py:914} INFO - Processing file /home/airflow/.local/lib/python3.12/site-packages/airflow/example_dags/example_branch_day_of_week_operator.py for tasks to queue
[2025-11-10T23:41:40.204+0000] {logging_mixin.py:190} INFO - [2025-11-10T23:41:40.203+0000] {dagbag.py:588} INFO - Filling up the DagBag from /home/airflow/.local/lib/python3.12/site-packages/airflow/example_dags/example_branch_day_of_week_operator.py
[2025-11-10T23:41:40.209+0000] {processor.py:925} INFO - DAG(s) 'example_weekday_branch_operator' retrieved from /home/airflow/.local/lib/python3.12/site-packages/airflow/example_dags/example_branch_day_of_week_operator.py
[2025-11-10T23:41:40.225+0000] {logging_mixin.py:190} INFO - [2025-11-10T23:41:40.225+0000] {dag.py:3239} INFO - Sync 1 DAGs
[2025-11-10T23:41:40.241+0000] {logging_mixin.py:190} INFO - [2025-11-10T23:41:40.241+0000] {dag.py:4180} INFO - Setting next_dagrun for example_weekday_branch_operator to 2025-11-09 00:00:00+00:00, run_after=2025-11-10 00:00:00+00:00
[2025-11-10T23:41:40.251+0000] {processor.py:208} INFO - Processing /home/airflow/.local/lib/python3.12/site-packages/airflow/example_dags/example_branch_day_of_week_operator.py took 0.052 seconds
[2025-11-10T23:42:41.670+0000] {processor.py:186} INFO - Started process (PID=58) to work on /home/airflow/.local/lib/python3.12/site-packages/airflow/example_dags/example_branch_day_of_week_operator.py
[2025-11-10T23:42:41.671+0000] {processor.py:914} INFO - Processing file /home/airflow/.local/lib/python3.12/site-packages/airflow/example_dags/example_branch_day_of_week_operator.py for tasks to queue
[2025-11-10T23:42:41.672+0000] {logging_mixin.py:190} INFO - [2025-11-10T23:42:41.672+0000] {dagbag.py:588} INFO - Filling up the DagBag from /home/airflow/.local/lib/python3.12/site-packages/airflow/example_dags/example_branch_day_of_week_operator.py
[2025-11-10T23:42:41.685+0000] {processor.py:925} INFO - DAG(s) 'example_weekday_branch_operator' retrieved from /home/airflow/.local/lib/python3.12/site-packages/airflow/example_dags/example_branch_day_of_week_operator.py
[2025-11-10T23:42:41.702+0000] {logging_mixin.py:190} INFO - [2025-11-10T23:42:41.702+0000] {dag.py:3239} INFO - Sync 1 DAGs
[2025-11-10T23:42:41.737+0000] {logging_mixin.py:190} INFO - [2025-11-10T23:42:41.737+0000] {dag.py:4180} INFO - Setting next_dagrun for example_weekday_branch_operator to 2025-11-09 00:00:00+00:00, run_after=2025-11-10 00:00:00+00:00
[2025-11-10T23:42:42.405+0000] {processor.py:208} INFO - Processing /home/airflow/.local/lib/python3.12/site-packages/airflow/example_dags/example_branch_day_of_week_operator.py took 0.740 seconds
[2025-11-10T23:43:13.618+0000] {processor.py:186} INFO - Started process (PID=121) to work on /home/airflow/.local/lib/python3.12/site-packages/airflow/example_dags/example_branch_day_of_week_operator.py
[2025-11-10T23:43:13.639+0000] {processor.py:914} INFO - Processing file /home/airflow/.local/lib/python3.12/site-packages/airflow/example_dags/example_branch_day_of_week_operator.py for tasks to queue
[2025-11-10T23:43:13.643+0000] {logging_mixin.py:190} INFO - [2025-11-10T23:43:13.643+0000] {dagbag.py:588} INFO - Filling up the DagBag from /home/airflow/.local/lib/python3.12/site-packages/airflow/example_dags/example_branch_day_of_week_operator.py
[2025-11-10T23:43:13.689+0000] {processor.py:925} INFO - DAG(s) 'example_weekday_branch_operator' retrieved from /home/airflow/.local/lib/python3.12/site-packages/airflow/example_dags/example_branch_day_of_week_operator.py
[2025-11-10T23:43:13.716+0000] {logging_mixin.py:190} INFO - [2025-11-10T23:43:13.715+0000] {dag.py:3239} INFO - Sync 1 DAGs
[2025-11-10T23:43:13.742+0000] {logging_mixin.py:190} INFO - [2025-11-10T23:43:13.742+0000] {dag.py:4180} INFO - Setting next_dagrun for example_weekday_branch_operator to 2025-11-09 00:00:00+00:00, run_after=2025-11-10 00:00:00+00:00
[2025-11-10T23:43:13.932+0000] {processor.py:208} INFO - Processing /home/airflow/.local/lib/python3.12/site-packages/airflow/example_dags/example_branch_day_of_week_operator.py took 0.320 seconds
[2025-11-10T23:43:44.075+0000] {processor.py:186} INFO - Started process (PID=184) to work on /home/airflow/.local/lib/python3.12/site-packages/airflow/example_dags/example_branch_day_of_week_operator.py
[2025-11-10T23:43:44.075+0000] {processor.py:914} INFO - Processing file /home/airflow/.local/lib/python3.12/site-packages/airflow/example_dags/example_branch_day_of_week_operator.py for tasks to queue
[2025-11-10T23:43:44.076+0000] {logging_mixin.py:190} INFO - [2025-11-10T23:43:44.076+0000] {dagbag.py:588} INFO - Filling up the DagBag from /home/airflow/.local/lib/python3.12/site-packages/airflow/example_dags/example_branch_day_of_week_operator.py
[2025-11-10T23:43:44.082+0000] {processor.py:925} INFO - DAG(s) 'example_weekday_branch_operator' retrieved from /home/airflow/.local/lib/python3.12/site-packages/airflow/example_dags/example_branch_day_of_week_operator.py
[2025-11-10T23:43:44.099+0000] {logging_mixin.py:190} INFO - [2025-11-10T23:43:44.098+0000] {dag.py:3239} INFO - Sync 1 DAGs
[2025-11-10T23:43:44.115+0000] {logging_mixin.py:190} INFO - [2025-11-10T23:43:44.115+0000] {dag.py:4180} INFO - Setting next_dagrun for example_weekday_branch_operator to 2025-11-09 00:00:00+00:00, run_after=2025-11-10 00:00:00+00:00
[2025-11-10T23:43:44.168+0000] {processor.py:208} INFO - Processing /home/airflow/.local/lib/python3.12/site-packages/airflow/example_dags/example_branch_day_of_week_operator.py took 0.097 seconds
[2025-11-10T23:44:14.818+0000] {processor.py:186} INFO - Started process (PID=248) to work on /home/airflow/.local/lib/python3.12/site-packages/airflow/example_dags/example_branch_day_of_week_operator.py
[2025-11-10T23:44:14.819+0000] {processor.py:914} INFO - Processing file /home/airflow/.local/lib/python3.12/site-packages/airflow/example_dags/example_branch_day_of_week_operator.py for tasks to queue
[2025-11-10T23:44:14.820+0000] {logging_mixin.py:190} INFO - [2025-11-10T23:44:14.820+0000] {dagbag.py:588} INFO - Filling up the DagBag from /home/airflow/.local/lib/python3.12/site-packages/airflow/example_dags/example_branch_day_of_week_operator.py
[2025-11-10T23:44:14.825+0000] {processor.py:925} INFO - DAG(s) 'example_weekday_branch_operator' retrieved from /home/airflow/.local/lib/python3.12/site-packages/airflow/example_dags/example_branch_day_of_week_operator.py
[2025-11-10T23:44:14.841+0000] {logging_mixin.py:190} INFO - [2025-11-10T23:44:14.841+0000] {dag.py:3239} INFO - Sync 1 DAGs
[2025-11-10T23:44:14.854+0000] {logging_mixin.py:190} INFO - [2025-11-10T23:44:14.854+0000] {dag.py:4180} INFO - Setting next_dagrun for example_weekday_branch_operator to 2025-11-09 00:00:00+00:00, run_after=2025-11-10 00:00:00+00:00
[2025-11-10T23:44:14.872+0000] {processor.py:208} INFO - Processing /home/airflow/.local/lib/python3.12/site-packages/airflow/example_dags/example_branch_day_of_week_operator.py took 0.057 seconds
[2025-11-10T23:44:45.254+0000] {processor.py:186} INFO - Started process (PID=312) to work on /home/airflow/.local/lib/python3.12/site-packages/airflow/example_dags/example_branch_day_of_week_operator.py
[2025-11-10T23:44:45.255+0000] {processor.py:914} INFO - Processing file /home/airflow/.local/lib/python3.12/site-packages/airflow/example_dags/example_branch_day_of_week_operator.py for tasks to queue
[2025-11-10T23:44:45.256+0000] {logging_mixin.py:190} INFO - [2025-11-10T23:44:45.256+0000] {dagbag.py:588} INFO - Filling up the DagBag from /home/airflow/.local/lib/python3.12/site-packages/airflow/example_dags/example_branch_day_of_week_operator.py
[2025-11-10T23:44:45.262+0000] {processor.py:925} INFO - DAG(s) 'example_weekday_branch_operator' retrieved from /home/airflow/.local/lib/python3.12/site-packages/airflow/example_dags/example_branch_day_of_week_operator.py
[2025-11-10T23:44:45.276+0000] {logging_mixin.py:190} INFO - [2025-11-10T23:44:45.276+0000] {dag.py:3239} INFO - Sync 1 DAGs
[2025-11-10T23:44:45.290+0000] {logging_mixin.py:190} INFO - [2025-11-10T23:44:45.290+0000] {dag.py:4180} INFO - Setting next_dagrun for example_weekday_branch_operator to 2025-11-09 00:00:00+00:00, run_after=2025-11-10 00:00:00+00:00
[2025-11-10T23:44:45.301+0000] {processor.py:208} INFO - Processing /home/airflow/.local/lib/python3.12/site-packages/airflow/example_dags/example_branch_day_of_week_operator.py took 0.050 seconds
[2025-11-10T23:45:16.017+0000] {processor.py:186} INFO - Started process (PID=376) to work on /home/airflow/.local/lib/python3.12/site-packages/airflow/example_dags/example_branch_day_of_week_operator.py
[2025-11-10T23:45:16.018+0000] {processor.py:914} INFO - Processing file /home/airflow/.local/lib/python3.12/site-packages/airflow/example_dags/example_branch_day_of_week_operator.py for tasks to queue
[2025-11-10T23:45:16.019+0000] {logging_mixin.py:190} INFO - [2025-11-10T23:45:16.019+0000] {dagbag.py:588} INFO - Filling up the DagBag from /home/airflow/.local/lib/python3.12/site-packages/airflow/example_dags/example_branch_day_of_week_operator.py
[2025-11-10T23:45:16.026+0000] {processor.py:925} INFO - DAG(s) 'example_weekday_branch_operator' retrieved from /home/airflow/.local/lib/python3.12/site-packages/airflow/example_dags/example_branch_day_of_week_operator.py
[2025-11-10T23:45:16.044+0000] {logging_mixin.py:190} INFO - [2025-11-10T23:45:16.044+0000] {dag.py:3239} INFO - Sync 1 DAGs
[2025-11-10T23:45:16.061+0000] {logging_mixin.py:190} INFO - [2025-11-10T23:45:16.061+0000] {dag.py:4180} INFO - Setting next_dagrun for example_weekday_branch_operator to 2025-11-09 00:00:00+00:00, run_after=2025-11-10 00:00:00+00:00
[2025-11-10T23:45:16.073+0000] {processor.py:208} INFO - Processing /home/airflow/.local/lib/python3.12/site-packages/airflow/example_dags/example_branch_day_of_week_operator.py took 0.061 seconds
[2025-11-10T23:45:58.014+0000] {processor.py:186} INFO - Started process (PID=442) to work on /home/airflow/.local/lib/python3.12/site-packages/airflow/example_dags/example_branch_day_of_week_operator.py
[2025-11-10T23:45:58.018+0000] {processor.py:914} INFO - Processing file /home/airflow/.local/lib/python3.12/site-packages/airflow/example_dags/example_branch_day_of_week_operator.py for tasks to queue
[2025-11-10T23:45:58.020+0000] {logging_mixin.py:190} INFO - [2025-11-10T23:45:58.020+0000] {dagbag.py:588} INFO - Filling up the DagBag from /home/airflow/.local/lib/python3.12/site-packages/airflow/example_dags/example_branch_day_of_week_operator.py
[2025-11-10T23:45:58.030+0000] {processor.py:925} INFO - DAG(s) 'example_weekday_branch_operator' retrieved from /home/airflow/.local/lib/python3.12/site-packages/airflow/example_dags/example_branch_day_of_week_operator.py
[2025-11-10T23:45:58.044+0000] {logging_mixin.py:190} INFO - [2025-11-10T23:45:58.044+0000] {dag.py:3239} INFO - Sync 1 DAGs
[2025-11-10T23:45:58.060+0000] {logging_mixin.py:190} INFO - [2025-11-10T23:45:58.060+0000] {dag.py:4180} INFO - Setting next_dagrun for example_weekday_branch_operator to 2025-11-09 00:00:00+00:00, run_after=2025-11-10 00:00:00+00:00
[2025-11-10T23:45:58.092+0000] {processor.py:208} INFO - Processing /home/airflow/.local/lib/python3.12/site-packages/airflow/example_dags/example_branch_day_of_week_operator.py took 0.083 seconds
[2025-11-10T23:46:28.460+0000] {processor.py:186} INFO - Started process (PID=506) to work on /home/airflow/.local/lib/python3.12/site-packages/airflow/example_dags/example_branch_day_of_week_operator.py
[2025-11-10T23:46:28.460+0000] {processor.py:914} INFO - Processing file /home/airflow/.local/lib/python3.12/site-packages/airflow/example_dags/example_branch_day_of_week_operator.py for tasks to queue
[2025-11-10T23:46:28.462+0000] {logging_mixin.py:190} INFO - [2025-11-10T23:46:28.461+0000] {dagbag.py:588} INFO - Filling up the DagBag from /home/airflow/.local/lib/python3.12/site-packages/airflow/example_dags/example_branch_day_of_week_operator.py
[2025-11-10T23:46:28.467+0000] {processor.py:925} INFO - DAG(s) 'example_weekday_branch_operator' retrieved from /home/airflow/.local/lib/python3.12/site-packages/airflow/example_dags/example_branch_day_of_week_operator.py
[2025-11-10T23:46:28.479+0000] {logging_mixin.py:190} INFO - [2025-11-10T23:46:28.478+0000] {dag.py:3239} INFO - Sync 1 DAGs
[2025-11-10T23:46:28.497+0000] {logging_mixin.py:190} INFO - [2025-11-10T23:46:28.496+0000] {dag.py:4180} INFO - Setting next_dagrun for example_weekday_branch_operator to 2025-11-09 00:00:00+00:00, run_after=2025-11-10 00:00:00+00:00
[2025-11-10T23:46:28.508+0000] {processor.py:208} INFO - Processing /home/airflow/.local/lib/python3.12/site-packages/airflow/example_dags/example_branch_day_of_week_operator.py took 0.053 seconds
[2025-11-10T23:46:59.667+0000] {processor.py:186} INFO - Started process (PID=570) to work on /home/airflow/.local/lib/python3.12/site-packages/airflow/example_dags/example_branch_day_of_week_operator.py
[2025-11-10T23:46:59.668+0000] {processor.py:914} INFO - Processing file /home/airflow/.local/lib/python3.12/site-packages/airflow/example_dags/example_branch_day_of_week_operator.py for tasks to queue
[2025-11-10T23:46:59.669+0000] {logging_mixin.py:190} INFO - [2025-11-10T23:46:59.669+0000] {dagbag.py:588} INFO - Filling up the DagBag from /home/airflow/.local/lib/python3.12/site-packages/airflow/example_dags/example_branch_day_of_week_operator.py
[2025-11-10T23:46:59.675+0000] {processor.py:925} INFO - DAG(s) 'example_weekday_branch_operator' retrieved from /home/airflow/.local/lib/python3.12/site-packages/airflow/example_dags/example_branch_day_of_week_operator.py
[2025-11-10T23:46:59.690+0000] {logging_mixin.py:190} INFO - [2025-11-10T23:46:59.690+0000] {dag.py:3239} INFO - Sync 1 DAGs
[2025-11-10T23:46:59.706+0000] {logging_mixin.py:190} INFO - [2025-11-10T23:46:59.706+0000] {dag.py:4180} INFO - Setting next_dagrun for example_weekday_branch_operator to 2025-11-09 00:00:00+00:00, run_after=2025-11-10 00:00:00+00:00
[2025-11-10T23:46:59.721+0000] {processor.py:208} INFO - Processing /home/airflow/.local/lib/python3.12/site-packages/airflow/example_dags/example_branch_day_of_week_operator.py took 0.058 seconds
[2025-11-10T23:47:30.989+0000] {processor.py:186} INFO - Started process (PID=634) to work on /home/airflow/.local/lib/python3.12/site-packages/airflow/example_dags/example_branch_day_of_week_operator.py
[2025-11-10T23:47:30.990+0000] {processor.py:914} INFO - Processing file /home/airflow/.local/lib/python3.12/site-packages/airflow/example_dags/example_branch_day_of_week_operator.py for tasks to queue
[2025-11-10T23:47:30.991+0000] {logging_mixin.py:190} INFO - [2025-11-10T23:47:30.991+0000] {dagbag.py:588} INFO - Filling up the DagBag from /home/airflow/.local/lib/python3.12/site-packages/airflow/example_dags/example_branch_day_of_week_operator.py
[2025-11-10T23:47:30.997+0000] {processor.py:925} INFO - DAG(s) 'example_weekday_branch_operator' retrieved from /home/airflow/.local/lib/python3.12/site-packages/airflow/example_dags/example_branch_day_of_week_operator.py
[2025-11-10T23:47:31.014+0000] {logging_mixin.py:190} INFO - [2025-11-10T23:47:31.013+0000] {dag.py:3239} INFO - Sync 1 DAGs
[2025-11-10T23:47:31.028+0000] {logging_mixin.py:190} INFO - [2025-11-10T23:47:31.028+0000] {dag.py:4180} INFO - Setting next_dagrun for example_weekday_branch_operator to 2025-11-09 00:00:00+00:00, run_after=2025-11-10 00:00:00+00:00
[2025-11-10T23:47:31.042+0000] {processor.py:208} INFO - Processing /home/airflow/.local/lib/python3.12/site-packages/airflow/example_dags/example_branch_day_of_week_operator.py took 0.056 seconds
[2025-11-10T23:48:02.481+0000] {processor.py:186} INFO - Started process (PID=702) to work on /home/airflow/.local/lib/python3.12/site-packages/airflow/example_dags/example_branch_day_of_week_operator.py
[2025-11-10T23:48:02.482+0000] {processor.py:914} INFO - Processing file /home/airflow/.local/lib/python3.12/site-packages/airflow/example_dags/example_branch_day_of_week_operator.py for tasks to queue
[2025-11-10T23:48:02.483+0000] {logging_mixin.py:190} INFO - [2025-11-10T23:48:02.483+0000] {dagbag.py:588} INFO - Filling up the DagBag from /home/airflow/.local/lib/python3.12/site-packages/airflow/example_dags/example_branch_day_of_week_operator.py
[2025-11-10T23:48:02.489+0000] {processor.py:925} INFO - DAG(s) 'example_weekday_branch_operator' retrieved from /home/airflow/.local/lib/python3.12/site-packages/airflow/example_dags/example_branch_day_of_week_operator.py
[2025-11-10T23:48:02.503+0000] {logging_mixin.py:190} INFO - [2025-11-10T23:48:02.502+0000] {dag.py:3239} INFO - Sync 1 DAGs
[2025-11-10T23:48:02.523+0000] {logging_mixin.py:190} INFO - [2025-11-10T23:48:02.523+0000] {dag.py:4180} INFO - Setting next_dagrun for example_weekday_branch_operator to 2025-11-09 00:00:00+00:00, run_after=2025-11-10 00:00:00+00:00
[2025-11-10T23:48:02.538+0000] {processor.py:208} INFO - Processing /home/airflow/.local/lib/python3.12/site-packages/airflow/example_dags/example_branch_day_of_week_operator.py took 0.062 seconds
[2025-11-10T23:48:33.752+0000] {processor.py:186} INFO - Started process (PID=767) to work on /home/airflow/.local/lib/python3.12/site-packages/airflow/example_dags/example_branch_day_of_week_operator.py
[2025-11-10T23:48:33.752+0000] {processor.py:914} INFO - Processing file /home/airflow/.local/lib/python3.12/site-packages/airflow/example_dags/example_branch_day_of_week_operator.py for tasks to queue
[2025-11-10T23:48:33.754+0000] {logging_mixin.py:190} INFO - [2025-11-10T23:48:33.753+0000] {dagbag.py:588} INFO - Filling up the DagBag from /home/airflow/.local/lib/python3.12/site-packages/airflow/example_dags/example_branch_day_of_week_operator.py
[2025-11-10T23:48:33.759+0000] {processor.py:925} INFO - DAG(s) 'example_weekday_branch_operator' retrieved from /home/airflow/.local/lib/python3.12/site-packages/airflow/example_dags/example_branch_day_of_week_operator.py
[2025-11-10T23:48:33.772+0000] {logging_mixin.py:190} INFO - [2025-11-10T23:48:33.772+0000] {dag.py:3239} INFO - Sync 1 DAGs
[2025-11-10T23:48:33.785+0000] {logging_mixin.py:190} INFO - [2025-11-10T23:48:33.785+0000] {dag.py:4180} INFO - Setting next_dagrun for example_weekday_branch_operator to 2025-11-09 00:00:00+00:00, run_after=2025-11-10 00:00:00+00:00
[2025-11-10T23:48:33.795+0000] {processor.py:208} INFO - Processing /home/airflow/.local/lib/python3.12/site-packages/airflow/example_dags/example_branch_day_of_week_operator.py took 0.049 seconds
[2025-11-10T23:49:04.239+0000] {processor.py:186} INFO - Started process (PID=832) to work on /home/airflow/.local/lib/python3.12/site-packages/airflow/example_dags/example_branch_day_of_week_operator.py
[2025-11-10T23:49:04.241+0000] {processor.py:914} INFO - Processing file /home/airflow/.local/lib/python3.12/site-packages/airflow/example_dags/example_branch_day_of_week_operator.py for tasks to queue
[2025-11-10T23:49:04.243+0000] {logging_mixin.py:190} INFO - [2025-11-10T23:49:04.242+0000] {dagbag.py:588} INFO - Filling up the DagBag from /home/airflow/.local/lib/python3.12/site-packages/airflow/example_dags/example_branch_day_of_week_operator.py
[2025-11-10T23:49:04.248+0000] {processor.py:925} INFO - DAG(s) 'example_weekday_branch_operator' retrieved from /home/airflow/.local/lib/python3.12/site-packages/airflow/example_dags/example_branch_day_of_week_operator.py
[2025-11-10T23:49:04.260+0000] {logging_mixin.py:190} INFO - [2025-11-10T23:49:04.259+0000] {dag.py:3239} INFO - Sync 1 DAGs
[2025-11-10T23:49:04.273+0000] {logging_mixin.py:190} INFO - [2025-11-10T23:49:04.273+0000] {dag.py:4180} INFO - Setting next_dagrun for example_weekday_branch_operator to 2025-11-09 00:00:00+00:00, run_after=2025-11-10 00:00:00+00:00
[2025-11-10T23:49:04.282+0000] {processor.py:208} INFO - Processing /home/airflow/.local/lib/python3.12/site-packages/airflow/example_dags/example_branch_day_of_week_operator.py took 0.047 seconds
[2025-11-10T23:49:34.521+0000] {processor.py:186} INFO - Started process (PID=898) to work on /home/airflow/.local/lib/python3.12/site-packages/airflow/example_dags/example_branch_day_of_week_operator.py
[2025-11-10T23:49:34.521+0000] {processor.py:914} INFO - Processing file /home/airflow/.local/lib/python3.12/site-packages/airflow/example_dags/example_branch_day_of_week_operator.py for tasks to queue
[2025-11-10T23:49:34.523+0000] {logging_mixin.py:190} INFO - [2025-11-10T23:49:34.523+0000] {dagbag.py:588} INFO - Filling up the DagBag from /home/airflow/.local/lib/python3.12/site-packages/airflow/example_dags/example_branch_day_of_week_operator.py
[2025-11-10T23:49:34.528+0000] {processor.py:925} INFO - DAG(s) 'example_weekday_branch_operator' retrieved from /home/airflow/.local/lib/python3.12/site-packages/airflow/example_dags/example_branch_day_of_week_operator.py
[2025-11-10T23:49:34.539+0000] {logging_mixin.py:190} INFO - [2025-11-10T23:49:34.539+0000] {dag.py:3239} INFO - Sync 1 DAGs
[2025-11-10T23:49:34.553+0000] {logging_mixin.py:190} INFO - [2025-11-10T23:49:34.553+0000] {dag.py:4180} INFO - Setting next_dagrun for example_weekday_branch_operator to 2025-11-09 00:00:00+00:00, run_after=2025-11-10 00:00:00+00:00
[2025-11-10T23:49:34.563+0000] {processor.py:208} INFO - Processing /home/airflow/.local/lib/python3.12/site-packages/airflow/example_dags/example_branch_day_of_week_operator.py took 0.046 seconds
[2025-11-10T23:50:05.666+0000] {processor.py:186} INFO - Started process (PID=968) to work on /home/airflow/.local/lib/python3.12/site-packages/airflow/example_dags/example_branch_day_of_week_operator.py
[2025-11-10T23:50:05.668+0000] {processor.py:914} INFO - Processing file /home/airflow/.local/lib/python3.12/site-packages/airflow/example_dags/example_branch_day_of_week_operator.py for tasks to queue
[2025-11-10T23:50:05.670+0000] {logging_mixin.py:190} INFO - [2025-11-10T23:50:05.670+0000] {dagbag.py:588} INFO - Filling up the DagBag from /home/airflow/.local/lib/python3.12/site-packages/airflow/example_dags/example_branch_day_of_week_operator.py
[2025-11-10T23:50:05.677+0000] {processor.py:925} INFO - DAG(s) 'example_weekday_branch_operator' retrieved from /home/airflow/.local/lib/python3.12/site-packages/airflow/example_dags/example_branch_day_of_week_operator.py
[2025-11-10T23:50:05.688+0000] {logging_mixin.py:190} INFO - [2025-11-10T23:50:05.688+0000] {dag.py:3239} INFO - Sync 1 DAGs
[2025-11-10T23:50:05.702+0000] {logging_mixin.py:190} INFO - [2025-11-10T23:50:05.702+0000] {dag.py:4180} INFO - Setting next_dagrun for example_weekday_branch_operator to 2025-11-09 00:00:00+00:00, run_after=2025-11-10 00:00:00+00:00
[2025-11-10T23:50:05.715+0000] {processor.py:208} INFO - Processing /home/airflow/.local/lib/python3.12/site-packages/airflow/example_dags/example_branch_day_of_week_operator.py took 0.055 seconds
[2025-11-10T23:50:36.205+0000] {processor.py:186} INFO - Started process (PID=1033) to work on /home/airflow/.local/lib/python3.12/site-packages/airflow/example_dags/example_branch_day_of_week_operator.py
[2025-11-10T23:50:36.206+0000] {processor.py:914} INFO - Processing file /home/airflow/.local/lib/python3.12/site-packages/airflow/example_dags/example_branch_day_of_week_operator.py for tasks to queue
[2025-11-10T23:50:36.207+0000] {logging_mixin.py:190} INFO - [2025-11-10T23:50:36.207+0000] {dagbag.py:588} INFO - Filling up the DagBag from /home/airflow/.local/lib/python3.12/site-packages/airflow/example_dags/example_branch_day_of_week_operator.py
[2025-11-10T23:50:36.213+0000] {processor.py:925} INFO - DAG(s) 'example_weekday_branch_operator' retrieved from /home/airflow/.local/lib/python3.12/site-packages/airflow/example_dags/example_branch_day_of_week_operator.py
[2025-11-10T23:50:36.227+0000] {logging_mixin.py:190} INFO - [2025-11-10T23:50:36.227+0000] {dag.py:3239} INFO - Sync 1 DAGs
[2025-11-10T23:50:36.240+0000] {logging_mixin.py:190} INFO - [2025-11-10T23:50:36.240+0000] {dag.py:4180} INFO - Setting next_dagrun for example_weekday_branch_operator to 2025-11-09 00:00:00+00:00, run_after=2025-11-10 00:00:00+00:00
[2025-11-10T23:50:36.253+0000] {processor.py:208} INFO - Processing /home/airflow/.local/lib/python3.12/site-packages/airflow/example_dags/example_branch_day_of_week_operator.py took 0.051 seconds
[2025-11-10T23:51:06.788+0000] {processor.py:186} INFO - Started process (PID=1100) to work on /home/airflow/.local/lib/python3.12/site-packages/airflow/example_dags/example_branch_day_of_week_operator.py
[2025-11-10T23:51:06.789+0000] {processor.py:914} INFO - Processing file /home/airflow/.local/lib/python3.12/site-packages/airflow/example_dags/example_branch_day_of_week_operator.py for tasks to queue
[2025-11-10T23:51:06.790+0000] {logging_mixin.py:190} INFO - [2025-11-10T23:51:06.790+0000] {dagbag.py:588} INFO - Filling up the DagBag from /home/airflow/.local/lib/python3.12/site-packages/airflow/example_dags/example_branch_day_of_week_operator.py
[2025-11-10T23:51:06.796+0000] {processor.py:925} INFO - DAG(s) 'example_weekday_branch_operator' retrieved from /home/airflow/.local/lib/python3.12/site-packages/airflow/example_dags/example_branch_day_of_week_operator.py
[2025-11-10T23:51:06.809+0000] {logging_mixin.py:190} INFO - [2025-11-10T23:51:06.809+0000] {dag.py:3239} INFO - Sync 1 DAGs
[2025-11-10T23:51:06.823+0000] {logging_mixin.py:190} INFO - [2025-11-10T23:51:06.823+0000] {dag.py:4180} INFO - Setting next_dagrun for example_weekday_branch_operator to 2025-11-09 00:00:00+00:00, run_after=2025-11-10 00:00:00+00:00
[2025-11-10T23:51:06.837+0000] {processor.py:208} INFO - Processing /home/airflow/.local/lib/python3.12/site-packages/airflow/example_dags/example_branch_day_of_week_operator.py took 0.053 seconds
[2025-11-10T23:51:37.825+0000] {processor.py:186} INFO - Started process (PID=1168) to work on /home/airflow/.local/lib/python3.12/site-packages/airflow/example_dags/example_branch_day_of_week_operator.py
[2025-11-10T23:51:37.827+0000] {processor.py:914} INFO - Processing file /home/airflow/.local/lib/python3.12/site-packages/airflow/example_dags/example_branch_day_of_week_operator.py for tasks to queue
[2025-11-10T23:51:37.828+0000] {logging_mixin.py:190} INFO - [2025-11-10T23:51:37.828+0000] {dagbag.py:588} INFO - Filling up the DagBag from /home/airflow/.local/lib/python3.12/site-packages/airflow/example_dags/example_branch_day_of_week_operator.py
[2025-11-10T23:51:37.839+0000] {processor.py:925} INFO - DAG(s) 'example_weekday_branch_operator' retrieved from /home/airflow/.local/lib/python3.12/site-packages/airflow/example_dags/example_branch_day_of_week_operator.py
[2025-11-10T23:51:37.869+0000] {logging_mixin.py:190} INFO - [2025-11-10T23:51:37.868+0000] {dag.py:3239} INFO - Sync 1 DAGs
[2025-11-10T23:51:37.901+0000] {logging_mixin.py:190} INFO - [2025-11-10T23:51:37.901+0000] {dag.py:4180} INFO - Setting next_dagrun for example_weekday_branch_operator to 2025-11-09 00:00:00+00:00, run_after=2025-11-10 00:00:00+00:00
[2025-11-10T23:51:37.927+0000] {processor.py:208} INFO - Processing /home/airflow/.local/lib/python3.12/site-packages/airflow/example_dags/example_branch_day_of_week_operator.py took 0.107 seconds
[2025-11-10T23:52:09.331+0000] {processor.py:186} INFO - Started process (PID=1234) to work on /home/airflow/.local/lib/python3.12/site-packages/airflow/example_dags/example_branch_day_of_week_operator.py
[2025-11-10T23:52:09.331+0000] {processor.py:914} INFO - Processing file /home/airflow/.local/lib/python3.12/site-packages/airflow/example_dags/example_branch_day_of_week_operator.py for tasks to queue
[2025-11-10T23:52:09.332+0000] {logging_mixin.py:190} INFO - [2025-11-10T23:52:09.332+0000] {dagbag.py:588} INFO - Filling up the DagBag from /home/airflow/.local/lib/python3.12/site-packages/airflow/example_dags/example_branch_day_of_week_operator.py
[2025-11-10T23:52:09.353+0000] {processor.py:925} INFO - DAG(s) 'example_weekday_branch_operator' retrieved from /home/airflow/.local/lib/python3.12/site-packages/airflow/example_dags/example_branch_day_of_week_operator.py
[2025-11-10T23:52:09.372+0000] {logging_mixin.py:190} INFO - [2025-11-10T23:52:09.371+0000] {dag.py:3239} INFO - Sync 1 DAGs
[2025-11-10T23:52:09.417+0000] {logging_mixin.py:190} INFO - [2025-11-10T23:52:09.416+0000] {dag.py:4180} INFO - Setting next_dagrun for example_weekday_branch_operator to 2025-11-09 00:00:00+00:00, run_after=2025-11-10 00:00:00+00:00
[2025-11-10T23:52:09.432+0000] {processor.py:208} INFO - Processing /home/airflow/.local/lib/python3.12/site-packages/airflow/example_dags/example_branch_day_of_week_operator.py took 0.105 seconds
[2025-11-10T23:52:40.788+0000] {processor.py:186} INFO - Started process (PID=1300) to work on /home/airflow/.local/lib/python3.12/site-packages/airflow/example_dags/example_branch_day_of_week_operator.py
[2025-11-10T23:52:40.789+0000] {processor.py:914} INFO - Processing file /home/airflow/.local/lib/python3.12/site-packages/airflow/example_dags/example_branch_day_of_week_operator.py for tasks to queue
[2025-11-10T23:52:40.791+0000] {logging_mixin.py:190} INFO - [2025-11-10T23:52:40.790+0000] {dagbag.py:588} INFO - Filling up the DagBag from /home/airflow/.local/lib/python3.12/site-packages/airflow/example_dags/example_branch_day_of_week_operator.py
[2025-11-10T23:52:40.798+0000] {processor.py:925} INFO - DAG(s) 'example_weekday_branch_operator' retrieved from /home/airflow/.local/lib/python3.12/site-packages/airflow/example_dags/example_branch_day_of_week_operator.py
[2025-11-10T23:52:40.814+0000] {logging_mixin.py:190} INFO - [2025-11-10T23:52:40.814+0000] {dag.py:3239} INFO - Sync 1 DAGs
[2025-11-10T23:52:40.832+0000] {logging_mixin.py:190} INFO - [2025-11-10T23:52:40.832+0000] {dag.py:4180} INFO - Setting next_dagrun for example_weekday_branch_operator to 2025-11-09 00:00:00+00:00, run_after=2025-11-10 00:00:00+00:00
[2025-11-10T23:52:40.846+0000] {processor.py:208} INFO - Processing /home/airflow/.local/lib/python3.12/site-packages/airflow/example_dags/example_branch_day_of_week_operator.py took 0.064 seconds
[2025-11-10T23:53:12.123+0000] {processor.py:186} INFO - Started process (PID=1366) to work on /home/airflow/.local/lib/python3.12/site-packages/airflow/example_dags/example_branch_day_of_week_operator.py
[2025-11-10T23:53:12.123+0000] {processor.py:914} INFO - Processing file /home/airflow/.local/lib/python3.12/site-packages/airflow/example_dags/example_branch_day_of_week_operator.py for tasks to queue
[2025-11-10T23:53:12.125+0000] {logging_mixin.py:190} INFO - [2025-11-10T23:53:12.125+0000] {dagbag.py:588} INFO - Filling up the DagBag from /home/airflow/.local/lib/python3.12/site-packages/airflow/example_dags/example_branch_day_of_week_operator.py
[2025-11-10T23:53:12.131+0000] {processor.py:925} INFO - DAG(s) 'example_weekday_branch_operator' retrieved from /home/airflow/.local/lib/python3.12/site-packages/airflow/example_dags/example_branch_day_of_week_operator.py
[2025-11-10T23:53:12.148+0000] {logging_mixin.py:190} INFO - [2025-11-10T23:53:12.148+0000] {dag.py:3239} INFO - Sync 1 DAGs
[2025-11-10T23:53:12.161+0000] {logging_mixin.py:190} INFO - [2025-11-10T23:53:12.161+0000] {dag.py:4180} INFO - Setting next_dagrun for example_weekday_branch_operator to 2025-11-09 00:00:00+00:00, run_after=2025-11-10 00:00:00+00:00
[2025-11-10T23:53:12.171+0000] {processor.py:208} INFO - Processing /home/airflow/.local/lib/python3.12/site-packages/airflow/example_dags/example_branch_day_of_week_operator.py took 0.052 seconds
[2025-11-10T23:53:42.781+0000] {processor.py:186} INFO - Started process (PID=1431) to work on /home/airflow/.local/lib/python3.12/site-packages/airflow/example_dags/example_branch_day_of_week_operator.py
[2025-11-10T23:53:42.784+0000] {processor.py:914} INFO - Processing file /home/airflow/.local/lib/python3.12/site-packages/airflow/example_dags/example_branch_day_of_week_operator.py for tasks to queue
[2025-11-10T23:53:42.790+0000] {logging_mixin.py:190} INFO - [2025-11-10T23:53:42.789+0000] {dagbag.py:588} INFO - Filling up the DagBag from /home/airflow/.local/lib/python3.12/site-packages/airflow/example_dags/example_branch_day_of_week_operator.py
[2025-11-10T23:53:42.804+0000] {processor.py:925} INFO - DAG(s) 'example_weekday_branch_operator' retrieved from /home/airflow/.local/lib/python3.12/site-packages/airflow/example_dags/example_branch_day_of_week_operator.py
[2025-11-10T23:53:42.828+0000] {logging_mixin.py:190} INFO - [2025-11-10T23:53:42.828+0000] {dag.py:3239} INFO - Sync 1 DAGs
[2025-11-10T23:53:42.845+0000] {logging_mixin.py:190} INFO - [2025-11-10T23:53:42.845+0000] {dag.py:4180} INFO - Setting next_dagrun for example_weekday_branch_operator to 2025-11-09 00:00:00+00:00, run_after=2025-11-10 00:00:00+00:00
[2025-11-10T23:53:42.861+0000] {processor.py:208} INFO - Processing /home/airflow/.local/lib/python3.12/site-packages/airflow/example_dags/example_branch_day_of_week_operator.py took 0.086 seconds
[2025-11-10T23:54:13.765+0000] {processor.py:186} INFO - Started process (PID=1503) to work on /home/airflow/.local/lib/python3.12/site-packages/airflow/example_dags/example_branch_day_of_week_operator.py
[2025-11-10T23:54:13.765+0000] {processor.py:914} INFO - Processing file /home/airflow/.local/lib/python3.12/site-packages/airflow/example_dags/example_branch_day_of_week_operator.py for tasks to queue
[2025-11-10T23:54:13.766+0000] {logging_mixin.py:190} INFO - [2025-11-10T23:54:13.766+0000] {dagbag.py:588} INFO - Filling up the DagBag from /home/airflow/.local/lib/python3.12/site-packages/airflow/example_dags/example_branch_day_of_week_operator.py
[2025-11-10T23:54:13.771+0000] {processor.py:925} INFO - DAG(s) 'example_weekday_branch_operator' retrieved from /home/airflow/.local/lib/python3.12/site-packages/airflow/example_dags/example_branch_day_of_week_operator.py
[2025-11-10T23:54:13.788+0000] {logging_mixin.py:190} INFO - [2025-11-10T23:54:13.787+0000] {dag.py:3239} INFO - Sync 1 DAGs
[2025-11-10T23:54:13.802+0000] {logging_mixin.py:190} INFO - [2025-11-10T23:54:13.801+0000] {dag.py:4180} INFO - Setting next_dagrun for example_weekday_branch_operator to 2025-11-09 00:00:00+00:00, run_after=2025-11-10 00:00:00+00:00
[2025-11-10T23:54:13.813+0000] {processor.py:208} INFO - Processing /home/airflow/.local/lib/python3.12/site-packages/airflow/example_dags/example_branch_day_of_week_operator.py took 0.052 seconds
[2025-11-10T23:54:44.702+0000] {processor.py:186} INFO - Started process (PID=1569) to work on /home/airflow/.local/lib/python3.12/site-packages/airflow/example_dags/example_branch_day_of_week_operator.py
[2025-11-10T23:54:44.702+0000] {processor.py:914} INFO - Processing file /home/airflow/.local/lib/python3.12/site-packages/airflow/example_dags/example_branch_day_of_week_operator.py for tasks to queue
[2025-11-10T23:54:44.703+0000] {logging_mixin.py:190} INFO - [2025-11-10T23:54:44.703+0000] {dagbag.py:588} INFO - Filling up the DagBag from /home/airflow/.local/lib/python3.12/site-packages/airflow/example_dags/example_branch_day_of_week_operator.py
[2025-11-10T23:54:44.711+0000] {processor.py:925} INFO - DAG(s) 'example_weekday_branch_operator' retrieved from /home/airflow/.local/lib/python3.12/site-packages/airflow/example_dags/example_branch_day_of_week_operator.py
[2025-11-10T23:54:44.727+0000] {logging_mixin.py:190} INFO - [2025-11-10T23:54:44.727+0000] {dag.py:3239} INFO - Sync 1 DAGs
[2025-11-10T23:54:44.741+0000] {logging_mixin.py:190} INFO - [2025-11-10T23:54:44.740+0000] {dag.py:4180} INFO - Setting next_dagrun for example_weekday_branch_operator to 2025-11-09 00:00:00+00:00, run_after=2025-11-10 00:00:00+00:00
[2025-11-10T23:54:44.752+0000] {processor.py:208} INFO - Processing /home/airflow/.local/lib/python3.12/site-packages/airflow/example_dags/example_branch_day_of_week_operator.py took 0.055 seconds
[2025-11-10T23:55:15.282+0000] {processor.py:186} INFO - Started process (PID=1633) to work on /home/airflow/.local/lib/python3.12/site-packages/airflow/example_dags/example_branch_day_of_week_operator.py
[2025-11-10T23:55:15.283+0000] {processor.py:914} INFO - Processing file /home/airflow/.local/lib/python3.12/site-packages/airflow/example_dags/example_branch_day_of_week_operator.py for tasks to queue
[2025-11-10T23:55:15.284+0000] {logging_mixin.py:190} INFO - [2025-11-10T23:55:15.284+0000] {dagbag.py:588} INFO - Filling up the DagBag from /home/airflow/.local/lib/python3.12/site-packages/airflow/example_dags/example_branch_day_of_week_operator.py
[2025-11-10T23:55:15.291+0000] {processor.py:925} INFO - DAG(s) 'example_weekday_branch_operator' retrieved from /home/airflow/.local/lib/python3.12/site-packages/airflow/example_dags/example_branch_day_of_week_operator.py
[2025-11-10T23:55:15.303+0000] {logging_mixin.py:190} INFO - [2025-11-10T23:55:15.303+0000] {dag.py:3239} INFO - Sync 1 DAGs
[2025-11-10T23:55:15.318+0000] {logging_mixin.py:190} INFO - [2025-11-10T23:55:15.318+0000] {dag.py:4180} INFO - Setting next_dagrun for example_weekday_branch_operator to 2025-11-09 00:00:00+00:00, run_after=2025-11-10 00:00:00+00:00
[2025-11-10T23:55:15.330+0000] {processor.py:208} INFO - Processing /home/airflow/.local/lib/python3.12/site-packages/airflow/example_dags/example_branch_day_of_week_operator.py took 0.050 seconds
[2025-11-10T23:55:45.704+0000] {processor.py:186} INFO - Started process (PID=1697) to work on /home/airflow/.local/lib/python3.12/site-packages/airflow/example_dags/example_branch_day_of_week_operator.py
[2025-11-10T23:55:45.704+0000] {processor.py:914} INFO - Processing file /home/airflow/.local/lib/python3.12/site-packages/airflow/example_dags/example_branch_day_of_week_operator.py for tasks to queue
[2025-11-10T23:55:45.705+0000] {logging_mixin.py:190} INFO - [2025-11-10T23:55:45.705+0000] {dagbag.py:588} INFO - Filling up the DagBag from /home/airflow/.local/lib/python3.12/site-packages/airflow/example_dags/example_branch_day_of_week_operator.py
[2025-11-10T23:55:45.750+0000] {processor.py:925} INFO - DAG(s) 'example_weekday_branch_operator' retrieved from /home/airflow/.local/lib/python3.12/site-packages/airflow/example_dags/example_branch_day_of_week_operator.py
[2025-11-10T23:55:45.768+0000] {logging_mixin.py:190} INFO - [2025-11-10T23:55:45.767+0000] {dag.py:3239} INFO - Sync 1 DAGs
[2025-11-10T23:55:45.782+0000] {logging_mixin.py:190} INFO - [2025-11-10T23:55:45.782+0000] {dag.py:4180} INFO - Setting next_dagrun for example_weekday_branch_operator to 2025-11-09 00:00:00+00:00, run_after=2025-11-10 00:00:00+00:00
[2025-11-10T23:55:45.792+0000] {processor.py:208} INFO - Processing /home/airflow/.local/lib/python3.12/site-packages/airflow/example_dags/example_branch_day_of_week_operator.py took 0.091 seconds
[2025-11-10T23:56:17.102+0000] {processor.py:186} INFO - Started process (PID=1761) to work on /home/airflow/.local/lib/python3.12/site-packages/airflow/example_dags/example_branch_day_of_week_operator.py
[2025-11-10T23:56:17.104+0000] {processor.py:914} INFO - Processing file /home/airflow/.local/lib/python3.12/site-packages/airflow/example_dags/example_branch_day_of_week_operator.py for tasks to queue
[2025-11-10T23:56:17.105+0000] {logging_mixin.py:190} INFO - [2025-11-10T23:56:17.105+0000] {dagbag.py:588} INFO - Filling up the DagBag from /home/airflow/.local/lib/python3.12/site-packages/airflow/example_dags/example_branch_day_of_week_operator.py
[2025-11-10T23:56:17.111+0000] {processor.py:925} INFO - DAG(s) 'example_weekday_branch_operator' retrieved from /home/airflow/.local/lib/python3.12/site-packages/airflow/example_dags/example_branch_day_of_week_operator.py
[2025-11-10T23:56:17.124+0000] {logging_mixin.py:190} INFO - [2025-11-10T23:56:17.124+0000] {dag.py:3239} INFO - Sync 1 DAGs
[2025-11-10T23:56:17.140+0000] {logging_mixin.py:190} INFO - [2025-11-10T23:56:17.140+0000] {dag.py:4180} INFO - Setting next_dagrun for example_weekday_branch_operator to 2025-11-09 00:00:00+00:00, run_after=2025-11-10 00:00:00+00:00
[2025-11-10T23:56:17.152+0000] {processor.py:208} INFO - Processing /home/airflow/.local/lib/python3.12/site-packages/airflow/example_dags/example_branch_day_of_week_operator.py took 0.054 seconds
[2025-11-10T23:56:48.274+0000] {processor.py:186} INFO - Started process (PID=1825) to work on /home/airflow/.local/lib/python3.12/site-packages/airflow/example_dags/example_branch_day_of_week_operator.py
[2025-11-10T23:56:48.275+0000] {processor.py:914} INFO - Processing file /home/airflow/.local/lib/python3.12/site-packages/airflow/example_dags/example_branch_day_of_week_operator.py for tasks to queue
[2025-11-10T23:56:48.276+0000] {logging_mixin.py:190} INFO - [2025-11-10T23:56:48.275+0000] {dagbag.py:588} INFO - Filling up the DagBag from /home/airflow/.local/lib/python3.12/site-packages/airflow/example_dags/example_branch_day_of_week_operator.py
[2025-11-10T23:56:48.284+0000] {processor.py:925} INFO - DAG(s) 'example_weekday_branch_operator' retrieved from /home/airflow/.local/lib/python3.12/site-packages/airflow/example_dags/example_branch_day_of_week_operator.py
[2025-11-10T23:56:48.295+0000] {logging_mixin.py:190} INFO - [2025-11-10T23:56:48.295+0000] {dag.py:3239} INFO - Sync 1 DAGs
[2025-11-10T23:56:48.310+0000] {logging_mixin.py:190} INFO - [2025-11-10T23:56:48.309+0000] {dag.py:4180} INFO - Setting next_dagrun for example_weekday_branch_operator to 2025-11-09 00:00:00+00:00, run_after=2025-11-10 00:00:00+00:00
[2025-11-10T23:56:48.322+0000] {processor.py:208} INFO - Processing /home/airflow/.local/lib/python3.12/site-packages/airflow/example_dags/example_branch_day_of_week_operator.py took 0.053 seconds
[2025-11-10T23:57:18.646+0000] {processor.py:186} INFO - Started process (PID=1889) to work on /home/airflow/.local/lib/python3.12/site-packages/airflow/example_dags/example_branch_day_of_week_operator.py
[2025-11-10T23:57:18.649+0000] {processor.py:914} INFO - Processing file /home/airflow/.local/lib/python3.12/site-packages/airflow/example_dags/example_branch_day_of_week_operator.py for tasks to queue
[2025-11-10T23:57:18.649+0000] {logging_mixin.py:190} INFO - [2025-11-10T23:57:18.649+0000] {dagbag.py:588} INFO - Filling up the DagBag from /home/airflow/.local/lib/python3.12/site-packages/airflow/example_dags/example_branch_day_of_week_operator.py
[2025-11-10T23:57:18.656+0000] {processor.py:925} INFO - DAG(s) 'example_weekday_branch_operator' retrieved from /home/airflow/.local/lib/python3.12/site-packages/airflow/example_dags/example_branch_day_of_week_operator.py
[2025-11-10T23:57:18.669+0000] {logging_mixin.py:190} INFO - [2025-11-10T23:57:18.669+0000] {dag.py:3239} INFO - Sync 1 DAGs
[2025-11-10T23:57:18.683+0000] {logging_mixin.py:190} INFO - [2025-11-10T23:57:18.683+0000] {dag.py:4180} INFO - Setting next_dagrun for example_weekday_branch_operator to 2025-11-09 00:00:00+00:00, run_after=2025-11-10 00:00:00+00:00
[2025-11-10T23:57:18.693+0000] {processor.py:208} INFO - Processing /home/airflow/.local/lib/python3.12/site-packages/airflow/example_dags/example_branch_day_of_week_operator.py took 0.052 seconds
[2025-11-10T23:57:49.888+0000] {processor.py:186} INFO - Started process (PID=1953) to work on /home/airflow/.local/lib/python3.12/site-packages/airflow/example_dags/example_branch_day_of_week_operator.py
[2025-11-10T23:57:49.889+0000] {processor.py:914} INFO - Processing file /home/airflow/.local/lib/python3.12/site-packages/airflow/example_dags/example_branch_day_of_week_operator.py for tasks to queue
[2025-11-10T23:57:49.889+0000] {logging_mixin.py:190} INFO - [2025-11-10T23:57:49.889+0000] {dagbag.py:588} INFO - Filling up the DagBag from /home/airflow/.local/lib/python3.12/site-packages/airflow/example_dags/example_branch_day_of_week_operator.py
[2025-11-10T23:57:49.895+0000] {processor.py:925} INFO - DAG(s) 'example_weekday_branch_operator' retrieved from /home/airflow/.local/lib/python3.12/site-packages/airflow/example_dags/example_branch_day_of_week_operator.py
[2025-11-10T23:57:49.909+0000] {logging_mixin.py:190} INFO - [2025-11-10T23:57:49.909+0000] {dag.py:3239} INFO - Sync 1 DAGs
[2025-11-10T23:57:49.923+0000] {logging_mixin.py:190} INFO - [2025-11-10T23:57:49.923+0000] {dag.py:4180} INFO - Setting next_dagrun for example_weekday_branch_operator to 2025-11-09 00:00:00+00:00, run_after=2025-11-10 00:00:00+00:00
[2025-11-10T23:57:49.936+0000] {processor.py:208} INFO - Processing /home/airflow/.local/lib/python3.12/site-packages/airflow/example_dags/example_branch_day_of_week_operator.py took 0.052 seconds
[2025-11-10T23:58:21.008+0000] {processor.py:186} INFO - Started process (PID=2017) to work on /home/airflow/.local/lib/python3.12/site-packages/airflow/example_dags/example_branch_day_of_week_operator.py
[2025-11-10T23:58:21.008+0000] {processor.py:914} INFO - Processing file /home/airflow/.local/lib/python3.12/site-packages/airflow/example_dags/example_branch_day_of_week_operator.py for tasks to queue
[2025-11-10T23:58:21.009+0000] {logging_mixin.py:190} INFO - [2025-11-10T23:58:21.009+0000] {dagbag.py:588} INFO - Filling up the DagBag from /home/airflow/.local/lib/python3.12/site-packages/airflow/example_dags/example_branch_day_of_week_operator.py
[2025-11-10T23:58:21.015+0000] {processor.py:925} INFO - DAG(s) 'example_weekday_branch_operator' retrieved from /home/airflow/.local/lib/python3.12/site-packages/airflow/example_dags/example_branch_day_of_week_operator.py
[2025-11-10T23:58:21.026+0000] {logging_mixin.py:190} INFO - [2025-11-10T23:58:21.026+0000] {dag.py:3239} INFO - Sync 1 DAGs
[2025-11-10T23:58:21.040+0000] {logging_mixin.py:190} INFO - [2025-11-10T23:58:21.040+0000] {dag.py:4180} INFO - Setting next_dagrun for example_weekday_branch_operator to 2025-11-09 00:00:00+00:00, run_after=2025-11-10 00:00:00+00:00
[2025-11-10T23:58:21.051+0000] {processor.py:208} INFO - Processing /home/airflow/.local/lib/python3.12/site-packages/airflow/example_dags/example_branch_day_of_week_operator.py took 0.048 seconds
[2025-11-10T23:58:52.151+0000] {processor.py:186} INFO - Started process (PID=2081) to work on /home/airflow/.local/lib/python3.12/site-packages/airflow/example_dags/example_branch_day_of_week_operator.py
[2025-11-10T23:58:52.152+0000] {processor.py:914} INFO - Processing file /home/airflow/.local/lib/python3.12/site-packages/airflow/example_dags/example_branch_day_of_week_operator.py for tasks to queue
[2025-11-10T23:58:52.152+0000] {logging_mixin.py:190} INFO - [2025-11-10T23:58:52.152+0000] {dagbag.py:588} INFO - Filling up the DagBag from /home/airflow/.local/lib/python3.12/site-packages/airflow/example_dags/example_branch_day_of_week_operator.py
[2025-11-10T23:58:52.158+0000] {processor.py:925} INFO - DAG(s) 'example_weekday_branch_operator' retrieved from /home/airflow/.local/lib/python3.12/site-packages/airflow/example_dags/example_branch_day_of_week_operator.py
[2025-11-10T23:58:52.174+0000] {logging_mixin.py:190} INFO - [2025-11-10T23:58:52.173+0000] {dag.py:3239} INFO - Sync 1 DAGs
[2025-11-10T23:58:52.188+0000] {logging_mixin.py:190} INFO - [2025-11-10T23:58:52.188+0000] {dag.py:4180} INFO - Setting next_dagrun for example_weekday_branch_operator to 2025-11-09 00:00:00+00:00, run_after=2025-11-10 00:00:00+00:00
[2025-11-10T23:58:52.202+0000] {processor.py:208} INFO - Processing /home/airflow/.local/lib/python3.12/site-packages/airflow/example_dags/example_branch_day_of_week_operator.py took 0.056 seconds
[2025-11-10T23:59:22.883+0000] {processor.py:186} INFO - Started process (PID=2145) to work on /home/airflow/.local/lib/python3.12/site-packages/airflow/example_dags/example_branch_day_of_week_operator.py
[2025-11-10T23:59:22.885+0000] {processor.py:914} INFO - Processing file /home/airflow/.local/lib/python3.12/site-packages/airflow/example_dags/example_branch_day_of_week_operator.py for tasks to queue
[2025-11-10T23:59:22.886+0000] {logging_mixin.py:190} INFO - [2025-11-10T23:59:22.886+0000] {dagbag.py:588} INFO - Filling up the DagBag from /home/airflow/.local/lib/python3.12/site-packages/airflow/example_dags/example_branch_day_of_week_operator.py
[2025-11-10T23:59:22.894+0000] {processor.py:925} INFO - DAG(s) 'example_weekday_branch_operator' retrieved from /home/airflow/.local/lib/python3.12/site-packages/airflow/example_dags/example_branch_day_of_week_operator.py
[2025-11-10T23:59:22.906+0000] {logging_mixin.py:190} INFO - [2025-11-10T23:59:22.906+0000] {dag.py:3239} INFO - Sync 1 DAGs
[2025-11-10T23:59:22.923+0000] {logging_mixin.py:190} INFO - [2025-11-10T23:59:22.923+0000] {dag.py:4180} INFO - Setting next_dagrun for example_weekday_branch_operator to 2025-11-09 00:00:00+00:00, run_after=2025-11-10 00:00:00+00:00
[2025-11-10T23:59:22.936+0000] {processor.py:208} INFO - Processing /home/airflow/.local/lib/python3.12/site-packages/airflow/example_dags/example_branch_day_of_week_operator.py took 0.060 seconds
[2025-11-10T23:59:54.210+0000] {processor.py:186} INFO - Started process (PID=2209) to work on /home/airflow/.local/lib/python3.12/site-packages/airflow/example_dags/example_branch_day_of_week_operator.py
[2025-11-10T23:59:54.212+0000] {processor.py:914} INFO - Processing file /home/airflow/.local/lib/python3.12/site-packages/airflow/example_dags/example_branch_day_of_week_operator.py for tasks to queue
[2025-11-10T23:59:54.213+0000] {logging_mixin.py:190} INFO - [2025-11-10T23:59:54.213+0000] {dagbag.py:588} INFO - Filling up the DagBag from /home/airflow/.local/lib/python3.12/site-packages/airflow/example_dags/example_branch_day_of_week_operator.py
[2025-11-10T23:59:54.219+0000] {processor.py:925} INFO - DAG(s) 'example_weekday_branch_operator' retrieved from /home/airflow/.local/lib/python3.12/site-packages/airflow/example_dags/example_branch_day_of_week_operator.py
[2025-11-10T23:59:54.231+0000] {logging_mixin.py:190} INFO - [2025-11-10T23:59:54.230+0000] {dag.py:3239} INFO - Sync 1 DAGs
[2025-11-10T23:59:54.244+0000] {logging_mixin.py:190} INFO - [2025-11-10T23:59:54.244+0000] {dag.py:4180} INFO - Setting next_dagrun for example_weekday_branch_operator to 2025-11-09 00:00:00+00:00, run_after=2025-11-10 00:00:00+00:00
[2025-11-10T23:59:54.254+0000] {processor.py:208} INFO - Processing /home/airflow/.local/lib/python3.12/site-packages/airflow/example_dags/example_branch_day_of_week_operator.py took 0.049 seconds
