[2025-11-11T22:35:30.546+0000] {local_task_job_runner.py:123} INFO - ::group::Pre task execution logs
[2025-11-11T22:35:30.608+0000] {taskinstance.py:2631} INFO - Dependencies all met for dep_context=non-requeueable deps ti=<TaskInstance: input_data_dag.input_data manual__2025-11-11T22:35:02.538330+00:00 [queued]>
[2025-11-11T22:35:30.637+0000] {taskinstance.py:2631} INFO - Dependencies all met for dep_context=requeueable deps ti=<TaskInstance: input_data_dag.input_data manual__2025-11-11T22:35:02.538330+00:00 [queued]>
[2025-11-11T22:35:30.638+0000] {taskinstance.py:2884} INFO - Starting attempt 1 of 1
[2025-11-11T22:35:30.880+0000] {taskinstance.py:2907} INFO - Executing <Task(PythonOperator): input_data> on 2025-11-11 22:35:02.538330+00:00
[2025-11-11T22:35:30.910+0000] {warnings.py:112} WARNING - /home/***/.local/lib/python3.12/site-packages/***/task/task_runner/standard_task_runner.py:70: DeprecationWarning: This process (pid=120) is multi-threaded, use of fork() may lead to deadlocks in the child.
  pid = os.fork()

[2025-11-11T22:35:30.914+0000] {standard_task_runner.py:72} INFO - Started process 149 to run task
[2025-11-11T22:35:30.918+0000] {standard_task_runner.py:104} INFO - Running: ['***', 'tasks', 'run', 'input_data_dag', 'input_data', 'manual__2025-11-11T22:35:02.538330+00:00', '--job-id', '200', '--raw', '--subdir', 'DAGS_FOLDER/input_data_dag.py', '--cfg-path', '/tmp/tmpq99byrn9']
[2025-11-11T22:35:30.921+0000] {standard_task_runner.py:105} INFO - Job 200: Subtask input_data
[2025-11-11T22:35:31.012+0000] {task_command.py:467} INFO - Running <TaskInstance: input_data_dag.input_data manual__2025-11-11T22:35:02.538330+00:00 [running]> on host b7400122829a
[2025-11-11T22:35:32.045+0000] {taskinstance.py:3157} INFO - Exporting env vars: AIRFLOW_CTX_DAG_OWNER='***' AIRFLOW_CTX_DAG_ID='input_data_dag' AIRFLOW_CTX_TASK_ID='input_data' AIRFLOW_CTX_EXECUTION_DATE='2025-11-11T22:35:02.538330+00:00' AIRFLOW_CTX_TRY_NUMBER='1' AIRFLOW_CTX_DAG_RUN_ID='manual__2025-11-11T22:35:02.538330+00:00'
[2025-11-11T22:35:32.047+0000] {logging_mixin.py:190} INFO - Task instance is in running state
[2025-11-11T22:35:32.048+0000] {logging_mixin.py:190} INFO -  Previous state of the Task instance: queued
[2025-11-11T22:35:32.049+0000] {logging_mixin.py:190} INFO - Current task name:input_data state:running start_date:2025-11-11 22:35:30.609784+00:00
[2025-11-11T22:35:32.049+0000] {logging_mixin.py:190} INFO - Dag name:input_data_dag and current dag run status:running
[2025-11-11T22:35:32.050+0000] {taskinstance.py:740} INFO - ::endgroup::
[2025-11-11T22:35:34.205+0000] {python.py:240} INFO - Done. Returned value was: None
[2025-11-11T22:35:34.332+0000] {taskinstance.py:349} INFO - ::group::Post task execution logs
[2025-11-11T22:35:34.333+0000] {taskinstance.py:361} INFO - Marking task as SUCCESS. dag_id=input_data_dag, task_id=input_data, run_id=manual__2025-11-11T22:35:02.538330+00:00, execution_date=20251111T223502, start_date=20251111T223530, end_date=20251111T223534
[2025-11-11T22:35:34.485+0000] {logging_mixin.py:190} INFO - Task instance in success state
[2025-11-11T22:35:34.486+0000] {logging_mixin.py:190} INFO -  Previous state of the Task instance: running
[2025-11-11T22:35:34.486+0000] {logging_mixin.py:190} INFO - Dag name:input_data_dag queued_at:2025-11-11 22:35:02.575670+00:00
[2025-11-11T22:35:34.486+0000] {logging_mixin.py:190} INFO - Task hostname:b7400122829a operator:PythonOperator
[2025-11-11T22:35:34.602+0000] {local_task_job_runner.py:266} INFO - Task exited with return code 0
[2025-11-11T22:35:34.675+0000] {taskinstance.py:3924} INFO - 0 downstream tasks scheduled from follow-on schedule check
[2025-11-11T22:35:34.685+0000] {local_task_job_runner.py:245} INFO - ::endgroup::
