[2025-11-08T11:22:03.634+0000] {processor.py:186} INFO - Started process (PID=51) to work on /opt/airflow/dags/input_data_dag.py
[2025-11-08T11:22:03.635+0000] {processor.py:914} INFO - Processing file /opt/airflow/dags/input_data_dag.py for tasks to queue
[2025-11-08T11:22:03.636+0000] {logging_mixin.py:190} INFO - [2025-11-08T11:22:03.636+0000] {dagbag.py:588} INFO - Filling up the DagBag from /opt/airflow/dags/input_data_dag.py
[2025-11-08T11:22:03.752+0000] {processor.py:925} INFO - DAG(s) 'input_data_dag' retrieved from /opt/airflow/dags/input_data_dag.py
[2025-11-08T11:22:03.772+0000] {logging_mixin.py:190} INFO - [2025-11-08T11:22:03.771+0000] {dag.py:3239} INFO - Sync 1 DAGs
[2025-11-08T11:22:03.796+0000] {logging_mixin.py:190} INFO - [2025-11-08T11:22:03.796+0000] {dag.py:4180} INFO - Setting next_dagrun for input_data_dag to 2025-11-01 00:00:00+00:00, run_after=2025-12-01 00:00:00+00:00
[2025-11-08T11:22:03.816+0000] {processor.py:208} INFO - Processing /opt/airflow/dags/input_data_dag.py took 0.186 seconds
[2025-11-08T11:22:33.902+0000] {processor.py:186} INFO - Started process (PID=117) to work on /opt/airflow/dags/input_data_dag.py
[2025-11-08T11:22:33.903+0000] {processor.py:914} INFO - Processing file /opt/airflow/dags/input_data_dag.py for tasks to queue
[2025-11-08T11:22:33.904+0000] {logging_mixin.py:190} INFO - [2025-11-08T11:22:33.904+0000] {dagbag.py:588} INFO - Filling up the DagBag from /opt/airflow/dags/input_data_dag.py
[2025-11-08T11:22:33.945+0000] {processor.py:925} INFO - DAG(s) 'input_data_dag' retrieved from /opt/airflow/dags/input_data_dag.py
[2025-11-08T11:22:33.959+0000] {logging_mixin.py:190} INFO - [2025-11-08T11:22:33.958+0000] {dag.py:3239} INFO - Sync 1 DAGs
[2025-11-08T11:22:33.974+0000] {logging_mixin.py:190} INFO - [2025-11-08T11:22:33.973+0000] {dag.py:4180} INFO - Setting next_dagrun for input_data_dag to 2025-11-01 00:00:00+00:00, run_after=2025-12-01 00:00:00+00:00
[2025-11-08T11:22:33.985+0000] {processor.py:208} INFO - Processing /opt/airflow/dags/input_data_dag.py took 0.086 seconds
[2025-11-08T11:23:04.878+0000] {processor.py:186} INFO - Started process (PID=179) to work on /opt/airflow/dags/input_data_dag.py
[2025-11-08T11:23:04.879+0000] {processor.py:914} INFO - Processing file /opt/airflow/dags/input_data_dag.py for tasks to queue
[2025-11-08T11:23:04.881+0000] {logging_mixin.py:190} INFO - [2025-11-08T11:23:04.881+0000] {dagbag.py:588} INFO - Filling up the DagBag from /opt/airflow/dags/input_data_dag.py
[2025-11-08T11:23:04.926+0000] {processor.py:925} INFO - DAG(s) 'input_data_dag' retrieved from /opt/airflow/dags/input_data_dag.py
[2025-11-08T11:23:04.939+0000] {logging_mixin.py:190} INFO - [2025-11-08T11:23:04.939+0000] {dag.py:3239} INFO - Sync 1 DAGs
[2025-11-08T11:23:04.952+0000] {logging_mixin.py:190} INFO - [2025-11-08T11:23:04.952+0000] {dag.py:4180} INFO - Setting next_dagrun for input_data_dag to 2025-11-01 00:00:00+00:00, run_after=2025-12-01 00:00:00+00:00
[2025-11-08T11:23:04.963+0000] {processor.py:208} INFO - Processing /opt/airflow/dags/input_data_dag.py took 0.089 seconds
[2025-11-08T11:23:35.006+0000] {processor.py:186} INFO - Started process (PID=244) to work on /opt/airflow/dags/input_data_dag.py
[2025-11-08T11:23:35.007+0000] {processor.py:914} INFO - Processing file /opt/airflow/dags/input_data_dag.py for tasks to queue
[2025-11-08T11:23:35.008+0000] {logging_mixin.py:190} INFO - [2025-11-08T11:23:35.008+0000] {dagbag.py:588} INFO - Filling up the DagBag from /opt/airflow/dags/input_data_dag.py
[2025-11-08T11:23:35.053+0000] {processor.py:925} INFO - DAG(s) 'input_data_dag' retrieved from /opt/airflow/dags/input_data_dag.py
[2025-11-08T11:23:35.066+0000] {logging_mixin.py:190} INFO - [2025-11-08T11:23:35.066+0000] {dag.py:3239} INFO - Sync 1 DAGs
[2025-11-08T11:23:35.080+0000] {logging_mixin.py:190} INFO - [2025-11-08T11:23:35.080+0000] {dag.py:4180} INFO - Setting next_dagrun for input_data_dag to 2025-11-01 00:00:00+00:00, run_after=2025-12-01 00:00:00+00:00
[2025-11-08T11:23:35.089+0000] {processor.py:208} INFO - Processing /opt/airflow/dags/input_data_dag.py took 0.086 seconds
[2025-11-08T11:24:05.165+0000] {processor.py:186} INFO - Started process (PID=307) to work on /opt/airflow/dags/input_data_dag.py
[2025-11-08T11:24:05.165+0000] {processor.py:914} INFO - Processing file /opt/airflow/dags/input_data_dag.py for tasks to queue
[2025-11-08T11:24:05.166+0000] {logging_mixin.py:190} INFO - [2025-11-08T11:24:05.166+0000] {dagbag.py:588} INFO - Filling up the DagBag from /opt/airflow/dags/input_data_dag.py
[2025-11-08T11:24:05.219+0000] {processor.py:925} INFO - DAG(s) 'input_data_dag' retrieved from /opt/airflow/dags/input_data_dag.py
[2025-11-08T11:24:05.232+0000] {logging_mixin.py:190} INFO - [2025-11-08T11:24:05.231+0000] {dag.py:3239} INFO - Sync 1 DAGs
[2025-11-08T11:24:05.249+0000] {logging_mixin.py:190} INFO - [2025-11-08T11:24:05.248+0000] {dag.py:4180} INFO - Setting next_dagrun for input_data_dag to 2025-11-01 00:00:00+00:00, run_after=2025-12-01 00:00:00+00:00
[2025-11-08T11:24:05.267+0000] {processor.py:208} INFO - Processing /opt/airflow/dags/input_data_dag.py took 0.106 seconds
[2025-11-08T11:24:35.355+0000] {processor.py:186} INFO - Started process (PID=371) to work on /opt/airflow/dags/input_data_dag.py
[2025-11-08T11:24:35.356+0000] {processor.py:914} INFO - Processing file /opt/airflow/dags/input_data_dag.py for tasks to queue
[2025-11-08T11:24:35.358+0000] {logging_mixin.py:190} INFO - [2025-11-08T11:24:35.358+0000] {dagbag.py:588} INFO - Filling up the DagBag from /opt/airflow/dags/input_data_dag.py
[2025-11-08T11:24:35.455+0000] {processor.py:925} INFO - DAG(s) 'input_data_dag' retrieved from /opt/airflow/dags/input_data_dag.py
[2025-11-08T11:24:35.471+0000] {logging_mixin.py:190} INFO - [2025-11-08T11:24:35.471+0000] {dag.py:3239} INFO - Sync 1 DAGs
[2025-11-08T11:24:35.488+0000] {logging_mixin.py:190} INFO - [2025-11-08T11:24:35.488+0000] {dag.py:4180} INFO - Setting next_dagrun for input_data_dag to 2025-11-01 00:00:00+00:00, run_after=2025-12-01 00:00:00+00:00
[2025-11-08T11:24:35.501+0000] {processor.py:208} INFO - Processing /opt/airflow/dags/input_data_dag.py took 0.152 seconds
[2025-11-08T11:25:05.545+0000] {processor.py:186} INFO - Started process (PID=435) to work on /opt/airflow/dags/input_data_dag.py
[2025-11-08T11:25:05.550+0000] {processor.py:914} INFO - Processing file /opt/airflow/dags/input_data_dag.py for tasks to queue
[2025-11-08T11:25:05.554+0000] {logging_mixin.py:190} INFO - [2025-11-08T11:25:05.553+0000] {dagbag.py:588} INFO - Filling up the DagBag from /opt/airflow/dags/input_data_dag.py
[2025-11-08T11:25:05.598+0000] {processor.py:925} INFO - DAG(s) 'input_data_dag' retrieved from /opt/airflow/dags/input_data_dag.py
[2025-11-08T11:25:05.608+0000] {logging_mixin.py:190} INFO - [2025-11-08T11:25:05.608+0000] {dag.py:3239} INFO - Sync 1 DAGs
[2025-11-08T11:25:05.622+0000] {logging_mixin.py:190} INFO - [2025-11-08T11:25:05.622+0000] {dag.py:4180} INFO - Setting next_dagrun for input_data_dag to 2025-11-01 00:00:00+00:00, run_after=2025-12-01 00:00:00+00:00
[2025-11-08T11:25:05.633+0000] {processor.py:208} INFO - Processing /opt/airflow/dags/input_data_dag.py took 0.093 seconds
[2025-11-08T11:25:35.780+0000] {processor.py:186} INFO - Started process (PID=499) to work on /opt/airflow/dags/input_data_dag.py
[2025-11-08T11:25:35.780+0000] {processor.py:914} INFO - Processing file /opt/airflow/dags/input_data_dag.py for tasks to queue
[2025-11-08T11:25:35.782+0000] {logging_mixin.py:190} INFO - [2025-11-08T11:25:35.782+0000] {dagbag.py:588} INFO - Filling up the DagBag from /opt/airflow/dags/input_data_dag.py
[2025-11-08T11:25:35.825+0000] {processor.py:925} INFO - DAG(s) 'input_data_dag' retrieved from /opt/airflow/dags/input_data_dag.py
[2025-11-08T11:25:35.835+0000] {logging_mixin.py:190} INFO - [2025-11-08T11:25:35.835+0000] {dag.py:3239} INFO - Sync 1 DAGs
[2025-11-08T11:25:35.847+0000] {logging_mixin.py:190} INFO - [2025-11-08T11:25:35.847+0000] {dag.py:4180} INFO - Setting next_dagrun for input_data_dag to 2025-11-01 00:00:00+00:00, run_after=2025-12-01 00:00:00+00:00
[2025-11-08T11:25:35.977+0000] {processor.py:208} INFO - Processing /opt/airflow/dags/input_data_dag.py took 0.202 seconds
[2025-11-08T11:26:06.786+0000] {processor.py:186} INFO - Started process (PID=563) to work on /opt/airflow/dags/input_data_dag.py
[2025-11-08T11:26:06.791+0000] {processor.py:914} INFO - Processing file /opt/airflow/dags/input_data_dag.py for tasks to queue
[2025-11-08T11:26:06.794+0000] {logging_mixin.py:190} INFO - [2025-11-08T11:26:06.794+0000] {dagbag.py:588} INFO - Filling up the DagBag from /opt/airflow/dags/input_data_dag.py
[2025-11-08T11:26:06.843+0000] {processor.py:925} INFO - DAG(s) 'input_data_dag' retrieved from /opt/airflow/dags/input_data_dag.py
[2025-11-08T11:26:06.857+0000] {logging_mixin.py:190} INFO - [2025-11-08T11:26:06.856+0000] {dag.py:3239} INFO - Sync 1 DAGs
[2025-11-08T11:26:06.869+0000] {logging_mixin.py:190} INFO - [2025-11-08T11:26:06.869+0000] {dag.py:4180} INFO - Setting next_dagrun for input_data_dag to 2025-11-01 00:00:00+00:00, run_after=2025-12-01 00:00:00+00:00
[2025-11-08T11:26:06.882+0000] {processor.py:208} INFO - Processing /opt/airflow/dags/input_data_dag.py took 0.104 seconds
[2025-11-08T11:26:37.144+0000] {processor.py:186} INFO - Started process (PID=627) to work on /opt/airflow/dags/input_data_dag.py
[2025-11-08T11:26:37.145+0000] {processor.py:914} INFO - Processing file /opt/airflow/dags/input_data_dag.py for tasks to queue
[2025-11-08T11:26:37.146+0000] {logging_mixin.py:190} INFO - [2025-11-08T11:26:37.146+0000] {dagbag.py:588} INFO - Filling up the DagBag from /opt/airflow/dags/input_data_dag.py
[2025-11-08T11:26:37.189+0000] {processor.py:925} INFO - DAG(s) 'input_data_dag' retrieved from /opt/airflow/dags/input_data_dag.py
[2025-11-08T11:26:37.202+0000] {logging_mixin.py:190} INFO - [2025-11-08T11:26:37.202+0000] {dag.py:3239} INFO - Sync 1 DAGs
[2025-11-08T11:26:37.216+0000] {logging_mixin.py:190} INFO - [2025-11-08T11:26:37.216+0000] {dag.py:4180} INFO - Setting next_dagrun for input_data_dag to 2025-11-01 00:00:00+00:00, run_after=2025-12-01 00:00:00+00:00
[2025-11-08T11:26:37.227+0000] {processor.py:208} INFO - Processing /opt/airflow/dags/input_data_dag.py took 0.087 seconds
[2025-11-08T11:27:07.301+0000] {processor.py:186} INFO - Started process (PID=691) to work on /opt/airflow/dags/input_data_dag.py
[2025-11-08T11:27:07.306+0000] {processor.py:914} INFO - Processing file /opt/airflow/dags/input_data_dag.py for tasks to queue
[2025-11-08T11:27:07.308+0000] {logging_mixin.py:190} INFO - [2025-11-08T11:27:07.307+0000] {dagbag.py:588} INFO - Filling up the DagBag from /opt/airflow/dags/input_data_dag.py
[2025-11-08T11:27:07.356+0000] {processor.py:925} INFO - DAG(s) 'input_data_dag' retrieved from /opt/airflow/dags/input_data_dag.py
[2025-11-08T11:27:07.365+0000] {logging_mixin.py:190} INFO - [2025-11-08T11:27:07.365+0000] {dag.py:3239} INFO - Sync 1 DAGs
[2025-11-08T11:27:07.377+0000] {logging_mixin.py:190} INFO - [2025-11-08T11:27:07.377+0000] {dag.py:4180} INFO - Setting next_dagrun for input_data_dag to 2025-11-01 00:00:00+00:00, run_after=2025-12-01 00:00:00+00:00
[2025-11-08T11:27:07.429+0000] {processor.py:208} INFO - Processing /opt/airflow/dags/input_data_dag.py took 0.134 seconds
[2025-11-08T11:27:37.563+0000] {processor.py:186} INFO - Started process (PID=755) to work on /opt/airflow/dags/input_data_dag.py
[2025-11-08T11:27:37.564+0000] {processor.py:914} INFO - Processing file /opt/airflow/dags/input_data_dag.py for tasks to queue
[2025-11-08T11:27:37.566+0000] {logging_mixin.py:190} INFO - [2025-11-08T11:27:37.565+0000] {dagbag.py:588} INFO - Filling up the DagBag from /opt/airflow/dags/input_data_dag.py
[2025-11-08T11:27:37.630+0000] {processor.py:925} INFO - DAG(s) 'input_data_dag' retrieved from /opt/airflow/dags/input_data_dag.py
[2025-11-08T11:27:37.644+0000] {logging_mixin.py:190} INFO - [2025-11-08T11:27:37.644+0000] {dag.py:3239} INFO - Sync 1 DAGs
[2025-11-08T11:27:37.660+0000] {logging_mixin.py:190} INFO - [2025-11-08T11:27:37.660+0000] {dag.py:4180} INFO - Setting next_dagrun for input_data_dag to 2025-11-01 00:00:00+00:00, run_after=2025-12-01 00:00:00+00:00
[2025-11-08T11:27:37.673+0000] {processor.py:208} INFO - Processing /opt/airflow/dags/input_data_dag.py took 0.114 seconds
[2025-11-08T11:28:08.442+0000] {processor.py:186} INFO - Started process (PID=819) to work on /opt/airflow/dags/input_data_dag.py
[2025-11-08T11:28:08.443+0000] {processor.py:914} INFO - Processing file /opt/airflow/dags/input_data_dag.py for tasks to queue
[2025-11-08T11:28:08.445+0000] {logging_mixin.py:190} INFO - [2025-11-08T11:28:08.445+0000] {dagbag.py:588} INFO - Filling up the DagBag from /opt/airflow/dags/input_data_dag.py
[2025-11-08T11:28:08.612+0000] {processor.py:925} INFO - DAG(s) 'input_data_dag' retrieved from /opt/airflow/dags/input_data_dag.py
[2025-11-08T11:28:08.629+0000] {logging_mixin.py:190} INFO - [2025-11-08T11:28:08.628+0000] {dag.py:3239} INFO - Sync 1 DAGs
[2025-11-08T11:28:08.650+0000] {logging_mixin.py:190} INFO - [2025-11-08T11:28:08.650+0000] {dag.py:4180} INFO - Setting next_dagrun for input_data_dag to 2025-11-01 00:00:00+00:00, run_after=2025-12-01 00:00:00+00:00
[2025-11-08T11:28:08.669+0000] {processor.py:208} INFO - Processing /opt/airflow/dags/input_data_dag.py took 0.236 seconds
