[2025-11-11T23:23:53.788+0000] {local_task_job_runner.py:123} INFO - ::group::Pre task execution logs
[2025-11-11T23:23:53.817+0000] {taskinstance.py:2631} INFO - Dependencies all met for dep_context=non-requeueable deps ti=<TaskInstance: inserting_data_on_labelstudio_dag.inserting_data_on_labelstudio manual__2025-11-11T23:23:49.585617+00:00 [queued]>
[2025-11-11T23:23:53.830+0000] {taskinstance.py:2631} INFO - Dependencies all met for dep_context=requeueable deps ti=<TaskInstance: inserting_data_on_labelstudio_dag.inserting_data_on_labelstudio manual__2025-11-11T23:23:49.585617+00:00 [queued]>
[2025-11-11T23:23:53.830+0000] {taskinstance.py:2884} INFO - Starting attempt 1 of 1
[2025-11-11T23:23:53.850+0000] {taskinstance.py:2907} INFO - Executing <Task(PythonOperator): inserting_data_on_labelstudio> on 2025-11-11 23:23:49.585617+00:00
[2025-11-11T23:23:53.864+0000] {warnings.py:112} WARNING - /home/***/.local/lib/python3.12/site-packages/***/task/task_runner/standard_task_runner.py:70: DeprecationWarning: This process (pid=235) is multi-threaded, use of fork() may lead to deadlocks in the child.
  pid = os.fork()

[2025-11-11T23:23:53.867+0000] {standard_task_runner.py:72} INFO - Started process 237 to run task
[2025-11-11T23:23:53.868+0000] {standard_task_runner.py:104} INFO - Running: ['***', 'tasks', 'run', 'inserting_data_on_labelstudio_dag', 'inserting_data_on_labelstudio', 'manual__2025-11-11T23:23:49.585617+00:00', '--job-id', '233', '--raw', '--subdir', 'DAGS_FOLDER/inserting_data_on_labelstudio.py', '--cfg-path', '/tmp/tmp2sz03ibs']
[2025-11-11T23:23:53.869+0000] {standard_task_runner.py:105} INFO - Job 233: Subtask inserting_data_on_labelstudio
[2025-11-11T23:23:53.942+0000] {task_command.py:467} INFO - Running <TaskInstance: inserting_data_on_labelstudio_dag.inserting_data_on_labelstudio manual__2025-11-11T23:23:49.585617+00:00 [running]> on host f9d77d9ba6d8
[2025-11-11T23:23:54.121+0000] {taskinstance.py:3157} INFO - Exporting env vars: AIRFLOW_CTX_DAG_OWNER='***' AIRFLOW_CTX_DAG_ID='inserting_data_on_labelstudio_dag' AIRFLOW_CTX_TASK_ID='inserting_data_on_labelstudio' AIRFLOW_CTX_EXECUTION_DATE='2025-11-11T23:23:49.585617+00:00' AIRFLOW_CTX_TRY_NUMBER='1' AIRFLOW_CTX_DAG_RUN_ID='manual__2025-11-11T23:23:49.585617+00:00'
[2025-11-11T23:23:54.124+0000] {logging_mixin.py:190} INFO - Task instance is in running state
[2025-11-11T23:23:54.124+0000] {logging_mixin.py:190} INFO -  Previous state of the Task instance: queued
[2025-11-11T23:23:54.125+0000] {logging_mixin.py:190} INFO - Current task name:inserting_data_on_labelstudio state:running start_date:2025-11-11 23:23:53.818436+00:00
[2025-11-11T23:23:54.125+0000] {logging_mixin.py:190} INFO - Dag name:inserting_data_on_labelstudio_dag and current dag run status:running
[2025-11-11T23:23:54.126+0000] {taskinstance.py:740} INFO - ::endgroup::
[2025-11-11T23:23:54.502+0000] {logging_mixin.py:190} INFO - 🚀 218 tarefas enviadas com sucesso para o Label Studio!
[2025-11-11T23:23:54.505+0000] {python.py:240} INFO - Done. Returned value was: None
[2025-11-11T23:23:54.519+0000] {taskinstance.py:349} INFO - ::group::Post task execution logs
[2025-11-11T23:23:54.520+0000] {taskinstance.py:361} INFO - Marking task as SUCCESS. dag_id=inserting_data_on_labelstudio_dag, task_id=inserting_data_on_labelstudio, run_id=manual__2025-11-11T23:23:49.585617+00:00, execution_date=20251111T232349, start_date=20251111T232353, end_date=20251111T232354
[2025-11-11T23:23:54.563+0000] {logging_mixin.py:190} INFO - Task instance in success state
[2025-11-11T23:23:54.564+0000] {logging_mixin.py:190} INFO -  Previous state of the Task instance: running
[2025-11-11T23:23:54.564+0000] {logging_mixin.py:190} INFO - Dag name:inserting_data_on_labelstudio_dag queued_at:2025-11-11 23:23:49.600822+00:00
[2025-11-11T23:23:54.565+0000] {logging_mixin.py:190} INFO - Task hostname:f9d77d9ba6d8 operator:PythonOperator
[2025-11-11T23:23:54.603+0000] {local_task_job_runner.py:266} INFO - Task exited with return code 0
[2025-11-11T23:23:54.634+0000] {taskinstance.py:3924} INFO - 0 downstream tasks scheduled from follow-on schedule check
[2025-11-11T23:23:54.637+0000] {local_task_job_runner.py:245} INFO - ::endgroup::
