[2025-11-12T23:14:13.313+0000] {local_task_job_runner.py:123} INFO - ::group::Pre task execution logs
[2025-11-12T23:14:13.328+0000] {taskinstance.py:2631} INFO - Dependencies all met for dep_context=non-requeueable deps ti=<TaskInstance: input_data_dag.input_data scheduled__2025-10-01T00:00:00+00:00 [queued]>
[2025-11-12T23:14:13.336+0000] {taskinstance.py:2631} INFO - Dependencies all met for dep_context=requeueable deps ti=<TaskInstance: input_data_dag.input_data scheduled__2025-10-01T00:00:00+00:00 [queued]>
[2025-11-12T23:14:13.336+0000] {taskinstance.py:2884} INFO - Starting attempt 2 of 1
[2025-11-12T23:14:13.346+0000] {taskinstance.py:2907} INFO - Executing <Task(PythonOperator): input_data> on 2025-10-01 00:00:00+00:00
[2025-11-12T23:14:13.352+0000] {warnings.py:112} WARNING - /home/***/.local/lib/python3.12/site-packages/***/task/task_runner/standard_task_runner.py:70: DeprecationWarning: This process (pid=153) is multi-threaded, use of fork() may lead to deadlocks in the child.
  pid = os.fork()

[2025-11-12T23:14:13.352+0000] {standard_task_runner.py:72} INFO - Started process 163 to run task
[2025-11-12T23:14:13.353+0000] {standard_task_runner.py:104} INFO - Running: ['***', 'tasks', 'run', 'input_data_dag', 'input_data', 'scheduled__2025-10-01T00:00:00+00:00', '--job-id', '337', '--raw', '--subdir', 'DAGS_FOLDER/input_data_dag.py', '--cfg-path', '/tmp/tmpseycj96b']
[2025-11-12T23:14:13.354+0000] {standard_task_runner.py:105} INFO - Job 337: Subtask input_data
[2025-11-12T23:14:13.381+0000] {task_command.py:467} INFO - Running <TaskInstance: input_data_dag.input_data scheduled__2025-10-01T00:00:00+00:00 [running]> on host d10076d5890f
[2025-11-12T23:14:13.439+0000] {taskinstance.py:3157} INFO - Exporting env vars: AIRFLOW_CTX_DAG_OWNER='***' AIRFLOW_CTX_DAG_ID='input_data_dag' AIRFLOW_CTX_TASK_ID='input_data' AIRFLOW_CTX_EXECUTION_DATE='2025-10-01T00:00:00+00:00' AIRFLOW_CTX_TRY_NUMBER='2' AIRFLOW_CTX_DAG_RUN_ID='scheduled__2025-10-01T00:00:00+00:00'
[2025-11-12T23:14:13.439+0000] {logging_mixin.py:190} INFO - Task instance is in running state
[2025-11-12T23:14:13.439+0000] {logging_mixin.py:190} INFO -  Previous state of the Task instance: queued
[2025-11-12T23:14:13.440+0000] {logging_mixin.py:190} INFO - Current task name:input_data state:running start_date:2025-11-12 23:14:13.328904+00:00
[2025-11-12T23:14:13.440+0000] {logging_mixin.py:190} INFO - Dag name:input_data_dag and current dag run status:running
[2025-11-12T23:14:13.440+0000] {taskinstance.py:740} INFO - ::endgroup::
[2025-11-12T23:14:14.216+0000] {python.py:240} INFO - Done. Returned value was: None
[2025-11-12T23:14:14.225+0000] {taskinstance.py:349} INFO - ::group::Post task execution logs
[2025-11-12T23:14:14.225+0000] {taskinstance.py:361} INFO - Marking task as SUCCESS. dag_id=input_data_dag, task_id=input_data, run_id=scheduled__2025-10-01T00:00:00+00:00, execution_date=20251001T000000, start_date=20251112T231413, end_date=20251112T231414
[2025-11-12T23:14:14.243+0000] {logging_mixin.py:190} INFO - Task instance in success state
[2025-11-12T23:14:14.243+0000] {logging_mixin.py:190} INFO -  Previous state of the Task instance: running
[2025-11-12T23:14:14.243+0000] {logging_mixin.py:190} INFO - Dag name:input_data_dag queued_at:2025-11-12 22:56:12.820560+00:00
[2025-11-12T23:14:14.243+0000] {logging_mixin.py:190} INFO - Task hostname:d10076d5890f operator:PythonOperator
[2025-11-12T23:14:14.288+0000] {local_task_job_runner.py:266} INFO - Task exited with return code 0
[2025-11-12T23:14:14.311+0000] {taskinstance.py:3924} INFO - 0 downstream tasks scheduled from follow-on schedule check
[2025-11-12T23:14:14.316+0000] {local_task_job_runner.py:245} INFO - ::endgroup::
