[2025-11-06T22:19:27.791+0000] {local_task_job_runner.py:123} INFO - ::group::Pre task execution logs
[2025-11-06T22:19:27.810+0000] {taskinstance.py:2631} INFO - Dependencies all met for dep_context=non-requeueable deps ti=<TaskInstance: input_data_dag.input_data manual__2025-11-06T22:19:25.965897+00:00 [queued]>
[2025-11-06T22:19:27.819+0000] {taskinstance.py:2631} INFO - Dependencies all met for dep_context=requeueable deps ti=<TaskInstance: input_data_dag.input_data manual__2025-11-06T22:19:25.965897+00:00 [queued]>
[2025-11-06T22:19:27.820+0000] {taskinstance.py:2884} INFO - Starting attempt 1 of 1
[2025-11-06T22:19:27.836+0000] {taskinstance.py:2907} INFO - Executing <Task(PythonOperator): input_data> on 2025-11-06 22:19:25.965897+00:00
[2025-11-06T22:19:27.847+0000] {warnings.py:112} WARNING - /home/***/.local/lib/python3.12/site-packages/***/task/task_runner/standard_task_runner.py:70: DeprecationWarning: This process (pid=361) is multi-threaded, use of fork() may lead to deadlocks in the child.
  pid = os.fork()

[2025-11-06T22:19:27.848+0000] {standard_task_runner.py:72} INFO - Started process 373 to run task
[2025-11-06T22:19:27.849+0000] {standard_task_runner.py:104} INFO - Running: ['***', 'tasks', 'run', 'input_data_dag', 'input_data', 'manual__2025-11-06T22:19:25.965897+00:00', '--job-id', '41', '--raw', '--subdir', 'DAGS_FOLDER/input_data_dag.py', '--cfg-path', '/tmp/tmpgop0bo9w']
[2025-11-06T22:19:27.849+0000] {standard_task_runner.py:105} INFO - Job 41: Subtask input_data
[2025-11-06T22:19:27.942+0000] {task_command.py:467} INFO - Running <TaskInstance: input_data_dag.input_data manual__2025-11-06T22:19:25.965897+00:00 [running]> on host 127da4241ae8
[2025-11-06T22:19:28.618+0000] {taskinstance.py:3157} INFO - Exporting env vars: AIRFLOW_CTX_DAG_OWNER='***' AIRFLOW_CTX_DAG_ID='input_data_dag' AIRFLOW_CTX_TASK_ID='input_data' AIRFLOW_CTX_EXECUTION_DATE='2025-11-06T22:19:25.965897+00:00' AIRFLOW_CTX_TRY_NUMBER='1' AIRFLOW_CTX_DAG_RUN_ID='manual__2025-11-06T22:19:25.965897+00:00'
[2025-11-06T22:19:28.620+0000] {logging_mixin.py:190} INFO - Task instance is in running state
[2025-11-06T22:19:28.621+0000] {logging_mixin.py:190} INFO -  Previous state of the Task instance: queued
[2025-11-06T22:19:28.621+0000] {logging_mixin.py:190} INFO - Current task name:input_data state:running start_date:2025-11-06 22:19:27.810506+00:00
[2025-11-06T22:19:28.622+0000] {logging_mixin.py:190} INFO - Dag name:input_data_dag and current dag run status:running
[2025-11-06T22:19:28.622+0000] {taskinstance.py:740} INFO - ::endgroup::
[2025-11-06T22:19:29.434+0000] {python.py:240} INFO - Done. Returned value was: None
[2025-11-06T22:19:29.450+0000] {taskinstance.py:349} INFO - ::group::Post task execution logs
[2025-11-06T22:19:29.450+0000] {taskinstance.py:361} INFO - Marking task as SUCCESS. dag_id=input_data_dag, task_id=input_data, run_id=manual__2025-11-06T22:19:25.965897+00:00, execution_date=20251106T221925, start_date=20251106T221927, end_date=20251106T221929
[2025-11-06T22:19:29.497+0000] {logging_mixin.py:190} INFO - Task instance in success state
[2025-11-06T22:19:29.498+0000] {logging_mixin.py:190} INFO -  Previous state of the Task instance: running
[2025-11-06T22:19:29.498+0000] {logging_mixin.py:190} INFO - Dag name:input_data_dag queued_at:2025-11-06 22:19:25.985948+00:00
[2025-11-06T22:19:29.499+0000] {logging_mixin.py:190} INFO - Task hostname:127da4241ae8 operator:PythonOperator
[2025-11-06T22:19:29.547+0000] {local_task_job_runner.py:266} INFO - Task exited with return code 0
[2025-11-06T22:19:29.575+0000] {taskinstance.py:3924} INFO - 0 downstream tasks scheduled from follow-on schedule check
[2025-11-06T22:19:29.579+0000] {local_task_job_runner.py:245} INFO - ::endgroup::
