[2025-11-12T22:42:45.406+0000] {local_task_job_runner.py:123} INFO - ::group::Pre task execution logs
[2025-11-12T22:42:45.440+0000] {taskinstance.py:2631} INFO - Dependencies all met for dep_context=non-requeueable deps ti=<TaskInstance: input_data_dag.input_data manual__2025-11-12T22:42:42.526863+00:00 [queued]>
[2025-11-12T22:42:45.461+0000] {taskinstance.py:2631} INFO - Dependencies all met for dep_context=requeueable deps ti=<TaskInstance: input_data_dag.input_data manual__2025-11-12T22:42:42.526863+00:00 [queued]>
[2025-11-12T22:42:45.461+0000] {taskinstance.py:2884} INFO - Starting attempt 1 of 1
[2025-11-12T22:42:45.490+0000] {taskinstance.py:2907} INFO - Executing <Task(PythonOperator): input_data> on 2025-11-12 22:42:42.526863+00:00
[2025-11-12T22:42:45.507+0000] {warnings.py:112} WARNING - /home/***/.local/lib/python3.12/site-packages/***/task/task_runner/standard_task_runner.py:70: DeprecationWarning: This process (pid=155) is multi-threaded, use of fork() may lead to deadlocks in the child.
  pid = os.fork()

[2025-11-12T22:42:45.510+0000] {standard_task_runner.py:72} INFO - Started process 163 to run task
[2025-11-12T22:42:45.511+0000] {standard_task_runner.py:104} INFO - Running: ['***', 'tasks', 'run', 'input_data_dag', 'input_data', 'manual__2025-11-12T22:42:42.526863+00:00', '--job-id', '261', '--raw', '--subdir', 'DAGS_FOLDER/input_data_dag.py', '--cfg-path', '/tmp/tmpw1q1qi55']
[2025-11-12T22:42:45.513+0000] {standard_task_runner.py:105} INFO - Job 261: Subtask input_data
[2025-11-12T22:42:45.608+0000] {task_command.py:467} INFO - Running <TaskInstance: input_data_dag.input_data manual__2025-11-12T22:42:42.526863+00:00 [running]> on host 00412c1de430
[2025-11-12T22:42:45.693+0000] {taskinstance.py:3157} INFO - Exporting env vars: AIRFLOW_CTX_DAG_OWNER='***' AIRFLOW_CTX_DAG_ID='input_data_dag' AIRFLOW_CTX_TASK_ID='input_data' AIRFLOW_CTX_EXECUTION_DATE='2025-11-12T22:42:42.526863+00:00' AIRFLOW_CTX_TRY_NUMBER='1' AIRFLOW_CTX_DAG_RUN_ID='manual__2025-11-12T22:42:42.526863+00:00'
[2025-11-12T22:42:45.694+0000] {logging_mixin.py:190} INFO - Task instance is in running state
[2025-11-12T22:42:45.695+0000] {logging_mixin.py:190} INFO -  Previous state of the Task instance: queued
[2025-11-12T22:42:45.695+0000] {logging_mixin.py:190} INFO - Current task name:input_data state:running start_date:2025-11-12 22:42:45.441418+00:00
[2025-11-12T22:42:45.695+0000] {logging_mixin.py:190} INFO - Dag name:input_data_dag and current dag run status:running
[2025-11-12T22:42:45.695+0000] {taskinstance.py:740} INFO - ::endgroup::
[2025-11-12T22:42:46.745+0000] {python.py:240} INFO - Done. Returned value was: None
[2025-11-12T22:42:46.757+0000] {taskinstance.py:349} INFO - ::group::Post task execution logs
[2025-11-12T22:42:46.757+0000] {taskinstance.py:361} INFO - Marking task as SUCCESS. dag_id=input_data_dag, task_id=input_data, run_id=manual__2025-11-12T22:42:42.526863+00:00, execution_date=20251112T224242, start_date=20251112T224245, end_date=20251112T224246
[2025-11-12T22:42:46.784+0000] {logging_mixin.py:190} INFO - Task instance in success state
[2025-11-12T22:42:46.784+0000] {logging_mixin.py:190} INFO -  Previous state of the Task instance: running
[2025-11-12T22:42:46.784+0000] {logging_mixin.py:190} INFO - Dag name:input_data_dag queued_at:2025-11-12 22:42:42.567539+00:00
[2025-11-12T22:42:46.784+0000] {logging_mixin.py:190} INFO - Task hostname:00412c1de430 operator:PythonOperator
[2025-11-12T22:42:46.810+0000] {local_task_job_runner.py:266} INFO - Task exited with return code 0
[2025-11-12T22:42:46.829+0000] {taskinstance.py:3924} INFO - 0 downstream tasks scheduled from follow-on schedule check
[2025-11-12T22:42:46.831+0000] {local_task_job_runner.py:245} INFO - ::endgroup::
