[2025-11-07T14:24:25.347+0000] {processor.py:186} INFO - Started process (PID=57) to work on /home/airflow/.local/lib/python3.12/site-packages/airflow/example_dags/example_branch_operator_decorator.py
[2025-11-07T14:24:25.348+0000] {processor.py:914} INFO - Processing file /home/airflow/.local/lib/python3.12/site-packages/airflow/example_dags/example_branch_operator_decorator.py for tasks to queue
[2025-11-07T14:24:25.351+0000] {logging_mixin.py:190} INFO - [2025-11-07T14:24:25.350+0000] {dagbag.py:588} INFO - Filling up the DagBag from /home/airflow/.local/lib/python3.12/site-packages/airflow/example_dags/example_branch_operator_decorator.py
[2025-11-07T14:24:25.370+0000] {processor.py:925} INFO - DAG(s) 'example_branch_python_operator_decorator' retrieved from /home/airflow/.local/lib/python3.12/site-packages/airflow/example_dags/example_branch_operator_decorator.py
[2025-11-07T14:24:25.567+0000] {logging_mixin.py:190} INFO - [2025-11-07T14:24:25.567+0000] {dag.py:3239} INFO - Sync 1 DAGs
[2025-11-07T14:24:25.598+0000] {logging_mixin.py:190} INFO - [2025-11-07T14:24:25.598+0000] {dag.py:4180} INFO - Setting next_dagrun for example_branch_python_operator_decorator to 2025-11-06 00:00:00+00:00, run_after=2025-11-07 00:00:00+00:00
[2025-11-07T14:24:25.623+0000] {processor.py:208} INFO - Processing /home/airflow/.local/lib/python3.12/site-packages/airflow/example_dags/example_branch_operator_decorator.py took 0.281 seconds
[2025-11-07T14:24:55.733+0000] {processor.py:186} INFO - Started process (PID=126) to work on /home/airflow/.local/lib/python3.12/site-packages/airflow/example_dags/example_branch_operator_decorator.py
[2025-11-07T14:24:55.734+0000] {processor.py:914} INFO - Processing file /home/airflow/.local/lib/python3.12/site-packages/airflow/example_dags/example_branch_operator_decorator.py for tasks to queue
[2025-11-07T14:24:55.736+0000] {logging_mixin.py:190} INFO - [2025-11-07T14:24:55.736+0000] {dagbag.py:588} INFO - Filling up the DagBag from /home/airflow/.local/lib/python3.12/site-packages/airflow/example_dags/example_branch_operator_decorator.py
[2025-11-07T14:24:55.754+0000] {processor.py:925} INFO - DAG(s) 'example_branch_python_operator_decorator' retrieved from /home/airflow/.local/lib/python3.12/site-packages/airflow/example_dags/example_branch_operator_decorator.py
[2025-11-07T14:24:55.771+0000] {logging_mixin.py:190} INFO - [2025-11-07T14:24:55.771+0000] {dag.py:3239} INFO - Sync 1 DAGs
[2025-11-07T14:24:55.786+0000] {logging_mixin.py:190} INFO - [2025-11-07T14:24:55.786+0000] {dag.py:4180} INFO - Setting next_dagrun for example_branch_python_operator_decorator to 2025-11-06 00:00:00+00:00, run_after=2025-11-07 00:00:00+00:00
[2025-11-07T14:24:55.799+0000] {processor.py:208} INFO - Processing /home/airflow/.local/lib/python3.12/site-packages/airflow/example_dags/example_branch_operator_decorator.py took 0.072 seconds
[2025-11-07T14:25:26.997+0000] {processor.py:186} INFO - Started process (PID=191) to work on /home/airflow/.local/lib/python3.12/site-packages/airflow/example_dags/example_branch_operator_decorator.py
[2025-11-07T14:25:26.998+0000] {processor.py:914} INFO - Processing file /home/airflow/.local/lib/python3.12/site-packages/airflow/example_dags/example_branch_operator_decorator.py for tasks to queue
[2025-11-07T14:25:26.999+0000] {logging_mixin.py:190} INFO - [2025-11-07T14:25:26.999+0000] {dagbag.py:588} INFO - Filling up the DagBag from /home/airflow/.local/lib/python3.12/site-packages/airflow/example_dags/example_branch_operator_decorator.py
[2025-11-07T14:25:27.028+0000] {processor.py:925} INFO - DAG(s) 'example_branch_python_operator_decorator' retrieved from /home/airflow/.local/lib/python3.12/site-packages/airflow/example_dags/example_branch_operator_decorator.py
[2025-11-07T14:25:27.069+0000] {logging_mixin.py:190} INFO - [2025-11-07T14:25:27.069+0000] {dag.py:3239} INFO - Sync 1 DAGs
[2025-11-07T14:25:27.100+0000] {logging_mixin.py:190} INFO - [2025-11-07T14:25:27.100+0000] {dag.py:4180} INFO - Setting next_dagrun for example_branch_python_operator_decorator to 2025-11-06 00:00:00+00:00, run_after=2025-11-07 00:00:00+00:00
[2025-11-07T14:25:27.119+0000] {processor.py:208} INFO - Processing /home/airflow/.local/lib/python3.12/site-packages/airflow/example_dags/example_branch_operator_decorator.py took 0.129 seconds
[2025-11-07T14:25:58.116+0000] {processor.py:186} INFO - Started process (PID=255) to work on /home/airflow/.local/lib/python3.12/site-packages/airflow/example_dags/example_branch_operator_decorator.py
[2025-11-07T14:25:58.116+0000] {processor.py:914} INFO - Processing file /home/airflow/.local/lib/python3.12/site-packages/airflow/example_dags/example_branch_operator_decorator.py for tasks to queue
[2025-11-07T14:25:58.119+0000] {logging_mixin.py:190} INFO - [2025-11-07T14:25:58.118+0000] {dagbag.py:588} INFO - Filling up the DagBag from /home/airflow/.local/lib/python3.12/site-packages/airflow/example_dags/example_branch_operator_decorator.py
[2025-11-07T14:25:58.148+0000] {processor.py:925} INFO - DAG(s) 'example_branch_python_operator_decorator' retrieved from /home/airflow/.local/lib/python3.12/site-packages/airflow/example_dags/example_branch_operator_decorator.py
[2025-11-07T14:25:58.181+0000] {logging_mixin.py:190} INFO - [2025-11-07T14:25:58.180+0000] {dag.py:3239} INFO - Sync 1 DAGs
[2025-11-07T14:25:58.202+0000] {logging_mixin.py:190} INFO - [2025-11-07T14:25:58.202+0000] {dag.py:4180} INFO - Setting next_dagrun for example_branch_python_operator_decorator to 2025-11-06 00:00:00+00:00, run_after=2025-11-07 00:00:00+00:00
[2025-11-07T14:25:58.220+0000] {processor.py:208} INFO - Processing /home/airflow/.local/lib/python3.12/site-packages/airflow/example_dags/example_branch_operator_decorator.py took 0.110 seconds
[2025-11-07T14:26:29.451+0000] {processor.py:186} INFO - Started process (PID=319) to work on /home/airflow/.local/lib/python3.12/site-packages/airflow/example_dags/example_branch_operator_decorator.py
[2025-11-07T14:26:29.452+0000] {processor.py:914} INFO - Processing file /home/airflow/.local/lib/python3.12/site-packages/airflow/example_dags/example_branch_operator_decorator.py for tasks to queue
[2025-11-07T14:26:29.453+0000] {logging_mixin.py:190} INFO - [2025-11-07T14:26:29.453+0000] {dagbag.py:588} INFO - Filling up the DagBag from /home/airflow/.local/lib/python3.12/site-packages/airflow/example_dags/example_branch_operator_decorator.py
[2025-11-07T14:26:29.465+0000] {processor.py:925} INFO - DAG(s) 'example_branch_python_operator_decorator' retrieved from /home/airflow/.local/lib/python3.12/site-packages/airflow/example_dags/example_branch_operator_decorator.py
[2025-11-07T14:26:29.488+0000] {logging_mixin.py:190} INFO - [2025-11-07T14:26:29.488+0000] {dag.py:3239} INFO - Sync 1 DAGs
[2025-11-07T14:26:29.502+0000] {logging_mixin.py:190} INFO - [2025-11-07T14:26:29.502+0000] {dag.py:4180} INFO - Setting next_dagrun for example_branch_python_operator_decorator to 2025-11-06 00:00:00+00:00, run_after=2025-11-07 00:00:00+00:00
[2025-11-07T14:26:29.514+0000] {processor.py:208} INFO - Processing /home/airflow/.local/lib/python3.12/site-packages/airflow/example_dags/example_branch_operator_decorator.py took 0.067 seconds
[2025-11-07T14:27:00.400+0000] {processor.py:186} INFO - Started process (PID=383) to work on /home/airflow/.local/lib/python3.12/site-packages/airflow/example_dags/example_branch_operator_decorator.py
[2025-11-07T14:27:00.401+0000] {processor.py:914} INFO - Processing file /home/airflow/.local/lib/python3.12/site-packages/airflow/example_dags/example_branch_operator_decorator.py for tasks to queue
[2025-11-07T14:27:00.402+0000] {logging_mixin.py:190} INFO - [2025-11-07T14:27:00.402+0000] {dagbag.py:588} INFO - Filling up the DagBag from /home/airflow/.local/lib/python3.12/site-packages/airflow/example_dags/example_branch_operator_decorator.py
[2025-11-07T14:27:00.416+0000] {processor.py:925} INFO - DAG(s) 'example_branch_python_operator_decorator' retrieved from /home/airflow/.local/lib/python3.12/site-packages/airflow/example_dags/example_branch_operator_decorator.py
[2025-11-07T14:27:00.452+0000] {logging_mixin.py:190} INFO - [2025-11-07T14:27:00.452+0000] {dag.py:3239} INFO - Sync 1 DAGs
[2025-11-07T14:27:00.475+0000] {logging_mixin.py:190} INFO - [2025-11-07T14:27:00.474+0000] {dag.py:4180} INFO - Setting next_dagrun for example_branch_python_operator_decorator to 2025-11-06 00:00:00+00:00, run_after=2025-11-07 00:00:00+00:00
[2025-11-07T14:27:00.492+0000] {processor.py:208} INFO - Processing /home/airflow/.local/lib/python3.12/site-packages/airflow/example_dags/example_branch_operator_decorator.py took 0.095 seconds
[2025-11-07T14:27:31.653+0000] {processor.py:186} INFO - Started process (PID=447) to work on /home/airflow/.local/lib/python3.12/site-packages/airflow/example_dags/example_branch_operator_decorator.py
[2025-11-07T14:27:31.656+0000] {processor.py:914} INFO - Processing file /home/airflow/.local/lib/python3.12/site-packages/airflow/example_dags/example_branch_operator_decorator.py for tasks to queue
[2025-11-07T14:27:31.659+0000] {logging_mixin.py:190} INFO - [2025-11-07T14:27:31.658+0000] {dagbag.py:588} INFO - Filling up the DagBag from /home/airflow/.local/lib/python3.12/site-packages/airflow/example_dags/example_branch_operator_decorator.py
[2025-11-07T14:27:31.686+0000] {processor.py:925} INFO - DAG(s) 'example_branch_python_operator_decorator' retrieved from /home/airflow/.local/lib/python3.12/site-packages/airflow/example_dags/example_branch_operator_decorator.py
[2025-11-07T14:27:31.709+0000] {logging_mixin.py:190} INFO - [2025-11-07T14:27:31.709+0000] {dag.py:3239} INFO - Sync 1 DAGs
[2025-11-07T14:27:31.727+0000] {logging_mixin.py:190} INFO - [2025-11-07T14:27:31.727+0000] {dag.py:4180} INFO - Setting next_dagrun for example_branch_python_operator_decorator to 2025-11-06 00:00:00+00:00, run_after=2025-11-07 00:00:00+00:00
[2025-11-07T14:27:31.742+0000] {processor.py:208} INFO - Processing /home/airflow/.local/lib/python3.12/site-packages/airflow/example_dags/example_branch_operator_decorator.py took 0.097 seconds
[2025-11-07T14:28:03.068+0000] {processor.py:186} INFO - Started process (PID=511) to work on /home/airflow/.local/lib/python3.12/site-packages/airflow/example_dags/example_branch_operator_decorator.py
[2025-11-07T14:28:03.069+0000] {processor.py:914} INFO - Processing file /home/airflow/.local/lib/python3.12/site-packages/airflow/example_dags/example_branch_operator_decorator.py for tasks to queue
[2025-11-07T14:28:03.071+0000] {logging_mixin.py:190} INFO - [2025-11-07T14:28:03.071+0000] {dagbag.py:588} INFO - Filling up the DagBag from /home/airflow/.local/lib/python3.12/site-packages/airflow/example_dags/example_branch_operator_decorator.py
[2025-11-07T14:28:03.102+0000] {processor.py:925} INFO - DAG(s) 'example_branch_python_operator_decorator' retrieved from /home/airflow/.local/lib/python3.12/site-packages/airflow/example_dags/example_branch_operator_decorator.py
[2025-11-07T14:28:03.142+0000] {logging_mixin.py:190} INFO - [2025-11-07T14:28:03.141+0000] {dag.py:3239} INFO - Sync 1 DAGs
[2025-11-07T14:28:03.167+0000] {logging_mixin.py:190} INFO - [2025-11-07T14:28:03.167+0000] {dag.py:4180} INFO - Setting next_dagrun for example_branch_python_operator_decorator to 2025-11-06 00:00:00+00:00, run_after=2025-11-07 00:00:00+00:00
[2025-11-07T14:28:03.191+0000] {processor.py:208} INFO - Processing /home/airflow/.local/lib/python3.12/site-packages/airflow/example_dags/example_branch_operator_decorator.py took 0.132 seconds
[2025-11-07T14:28:33.665+0000] {processor.py:186} INFO - Started process (PID=575) to work on /home/airflow/.local/lib/python3.12/site-packages/airflow/example_dags/example_branch_operator_decorator.py
[2025-11-07T14:28:33.667+0000] {processor.py:914} INFO - Processing file /home/airflow/.local/lib/python3.12/site-packages/airflow/example_dags/example_branch_operator_decorator.py for tasks to queue
[2025-11-07T14:28:33.669+0000] {logging_mixin.py:190} INFO - [2025-11-07T14:28:33.669+0000] {dagbag.py:588} INFO - Filling up the DagBag from /home/airflow/.local/lib/python3.12/site-packages/airflow/example_dags/example_branch_operator_decorator.py
[2025-11-07T14:28:33.698+0000] {processor.py:925} INFO - DAG(s) 'example_branch_python_operator_decorator' retrieved from /home/airflow/.local/lib/python3.12/site-packages/airflow/example_dags/example_branch_operator_decorator.py
[2025-11-07T14:28:33.740+0000] {logging_mixin.py:190} INFO - [2025-11-07T14:28:33.740+0000] {dag.py:3239} INFO - Sync 1 DAGs
[2025-11-07T14:28:33.771+0000] {logging_mixin.py:190} INFO - [2025-11-07T14:28:33.770+0000] {dag.py:4180} INFO - Setting next_dagrun for example_branch_python_operator_decorator to 2025-11-06 00:00:00+00:00, run_after=2025-11-07 00:00:00+00:00
[2025-11-07T14:28:33.790+0000] {processor.py:208} INFO - Processing /home/airflow/.local/lib/python3.12/site-packages/airflow/example_dags/example_branch_operator_decorator.py took 0.130 seconds
[2025-11-07T14:29:04.453+0000] {processor.py:186} INFO - Started process (PID=639) to work on /home/airflow/.local/lib/python3.12/site-packages/airflow/example_dags/example_branch_operator_decorator.py
[2025-11-07T14:29:04.454+0000] {processor.py:914} INFO - Processing file /home/airflow/.local/lib/python3.12/site-packages/airflow/example_dags/example_branch_operator_decorator.py for tasks to queue
[2025-11-07T14:29:04.457+0000] {logging_mixin.py:190} INFO - [2025-11-07T14:29:04.457+0000] {dagbag.py:588} INFO - Filling up the DagBag from /home/airflow/.local/lib/python3.12/site-packages/airflow/example_dags/example_branch_operator_decorator.py
[2025-11-07T14:29:04.489+0000] {processor.py:925} INFO - DAG(s) 'example_branch_python_operator_decorator' retrieved from /home/airflow/.local/lib/python3.12/site-packages/airflow/example_dags/example_branch_operator_decorator.py
[2025-11-07T14:29:04.527+0000] {logging_mixin.py:190} INFO - [2025-11-07T14:29:04.527+0000] {dag.py:3239} INFO - Sync 1 DAGs
[2025-11-07T14:29:04.549+0000] {logging_mixin.py:190} INFO - [2025-11-07T14:29:04.549+0000] {dag.py:4180} INFO - Setting next_dagrun for example_branch_python_operator_decorator to 2025-11-06 00:00:00+00:00, run_after=2025-11-07 00:00:00+00:00
[2025-11-07T14:29:04.565+0000] {processor.py:208} INFO - Processing /home/airflow/.local/lib/python3.12/site-packages/airflow/example_dags/example_branch_operator_decorator.py took 0.121 seconds
[2025-11-07T14:29:35.640+0000] {processor.py:186} INFO - Started process (PID=703) to work on /home/airflow/.local/lib/python3.12/site-packages/airflow/example_dags/example_branch_operator_decorator.py
[2025-11-07T14:29:35.641+0000] {processor.py:914} INFO - Processing file /home/airflow/.local/lib/python3.12/site-packages/airflow/example_dags/example_branch_operator_decorator.py for tasks to queue
[2025-11-07T14:29:35.642+0000] {logging_mixin.py:190} INFO - [2025-11-07T14:29:35.642+0000] {dagbag.py:588} INFO - Filling up the DagBag from /home/airflow/.local/lib/python3.12/site-packages/airflow/example_dags/example_branch_operator_decorator.py
[2025-11-07T14:29:35.656+0000] {processor.py:925} INFO - DAG(s) 'example_branch_python_operator_decorator' retrieved from /home/airflow/.local/lib/python3.12/site-packages/airflow/example_dags/example_branch_operator_decorator.py
[2025-11-07T14:29:35.681+0000] {logging_mixin.py:190} INFO - [2025-11-07T14:29:35.680+0000] {dag.py:3239} INFO - Sync 1 DAGs
[2025-11-07T14:29:35.700+0000] {logging_mixin.py:190} INFO - [2025-11-07T14:29:35.699+0000] {dag.py:4180} INFO - Setting next_dagrun for example_branch_python_operator_decorator to 2025-11-06 00:00:00+00:00, run_after=2025-11-07 00:00:00+00:00
[2025-11-07T14:29:35.729+0000] {processor.py:208} INFO - Processing /home/airflow/.local/lib/python3.12/site-packages/airflow/example_dags/example_branch_operator_decorator.py took 0.093 seconds
[2025-11-07T14:30:06.168+0000] {processor.py:186} INFO - Started process (PID=767) to work on /home/airflow/.local/lib/python3.12/site-packages/airflow/example_dags/example_branch_operator_decorator.py
[2025-11-07T14:30:06.169+0000] {processor.py:914} INFO - Processing file /home/airflow/.local/lib/python3.12/site-packages/airflow/example_dags/example_branch_operator_decorator.py for tasks to queue
[2025-11-07T14:30:06.171+0000] {logging_mixin.py:190} INFO - [2025-11-07T14:30:06.171+0000] {dagbag.py:588} INFO - Filling up the DagBag from /home/airflow/.local/lib/python3.12/site-packages/airflow/example_dags/example_branch_operator_decorator.py
[2025-11-07T14:30:06.198+0000] {processor.py:925} INFO - DAG(s) 'example_branch_python_operator_decorator' retrieved from /home/airflow/.local/lib/python3.12/site-packages/airflow/example_dags/example_branch_operator_decorator.py
[2025-11-07T14:30:06.222+0000] {logging_mixin.py:190} INFO - [2025-11-07T14:30:06.222+0000] {dag.py:3239} INFO - Sync 1 DAGs
[2025-11-07T14:30:06.256+0000] {logging_mixin.py:190} INFO - [2025-11-07T14:30:06.255+0000] {dag.py:4180} INFO - Setting next_dagrun for example_branch_python_operator_decorator to 2025-11-06 00:00:00+00:00, run_after=2025-11-07 00:00:00+00:00
[2025-11-07T14:30:06.292+0000] {processor.py:208} INFO - Processing /home/airflow/.local/lib/python3.12/site-packages/airflow/example_dags/example_branch_operator_decorator.py took 0.131 seconds
[2025-11-07T14:30:36.670+0000] {processor.py:186} INFO - Started process (PID=831) to work on /home/airflow/.local/lib/python3.12/site-packages/airflow/example_dags/example_branch_operator_decorator.py
[2025-11-07T14:30:36.672+0000] {processor.py:914} INFO - Processing file /home/airflow/.local/lib/python3.12/site-packages/airflow/example_dags/example_branch_operator_decorator.py for tasks to queue
[2025-11-07T14:30:36.674+0000] {logging_mixin.py:190} INFO - [2025-11-07T14:30:36.674+0000] {dagbag.py:588} INFO - Filling up the DagBag from /home/airflow/.local/lib/python3.12/site-packages/airflow/example_dags/example_branch_operator_decorator.py
[2025-11-07T14:30:36.686+0000] {processor.py:925} INFO - DAG(s) 'example_branch_python_operator_decorator' retrieved from /home/airflow/.local/lib/python3.12/site-packages/airflow/example_dags/example_branch_operator_decorator.py
[2025-11-07T14:30:36.711+0000] {logging_mixin.py:190} INFO - [2025-11-07T14:30:36.711+0000] {dag.py:3239} INFO - Sync 1 DAGs
[2025-11-07T14:30:36.747+0000] {logging_mixin.py:190} INFO - [2025-11-07T14:30:36.746+0000] {dag.py:4180} INFO - Setting next_dagrun for example_branch_python_operator_decorator to 2025-11-06 00:00:00+00:00, run_after=2025-11-07 00:00:00+00:00
[2025-11-07T14:30:36.770+0000] {processor.py:208} INFO - Processing /home/airflow/.local/lib/python3.12/site-packages/airflow/example_dags/example_branch_operator_decorator.py took 0.103 seconds
[2025-11-07T14:31:08.015+0000] {processor.py:186} INFO - Started process (PID=895) to work on /home/airflow/.local/lib/python3.12/site-packages/airflow/example_dags/example_branch_operator_decorator.py
[2025-11-07T14:31:08.016+0000] {processor.py:914} INFO - Processing file /home/airflow/.local/lib/python3.12/site-packages/airflow/example_dags/example_branch_operator_decorator.py for tasks to queue
[2025-11-07T14:31:08.019+0000] {logging_mixin.py:190} INFO - [2025-11-07T14:31:08.019+0000] {dagbag.py:588} INFO - Filling up the DagBag from /home/airflow/.local/lib/python3.12/site-packages/airflow/example_dags/example_branch_operator_decorator.py
[2025-11-07T14:31:08.054+0000] {processor.py:925} INFO - DAG(s) 'example_branch_python_operator_decorator' retrieved from /home/airflow/.local/lib/python3.12/site-packages/airflow/example_dags/example_branch_operator_decorator.py
[2025-11-07T14:31:08.096+0000] {logging_mixin.py:190} INFO - [2025-11-07T14:31:08.095+0000] {dag.py:3239} INFO - Sync 1 DAGs
[2025-11-07T14:31:08.129+0000] {logging_mixin.py:190} INFO - [2025-11-07T14:31:08.128+0000] {dag.py:4180} INFO - Setting next_dagrun for example_branch_python_operator_decorator to 2025-11-06 00:00:00+00:00, run_after=2025-11-07 00:00:00+00:00
[2025-11-07T14:31:08.153+0000] {processor.py:208} INFO - Processing /home/airflow/.local/lib/python3.12/site-packages/airflow/example_dags/example_branch_operator_decorator.py took 0.148 seconds
[2025-11-07T14:31:39.142+0000] {processor.py:186} INFO - Started process (PID=959) to work on /home/airflow/.local/lib/python3.12/site-packages/airflow/example_dags/example_branch_operator_decorator.py
[2025-11-07T14:31:39.145+0000] {processor.py:914} INFO - Processing file /home/airflow/.local/lib/python3.12/site-packages/airflow/example_dags/example_branch_operator_decorator.py for tasks to queue
[2025-11-07T14:31:39.147+0000] {logging_mixin.py:190} INFO - [2025-11-07T14:31:39.147+0000] {dagbag.py:588} INFO - Filling up the DagBag from /home/airflow/.local/lib/python3.12/site-packages/airflow/example_dags/example_branch_operator_decorator.py
[2025-11-07T14:31:39.178+0000] {processor.py:925} INFO - DAG(s) 'example_branch_python_operator_decorator' retrieved from /home/airflow/.local/lib/python3.12/site-packages/airflow/example_dags/example_branch_operator_decorator.py
[2025-11-07T14:31:39.219+0000] {logging_mixin.py:190} INFO - [2025-11-07T14:31:39.219+0000] {dag.py:3239} INFO - Sync 1 DAGs
[2025-11-07T14:31:39.250+0000] {logging_mixin.py:190} INFO - [2025-11-07T14:31:39.250+0000] {dag.py:4180} INFO - Setting next_dagrun for example_branch_python_operator_decorator to 2025-11-06 00:00:00+00:00, run_after=2025-11-07 00:00:00+00:00
[2025-11-07T14:31:39.268+0000] {processor.py:208} INFO - Processing /home/airflow/.local/lib/python3.12/site-packages/airflow/example_dags/example_branch_operator_decorator.py took 0.135 seconds
[2025-11-07T14:32:09.948+0000] {processor.py:186} INFO - Started process (PID=1023) to work on /home/airflow/.local/lib/python3.12/site-packages/airflow/example_dags/example_branch_operator_decorator.py
[2025-11-07T14:32:09.949+0000] {processor.py:914} INFO - Processing file /home/airflow/.local/lib/python3.12/site-packages/airflow/example_dags/example_branch_operator_decorator.py for tasks to queue
[2025-11-07T14:32:09.952+0000] {logging_mixin.py:190} INFO - [2025-11-07T14:32:09.951+0000] {dagbag.py:588} INFO - Filling up the DagBag from /home/airflow/.local/lib/python3.12/site-packages/airflow/example_dags/example_branch_operator_decorator.py
[2025-11-07T14:32:09.980+0000] {processor.py:925} INFO - DAG(s) 'example_branch_python_operator_decorator' retrieved from /home/airflow/.local/lib/python3.12/site-packages/airflow/example_dags/example_branch_operator_decorator.py
[2025-11-07T14:32:10.004+0000] {logging_mixin.py:190} INFO - [2025-11-07T14:32:10.004+0000] {dag.py:3239} INFO - Sync 1 DAGs
[2025-11-07T14:32:10.022+0000] {logging_mixin.py:190} INFO - [2025-11-07T14:32:10.021+0000] {dag.py:4180} INFO - Setting next_dagrun for example_branch_python_operator_decorator to 2025-11-06 00:00:00+00:00, run_after=2025-11-07 00:00:00+00:00
[2025-11-07T14:32:10.040+0000] {processor.py:208} INFO - Processing /home/airflow/.local/lib/python3.12/site-packages/airflow/example_dags/example_branch_operator_decorator.py took 0.099 seconds
[2025-11-07T14:32:41.352+0000] {processor.py:186} INFO - Started process (PID=1087) to work on /home/airflow/.local/lib/python3.12/site-packages/airflow/example_dags/example_branch_operator_decorator.py
[2025-11-07T14:32:41.354+0000] {processor.py:914} INFO - Processing file /home/airflow/.local/lib/python3.12/site-packages/airflow/example_dags/example_branch_operator_decorator.py for tasks to queue
[2025-11-07T14:32:41.355+0000] {logging_mixin.py:190} INFO - [2025-11-07T14:32:41.355+0000] {dagbag.py:588} INFO - Filling up the DagBag from /home/airflow/.local/lib/python3.12/site-packages/airflow/example_dags/example_branch_operator_decorator.py
[2025-11-07T14:32:41.367+0000] {processor.py:925} INFO - DAG(s) 'example_branch_python_operator_decorator' retrieved from /home/airflow/.local/lib/python3.12/site-packages/airflow/example_dags/example_branch_operator_decorator.py
[2025-11-07T14:32:41.386+0000] {logging_mixin.py:190} INFO - [2025-11-07T14:32:41.386+0000] {dag.py:3239} INFO - Sync 1 DAGs
[2025-11-07T14:32:41.399+0000] {logging_mixin.py:190} INFO - [2025-11-07T14:32:41.399+0000] {dag.py:4180} INFO - Setting next_dagrun for example_branch_python_operator_decorator to 2025-11-06 00:00:00+00:00, run_after=2025-11-07 00:00:00+00:00
[2025-11-07T14:32:41.412+0000] {processor.py:208} INFO - Processing /home/airflow/.local/lib/python3.12/site-packages/airflow/example_dags/example_branch_operator_decorator.py took 0.064 seconds
[2025-11-07T14:33:12.806+0000] {processor.py:186} INFO - Started process (PID=1151) to work on /home/airflow/.local/lib/python3.12/site-packages/airflow/example_dags/example_branch_operator_decorator.py
[2025-11-07T14:33:12.807+0000] {processor.py:914} INFO - Processing file /home/airflow/.local/lib/python3.12/site-packages/airflow/example_dags/example_branch_operator_decorator.py for tasks to queue
[2025-11-07T14:33:12.809+0000] {logging_mixin.py:190} INFO - [2025-11-07T14:33:12.809+0000] {dagbag.py:588} INFO - Filling up the DagBag from /home/airflow/.local/lib/python3.12/site-packages/airflow/example_dags/example_branch_operator_decorator.py
[2025-11-07T14:33:12.825+0000] {processor.py:925} INFO - DAG(s) 'example_branch_python_operator_decorator' retrieved from /home/airflow/.local/lib/python3.12/site-packages/airflow/example_dags/example_branch_operator_decorator.py
[2025-11-07T14:33:12.860+0000] {logging_mixin.py:190} INFO - [2025-11-07T14:33:12.859+0000] {dag.py:3239} INFO - Sync 1 DAGs
[2025-11-07T14:33:12.893+0000] {logging_mixin.py:190} INFO - [2025-11-07T14:33:12.892+0000] {dag.py:4180} INFO - Setting next_dagrun for example_branch_python_operator_decorator to 2025-11-06 00:00:00+00:00, run_after=2025-11-07 00:00:00+00:00
[2025-11-07T14:33:12.917+0000] {processor.py:208} INFO - Processing /home/airflow/.local/lib/python3.12/site-packages/airflow/example_dags/example_branch_operator_decorator.py took 0.118 seconds
[2025-11-07T14:33:43.189+0000] {processor.py:186} INFO - Started process (PID=1215) to work on /home/airflow/.local/lib/python3.12/site-packages/airflow/example_dags/example_branch_operator_decorator.py
[2025-11-07T14:33:43.190+0000] {processor.py:914} INFO - Processing file /home/airflow/.local/lib/python3.12/site-packages/airflow/example_dags/example_branch_operator_decorator.py for tasks to queue
[2025-11-07T14:33:43.193+0000] {logging_mixin.py:190} INFO - [2025-11-07T14:33:43.192+0000] {dagbag.py:588} INFO - Filling up the DagBag from /home/airflow/.local/lib/python3.12/site-packages/airflow/example_dags/example_branch_operator_decorator.py
[2025-11-07T14:33:43.223+0000] {processor.py:925} INFO - DAG(s) 'example_branch_python_operator_decorator' retrieved from /home/airflow/.local/lib/python3.12/site-packages/airflow/example_dags/example_branch_operator_decorator.py
[2025-11-07T14:33:43.263+0000] {logging_mixin.py:190} INFO - [2025-11-07T14:33:43.263+0000] {dag.py:3239} INFO - Sync 1 DAGs
[2025-11-07T14:33:43.297+0000] {logging_mixin.py:190} INFO - [2025-11-07T14:33:43.297+0000] {dag.py:4180} INFO - Setting next_dagrun for example_branch_python_operator_decorator to 2025-11-06 00:00:00+00:00, run_after=2025-11-07 00:00:00+00:00
[2025-11-07T14:33:43.323+0000] {processor.py:208} INFO - Processing /home/airflow/.local/lib/python3.12/site-packages/airflow/example_dags/example_branch_operator_decorator.py took 0.140 seconds
[2025-11-07T14:34:14.271+0000] {processor.py:186} INFO - Started process (PID=1279) to work on /home/airflow/.local/lib/python3.12/site-packages/airflow/example_dags/example_branch_operator_decorator.py
[2025-11-07T14:34:14.272+0000] {processor.py:914} INFO - Processing file /home/airflow/.local/lib/python3.12/site-packages/airflow/example_dags/example_branch_operator_decorator.py for tasks to queue
[2025-11-07T14:34:14.275+0000] {logging_mixin.py:190} INFO - [2025-11-07T14:34:14.275+0000] {dagbag.py:588} INFO - Filling up the DagBag from /home/airflow/.local/lib/python3.12/site-packages/airflow/example_dags/example_branch_operator_decorator.py
[2025-11-07T14:34:14.307+0000] {processor.py:925} INFO - DAG(s) 'example_branch_python_operator_decorator' retrieved from /home/airflow/.local/lib/python3.12/site-packages/airflow/example_dags/example_branch_operator_decorator.py
[2025-11-07T14:34:14.348+0000] {logging_mixin.py:190} INFO - [2025-11-07T14:34:14.347+0000] {dag.py:3239} INFO - Sync 1 DAGs
[2025-11-07T14:34:14.382+0000] {logging_mixin.py:190} INFO - [2025-11-07T14:34:14.381+0000] {dag.py:4180} INFO - Setting next_dagrun for example_branch_python_operator_decorator to 2025-11-06 00:00:00+00:00, run_after=2025-11-07 00:00:00+00:00
[2025-11-07T14:34:14.407+0000] {processor.py:208} INFO - Processing /home/airflow/.local/lib/python3.12/site-packages/airflow/example_dags/example_branch_operator_decorator.py took 0.143 seconds
[2025-11-07T14:34:45.554+0000] {processor.py:186} INFO - Started process (PID=1343) to work on /home/airflow/.local/lib/python3.12/site-packages/airflow/example_dags/example_branch_operator_decorator.py
[2025-11-07T14:34:45.555+0000] {processor.py:914} INFO - Processing file /home/airflow/.local/lib/python3.12/site-packages/airflow/example_dags/example_branch_operator_decorator.py for tasks to queue
[2025-11-07T14:34:45.557+0000] {logging_mixin.py:190} INFO - [2025-11-07T14:34:45.557+0000] {dagbag.py:588} INFO - Filling up the DagBag from /home/airflow/.local/lib/python3.12/site-packages/airflow/example_dags/example_branch_operator_decorator.py
[2025-11-07T14:34:45.583+0000] {processor.py:925} INFO - DAG(s) 'example_branch_python_operator_decorator' retrieved from /home/airflow/.local/lib/python3.12/site-packages/airflow/example_dags/example_branch_operator_decorator.py
[2025-11-07T14:34:45.627+0000] {logging_mixin.py:190} INFO - [2025-11-07T14:34:45.627+0000] {dag.py:3239} INFO - Sync 1 DAGs
[2025-11-07T14:34:45.652+0000] {logging_mixin.py:190} INFO - [2025-11-07T14:34:45.652+0000] {dag.py:4180} INFO - Setting next_dagrun for example_branch_python_operator_decorator to 2025-11-06 00:00:00+00:00, run_after=2025-11-07 00:00:00+00:00
[2025-11-07T14:34:45.668+0000] {processor.py:208} INFO - Processing /home/airflow/.local/lib/python3.12/site-packages/airflow/example_dags/example_branch_operator_decorator.py took 0.118 seconds
[2025-11-07T14:35:16.408+0000] {processor.py:186} INFO - Started process (PID=1407) to work on /home/airflow/.local/lib/python3.12/site-packages/airflow/example_dags/example_branch_operator_decorator.py
[2025-11-07T14:35:16.409+0000] {processor.py:914} INFO - Processing file /home/airflow/.local/lib/python3.12/site-packages/airflow/example_dags/example_branch_operator_decorator.py for tasks to queue
[2025-11-07T14:35:16.412+0000] {logging_mixin.py:190} INFO - [2025-11-07T14:35:16.412+0000] {dagbag.py:588} INFO - Filling up the DagBag from /home/airflow/.local/lib/python3.12/site-packages/airflow/example_dags/example_branch_operator_decorator.py
[2025-11-07T14:35:16.445+0000] {processor.py:925} INFO - DAG(s) 'example_branch_python_operator_decorator' retrieved from /home/airflow/.local/lib/python3.12/site-packages/airflow/example_dags/example_branch_operator_decorator.py
[2025-11-07T14:35:16.478+0000] {logging_mixin.py:190} INFO - [2025-11-07T14:35:16.478+0000] {dag.py:3239} INFO - Sync 1 DAGs
[2025-11-07T14:35:16.496+0000] {logging_mixin.py:190} INFO - [2025-11-07T14:35:16.496+0000] {dag.py:4180} INFO - Setting next_dagrun for example_branch_python_operator_decorator to 2025-11-06 00:00:00+00:00, run_after=2025-11-07 00:00:00+00:00
[2025-11-07T14:35:16.509+0000] {processor.py:208} INFO - Processing /home/airflow/.local/lib/python3.12/site-packages/airflow/example_dags/example_branch_operator_decorator.py took 0.110 seconds
[2025-11-07T14:35:47.757+0000] {processor.py:186} INFO - Started process (PID=1471) to work on /home/airflow/.local/lib/python3.12/site-packages/airflow/example_dags/example_branch_operator_decorator.py
[2025-11-07T14:35:47.760+0000] {processor.py:914} INFO - Processing file /home/airflow/.local/lib/python3.12/site-packages/airflow/example_dags/example_branch_operator_decorator.py for tasks to queue
[2025-11-07T14:35:47.762+0000] {logging_mixin.py:190} INFO - [2025-11-07T14:35:47.761+0000] {dagbag.py:588} INFO - Filling up the DagBag from /home/airflow/.local/lib/python3.12/site-packages/airflow/example_dags/example_branch_operator_decorator.py
[2025-11-07T14:35:47.781+0000] {processor.py:925} INFO - DAG(s) 'example_branch_python_operator_decorator' retrieved from /home/airflow/.local/lib/python3.12/site-packages/airflow/example_dags/example_branch_operator_decorator.py
[2025-11-07T14:35:47.805+0000] {logging_mixin.py:190} INFO - [2025-11-07T14:35:47.805+0000] {dag.py:3239} INFO - Sync 1 DAGs
[2025-11-07T14:35:47.841+0000] {logging_mixin.py:190} INFO - [2025-11-07T14:35:47.840+0000] {dag.py:4180} INFO - Setting next_dagrun for example_branch_python_operator_decorator to 2025-11-06 00:00:00+00:00, run_after=2025-11-07 00:00:00+00:00
[2025-11-07T14:35:47.871+0000] {processor.py:208} INFO - Processing /home/airflow/.local/lib/python3.12/site-packages/airflow/example_dags/example_branch_operator_decorator.py took 0.122 seconds
[2025-11-07T14:36:19.140+0000] {processor.py:186} INFO - Started process (PID=1535) to work on /home/airflow/.local/lib/python3.12/site-packages/airflow/example_dags/example_branch_operator_decorator.py
[2025-11-07T14:36:19.141+0000] {processor.py:914} INFO - Processing file /home/airflow/.local/lib/python3.12/site-packages/airflow/example_dags/example_branch_operator_decorator.py for tasks to queue
[2025-11-07T14:36:19.144+0000] {logging_mixin.py:190} INFO - [2025-11-07T14:36:19.143+0000] {dagbag.py:588} INFO - Filling up the DagBag from /home/airflow/.local/lib/python3.12/site-packages/airflow/example_dags/example_branch_operator_decorator.py
[2025-11-07T14:36:19.174+0000] {processor.py:925} INFO - DAG(s) 'example_branch_python_operator_decorator' retrieved from /home/airflow/.local/lib/python3.12/site-packages/airflow/example_dags/example_branch_operator_decorator.py
[2025-11-07T14:36:19.206+0000] {logging_mixin.py:190} INFO - [2025-11-07T14:36:19.206+0000] {dag.py:3239} INFO - Sync 1 DAGs
[2025-11-07T14:36:19.225+0000] {logging_mixin.py:190} INFO - [2025-11-07T14:36:19.225+0000] {dag.py:4180} INFO - Setting next_dagrun for example_branch_python_operator_decorator to 2025-11-06 00:00:00+00:00, run_after=2025-11-07 00:00:00+00:00
[2025-11-07T14:36:19.238+0000] {processor.py:208} INFO - Processing /home/airflow/.local/lib/python3.12/site-packages/airflow/example_dags/example_branch_operator_decorator.py took 0.106 seconds
[2025-11-07T14:36:50.072+0000] {processor.py:186} INFO - Started process (PID=1599) to work on /home/airflow/.local/lib/python3.12/site-packages/airflow/example_dags/example_branch_operator_decorator.py
[2025-11-07T14:36:50.073+0000] {processor.py:914} INFO - Processing file /home/airflow/.local/lib/python3.12/site-packages/airflow/example_dags/example_branch_operator_decorator.py for tasks to queue
[2025-11-07T14:36:50.076+0000] {logging_mixin.py:190} INFO - [2025-11-07T14:36:50.076+0000] {dagbag.py:588} INFO - Filling up the DagBag from /home/airflow/.local/lib/python3.12/site-packages/airflow/example_dags/example_branch_operator_decorator.py
[2025-11-07T14:36:50.109+0000] {processor.py:925} INFO - DAG(s) 'example_branch_python_operator_decorator' retrieved from /home/airflow/.local/lib/python3.12/site-packages/airflow/example_dags/example_branch_operator_decorator.py
[2025-11-07T14:36:50.147+0000] {logging_mixin.py:190} INFO - [2025-11-07T14:36:50.146+0000] {dag.py:3239} INFO - Sync 1 DAGs
[2025-11-07T14:36:50.176+0000] {logging_mixin.py:190} INFO - [2025-11-07T14:36:50.175+0000] {dag.py:4180} INFO - Setting next_dagrun for example_branch_python_operator_decorator to 2025-11-06 00:00:00+00:00, run_after=2025-11-07 00:00:00+00:00
[2025-11-07T14:36:50.193+0000] {processor.py:208} INFO - Processing /home/airflow/.local/lib/python3.12/site-packages/airflow/example_dags/example_branch_operator_decorator.py took 0.131 seconds
[2025-11-07T14:37:20.548+0000] {processor.py:186} INFO - Started process (PID=1663) to work on /home/airflow/.local/lib/python3.12/site-packages/airflow/example_dags/example_branch_operator_decorator.py
[2025-11-07T14:37:20.551+0000] {processor.py:914} INFO - Processing file /home/airflow/.local/lib/python3.12/site-packages/airflow/example_dags/example_branch_operator_decorator.py for tasks to queue
[2025-11-07T14:37:20.554+0000] {logging_mixin.py:190} INFO - [2025-11-07T14:37:20.554+0000] {dagbag.py:588} INFO - Filling up the DagBag from /home/airflow/.local/lib/python3.12/site-packages/airflow/example_dags/example_branch_operator_decorator.py
[2025-11-07T14:37:20.582+0000] {processor.py:925} INFO - DAG(s) 'example_branch_python_operator_decorator' retrieved from /home/airflow/.local/lib/python3.12/site-packages/airflow/example_dags/example_branch_operator_decorator.py
[2025-11-07T14:37:20.600+0000] {logging_mixin.py:190} INFO - [2025-11-07T14:37:20.600+0000] {dag.py:3239} INFO - Sync 1 DAGs
[2025-11-07T14:37:20.616+0000] {logging_mixin.py:190} INFO - [2025-11-07T14:37:20.616+0000] {dag.py:4180} INFO - Setting next_dagrun for example_branch_python_operator_decorator to 2025-11-06 00:00:00+00:00, run_after=2025-11-07 00:00:00+00:00
[2025-11-07T14:37:20.633+0000] {processor.py:208} INFO - Processing /home/airflow/.local/lib/python3.12/site-packages/airflow/example_dags/example_branch_operator_decorator.py took 0.097 seconds
[2025-11-07T14:37:51.736+0000] {processor.py:186} INFO - Started process (PID=1727) to work on /home/airflow/.local/lib/python3.12/site-packages/airflow/example_dags/example_branch_operator_decorator.py
[2025-11-07T14:37:51.737+0000] {processor.py:914} INFO - Processing file /home/airflow/.local/lib/python3.12/site-packages/airflow/example_dags/example_branch_operator_decorator.py for tasks to queue
[2025-11-07T14:37:51.738+0000] {logging_mixin.py:190} INFO - [2025-11-07T14:37:51.738+0000] {dagbag.py:588} INFO - Filling up the DagBag from /home/airflow/.local/lib/python3.12/site-packages/airflow/example_dags/example_branch_operator_decorator.py
[2025-11-07T14:37:51.750+0000] {processor.py:925} INFO - DAG(s) 'example_branch_python_operator_decorator' retrieved from /home/airflow/.local/lib/python3.12/site-packages/airflow/example_dags/example_branch_operator_decorator.py
[2025-11-07T14:37:51.767+0000] {logging_mixin.py:190} INFO - [2025-11-07T14:37:51.766+0000] {dag.py:3239} INFO - Sync 1 DAGs
[2025-11-07T14:37:51.782+0000] {logging_mixin.py:190} INFO - [2025-11-07T14:37:51.782+0000] {dag.py:4180} INFO - Setting next_dagrun for example_branch_python_operator_decorator to 2025-11-06 00:00:00+00:00, run_after=2025-11-07 00:00:00+00:00
[2025-11-07T14:37:51.860+0000] {processor.py:208} INFO - Processing /home/airflow/.local/lib/python3.12/site-packages/airflow/example_dags/example_branch_operator_decorator.py took 0.127 seconds
[2025-11-07T14:38:23.340+0000] {processor.py:186} INFO - Started process (PID=1791) to work on /home/airflow/.local/lib/python3.12/site-packages/airflow/example_dags/example_branch_operator_decorator.py
[2025-11-07T14:38:23.342+0000] {processor.py:914} INFO - Processing file /home/airflow/.local/lib/python3.12/site-packages/airflow/example_dags/example_branch_operator_decorator.py for tasks to queue
[2025-11-07T14:38:23.345+0000] {logging_mixin.py:190} INFO - [2025-11-07T14:38:23.344+0000] {dagbag.py:588} INFO - Filling up the DagBag from /home/airflow/.local/lib/python3.12/site-packages/airflow/example_dags/example_branch_operator_decorator.py
[2025-11-07T14:38:23.377+0000] {processor.py:925} INFO - DAG(s) 'example_branch_python_operator_decorator' retrieved from /home/airflow/.local/lib/python3.12/site-packages/airflow/example_dags/example_branch_operator_decorator.py
[2025-11-07T14:38:23.414+0000] {logging_mixin.py:190} INFO - [2025-11-07T14:38:23.414+0000] {dag.py:3239} INFO - Sync 1 DAGs
[2025-11-07T14:38:23.433+0000] {logging_mixin.py:190} INFO - [2025-11-07T14:38:23.433+0000] {dag.py:4180} INFO - Setting next_dagrun for example_branch_python_operator_decorator to 2025-11-06 00:00:00+00:00, run_after=2025-11-07 00:00:00+00:00
[2025-11-07T14:38:23.445+0000] {processor.py:208} INFO - Processing /home/airflow/.local/lib/python3.12/site-packages/airflow/example_dags/example_branch_operator_decorator.py took 0.113 seconds
[2025-11-07T14:38:54.468+0000] {processor.py:186} INFO - Started process (PID=1855) to work on /home/airflow/.local/lib/python3.12/site-packages/airflow/example_dags/example_branch_operator_decorator.py
[2025-11-07T14:38:54.468+0000] {processor.py:914} INFO - Processing file /home/airflow/.local/lib/python3.12/site-packages/airflow/example_dags/example_branch_operator_decorator.py for tasks to queue
[2025-11-07T14:38:54.469+0000] {logging_mixin.py:190} INFO - [2025-11-07T14:38:54.469+0000] {dagbag.py:588} INFO - Filling up the DagBag from /home/airflow/.local/lib/python3.12/site-packages/airflow/example_dags/example_branch_operator_decorator.py
[2025-11-07T14:38:54.481+0000] {processor.py:925} INFO - DAG(s) 'example_branch_python_operator_decorator' retrieved from /home/airflow/.local/lib/python3.12/site-packages/airflow/example_dags/example_branch_operator_decorator.py
[2025-11-07T14:38:54.498+0000] {logging_mixin.py:190} INFO - [2025-11-07T14:38:54.498+0000] {dag.py:3239} INFO - Sync 1 DAGs
[2025-11-07T14:38:54.512+0000] {logging_mixin.py:190} INFO - [2025-11-07T14:38:54.512+0000] {dag.py:4180} INFO - Setting next_dagrun for example_branch_python_operator_decorator to 2025-11-06 00:00:00+00:00, run_after=2025-11-07 00:00:00+00:00
[2025-11-07T14:38:54.527+0000] {processor.py:208} INFO - Processing /home/airflow/.local/lib/python3.12/site-packages/airflow/example_dags/example_branch_operator_decorator.py took 0.064 seconds
[2025-11-07T14:39:25.601+0000] {processor.py:186} INFO - Started process (PID=1919) to work on /home/airflow/.local/lib/python3.12/site-packages/airflow/example_dags/example_branch_operator_decorator.py
[2025-11-07T14:39:25.602+0000] {processor.py:914} INFO - Processing file /home/airflow/.local/lib/python3.12/site-packages/airflow/example_dags/example_branch_operator_decorator.py for tasks to queue
[2025-11-07T14:39:25.603+0000] {logging_mixin.py:190} INFO - [2025-11-07T14:39:25.603+0000] {dagbag.py:588} INFO - Filling up the DagBag from /home/airflow/.local/lib/python3.12/site-packages/airflow/example_dags/example_branch_operator_decorator.py
[2025-11-07T14:39:25.623+0000] {processor.py:925} INFO - DAG(s) 'example_branch_python_operator_decorator' retrieved from /home/airflow/.local/lib/python3.12/site-packages/airflow/example_dags/example_branch_operator_decorator.py
[2025-11-07T14:39:25.661+0000] {logging_mixin.py:190} INFO - [2025-11-07T14:39:25.661+0000] {dag.py:3239} INFO - Sync 1 DAGs
[2025-11-07T14:39:25.682+0000] {logging_mixin.py:190} INFO - [2025-11-07T14:39:25.682+0000] {dag.py:4180} INFO - Setting next_dagrun for example_branch_python_operator_decorator to 2025-11-06 00:00:00+00:00, run_after=2025-11-07 00:00:00+00:00
[2025-11-07T14:39:25.699+0000] {processor.py:208} INFO - Processing /home/airflow/.local/lib/python3.12/site-packages/airflow/example_dags/example_branch_operator_decorator.py took 0.102 seconds
