[2025-11-07T14:24:24.511+0000] {processor.py:186} INFO - Started process (PID=54) to work on /home/airflow/.local/lib/python3.12/site-packages/airflow/example_dags/example_inlet_event_extra.py
[2025-11-07T14:24:24.512+0000] {processor.py:914} INFO - Processing file /home/airflow/.local/lib/python3.12/site-packages/airflow/example_dags/example_inlet_event_extra.py for tasks to queue
[2025-11-07T14:24:24.514+0000] {logging_mixin.py:190} INFO - [2025-11-07T14:24:24.514+0000] {dagbag.py:588} INFO - Filling up the DagBag from /home/airflow/.local/lib/python3.12/site-packages/airflow/example_dags/example_inlet_event_extra.py
[2025-11-07T14:24:25.104+0000] {processor.py:925} INFO - DAG(s) 'read_dataset_event_from_classic', 'read_dataset_event' retrieved from /home/airflow/.local/lib/python3.12/site-packages/airflow/example_dags/example_inlet_event_extra.py
[2025-11-07T14:24:25.127+0000] {logging_mixin.py:190} INFO - [2025-11-07T14:24:25.127+0000] {dag.py:3239} INFO - Sync 2 DAGs
[2025-11-07T14:24:25.153+0000] {logging_mixin.py:190} INFO - [2025-11-07T14:24:25.153+0000] {dag.py:4180} INFO - Setting next_dagrun for read_dataset_event to 2025-11-06 00:00:00+00:00, run_after=2025-11-07 00:00:00+00:00
[2025-11-07T14:24:25.160+0000] {logging_mixin.py:190} INFO - [2025-11-07T14:24:25.159+0000] {dag.py:4180} INFO - Setting next_dagrun for read_dataset_event_from_classic to 2025-11-06 00:00:00+00:00, run_after=2025-11-07 00:00:00+00:00
[2025-11-07T14:24:25.176+0000] {processor.py:208} INFO - Processing /home/airflow/.local/lib/python3.12/site-packages/airflow/example_dags/example_inlet_event_extra.py took 0.671 seconds
[2025-11-07T14:24:55.652+0000] {processor.py:186} INFO - Started process (PID=118) to work on /home/airflow/.local/lib/python3.12/site-packages/airflow/example_dags/example_inlet_event_extra.py
[2025-11-07T14:24:55.652+0000] {processor.py:914} INFO - Processing file /home/airflow/.local/lib/python3.12/site-packages/airflow/example_dags/example_inlet_event_extra.py for tasks to queue
[2025-11-07T14:24:55.654+0000] {logging_mixin.py:190} INFO - [2025-11-07T14:24:55.653+0000] {dagbag.py:588} INFO - Filling up the DagBag from /home/airflow/.local/lib/python3.12/site-packages/airflow/example_dags/example_inlet_event_extra.py
[2025-11-07T14:24:55.999+0000] {processor.py:925} INFO - DAG(s) 'read_dataset_event', 'read_dataset_event_from_classic' retrieved from /home/airflow/.local/lib/python3.12/site-packages/airflow/example_dags/example_inlet_event_extra.py
[2025-11-07T14:24:56.013+0000] {logging_mixin.py:190} INFO - [2025-11-07T14:24:56.013+0000] {dag.py:3239} INFO - Sync 2 DAGs
[2025-11-07T14:24:56.027+0000] {logging_mixin.py:190} INFO - [2025-11-07T14:24:56.027+0000] {dag.py:4180} INFO - Setting next_dagrun for read_dataset_event to 2025-11-06 00:00:00+00:00, run_after=2025-11-07 00:00:00+00:00
[2025-11-07T14:24:56.030+0000] {logging_mixin.py:190} INFO - [2025-11-07T14:24:56.030+0000] {dag.py:4180} INFO - Setting next_dagrun for read_dataset_event_from_classic to 2025-11-06 00:00:00+00:00, run_after=2025-11-07 00:00:00+00:00
[2025-11-07T14:24:56.046+0000] {processor.py:208} INFO - Processing /home/airflow/.local/lib/python3.12/site-packages/airflow/example_dags/example_inlet_event_extra.py took 0.399 seconds
[2025-11-07T14:25:26.492+0000] {processor.py:186} INFO - Started process (PID=188) to work on /home/airflow/.local/lib/python3.12/site-packages/airflow/example_dags/example_inlet_event_extra.py
[2025-11-07T14:25:26.495+0000] {processor.py:914} INFO - Processing file /home/airflow/.local/lib/python3.12/site-packages/airflow/example_dags/example_inlet_event_extra.py for tasks to queue
[2025-11-07T14:25:26.497+0000] {logging_mixin.py:190} INFO - [2025-11-07T14:25:26.497+0000] {dagbag.py:588} INFO - Filling up the DagBag from /home/airflow/.local/lib/python3.12/site-packages/airflow/example_dags/example_inlet_event_extra.py
[2025-11-07T14:25:26.861+0000] {processor.py:925} INFO - DAG(s) 'read_dataset_event', 'read_dataset_event_from_classic' retrieved from /home/airflow/.local/lib/python3.12/site-packages/airflow/example_dags/example_inlet_event_extra.py
[2025-11-07T14:25:26.871+0000] {logging_mixin.py:190} INFO - [2025-11-07T14:25:26.871+0000] {dag.py:3239} INFO - Sync 2 DAGs
[2025-11-07T14:25:26.884+0000] {logging_mixin.py:190} INFO - [2025-11-07T14:25:26.884+0000] {dag.py:4180} INFO - Setting next_dagrun for read_dataset_event to 2025-11-06 00:00:00+00:00, run_after=2025-11-07 00:00:00+00:00
[2025-11-07T14:25:26.887+0000] {logging_mixin.py:190} INFO - [2025-11-07T14:25:26.887+0000] {dag.py:4180} INFO - Setting next_dagrun for read_dataset_event_from_classic to 2025-11-06 00:00:00+00:00, run_after=2025-11-07 00:00:00+00:00
[2025-11-07T14:25:26.901+0000] {processor.py:208} INFO - Processing /home/airflow/.local/lib/python3.12/site-packages/airflow/example_dags/example_inlet_event_extra.py took 0.418 seconds
[2025-11-07T14:25:57.575+0000] {processor.py:186} INFO - Started process (PID=252) to work on /home/airflow/.local/lib/python3.12/site-packages/airflow/example_dags/example_inlet_event_extra.py
[2025-11-07T14:25:57.576+0000] {processor.py:914} INFO - Processing file /home/airflow/.local/lib/python3.12/site-packages/airflow/example_dags/example_inlet_event_extra.py for tasks to queue
[2025-11-07T14:25:57.580+0000] {logging_mixin.py:190} INFO - [2025-11-07T14:25:57.580+0000] {dagbag.py:588} INFO - Filling up the DagBag from /home/airflow/.local/lib/python3.12/site-packages/airflow/example_dags/example_inlet_event_extra.py
[2025-11-07T14:25:57.935+0000] {processor.py:925} INFO - DAG(s) 'read_dataset_event', 'read_dataset_event_from_classic' retrieved from /home/airflow/.local/lib/python3.12/site-packages/airflow/example_dags/example_inlet_event_extra.py
[2025-11-07T14:25:57.946+0000] {logging_mixin.py:190} INFO - [2025-11-07T14:25:57.946+0000] {dag.py:3239} INFO - Sync 2 DAGs
[2025-11-07T14:25:57.961+0000] {logging_mixin.py:190} INFO - [2025-11-07T14:25:57.961+0000] {dag.py:4180} INFO - Setting next_dagrun for read_dataset_event to 2025-11-06 00:00:00+00:00, run_after=2025-11-07 00:00:00+00:00
[2025-11-07T14:25:57.964+0000] {logging_mixin.py:190} INFO - [2025-11-07T14:25:57.964+0000] {dag.py:4180} INFO - Setting next_dagrun for read_dataset_event_from_classic to 2025-11-06 00:00:00+00:00, run_after=2025-11-07 00:00:00+00:00
[2025-11-07T14:25:57.978+0000] {processor.py:208} INFO - Processing /home/airflow/.local/lib/python3.12/site-packages/airflow/example_dags/example_inlet_event_extra.py took 0.412 seconds
[2025-11-07T14:26:28.941+0000] {processor.py:186} INFO - Started process (PID=316) to work on /home/airflow/.local/lib/python3.12/site-packages/airflow/example_dags/example_inlet_event_extra.py
[2025-11-07T14:26:28.941+0000] {processor.py:914} INFO - Processing file /home/airflow/.local/lib/python3.12/site-packages/airflow/example_dags/example_inlet_event_extra.py for tasks to queue
[2025-11-07T14:26:28.943+0000] {logging_mixin.py:190} INFO - [2025-11-07T14:26:28.943+0000] {dagbag.py:588} INFO - Filling up the DagBag from /home/airflow/.local/lib/python3.12/site-packages/airflow/example_dags/example_inlet_event_extra.py
[2025-11-07T14:26:29.358+0000] {processor.py:925} INFO - DAG(s) 'read_dataset_event_from_classic', 'read_dataset_event' retrieved from /home/airflow/.local/lib/python3.12/site-packages/airflow/example_dags/example_inlet_event_extra.py
[2025-11-07T14:26:29.372+0000] {logging_mixin.py:190} INFO - [2025-11-07T14:26:29.371+0000] {dag.py:3239} INFO - Sync 2 DAGs
[2025-11-07T14:26:29.389+0000] {logging_mixin.py:190} INFO - [2025-11-07T14:26:29.389+0000] {dag.py:4180} INFO - Setting next_dagrun for read_dataset_event to 2025-11-06 00:00:00+00:00, run_after=2025-11-07 00:00:00+00:00
[2025-11-07T14:26:29.392+0000] {logging_mixin.py:190} INFO - [2025-11-07T14:26:29.392+0000] {dag.py:4180} INFO - Setting next_dagrun for read_dataset_event_from_classic to 2025-11-06 00:00:00+00:00, run_after=2025-11-07 00:00:00+00:00
[2025-11-07T14:26:29.402+0000] {processor.py:208} INFO - Processing /home/airflow/.local/lib/python3.12/site-packages/airflow/example_dags/example_inlet_event_extra.py took 0.464 seconds
[2025-11-07T14:26:59.769+0000] {processor.py:186} INFO - Started process (PID=380) to work on /home/airflow/.local/lib/python3.12/site-packages/airflow/example_dags/example_inlet_event_extra.py
[2025-11-07T14:26:59.770+0000] {processor.py:914} INFO - Processing file /home/airflow/.local/lib/python3.12/site-packages/airflow/example_dags/example_inlet_event_extra.py for tasks to queue
[2025-11-07T14:26:59.773+0000] {logging_mixin.py:190} INFO - [2025-11-07T14:26:59.772+0000] {dagbag.py:588} INFO - Filling up the DagBag from /home/airflow/.local/lib/python3.12/site-packages/airflow/example_dags/example_inlet_event_extra.py
[2025-11-07T14:27:00.292+0000] {processor.py:925} INFO - DAG(s) 'read_dataset_event', 'read_dataset_event_from_classic' retrieved from /home/airflow/.local/lib/python3.12/site-packages/airflow/example_dags/example_inlet_event_extra.py
[2025-11-07T14:27:00.314+0000] {logging_mixin.py:190} INFO - [2025-11-07T14:27:00.313+0000] {dag.py:3239} INFO - Sync 2 DAGs
[2025-11-07T14:27:00.344+0000] {logging_mixin.py:190} INFO - [2025-11-07T14:27:00.343+0000] {dag.py:4180} INFO - Setting next_dagrun for read_dataset_event to 2025-11-06 00:00:00+00:00, run_after=2025-11-07 00:00:00+00:00
[2025-11-07T14:27:00.349+0000] {logging_mixin.py:190} INFO - [2025-11-07T14:27:00.348+0000] {dag.py:4180} INFO - Setting next_dagrun for read_dataset_event_from_classic to 2025-11-06 00:00:00+00:00, run_after=2025-11-07 00:00:00+00:00
[2025-11-07T14:27:00.367+0000] {processor.py:208} INFO - Processing /home/airflow/.local/lib/python3.12/site-packages/airflow/example_dags/example_inlet_event_extra.py took 0.606 seconds
[2025-11-07T14:27:31.127+0000] {processor.py:186} INFO - Started process (PID=444) to work on /home/airflow/.local/lib/python3.12/site-packages/airflow/example_dags/example_inlet_event_extra.py
[2025-11-07T14:27:31.132+0000] {processor.py:914} INFO - Processing file /home/airflow/.local/lib/python3.12/site-packages/airflow/example_dags/example_inlet_event_extra.py for tasks to queue
[2025-11-07T14:27:31.135+0000] {logging_mixin.py:190} INFO - [2025-11-07T14:27:31.135+0000] {dagbag.py:588} INFO - Filling up the DagBag from /home/airflow/.local/lib/python3.12/site-packages/airflow/example_dags/example_inlet_event_extra.py
[2025-11-07T14:27:31.502+0000] {processor.py:925} INFO - DAG(s) 'read_dataset_event_from_classic', 'read_dataset_event' retrieved from /home/airflow/.local/lib/python3.12/site-packages/airflow/example_dags/example_inlet_event_extra.py
[2025-11-07T14:27:31.517+0000] {logging_mixin.py:190} INFO - [2025-11-07T14:27:31.517+0000] {dag.py:3239} INFO - Sync 2 DAGs
[2025-11-07T14:27:31.531+0000] {logging_mixin.py:190} INFO - [2025-11-07T14:27:31.531+0000] {dag.py:4180} INFO - Setting next_dagrun for read_dataset_event to 2025-11-06 00:00:00+00:00, run_after=2025-11-07 00:00:00+00:00
[2025-11-07T14:27:31.535+0000] {logging_mixin.py:190} INFO - [2025-11-07T14:27:31.535+0000] {dag.py:4180} INFO - Setting next_dagrun for read_dataset_event_from_classic to 2025-11-06 00:00:00+00:00, run_after=2025-11-07 00:00:00+00:00
[2025-11-07T14:27:31.551+0000] {processor.py:208} INFO - Processing /home/airflow/.local/lib/python3.12/site-packages/airflow/example_dags/example_inlet_event_extra.py took 0.432 seconds
[2025-11-07T14:28:02.509+0000] {processor.py:186} INFO - Started process (PID=508) to work on /home/airflow/.local/lib/python3.12/site-packages/airflow/example_dags/example_inlet_event_extra.py
[2025-11-07T14:28:02.514+0000] {processor.py:914} INFO - Processing file /home/airflow/.local/lib/python3.12/site-packages/airflow/example_dags/example_inlet_event_extra.py for tasks to queue
[2025-11-07T14:28:02.517+0000] {logging_mixin.py:190} INFO - [2025-11-07T14:28:02.517+0000] {dagbag.py:588} INFO - Filling up the DagBag from /home/airflow/.local/lib/python3.12/site-packages/airflow/example_dags/example_inlet_event_extra.py
[2025-11-07T14:28:02.867+0000] {processor.py:925} INFO - DAG(s) 'read_dataset_event_from_classic', 'read_dataset_event' retrieved from /home/airflow/.local/lib/python3.12/site-packages/airflow/example_dags/example_inlet_event_extra.py
[2025-11-07T14:28:02.880+0000] {logging_mixin.py:190} INFO - [2025-11-07T14:28:02.880+0000] {dag.py:3239} INFO - Sync 2 DAGs
[2025-11-07T14:28:02.895+0000] {logging_mixin.py:190} INFO - [2025-11-07T14:28:02.895+0000] {dag.py:4180} INFO - Setting next_dagrun for read_dataset_event to 2025-11-06 00:00:00+00:00, run_after=2025-11-07 00:00:00+00:00
[2025-11-07T14:28:02.899+0000] {logging_mixin.py:190} INFO - [2025-11-07T14:28:02.898+0000] {dag.py:4180} INFO - Setting next_dagrun for read_dataset_event_from_classic to 2025-11-06 00:00:00+00:00, run_after=2025-11-07 00:00:00+00:00
[2025-11-07T14:28:02.913+0000] {processor.py:208} INFO - Processing /home/airflow/.local/lib/python3.12/site-packages/airflow/example_dags/example_inlet_event_extra.py took 0.411 seconds
[2025-11-07T14:28:33.109+0000] {processor.py:186} INFO - Started process (PID=572) to work on /home/airflow/.local/lib/python3.12/site-packages/airflow/example_dags/example_inlet_event_extra.py
[2025-11-07T14:28:33.110+0000] {processor.py:914} INFO - Processing file /home/airflow/.local/lib/python3.12/site-packages/airflow/example_dags/example_inlet_event_extra.py for tasks to queue
[2025-11-07T14:28:33.113+0000] {logging_mixin.py:190} INFO - [2025-11-07T14:28:33.112+0000] {dagbag.py:588} INFO - Filling up the DagBag from /home/airflow/.local/lib/python3.12/site-packages/airflow/example_dags/example_inlet_event_extra.py
[2025-11-07T14:28:33.470+0000] {processor.py:925} INFO - DAG(s) 'read_dataset_event', 'read_dataset_event_from_classic' retrieved from /home/airflow/.local/lib/python3.12/site-packages/airflow/example_dags/example_inlet_event_extra.py
[2025-11-07T14:28:33.483+0000] {logging_mixin.py:190} INFO - [2025-11-07T14:28:33.483+0000] {dag.py:3239} INFO - Sync 2 DAGs
[2025-11-07T14:28:33.497+0000] {logging_mixin.py:190} INFO - [2025-11-07T14:28:33.497+0000] {dag.py:4180} INFO - Setting next_dagrun for read_dataset_event to 2025-11-06 00:00:00+00:00, run_after=2025-11-07 00:00:00+00:00
[2025-11-07T14:28:33.500+0000] {logging_mixin.py:190} INFO - [2025-11-07T14:28:33.500+0000] {dag.py:4180} INFO - Setting next_dagrun for read_dataset_event_from_classic to 2025-11-06 00:00:00+00:00, run_after=2025-11-07 00:00:00+00:00
[2025-11-07T14:28:33.516+0000] {processor.py:208} INFO - Processing /home/airflow/.local/lib/python3.12/site-packages/airflow/example_dags/example_inlet_event_extra.py took 0.417 seconds
[2025-11-07T14:29:03.890+0000] {processor.py:186} INFO - Started process (PID=636) to work on /home/airflow/.local/lib/python3.12/site-packages/airflow/example_dags/example_inlet_event_extra.py
[2025-11-07T14:29:03.895+0000] {processor.py:914} INFO - Processing file /home/airflow/.local/lib/python3.12/site-packages/airflow/example_dags/example_inlet_event_extra.py for tasks to queue
[2025-11-07T14:29:03.899+0000] {logging_mixin.py:190} INFO - [2025-11-07T14:29:03.898+0000] {dagbag.py:588} INFO - Filling up the DagBag from /home/airflow/.local/lib/python3.12/site-packages/airflow/example_dags/example_inlet_event_extra.py
[2025-11-07T14:29:04.263+0000] {processor.py:925} INFO - DAG(s) 'read_dataset_event_from_classic', 'read_dataset_event' retrieved from /home/airflow/.local/lib/python3.12/site-packages/airflow/example_dags/example_inlet_event_extra.py
[2025-11-07T14:29:04.279+0000] {logging_mixin.py:190} INFO - [2025-11-07T14:29:04.278+0000] {dag.py:3239} INFO - Sync 2 DAGs
[2025-11-07T14:29:04.293+0000] {logging_mixin.py:190} INFO - [2025-11-07T14:29:04.293+0000] {dag.py:4180} INFO - Setting next_dagrun for read_dataset_event to 2025-11-06 00:00:00+00:00, run_after=2025-11-07 00:00:00+00:00
[2025-11-07T14:29:04.296+0000] {logging_mixin.py:190} INFO - [2025-11-07T14:29:04.296+0000] {dag.py:4180} INFO - Setting next_dagrun for read_dataset_event_from_classic to 2025-11-06 00:00:00+00:00, run_after=2025-11-07 00:00:00+00:00
[2025-11-07T14:29:04.306+0000] {processor.py:208} INFO - Processing /home/airflow/.local/lib/python3.12/site-packages/airflow/example_dags/example_inlet_event_extra.py took 0.426 seconds
[2025-11-07T14:29:35.192+0000] {processor.py:186} INFO - Started process (PID=700) to work on /home/airflow/.local/lib/python3.12/site-packages/airflow/example_dags/example_inlet_event_extra.py
[2025-11-07T14:29:35.193+0000] {processor.py:914} INFO - Processing file /home/airflow/.local/lib/python3.12/site-packages/airflow/example_dags/example_inlet_event_extra.py for tasks to queue
[2025-11-07T14:29:35.196+0000] {logging_mixin.py:190} INFO - [2025-11-07T14:29:35.196+0000] {dagbag.py:588} INFO - Filling up the DagBag from /home/airflow/.local/lib/python3.12/site-packages/airflow/example_dags/example_inlet_event_extra.py
[2025-11-07T14:29:35.564+0000] {processor.py:925} INFO - DAG(s) 'read_dataset_event', 'read_dataset_event_from_classic' retrieved from /home/airflow/.local/lib/python3.12/site-packages/airflow/example_dags/example_inlet_event_extra.py
[2025-11-07T14:29:35.576+0000] {logging_mixin.py:190} INFO - [2025-11-07T14:29:35.576+0000] {dag.py:3239} INFO - Sync 2 DAGs
[2025-11-07T14:29:35.591+0000] {logging_mixin.py:190} INFO - [2025-11-07T14:29:35.591+0000] {dag.py:4180} INFO - Setting next_dagrun for read_dataset_event to 2025-11-06 00:00:00+00:00, run_after=2025-11-07 00:00:00+00:00
[2025-11-07T14:29:35.594+0000] {logging_mixin.py:190} INFO - [2025-11-07T14:29:35.594+0000] {dag.py:4180} INFO - Setting next_dagrun for read_dataset_event_from_classic to 2025-11-06 00:00:00+00:00, run_after=2025-11-07 00:00:00+00:00
[2025-11-07T14:29:35.612+0000] {processor.py:208} INFO - Processing /home/airflow/.local/lib/python3.12/site-packages/airflow/example_dags/example_inlet_event_extra.py took 0.432 seconds
[2025-11-07T14:30:05.650+0000] {processor.py:186} INFO - Started process (PID=764) to work on /home/airflow/.local/lib/python3.12/site-packages/airflow/example_dags/example_inlet_event_extra.py
[2025-11-07T14:30:05.655+0000] {processor.py:914} INFO - Processing file /home/airflow/.local/lib/python3.12/site-packages/airflow/example_dags/example_inlet_event_extra.py for tasks to queue
[2025-11-07T14:30:05.657+0000] {logging_mixin.py:190} INFO - [2025-11-07T14:30:05.657+0000] {dagbag.py:588} INFO - Filling up the DagBag from /home/airflow/.local/lib/python3.12/site-packages/airflow/example_dags/example_inlet_event_extra.py
[2025-11-07T14:30:06.028+0000] {processor.py:925} INFO - DAG(s) 'read_dataset_event_from_classic', 'read_dataset_event' retrieved from /home/airflow/.local/lib/python3.12/site-packages/airflow/example_dags/example_inlet_event_extra.py
[2025-11-07T14:30:06.042+0000] {logging_mixin.py:190} INFO - [2025-11-07T14:30:06.042+0000] {dag.py:3239} INFO - Sync 2 DAGs
[2025-11-07T14:30:06.057+0000] {logging_mixin.py:190} INFO - [2025-11-07T14:30:06.057+0000] {dag.py:4180} INFO - Setting next_dagrun for read_dataset_event to 2025-11-06 00:00:00+00:00, run_after=2025-11-07 00:00:00+00:00
[2025-11-07T14:30:06.060+0000] {logging_mixin.py:190} INFO - [2025-11-07T14:30:06.060+0000] {dag.py:4180} INFO - Setting next_dagrun for read_dataset_event_from_classic to 2025-11-06 00:00:00+00:00, run_after=2025-11-07 00:00:00+00:00
[2025-11-07T14:30:06.074+0000] {processor.py:208} INFO - Processing /home/airflow/.local/lib/python3.12/site-packages/airflow/example_dags/example_inlet_event_extra.py took 0.430 seconds
[2025-11-07T14:30:36.193+0000] {processor.py:186} INFO - Started process (PID=828) to work on /home/airflow/.local/lib/python3.12/site-packages/airflow/example_dags/example_inlet_event_extra.py
[2025-11-07T14:30:36.194+0000] {processor.py:914} INFO - Processing file /home/airflow/.local/lib/python3.12/site-packages/airflow/example_dags/example_inlet_event_extra.py for tasks to queue
[2025-11-07T14:30:36.197+0000] {logging_mixin.py:190} INFO - [2025-11-07T14:30:36.196+0000] {dagbag.py:588} INFO - Filling up the DagBag from /home/airflow/.local/lib/python3.12/site-packages/airflow/example_dags/example_inlet_event_extra.py
[2025-11-07T14:30:36.566+0000] {processor.py:925} INFO - DAG(s) 'read_dataset_event_from_classic', 'read_dataset_event' retrieved from /home/airflow/.local/lib/python3.12/site-packages/airflow/example_dags/example_inlet_event_extra.py
[2025-11-07T14:30:36.578+0000] {logging_mixin.py:190} INFO - [2025-11-07T14:30:36.578+0000] {dag.py:3239} INFO - Sync 2 DAGs
[2025-11-07T14:30:36.593+0000] {logging_mixin.py:190} INFO - [2025-11-07T14:30:36.593+0000] {dag.py:4180} INFO - Setting next_dagrun for read_dataset_event to 2025-11-06 00:00:00+00:00, run_after=2025-11-07 00:00:00+00:00
[2025-11-07T14:30:36.596+0000] {logging_mixin.py:190} INFO - [2025-11-07T14:30:36.596+0000] {dag.py:4180} INFO - Setting next_dagrun for read_dataset_event_from_classic to 2025-11-06 00:00:00+00:00, run_after=2025-11-07 00:00:00+00:00
[2025-11-07T14:30:36.610+0000] {processor.py:208} INFO - Processing /home/airflow/.local/lib/python3.12/site-packages/airflow/example_dags/example_inlet_event_extra.py took 0.425 seconds
[2025-11-07T14:31:07.379+0000] {processor.py:186} INFO - Started process (PID=892) to work on /home/airflow/.local/lib/python3.12/site-packages/airflow/example_dags/example_inlet_event_extra.py
[2025-11-07T14:31:07.385+0000] {processor.py:914} INFO - Processing file /home/airflow/.local/lib/python3.12/site-packages/airflow/example_dags/example_inlet_event_extra.py for tasks to queue
[2025-11-07T14:31:07.389+0000] {logging_mixin.py:190} INFO - [2025-11-07T14:31:07.388+0000] {dagbag.py:588} INFO - Filling up the DagBag from /home/airflow/.local/lib/python3.12/site-packages/airflow/example_dags/example_inlet_event_extra.py
[2025-11-07T14:31:07.761+0000] {processor.py:925} INFO - DAG(s) 'read_dataset_event_from_classic', 'read_dataset_event' retrieved from /home/airflow/.local/lib/python3.12/site-packages/airflow/example_dags/example_inlet_event_extra.py
[2025-11-07T14:31:07.777+0000] {logging_mixin.py:190} INFO - [2025-11-07T14:31:07.777+0000] {dag.py:3239} INFO - Sync 2 DAGs
[2025-11-07T14:31:07.796+0000] {logging_mixin.py:190} INFO - [2025-11-07T14:31:07.795+0000] {dag.py:4180} INFO - Setting next_dagrun for read_dataset_event to 2025-11-06 00:00:00+00:00, run_after=2025-11-07 00:00:00+00:00
[2025-11-07T14:31:07.798+0000] {logging_mixin.py:190} INFO - [2025-11-07T14:31:07.798+0000] {dag.py:4180} INFO - Setting next_dagrun for read_dataset_event_from_classic to 2025-11-06 00:00:00+00:00, run_after=2025-11-07 00:00:00+00:00
[2025-11-07T14:31:07.834+0000] {processor.py:208} INFO - Processing /home/airflow/.local/lib/python3.12/site-packages/airflow/example_dags/example_inlet_event_extra.py took 0.463 seconds
[2025-11-07T14:31:38.558+0000] {processor.py:186} INFO - Started process (PID=956) to work on /home/airflow/.local/lib/python3.12/site-packages/airflow/example_dags/example_inlet_event_extra.py
[2025-11-07T14:31:38.559+0000] {processor.py:914} INFO - Processing file /home/airflow/.local/lib/python3.12/site-packages/airflow/example_dags/example_inlet_event_extra.py for tasks to queue
[2025-11-07T14:31:38.563+0000] {logging_mixin.py:190} INFO - [2025-11-07T14:31:38.562+0000] {dagbag.py:588} INFO - Filling up the DagBag from /home/airflow/.local/lib/python3.12/site-packages/airflow/example_dags/example_inlet_event_extra.py
[2025-11-07T14:31:38.905+0000] {processor.py:925} INFO - DAG(s) 'read_dataset_event', 'read_dataset_event_from_classic' retrieved from /home/airflow/.local/lib/python3.12/site-packages/airflow/example_dags/example_inlet_event_extra.py
[2025-11-07T14:31:38.918+0000] {logging_mixin.py:190} INFO - [2025-11-07T14:31:38.918+0000] {dag.py:3239} INFO - Sync 2 DAGs
[2025-11-07T14:31:38.934+0000] {logging_mixin.py:190} INFO - [2025-11-07T14:31:38.934+0000] {dag.py:4180} INFO - Setting next_dagrun for read_dataset_event to 2025-11-06 00:00:00+00:00, run_after=2025-11-07 00:00:00+00:00
[2025-11-07T14:31:38.939+0000] {logging_mixin.py:190} INFO - [2025-11-07T14:31:38.938+0000] {dag.py:4180} INFO - Setting next_dagrun for read_dataset_event_from_classic to 2025-11-06 00:00:00+00:00, run_after=2025-11-07 00:00:00+00:00
[2025-11-07T14:31:38.960+0000] {processor.py:208} INFO - Processing /home/airflow/.local/lib/python3.12/site-packages/airflow/example_dags/example_inlet_event_extra.py took 0.411 seconds
[2025-11-07T14:32:09.507+0000] {processor.py:186} INFO - Started process (PID=1020) to work on /home/airflow/.local/lib/python3.12/site-packages/airflow/example_dags/example_inlet_event_extra.py
[2025-11-07T14:32:09.512+0000] {processor.py:914} INFO - Processing file /home/airflow/.local/lib/python3.12/site-packages/airflow/example_dags/example_inlet_event_extra.py for tasks to queue
[2025-11-07T14:32:09.516+0000] {logging_mixin.py:190} INFO - [2025-11-07T14:32:09.515+0000] {dagbag.py:588} INFO - Filling up the DagBag from /home/airflow/.local/lib/python3.12/site-packages/airflow/example_dags/example_inlet_event_extra.py
[2025-11-07T14:32:09.851+0000] {processor.py:925} INFO - DAG(s) 'read_dataset_event', 'read_dataset_event_from_classic' retrieved from /home/airflow/.local/lib/python3.12/site-packages/airflow/example_dags/example_inlet_event_extra.py
[2025-11-07T14:32:09.864+0000] {logging_mixin.py:190} INFO - [2025-11-07T14:32:09.864+0000] {dag.py:3239} INFO - Sync 2 DAGs
[2025-11-07T14:32:09.879+0000] {logging_mixin.py:190} INFO - [2025-11-07T14:32:09.878+0000] {dag.py:4180} INFO - Setting next_dagrun for read_dataset_event to 2025-11-06 00:00:00+00:00, run_after=2025-11-07 00:00:00+00:00
[2025-11-07T14:32:09.882+0000] {logging_mixin.py:190} INFO - [2025-11-07T14:32:09.881+0000] {dag.py:4180} INFO - Setting next_dagrun for read_dataset_event_from_classic to 2025-11-06 00:00:00+00:00, run_after=2025-11-07 00:00:00+00:00
[2025-11-07T14:32:09.892+0000] {processor.py:208} INFO - Processing /home/airflow/.local/lib/python3.12/site-packages/airflow/example_dags/example_inlet_event_extra.py took 0.390 seconds
[2025-11-07T14:32:40.834+0000] {processor.py:186} INFO - Started process (PID=1084) to work on /home/airflow/.local/lib/python3.12/site-packages/airflow/example_dags/example_inlet_event_extra.py
[2025-11-07T14:32:40.835+0000] {processor.py:914} INFO - Processing file /home/airflow/.local/lib/python3.12/site-packages/airflow/example_dags/example_inlet_event_extra.py for tasks to queue
[2025-11-07T14:32:40.838+0000] {logging_mixin.py:190} INFO - [2025-11-07T14:32:40.838+0000] {dagbag.py:588} INFO - Filling up the DagBag from /home/airflow/.local/lib/python3.12/site-packages/airflow/example_dags/example_inlet_event_extra.py
[2025-11-07T14:32:41.200+0000] {processor.py:925} INFO - DAG(s) 'read_dataset_event', 'read_dataset_event_from_classic' retrieved from /home/airflow/.local/lib/python3.12/site-packages/airflow/example_dags/example_inlet_event_extra.py
[2025-11-07T14:32:41.213+0000] {logging_mixin.py:190} INFO - [2025-11-07T14:32:41.213+0000] {dag.py:3239} INFO - Sync 2 DAGs
[2025-11-07T14:32:41.229+0000] {logging_mixin.py:190} INFO - [2025-11-07T14:32:41.228+0000] {dag.py:4180} INFO - Setting next_dagrun for read_dataset_event to 2025-11-06 00:00:00+00:00, run_after=2025-11-07 00:00:00+00:00
[2025-11-07T14:32:41.231+0000] {logging_mixin.py:190} INFO - [2025-11-07T14:32:41.231+0000] {dag.py:4180} INFO - Setting next_dagrun for read_dataset_event_from_classic to 2025-11-06 00:00:00+00:00, run_after=2025-11-07 00:00:00+00:00
[2025-11-07T14:32:41.243+0000] {processor.py:208} INFO - Processing /home/airflow/.local/lib/python3.12/site-packages/airflow/example_dags/example_inlet_event_extra.py took 0.417 seconds
[2025-11-07T14:33:12.246+0000] {processor.py:186} INFO - Started process (PID=1148) to work on /home/airflow/.local/lib/python3.12/site-packages/airflow/example_dags/example_inlet_event_extra.py
[2025-11-07T14:33:12.247+0000] {processor.py:914} INFO - Processing file /home/airflow/.local/lib/python3.12/site-packages/airflow/example_dags/example_inlet_event_extra.py for tasks to queue
[2025-11-07T14:33:12.251+0000] {logging_mixin.py:190} INFO - [2025-11-07T14:33:12.250+0000] {dagbag.py:588} INFO - Filling up the DagBag from /home/airflow/.local/lib/python3.12/site-packages/airflow/example_dags/example_inlet_event_extra.py
[2025-11-07T14:33:12.610+0000] {processor.py:925} INFO - DAG(s) 'read_dataset_event_from_classic', 'read_dataset_event' retrieved from /home/airflow/.local/lib/python3.12/site-packages/airflow/example_dags/example_inlet_event_extra.py
[2025-11-07T14:33:12.624+0000] {logging_mixin.py:190} INFO - [2025-11-07T14:33:12.624+0000] {dag.py:3239} INFO - Sync 2 DAGs
[2025-11-07T14:33:12.638+0000] {logging_mixin.py:190} INFO - [2025-11-07T14:33:12.638+0000] {dag.py:4180} INFO - Setting next_dagrun for read_dataset_event to 2025-11-06 00:00:00+00:00, run_after=2025-11-07 00:00:00+00:00
[2025-11-07T14:33:12.641+0000] {logging_mixin.py:190} INFO - [2025-11-07T14:33:12.641+0000] {dag.py:4180} INFO - Setting next_dagrun for read_dataset_event_from_classic to 2025-11-06 00:00:00+00:00, run_after=2025-11-07 00:00:00+00:00
[2025-11-07T14:33:12.656+0000] {processor.py:208} INFO - Processing /home/airflow/.local/lib/python3.12/site-packages/airflow/example_dags/example_inlet_event_extra.py took 0.420 seconds
[2025-11-07T14:33:42.751+0000] {processor.py:186} INFO - Started process (PID=1212) to work on /home/airflow/.local/lib/python3.12/site-packages/airflow/example_dags/example_inlet_event_extra.py
[2025-11-07T14:33:42.751+0000] {processor.py:914} INFO - Processing file /home/airflow/.local/lib/python3.12/site-packages/airflow/example_dags/example_inlet_event_extra.py for tasks to queue
[2025-11-07T14:33:42.753+0000] {logging_mixin.py:190} INFO - [2025-11-07T14:33:42.753+0000] {dagbag.py:588} INFO - Filling up the DagBag from /home/airflow/.local/lib/python3.12/site-packages/airflow/example_dags/example_inlet_event_extra.py
[2025-11-07T14:33:43.114+0000] {processor.py:925} INFO - DAG(s) 'read_dataset_event', 'read_dataset_event_from_classic' retrieved from /home/airflow/.local/lib/python3.12/site-packages/airflow/example_dags/example_inlet_event_extra.py
[2025-11-07T14:33:43.130+0000] {logging_mixin.py:190} INFO - [2025-11-07T14:33:43.129+0000] {dag.py:3239} INFO - Sync 2 DAGs
[2025-11-07T14:33:43.143+0000] {logging_mixin.py:190} INFO - [2025-11-07T14:33:43.142+0000] {dag.py:4180} INFO - Setting next_dagrun for read_dataset_event to 2025-11-06 00:00:00+00:00, run_after=2025-11-07 00:00:00+00:00
[2025-11-07T14:33:43.145+0000] {logging_mixin.py:190} INFO - [2025-11-07T14:33:43.145+0000] {dag.py:4180} INFO - Setting next_dagrun for read_dataset_event_from_classic to 2025-11-06 00:00:00+00:00, run_after=2025-11-07 00:00:00+00:00
[2025-11-07T14:33:43.159+0000] {processor.py:208} INFO - Processing /home/airflow/.local/lib/python3.12/site-packages/airflow/example_dags/example_inlet_event_extra.py took 0.418 seconds
[2025-11-07T14:34:13.748+0000] {processor.py:186} INFO - Started process (PID=1276) to work on /home/airflow/.local/lib/python3.12/site-packages/airflow/example_dags/example_inlet_event_extra.py
[2025-11-07T14:34:13.753+0000] {processor.py:914} INFO - Processing file /home/airflow/.local/lib/python3.12/site-packages/airflow/example_dags/example_inlet_event_extra.py for tasks to queue
[2025-11-07T14:34:13.756+0000] {logging_mixin.py:190} INFO - [2025-11-07T14:34:13.756+0000] {dagbag.py:588} INFO - Filling up the DagBag from /home/airflow/.local/lib/python3.12/site-packages/airflow/example_dags/example_inlet_event_extra.py
[2025-11-07T14:34:14.100+0000] {processor.py:925} INFO - DAG(s) 'read_dataset_event', 'read_dataset_event_from_classic' retrieved from /home/airflow/.local/lib/python3.12/site-packages/airflow/example_dags/example_inlet_event_extra.py
[2025-11-07T14:34:14.117+0000] {logging_mixin.py:190} INFO - [2025-11-07T14:34:14.117+0000] {dag.py:3239} INFO - Sync 2 DAGs
[2025-11-07T14:34:14.132+0000] {logging_mixin.py:190} INFO - [2025-11-07T14:34:14.132+0000] {dag.py:4180} INFO - Setting next_dagrun for read_dataset_event to 2025-11-06 00:00:00+00:00, run_after=2025-11-07 00:00:00+00:00
[2025-11-07T14:34:14.135+0000] {logging_mixin.py:190} INFO - [2025-11-07T14:34:14.135+0000] {dag.py:4180} INFO - Setting next_dagrun for read_dataset_event_from_classic to 2025-11-06 00:00:00+00:00, run_after=2025-11-07 00:00:00+00:00
[2025-11-07T14:34:14.149+0000] {processor.py:208} INFO - Processing /home/airflow/.local/lib/python3.12/site-packages/airflow/example_dags/example_inlet_event_extra.py took 0.407 seconds
[2025-11-07T14:34:45.148+0000] {processor.py:186} INFO - Started process (PID=1340) to work on /home/airflow/.local/lib/python3.12/site-packages/airflow/example_dags/example_inlet_event_extra.py
[2025-11-07T14:34:45.149+0000] {processor.py:914} INFO - Processing file /home/airflow/.local/lib/python3.12/site-packages/airflow/example_dags/example_inlet_event_extra.py for tasks to queue
[2025-11-07T14:34:45.151+0000] {logging_mixin.py:190} INFO - [2025-11-07T14:34:45.150+0000] {dagbag.py:588} INFO - Filling up the DagBag from /home/airflow/.local/lib/python3.12/site-packages/airflow/example_dags/example_inlet_event_extra.py
[2025-11-07T14:34:45.475+0000] {processor.py:925} INFO - DAG(s) 'read_dataset_event_from_classic', 'read_dataset_event' retrieved from /home/airflow/.local/lib/python3.12/site-packages/airflow/example_dags/example_inlet_event_extra.py
[2025-11-07T14:34:45.489+0000] {logging_mixin.py:190} INFO - [2025-11-07T14:34:45.488+0000] {dag.py:3239} INFO - Sync 2 DAGs
[2025-11-07T14:34:45.509+0000] {logging_mixin.py:190} INFO - [2025-11-07T14:34:45.509+0000] {dag.py:4180} INFO - Setting next_dagrun for read_dataset_event to 2025-11-06 00:00:00+00:00, run_after=2025-11-07 00:00:00+00:00
[2025-11-07T14:34:45.512+0000] {logging_mixin.py:190} INFO - [2025-11-07T14:34:45.512+0000] {dag.py:4180} INFO - Setting next_dagrun for read_dataset_event_from_classic to 2025-11-06 00:00:00+00:00, run_after=2025-11-07 00:00:00+00:00
[2025-11-07T14:34:45.526+0000] {processor.py:208} INFO - Processing /home/airflow/.local/lib/python3.12/site-packages/airflow/example_dags/example_inlet_event_extra.py took 0.384 seconds
[2025-11-07T14:35:15.774+0000] {processor.py:186} INFO - Started process (PID=1404) to work on /home/airflow/.local/lib/python3.12/site-packages/airflow/example_dags/example_inlet_event_extra.py
[2025-11-07T14:35:15.780+0000] {processor.py:914} INFO - Processing file /home/airflow/.local/lib/python3.12/site-packages/airflow/example_dags/example_inlet_event_extra.py for tasks to queue
[2025-11-07T14:35:15.783+0000] {logging_mixin.py:190} INFO - [2025-11-07T14:35:15.783+0000] {dagbag.py:588} INFO - Filling up the DagBag from /home/airflow/.local/lib/python3.12/site-packages/airflow/example_dags/example_inlet_event_extra.py
[2025-11-07T14:35:16.183+0000] {processor.py:925} INFO - DAG(s) 'read_dataset_event', 'read_dataset_event_from_classic' retrieved from /home/airflow/.local/lib/python3.12/site-packages/airflow/example_dags/example_inlet_event_extra.py
[2025-11-07T14:35:16.200+0000] {logging_mixin.py:190} INFO - [2025-11-07T14:35:16.199+0000] {dag.py:3239} INFO - Sync 2 DAGs
[2025-11-07T14:35:16.220+0000] {logging_mixin.py:190} INFO - [2025-11-07T14:35:16.220+0000] {dag.py:4180} INFO - Setting next_dagrun for read_dataset_event to 2025-11-06 00:00:00+00:00, run_after=2025-11-07 00:00:00+00:00
[2025-11-07T14:35:16.224+0000] {logging_mixin.py:190} INFO - [2025-11-07T14:35:16.224+0000] {dag.py:4180} INFO - Setting next_dagrun for read_dataset_event_from_classic to 2025-11-06 00:00:00+00:00, run_after=2025-11-07 00:00:00+00:00
[2025-11-07T14:35:16.239+0000] {processor.py:208} INFO - Processing /home/airflow/.local/lib/python3.12/site-packages/airflow/example_dags/example_inlet_event_extra.py took 0.473 seconds
[2025-11-07T14:35:47.239+0000] {processor.py:186} INFO - Started process (PID=1468) to work on /home/airflow/.local/lib/python3.12/site-packages/airflow/example_dags/example_inlet_event_extra.py
[2025-11-07T14:35:47.240+0000] {processor.py:914} INFO - Processing file /home/airflow/.local/lib/python3.12/site-packages/airflow/example_dags/example_inlet_event_extra.py for tasks to queue
[2025-11-07T14:35:47.243+0000] {logging_mixin.py:190} INFO - [2025-11-07T14:35:47.243+0000] {dagbag.py:588} INFO - Filling up the DagBag from /home/airflow/.local/lib/python3.12/site-packages/airflow/example_dags/example_inlet_event_extra.py
[2025-11-07T14:35:47.610+0000] {processor.py:925} INFO - DAG(s) 'read_dataset_event', 'read_dataset_event_from_classic' retrieved from /home/airflow/.local/lib/python3.12/site-packages/airflow/example_dags/example_inlet_event_extra.py
[2025-11-07T14:35:47.625+0000] {logging_mixin.py:190} INFO - [2025-11-07T14:35:47.624+0000] {dag.py:3239} INFO - Sync 2 DAGs
[2025-11-07T14:35:47.639+0000] {logging_mixin.py:190} INFO - [2025-11-07T14:35:47.639+0000] {dag.py:4180} INFO - Setting next_dagrun for read_dataset_event to 2025-11-06 00:00:00+00:00, run_after=2025-11-07 00:00:00+00:00
[2025-11-07T14:35:47.642+0000] {logging_mixin.py:190} INFO - [2025-11-07T14:35:47.642+0000] {dag.py:4180} INFO - Setting next_dagrun for read_dataset_event_from_classic to 2025-11-06 00:00:00+00:00, run_after=2025-11-07 00:00:00+00:00
[2025-11-07T14:35:47.657+0000] {processor.py:208} INFO - Processing /home/airflow/.local/lib/python3.12/site-packages/airflow/example_dags/example_inlet_event_extra.py took 0.426 seconds
[2025-11-07T14:36:18.589+0000] {processor.py:186} INFO - Started process (PID=1532) to work on /home/airflow/.local/lib/python3.12/site-packages/airflow/example_dags/example_inlet_event_extra.py
[2025-11-07T14:36:18.594+0000] {processor.py:914} INFO - Processing file /home/airflow/.local/lib/python3.12/site-packages/airflow/example_dags/example_inlet_event_extra.py for tasks to queue
[2025-11-07T14:36:18.597+0000] {logging_mixin.py:190} INFO - [2025-11-07T14:36:18.597+0000] {dagbag.py:588} INFO - Filling up the DagBag from /home/airflow/.local/lib/python3.12/site-packages/airflow/example_dags/example_inlet_event_extra.py
[2025-11-07T14:36:18.945+0000] {processor.py:925} INFO - DAG(s) 'read_dataset_event_from_classic', 'read_dataset_event' retrieved from /home/airflow/.local/lib/python3.12/site-packages/airflow/example_dags/example_inlet_event_extra.py
[2025-11-07T14:36:18.958+0000] {logging_mixin.py:190} INFO - [2025-11-07T14:36:18.958+0000] {dag.py:3239} INFO - Sync 2 DAGs
[2025-11-07T14:36:18.973+0000] {logging_mixin.py:190} INFO - [2025-11-07T14:36:18.973+0000] {dag.py:4180} INFO - Setting next_dagrun for read_dataset_event to 2025-11-06 00:00:00+00:00, run_after=2025-11-07 00:00:00+00:00
[2025-11-07T14:36:18.976+0000] {logging_mixin.py:190} INFO - [2025-11-07T14:36:18.976+0000] {dag.py:4180} INFO - Setting next_dagrun for read_dataset_event_from_classic to 2025-11-06 00:00:00+00:00, run_after=2025-11-07 00:00:00+00:00
[2025-11-07T14:36:18.990+0000] {processor.py:208} INFO - Processing /home/airflow/.local/lib/python3.12/site-packages/airflow/example_dags/example_inlet_event_extra.py took 0.406 seconds
[2025-11-07T14:36:49.386+0000] {processor.py:186} INFO - Started process (PID=1596) to work on /home/airflow/.local/lib/python3.12/site-packages/airflow/example_dags/example_inlet_event_extra.py
[2025-11-07T14:36:49.392+0000] {processor.py:914} INFO - Processing file /home/airflow/.local/lib/python3.12/site-packages/airflow/example_dags/example_inlet_event_extra.py for tasks to queue
[2025-11-07T14:36:49.396+0000] {logging_mixin.py:190} INFO - [2025-11-07T14:36:49.396+0000] {dagbag.py:588} INFO - Filling up the DagBag from /home/airflow/.local/lib/python3.12/site-packages/airflow/example_dags/example_inlet_event_extra.py
[2025-11-07T14:36:49.780+0000] {processor.py:925} INFO - DAG(s) 'read_dataset_event', 'read_dataset_event_from_classic' retrieved from /home/airflow/.local/lib/python3.12/site-packages/airflow/example_dags/example_inlet_event_extra.py
[2025-11-07T14:36:49.798+0000] {logging_mixin.py:190} INFO - [2025-11-07T14:36:49.798+0000] {dag.py:3239} INFO - Sync 2 DAGs
[2025-11-07T14:36:49.816+0000] {logging_mixin.py:190} INFO - [2025-11-07T14:36:49.816+0000] {dag.py:4180} INFO - Setting next_dagrun for read_dataset_event to 2025-11-06 00:00:00+00:00, run_after=2025-11-07 00:00:00+00:00
[2025-11-07T14:36:49.820+0000] {logging_mixin.py:190} INFO - [2025-11-07T14:36:49.820+0000] {dag.py:4180} INFO - Setting next_dagrun for read_dataset_event_from_classic to 2025-11-06 00:00:00+00:00, run_after=2025-11-07 00:00:00+00:00
[2025-11-07T14:36:49.869+0000] {processor.py:208} INFO - Processing /home/airflow/.local/lib/python3.12/site-packages/airflow/example_dags/example_inlet_event_extra.py took 0.494 seconds
[2025-11-07T14:37:19.932+0000] {processor.py:186} INFO - Started process (PID=1661) to work on /home/airflow/.local/lib/python3.12/site-packages/airflow/example_dags/example_inlet_event_extra.py
[2025-11-07T14:37:19.933+0000] {processor.py:914} INFO - Processing file /home/airflow/.local/lib/python3.12/site-packages/airflow/example_dags/example_inlet_event_extra.py for tasks to queue
[2025-11-07T14:37:19.936+0000] {logging_mixin.py:190} INFO - [2025-11-07T14:37:19.936+0000] {dagbag.py:588} INFO - Filling up the DagBag from /home/airflow/.local/lib/python3.12/site-packages/airflow/example_dags/example_inlet_event_extra.py
[2025-11-07T14:37:20.286+0000] {processor.py:925} INFO - DAG(s) 'read_dataset_event', 'read_dataset_event_from_classic' retrieved from /home/airflow/.local/lib/python3.12/site-packages/airflow/example_dags/example_inlet_event_extra.py
[2025-11-07T14:37:20.300+0000] {logging_mixin.py:190} INFO - [2025-11-07T14:37:20.300+0000] {dag.py:3239} INFO - Sync 2 DAGs
[2025-11-07T14:37:20.315+0000] {logging_mixin.py:190} INFO - [2025-11-07T14:37:20.315+0000] {dag.py:4180} INFO - Setting next_dagrun for read_dataset_event to 2025-11-06 00:00:00+00:00, run_after=2025-11-07 00:00:00+00:00
[2025-11-07T14:37:20.319+0000] {logging_mixin.py:190} INFO - [2025-11-07T14:37:20.319+0000] {dag.py:4180} INFO - Setting next_dagrun for read_dataset_event_from_classic to 2025-11-06 00:00:00+00:00, run_after=2025-11-07 00:00:00+00:00
[2025-11-07T14:37:20.343+0000] {processor.py:208} INFO - Processing /home/airflow/.local/lib/python3.12/site-packages/airflow/example_dags/example_inlet_event_extra.py took 0.419 seconds
[2025-11-07T14:37:51.308+0000] {processor.py:186} INFO - Started process (PID=1724) to work on /home/airflow/.local/lib/python3.12/site-packages/airflow/example_dags/example_inlet_event_extra.py
[2025-11-07T14:37:51.313+0000] {processor.py:914} INFO - Processing file /home/airflow/.local/lib/python3.12/site-packages/airflow/example_dags/example_inlet_event_extra.py for tasks to queue
[2025-11-07T14:37:51.316+0000] {logging_mixin.py:190} INFO - [2025-11-07T14:37:51.316+0000] {dagbag.py:588} INFO - Filling up the DagBag from /home/airflow/.local/lib/python3.12/site-packages/airflow/example_dags/example_inlet_event_extra.py
[2025-11-07T14:37:51.661+0000] {processor.py:925} INFO - DAG(s) 'read_dataset_event_from_classic', 'read_dataset_event' retrieved from /home/airflow/.local/lib/python3.12/site-packages/airflow/example_dags/example_inlet_event_extra.py
[2025-11-07T14:37:51.679+0000] {logging_mixin.py:190} INFO - [2025-11-07T14:37:51.679+0000] {dag.py:3239} INFO - Sync 2 DAGs
[2025-11-07T14:37:51.694+0000] {logging_mixin.py:190} INFO - [2025-11-07T14:37:51.693+0000] {dag.py:4180} INFO - Setting next_dagrun for read_dataset_event to 2025-11-06 00:00:00+00:00, run_after=2025-11-07 00:00:00+00:00
[2025-11-07T14:37:51.696+0000] {logging_mixin.py:190} INFO - [2025-11-07T14:37:51.696+0000] {dag.py:4180} INFO - Setting next_dagrun for read_dataset_event_from_classic to 2025-11-06 00:00:00+00:00, run_after=2025-11-07 00:00:00+00:00
[2025-11-07T14:37:51.711+0000] {processor.py:208} INFO - Processing /home/airflow/.local/lib/python3.12/site-packages/airflow/example_dags/example_inlet_event_extra.py took 0.413 seconds
[2025-11-07T14:38:22.742+0000] {processor.py:186} INFO - Started process (PID=1788) to work on /home/airflow/.local/lib/python3.12/site-packages/airflow/example_dags/example_inlet_event_extra.py
[2025-11-07T14:38:22.743+0000] {processor.py:914} INFO - Processing file /home/airflow/.local/lib/python3.12/site-packages/airflow/example_dags/example_inlet_event_extra.py for tasks to queue
[2025-11-07T14:38:22.745+0000] {logging_mixin.py:190} INFO - [2025-11-07T14:38:22.744+0000] {dagbag.py:588} INFO - Filling up the DagBag from /home/airflow/.local/lib/python3.12/site-packages/airflow/example_dags/example_inlet_event_extra.py
[2025-11-07T14:38:23.107+0000] {processor.py:925} INFO - DAG(s) 'read_dataset_event_from_classic', 'read_dataset_event' retrieved from /home/airflow/.local/lib/python3.12/site-packages/airflow/example_dags/example_inlet_event_extra.py
[2025-11-07T14:38:23.123+0000] {logging_mixin.py:190} INFO - [2025-11-07T14:38:23.123+0000] {dag.py:3239} INFO - Sync 2 DAGs
[2025-11-07T14:38:23.144+0000] {logging_mixin.py:190} INFO - [2025-11-07T14:38:23.143+0000] {dag.py:4180} INFO - Setting next_dagrun for read_dataset_event to 2025-11-06 00:00:00+00:00, run_after=2025-11-07 00:00:00+00:00
[2025-11-07T14:38:23.148+0000] {logging_mixin.py:190} INFO - [2025-11-07T14:38:23.148+0000] {dag.py:4180} INFO - Setting next_dagrun for read_dataset_event_from_classic to 2025-11-06 00:00:00+00:00, run_after=2025-11-07 00:00:00+00:00
[2025-11-07T14:38:23.166+0000] {processor.py:208} INFO - Processing /home/airflow/.local/lib/python3.12/site-packages/airflow/example_dags/example_inlet_event_extra.py took 0.433 seconds
[2025-11-07T14:38:53.967+0000] {processor.py:186} INFO - Started process (PID=1852) to work on /home/airflow/.local/lib/python3.12/site-packages/airflow/example_dags/example_inlet_event_extra.py
[2025-11-07T14:38:53.973+0000] {processor.py:914} INFO - Processing file /home/airflow/.local/lib/python3.12/site-packages/airflow/example_dags/example_inlet_event_extra.py for tasks to queue
[2025-11-07T14:38:53.976+0000] {logging_mixin.py:190} INFO - [2025-11-07T14:38:53.975+0000] {dagbag.py:588} INFO - Filling up the DagBag from /home/airflow/.local/lib/python3.12/site-packages/airflow/example_dags/example_inlet_event_extra.py
[2025-11-07T14:38:54.347+0000] {processor.py:925} INFO - DAG(s) 'read_dataset_event', 'read_dataset_event_from_classic' retrieved from /home/airflow/.local/lib/python3.12/site-packages/airflow/example_dags/example_inlet_event_extra.py
[2025-11-07T14:38:54.360+0000] {logging_mixin.py:190} INFO - [2025-11-07T14:38:54.360+0000] {dag.py:3239} INFO - Sync 2 DAGs
[2025-11-07T14:38:54.375+0000] {logging_mixin.py:190} INFO - [2025-11-07T14:38:54.374+0000] {dag.py:4180} INFO - Setting next_dagrun for read_dataset_event to 2025-11-06 00:00:00+00:00, run_after=2025-11-07 00:00:00+00:00
[2025-11-07T14:38:54.378+0000] {logging_mixin.py:190} INFO - [2025-11-07T14:38:54.377+0000] {dag.py:4180} INFO - Setting next_dagrun for read_dataset_event_from_classic to 2025-11-06 00:00:00+00:00, run_after=2025-11-07 00:00:00+00:00
[2025-11-07T14:38:54.394+0000] {processor.py:208} INFO - Processing /home/airflow/.local/lib/python3.12/site-packages/airflow/example_dags/example_inlet_event_extra.py took 0.437 seconds
[2025-11-07T14:39:25.065+0000] {processor.py:186} INFO - Started process (PID=1916) to work on /home/airflow/.local/lib/python3.12/site-packages/airflow/example_dags/example_inlet_event_extra.py
[2025-11-07T14:39:25.066+0000] {processor.py:914} INFO - Processing file /home/airflow/.local/lib/python3.12/site-packages/airflow/example_dags/example_inlet_event_extra.py for tasks to queue
[2025-11-07T14:39:25.069+0000] {logging_mixin.py:190} INFO - [2025-11-07T14:39:25.069+0000] {dagbag.py:588} INFO - Filling up the DagBag from /home/airflow/.local/lib/python3.12/site-packages/airflow/example_dags/example_inlet_event_extra.py
[2025-11-07T14:39:25.426+0000] {processor.py:925} INFO - DAG(s) 'read_dataset_event_from_classic', 'read_dataset_event' retrieved from /home/airflow/.local/lib/python3.12/site-packages/airflow/example_dags/example_inlet_event_extra.py
[2025-11-07T14:39:25.442+0000] {logging_mixin.py:190} INFO - [2025-11-07T14:39:25.442+0000] {dag.py:3239} INFO - Sync 2 DAGs
[2025-11-07T14:39:25.457+0000] {logging_mixin.py:190} INFO - [2025-11-07T14:39:25.457+0000] {dag.py:4180} INFO - Setting next_dagrun for read_dataset_event to 2025-11-06 00:00:00+00:00, run_after=2025-11-07 00:00:00+00:00
[2025-11-07T14:39:25.461+0000] {logging_mixin.py:190} INFO - [2025-11-07T14:39:25.461+0000] {dag.py:4180} INFO - Setting next_dagrun for read_dataset_event_from_classic to 2025-11-06 00:00:00+00:00, run_after=2025-11-07 00:00:00+00:00
[2025-11-07T14:39:25.477+0000] {processor.py:208} INFO - Processing /home/airflow/.local/lib/python3.12/site-packages/airflow/example_dags/example_inlet_event_extra.py took 0.421 seconds
