[2025-11-07T14:24:28.126+0000] {processor.py:186} INFO - Started process (PID=102) to work on /home/airflow/.local/lib/python3.12/site-packages/airflow/example_dags/example_sla_dag.py
[2025-11-07T14:24:28.127+0000] {processor.py:914} INFO - Processing file /home/airflow/.local/lib/python3.12/site-packages/airflow/example_dags/example_sla_dag.py for tasks to queue
[2025-11-07T14:24:28.128+0000] {logging_mixin.py:190} INFO - [2025-11-07T14:24:28.127+0000] {dagbag.py:588} INFO - Filling up the DagBag from /home/airflow/.local/lib/python3.12/site-packages/airflow/example_dags/example_sla_dag.py
[2025-11-07T14:24:28.134+0000] {processor.py:925} INFO - DAG(s) 'example_sla_dag' retrieved from /home/airflow/.local/lib/python3.12/site-packages/airflow/example_dags/example_sla_dag.py
[2025-11-07T14:24:28.146+0000] {logging_mixin.py:190} INFO - [2025-11-07T14:24:28.146+0000] {dag.py:3239} INFO - Sync 1 DAGs
[2025-11-07T14:24:28.161+0000] {logging_mixin.py:190} INFO - [2025-11-07T14:24:28.161+0000] {dag.py:4180} INFO - Setting next_dagrun for example_sla_dag to 2025-11-07 14:22:00+00:00, run_after=2025-11-07 14:24:00+00:00
[2025-11-07T14:24:28.173+0000] {processor.py:208} INFO - Processing /home/airflow/.local/lib/python3.12/site-packages/airflow/example_dags/example_sla_dag.py took 0.050 seconds
[2025-11-07T14:24:58.461+0000] {processor.py:186} INFO - Started process (PID=166) to work on /home/airflow/.local/lib/python3.12/site-packages/airflow/example_dags/example_sla_dag.py
[2025-11-07T14:24:58.461+0000] {processor.py:914} INFO - Processing file /home/airflow/.local/lib/python3.12/site-packages/airflow/example_dags/example_sla_dag.py for tasks to queue
[2025-11-07T14:24:58.463+0000] {logging_mixin.py:190} INFO - [2025-11-07T14:24:58.463+0000] {dagbag.py:588} INFO - Filling up the DagBag from /home/airflow/.local/lib/python3.12/site-packages/airflow/example_dags/example_sla_dag.py
[2025-11-07T14:24:58.469+0000] {processor.py:925} INFO - DAG(s) 'example_sla_dag' retrieved from /home/airflow/.local/lib/python3.12/site-packages/airflow/example_dags/example_sla_dag.py
[2025-11-07T14:24:58.480+0000] {logging_mixin.py:190} INFO - [2025-11-07T14:24:58.480+0000] {dag.py:3239} INFO - Sync 1 DAGs
[2025-11-07T14:24:58.494+0000] {logging_mixin.py:190} INFO - [2025-11-07T14:24:58.494+0000] {dag.py:4180} INFO - Setting next_dagrun for example_sla_dag to 2025-11-07 14:22:00+00:00, run_after=2025-11-07 14:24:00+00:00
[2025-11-07T14:24:58.507+0000] {processor.py:208} INFO - Processing /home/airflow/.local/lib/python3.12/site-packages/airflow/example_dags/example_sla_dag.py took 0.051 seconds
[2025-11-07T14:25:29.504+0000] {processor.py:186} INFO - Started process (PID=229) to work on /home/airflow/.local/lib/python3.12/site-packages/airflow/example_dags/example_sla_dag.py
[2025-11-07T14:25:29.505+0000] {processor.py:914} INFO - Processing file /home/airflow/.local/lib/python3.12/site-packages/airflow/example_dags/example_sla_dag.py for tasks to queue
[2025-11-07T14:25:29.507+0000] {logging_mixin.py:190} INFO - [2025-11-07T14:25:29.506+0000] {dagbag.py:588} INFO - Filling up the DagBag from /home/airflow/.local/lib/python3.12/site-packages/airflow/example_dags/example_sla_dag.py
[2025-11-07T14:25:29.514+0000] {processor.py:925} INFO - DAG(s) 'example_sla_dag' retrieved from /home/airflow/.local/lib/python3.12/site-packages/airflow/example_dags/example_sla_dag.py
[2025-11-07T14:25:29.528+0000] {logging_mixin.py:190} INFO - [2025-11-07T14:25:29.528+0000] {dag.py:3239} INFO - Sync 1 DAGs
[2025-11-07T14:25:29.545+0000] {logging_mixin.py:190} INFO - [2025-11-07T14:25:29.545+0000] {dag.py:4180} INFO - Setting next_dagrun for example_sla_dag to 2025-11-07 14:22:00+00:00, run_after=2025-11-07 14:24:00+00:00
[2025-11-07T14:25:29.558+0000] {processor.py:208} INFO - Processing /home/airflow/.local/lib/python3.12/site-packages/airflow/example_dags/example_sla_dag.py took 0.059 seconds
[2025-11-07T14:26:00.989+0000] {processor.py:186} INFO - Started process (PID=294) to work on /home/airflow/.local/lib/python3.12/site-packages/airflow/example_dags/example_sla_dag.py
[2025-11-07T14:26:00.990+0000] {processor.py:914} INFO - Processing file /home/airflow/.local/lib/python3.12/site-packages/airflow/example_dags/example_sla_dag.py for tasks to queue
[2025-11-07T14:26:00.991+0000] {logging_mixin.py:190} INFO - [2025-11-07T14:26:00.991+0000] {dagbag.py:588} INFO - Filling up the DagBag from /home/airflow/.local/lib/python3.12/site-packages/airflow/example_dags/example_sla_dag.py
[2025-11-07T14:26:00.998+0000] {processor.py:925} INFO - DAG(s) 'example_sla_dag' retrieved from /home/airflow/.local/lib/python3.12/site-packages/airflow/example_dags/example_sla_dag.py
[2025-11-07T14:26:01.015+0000] {logging_mixin.py:190} INFO - [2025-11-07T14:26:01.015+0000] {dag.py:3239} INFO - Sync 1 DAGs
[2025-11-07T14:26:01.033+0000] {logging_mixin.py:190} INFO - [2025-11-07T14:26:01.032+0000] {dag.py:4180} INFO - Setting next_dagrun for example_sla_dag to 2025-11-07 14:24:00+00:00, run_after=2025-11-07 14:26:00+00:00
[2025-11-07T14:26:01.049+0000] {processor.py:208} INFO - Processing /home/airflow/.local/lib/python3.12/site-packages/airflow/example_dags/example_sla_dag.py took 0.064 seconds
[2025-11-07T14:26:32.531+0000] {processor.py:186} INFO - Started process (PID=358) to work on /home/airflow/.local/lib/python3.12/site-packages/airflow/example_dags/example_sla_dag.py
[2025-11-07T14:26:32.532+0000] {processor.py:914} INFO - Processing file /home/airflow/.local/lib/python3.12/site-packages/airflow/example_dags/example_sla_dag.py for tasks to queue
[2025-11-07T14:26:32.534+0000] {logging_mixin.py:190} INFO - [2025-11-07T14:26:32.534+0000] {dagbag.py:588} INFO - Filling up the DagBag from /home/airflow/.local/lib/python3.12/site-packages/airflow/example_dags/example_sla_dag.py
[2025-11-07T14:26:32.542+0000] {processor.py:925} INFO - DAG(s) 'example_sla_dag' retrieved from /home/airflow/.local/lib/python3.12/site-packages/airflow/example_dags/example_sla_dag.py
[2025-11-07T14:26:32.562+0000] {logging_mixin.py:190} INFO - [2025-11-07T14:26:32.562+0000] {dag.py:3239} INFO - Sync 1 DAGs
[2025-11-07T14:26:32.593+0000] {logging_mixin.py:190} INFO - [2025-11-07T14:26:32.592+0000] {dag.py:4180} INFO - Setting next_dagrun for example_sla_dag to 2025-11-07 14:24:00+00:00, run_after=2025-11-07 14:26:00+00:00
[2025-11-07T14:26:32.607+0000] {processor.py:208} INFO - Processing /home/airflow/.local/lib/python3.12/site-packages/airflow/example_dags/example_sla_dag.py took 0.083 seconds
[2025-11-07T14:27:03.057+0000] {processor.py:186} INFO - Started process (PID=421) to work on /home/airflow/.local/lib/python3.12/site-packages/airflow/example_dags/example_sla_dag.py
[2025-11-07T14:27:03.058+0000] {processor.py:914} INFO - Processing file /home/airflow/.local/lib/python3.12/site-packages/airflow/example_dags/example_sla_dag.py for tasks to queue
[2025-11-07T14:27:03.059+0000] {logging_mixin.py:190} INFO - [2025-11-07T14:27:03.059+0000] {dagbag.py:588} INFO - Filling up the DagBag from /home/airflow/.local/lib/python3.12/site-packages/airflow/example_dags/example_sla_dag.py
[2025-11-07T14:27:03.064+0000] {processor.py:925} INFO - DAG(s) 'example_sla_dag' retrieved from /home/airflow/.local/lib/python3.12/site-packages/airflow/example_dags/example_sla_dag.py
[2025-11-07T14:27:03.077+0000] {logging_mixin.py:190} INFO - [2025-11-07T14:27:03.077+0000] {dag.py:3239} INFO - Sync 1 DAGs
[2025-11-07T14:27:03.101+0000] {logging_mixin.py:190} INFO - [2025-11-07T14:27:03.101+0000] {dag.py:4180} INFO - Setting next_dagrun for example_sla_dag to 2025-11-07 14:24:00+00:00, run_after=2025-11-07 14:26:00+00:00
[2025-11-07T14:27:03.118+0000] {processor.py:208} INFO - Processing /home/airflow/.local/lib/python3.12/site-packages/airflow/example_dags/example_sla_dag.py took 0.064 seconds
[2025-11-07T14:27:34.399+0000] {processor.py:186} INFO - Started process (PID=485) to work on /home/airflow/.local/lib/python3.12/site-packages/airflow/example_dags/example_sla_dag.py
[2025-11-07T14:27:34.400+0000] {processor.py:914} INFO - Processing file /home/airflow/.local/lib/python3.12/site-packages/airflow/example_dags/example_sla_dag.py for tasks to queue
[2025-11-07T14:27:34.402+0000] {logging_mixin.py:190} INFO - [2025-11-07T14:27:34.402+0000] {dagbag.py:588} INFO - Filling up the DagBag from /home/airflow/.local/lib/python3.12/site-packages/airflow/example_dags/example_sla_dag.py
[2025-11-07T14:27:34.413+0000] {processor.py:925} INFO - DAG(s) 'example_sla_dag' retrieved from /home/airflow/.local/lib/python3.12/site-packages/airflow/example_dags/example_sla_dag.py
[2025-11-07T14:27:34.446+0000] {logging_mixin.py:190} INFO - [2025-11-07T14:27:34.445+0000] {dag.py:3239} INFO - Sync 1 DAGs
[2025-11-07T14:27:34.482+0000] {logging_mixin.py:190} INFO - [2025-11-07T14:27:34.481+0000] {dag.py:4180} INFO - Setting next_dagrun for example_sla_dag to 2025-11-07 14:24:00+00:00, run_after=2025-11-07 14:26:00+00:00
[2025-11-07T14:27:34.502+0000] {processor.py:208} INFO - Processing /home/airflow/.local/lib/python3.12/site-packages/airflow/example_dags/example_sla_dag.py took 0.110 seconds
[2025-11-07T14:28:06.145+0000] {processor.py:186} INFO - Started process (PID=550) to work on /home/airflow/.local/lib/python3.12/site-packages/airflow/example_dags/example_sla_dag.py
[2025-11-07T14:28:06.146+0000] {processor.py:914} INFO - Processing file /home/airflow/.local/lib/python3.12/site-packages/airflow/example_dags/example_sla_dag.py for tasks to queue
[2025-11-07T14:28:06.147+0000] {logging_mixin.py:190} INFO - [2025-11-07T14:28:06.146+0000] {dagbag.py:588} INFO - Filling up the DagBag from /home/airflow/.local/lib/python3.12/site-packages/airflow/example_dags/example_sla_dag.py
[2025-11-07T14:28:06.152+0000] {processor.py:925} INFO - DAG(s) 'example_sla_dag' retrieved from /home/airflow/.local/lib/python3.12/site-packages/airflow/example_dags/example_sla_dag.py
[2025-11-07T14:28:06.163+0000] {logging_mixin.py:190} INFO - [2025-11-07T14:28:06.163+0000] {dag.py:3239} INFO - Sync 1 DAGs
[2025-11-07T14:28:06.177+0000] {logging_mixin.py:190} INFO - [2025-11-07T14:28:06.177+0000] {dag.py:4180} INFO - Setting next_dagrun for example_sla_dag to 2025-11-07 14:26:00+00:00, run_after=2025-11-07 14:28:00+00:00
[2025-11-07T14:28:06.190+0000] {processor.py:208} INFO - Processing /home/airflow/.local/lib/python3.12/site-packages/airflow/example_dags/example_sla_dag.py took 0.049 seconds
[2025-11-07T14:28:36.939+0000] {processor.py:186} INFO - Started process (PID=614) to work on /home/airflow/.local/lib/python3.12/site-packages/airflow/example_dags/example_sla_dag.py
[2025-11-07T14:28:36.940+0000] {processor.py:914} INFO - Processing file /home/airflow/.local/lib/python3.12/site-packages/airflow/example_dags/example_sla_dag.py for tasks to queue
[2025-11-07T14:28:36.941+0000] {logging_mixin.py:190} INFO - [2025-11-07T14:28:36.941+0000] {dagbag.py:588} INFO - Filling up the DagBag from /home/airflow/.local/lib/python3.12/site-packages/airflow/example_dags/example_sla_dag.py
[2025-11-07T14:28:36.947+0000] {processor.py:925} INFO - DAG(s) 'example_sla_dag' retrieved from /home/airflow/.local/lib/python3.12/site-packages/airflow/example_dags/example_sla_dag.py
[2025-11-07T14:28:36.960+0000] {logging_mixin.py:190} INFO - [2025-11-07T14:28:36.959+0000] {dag.py:3239} INFO - Sync 1 DAGs
[2025-11-07T14:28:36.974+0000] {logging_mixin.py:190} INFO - [2025-11-07T14:28:36.974+0000] {dag.py:4180} INFO - Setting next_dagrun for example_sla_dag to 2025-11-07 14:26:00+00:00, run_after=2025-11-07 14:28:00+00:00
[2025-11-07T14:28:36.985+0000] {processor.py:208} INFO - Processing /home/airflow/.local/lib/python3.12/site-packages/airflow/example_dags/example_sla_dag.py took 0.049 seconds
[2025-11-07T14:29:07.052+0000] {processor.py:186} INFO - Started process (PID=677) to work on /home/airflow/.local/lib/python3.12/site-packages/airflow/example_dags/example_sla_dag.py
[2025-11-07T14:29:07.053+0000] {processor.py:914} INFO - Processing file /home/airflow/.local/lib/python3.12/site-packages/airflow/example_dags/example_sla_dag.py for tasks to queue
[2025-11-07T14:29:07.055+0000] {logging_mixin.py:190} INFO - [2025-11-07T14:29:07.054+0000] {dagbag.py:588} INFO - Filling up the DagBag from /home/airflow/.local/lib/python3.12/site-packages/airflow/example_dags/example_sla_dag.py
[2025-11-07T14:29:07.066+0000] {processor.py:925} INFO - DAG(s) 'example_sla_dag' retrieved from /home/airflow/.local/lib/python3.12/site-packages/airflow/example_dags/example_sla_dag.py
[2025-11-07T14:29:07.089+0000] {logging_mixin.py:190} INFO - [2025-11-07T14:29:07.089+0000] {dag.py:3239} INFO - Sync 1 DAGs
[2025-11-07T14:29:07.117+0000] {logging_mixin.py:190} INFO - [2025-11-07T14:29:07.117+0000] {dag.py:4180} INFO - Setting next_dagrun for example_sla_dag to 2025-11-07 14:26:00+00:00, run_after=2025-11-07 14:28:00+00:00
[2025-11-07T14:29:07.149+0000] {processor.py:208} INFO - Processing /home/airflow/.local/lib/python3.12/site-packages/airflow/example_dags/example_sla_dag.py took 0.101 seconds
[2025-11-07T14:29:38.676+0000] {processor.py:186} INFO - Started process (PID=741) to work on /home/airflow/.local/lib/python3.12/site-packages/airflow/example_dags/example_sla_dag.py
[2025-11-07T14:29:38.678+0000] {processor.py:914} INFO - Processing file /home/airflow/.local/lib/python3.12/site-packages/airflow/example_dags/example_sla_dag.py for tasks to queue
[2025-11-07T14:29:38.679+0000] {logging_mixin.py:190} INFO - [2025-11-07T14:29:38.679+0000] {dagbag.py:588} INFO - Filling up the DagBag from /home/airflow/.local/lib/python3.12/site-packages/airflow/example_dags/example_sla_dag.py
[2025-11-07T14:29:38.686+0000] {processor.py:925} INFO - DAG(s) 'example_sla_dag' retrieved from /home/airflow/.local/lib/python3.12/site-packages/airflow/example_dags/example_sla_dag.py
[2025-11-07T14:29:38.704+0000] {logging_mixin.py:190} INFO - [2025-11-07T14:29:38.704+0000] {dag.py:3239} INFO - Sync 1 DAGs
[2025-11-07T14:29:38.720+0000] {logging_mixin.py:190} INFO - [2025-11-07T14:29:38.720+0000] {dag.py:4180} INFO - Setting next_dagrun for example_sla_dag to 2025-11-07 14:26:00+00:00, run_after=2025-11-07 14:28:00+00:00
[2025-11-07T14:29:38.732+0000] {processor.py:208} INFO - Processing /home/airflow/.local/lib/python3.12/site-packages/airflow/example_dags/example_sla_dag.py took 0.061 seconds
[2025-11-07T14:30:10.111+0000] {processor.py:186} INFO - Started process (PID=806) to work on /home/airflow/.local/lib/python3.12/site-packages/airflow/example_dags/example_sla_dag.py
[2025-11-07T14:30:10.113+0000] {processor.py:914} INFO - Processing file /home/airflow/.local/lib/python3.12/site-packages/airflow/example_dags/example_sla_dag.py for tasks to queue
[2025-11-07T14:30:10.114+0000] {logging_mixin.py:190} INFO - [2025-11-07T14:30:10.114+0000] {dagbag.py:588} INFO - Filling up the DagBag from /home/airflow/.local/lib/python3.12/site-packages/airflow/example_dags/example_sla_dag.py
[2025-11-07T14:30:10.121+0000] {processor.py:925} INFO - DAG(s) 'example_sla_dag' retrieved from /home/airflow/.local/lib/python3.12/site-packages/airflow/example_dags/example_sla_dag.py
[2025-11-07T14:30:10.137+0000] {logging_mixin.py:190} INFO - [2025-11-07T14:30:10.137+0000] {dag.py:3239} INFO - Sync 1 DAGs
[2025-11-07T14:30:10.158+0000] {logging_mixin.py:190} INFO - [2025-11-07T14:30:10.158+0000] {dag.py:4180} INFO - Setting next_dagrun for example_sla_dag to 2025-11-07 14:28:00+00:00, run_after=2025-11-07 14:30:00+00:00
[2025-11-07T14:30:10.170+0000] {processor.py:208} INFO - Processing /home/airflow/.local/lib/python3.12/site-packages/airflow/example_dags/example_sla_dag.py took 0.063 seconds
[2025-11-07T14:30:40.325+0000] {processor.py:186} INFO - Started process (PID=869) to work on /home/airflow/.local/lib/python3.12/site-packages/airflow/example_dags/example_sla_dag.py
[2025-11-07T14:30:40.326+0000] {processor.py:914} INFO - Processing file /home/airflow/.local/lib/python3.12/site-packages/airflow/example_dags/example_sla_dag.py for tasks to queue
[2025-11-07T14:30:40.328+0000] {logging_mixin.py:190} INFO - [2025-11-07T14:30:40.328+0000] {dagbag.py:588} INFO - Filling up the DagBag from /home/airflow/.local/lib/python3.12/site-packages/airflow/example_dags/example_sla_dag.py
[2025-11-07T14:30:40.338+0000] {processor.py:925} INFO - DAG(s) 'example_sla_dag' retrieved from /home/airflow/.local/lib/python3.12/site-packages/airflow/example_dags/example_sla_dag.py
[2025-11-07T14:30:40.354+0000] {logging_mixin.py:190} INFO - [2025-11-07T14:30:40.353+0000] {dag.py:3239} INFO - Sync 1 DAGs
[2025-11-07T14:30:40.369+0000] {logging_mixin.py:190} INFO - [2025-11-07T14:30:40.369+0000] {dag.py:4180} INFO - Setting next_dagrun for example_sla_dag to 2025-11-07 14:28:00+00:00, run_after=2025-11-07 14:30:00+00:00
[2025-11-07T14:30:40.380+0000] {processor.py:208} INFO - Processing /home/airflow/.local/lib/python3.12/site-packages/airflow/example_dags/example_sla_dag.py took 0.061 seconds
[2025-11-07T14:31:11.020+0000] {processor.py:186} INFO - Started process (PID=933) to work on /home/airflow/.local/lib/python3.12/site-packages/airflow/example_dags/example_sla_dag.py
[2025-11-07T14:31:11.021+0000] {processor.py:914} INFO - Processing file /home/airflow/.local/lib/python3.12/site-packages/airflow/example_dags/example_sla_dag.py for tasks to queue
[2025-11-07T14:31:11.023+0000] {logging_mixin.py:190} INFO - [2025-11-07T14:31:11.022+0000] {dagbag.py:588} INFO - Filling up the DagBag from /home/airflow/.local/lib/python3.12/site-packages/airflow/example_dags/example_sla_dag.py
[2025-11-07T14:31:11.031+0000] {processor.py:925} INFO - DAG(s) 'example_sla_dag' retrieved from /home/airflow/.local/lib/python3.12/site-packages/airflow/example_dags/example_sla_dag.py
[2025-11-07T14:31:11.056+0000] {logging_mixin.py:190} INFO - [2025-11-07T14:31:11.056+0000] {dag.py:3239} INFO - Sync 1 DAGs
[2025-11-07T14:31:11.095+0000] {logging_mixin.py:190} INFO - [2025-11-07T14:31:11.094+0000] {dag.py:4180} INFO - Setting next_dagrun for example_sla_dag to 2025-11-07 14:28:00+00:00, run_after=2025-11-07 14:30:00+00:00
[2025-11-07T14:31:11.123+0000] {processor.py:208} INFO - Processing /home/airflow/.local/lib/python3.12/site-packages/airflow/example_dags/example_sla_dag.py took 0.106 seconds
[2025-11-07T14:31:42.109+0000] {processor.py:186} INFO - Started process (PID=997) to work on /home/airflow/.local/lib/python3.12/site-packages/airflow/example_dags/example_sla_dag.py
[2025-11-07T14:31:42.111+0000] {processor.py:914} INFO - Processing file /home/airflow/.local/lib/python3.12/site-packages/airflow/example_dags/example_sla_dag.py for tasks to queue
[2025-11-07T14:31:42.113+0000] {logging_mixin.py:190} INFO - [2025-11-07T14:31:42.113+0000] {dagbag.py:588} INFO - Filling up the DagBag from /home/airflow/.local/lib/python3.12/site-packages/airflow/example_dags/example_sla_dag.py
[2025-11-07T14:31:42.124+0000] {processor.py:925} INFO - DAG(s) 'example_sla_dag' retrieved from /home/airflow/.local/lib/python3.12/site-packages/airflow/example_dags/example_sla_dag.py
[2025-11-07T14:31:42.138+0000] {logging_mixin.py:190} INFO - [2025-11-07T14:31:42.138+0000] {dag.py:3239} INFO - Sync 1 DAGs
[2025-11-07T14:31:42.154+0000] {logging_mixin.py:190} INFO - [2025-11-07T14:31:42.154+0000] {dag.py:4180} INFO - Setting next_dagrun for example_sla_dag to 2025-11-07 14:28:00+00:00, run_after=2025-11-07 14:30:00+00:00
[2025-11-07T14:31:42.167+0000] {processor.py:208} INFO - Processing /home/airflow/.local/lib/python3.12/site-packages/airflow/example_dags/example_sla_dag.py took 0.066 seconds
[2025-11-07T14:32:12.828+0000] {processor.py:186} INFO - Started process (PID=1061) to work on /home/airflow/.local/lib/python3.12/site-packages/airflow/example_dags/example_sla_dag.py
[2025-11-07T14:32:12.830+0000] {processor.py:914} INFO - Processing file /home/airflow/.local/lib/python3.12/site-packages/airflow/example_dags/example_sla_dag.py for tasks to queue
[2025-11-07T14:32:12.832+0000] {logging_mixin.py:190} INFO - [2025-11-07T14:32:12.832+0000] {dagbag.py:588} INFO - Filling up the DagBag from /home/airflow/.local/lib/python3.12/site-packages/airflow/example_dags/example_sla_dag.py
[2025-11-07T14:32:12.840+0000] {processor.py:925} INFO - DAG(s) 'example_sla_dag' retrieved from /home/airflow/.local/lib/python3.12/site-packages/airflow/example_dags/example_sla_dag.py
[2025-11-07T14:32:12.857+0000] {logging_mixin.py:190} INFO - [2025-11-07T14:32:12.857+0000] {dag.py:3239} INFO - Sync 1 DAGs
[2025-11-07T14:32:12.872+0000] {logging_mixin.py:190} INFO - [2025-11-07T14:32:12.872+0000] {dag.py:4180} INFO - Setting next_dagrun for example_sla_dag to 2025-11-07 14:30:00+00:00, run_after=2025-11-07 14:32:00+00:00
[2025-11-07T14:32:12.883+0000] {processor.py:208} INFO - Processing /home/airflow/.local/lib/python3.12/site-packages/airflow/example_dags/example_sla_dag.py took 0.060 seconds
[2025-11-07T14:32:44.028+0000] {processor.py:186} INFO - Started process (PID=1125) to work on /home/airflow/.local/lib/python3.12/site-packages/airflow/example_dags/example_sla_dag.py
[2025-11-07T14:32:44.030+0000] {processor.py:914} INFO - Processing file /home/airflow/.local/lib/python3.12/site-packages/airflow/example_dags/example_sla_dag.py for tasks to queue
[2025-11-07T14:32:44.031+0000] {logging_mixin.py:190} INFO - [2025-11-07T14:32:44.031+0000] {dagbag.py:588} INFO - Filling up the DagBag from /home/airflow/.local/lib/python3.12/site-packages/airflow/example_dags/example_sla_dag.py
[2025-11-07T14:32:44.036+0000] {processor.py:925} INFO - DAG(s) 'example_sla_dag' retrieved from /home/airflow/.local/lib/python3.12/site-packages/airflow/example_dags/example_sla_dag.py
[2025-11-07T14:32:44.047+0000] {logging_mixin.py:190} INFO - [2025-11-07T14:32:44.047+0000] {dag.py:3239} INFO - Sync 1 DAGs
[2025-11-07T14:32:44.060+0000] {logging_mixin.py:190} INFO - [2025-11-07T14:32:44.060+0000] {dag.py:4180} INFO - Setting next_dagrun for example_sla_dag to 2025-11-07 14:30:00+00:00, run_after=2025-11-07 14:32:00+00:00
[2025-11-07T14:32:44.070+0000] {processor.py:208} INFO - Processing /home/airflow/.local/lib/python3.12/site-packages/airflow/example_dags/example_sla_dag.py took 0.046 seconds
[2025-11-07T14:33:15.714+0000] {processor.py:186} INFO - Started process (PID=1190) to work on /home/airflow/.local/lib/python3.12/site-packages/airflow/example_dags/example_sla_dag.py
[2025-11-07T14:33:15.715+0000] {processor.py:914} INFO - Processing file /home/airflow/.local/lib/python3.12/site-packages/airflow/example_dags/example_sla_dag.py for tasks to queue
[2025-11-07T14:33:15.716+0000] {logging_mixin.py:190} INFO - [2025-11-07T14:33:15.716+0000] {dagbag.py:588} INFO - Filling up the DagBag from /home/airflow/.local/lib/python3.12/site-packages/airflow/example_dags/example_sla_dag.py
[2025-11-07T14:33:15.722+0000] {processor.py:925} INFO - DAG(s) 'example_sla_dag' retrieved from /home/airflow/.local/lib/python3.12/site-packages/airflow/example_dags/example_sla_dag.py
[2025-11-07T14:33:15.737+0000] {logging_mixin.py:190} INFO - [2025-11-07T14:33:15.737+0000] {dag.py:3239} INFO - Sync 1 DAGs
[2025-11-07T14:33:15.755+0000] {logging_mixin.py:190} INFO - [2025-11-07T14:33:15.755+0000] {dag.py:4180} INFO - Setting next_dagrun for example_sla_dag to 2025-11-07 14:30:00+00:00, run_after=2025-11-07 14:32:00+00:00
[2025-11-07T14:33:15.766+0000] {processor.py:208} INFO - Processing /home/airflow/.local/lib/python3.12/site-packages/airflow/example_dags/example_sla_dag.py took 0.056 seconds
[2025-11-07T14:33:47.693+0000] {processor.py:186} INFO - Started process (PID=1254) to work on /home/airflow/.local/lib/python3.12/site-packages/airflow/example_dags/example_sla_dag.py
[2025-11-07T14:33:47.694+0000] {processor.py:914} INFO - Processing file /home/airflow/.local/lib/python3.12/site-packages/airflow/example_dags/example_sla_dag.py for tasks to queue
[2025-11-07T14:33:47.697+0000] {logging_mixin.py:190} INFO - [2025-11-07T14:33:47.696+0000] {dagbag.py:588} INFO - Filling up the DagBag from /home/airflow/.local/lib/python3.12/site-packages/airflow/example_dags/example_sla_dag.py
[2025-11-07T14:33:47.712+0000] {processor.py:925} INFO - DAG(s) 'example_sla_dag' retrieved from /home/airflow/.local/lib/python3.12/site-packages/airflow/example_dags/example_sla_dag.py
[2025-11-07T14:33:47.742+0000] {logging_mixin.py:190} INFO - [2025-11-07T14:33:47.742+0000] {dag.py:3239} INFO - Sync 1 DAGs
[2025-11-07T14:33:47.776+0000] {logging_mixin.py:190} INFO - [2025-11-07T14:33:47.776+0000] {dag.py:4180} INFO - Setting next_dagrun for example_sla_dag to 2025-11-07 14:30:00+00:00, run_after=2025-11-07 14:32:00+00:00
[2025-11-07T14:33:47.791+0000] {processor.py:208} INFO - Processing /home/airflow/.local/lib/python3.12/site-packages/airflow/example_dags/example_sla_dag.py took 0.106 seconds
[2025-11-07T14:34:18.072+0000] {processor.py:186} INFO - Started process (PID=1318) to work on /home/airflow/.local/lib/python3.12/site-packages/airflow/example_dags/example_sla_dag.py
[2025-11-07T14:34:18.073+0000] {processor.py:914} INFO - Processing file /home/airflow/.local/lib/python3.12/site-packages/airflow/example_dags/example_sla_dag.py for tasks to queue
[2025-11-07T14:34:18.074+0000] {logging_mixin.py:190} INFO - [2025-11-07T14:34:18.074+0000] {dagbag.py:588} INFO - Filling up the DagBag from /home/airflow/.local/lib/python3.12/site-packages/airflow/example_dags/example_sla_dag.py
[2025-11-07T14:34:18.080+0000] {processor.py:925} INFO - DAG(s) 'example_sla_dag' retrieved from /home/airflow/.local/lib/python3.12/site-packages/airflow/example_dags/example_sla_dag.py
[2025-11-07T14:34:18.096+0000] {logging_mixin.py:190} INFO - [2025-11-07T14:34:18.096+0000] {dag.py:3239} INFO - Sync 1 DAGs
[2025-11-07T14:34:18.112+0000] {logging_mixin.py:190} INFO - [2025-11-07T14:34:18.112+0000] {dag.py:4180} INFO - Setting next_dagrun for example_sla_dag to 2025-11-07 14:32:00+00:00, run_after=2025-11-07 14:34:00+00:00
[2025-11-07T14:34:18.126+0000] {processor.py:208} INFO - Processing /home/airflow/.local/lib/python3.12/site-packages/airflow/example_dags/example_sla_dag.py took 0.057 seconds
[2025-11-07T14:34:48.743+0000] {processor.py:186} INFO - Started process (PID=1381) to work on /home/airflow/.local/lib/python3.12/site-packages/airflow/example_dags/example_sla_dag.py
[2025-11-07T14:34:48.746+0000] {processor.py:914} INFO - Processing file /home/airflow/.local/lib/python3.12/site-packages/airflow/example_dags/example_sla_dag.py for tasks to queue
[2025-11-07T14:34:48.747+0000] {logging_mixin.py:190} INFO - [2025-11-07T14:34:48.747+0000] {dagbag.py:588} INFO - Filling up the DagBag from /home/airflow/.local/lib/python3.12/site-packages/airflow/example_dags/example_sla_dag.py
[2025-11-07T14:34:48.754+0000] {processor.py:925} INFO - DAG(s) 'example_sla_dag' retrieved from /home/airflow/.local/lib/python3.12/site-packages/airflow/example_dags/example_sla_dag.py
[2025-11-07T14:34:48.770+0000] {logging_mixin.py:190} INFO - [2025-11-07T14:34:48.770+0000] {dag.py:3239} INFO - Sync 1 DAGs
[2025-11-07T14:34:48.803+0000] {logging_mixin.py:190} INFO - [2025-11-07T14:34:48.803+0000] {dag.py:4180} INFO - Setting next_dagrun for example_sla_dag to 2025-11-07 14:32:00+00:00, run_after=2025-11-07 14:34:00+00:00
[2025-11-07T14:34:48.829+0000] {processor.py:208} INFO - Processing /home/airflow/.local/lib/python3.12/site-packages/airflow/example_dags/example_sla_dag.py took 0.092 seconds
[2025-11-07T14:35:19.097+0000] {processor.py:186} INFO - Started process (PID=1445) to work on /home/airflow/.local/lib/python3.12/site-packages/airflow/example_dags/example_sla_dag.py
[2025-11-07T14:35:19.097+0000] {processor.py:914} INFO - Processing file /home/airflow/.local/lib/python3.12/site-packages/airflow/example_dags/example_sla_dag.py for tasks to queue
[2025-11-07T14:35:19.099+0000] {logging_mixin.py:190} INFO - [2025-11-07T14:35:19.099+0000] {dagbag.py:588} INFO - Filling up the DagBag from /home/airflow/.local/lib/python3.12/site-packages/airflow/example_dags/example_sla_dag.py
[2025-11-07T14:35:19.106+0000] {processor.py:925} INFO - DAG(s) 'example_sla_dag' retrieved from /home/airflow/.local/lib/python3.12/site-packages/airflow/example_dags/example_sla_dag.py
[2025-11-07T14:35:19.125+0000] {logging_mixin.py:190} INFO - [2025-11-07T14:35:19.125+0000] {dag.py:3239} INFO - Sync 1 DAGs
[2025-11-07T14:35:19.175+0000] {logging_mixin.py:190} INFO - [2025-11-07T14:35:19.175+0000] {dag.py:4180} INFO - Setting next_dagrun for example_sla_dag to 2025-11-07 14:32:00+00:00, run_after=2025-11-07 14:34:00+00:00
[2025-11-07T14:35:19.205+0000] {processor.py:208} INFO - Processing /home/airflow/.local/lib/python3.12/site-packages/airflow/example_dags/example_sla_dag.py took 0.114 seconds
[2025-11-07T14:35:50.644+0000] {processor.py:186} INFO - Started process (PID=1510) to work on /home/airflow/.local/lib/python3.12/site-packages/airflow/example_dags/example_sla_dag.py
[2025-11-07T14:35:50.646+0000] {processor.py:914} INFO - Processing file /home/airflow/.local/lib/python3.12/site-packages/airflow/example_dags/example_sla_dag.py for tasks to queue
[2025-11-07T14:35:50.647+0000] {logging_mixin.py:190} INFO - [2025-11-07T14:35:50.647+0000] {dagbag.py:588} INFO - Filling up the DagBag from /home/airflow/.local/lib/python3.12/site-packages/airflow/example_dags/example_sla_dag.py
[2025-11-07T14:35:50.654+0000] {processor.py:925} INFO - DAG(s) 'example_sla_dag' retrieved from /home/airflow/.local/lib/python3.12/site-packages/airflow/example_dags/example_sla_dag.py
[2025-11-07T14:35:50.669+0000] {logging_mixin.py:190} INFO - [2025-11-07T14:35:50.668+0000] {dag.py:3239} INFO - Sync 1 DAGs
[2025-11-07T14:35:50.685+0000] {logging_mixin.py:190} INFO - [2025-11-07T14:35:50.685+0000] {dag.py:4180} INFO - Setting next_dagrun for example_sla_dag to 2025-11-07 14:32:00+00:00, run_after=2025-11-07 14:34:00+00:00
[2025-11-07T14:35:50.698+0000] {processor.py:208} INFO - Processing /home/airflow/.local/lib/python3.12/site-packages/airflow/example_dags/example_sla_dag.py took 0.059 seconds
[2025-11-07T14:36:22.279+0000] {processor.py:186} INFO - Started process (PID=1574) to work on /home/airflow/.local/lib/python3.12/site-packages/airflow/example_dags/example_sla_dag.py
[2025-11-07T14:36:22.280+0000] {processor.py:914} INFO - Processing file /home/airflow/.local/lib/python3.12/site-packages/airflow/example_dags/example_sla_dag.py for tasks to queue
[2025-11-07T14:36:22.281+0000] {logging_mixin.py:190} INFO - [2025-11-07T14:36:22.281+0000] {dagbag.py:588} INFO - Filling up the DagBag from /home/airflow/.local/lib/python3.12/site-packages/airflow/example_dags/example_sla_dag.py
[2025-11-07T14:36:22.287+0000] {processor.py:925} INFO - DAG(s) 'example_sla_dag' retrieved from /home/airflow/.local/lib/python3.12/site-packages/airflow/example_dags/example_sla_dag.py
[2025-11-07T14:36:22.301+0000] {logging_mixin.py:190} INFO - [2025-11-07T14:36:22.301+0000] {dag.py:3239} INFO - Sync 1 DAGs
[2025-11-07T14:36:22.316+0000] {logging_mixin.py:190} INFO - [2025-11-07T14:36:22.316+0000] {dag.py:4180} INFO - Setting next_dagrun for example_sla_dag to 2025-11-07 14:34:00+00:00, run_after=2025-11-07 14:36:00+00:00
[2025-11-07T14:36:22.330+0000] {processor.py:208} INFO - Processing /home/airflow/.local/lib/python3.12/site-packages/airflow/example_dags/example_sla_dag.py took 0.054 seconds
[2025-11-07T14:36:52.845+0000] {processor.py:186} INFO - Started process (PID=1637) to work on /home/airflow/.local/lib/python3.12/site-packages/airflow/example_dags/example_sla_dag.py
[2025-11-07T14:36:52.848+0000] {processor.py:914} INFO - Processing file /home/airflow/.local/lib/python3.12/site-packages/airflow/example_dags/example_sla_dag.py for tasks to queue
[2025-11-07T14:36:52.851+0000] {logging_mixin.py:190} INFO - [2025-11-07T14:36:52.850+0000] {dagbag.py:588} INFO - Filling up the DagBag from /home/airflow/.local/lib/python3.12/site-packages/airflow/example_dags/example_sla_dag.py
[2025-11-07T14:36:52.863+0000] {processor.py:925} INFO - DAG(s) 'example_sla_dag' retrieved from /home/airflow/.local/lib/python3.12/site-packages/airflow/example_dags/example_sla_dag.py
[2025-11-07T14:36:52.879+0000] {logging_mixin.py:190} INFO - [2025-11-07T14:36:52.879+0000] {dag.py:3239} INFO - Sync 1 DAGs
[2025-11-07T14:36:52.894+0000] {logging_mixin.py:190} INFO - [2025-11-07T14:36:52.893+0000] {dag.py:4180} INFO - Setting next_dagrun for example_sla_dag to 2025-11-07 14:34:00+00:00, run_after=2025-11-07 14:36:00+00:00
[2025-11-07T14:36:52.904+0000] {processor.py:208} INFO - Processing /home/airflow/.local/lib/python3.12/site-packages/airflow/example_dags/example_sla_dag.py took 0.068 seconds
[2025-11-07T14:37:24.108+0000] {processor.py:186} INFO - Started process (PID=1702) to work on /home/airflow/.local/lib/python3.12/site-packages/airflow/example_dags/example_sla_dag.py
[2025-11-07T14:37:24.109+0000] {processor.py:914} INFO - Processing file /home/airflow/.local/lib/python3.12/site-packages/airflow/example_dags/example_sla_dag.py for tasks to queue
[2025-11-07T14:37:24.110+0000] {logging_mixin.py:190} INFO - [2025-11-07T14:37:24.110+0000] {dagbag.py:588} INFO - Filling up the DagBag from /home/airflow/.local/lib/python3.12/site-packages/airflow/example_dags/example_sla_dag.py
[2025-11-07T14:37:24.115+0000] {processor.py:925} INFO - DAG(s) 'example_sla_dag' retrieved from /home/airflow/.local/lib/python3.12/site-packages/airflow/example_dags/example_sla_dag.py
[2025-11-07T14:37:24.126+0000] {logging_mixin.py:190} INFO - [2025-11-07T14:37:24.126+0000] {dag.py:3239} INFO - Sync 1 DAGs
[2025-11-07T14:37:24.141+0000] {logging_mixin.py:190} INFO - [2025-11-07T14:37:24.141+0000] {dag.py:4180} INFO - Setting next_dagrun for example_sla_dag to 2025-11-07 14:34:00+00:00, run_after=2025-11-07 14:36:00+00:00
[2025-11-07T14:37:24.152+0000] {processor.py:208} INFO - Processing /home/airflow/.local/lib/python3.12/site-packages/airflow/example_dags/example_sla_dag.py took 0.047 seconds
[2025-11-07T14:37:54.618+0000] {processor.py:186} INFO - Started process (PID=1765) to work on /home/airflow/.local/lib/python3.12/site-packages/airflow/example_dags/example_sla_dag.py
[2025-11-07T14:37:54.620+0000] {processor.py:914} INFO - Processing file /home/airflow/.local/lib/python3.12/site-packages/airflow/example_dags/example_sla_dag.py for tasks to queue
[2025-11-07T14:37:54.621+0000] {logging_mixin.py:190} INFO - [2025-11-07T14:37:54.621+0000] {dagbag.py:588} INFO - Filling up the DagBag from /home/airflow/.local/lib/python3.12/site-packages/airflow/example_dags/example_sla_dag.py
[2025-11-07T14:37:54.627+0000] {processor.py:925} INFO - DAG(s) 'example_sla_dag' retrieved from /home/airflow/.local/lib/python3.12/site-packages/airflow/example_dags/example_sla_dag.py
[2025-11-07T14:37:54.638+0000] {logging_mixin.py:190} INFO - [2025-11-07T14:37:54.638+0000] {dag.py:3239} INFO - Sync 1 DAGs
[2025-11-07T14:37:54.657+0000] {logging_mixin.py:190} INFO - [2025-11-07T14:37:54.656+0000] {dag.py:4180} INFO - Setting next_dagrun for example_sla_dag to 2025-11-07 14:34:00+00:00, run_after=2025-11-07 14:36:00+00:00
[2025-11-07T14:37:54.676+0000] {processor.py:208} INFO - Processing /home/airflow/.local/lib/python3.12/site-packages/airflow/example_dags/example_sla_dag.py took 0.063 seconds
[2025-11-07T14:38:25.918+0000] {processor.py:186} INFO - Started process (PID=1830) to work on /home/airflow/.local/lib/python3.12/site-packages/airflow/example_dags/example_sla_dag.py
[2025-11-07T14:38:25.919+0000] {processor.py:914} INFO - Processing file /home/airflow/.local/lib/python3.12/site-packages/airflow/example_dags/example_sla_dag.py for tasks to queue
[2025-11-07T14:38:25.920+0000] {logging_mixin.py:190} INFO - [2025-11-07T14:38:25.920+0000] {dagbag.py:588} INFO - Filling up the DagBag from /home/airflow/.local/lib/python3.12/site-packages/airflow/example_dags/example_sla_dag.py
[2025-11-07T14:38:25.926+0000] {processor.py:925} INFO - DAG(s) 'example_sla_dag' retrieved from /home/airflow/.local/lib/python3.12/site-packages/airflow/example_dags/example_sla_dag.py
[2025-11-07T14:38:25.939+0000] {logging_mixin.py:190} INFO - [2025-11-07T14:38:25.939+0000] {dag.py:3239} INFO - Sync 1 DAGs
[2025-11-07T14:38:25.954+0000] {logging_mixin.py:190} INFO - [2025-11-07T14:38:25.954+0000] {dag.py:4180} INFO - Setting next_dagrun for example_sla_dag to 2025-11-07 14:36:00+00:00, run_after=2025-11-07 14:38:00+00:00
[2025-11-07T14:38:25.967+0000] {processor.py:208} INFO - Processing /home/airflow/.local/lib/python3.12/site-packages/airflow/example_dags/example_sla_dag.py took 0.052 seconds
[2025-11-07T14:38:56.956+0000] {processor.py:186} INFO - Started process (PID=1893) to work on /home/airflow/.local/lib/python3.12/site-packages/airflow/example_dags/example_sla_dag.py
[2025-11-07T14:38:56.959+0000] {processor.py:914} INFO - Processing file /home/airflow/.local/lib/python3.12/site-packages/airflow/example_dags/example_sla_dag.py for tasks to queue
[2025-11-07T14:38:56.961+0000] {logging_mixin.py:190} INFO - [2025-11-07T14:38:56.961+0000] {dagbag.py:588} INFO - Filling up the DagBag from /home/airflow/.local/lib/python3.12/site-packages/airflow/example_dags/example_sla_dag.py
[2025-11-07T14:38:56.975+0000] {processor.py:925} INFO - DAG(s) 'example_sla_dag' retrieved from /home/airflow/.local/lib/python3.12/site-packages/airflow/example_dags/example_sla_dag.py
[2025-11-07T14:38:57.001+0000] {logging_mixin.py:190} INFO - [2025-11-07T14:38:57.001+0000] {dag.py:3239} INFO - Sync 1 DAGs
[2025-11-07T14:38:57.025+0000] {logging_mixin.py:190} INFO - [2025-11-07T14:38:57.025+0000] {dag.py:4180} INFO - Setting next_dagrun for example_sla_dag to 2025-11-07 14:36:00+00:00, run_after=2025-11-07 14:38:00+00:00
[2025-11-07T14:38:57.039+0000] {processor.py:208} INFO - Processing /home/airflow/.local/lib/python3.12/site-packages/airflow/example_dags/example_sla_dag.py took 0.094 seconds
[2025-11-07T14:39:28.976+0000] {processor.py:186} INFO - Started process (PID=1964) to work on /home/airflow/.local/lib/python3.12/site-packages/airflow/example_dags/example_sla_dag.py
[2025-11-07T14:39:28.976+0000] {processor.py:914} INFO - Processing file /home/airflow/.local/lib/python3.12/site-packages/airflow/example_dags/example_sla_dag.py for tasks to queue
[2025-11-07T14:39:28.978+0000] {logging_mixin.py:190} INFO - [2025-11-07T14:39:28.977+0000] {dagbag.py:588} INFO - Filling up the DagBag from /home/airflow/.local/lib/python3.12/site-packages/airflow/example_dags/example_sla_dag.py
[2025-11-07T14:39:28.984+0000] {processor.py:925} INFO - DAG(s) 'example_sla_dag' retrieved from /home/airflow/.local/lib/python3.12/site-packages/airflow/example_dags/example_sla_dag.py
[2025-11-07T14:39:28.999+0000] {logging_mixin.py:190} INFO - [2025-11-07T14:39:28.998+0000] {dag.py:3239} INFO - Sync 1 DAGs
[2025-11-07T14:39:29.014+0000] {logging_mixin.py:190} INFO - [2025-11-07T14:39:29.014+0000] {dag.py:4180} INFO - Setting next_dagrun for example_sla_dag to 2025-11-07 14:36:00+00:00, run_after=2025-11-07 14:38:00+00:00
[2025-11-07T14:39:29.027+0000] {processor.py:208} INFO - Processing /home/airflow/.local/lib/python3.12/site-packages/airflow/example_dags/example_sla_dag.py took 0.054 seconds
