[2025-11-07T14:24:27.648+0000] {processor.py:186} INFO - Started process (PID=93) to work on /home/airflow/.local/lib/python3.12/site-packages/airflow/example_dags/example_task_group.py
[2025-11-07T14:24:27.649+0000] {processor.py:914} INFO - Processing file /home/airflow/.local/lib/python3.12/site-packages/airflow/example_dags/example_task_group.py for tasks to queue
[2025-11-07T14:24:27.651+0000] {logging_mixin.py:190} INFO - [2025-11-07T14:24:27.650+0000] {dagbag.py:588} INFO - Filling up the DagBag from /home/airflow/.local/lib/python3.12/site-packages/airflow/example_dags/example_task_group.py
[2025-11-07T14:24:27.657+0000] {processor.py:925} INFO - DAG(s) 'example_task_group' retrieved from /home/airflow/.local/lib/python3.12/site-packages/airflow/example_dags/example_task_group.py
[2025-11-07T14:24:27.672+0000] {logging_mixin.py:190} INFO - [2025-11-07T14:24:27.672+0000] {dag.py:3239} INFO - Sync 1 DAGs
[2025-11-07T14:24:27.682+0000] {logging_mixin.py:190} INFO - [2025-11-07T14:24:27.682+0000] {dag.py:4180} INFO - Setting next_dagrun for example_task_group to None, run_after=None
[2025-11-07T14:24:27.693+0000] {processor.py:208} INFO - Processing /home/airflow/.local/lib/python3.12/site-packages/airflow/example_dags/example_task_group.py took 0.050 seconds
[2025-11-07T14:24:58.043+0000] {processor.py:186} INFO - Started process (PID=157) to work on /home/airflow/.local/lib/python3.12/site-packages/airflow/example_dags/example_task_group.py
[2025-11-07T14:24:58.043+0000] {processor.py:914} INFO - Processing file /home/airflow/.local/lib/python3.12/site-packages/airflow/example_dags/example_task_group.py for tasks to queue
[2025-11-07T14:24:58.045+0000] {logging_mixin.py:190} INFO - [2025-11-07T14:24:58.044+0000] {dagbag.py:588} INFO - Filling up the DagBag from /home/airflow/.local/lib/python3.12/site-packages/airflow/example_dags/example_task_group.py
[2025-11-07T14:24:58.050+0000] {processor.py:925} INFO - DAG(s) 'example_task_group' retrieved from /home/airflow/.local/lib/python3.12/site-packages/airflow/example_dags/example_task_group.py
[2025-11-07T14:24:58.069+0000] {logging_mixin.py:190} INFO - [2025-11-07T14:24:58.069+0000] {dag.py:3239} INFO - Sync 1 DAGs
[2025-11-07T14:24:58.091+0000] {logging_mixin.py:190} INFO - [2025-11-07T14:24:58.090+0000] {dag.py:4180} INFO - Setting next_dagrun for example_task_group to None, run_after=None
[2025-11-07T14:24:58.110+0000] {processor.py:208} INFO - Processing /home/airflow/.local/lib/python3.12/site-packages/airflow/example_dags/example_task_group.py took 0.072 seconds
[2025-11-07T14:25:29.189+0000] {processor.py:186} INFO - Started process (PID=221) to work on /home/airflow/.local/lib/python3.12/site-packages/airflow/example_dags/example_task_group.py
[2025-11-07T14:25:29.190+0000] {processor.py:914} INFO - Processing file /home/airflow/.local/lib/python3.12/site-packages/airflow/example_dags/example_task_group.py for tasks to queue
[2025-11-07T14:25:29.191+0000] {logging_mixin.py:190} INFO - [2025-11-07T14:25:29.191+0000] {dagbag.py:588} INFO - Filling up the DagBag from /home/airflow/.local/lib/python3.12/site-packages/airflow/example_dags/example_task_group.py
[2025-11-07T14:25:29.197+0000] {processor.py:925} INFO - DAG(s) 'example_task_group' retrieved from /home/airflow/.local/lib/python3.12/site-packages/airflow/example_dags/example_task_group.py
[2025-11-07T14:25:29.211+0000] {logging_mixin.py:190} INFO - [2025-11-07T14:25:29.211+0000] {dag.py:3239} INFO - Sync 1 DAGs
[2025-11-07T14:25:29.221+0000] {logging_mixin.py:190} INFO - [2025-11-07T14:25:29.220+0000] {dag.py:4180} INFO - Setting next_dagrun for example_task_group to None, run_after=None
[2025-11-07T14:25:29.233+0000] {processor.py:208} INFO - Processing /home/airflow/.local/lib/python3.12/site-packages/airflow/example_dags/example_task_group.py took 0.047 seconds
[2025-11-07T14:26:00.505+0000] {processor.py:186} INFO - Started process (PID=285) to work on /home/airflow/.local/lib/python3.12/site-packages/airflow/example_dags/example_task_group.py
[2025-11-07T14:26:00.506+0000] {processor.py:914} INFO - Processing file /home/airflow/.local/lib/python3.12/site-packages/airflow/example_dags/example_task_group.py for tasks to queue
[2025-11-07T14:26:00.509+0000] {logging_mixin.py:190} INFO - [2025-11-07T14:26:00.509+0000] {dagbag.py:588} INFO - Filling up the DagBag from /home/airflow/.local/lib/python3.12/site-packages/airflow/example_dags/example_task_group.py
[2025-11-07T14:26:00.521+0000] {processor.py:925} INFO - DAG(s) 'example_task_group' retrieved from /home/airflow/.local/lib/python3.12/site-packages/airflow/example_dags/example_task_group.py
[2025-11-07T14:26:00.552+0000] {logging_mixin.py:190} INFO - [2025-11-07T14:26:00.552+0000] {dag.py:3239} INFO - Sync 1 DAGs
[2025-11-07T14:26:00.572+0000] {logging_mixin.py:190} INFO - [2025-11-07T14:26:00.572+0000] {dag.py:4180} INFO - Setting next_dagrun for example_task_group to None, run_after=None
[2025-11-07T14:26:00.592+0000] {processor.py:208} INFO - Processing /home/airflow/.local/lib/python3.12/site-packages/airflow/example_dags/example_task_group.py took 0.096 seconds
[2025-11-07T14:26:31.899+0000] {processor.py:186} INFO - Started process (PID=349) to work on /home/airflow/.local/lib/python3.12/site-packages/airflow/example_dags/example_task_group.py
[2025-11-07T14:26:31.901+0000] {processor.py:914} INFO - Processing file /home/airflow/.local/lib/python3.12/site-packages/airflow/example_dags/example_task_group.py for tasks to queue
[2025-11-07T14:26:31.906+0000] {logging_mixin.py:190} INFO - [2025-11-07T14:26:31.905+0000] {dagbag.py:588} INFO - Filling up the DagBag from /home/airflow/.local/lib/python3.12/site-packages/airflow/example_dags/example_task_group.py
[2025-11-07T14:26:31.914+0000] {processor.py:925} INFO - DAG(s) 'example_task_group' retrieved from /home/airflow/.local/lib/python3.12/site-packages/airflow/example_dags/example_task_group.py
[2025-11-07T14:26:31.932+0000] {logging_mixin.py:190} INFO - [2025-11-07T14:26:31.931+0000] {dag.py:3239} INFO - Sync 1 DAGs
[2025-11-07T14:26:31.946+0000] {logging_mixin.py:190} INFO - [2025-11-07T14:26:31.946+0000] {dag.py:4180} INFO - Setting next_dagrun for example_task_group to None, run_after=None
[2025-11-07T14:26:31.969+0000] {processor.py:208} INFO - Processing /home/airflow/.local/lib/python3.12/site-packages/airflow/example_dags/example_task_group.py took 0.077 seconds
[2025-11-07T14:27:02.553+0000] {processor.py:186} INFO - Started process (PID=413) to work on /home/airflow/.local/lib/python3.12/site-packages/airflow/example_dags/example_task_group.py
[2025-11-07T14:27:02.554+0000] {processor.py:914} INFO - Processing file /home/airflow/.local/lib/python3.12/site-packages/airflow/example_dags/example_task_group.py for tasks to queue
[2025-11-07T14:27:02.557+0000] {logging_mixin.py:190} INFO - [2025-11-07T14:27:02.557+0000] {dagbag.py:588} INFO - Filling up the DagBag from /home/airflow/.local/lib/python3.12/site-packages/airflow/example_dags/example_task_group.py
[2025-11-07T14:27:02.567+0000] {processor.py:925} INFO - DAG(s) 'example_task_group' retrieved from /home/airflow/.local/lib/python3.12/site-packages/airflow/example_dags/example_task_group.py
[2025-11-07T14:27:02.596+0000] {logging_mixin.py:190} INFO - [2025-11-07T14:27:02.596+0000] {dag.py:3239} INFO - Sync 1 DAGs
[2025-11-07T14:27:02.612+0000] {logging_mixin.py:190} INFO - [2025-11-07T14:27:02.612+0000] {dag.py:4180} INFO - Setting next_dagrun for example_task_group to None, run_after=None
[2025-11-07T14:27:02.635+0000] {processor.py:208} INFO - Processing /home/airflow/.local/lib/python3.12/site-packages/airflow/example_dags/example_task_group.py took 0.091 seconds
[2025-11-07T14:27:33.923+0000] {processor.py:186} INFO - Started process (PID=477) to work on /home/airflow/.local/lib/python3.12/site-packages/airflow/example_dags/example_task_group.py
[2025-11-07T14:27:33.924+0000] {processor.py:914} INFO - Processing file /home/airflow/.local/lib/python3.12/site-packages/airflow/example_dags/example_task_group.py for tasks to queue
[2025-11-07T14:27:33.926+0000] {logging_mixin.py:190} INFO - [2025-11-07T14:27:33.926+0000] {dagbag.py:588} INFO - Filling up the DagBag from /home/airflow/.local/lib/python3.12/site-packages/airflow/example_dags/example_task_group.py
[2025-11-07T14:27:33.936+0000] {processor.py:925} INFO - DAG(s) 'example_task_group' retrieved from /home/airflow/.local/lib/python3.12/site-packages/airflow/example_dags/example_task_group.py
[2025-11-07T14:27:33.967+0000] {logging_mixin.py:190} INFO - [2025-11-07T14:27:33.966+0000] {dag.py:3239} INFO - Sync 1 DAGs
[2025-11-07T14:27:33.984+0000] {logging_mixin.py:190} INFO - [2025-11-07T14:27:33.984+0000] {dag.py:4180} INFO - Setting next_dagrun for example_task_group to None, run_after=None
[2025-11-07T14:27:34.002+0000] {processor.py:208} INFO - Processing /home/airflow/.local/lib/python3.12/site-packages/airflow/example_dags/example_task_group.py took 0.086 seconds
[2025-11-07T14:28:05.551+0000] {processor.py:186} INFO - Started process (PID=541) to work on /home/airflow/.local/lib/python3.12/site-packages/airflow/example_dags/example_task_group.py
[2025-11-07T14:28:05.552+0000] {processor.py:914} INFO - Processing file /home/airflow/.local/lib/python3.12/site-packages/airflow/example_dags/example_task_group.py for tasks to queue
[2025-11-07T14:28:05.555+0000] {logging_mixin.py:190} INFO - [2025-11-07T14:28:05.555+0000] {dagbag.py:588} INFO - Filling up the DagBag from /home/airflow/.local/lib/python3.12/site-packages/airflow/example_dags/example_task_group.py
[2025-11-07T14:28:05.567+0000] {processor.py:925} INFO - DAG(s) 'example_task_group' retrieved from /home/airflow/.local/lib/python3.12/site-packages/airflow/example_dags/example_task_group.py
[2025-11-07T14:28:05.601+0000] {logging_mixin.py:190} INFO - [2025-11-07T14:28:05.600+0000] {dag.py:3239} INFO - Sync 1 DAGs
[2025-11-07T14:28:05.622+0000] {logging_mixin.py:190} INFO - [2025-11-07T14:28:05.622+0000] {dag.py:4180} INFO - Setting next_dagrun for example_task_group to None, run_after=None
[2025-11-07T14:28:05.656+0000] {processor.py:208} INFO - Processing /home/airflow/.local/lib/python3.12/site-packages/airflow/example_dags/example_task_group.py took 0.113 seconds
[2025-11-07T14:28:36.351+0000] {processor.py:186} INFO - Started process (PID=605) to work on /home/airflow/.local/lib/python3.12/site-packages/airflow/example_dags/example_task_group.py
[2025-11-07T14:28:36.354+0000] {processor.py:914} INFO - Processing file /home/airflow/.local/lib/python3.12/site-packages/airflow/example_dags/example_task_group.py for tasks to queue
[2025-11-07T14:28:36.356+0000] {logging_mixin.py:190} INFO - [2025-11-07T14:28:36.356+0000] {dagbag.py:588} INFO - Filling up the DagBag from /home/airflow/.local/lib/python3.12/site-packages/airflow/example_dags/example_task_group.py
[2025-11-07T14:28:36.369+0000] {processor.py:925} INFO - DAG(s) 'example_task_group' retrieved from /home/airflow/.local/lib/python3.12/site-packages/airflow/example_dags/example_task_group.py
[2025-11-07T14:28:36.402+0000] {logging_mixin.py:190} INFO - [2025-11-07T14:28:36.401+0000] {dag.py:3239} INFO - Sync 1 DAGs
[2025-11-07T14:28:36.421+0000] {logging_mixin.py:190} INFO - [2025-11-07T14:28:36.421+0000] {dag.py:4180} INFO - Setting next_dagrun for example_task_group to None, run_after=None
[2025-11-07T14:28:36.447+0000] {processor.py:208} INFO - Processing /home/airflow/.local/lib/python3.12/site-packages/airflow/example_dags/example_task_group.py took 0.105 seconds
[2025-11-07T14:29:06.674+0000] {processor.py:186} INFO - Started process (PID=669) to work on /home/airflow/.local/lib/python3.12/site-packages/airflow/example_dags/example_task_group.py
[2025-11-07T14:29:06.675+0000] {processor.py:914} INFO - Processing file /home/airflow/.local/lib/python3.12/site-packages/airflow/example_dags/example_task_group.py for tasks to queue
[2025-11-07T14:29:06.676+0000] {logging_mixin.py:190} INFO - [2025-11-07T14:29:06.676+0000] {dagbag.py:588} INFO - Filling up the DagBag from /home/airflow/.local/lib/python3.12/site-packages/airflow/example_dags/example_task_group.py
[2025-11-07T14:29:06.681+0000] {processor.py:925} INFO - DAG(s) 'example_task_group' retrieved from /home/airflow/.local/lib/python3.12/site-packages/airflow/example_dags/example_task_group.py
[2025-11-07T14:29:06.695+0000] {logging_mixin.py:190} INFO - [2025-11-07T14:29:06.695+0000] {dag.py:3239} INFO - Sync 1 DAGs
[2025-11-07T14:29:06.704+0000] {logging_mixin.py:190} INFO - [2025-11-07T14:29:06.703+0000] {dag.py:4180} INFO - Setting next_dagrun for example_task_group to None, run_after=None
[2025-11-07T14:29:06.724+0000] {processor.py:208} INFO - Processing /home/airflow/.local/lib/python3.12/site-packages/airflow/example_dags/example_task_group.py took 0.054 seconds
[2025-11-07T14:29:38.163+0000] {processor.py:186} INFO - Started process (PID=733) to work on /home/airflow/.local/lib/python3.12/site-packages/airflow/example_dags/example_task_group.py
[2025-11-07T14:29:38.165+0000] {processor.py:914} INFO - Processing file /home/airflow/.local/lib/python3.12/site-packages/airflow/example_dags/example_task_group.py for tasks to queue
[2025-11-07T14:29:38.168+0000] {logging_mixin.py:190} INFO - [2025-11-07T14:29:38.168+0000] {dagbag.py:588} INFO - Filling up the DagBag from /home/airflow/.local/lib/python3.12/site-packages/airflow/example_dags/example_task_group.py
[2025-11-07T14:29:38.179+0000] {processor.py:925} INFO - DAG(s) 'example_task_group' retrieved from /home/airflow/.local/lib/python3.12/site-packages/airflow/example_dags/example_task_group.py
[2025-11-07T14:29:38.201+0000] {logging_mixin.py:190} INFO - [2025-11-07T14:29:38.201+0000] {dag.py:3239} INFO - Sync 1 DAGs
[2025-11-07T14:29:38.213+0000] {logging_mixin.py:190} INFO - [2025-11-07T14:29:38.213+0000] {dag.py:4180} INFO - Setting next_dagrun for example_task_group to None, run_after=None
[2025-11-07T14:29:38.226+0000] {processor.py:208} INFO - Processing /home/airflow/.local/lib/python3.12/site-packages/airflow/example_dags/example_task_group.py took 0.073 seconds
[2025-11-07T14:30:09.572+0000] {processor.py:186} INFO - Started process (PID=797) to work on /home/airflow/.local/lib/python3.12/site-packages/airflow/example_dags/example_task_group.py
[2025-11-07T14:30:09.572+0000] {processor.py:914} INFO - Processing file /home/airflow/.local/lib/python3.12/site-packages/airflow/example_dags/example_task_group.py for tasks to queue
[2025-11-07T14:30:09.574+0000] {logging_mixin.py:190} INFO - [2025-11-07T14:30:09.574+0000] {dagbag.py:588} INFO - Filling up the DagBag from /home/airflow/.local/lib/python3.12/site-packages/airflow/example_dags/example_task_group.py
[2025-11-07T14:30:09.580+0000] {processor.py:925} INFO - DAG(s) 'example_task_group' retrieved from /home/airflow/.local/lib/python3.12/site-packages/airflow/example_dags/example_task_group.py
[2025-11-07T14:30:09.607+0000] {logging_mixin.py:190} INFO - [2025-11-07T14:30:09.607+0000] {dag.py:3239} INFO - Sync 1 DAGs
[2025-11-07T14:30:09.628+0000] {logging_mixin.py:190} INFO - [2025-11-07T14:30:09.627+0000] {dag.py:4180} INFO - Setting next_dagrun for example_task_group to None, run_after=None
[2025-11-07T14:30:09.657+0000] {processor.py:208} INFO - Processing /home/airflow/.local/lib/python3.12/site-packages/airflow/example_dags/example_task_group.py took 0.090 seconds
[2025-11-07T14:30:39.771+0000] {processor.py:186} INFO - Started process (PID=861) to work on /home/airflow/.local/lib/python3.12/site-packages/airflow/example_dags/example_task_group.py
[2025-11-07T14:30:39.772+0000] {processor.py:914} INFO - Processing file /home/airflow/.local/lib/python3.12/site-packages/airflow/example_dags/example_task_group.py for tasks to queue
[2025-11-07T14:30:39.776+0000] {logging_mixin.py:190} INFO - [2025-11-07T14:30:39.775+0000] {dagbag.py:588} INFO - Filling up the DagBag from /home/airflow/.local/lib/python3.12/site-packages/airflow/example_dags/example_task_group.py
[2025-11-07T14:30:39.789+0000] {processor.py:925} INFO - DAG(s) 'example_task_group' retrieved from /home/airflow/.local/lib/python3.12/site-packages/airflow/example_dags/example_task_group.py
[2025-11-07T14:30:39.828+0000] {logging_mixin.py:190} INFO - [2025-11-07T14:30:39.828+0000] {dag.py:3239} INFO - Sync 1 DAGs
[2025-11-07T14:30:39.852+0000] {logging_mixin.py:190} INFO - [2025-11-07T14:30:39.851+0000] {dag.py:4180} INFO - Setting next_dagrun for example_task_group to None, run_after=None
[2025-11-07T14:30:39.879+0000] {processor.py:208} INFO - Processing /home/airflow/.local/lib/python3.12/site-packages/airflow/example_dags/example_task_group.py took 0.119 seconds
[2025-11-07T14:31:10.498+0000] {processor.py:186} INFO - Started process (PID=925) to work on /home/airflow/.local/lib/python3.12/site-packages/airflow/example_dags/example_task_group.py
[2025-11-07T14:31:10.499+0000] {processor.py:914} INFO - Processing file /home/airflow/.local/lib/python3.12/site-packages/airflow/example_dags/example_task_group.py for tasks to queue
[2025-11-07T14:31:10.500+0000] {logging_mixin.py:190} INFO - [2025-11-07T14:31:10.500+0000] {dagbag.py:588} INFO - Filling up the DagBag from /home/airflow/.local/lib/python3.12/site-packages/airflow/example_dags/example_task_group.py
[2025-11-07T14:31:10.507+0000] {processor.py:925} INFO - DAG(s) 'example_task_group' retrieved from /home/airflow/.local/lib/python3.12/site-packages/airflow/example_dags/example_task_group.py
[2025-11-07T14:31:10.538+0000] {logging_mixin.py:190} INFO - [2025-11-07T14:31:10.538+0000] {dag.py:3239} INFO - Sync 1 DAGs
[2025-11-07T14:31:10.560+0000] {logging_mixin.py:190} INFO - [2025-11-07T14:31:10.560+0000] {dag.py:4180} INFO - Setting next_dagrun for example_task_group to None, run_after=None
[2025-11-07T14:31:10.588+0000] {processor.py:208} INFO - Processing /home/airflow/.local/lib/python3.12/site-packages/airflow/example_dags/example_task_group.py took 0.095 seconds
[2025-11-07T14:31:41.619+0000] {processor.py:186} INFO - Started process (PID=989) to work on /home/airflow/.local/lib/python3.12/site-packages/airflow/example_dags/example_task_group.py
[2025-11-07T14:31:41.621+0000] {processor.py:914} INFO - Processing file /home/airflow/.local/lib/python3.12/site-packages/airflow/example_dags/example_task_group.py for tasks to queue
[2025-11-07T14:31:41.623+0000] {logging_mixin.py:190} INFO - [2025-11-07T14:31:41.623+0000] {dagbag.py:588} INFO - Filling up the DagBag from /home/airflow/.local/lib/python3.12/site-packages/airflow/example_dags/example_task_group.py
[2025-11-07T14:31:41.630+0000] {processor.py:925} INFO - DAG(s) 'example_task_group' retrieved from /home/airflow/.local/lib/python3.12/site-packages/airflow/example_dags/example_task_group.py
[2025-11-07T14:31:41.647+0000] {logging_mixin.py:190} INFO - [2025-11-07T14:31:41.647+0000] {dag.py:3239} INFO - Sync 1 DAGs
[2025-11-07T14:31:41.656+0000] {logging_mixin.py:190} INFO - [2025-11-07T14:31:41.656+0000] {dag.py:4180} INFO - Setting next_dagrun for example_task_group to None, run_after=None
[2025-11-07T14:31:41.677+0000] {processor.py:208} INFO - Processing /home/airflow/.local/lib/python3.12/site-packages/airflow/example_dags/example_task_group.py took 0.063 seconds
[2025-11-07T14:32:12.297+0000] {processor.py:186} INFO - Started process (PID=1053) to work on /home/airflow/.local/lib/python3.12/site-packages/airflow/example_dags/example_task_group.py
[2025-11-07T14:32:12.298+0000] {processor.py:914} INFO - Processing file /home/airflow/.local/lib/python3.12/site-packages/airflow/example_dags/example_task_group.py for tasks to queue
[2025-11-07T14:32:12.301+0000] {logging_mixin.py:190} INFO - [2025-11-07T14:32:12.301+0000] {dagbag.py:588} INFO - Filling up the DagBag from /home/airflow/.local/lib/python3.12/site-packages/airflow/example_dags/example_task_group.py
[2025-11-07T14:32:12.313+0000] {processor.py:925} INFO - DAG(s) 'example_task_group' retrieved from /home/airflow/.local/lib/python3.12/site-packages/airflow/example_dags/example_task_group.py
[2025-11-07T14:32:12.344+0000] {logging_mixin.py:190} INFO - [2025-11-07T14:32:12.343+0000] {dag.py:3239} INFO - Sync 1 DAGs
[2025-11-07T14:32:12.367+0000] {logging_mixin.py:190} INFO - [2025-11-07T14:32:12.367+0000] {dag.py:4180} INFO - Setting next_dagrun for example_task_group to None, run_after=None
[2025-11-07T14:32:12.397+0000] {processor.py:208} INFO - Processing /home/airflow/.local/lib/python3.12/site-packages/airflow/example_dags/example_task_group.py took 0.107 seconds
[2025-11-07T14:32:43.498+0000] {processor.py:186} INFO - Started process (PID=1117) to work on /home/airflow/.local/lib/python3.12/site-packages/airflow/example_dags/example_task_group.py
[2025-11-07T14:32:43.498+0000] {processor.py:914} INFO - Processing file /home/airflow/.local/lib/python3.12/site-packages/airflow/example_dags/example_task_group.py for tasks to queue
[2025-11-07T14:32:43.500+0000] {logging_mixin.py:190} INFO - [2025-11-07T14:32:43.499+0000] {dagbag.py:588} INFO - Filling up the DagBag from /home/airflow/.local/lib/python3.12/site-packages/airflow/example_dags/example_task_group.py
[2025-11-07T14:32:43.504+0000] {processor.py:925} INFO - DAG(s) 'example_task_group' retrieved from /home/airflow/.local/lib/python3.12/site-packages/airflow/example_dags/example_task_group.py
[2025-11-07T14:32:43.517+0000] {logging_mixin.py:190} INFO - [2025-11-07T14:32:43.517+0000] {dag.py:3239} INFO - Sync 1 DAGs
[2025-11-07T14:32:43.526+0000] {logging_mixin.py:190} INFO - [2025-11-07T14:32:43.525+0000] {dag.py:4180} INFO - Setting next_dagrun for example_task_group to None, run_after=None
[2025-11-07T14:32:43.536+0000] {processor.py:208} INFO - Processing /home/airflow/.local/lib/python3.12/site-packages/airflow/example_dags/example_task_group.py took 0.042 seconds
[2025-11-07T14:33:15.041+0000] {processor.py:186} INFO - Started process (PID=1181) to work on /home/airflow/.local/lib/python3.12/site-packages/airflow/example_dags/example_task_group.py
[2025-11-07T14:33:15.043+0000] {processor.py:914} INFO - Processing file /home/airflow/.local/lib/python3.12/site-packages/airflow/example_dags/example_task_group.py for tasks to queue
[2025-11-07T14:33:15.046+0000] {logging_mixin.py:190} INFO - [2025-11-07T14:33:15.046+0000] {dagbag.py:588} INFO - Filling up the DagBag from /home/airflow/.local/lib/python3.12/site-packages/airflow/example_dags/example_task_group.py
[2025-11-07T14:33:15.055+0000] {processor.py:925} INFO - DAG(s) 'example_task_group' retrieved from /home/airflow/.local/lib/python3.12/site-packages/airflow/example_dags/example_task_group.py
[2025-11-07T14:33:15.075+0000] {logging_mixin.py:190} INFO - [2025-11-07T14:33:15.075+0000] {dag.py:3239} INFO - Sync 1 DAGs
[2025-11-07T14:33:15.084+0000] {logging_mixin.py:190} INFO - [2025-11-07T14:33:15.084+0000] {dag.py:4180} INFO - Setting next_dagrun for example_task_group to None, run_after=None
[2025-11-07T14:33:15.096+0000] {processor.py:208} INFO - Processing /home/airflow/.local/lib/python3.12/site-packages/airflow/example_dags/example_task_group.py took 0.062 seconds
[2025-11-07T14:33:46.673+0000] {processor.py:186} INFO - Started process (PID=1245) to work on /home/airflow/.local/lib/python3.12/site-packages/airflow/example_dags/example_task_group.py
[2025-11-07T14:33:46.674+0000] {processor.py:914} INFO - Processing file /home/airflow/.local/lib/python3.12/site-packages/airflow/example_dags/example_task_group.py for tasks to queue
[2025-11-07T14:33:46.678+0000] {logging_mixin.py:190} INFO - [2025-11-07T14:33:46.677+0000] {dagbag.py:588} INFO - Filling up the DagBag from /home/airflow/.local/lib/python3.12/site-packages/airflow/example_dags/example_task_group.py
[2025-11-07T14:33:46.691+0000] {processor.py:925} INFO - DAG(s) 'example_task_group' retrieved from /home/airflow/.local/lib/python3.12/site-packages/airflow/example_dags/example_task_group.py
[2025-11-07T14:33:46.721+0000] {logging_mixin.py:190} INFO - [2025-11-07T14:33:46.721+0000] {dag.py:3239} INFO - Sync 1 DAGs
[2025-11-07T14:33:46.743+0000] {logging_mixin.py:190} INFO - [2025-11-07T14:33:46.742+0000] {dag.py:4180} INFO - Setting next_dagrun for example_task_group to None, run_after=None
[2025-11-07T14:33:46.831+0000] {processor.py:208} INFO - Processing /home/airflow/.local/lib/python3.12/site-packages/airflow/example_dags/example_task_group.py took 0.168 seconds
[2025-11-07T14:34:17.410+0000] {processor.py:186} INFO - Started process (PID=1309) to work on /home/airflow/.local/lib/python3.12/site-packages/airflow/example_dags/example_task_group.py
[2025-11-07T14:34:17.413+0000] {processor.py:914} INFO - Processing file /home/airflow/.local/lib/python3.12/site-packages/airflow/example_dags/example_task_group.py for tasks to queue
[2025-11-07T14:34:17.415+0000] {logging_mixin.py:190} INFO - [2025-11-07T14:34:17.415+0000] {dagbag.py:588} INFO - Filling up the DagBag from /home/airflow/.local/lib/python3.12/site-packages/airflow/example_dags/example_task_group.py
[2025-11-07T14:34:17.428+0000] {processor.py:925} INFO - DAG(s) 'example_task_group' retrieved from /home/airflow/.local/lib/python3.12/site-packages/airflow/example_dags/example_task_group.py
[2025-11-07T14:34:17.456+0000] {logging_mixin.py:190} INFO - [2025-11-07T14:34:17.456+0000] {dag.py:3239} INFO - Sync 1 DAGs
[2025-11-07T14:34:17.476+0000] {logging_mixin.py:190} INFO - [2025-11-07T14:34:17.475+0000] {dag.py:4180} INFO - Setting next_dagrun for example_task_group to None, run_after=None
[2025-11-07T14:34:17.502+0000] {processor.py:208} INFO - Processing /home/airflow/.local/lib/python3.12/site-packages/airflow/example_dags/example_task_group.py took 0.099 seconds
[2025-11-07T14:34:48.233+0000] {processor.py:186} INFO - Started process (PID=1373) to work on /home/airflow/.local/lib/python3.12/site-packages/airflow/example_dags/example_task_group.py
[2025-11-07T14:34:48.234+0000] {processor.py:914} INFO - Processing file /home/airflow/.local/lib/python3.12/site-packages/airflow/example_dags/example_task_group.py for tasks to queue
[2025-11-07T14:34:48.237+0000] {logging_mixin.py:190} INFO - [2025-11-07T14:34:48.237+0000] {dagbag.py:588} INFO - Filling up the DagBag from /home/airflow/.local/lib/python3.12/site-packages/airflow/example_dags/example_task_group.py
[2025-11-07T14:34:48.250+0000] {processor.py:925} INFO - DAG(s) 'example_task_group' retrieved from /home/airflow/.local/lib/python3.12/site-packages/airflow/example_dags/example_task_group.py
[2025-11-07T14:34:48.282+0000] {logging_mixin.py:190} INFO - [2025-11-07T14:34:48.282+0000] {dag.py:3239} INFO - Sync 1 DAGs
[2025-11-07T14:34:48.300+0000] {logging_mixin.py:190} INFO - [2025-11-07T14:34:48.299+0000] {dag.py:4180} INFO - Setting next_dagrun for example_task_group to None, run_after=None
[2025-11-07T14:34:48.318+0000] {processor.py:208} INFO - Processing /home/airflow/.local/lib/python3.12/site-packages/airflow/example_dags/example_task_group.py took 0.093 seconds
[2025-11-07T14:35:18.575+0000] {processor.py:186} INFO - Started process (PID=1437) to work on /home/airflow/.local/lib/python3.12/site-packages/airflow/example_dags/example_task_group.py
[2025-11-07T14:35:18.577+0000] {processor.py:914} INFO - Processing file /home/airflow/.local/lib/python3.12/site-packages/airflow/example_dags/example_task_group.py for tasks to queue
[2025-11-07T14:35:18.579+0000] {logging_mixin.py:190} INFO - [2025-11-07T14:35:18.579+0000] {dagbag.py:588} INFO - Filling up the DagBag from /home/airflow/.local/lib/python3.12/site-packages/airflow/example_dags/example_task_group.py
[2025-11-07T14:35:18.592+0000] {processor.py:925} INFO - DAG(s) 'example_task_group' retrieved from /home/airflow/.local/lib/python3.12/site-packages/airflow/example_dags/example_task_group.py
[2025-11-07T14:35:18.619+0000] {logging_mixin.py:190} INFO - [2025-11-07T14:35:18.619+0000] {dag.py:3239} INFO - Sync 1 DAGs
[2025-11-07T14:35:18.638+0000] {logging_mixin.py:190} INFO - [2025-11-07T14:35:18.637+0000] {dag.py:4180} INFO - Setting next_dagrun for example_task_group to None, run_after=None
[2025-11-07T14:35:18.658+0000] {processor.py:208} INFO - Processing /home/airflow/.local/lib/python3.12/site-packages/airflow/example_dags/example_task_group.py took 0.091 seconds
[2025-11-07T14:35:50.023+0000] {processor.py:186} INFO - Started process (PID=1500) to work on /home/airflow/.local/lib/python3.12/site-packages/airflow/example_dags/example_task_group.py
[2025-11-07T14:35:50.024+0000] {processor.py:914} INFO - Processing file /home/airflow/.local/lib/python3.12/site-packages/airflow/example_dags/example_task_group.py for tasks to queue
[2025-11-07T14:35:50.025+0000] {logging_mixin.py:190} INFO - [2025-11-07T14:35:50.025+0000] {dagbag.py:588} INFO - Filling up the DagBag from /home/airflow/.local/lib/python3.12/site-packages/airflow/example_dags/example_task_group.py
[2025-11-07T14:35:50.033+0000] {processor.py:925} INFO - DAG(s) 'example_task_group' retrieved from /home/airflow/.local/lib/python3.12/site-packages/airflow/example_dags/example_task_group.py
[2025-11-07T14:35:50.051+0000] {logging_mixin.py:190} INFO - [2025-11-07T14:35:50.051+0000] {dag.py:3239} INFO - Sync 1 DAGs
[2025-11-07T14:35:50.060+0000] {logging_mixin.py:190} INFO - [2025-11-07T14:35:50.060+0000] {dag.py:4180} INFO - Setting next_dagrun for example_task_group to None, run_after=None
[2025-11-07T14:35:50.074+0000] {processor.py:208} INFO - Processing /home/airflow/.local/lib/python3.12/site-packages/airflow/example_dags/example_task_group.py took 0.054 seconds
[2025-11-07T14:36:21.635+0000] {processor.py:186} INFO - Started process (PID=1565) to work on /home/airflow/.local/lib/python3.12/site-packages/airflow/example_dags/example_task_group.py
[2025-11-07T14:36:21.636+0000] {processor.py:914} INFO - Processing file /home/airflow/.local/lib/python3.12/site-packages/airflow/example_dags/example_task_group.py for tasks to queue
[2025-11-07T14:36:21.640+0000] {logging_mixin.py:190} INFO - [2025-11-07T14:36:21.639+0000] {dagbag.py:588} INFO - Filling up the DagBag from /home/airflow/.local/lib/python3.12/site-packages/airflow/example_dags/example_task_group.py
[2025-11-07T14:36:21.650+0000] {processor.py:925} INFO - DAG(s) 'example_task_group' retrieved from /home/airflow/.local/lib/python3.12/site-packages/airflow/example_dags/example_task_group.py
[2025-11-07T14:36:21.677+0000] {logging_mixin.py:190} INFO - [2025-11-07T14:36:21.677+0000] {dag.py:3239} INFO - Sync 1 DAGs
[2025-11-07T14:36:21.697+0000] {logging_mixin.py:190} INFO - [2025-11-07T14:36:21.696+0000] {dag.py:4180} INFO - Setting next_dagrun for example_task_group to None, run_after=None
[2025-11-07T14:36:21.722+0000] {processor.py:208} INFO - Processing /home/airflow/.local/lib/python3.12/site-packages/airflow/example_dags/example_task_group.py took 0.096 seconds
[2025-11-07T14:36:52.238+0000] {processor.py:186} INFO - Started process (PID=1629) to work on /home/airflow/.local/lib/python3.12/site-packages/airflow/example_dags/example_task_group.py
[2025-11-07T14:36:52.239+0000] {processor.py:914} INFO - Processing file /home/airflow/.local/lib/python3.12/site-packages/airflow/example_dags/example_task_group.py for tasks to queue
[2025-11-07T14:36:52.243+0000] {logging_mixin.py:190} INFO - [2025-11-07T14:36:52.242+0000] {dagbag.py:588} INFO - Filling up the DagBag from /home/airflow/.local/lib/python3.12/site-packages/airflow/example_dags/example_task_group.py
[2025-11-07T14:36:52.253+0000] {processor.py:925} INFO - DAG(s) 'example_task_group' retrieved from /home/airflow/.local/lib/python3.12/site-packages/airflow/example_dags/example_task_group.py
[2025-11-07T14:36:52.271+0000] {logging_mixin.py:190} INFO - [2025-11-07T14:36:52.271+0000] {dag.py:3239} INFO - Sync 1 DAGs
[2025-11-07T14:36:52.280+0000] {logging_mixin.py:190} INFO - [2025-11-07T14:36:52.280+0000] {dag.py:4180} INFO - Setting next_dagrun for example_task_group to None, run_after=None
[2025-11-07T14:36:52.294+0000] {processor.py:208} INFO - Processing /home/airflow/.local/lib/python3.12/site-packages/airflow/example_dags/example_task_group.py took 0.064 seconds
[2025-11-07T14:37:23.598+0000] {processor.py:186} INFO - Started process (PID=1693) to work on /home/airflow/.local/lib/python3.12/site-packages/airflow/example_dags/example_task_group.py
[2025-11-07T14:37:23.601+0000] {processor.py:914} INFO - Processing file /home/airflow/.local/lib/python3.12/site-packages/airflow/example_dags/example_task_group.py for tasks to queue
[2025-11-07T14:37:23.603+0000] {logging_mixin.py:190} INFO - [2025-11-07T14:37:23.603+0000] {dagbag.py:588} INFO - Filling up the DagBag from /home/airflow/.local/lib/python3.12/site-packages/airflow/example_dags/example_task_group.py
[2025-11-07T14:37:23.615+0000] {processor.py:925} INFO - DAG(s) 'example_task_group' retrieved from /home/airflow/.local/lib/python3.12/site-packages/airflow/example_dags/example_task_group.py
[2025-11-07T14:37:23.646+0000] {logging_mixin.py:190} INFO - [2025-11-07T14:37:23.646+0000] {dag.py:3239} INFO - Sync 1 DAGs
[2025-11-07T14:37:23.668+0000] {logging_mixin.py:190} INFO - [2025-11-07T14:37:23.668+0000] {dag.py:4180} INFO - Setting next_dagrun for example_task_group to None, run_after=None
[2025-11-07T14:37:23.701+0000] {processor.py:208} INFO - Processing /home/airflow/.local/lib/python3.12/site-packages/airflow/example_dags/example_task_group.py took 0.112 seconds
[2025-11-07T14:37:54.056+0000] {processor.py:186} INFO - Started process (PID=1757) to work on /home/airflow/.local/lib/python3.12/site-packages/airflow/example_dags/example_task_group.py
[2025-11-07T14:37:54.057+0000] {processor.py:914} INFO - Processing file /home/airflow/.local/lib/python3.12/site-packages/airflow/example_dags/example_task_group.py for tasks to queue
[2025-11-07T14:37:54.059+0000] {logging_mixin.py:190} INFO - [2025-11-07T14:37:54.058+0000] {dagbag.py:588} INFO - Filling up the DagBag from /home/airflow/.local/lib/python3.12/site-packages/airflow/example_dags/example_task_group.py
[2025-11-07T14:37:54.067+0000] {processor.py:925} INFO - DAG(s) 'example_task_group' retrieved from /home/airflow/.local/lib/python3.12/site-packages/airflow/example_dags/example_task_group.py
[2025-11-07T14:37:54.089+0000] {logging_mixin.py:190} INFO - [2025-11-07T14:37:54.088+0000] {dag.py:3239} INFO - Sync 1 DAGs
[2025-11-07T14:37:54.105+0000] {logging_mixin.py:190} INFO - [2025-11-07T14:37:54.104+0000] {dag.py:4180} INFO - Setting next_dagrun for example_task_group to None, run_after=None
[2025-11-07T14:37:54.135+0000] {processor.py:208} INFO - Processing /home/airflow/.local/lib/python3.12/site-packages/airflow/example_dags/example_task_group.py took 0.088 seconds
[2025-11-07T14:38:25.388+0000] {processor.py:186} INFO - Started process (PID=1821) to work on /home/airflow/.local/lib/python3.12/site-packages/airflow/example_dags/example_task_group.py
[2025-11-07T14:38:25.391+0000] {processor.py:914} INFO - Processing file /home/airflow/.local/lib/python3.12/site-packages/airflow/example_dags/example_task_group.py for tasks to queue
[2025-11-07T14:38:25.394+0000] {logging_mixin.py:190} INFO - [2025-11-07T14:38:25.393+0000] {dagbag.py:588} INFO - Filling up the DagBag from /home/airflow/.local/lib/python3.12/site-packages/airflow/example_dags/example_task_group.py
[2025-11-07T14:38:25.403+0000] {processor.py:925} INFO - DAG(s) 'example_task_group' retrieved from /home/airflow/.local/lib/python3.12/site-packages/airflow/example_dags/example_task_group.py
[2025-11-07T14:38:25.425+0000] {logging_mixin.py:190} INFO - [2025-11-07T14:38:25.425+0000] {dag.py:3239} INFO - Sync 1 DAGs
[2025-11-07T14:38:25.445+0000] {logging_mixin.py:190} INFO - [2025-11-07T14:38:25.444+0000] {dag.py:4180} INFO - Setting next_dagrun for example_task_group to None, run_after=None
[2025-11-07T14:38:25.472+0000] {processor.py:208} INFO - Processing /home/airflow/.local/lib/python3.12/site-packages/airflow/example_dags/example_task_group.py took 0.092 seconds
[2025-11-07T14:38:56.431+0000] {processor.py:186} INFO - Started process (PID=1885) to work on /home/airflow/.local/lib/python3.12/site-packages/airflow/example_dags/example_task_group.py
[2025-11-07T14:38:56.432+0000] {processor.py:914} INFO - Processing file /home/airflow/.local/lib/python3.12/site-packages/airflow/example_dags/example_task_group.py for tasks to queue
[2025-11-07T14:38:56.435+0000] {logging_mixin.py:190} INFO - [2025-11-07T14:38:56.434+0000] {dagbag.py:588} INFO - Filling up the DagBag from /home/airflow/.local/lib/python3.12/site-packages/airflow/example_dags/example_task_group.py
[2025-11-07T14:38:56.447+0000] {processor.py:925} INFO - DAG(s) 'example_task_group' retrieved from /home/airflow/.local/lib/python3.12/site-packages/airflow/example_dags/example_task_group.py
[2025-11-07T14:38:56.476+0000] {logging_mixin.py:190} INFO - [2025-11-07T14:38:56.476+0000] {dag.py:3239} INFO - Sync 1 DAGs
[2025-11-07T14:38:56.490+0000] {logging_mixin.py:190} INFO - [2025-11-07T14:38:56.490+0000] {dag.py:4180} INFO - Setting next_dagrun for example_task_group to None, run_after=None
[2025-11-07T14:38:56.517+0000] {processor.py:208} INFO - Processing /home/airflow/.local/lib/python3.12/site-packages/airflow/example_dags/example_task_group.py took 0.095 seconds
[2025-11-07T14:39:28.380+0000] {processor.py:186} INFO - Started process (PID=1955) to work on /home/airflow/.local/lib/python3.12/site-packages/airflow/example_dags/example_task_group.py
[2025-11-07T14:39:28.383+0000] {processor.py:914} INFO - Processing file /home/airflow/.local/lib/python3.12/site-packages/airflow/example_dags/example_task_group.py for tasks to queue
[2025-11-07T14:39:28.385+0000] {logging_mixin.py:190} INFO - [2025-11-07T14:39:28.385+0000] {dagbag.py:588} INFO - Filling up the DagBag from /home/airflow/.local/lib/python3.12/site-packages/airflow/example_dags/example_task_group.py
[2025-11-07T14:39:28.398+0000] {processor.py:925} INFO - DAG(s) 'example_task_group' retrieved from /home/airflow/.local/lib/python3.12/site-packages/airflow/example_dags/example_task_group.py
[2025-11-07T14:39:28.429+0000] {logging_mixin.py:190} INFO - [2025-11-07T14:39:28.428+0000] {dag.py:3239} INFO - Sync 1 DAGs
[2025-11-07T14:39:28.450+0000] {logging_mixin.py:190} INFO - [2025-11-07T14:39:28.450+0000] {dag.py:4180} INFO - Setting next_dagrun for example_task_group to None, run_after=None
[2025-11-07T14:39:28.476+0000] {processor.py:208} INFO - Processing /home/airflow/.local/lib/python3.12/site-packages/airflow/example_dags/example_task_group.py took 0.105 seconds
