[2025-11-07T14:24:25.650+0000] {processor.py:186} INFO - Started process (PID=58) to work on /home/airflow/.local/lib/python3.12/site-packages/airflow/example_dags/example_branch_day_of_week_operator.py
[2025-11-07T14:24:25.650+0000] {processor.py:914} INFO - Processing file /home/airflow/.local/lib/python3.12/site-packages/airflow/example_dags/example_branch_day_of_week_operator.py for tasks to queue
[2025-11-07T14:24:25.652+0000] {logging_mixin.py:190} INFO - [2025-11-07T14:24:25.652+0000] {dagbag.py:588} INFO - Filling up the DagBag from /home/airflow/.local/lib/python3.12/site-packages/airflow/example_dags/example_branch_day_of_week_operator.py
[2025-11-07T14:24:25.660+0000] {processor.py:925} INFO - DAG(s) 'example_weekday_branch_operator' retrieved from /home/airflow/.local/lib/python3.12/site-packages/airflow/example_dags/example_branch_day_of_week_operator.py
[2025-11-07T14:24:25.683+0000] {logging_mixin.py:190} INFO - [2025-11-07T14:24:25.683+0000] {dag.py:3239} INFO - Sync 1 DAGs
[2025-11-07T14:24:25.713+0000] {logging_mixin.py:190} INFO - [2025-11-07T14:24:25.713+0000] {dag.py:4180} INFO - Setting next_dagrun for example_weekday_branch_operator to 2025-11-06 00:00:00+00:00, run_after=2025-11-07 00:00:00+00:00
[2025-11-07T14:24:25.735+0000] {processor.py:208} INFO - Processing /home/airflow/.local/lib/python3.12/site-packages/airflow/example_dags/example_branch_day_of_week_operator.py took 0.091 seconds
[2025-11-07T14:24:56.065+0000] {processor.py:186} INFO - Started process (PID=128) to work on /home/airflow/.local/lib/python3.12/site-packages/airflow/example_dags/example_branch_day_of_week_operator.py
[2025-11-07T14:24:56.066+0000] {processor.py:914} INFO - Processing file /home/airflow/.local/lib/python3.12/site-packages/airflow/example_dags/example_branch_day_of_week_operator.py for tasks to queue
[2025-11-07T14:24:56.067+0000] {logging_mixin.py:190} INFO - [2025-11-07T14:24:56.067+0000] {dagbag.py:588} INFO - Filling up the DagBag from /home/airflow/.local/lib/python3.12/site-packages/airflow/example_dags/example_branch_day_of_week_operator.py
[2025-11-07T14:24:56.073+0000] {processor.py:925} INFO - DAG(s) 'example_weekday_branch_operator' retrieved from /home/airflow/.local/lib/python3.12/site-packages/airflow/example_dags/example_branch_day_of_week_operator.py
[2025-11-07T14:24:56.087+0000] {logging_mixin.py:190} INFO - [2025-11-07T14:24:56.086+0000] {dag.py:3239} INFO - Sync 1 DAGs
[2025-11-07T14:24:56.103+0000] {logging_mixin.py:190} INFO - [2025-11-07T14:24:56.103+0000] {dag.py:4180} INFO - Setting next_dagrun for example_weekday_branch_operator to 2025-11-06 00:00:00+00:00, run_after=2025-11-07 00:00:00+00:00
[2025-11-07T14:24:56.116+0000] {processor.py:208} INFO - Processing /home/airflow/.local/lib/python3.12/site-packages/airflow/example_dags/example_branch_day_of_week_operator.py took 0.054 seconds
[2025-11-07T14:25:27.001+0000] {processor.py:186} INFO - Started process (PID=192) to work on /home/airflow/.local/lib/python3.12/site-packages/airflow/example_dags/example_branch_day_of_week_operator.py
[2025-11-07T14:25:27.002+0000] {processor.py:914} INFO - Processing file /home/airflow/.local/lib/python3.12/site-packages/airflow/example_dags/example_branch_day_of_week_operator.py for tasks to queue
[2025-11-07T14:25:27.004+0000] {logging_mixin.py:190} INFO - [2025-11-07T14:25:27.004+0000] {dagbag.py:588} INFO - Filling up the DagBag from /home/airflow/.local/lib/python3.12/site-packages/airflow/example_dags/example_branch_day_of_week_operator.py
[2025-11-07T14:25:27.017+0000] {processor.py:925} INFO - DAG(s) 'example_weekday_branch_operator' retrieved from /home/airflow/.local/lib/python3.12/site-packages/airflow/example_dags/example_branch_day_of_week_operator.py
[2025-11-07T14:25:27.046+0000] {logging_mixin.py:190} INFO - [2025-11-07T14:25:27.046+0000] {dag.py:3239} INFO - Sync 1 DAGs
[2025-11-07T14:25:27.080+0000] {logging_mixin.py:190} INFO - [2025-11-07T14:25:27.079+0000] {dag.py:4180} INFO - Setting next_dagrun for example_weekday_branch_operator to 2025-11-06 00:00:00+00:00, run_after=2025-11-07 00:00:00+00:00
[2025-11-07T14:25:27.104+0000] {processor.py:208} INFO - Processing /home/airflow/.local/lib/python3.12/site-packages/airflow/example_dags/example_branch_day_of_week_operator.py took 0.109 seconds
[2025-11-07T14:25:58.121+0000] {processor.py:186} INFO - Started process (PID=256) to work on /home/airflow/.local/lib/python3.12/site-packages/airflow/example_dags/example_branch_day_of_week_operator.py
[2025-11-07T14:25:58.121+0000] {processor.py:914} INFO - Processing file /home/airflow/.local/lib/python3.12/site-packages/airflow/example_dags/example_branch_day_of_week_operator.py for tasks to queue
[2025-11-07T14:25:58.124+0000] {logging_mixin.py:190} INFO - [2025-11-07T14:25:58.124+0000] {dagbag.py:588} INFO - Filling up the DagBag from /home/airflow/.local/lib/python3.12/site-packages/airflow/example_dags/example_branch_day_of_week_operator.py
[2025-11-07T14:25:58.137+0000] {processor.py:925} INFO - DAG(s) 'example_weekday_branch_operator' retrieved from /home/airflow/.local/lib/python3.12/site-packages/airflow/example_dags/example_branch_day_of_week_operator.py
[2025-11-07T14:25:58.165+0000] {logging_mixin.py:190} INFO - [2025-11-07T14:25:58.165+0000] {dag.py:3239} INFO - Sync 1 DAGs
[2025-11-07T14:25:58.189+0000] {logging_mixin.py:190} INFO - [2025-11-07T14:25:58.188+0000] {dag.py:4180} INFO - Setting next_dagrun for example_weekday_branch_operator to 2025-11-06 00:00:00+00:00, run_after=2025-11-07 00:00:00+00:00
[2025-11-07T14:25:58.210+0000] {processor.py:208} INFO - Processing /home/airflow/.local/lib/python3.12/site-packages/airflow/example_dags/example_branch_day_of_week_operator.py took 0.095 seconds
[2025-11-07T14:26:29.509+0000] {processor.py:186} INFO - Started process (PID=320) to work on /home/airflow/.local/lib/python3.12/site-packages/airflow/example_dags/example_branch_day_of_week_operator.py
[2025-11-07T14:26:29.510+0000] {processor.py:914} INFO - Processing file /home/airflow/.local/lib/python3.12/site-packages/airflow/example_dags/example_branch_day_of_week_operator.py for tasks to queue
[2025-11-07T14:26:29.511+0000] {logging_mixin.py:190} INFO - [2025-11-07T14:26:29.511+0000] {dagbag.py:588} INFO - Filling up the DagBag from /home/airflow/.local/lib/python3.12/site-packages/airflow/example_dags/example_branch_day_of_week_operator.py
[2025-11-07T14:26:29.517+0000] {processor.py:925} INFO - DAG(s) 'example_weekday_branch_operator' retrieved from /home/airflow/.local/lib/python3.12/site-packages/airflow/example_dags/example_branch_day_of_week_operator.py
[2025-11-07T14:26:29.544+0000] {logging_mixin.py:190} INFO - [2025-11-07T14:26:29.544+0000] {dag.py:3239} INFO - Sync 1 DAGs
[2025-11-07T14:26:29.586+0000] {logging_mixin.py:190} INFO - [2025-11-07T14:26:29.586+0000] {dag.py:4180} INFO - Setting next_dagrun for example_weekday_branch_operator to 2025-11-06 00:00:00+00:00, run_after=2025-11-07 00:00:00+00:00
[2025-11-07T14:26:29.609+0000] {processor.py:208} INFO - Processing /home/airflow/.local/lib/python3.12/site-packages/airflow/example_dags/example_branch_day_of_week_operator.py took 0.103 seconds
[2025-11-07T14:27:00.492+0000] {processor.py:186} INFO - Started process (PID=384) to work on /home/airflow/.local/lib/python3.12/site-packages/airflow/example_dags/example_branch_day_of_week_operator.py
[2025-11-07T14:27:00.494+0000] {processor.py:914} INFO - Processing file /home/airflow/.local/lib/python3.12/site-packages/airflow/example_dags/example_branch_day_of_week_operator.py for tasks to queue
[2025-11-07T14:27:00.496+0000] {logging_mixin.py:190} INFO - [2025-11-07T14:27:00.496+0000] {dagbag.py:588} INFO - Filling up the DagBag from /home/airflow/.local/lib/python3.12/site-packages/airflow/example_dags/example_branch_day_of_week_operator.py
[2025-11-07T14:27:00.511+0000] {processor.py:925} INFO - DAG(s) 'example_weekday_branch_operator' retrieved from /home/airflow/.local/lib/python3.12/site-packages/airflow/example_dags/example_branch_day_of_week_operator.py
[2025-11-07T14:27:00.542+0000] {logging_mixin.py:190} INFO - [2025-11-07T14:27:00.542+0000] {dag.py:3239} INFO - Sync 1 DAGs
[2025-11-07T14:27:00.571+0000] {logging_mixin.py:190} INFO - [2025-11-07T14:27:00.571+0000] {dag.py:4180} INFO - Setting next_dagrun for example_weekday_branch_operator to 2025-11-06 00:00:00+00:00, run_after=2025-11-07 00:00:00+00:00
[2025-11-07T14:27:00.591+0000] {processor.py:208} INFO - Processing /home/airflow/.local/lib/python3.12/site-packages/airflow/example_dags/example_branch_day_of_week_operator.py took 0.107 seconds
[2025-11-07T14:27:31.736+0000] {processor.py:186} INFO - Started process (PID=448) to work on /home/airflow/.local/lib/python3.12/site-packages/airflow/example_dags/example_branch_day_of_week_operator.py
[2025-11-07T14:27:31.737+0000] {processor.py:914} INFO - Processing file /home/airflow/.local/lib/python3.12/site-packages/airflow/example_dags/example_branch_day_of_week_operator.py for tasks to queue
[2025-11-07T14:27:31.738+0000] {logging_mixin.py:190} INFO - [2025-11-07T14:27:31.738+0000] {dagbag.py:588} INFO - Filling up the DagBag from /home/airflow/.local/lib/python3.12/site-packages/airflow/example_dags/example_branch_day_of_week_operator.py
[2025-11-07T14:27:31.744+0000] {processor.py:925} INFO - DAG(s) 'example_weekday_branch_operator' retrieved from /home/airflow/.local/lib/python3.12/site-packages/airflow/example_dags/example_branch_day_of_week_operator.py
[2025-11-07T14:27:31.768+0000] {logging_mixin.py:190} INFO - [2025-11-07T14:27:31.767+0000] {dag.py:3239} INFO - Sync 1 DAGs
[2025-11-07T14:27:31.802+0000] {logging_mixin.py:190} INFO - [2025-11-07T14:27:31.802+0000] {dag.py:4180} INFO - Setting next_dagrun for example_weekday_branch_operator to 2025-11-06 00:00:00+00:00, run_after=2025-11-07 00:00:00+00:00
[2025-11-07T14:27:31.825+0000] {processor.py:208} INFO - Processing /home/airflow/.local/lib/python3.12/site-packages/airflow/example_dags/example_branch_day_of_week_operator.py took 0.092 seconds
[2025-11-07T14:28:03.075+0000] {processor.py:186} INFO - Started process (PID=512) to work on /home/airflow/.local/lib/python3.12/site-packages/airflow/example_dags/example_branch_day_of_week_operator.py
[2025-11-07T14:28:03.076+0000] {processor.py:914} INFO - Processing file /home/airflow/.local/lib/python3.12/site-packages/airflow/example_dags/example_branch_day_of_week_operator.py for tasks to queue
[2025-11-07T14:28:03.079+0000] {logging_mixin.py:190} INFO - [2025-11-07T14:28:03.079+0000] {dagbag.py:588} INFO - Filling up the DagBag from /home/airflow/.local/lib/python3.12/site-packages/airflow/example_dags/example_branch_day_of_week_operator.py
[2025-11-07T14:28:03.092+0000] {processor.py:925} INFO - DAG(s) 'example_weekday_branch_operator' retrieved from /home/airflow/.local/lib/python3.12/site-packages/airflow/example_dags/example_branch_day_of_week_operator.py
[2025-11-07T14:28:03.123+0000] {logging_mixin.py:190} INFO - [2025-11-07T14:28:03.123+0000] {dag.py:3239} INFO - Sync 1 DAGs
[2025-11-07T14:28:03.156+0000] {logging_mixin.py:190} INFO - [2025-11-07T14:28:03.155+0000] {dag.py:4180} INFO - Setting next_dagrun for example_weekday_branch_operator to 2025-11-06 00:00:00+00:00, run_after=2025-11-07 00:00:00+00:00
[2025-11-07T14:28:03.181+0000] {processor.py:208} INFO - Processing /home/airflow/.local/lib/python3.12/site-packages/airflow/example_dags/example_branch_day_of_week_operator.py took 0.114 seconds
[2025-11-07T14:28:33.669+0000] {processor.py:186} INFO - Started process (PID=576) to work on /home/airflow/.local/lib/python3.12/site-packages/airflow/example_dags/example_branch_day_of_week_operator.py
[2025-11-07T14:28:33.670+0000] {processor.py:914} INFO - Processing file /home/airflow/.local/lib/python3.12/site-packages/airflow/example_dags/example_branch_day_of_week_operator.py for tasks to queue
[2025-11-07T14:28:33.672+0000] {logging_mixin.py:190} INFO - [2025-11-07T14:28:33.672+0000] {dagbag.py:588} INFO - Filling up the DagBag from /home/airflow/.local/lib/python3.12/site-packages/airflow/example_dags/example_branch_day_of_week_operator.py
[2025-11-07T14:28:33.685+0000] {processor.py:925} INFO - DAG(s) 'example_weekday_branch_operator' retrieved from /home/airflow/.local/lib/python3.12/site-packages/airflow/example_dags/example_branch_day_of_week_operator.py
[2025-11-07T14:28:33.716+0000] {logging_mixin.py:190} INFO - [2025-11-07T14:28:33.716+0000] {dag.py:3239} INFO - Sync 1 DAGs
[2025-11-07T14:28:33.751+0000] {logging_mixin.py:190} INFO - [2025-11-07T14:28:33.751+0000] {dag.py:4180} INFO - Setting next_dagrun for example_weekday_branch_operator to 2025-11-06 00:00:00+00:00, run_after=2025-11-07 00:00:00+00:00
[2025-11-07T14:28:33.775+0000] {processor.py:208} INFO - Processing /home/airflow/.local/lib/python3.12/site-packages/airflow/example_dags/example_branch_day_of_week_operator.py took 0.111 seconds
[2025-11-07T14:29:04.462+0000] {processor.py:186} INFO - Started process (PID=640) to work on /home/airflow/.local/lib/python3.12/site-packages/airflow/example_dags/example_branch_day_of_week_operator.py
[2025-11-07T14:29:04.463+0000] {processor.py:914} INFO - Processing file /home/airflow/.local/lib/python3.12/site-packages/airflow/example_dags/example_branch_day_of_week_operator.py for tasks to queue
[2025-11-07T14:29:04.466+0000] {logging_mixin.py:190} INFO - [2025-11-07T14:29:04.465+0000] {dagbag.py:588} INFO - Filling up the DagBag from /home/airflow/.local/lib/python3.12/site-packages/airflow/example_dags/example_branch_day_of_week_operator.py
[2025-11-07T14:29:04.479+0000] {processor.py:925} INFO - DAG(s) 'example_weekday_branch_operator' retrieved from /home/airflow/.local/lib/python3.12/site-packages/airflow/example_dags/example_branch_day_of_week_operator.py
[2025-11-07T14:29:04.508+0000] {logging_mixin.py:190} INFO - [2025-11-07T14:29:04.508+0000] {dag.py:3239} INFO - Sync 1 DAGs
[2025-11-07T14:29:04.535+0000] {logging_mixin.py:190} INFO - [2025-11-07T14:29:04.534+0000] {dag.py:4180} INFO - Setting next_dagrun for example_weekday_branch_operator to 2025-11-06 00:00:00+00:00, run_after=2025-11-07 00:00:00+00:00
[2025-11-07T14:29:04.552+0000] {processor.py:208} INFO - Processing /home/airflow/.local/lib/python3.12/site-packages/airflow/example_dags/example_branch_day_of_week_operator.py took 0.100 seconds
[2025-11-07T14:29:35.757+0000] {processor.py:186} INFO - Started process (PID=704) to work on /home/airflow/.local/lib/python3.12/site-packages/airflow/example_dags/example_branch_day_of_week_operator.py
[2025-11-07T14:29:35.759+0000] {processor.py:914} INFO - Processing file /home/airflow/.local/lib/python3.12/site-packages/airflow/example_dags/example_branch_day_of_week_operator.py for tasks to queue
[2025-11-07T14:29:35.762+0000] {logging_mixin.py:190} INFO - [2025-11-07T14:29:35.762+0000] {dagbag.py:588} INFO - Filling up the DagBag from /home/airflow/.local/lib/python3.12/site-packages/airflow/example_dags/example_branch_day_of_week_operator.py
[2025-11-07T14:29:35.775+0000] {processor.py:925} INFO - DAG(s) 'example_weekday_branch_operator' retrieved from /home/airflow/.local/lib/python3.12/site-packages/airflow/example_dags/example_branch_day_of_week_operator.py
[2025-11-07T14:29:35.800+0000] {logging_mixin.py:190} INFO - [2025-11-07T14:29:35.800+0000] {dag.py:3239} INFO - Sync 1 DAGs
[2025-11-07T14:29:35.829+0000] {logging_mixin.py:190} INFO - [2025-11-07T14:29:35.829+0000] {dag.py:4180} INFO - Setting next_dagrun for example_weekday_branch_operator to 2025-11-06 00:00:00+00:00, run_after=2025-11-07 00:00:00+00:00
[2025-11-07T14:29:35.853+0000] {processor.py:208} INFO - Processing /home/airflow/.local/lib/python3.12/site-packages/airflow/example_dags/example_branch_day_of_week_operator.py took 0.104 seconds
[2025-11-07T14:30:06.248+0000] {processor.py:186} INFO - Started process (PID=768) to work on /home/airflow/.local/lib/python3.12/site-packages/airflow/example_dags/example_branch_day_of_week_operator.py
[2025-11-07T14:30:06.249+0000] {processor.py:914} INFO - Processing file /home/airflow/.local/lib/python3.12/site-packages/airflow/example_dags/example_branch_day_of_week_operator.py for tasks to queue
[2025-11-07T14:30:06.251+0000] {logging_mixin.py:190} INFO - [2025-11-07T14:30:06.251+0000] {dagbag.py:588} INFO - Filling up the DagBag from /home/airflow/.local/lib/python3.12/site-packages/airflow/example_dags/example_branch_day_of_week_operator.py
[2025-11-07T14:30:06.264+0000] {processor.py:925} INFO - DAG(s) 'example_weekday_branch_operator' retrieved from /home/airflow/.local/lib/python3.12/site-packages/airflow/example_dags/example_branch_day_of_week_operator.py
[2025-11-07T14:30:06.302+0000] {logging_mixin.py:190} INFO - [2025-11-07T14:30:06.302+0000] {dag.py:3239} INFO - Sync 1 DAGs
[2025-11-07T14:30:06.338+0000] {logging_mixin.py:190} INFO - [2025-11-07T14:30:06.337+0000] {dag.py:4180} INFO - Setting next_dagrun for example_weekday_branch_operator to 2025-11-06 00:00:00+00:00, run_after=2025-11-07 00:00:00+00:00
[2025-11-07T14:30:06.352+0000] {processor.py:208} INFO - Processing /home/airflow/.local/lib/python3.12/site-packages/airflow/example_dags/example_branch_day_of_week_operator.py took 0.112 seconds
[2025-11-07T14:30:36.711+0000] {processor.py:186} INFO - Started process (PID=832) to work on /home/airflow/.local/lib/python3.12/site-packages/airflow/example_dags/example_branch_day_of_week_operator.py
[2025-11-07T14:30:36.712+0000] {processor.py:914} INFO - Processing file /home/airflow/.local/lib/python3.12/site-packages/airflow/example_dags/example_branch_day_of_week_operator.py for tasks to queue
[2025-11-07T14:30:36.715+0000] {logging_mixin.py:190} INFO - [2025-11-07T14:30:36.714+0000] {dagbag.py:588} INFO - Filling up the DagBag from /home/airflow/.local/lib/python3.12/site-packages/airflow/example_dags/example_branch_day_of_week_operator.py
[2025-11-07T14:30:36.727+0000] {processor.py:925} INFO - DAG(s) 'example_weekday_branch_operator' retrieved from /home/airflow/.local/lib/python3.12/site-packages/airflow/example_dags/example_branch_day_of_week_operator.py
[2025-11-07T14:30:36.756+0000] {logging_mixin.py:190} INFO - [2025-11-07T14:30:36.755+0000] {dag.py:3239} INFO - Sync 1 DAGs
[2025-11-07T14:30:36.780+0000] {logging_mixin.py:190} INFO - [2025-11-07T14:30:36.780+0000] {dag.py:4180} INFO - Setting next_dagrun for example_weekday_branch_operator to 2025-11-06 00:00:00+00:00, run_after=2025-11-07 00:00:00+00:00
[2025-11-07T14:30:36.797+0000] {processor.py:208} INFO - Processing /home/airflow/.local/lib/python3.12/site-packages/airflow/example_dags/example_branch_day_of_week_operator.py took 0.093 seconds
[2025-11-07T14:31:08.024+0000] {processor.py:186} INFO - Started process (PID=896) to work on /home/airflow/.local/lib/python3.12/site-packages/airflow/example_dags/example_branch_day_of_week_operator.py
[2025-11-07T14:31:08.025+0000] {processor.py:914} INFO - Processing file /home/airflow/.local/lib/python3.12/site-packages/airflow/example_dags/example_branch_day_of_week_operator.py for tasks to queue
[2025-11-07T14:31:08.028+0000] {logging_mixin.py:190} INFO - [2025-11-07T14:31:08.028+0000] {dagbag.py:588} INFO - Filling up the DagBag from /home/airflow/.local/lib/python3.12/site-packages/airflow/example_dags/example_branch_day_of_week_operator.py
[2025-11-07T14:31:08.044+0000] {processor.py:925} INFO - DAG(s) 'example_weekday_branch_operator' retrieved from /home/airflow/.local/lib/python3.12/site-packages/airflow/example_dags/example_branch_day_of_week_operator.py
[2025-11-07T14:31:08.075+0000] {logging_mixin.py:190} INFO - [2025-11-07T14:31:08.074+0000] {dag.py:3239} INFO - Sync 1 DAGs
[2025-11-07T14:31:08.112+0000] {logging_mixin.py:190} INFO - [2025-11-07T14:31:08.112+0000] {dag.py:4180} INFO - Setting next_dagrun for example_weekday_branch_operator to 2025-11-06 00:00:00+00:00, run_after=2025-11-07 00:00:00+00:00
[2025-11-07T14:31:08.139+0000] {processor.py:208} INFO - Processing /home/airflow/.local/lib/python3.12/site-packages/airflow/example_dags/example_branch_day_of_week_operator.py took 0.125 seconds
[2025-11-07T14:31:39.151+0000] {processor.py:186} INFO - Started process (PID=960) to work on /home/airflow/.local/lib/python3.12/site-packages/airflow/example_dags/example_branch_day_of_week_operator.py
[2025-11-07T14:31:39.152+0000] {processor.py:914} INFO - Processing file /home/airflow/.local/lib/python3.12/site-packages/airflow/example_dags/example_branch_day_of_week_operator.py for tasks to queue
[2025-11-07T14:31:39.155+0000] {logging_mixin.py:190} INFO - [2025-11-07T14:31:39.154+0000] {dagbag.py:588} INFO - Filling up the DagBag from /home/airflow/.local/lib/python3.12/site-packages/airflow/example_dags/example_branch_day_of_week_operator.py
[2025-11-07T14:31:39.169+0000] {processor.py:925} INFO - DAG(s) 'example_weekday_branch_operator' retrieved from /home/airflow/.local/lib/python3.12/site-packages/airflow/example_dags/example_branch_day_of_week_operator.py
[2025-11-07T14:31:39.197+0000] {logging_mixin.py:190} INFO - [2025-11-07T14:31:39.197+0000] {dag.py:3239} INFO - Sync 1 DAGs
[2025-11-07T14:31:39.232+0000] {logging_mixin.py:190} INFO - [2025-11-07T14:31:39.231+0000] {dag.py:4180} INFO - Setting next_dagrun for example_weekday_branch_operator to 2025-11-06 00:00:00+00:00, run_after=2025-11-07 00:00:00+00:00
[2025-11-07T14:31:39.258+0000] {processor.py:208} INFO - Processing /home/airflow/.local/lib/python3.12/site-packages/airflow/example_dags/example_branch_day_of_week_operator.py took 0.116 seconds
[2025-11-07T14:32:10.030+0000] {processor.py:186} INFO - Started process (PID=1024) to work on /home/airflow/.local/lib/python3.12/site-packages/airflow/example_dags/example_branch_day_of_week_operator.py
[2025-11-07T14:32:10.031+0000] {processor.py:914} INFO - Processing file /home/airflow/.local/lib/python3.12/site-packages/airflow/example_dags/example_branch_day_of_week_operator.py for tasks to queue
[2025-11-07T14:32:10.033+0000] {logging_mixin.py:190} INFO - [2025-11-07T14:32:10.033+0000] {dagbag.py:588} INFO - Filling up the DagBag from /home/airflow/.local/lib/python3.12/site-packages/airflow/example_dags/example_branch_day_of_week_operator.py
[2025-11-07T14:32:10.044+0000] {processor.py:925} INFO - DAG(s) 'example_weekday_branch_operator' retrieved from /home/airflow/.local/lib/python3.12/site-packages/airflow/example_dags/example_branch_day_of_week_operator.py
[2025-11-07T14:32:10.071+0000] {logging_mixin.py:190} INFO - [2025-11-07T14:32:10.071+0000] {dag.py:3239} INFO - Sync 1 DAGs
[2025-11-07T14:32:10.090+0000] {logging_mixin.py:190} INFO - [2025-11-07T14:32:10.089+0000] {dag.py:4180} INFO - Setting next_dagrun for example_weekday_branch_operator to 2025-11-06 00:00:00+00:00, run_after=2025-11-07 00:00:00+00:00
[2025-11-07T14:32:10.104+0000] {processor.py:208} INFO - Processing /home/airflow/.local/lib/python3.12/site-packages/airflow/example_dags/example_branch_day_of_week_operator.py took 0.079 seconds
[2025-11-07T14:32:41.357+0000] {processor.py:186} INFO - Started process (PID=1088) to work on /home/airflow/.local/lib/python3.12/site-packages/airflow/example_dags/example_branch_day_of_week_operator.py
[2025-11-07T14:32:41.358+0000] {processor.py:914} INFO - Processing file /home/airflow/.local/lib/python3.12/site-packages/airflow/example_dags/example_branch_day_of_week_operator.py for tasks to queue
[2025-11-07T14:32:41.359+0000] {logging_mixin.py:190} INFO - [2025-11-07T14:32:41.359+0000] {dagbag.py:588} INFO - Filling up the DagBag from /home/airflow/.local/lib/python3.12/site-packages/airflow/example_dags/example_branch_day_of_week_operator.py
[2025-11-07T14:32:41.364+0000] {processor.py:925} INFO - DAG(s) 'example_weekday_branch_operator' retrieved from /home/airflow/.local/lib/python3.12/site-packages/airflow/example_dags/example_branch_day_of_week_operator.py
[2025-11-07T14:32:41.376+0000] {logging_mixin.py:190} INFO - [2025-11-07T14:32:41.376+0000] {dag.py:3239} INFO - Sync 1 DAGs
[2025-11-07T14:32:41.389+0000] {logging_mixin.py:190} INFO - [2025-11-07T14:32:41.388+0000] {dag.py:4180} INFO - Setting next_dagrun for example_weekday_branch_operator to 2025-11-06 00:00:00+00:00, run_after=2025-11-07 00:00:00+00:00
[2025-11-07T14:32:41.400+0000] {processor.py:208} INFO - Processing /home/airflow/.local/lib/python3.12/site-packages/airflow/example_dags/example_branch_day_of_week_operator.py took 0.048 seconds
[2025-11-07T14:33:12.811+0000] {processor.py:186} INFO - Started process (PID=1152) to work on /home/airflow/.local/lib/python3.12/site-packages/airflow/example_dags/example_branch_day_of_week_operator.py
[2025-11-07T14:33:12.812+0000] {processor.py:914} INFO - Processing file /home/airflow/.local/lib/python3.12/site-packages/airflow/example_dags/example_branch_day_of_week_operator.py for tasks to queue
[2025-11-07T14:33:12.814+0000] {logging_mixin.py:190} INFO - [2025-11-07T14:33:12.813+0000] {dagbag.py:588} INFO - Filling up the DagBag from /home/airflow/.local/lib/python3.12/site-packages/airflow/example_dags/example_branch_day_of_week_operator.py
[2025-11-07T14:33:12.820+0000] {processor.py:925} INFO - DAG(s) 'example_weekday_branch_operator' retrieved from /home/airflow/.local/lib/python3.12/site-packages/airflow/example_dags/example_branch_day_of_week_operator.py
[2025-11-07T14:33:12.845+0000] {logging_mixin.py:190} INFO - [2025-11-07T14:33:12.844+0000] {dag.py:3239} INFO - Sync 1 DAGs
[2025-11-07T14:33:12.878+0000] {logging_mixin.py:190} INFO - [2025-11-07T14:33:12.878+0000] {dag.py:4180} INFO - Setting next_dagrun for example_weekday_branch_operator to 2025-11-06 00:00:00+00:00, run_after=2025-11-07 00:00:00+00:00
[2025-11-07T14:33:12.903+0000] {processor.py:208} INFO - Processing /home/airflow/.local/lib/python3.12/site-packages/airflow/example_dags/example_branch_day_of_week_operator.py took 0.097 seconds
[2025-11-07T14:33:43.338+0000] {processor.py:186} INFO - Started process (PID=1216) to work on /home/airflow/.local/lib/python3.12/site-packages/airflow/example_dags/example_branch_day_of_week_operator.py
[2025-11-07T14:33:43.341+0000] {processor.py:914} INFO - Processing file /home/airflow/.local/lib/python3.12/site-packages/airflow/example_dags/example_branch_day_of_week_operator.py for tasks to queue
[2025-11-07T14:33:43.343+0000] {logging_mixin.py:190} INFO - [2025-11-07T14:33:43.343+0000] {dagbag.py:588} INFO - Filling up the DagBag from /home/airflow/.local/lib/python3.12/site-packages/airflow/example_dags/example_branch_day_of_week_operator.py
[2025-11-07T14:33:43.358+0000] {processor.py:925} INFO - DAG(s) 'example_weekday_branch_operator' retrieved from /home/airflow/.local/lib/python3.12/site-packages/airflow/example_dags/example_branch_day_of_week_operator.py
[2025-11-07T14:33:43.383+0000] {logging_mixin.py:190} INFO - [2025-11-07T14:33:43.382+0000] {dag.py:3239} INFO - Sync 1 DAGs
[2025-11-07T14:33:43.415+0000] {logging_mixin.py:190} INFO - [2025-11-07T14:33:43.415+0000] {dag.py:4180} INFO - Setting next_dagrun for example_weekday_branch_operator to 2025-11-06 00:00:00+00:00, run_after=2025-11-07 00:00:00+00:00
[2025-11-07T14:33:43.443+0000] {processor.py:208} INFO - Processing /home/airflow/.local/lib/python3.12/site-packages/airflow/example_dags/example_branch_day_of_week_operator.py took 0.114 seconds
[2025-11-07T14:34:14.311+0000] {processor.py:186} INFO - Started process (PID=1280) to work on /home/airflow/.local/lib/python3.12/site-packages/airflow/example_dags/example_branch_day_of_week_operator.py
[2025-11-07T14:34:14.312+0000] {processor.py:914} INFO - Processing file /home/airflow/.local/lib/python3.12/site-packages/airflow/example_dags/example_branch_day_of_week_operator.py for tasks to queue
[2025-11-07T14:34:14.315+0000] {logging_mixin.py:190} INFO - [2025-11-07T14:34:14.315+0000] {dagbag.py:588} INFO - Filling up the DagBag from /home/airflow/.local/lib/python3.12/site-packages/airflow/example_dags/example_branch_day_of_week_operator.py
[2025-11-07T14:34:14.328+0000] {processor.py:925} INFO - DAG(s) 'example_weekday_branch_operator' retrieved from /home/airflow/.local/lib/python3.12/site-packages/airflow/example_dags/example_branch_day_of_week_operator.py
[2025-11-07T14:34:14.358+0000] {logging_mixin.py:190} INFO - [2025-11-07T14:34:14.357+0000] {dag.py:3239} INFO - Sync 1 DAGs
[2025-11-07T14:34:14.391+0000] {logging_mixin.py:190} INFO - [2025-11-07T14:34:14.390+0000] {dag.py:4180} INFO - Setting next_dagrun for example_weekday_branch_operator to 2025-11-06 00:00:00+00:00, run_after=2025-11-07 00:00:00+00:00
[2025-11-07T14:34:14.414+0000] {processor.py:208} INFO - Processing /home/airflow/.local/lib/python3.12/site-packages/airflow/example_dags/example_branch_day_of_week_operator.py took 0.111 seconds
[2025-11-07T14:34:45.679+0000] {processor.py:186} INFO - Started process (PID=1344) to work on /home/airflow/.local/lib/python3.12/site-packages/airflow/example_dags/example_branch_day_of_week_operator.py
[2025-11-07T14:34:45.679+0000] {processor.py:914} INFO - Processing file /home/airflow/.local/lib/python3.12/site-packages/airflow/example_dags/example_branch_day_of_week_operator.py for tasks to queue
[2025-11-07T14:34:45.680+0000] {logging_mixin.py:190} INFO - [2025-11-07T14:34:45.680+0000] {dagbag.py:588} INFO - Filling up the DagBag from /home/airflow/.local/lib/python3.12/site-packages/airflow/example_dags/example_branch_day_of_week_operator.py
[2025-11-07T14:34:45.686+0000] {processor.py:925} INFO - DAG(s) 'example_weekday_branch_operator' retrieved from /home/airflow/.local/lib/python3.12/site-packages/airflow/example_dags/example_branch_day_of_week_operator.py
[2025-11-07T14:34:45.699+0000] {logging_mixin.py:190} INFO - [2025-11-07T14:34:45.699+0000] {dag.py:3239} INFO - Sync 1 DAGs
[2025-11-07T14:34:45.721+0000] {logging_mixin.py:190} INFO - [2025-11-07T14:34:45.721+0000] {dag.py:4180} INFO - Setting next_dagrun for example_weekday_branch_operator to 2025-11-06 00:00:00+00:00, run_after=2025-11-07 00:00:00+00:00
[2025-11-07T14:34:45.739+0000] {processor.py:208} INFO - Processing /home/airflow/.local/lib/python3.12/site-packages/airflow/example_dags/example_branch_day_of_week_operator.py took 0.064 seconds
[2025-11-07T14:35:16.417+0000] {processor.py:186} INFO - Started process (PID=1408) to work on /home/airflow/.local/lib/python3.12/site-packages/airflow/example_dags/example_branch_day_of_week_operator.py
[2025-11-07T14:35:16.418+0000] {processor.py:914} INFO - Processing file /home/airflow/.local/lib/python3.12/site-packages/airflow/example_dags/example_branch_day_of_week_operator.py for tasks to queue
[2025-11-07T14:35:16.422+0000] {logging_mixin.py:190} INFO - [2025-11-07T14:35:16.421+0000] {dagbag.py:588} INFO - Filling up the DagBag from /home/airflow/.local/lib/python3.12/site-packages/airflow/example_dags/example_branch_day_of_week_operator.py
[2025-11-07T14:35:16.436+0000] {processor.py:925} INFO - DAG(s) 'example_weekday_branch_operator' retrieved from /home/airflow/.local/lib/python3.12/site-packages/airflow/example_dags/example_branch_day_of_week_operator.py
[2025-11-07T14:35:16.465+0000] {logging_mixin.py:190} INFO - [2025-11-07T14:35:16.465+0000] {dag.py:3239} INFO - Sync 1 DAGs
[2025-11-07T14:35:16.487+0000] {logging_mixin.py:190} INFO - [2025-11-07T14:35:16.486+0000] {dag.py:4180} INFO - Setting next_dagrun for example_weekday_branch_operator to 2025-11-06 00:00:00+00:00, run_after=2025-11-07 00:00:00+00:00
[2025-11-07T14:35:16.501+0000] {processor.py:208} INFO - Processing /home/airflow/.local/lib/python3.12/site-packages/airflow/example_dags/example_branch_day_of_week_operator.py took 0.093 seconds
[2025-11-07T14:35:47.820+0000] {processor.py:186} INFO - Started process (PID=1472) to work on /home/airflow/.local/lib/python3.12/site-packages/airflow/example_dags/example_branch_day_of_week_operator.py
[2025-11-07T14:35:47.823+0000] {processor.py:914} INFO - Processing file /home/airflow/.local/lib/python3.12/site-packages/airflow/example_dags/example_branch_day_of_week_operator.py for tasks to queue
[2025-11-07T14:35:47.826+0000] {logging_mixin.py:190} INFO - [2025-11-07T14:35:47.825+0000] {dagbag.py:588} INFO - Filling up the DagBag from /home/airflow/.local/lib/python3.12/site-packages/airflow/example_dags/example_branch_day_of_week_operator.py
[2025-11-07T14:35:47.838+0000] {processor.py:925} INFO - DAG(s) 'example_weekday_branch_operator' retrieved from /home/airflow/.local/lib/python3.12/site-packages/airflow/example_dags/example_branch_day_of_week_operator.py
[2025-11-07T14:35:47.869+0000] {logging_mixin.py:190} INFO - [2025-11-07T14:35:47.868+0000] {dag.py:3239} INFO - Sync 1 DAGs
[2025-11-07T14:35:47.909+0000] {logging_mixin.py:190} INFO - [2025-11-07T14:35:47.909+0000] {dag.py:4180} INFO - Setting next_dagrun for example_weekday_branch_operator to 2025-11-06 00:00:00+00:00, run_after=2025-11-07 00:00:00+00:00
[2025-11-07T14:35:47.941+0000] {processor.py:208} INFO - Processing /home/airflow/.local/lib/python3.12/site-packages/airflow/example_dags/example_branch_day_of_week_operator.py took 0.130 seconds
[2025-11-07T14:36:19.148+0000] {processor.py:186} INFO - Started process (PID=1536) to work on /home/airflow/.local/lib/python3.12/site-packages/airflow/example_dags/example_branch_day_of_week_operator.py
[2025-11-07T14:36:19.149+0000] {processor.py:914} INFO - Processing file /home/airflow/.local/lib/python3.12/site-packages/airflow/example_dags/example_branch_day_of_week_operator.py for tasks to queue
[2025-11-07T14:36:19.152+0000] {logging_mixin.py:190} INFO - [2025-11-07T14:36:19.152+0000] {dagbag.py:588} INFO - Filling up the DagBag from /home/airflow/.local/lib/python3.12/site-packages/airflow/example_dags/example_branch_day_of_week_operator.py
[2025-11-07T14:36:19.166+0000] {processor.py:925} INFO - DAG(s) 'example_weekday_branch_operator' retrieved from /home/airflow/.local/lib/python3.12/site-packages/airflow/example_dags/example_branch_day_of_week_operator.py
[2025-11-07T14:36:19.194+0000] {logging_mixin.py:190} INFO - [2025-11-07T14:36:19.194+0000] {dag.py:3239} INFO - Sync 1 DAGs
[2025-11-07T14:36:19.217+0000] {logging_mixin.py:190} INFO - [2025-11-07T14:36:19.217+0000] {dag.py:4180} INFO - Setting next_dagrun for example_weekday_branch_operator to 2025-11-06 00:00:00+00:00, run_after=2025-11-07 00:00:00+00:00
[2025-11-07T14:36:19.232+0000] {processor.py:208} INFO - Processing /home/airflow/.local/lib/python3.12/site-packages/airflow/example_dags/example_branch_day_of_week_operator.py took 0.092 seconds
[2025-11-07T14:36:50.079+0000] {processor.py:186} INFO - Started process (PID=1600) to work on /home/airflow/.local/lib/python3.12/site-packages/airflow/example_dags/example_branch_day_of_week_operator.py
[2025-11-07T14:36:50.080+0000] {processor.py:914} INFO - Processing file /home/airflow/.local/lib/python3.12/site-packages/airflow/example_dags/example_branch_day_of_week_operator.py for tasks to queue
[2025-11-07T14:36:50.083+0000] {logging_mixin.py:190} INFO - [2025-11-07T14:36:50.082+0000] {dagbag.py:588} INFO - Filling up the DagBag from /home/airflow/.local/lib/python3.12/site-packages/airflow/example_dags/example_branch_day_of_week_operator.py
[2025-11-07T14:36:50.096+0000] {processor.py:925} INFO - DAG(s) 'example_weekday_branch_operator' retrieved from /home/airflow/.local/lib/python3.12/site-packages/airflow/example_dags/example_branch_day_of_week_operator.py
[2025-11-07T14:36:50.128+0000] {logging_mixin.py:190} INFO - [2025-11-07T14:36:50.128+0000] {dag.py:3239} INFO - Sync 1 DAGs
[2025-11-07T14:36:50.160+0000] {logging_mixin.py:190} INFO - [2025-11-07T14:36:50.160+0000] {dag.py:4180} INFO - Setting next_dagrun for example_weekday_branch_operator to 2025-11-06 00:00:00+00:00, run_after=2025-11-07 00:00:00+00:00
[2025-11-07T14:36:50.181+0000] {processor.py:208} INFO - Processing /home/airflow/.local/lib/python3.12/site-packages/airflow/example_dags/example_branch_day_of_week_operator.py took 0.110 seconds
[2025-11-07T14:37:20.556+0000] {processor.py:186} INFO - Started process (PID=1664) to work on /home/airflow/.local/lib/python3.12/site-packages/airflow/example_dags/example_branch_day_of_week_operator.py
[2025-11-07T14:37:20.557+0000] {processor.py:914} INFO - Processing file /home/airflow/.local/lib/python3.12/site-packages/airflow/example_dags/example_branch_day_of_week_operator.py for tasks to queue
[2025-11-07T14:37:20.561+0000] {logging_mixin.py:190} INFO - [2025-11-07T14:37:20.560+0000] {dagbag.py:588} INFO - Filling up the DagBag from /home/airflow/.local/lib/python3.12/site-packages/airflow/example_dags/example_branch_day_of_week_operator.py
[2025-11-07T14:37:20.573+0000] {processor.py:925} INFO - DAG(s) 'example_weekday_branch_operator' retrieved from /home/airflow/.local/lib/python3.12/site-packages/airflow/example_dags/example_branch_day_of_week_operator.py
[2025-11-07T14:37:20.588+0000] {logging_mixin.py:190} INFO - [2025-11-07T14:37:20.588+0000] {dag.py:3239} INFO - Sync 1 DAGs
[2025-11-07T14:37:20.601+0000] {logging_mixin.py:190} INFO - [2025-11-07T14:37:20.601+0000] {dag.py:4180} INFO - Setting next_dagrun for example_weekday_branch_operator to 2025-11-06 00:00:00+00:00, run_after=2025-11-07 00:00:00+00:00
[2025-11-07T14:37:20.614+0000] {processor.py:208} INFO - Processing /home/airflow/.local/lib/python3.12/site-packages/airflow/example_dags/example_branch_day_of_week_operator.py took 0.067 seconds
[2025-11-07T14:37:51.811+0000] {processor.py:186} INFO - Started process (PID=1728) to work on /home/airflow/.local/lib/python3.12/site-packages/airflow/example_dags/example_branch_day_of_week_operator.py
[2025-11-07T14:37:51.811+0000] {processor.py:914} INFO - Processing file /home/airflow/.local/lib/python3.12/site-packages/airflow/example_dags/example_branch_day_of_week_operator.py for tasks to queue
[2025-11-07T14:37:51.814+0000] {logging_mixin.py:190} INFO - [2025-11-07T14:37:51.813+0000] {dagbag.py:588} INFO - Filling up the DagBag from /home/airflow/.local/lib/python3.12/site-packages/airflow/example_dags/example_branch_day_of_week_operator.py
[2025-11-07T14:37:51.825+0000] {processor.py:925} INFO - DAG(s) 'example_weekday_branch_operator' retrieved from /home/airflow/.local/lib/python3.12/site-packages/airflow/example_dags/example_branch_day_of_week_operator.py
[2025-11-07T14:37:51.853+0000] {logging_mixin.py:190} INFO - [2025-11-07T14:37:51.853+0000] {dag.py:3239} INFO - Sync 1 DAGs
[2025-11-07T14:37:51.888+0000] {logging_mixin.py:190} INFO - [2025-11-07T14:37:51.887+0000] {dag.py:4180} INFO - Setting next_dagrun for example_weekday_branch_operator to 2025-11-06 00:00:00+00:00, run_after=2025-11-07 00:00:00+00:00
[2025-11-07T14:37:51.919+0000] {processor.py:208} INFO - Processing /home/airflow/.local/lib/python3.12/site-packages/airflow/example_dags/example_branch_day_of_week_operator.py took 0.116 seconds
[2025-11-07T14:38:23.349+0000] {processor.py:186} INFO - Started process (PID=1792) to work on /home/airflow/.local/lib/python3.12/site-packages/airflow/example_dags/example_branch_day_of_week_operator.py
[2025-11-07T14:38:23.351+0000] {processor.py:914} INFO - Processing file /home/airflow/.local/lib/python3.12/site-packages/airflow/example_dags/example_branch_day_of_week_operator.py for tasks to queue
[2025-11-07T14:38:23.354+0000] {logging_mixin.py:190} INFO - [2025-11-07T14:38:23.353+0000] {dagbag.py:588} INFO - Filling up the DagBag from /home/airflow/.local/lib/python3.12/site-packages/airflow/example_dags/example_branch_day_of_week_operator.py
[2025-11-07T14:38:23.367+0000] {processor.py:925} INFO - DAG(s) 'example_weekday_branch_operator' retrieved from /home/airflow/.local/lib/python3.12/site-packages/airflow/example_dags/example_branch_day_of_week_operator.py
[2025-11-07T14:38:23.401+0000] {logging_mixin.py:190} INFO - [2025-11-07T14:38:23.400+0000] {dag.py:3239} INFO - Sync 1 DAGs
[2025-11-07T14:38:23.425+0000] {logging_mixin.py:190} INFO - [2025-11-07T14:38:23.425+0000] {dag.py:4180} INFO - Setting next_dagrun for example_weekday_branch_operator to 2025-11-06 00:00:00+00:00, run_after=2025-11-07 00:00:00+00:00
[2025-11-07T14:38:23.440+0000] {processor.py:208} INFO - Processing /home/airflow/.local/lib/python3.12/site-packages/airflow/example_dags/example_branch_day_of_week_operator.py took 0.100 seconds
[2025-11-07T14:38:54.509+0000] {processor.py:186} INFO - Started process (PID=1856) to work on /home/airflow/.local/lib/python3.12/site-packages/airflow/example_dags/example_branch_day_of_week_operator.py
[2025-11-07T14:38:54.509+0000] {processor.py:914} INFO - Processing file /home/airflow/.local/lib/python3.12/site-packages/airflow/example_dags/example_branch_day_of_week_operator.py for tasks to queue
[2025-11-07T14:38:54.510+0000] {logging_mixin.py:190} INFO - [2025-11-07T14:38:54.510+0000] {dagbag.py:588} INFO - Filling up the DagBag from /home/airflow/.local/lib/python3.12/site-packages/airflow/example_dags/example_branch_day_of_week_operator.py
[2025-11-07T14:38:54.515+0000] {processor.py:925} INFO - DAG(s) 'example_weekday_branch_operator' retrieved from /home/airflow/.local/lib/python3.12/site-packages/airflow/example_dags/example_branch_day_of_week_operator.py
[2025-11-07T14:38:54.537+0000] {logging_mixin.py:190} INFO - [2025-11-07T14:38:54.537+0000] {dag.py:3239} INFO - Sync 1 DAGs
[2025-11-07T14:38:54.574+0000] {logging_mixin.py:190} INFO - [2025-11-07T14:38:54.573+0000] {dag.py:4180} INFO - Setting next_dagrun for example_weekday_branch_operator to 2025-11-06 00:00:00+00:00, run_after=2025-11-07 00:00:00+00:00
[2025-11-07T14:38:54.596+0000] {processor.py:208} INFO - Processing /home/airflow/.local/lib/python3.12/site-packages/airflow/example_dags/example_branch_day_of_week_operator.py took 0.090 seconds
[2025-11-07T14:39:25.623+0000] {processor.py:186} INFO - Started process (PID=1920) to work on /home/airflow/.local/lib/python3.12/site-packages/airflow/example_dags/example_branch_day_of_week_operator.py
[2025-11-07T14:39:25.626+0000] {processor.py:914} INFO - Processing file /home/airflow/.local/lib/python3.12/site-packages/airflow/example_dags/example_branch_day_of_week_operator.py for tasks to queue
[2025-11-07T14:39:25.628+0000] {logging_mixin.py:190} INFO - [2025-11-07T14:39:25.628+0000] {dagbag.py:588} INFO - Filling up the DagBag from /home/airflow/.local/lib/python3.12/site-packages/airflow/example_dags/example_branch_day_of_week_operator.py
[2025-11-07T14:39:25.639+0000] {processor.py:925} INFO - DAG(s) 'example_weekday_branch_operator' retrieved from /home/airflow/.local/lib/python3.12/site-packages/airflow/example_dags/example_branch_day_of_week_operator.py
[2025-11-07T14:39:25.663+0000] {logging_mixin.py:190} INFO - [2025-11-07T14:39:25.662+0000] {dag.py:3239} INFO - Sync 1 DAGs
[2025-11-07T14:39:25.682+0000] {logging_mixin.py:190} INFO - [2025-11-07T14:39:25.682+0000] {dag.py:4180} INFO - Setting next_dagrun for example_weekday_branch_operator to 2025-11-06 00:00:00+00:00, run_after=2025-11-07 00:00:00+00:00
[2025-11-07T14:39:25.699+0000] {processor.py:208} INFO - Processing /home/airflow/.local/lib/python3.12/site-packages/airflow/example_dags/example_branch_day_of_week_operator.py took 0.083 seconds
