[2025-11-07T14:24:28.258+0000] {processor.py:186} INFO - Started process (PID=104) to work on /home/airflow/.local/lib/python3.12/site-packages/airflow/example_dags/example_branch_python_dop_operator_3.py
[2025-11-07T14:24:28.259+0000] {processor.py:914} INFO - Processing file /home/airflow/.local/lib/python3.12/site-packages/airflow/example_dags/example_branch_python_dop_operator_3.py for tasks to queue
[2025-11-07T14:24:28.262+0000] {logging_mixin.py:190} INFO - [2025-11-07T14:24:28.262+0000] {dagbag.py:588} INFO - Filling up the DagBag from /home/airflow/.local/lib/python3.12/site-packages/airflow/example_dags/example_branch_python_dop_operator_3.py
[2025-11-07T14:24:28.268+0000] {processor.py:925} INFO - DAG(s) 'example_branch_dop_operator_v3' retrieved from /home/airflow/.local/lib/python3.12/site-packages/airflow/example_dags/example_branch_python_dop_operator_3.py
[2025-11-07T14:24:28.281+0000] {logging_mixin.py:190} INFO - [2025-11-07T14:24:28.281+0000] {dag.py:3239} INFO - Sync 1 DAGs
[2025-11-07T14:24:28.296+0000] {logging_mixin.py:190} INFO - [2025-11-07T14:24:28.296+0000] {dag.py:4180} INFO - Setting next_dagrun for example_branch_dop_operator_v3 to 2025-11-07 14:23:00+00:00, run_after=2025-11-07 14:24:00+00:00
[2025-11-07T14:24:28.308+0000] {processor.py:208} INFO - Processing /home/airflow/.local/lib/python3.12/site-packages/airflow/example_dags/example_branch_python_dop_operator_3.py took 0.054 seconds
[2025-11-07T14:24:58.601+0000] {processor.py:186} INFO - Started process (PID=168) to work on /home/airflow/.local/lib/python3.12/site-packages/airflow/example_dags/example_branch_python_dop_operator_3.py
[2025-11-07T14:24:58.601+0000] {processor.py:914} INFO - Processing file /home/airflow/.local/lib/python3.12/site-packages/airflow/example_dags/example_branch_python_dop_operator_3.py for tasks to queue
[2025-11-07T14:24:58.603+0000] {logging_mixin.py:190} INFO - [2025-11-07T14:24:58.603+0000] {dagbag.py:588} INFO - Filling up the DagBag from /home/airflow/.local/lib/python3.12/site-packages/airflow/example_dags/example_branch_python_dop_operator_3.py
[2025-11-07T14:24:58.610+0000] {processor.py:925} INFO - DAG(s) 'example_branch_dop_operator_v3' retrieved from /home/airflow/.local/lib/python3.12/site-packages/airflow/example_dags/example_branch_python_dop_operator_3.py
[2025-11-07T14:24:58.628+0000] {logging_mixin.py:190} INFO - [2025-11-07T14:24:58.628+0000] {dag.py:3239} INFO - Sync 1 DAGs
[2025-11-07T14:24:58.646+0000] {logging_mixin.py:190} INFO - [2025-11-07T14:24:58.646+0000] {dag.py:4180} INFO - Setting next_dagrun for example_branch_dop_operator_v3 to 2025-11-07 14:23:00+00:00, run_after=2025-11-07 14:24:00+00:00
[2025-11-07T14:24:58.660+0000] {processor.py:208} INFO - Processing /home/airflow/.local/lib/python3.12/site-packages/airflow/example_dags/example_branch_python_dop_operator_3.py took 0.064 seconds
[2025-11-07T14:25:29.667+0000] {processor.py:186} INFO - Started process (PID=232) to work on /home/airflow/.local/lib/python3.12/site-packages/airflow/example_dags/example_branch_python_dop_operator_3.py
[2025-11-07T14:25:29.670+0000] {processor.py:914} INFO - Processing file /home/airflow/.local/lib/python3.12/site-packages/airflow/example_dags/example_branch_python_dop_operator_3.py for tasks to queue
[2025-11-07T14:25:29.671+0000] {logging_mixin.py:190} INFO - [2025-11-07T14:25:29.671+0000] {dagbag.py:588} INFO - Filling up the DagBag from /home/airflow/.local/lib/python3.12/site-packages/airflow/example_dags/example_branch_python_dop_operator_3.py
[2025-11-07T14:25:29.678+0000] {processor.py:925} INFO - DAG(s) 'example_branch_dop_operator_v3' retrieved from /home/airflow/.local/lib/python3.12/site-packages/airflow/example_dags/example_branch_python_dop_operator_3.py
[2025-11-07T14:25:29.697+0000] {logging_mixin.py:190} INFO - [2025-11-07T14:25:29.696+0000] {dag.py:3239} INFO - Sync 1 DAGs
[2025-11-07T14:25:29.723+0000] {logging_mixin.py:190} INFO - [2025-11-07T14:25:29.723+0000] {dag.py:4180} INFO - Setting next_dagrun for example_branch_dop_operator_v3 to 2025-11-07 14:24:00+00:00, run_after=2025-11-07 14:25:00+00:00
[2025-11-07T14:25:29.743+0000] {processor.py:208} INFO - Processing /home/airflow/.local/lib/python3.12/site-packages/airflow/example_dags/example_branch_python_dop_operator_3.py took 0.079 seconds
[2025-11-07T14:26:01.157+0000] {processor.py:186} INFO - Started process (PID=296) to work on /home/airflow/.local/lib/python3.12/site-packages/airflow/example_dags/example_branch_python_dop_operator_3.py
[2025-11-07T14:26:01.157+0000] {processor.py:914} INFO - Processing file /home/airflow/.local/lib/python3.12/site-packages/airflow/example_dags/example_branch_python_dop_operator_3.py for tasks to queue
[2025-11-07T14:26:01.158+0000] {logging_mixin.py:190} INFO - [2025-11-07T14:26:01.158+0000] {dagbag.py:588} INFO - Filling up the DagBag from /home/airflow/.local/lib/python3.12/site-packages/airflow/example_dags/example_branch_python_dop_operator_3.py
[2025-11-07T14:26:01.165+0000] {processor.py:925} INFO - DAG(s) 'example_branch_dop_operator_v3' retrieved from /home/airflow/.local/lib/python3.12/site-packages/airflow/example_dags/example_branch_python_dop_operator_3.py
[2025-11-07T14:26:01.180+0000] {logging_mixin.py:190} INFO - [2025-11-07T14:26:01.180+0000] {dag.py:3239} INFO - Sync 1 DAGs
[2025-11-07T14:26:01.198+0000] {logging_mixin.py:190} INFO - [2025-11-07T14:26:01.198+0000] {dag.py:4180} INFO - Setting next_dagrun for example_branch_dop_operator_v3 to 2025-11-07 14:25:00+00:00, run_after=2025-11-07 14:26:00+00:00
[2025-11-07T14:26:01.213+0000] {processor.py:208} INFO - Processing /home/airflow/.local/lib/python3.12/site-packages/airflow/example_dags/example_branch_python_dop_operator_3.py took 0.061 seconds
[2025-11-07T14:26:32.723+0000] {processor.py:186} INFO - Started process (PID=360) to work on /home/airflow/.local/lib/python3.12/site-packages/airflow/example_dags/example_branch_python_dop_operator_3.py
[2025-11-07T14:26:32.724+0000] {processor.py:914} INFO - Processing file /home/airflow/.local/lib/python3.12/site-packages/airflow/example_dags/example_branch_python_dop_operator_3.py for tasks to queue
[2025-11-07T14:26:32.726+0000] {logging_mixin.py:190} INFO - [2025-11-07T14:26:32.726+0000] {dagbag.py:588} INFO - Filling up the DagBag from /home/airflow/.local/lib/python3.12/site-packages/airflow/example_dags/example_branch_python_dop_operator_3.py
[2025-11-07T14:26:32.734+0000] {processor.py:925} INFO - DAG(s) 'example_branch_dop_operator_v3' retrieved from /home/airflow/.local/lib/python3.12/site-packages/airflow/example_dags/example_branch_python_dop_operator_3.py
[2025-11-07T14:26:32.748+0000] {logging_mixin.py:190} INFO - [2025-11-07T14:26:32.748+0000] {dag.py:3239} INFO - Sync 1 DAGs
[2025-11-07T14:26:32.771+0000] {logging_mixin.py:190} INFO - [2025-11-07T14:26:32.770+0000] {dag.py:4180} INFO - Setting next_dagrun for example_branch_dop_operator_v3 to 2025-11-07 14:25:00+00:00, run_after=2025-11-07 14:26:00+00:00
[2025-11-07T14:26:32.790+0000] {processor.py:208} INFO - Processing /home/airflow/.local/lib/python3.12/site-packages/airflow/example_dags/example_branch_python_dop_operator_3.py took 0.071 seconds
[2025-11-07T14:27:03.193+0000] {processor.py:186} INFO - Started process (PID=424) to work on /home/airflow/.local/lib/python3.12/site-packages/airflow/example_dags/example_branch_python_dop_operator_3.py
[2025-11-07T14:27:03.193+0000] {processor.py:914} INFO - Processing file /home/airflow/.local/lib/python3.12/site-packages/airflow/example_dags/example_branch_python_dop_operator_3.py for tasks to queue
[2025-11-07T14:27:03.194+0000] {logging_mixin.py:190} INFO - [2025-11-07T14:27:03.194+0000] {dagbag.py:588} INFO - Filling up the DagBag from /home/airflow/.local/lib/python3.12/site-packages/airflow/example_dags/example_branch_python_dop_operator_3.py
[2025-11-07T14:27:03.200+0000] {processor.py:925} INFO - DAG(s) 'example_branch_dop_operator_v3' retrieved from /home/airflow/.local/lib/python3.12/site-packages/airflow/example_dags/example_branch_python_dop_operator_3.py
[2025-11-07T14:27:03.213+0000] {logging_mixin.py:190} INFO - [2025-11-07T14:27:03.213+0000] {dag.py:3239} INFO - Sync 1 DAGs
[2025-11-07T14:27:03.228+0000] {logging_mixin.py:190} INFO - [2025-11-07T14:27:03.227+0000] {dag.py:4180} INFO - Setting next_dagrun for example_branch_dop_operator_v3 to 2025-11-07 14:26:00+00:00, run_after=2025-11-07 14:27:00+00:00
[2025-11-07T14:27:03.239+0000] {processor.py:208} INFO - Processing /home/airflow/.local/lib/python3.12/site-packages/airflow/example_dags/example_branch_python_dop_operator_3.py took 0.050 seconds
[2025-11-07T14:27:34.533+0000] {processor.py:186} INFO - Started process (PID=487) to work on /home/airflow/.local/lib/python3.12/site-packages/airflow/example_dags/example_branch_python_dop_operator_3.py
[2025-11-07T14:27:34.535+0000] {processor.py:914} INFO - Processing file /home/airflow/.local/lib/python3.12/site-packages/airflow/example_dags/example_branch_python_dop_operator_3.py for tasks to queue
[2025-11-07T14:27:34.537+0000] {logging_mixin.py:190} INFO - [2025-11-07T14:27:34.537+0000] {dagbag.py:588} INFO - Filling up the DagBag from /home/airflow/.local/lib/python3.12/site-packages/airflow/example_dags/example_branch_python_dop_operator_3.py
[2025-11-07T14:27:34.552+0000] {processor.py:925} INFO - DAG(s) 'example_branch_dop_operator_v3' retrieved from /home/airflow/.local/lib/python3.12/site-packages/airflow/example_dags/example_branch_python_dop_operator_3.py
[2025-11-07T14:27:34.582+0000] {logging_mixin.py:190} INFO - [2025-11-07T14:27:34.581+0000] {dag.py:3239} INFO - Sync 1 DAGs
[2025-11-07T14:27:34.624+0000] {logging_mixin.py:190} INFO - [2025-11-07T14:27:34.624+0000] {dag.py:4180} INFO - Setting next_dagrun for example_branch_dop_operator_v3 to 2025-11-07 14:26:00+00:00, run_after=2025-11-07 14:27:00+00:00
[2025-11-07T14:27:34.649+0000] {processor.py:208} INFO - Processing /home/airflow/.local/lib/python3.12/site-packages/airflow/example_dags/example_branch_python_dop_operator_3.py took 0.124 seconds
[2025-11-07T14:28:06.275+0000] {processor.py:186} INFO - Started process (PID=552) to work on /home/airflow/.local/lib/python3.12/site-packages/airflow/example_dags/example_branch_python_dop_operator_3.py
[2025-11-07T14:28:06.275+0000] {processor.py:914} INFO - Processing file /home/airflow/.local/lib/python3.12/site-packages/airflow/example_dags/example_branch_python_dop_operator_3.py for tasks to queue
[2025-11-07T14:28:06.276+0000] {logging_mixin.py:190} INFO - [2025-11-07T14:28:06.276+0000] {dagbag.py:588} INFO - Filling up the DagBag from /home/airflow/.local/lib/python3.12/site-packages/airflow/example_dags/example_branch_python_dop_operator_3.py
[2025-11-07T14:28:06.283+0000] {processor.py:925} INFO - DAG(s) 'example_branch_dop_operator_v3' retrieved from /home/airflow/.local/lib/python3.12/site-packages/airflow/example_dags/example_branch_python_dop_operator_3.py
[2025-11-07T14:28:06.296+0000] {logging_mixin.py:190} INFO - [2025-11-07T14:28:06.296+0000] {dag.py:3239} INFO - Sync 1 DAGs
[2025-11-07T14:28:06.311+0000] {logging_mixin.py:190} INFO - [2025-11-07T14:28:06.310+0000] {dag.py:4180} INFO - Setting next_dagrun for example_branch_dop_operator_v3 to 2025-11-07 14:27:00+00:00, run_after=2025-11-07 14:28:00+00:00
[2025-11-07T14:28:06.323+0000] {processor.py:208} INFO - Processing /home/airflow/.local/lib/python3.12/site-packages/airflow/example_dags/example_branch_python_dop_operator_3.py took 0.051 seconds
[2025-11-07T14:28:37.075+0000] {processor.py:186} INFO - Started process (PID=616) to work on /home/airflow/.local/lib/python3.12/site-packages/airflow/example_dags/example_branch_python_dop_operator_3.py
[2025-11-07T14:28:37.077+0000] {processor.py:914} INFO - Processing file /home/airflow/.local/lib/python3.12/site-packages/airflow/example_dags/example_branch_python_dop_operator_3.py for tasks to queue
[2025-11-07T14:28:37.078+0000] {logging_mixin.py:190} INFO - [2025-11-07T14:28:37.078+0000] {dagbag.py:588} INFO - Filling up the DagBag from /home/airflow/.local/lib/python3.12/site-packages/airflow/example_dags/example_branch_python_dop_operator_3.py
[2025-11-07T14:28:37.085+0000] {processor.py:925} INFO - DAG(s) 'example_branch_dop_operator_v3' retrieved from /home/airflow/.local/lib/python3.12/site-packages/airflow/example_dags/example_branch_python_dop_operator_3.py
[2025-11-07T14:28:37.096+0000] {logging_mixin.py:190} INFO - [2025-11-07T14:28:37.096+0000] {dag.py:3239} INFO - Sync 1 DAGs
[2025-11-07T14:28:37.112+0000] {logging_mixin.py:190} INFO - [2025-11-07T14:28:37.112+0000] {dag.py:4180} INFO - Setting next_dagrun for example_branch_dop_operator_v3 to 2025-11-07 14:27:00+00:00, run_after=2025-11-07 14:28:00+00:00
[2025-11-07T14:28:37.124+0000] {processor.py:208} INFO - Processing /home/airflow/.local/lib/python3.12/site-packages/airflow/example_dags/example_branch_python_dop_operator_3.py took 0.053 seconds
[2025-11-07T14:29:07.186+0000] {processor.py:186} INFO - Started process (PID=679) to work on /home/airflow/.local/lib/python3.12/site-packages/airflow/example_dags/example_branch_python_dop_operator_3.py
[2025-11-07T14:29:07.188+0000] {processor.py:914} INFO - Processing file /home/airflow/.local/lib/python3.12/site-packages/airflow/example_dags/example_branch_python_dop_operator_3.py for tasks to queue
[2025-11-07T14:29:07.190+0000] {logging_mixin.py:190} INFO - [2025-11-07T14:29:07.190+0000] {dagbag.py:588} INFO - Filling up the DagBag from /home/airflow/.local/lib/python3.12/site-packages/airflow/example_dags/example_branch_python_dop_operator_3.py
[2025-11-07T14:29:07.201+0000] {processor.py:925} INFO - DAG(s) 'example_branch_dop_operator_v3' retrieved from /home/airflow/.local/lib/python3.12/site-packages/airflow/example_dags/example_branch_python_dop_operator_3.py
[2025-11-07T14:29:07.215+0000] {logging_mixin.py:190} INFO - [2025-11-07T14:29:07.215+0000] {dag.py:3239} INFO - Sync 1 DAGs
[2025-11-07T14:29:07.232+0000] {logging_mixin.py:190} INFO - [2025-11-07T14:29:07.231+0000] {dag.py:4180} INFO - Setting next_dagrun for example_branch_dop_operator_v3 to 2025-11-07 14:28:00+00:00, run_after=2025-11-07 14:29:00+00:00
[2025-11-07T14:29:07.259+0000] {processor.py:208} INFO - Processing /home/airflow/.local/lib/python3.12/site-packages/airflow/example_dags/example_branch_python_dop_operator_3.py took 0.084 seconds
[2025-11-07T14:29:38.757+0000] {processor.py:186} INFO - Started process (PID=743) to work on /home/airflow/.local/lib/python3.12/site-packages/airflow/example_dags/example_branch_python_dop_operator_3.py
[2025-11-07T14:29:38.758+0000] {processor.py:914} INFO - Processing file /home/airflow/.local/lib/python3.12/site-packages/airflow/example_dags/example_branch_python_dop_operator_3.py for tasks to queue
[2025-11-07T14:29:38.760+0000] {logging_mixin.py:190} INFO - [2025-11-07T14:29:38.760+0000] {dagbag.py:588} INFO - Filling up the DagBag from /home/airflow/.local/lib/python3.12/site-packages/airflow/example_dags/example_branch_python_dop_operator_3.py
[2025-11-07T14:29:38.775+0000] {processor.py:925} INFO - DAG(s) 'example_branch_dop_operator_v3' retrieved from /home/airflow/.local/lib/python3.12/site-packages/airflow/example_dags/example_branch_python_dop_operator_3.py
[2025-11-07T14:29:38.801+0000] {logging_mixin.py:190} INFO - [2025-11-07T14:29:38.800+0000] {dag.py:3239} INFO - Sync 1 DAGs
[2025-11-07T14:29:38.838+0000] {logging_mixin.py:190} INFO - [2025-11-07T14:29:38.838+0000] {dag.py:4180} INFO - Setting next_dagrun for example_branch_dop_operator_v3 to 2025-11-07 14:28:00+00:00, run_after=2025-11-07 14:29:00+00:00
[2025-11-07T14:29:38.865+0000] {processor.py:208} INFO - Processing /home/airflow/.local/lib/python3.12/site-packages/airflow/example_dags/example_branch_python_dop_operator_3.py took 0.114 seconds
[2025-11-07T14:30:10.268+0000] {processor.py:186} INFO - Started process (PID=808) to work on /home/airflow/.local/lib/python3.12/site-packages/airflow/example_dags/example_branch_python_dop_operator_3.py
[2025-11-07T14:30:10.270+0000] {processor.py:914} INFO - Processing file /home/airflow/.local/lib/python3.12/site-packages/airflow/example_dags/example_branch_python_dop_operator_3.py for tasks to queue
[2025-11-07T14:30:10.271+0000] {logging_mixin.py:190} INFO - [2025-11-07T14:30:10.271+0000] {dagbag.py:588} INFO - Filling up the DagBag from /home/airflow/.local/lib/python3.12/site-packages/airflow/example_dags/example_branch_python_dop_operator_3.py
[2025-11-07T14:30:10.277+0000] {processor.py:925} INFO - DAG(s) 'example_branch_dop_operator_v3' retrieved from /home/airflow/.local/lib/python3.12/site-packages/airflow/example_dags/example_branch_python_dop_operator_3.py
[2025-11-07T14:30:10.289+0000] {logging_mixin.py:190} INFO - [2025-11-07T14:30:10.289+0000] {dag.py:3239} INFO - Sync 1 DAGs
[2025-11-07T14:30:10.304+0000] {logging_mixin.py:190} INFO - [2025-11-07T14:30:10.303+0000] {dag.py:4180} INFO - Setting next_dagrun for example_branch_dop_operator_v3 to 2025-11-07 14:29:00+00:00, run_after=2025-11-07 14:30:00+00:00
[2025-11-07T14:30:10.319+0000] {processor.py:208} INFO - Processing /home/airflow/.local/lib/python3.12/site-packages/airflow/example_dags/example_branch_python_dop_operator_3.py took 0.055 seconds
[2025-11-07T14:30:40.403+0000] {processor.py:186} INFO - Started process (PID=871) to work on /home/airflow/.local/lib/python3.12/site-packages/airflow/example_dags/example_branch_python_dop_operator_3.py
[2025-11-07T14:30:40.404+0000] {processor.py:914} INFO - Processing file /home/airflow/.local/lib/python3.12/site-packages/airflow/example_dags/example_branch_python_dop_operator_3.py for tasks to queue
[2025-11-07T14:30:40.406+0000] {logging_mixin.py:190} INFO - [2025-11-07T14:30:40.406+0000] {dagbag.py:588} INFO - Filling up the DagBag from /home/airflow/.local/lib/python3.12/site-packages/airflow/example_dags/example_branch_python_dop_operator_3.py
[2025-11-07T14:30:40.422+0000] {processor.py:925} INFO - DAG(s) 'example_branch_dop_operator_v3' retrieved from /home/airflow/.local/lib/python3.12/site-packages/airflow/example_dags/example_branch_python_dop_operator_3.py
[2025-11-07T14:30:40.444+0000] {logging_mixin.py:190} INFO - [2025-11-07T14:30:40.443+0000] {dag.py:3239} INFO - Sync 1 DAGs
[2025-11-07T14:30:40.468+0000] {logging_mixin.py:190} INFO - [2025-11-07T14:30:40.468+0000] {dag.py:4180} INFO - Setting next_dagrun for example_branch_dop_operator_v3 to 2025-11-07 14:29:00+00:00, run_after=2025-11-07 14:30:00+00:00
[2025-11-07T14:30:40.484+0000] {processor.py:208} INFO - Processing /home/airflow/.local/lib/python3.12/site-packages/airflow/example_dags/example_branch_python_dop_operator_3.py took 0.087 seconds
[2025-11-07T14:31:11.155+0000] {processor.py:186} INFO - Started process (PID=935) to work on /home/airflow/.local/lib/python3.12/site-packages/airflow/example_dags/example_branch_python_dop_operator_3.py
[2025-11-07T14:31:11.156+0000] {processor.py:914} INFO - Processing file /home/airflow/.local/lib/python3.12/site-packages/airflow/example_dags/example_branch_python_dop_operator_3.py for tasks to queue
[2025-11-07T14:31:11.158+0000] {logging_mixin.py:190} INFO - [2025-11-07T14:31:11.158+0000] {dagbag.py:588} INFO - Filling up the DagBag from /home/airflow/.local/lib/python3.12/site-packages/airflow/example_dags/example_branch_python_dop_operator_3.py
[2025-11-07T14:31:11.167+0000] {processor.py:925} INFO - DAG(s) 'example_branch_dop_operator_v3' retrieved from /home/airflow/.local/lib/python3.12/site-packages/airflow/example_dags/example_branch_python_dop_operator_3.py
[2025-11-07T14:31:11.190+0000] {logging_mixin.py:190} INFO - [2025-11-07T14:31:11.190+0000] {dag.py:3239} INFO - Sync 1 DAGs
[2025-11-07T14:31:11.212+0000] {logging_mixin.py:190} INFO - [2025-11-07T14:31:11.212+0000] {dag.py:4180} INFO - Setting next_dagrun for example_branch_dop_operator_v3 to 2025-11-07 14:30:00+00:00, run_after=2025-11-07 14:31:00+00:00
[2025-11-07T14:31:11.226+0000] {processor.py:208} INFO - Processing /home/airflow/.local/lib/python3.12/site-packages/airflow/example_dags/example_branch_python_dop_operator_3.py took 0.077 seconds
[2025-11-07T14:31:42.183+0000] {processor.py:186} INFO - Started process (PID=999) to work on /home/airflow/.local/lib/python3.12/site-packages/airflow/example_dags/example_branch_python_dop_operator_3.py
[2025-11-07T14:31:42.184+0000] {processor.py:914} INFO - Processing file /home/airflow/.local/lib/python3.12/site-packages/airflow/example_dags/example_branch_python_dop_operator_3.py for tasks to queue
[2025-11-07T14:31:42.185+0000] {logging_mixin.py:190} INFO - [2025-11-07T14:31:42.185+0000] {dagbag.py:588} INFO - Filling up the DagBag from /home/airflow/.local/lib/python3.12/site-packages/airflow/example_dags/example_branch_python_dop_operator_3.py
[2025-11-07T14:31:42.192+0000] {processor.py:925} INFO - DAG(s) 'example_branch_dop_operator_v3' retrieved from /home/airflow/.local/lib/python3.12/site-packages/airflow/example_dags/example_branch_python_dop_operator_3.py
[2025-11-07T14:31:42.212+0000] {logging_mixin.py:190} INFO - [2025-11-07T14:31:42.211+0000] {dag.py:3239} INFO - Sync 1 DAGs
[2025-11-07T14:31:42.238+0000] {logging_mixin.py:190} INFO - [2025-11-07T14:31:42.238+0000] {dag.py:4180} INFO - Setting next_dagrun for example_branch_dop_operator_v3 to 2025-11-07 14:30:00+00:00, run_after=2025-11-07 14:31:00+00:00
[2025-11-07T14:31:42.262+0000] {processor.py:208} INFO - Processing /home/airflow/.local/lib/python3.12/site-packages/airflow/example_dags/example_branch_python_dop_operator_3.py took 0.082 seconds
[2025-11-07T14:32:12.902+0000] {processor.py:186} INFO - Started process (PID=1063) to work on /home/airflow/.local/lib/python3.12/site-packages/airflow/example_dags/example_branch_python_dop_operator_3.py
[2025-11-07T14:32:12.903+0000] {processor.py:914} INFO - Processing file /home/airflow/.local/lib/python3.12/site-packages/airflow/example_dags/example_branch_python_dop_operator_3.py for tasks to queue
[2025-11-07T14:32:12.905+0000] {logging_mixin.py:190} INFO - [2025-11-07T14:32:12.905+0000] {dagbag.py:588} INFO - Filling up the DagBag from /home/airflow/.local/lib/python3.12/site-packages/airflow/example_dags/example_branch_python_dop_operator_3.py
[2025-11-07T14:32:12.916+0000] {processor.py:925} INFO - DAG(s) 'example_branch_dop_operator_v3' retrieved from /home/airflow/.local/lib/python3.12/site-packages/airflow/example_dags/example_branch_python_dop_operator_3.py
[2025-11-07T14:32:12.935+0000] {logging_mixin.py:190} INFO - [2025-11-07T14:32:12.935+0000] {dag.py:3239} INFO - Sync 1 DAGs
[2025-11-07T14:32:12.953+0000] {logging_mixin.py:190} INFO - [2025-11-07T14:32:12.952+0000] {dag.py:4180} INFO - Setting next_dagrun for example_branch_dop_operator_v3 to 2025-11-07 14:31:00+00:00, run_after=2025-11-07 14:32:00+00:00
[2025-11-07T14:32:12.964+0000] {processor.py:208} INFO - Processing /home/airflow/.local/lib/python3.12/site-packages/airflow/example_dags/example_branch_python_dop_operator_3.py took 0.066 seconds
[2025-11-07T14:32:44.197+0000] {processor.py:186} INFO - Started process (PID=1127) to work on /home/airflow/.local/lib/python3.12/site-packages/airflow/example_dags/example_branch_python_dop_operator_3.py
[2025-11-07T14:32:44.199+0000] {processor.py:914} INFO - Processing file /home/airflow/.local/lib/python3.12/site-packages/airflow/example_dags/example_branch_python_dop_operator_3.py for tasks to queue
[2025-11-07T14:32:44.201+0000] {logging_mixin.py:190} INFO - [2025-11-07T14:32:44.200+0000] {dagbag.py:588} INFO - Filling up the DagBag from /home/airflow/.local/lib/python3.12/site-packages/airflow/example_dags/example_branch_python_dop_operator_3.py
[2025-11-07T14:32:44.211+0000] {processor.py:925} INFO - DAG(s) 'example_branch_dop_operator_v3' retrieved from /home/airflow/.local/lib/python3.12/site-packages/airflow/example_dags/example_branch_python_dop_operator_3.py
[2025-11-07T14:32:44.242+0000] {logging_mixin.py:190} INFO - [2025-11-07T14:32:44.241+0000] {dag.py:3239} INFO - Sync 1 DAGs
[2025-11-07T14:32:44.273+0000] {logging_mixin.py:190} INFO - [2025-11-07T14:32:44.273+0000] {dag.py:4180} INFO - Setting next_dagrun for example_branch_dop_operator_v3 to 2025-11-07 14:31:00+00:00, run_after=2025-11-07 14:32:00+00:00
[2025-11-07T14:32:44.292+0000] {processor.py:208} INFO - Processing /home/airflow/.local/lib/python3.12/site-packages/airflow/example_dags/example_branch_python_dop_operator_3.py took 0.098 seconds
[2025-11-07T14:33:15.855+0000] {processor.py:186} INFO - Started process (PID=1192) to work on /home/airflow/.local/lib/python3.12/site-packages/airflow/example_dags/example_branch_python_dop_operator_3.py
[2025-11-07T14:33:15.855+0000] {processor.py:914} INFO - Processing file /home/airflow/.local/lib/python3.12/site-packages/airflow/example_dags/example_branch_python_dop_operator_3.py for tasks to queue
[2025-11-07T14:33:15.857+0000] {logging_mixin.py:190} INFO - [2025-11-07T14:33:15.856+0000] {dagbag.py:588} INFO - Filling up the DagBag from /home/airflow/.local/lib/python3.12/site-packages/airflow/example_dags/example_branch_python_dop_operator_3.py
[2025-11-07T14:33:15.863+0000] {processor.py:925} INFO - DAG(s) 'example_branch_dop_operator_v3' retrieved from /home/airflow/.local/lib/python3.12/site-packages/airflow/example_dags/example_branch_python_dop_operator_3.py
[2025-11-07T14:33:15.879+0000] {logging_mixin.py:190} INFO - [2025-11-07T14:33:15.878+0000] {dag.py:3239} INFO - Sync 1 DAGs
[2025-11-07T14:33:15.894+0000] {logging_mixin.py:190} INFO - [2025-11-07T14:33:15.893+0000] {dag.py:4180} INFO - Setting next_dagrun for example_branch_dop_operator_v3 to 2025-11-07 14:32:00+00:00, run_after=2025-11-07 14:33:00+00:00
[2025-11-07T14:33:15.906+0000] {processor.py:208} INFO - Processing /home/airflow/.local/lib/python3.12/site-packages/airflow/example_dags/example_branch_python_dop_operator_3.py took 0.055 seconds
[2025-11-07T14:33:47.821+0000] {processor.py:186} INFO - Started process (PID=1256) to work on /home/airflow/.local/lib/python3.12/site-packages/airflow/example_dags/example_branch_python_dop_operator_3.py
[2025-11-07T14:33:47.822+0000] {processor.py:914} INFO - Processing file /home/airflow/.local/lib/python3.12/site-packages/airflow/example_dags/example_branch_python_dop_operator_3.py for tasks to queue
[2025-11-07T14:33:47.824+0000] {logging_mixin.py:190} INFO - [2025-11-07T14:33:47.824+0000] {dagbag.py:588} INFO - Filling up the DagBag from /home/airflow/.local/lib/python3.12/site-packages/airflow/example_dags/example_branch_python_dop_operator_3.py
[2025-11-07T14:33:47.834+0000] {processor.py:925} INFO - DAG(s) 'example_branch_dop_operator_v3' retrieved from /home/airflow/.local/lib/python3.12/site-packages/airflow/example_dags/example_branch_python_dop_operator_3.py
[2025-11-07T14:33:47.855+0000] {logging_mixin.py:190} INFO - [2025-11-07T14:33:47.855+0000] {dag.py:3239} INFO - Sync 1 DAGs
[2025-11-07T14:33:47.874+0000] {logging_mixin.py:190} INFO - [2025-11-07T14:33:47.874+0000] {dag.py:4180} INFO - Setting next_dagrun for example_branch_dop_operator_v3 to 2025-11-07 14:32:00+00:00, run_after=2025-11-07 14:33:00+00:00
[2025-11-07T14:33:47.888+0000] {processor.py:208} INFO - Processing /home/airflow/.local/lib/python3.12/site-packages/airflow/example_dags/example_branch_python_dop_operator_3.py took 0.071 seconds
[2025-11-07T14:34:18.212+0000] {processor.py:186} INFO - Started process (PID=1320) to work on /home/airflow/.local/lib/python3.12/site-packages/airflow/example_dags/example_branch_python_dop_operator_3.py
[2025-11-07T14:34:18.213+0000] {processor.py:914} INFO - Processing file /home/airflow/.local/lib/python3.12/site-packages/airflow/example_dags/example_branch_python_dop_operator_3.py for tasks to queue
[2025-11-07T14:34:18.214+0000] {logging_mixin.py:190} INFO - [2025-11-07T14:34:18.214+0000] {dagbag.py:588} INFO - Filling up the DagBag from /home/airflow/.local/lib/python3.12/site-packages/airflow/example_dags/example_branch_python_dop_operator_3.py
[2025-11-07T14:34:18.219+0000] {processor.py:925} INFO - DAG(s) 'example_branch_dop_operator_v3' retrieved from /home/airflow/.local/lib/python3.12/site-packages/airflow/example_dags/example_branch_python_dop_operator_3.py
[2025-11-07T14:34:18.234+0000] {logging_mixin.py:190} INFO - [2025-11-07T14:34:18.234+0000] {dag.py:3239} INFO - Sync 1 DAGs
[2025-11-07T14:34:18.251+0000] {logging_mixin.py:190} INFO - [2025-11-07T14:34:18.251+0000] {dag.py:4180} INFO - Setting next_dagrun for example_branch_dop_operator_v3 to 2025-11-07 14:33:00+00:00, run_after=2025-11-07 14:34:00+00:00
[2025-11-07T14:34:18.270+0000] {processor.py:208} INFO - Processing /home/airflow/.local/lib/python3.12/site-packages/airflow/example_dags/example_branch_python_dop_operator_3.py took 0.061 seconds
[2025-11-07T14:34:48.892+0000] {processor.py:186} INFO - Started process (PID=1384) to work on /home/airflow/.local/lib/python3.12/site-packages/airflow/example_dags/example_branch_python_dop_operator_3.py
[2025-11-07T14:34:48.894+0000] {processor.py:914} INFO - Processing file /home/airflow/.local/lib/python3.12/site-packages/airflow/example_dags/example_branch_python_dop_operator_3.py for tasks to queue
[2025-11-07T14:34:48.895+0000] {logging_mixin.py:190} INFO - [2025-11-07T14:34:48.895+0000] {dagbag.py:588} INFO - Filling up the DagBag from /home/airflow/.local/lib/python3.12/site-packages/airflow/example_dags/example_branch_python_dop_operator_3.py
[2025-11-07T14:34:48.902+0000] {processor.py:925} INFO - DAG(s) 'example_branch_dop_operator_v3' retrieved from /home/airflow/.local/lib/python3.12/site-packages/airflow/example_dags/example_branch_python_dop_operator_3.py
[2025-11-07T14:34:48.919+0000] {logging_mixin.py:190} INFO - [2025-11-07T14:34:48.919+0000] {dag.py:3239} INFO - Sync 1 DAGs
[2025-11-07T14:34:48.935+0000] {logging_mixin.py:190} INFO - [2025-11-07T14:34:48.935+0000] {dag.py:4180} INFO - Setting next_dagrun for example_branch_dop_operator_v3 to 2025-11-07 14:33:00+00:00, run_after=2025-11-07 14:34:00+00:00
[2025-11-07T14:34:48.947+0000] {processor.py:208} INFO - Processing /home/airflow/.local/lib/python3.12/site-packages/airflow/example_dags/example_branch_python_dop_operator_3.py took 0.060 seconds
[2025-11-07T14:35:19.240+0000] {processor.py:186} INFO - Started process (PID=1447) to work on /home/airflow/.local/lib/python3.12/site-packages/airflow/example_dags/example_branch_python_dop_operator_3.py
[2025-11-07T14:35:19.241+0000] {processor.py:914} INFO - Processing file /home/airflow/.local/lib/python3.12/site-packages/airflow/example_dags/example_branch_python_dop_operator_3.py for tasks to queue
[2025-11-07T14:35:19.244+0000] {logging_mixin.py:190} INFO - [2025-11-07T14:35:19.244+0000] {dagbag.py:588} INFO - Filling up the DagBag from /home/airflow/.local/lib/python3.12/site-packages/airflow/example_dags/example_branch_python_dop_operator_3.py
[2025-11-07T14:35:19.260+0000] {processor.py:925} INFO - DAG(s) 'example_branch_dop_operator_v3' retrieved from /home/airflow/.local/lib/python3.12/site-packages/airflow/example_dags/example_branch_python_dop_operator_3.py
[2025-11-07T14:35:19.287+0000] {logging_mixin.py:190} INFO - [2025-11-07T14:35:19.287+0000] {dag.py:3239} INFO - Sync 1 DAGs
[2025-11-07T14:35:19.321+0000] {logging_mixin.py:190} INFO - [2025-11-07T14:35:19.320+0000] {dag.py:4180} INFO - Setting next_dagrun for example_branch_dop_operator_v3 to 2025-11-07 14:34:00+00:00, run_after=2025-11-07 14:35:00+00:00
[2025-11-07T14:35:19.345+0000] {processor.py:208} INFO - Processing /home/airflow/.local/lib/python3.12/site-packages/airflow/example_dags/example_branch_python_dop_operator_3.py took 0.113 seconds
[2025-11-07T14:35:50.789+0000] {processor.py:186} INFO - Started process (PID=1512) to work on /home/airflow/.local/lib/python3.12/site-packages/airflow/example_dags/example_branch_python_dop_operator_3.py
[2025-11-07T14:35:50.791+0000] {processor.py:914} INFO - Processing file /home/airflow/.local/lib/python3.12/site-packages/airflow/example_dags/example_branch_python_dop_operator_3.py for tasks to queue
[2025-11-07T14:35:50.792+0000] {logging_mixin.py:190} INFO - [2025-11-07T14:35:50.792+0000] {dagbag.py:588} INFO - Filling up the DagBag from /home/airflow/.local/lib/python3.12/site-packages/airflow/example_dags/example_branch_python_dop_operator_3.py
[2025-11-07T14:35:50.798+0000] {processor.py:925} INFO - DAG(s) 'example_branch_dop_operator_v3' retrieved from /home/airflow/.local/lib/python3.12/site-packages/airflow/example_dags/example_branch_python_dop_operator_3.py
[2025-11-07T14:35:50.810+0000] {logging_mixin.py:190} INFO - [2025-11-07T14:35:50.810+0000] {dag.py:3239} INFO - Sync 1 DAGs
[2025-11-07T14:35:50.830+0000] {logging_mixin.py:190} INFO - [2025-11-07T14:35:50.830+0000] {dag.py:4180} INFO - Setting next_dagrun for example_branch_dop_operator_v3 to 2025-11-07 14:34:00+00:00, run_after=2025-11-07 14:35:00+00:00
[2025-11-07T14:35:50.846+0000] {processor.py:208} INFO - Processing /home/airflow/.local/lib/python3.12/site-packages/airflow/example_dags/example_branch_python_dop_operator_3.py took 0.061 seconds
[2025-11-07T14:36:22.415+0000] {processor.py:186} INFO - Started process (PID=1576) to work on /home/airflow/.local/lib/python3.12/site-packages/airflow/example_dags/example_branch_python_dop_operator_3.py
[2025-11-07T14:36:22.415+0000] {processor.py:914} INFO - Processing file /home/airflow/.local/lib/python3.12/site-packages/airflow/example_dags/example_branch_python_dop_operator_3.py for tasks to queue
[2025-11-07T14:36:22.416+0000] {logging_mixin.py:190} INFO - [2025-11-07T14:36:22.416+0000] {dagbag.py:588} INFO - Filling up the DagBag from /home/airflow/.local/lib/python3.12/site-packages/airflow/example_dags/example_branch_python_dop_operator_3.py
[2025-11-07T14:36:22.423+0000] {processor.py:925} INFO - DAG(s) 'example_branch_dop_operator_v3' retrieved from /home/airflow/.local/lib/python3.12/site-packages/airflow/example_dags/example_branch_python_dop_operator_3.py
[2025-11-07T14:36:22.437+0000] {logging_mixin.py:190} INFO - [2025-11-07T14:36:22.437+0000] {dag.py:3239} INFO - Sync 1 DAGs
[2025-11-07T14:36:22.452+0000] {logging_mixin.py:190} INFO - [2025-11-07T14:36:22.452+0000] {dag.py:4180} INFO - Setting next_dagrun for example_branch_dop_operator_v3 to 2025-11-07 14:35:00+00:00, run_after=2025-11-07 14:36:00+00:00
[2025-11-07T14:36:22.467+0000] {processor.py:208} INFO - Processing /home/airflow/.local/lib/python3.12/site-packages/airflow/example_dags/example_branch_python_dop_operator_3.py took 0.057 seconds
[2025-11-07T14:36:52.927+0000] {processor.py:186} INFO - Started process (PID=1639) to work on /home/airflow/.local/lib/python3.12/site-packages/airflow/example_dags/example_branch_python_dop_operator_3.py
[2025-11-07T14:36:52.928+0000] {processor.py:914} INFO - Processing file /home/airflow/.local/lib/python3.12/site-packages/airflow/example_dags/example_branch_python_dop_operator_3.py for tasks to queue
[2025-11-07T14:36:52.929+0000] {logging_mixin.py:190} INFO - [2025-11-07T14:36:52.929+0000] {dagbag.py:588} INFO - Filling up the DagBag from /home/airflow/.local/lib/python3.12/site-packages/airflow/example_dags/example_branch_python_dop_operator_3.py
[2025-11-07T14:36:52.936+0000] {processor.py:925} INFO - DAG(s) 'example_branch_dop_operator_v3' retrieved from /home/airflow/.local/lib/python3.12/site-packages/airflow/example_dags/example_branch_python_dop_operator_3.py
[2025-11-07T14:36:52.958+0000] {logging_mixin.py:190} INFO - [2025-11-07T14:36:52.958+0000] {dag.py:3239} INFO - Sync 1 DAGs
[2025-11-07T14:36:52.976+0000] {logging_mixin.py:190} INFO - [2025-11-07T14:36:52.975+0000] {dag.py:4180} INFO - Setting next_dagrun for example_branch_dop_operator_v3 to 2025-11-07 14:35:00+00:00, run_after=2025-11-07 14:36:00+00:00
[2025-11-07T14:36:52.987+0000] {processor.py:208} INFO - Processing /home/airflow/.local/lib/python3.12/site-packages/airflow/example_dags/example_branch_python_dop_operator_3.py took 0.064 seconds
[2025-11-07T14:37:24.243+0000] {processor.py:186} INFO - Started process (PID=1704) to work on /home/airflow/.local/lib/python3.12/site-packages/airflow/example_dags/example_branch_python_dop_operator_3.py
[2025-11-07T14:37:24.244+0000] {processor.py:914} INFO - Processing file /home/airflow/.local/lib/python3.12/site-packages/airflow/example_dags/example_branch_python_dop_operator_3.py for tasks to queue
[2025-11-07T14:37:24.245+0000] {logging_mixin.py:190} INFO - [2025-11-07T14:37:24.245+0000] {dagbag.py:588} INFO - Filling up the DagBag from /home/airflow/.local/lib/python3.12/site-packages/airflow/example_dags/example_branch_python_dop_operator_3.py
[2025-11-07T14:37:24.251+0000] {processor.py:925} INFO - DAG(s) 'example_branch_dop_operator_v3' retrieved from /home/airflow/.local/lib/python3.12/site-packages/airflow/example_dags/example_branch_python_dop_operator_3.py
[2025-11-07T14:37:24.263+0000] {logging_mixin.py:190} INFO - [2025-11-07T14:37:24.263+0000] {dag.py:3239} INFO - Sync 1 DAGs
[2025-11-07T14:37:24.278+0000] {logging_mixin.py:190} INFO - [2025-11-07T14:37:24.278+0000] {dag.py:4180} INFO - Setting next_dagrun for example_branch_dop_operator_v3 to 2025-11-07 14:36:00+00:00, run_after=2025-11-07 14:37:00+00:00
[2025-11-07T14:37:24.291+0000] {processor.py:208} INFO - Processing /home/airflow/.local/lib/python3.12/site-packages/airflow/example_dags/example_branch_python_dop_operator_3.py took 0.053 seconds
[2025-11-07T14:37:54.757+0000] {processor.py:186} INFO - Started process (PID=1768) to work on /home/airflow/.local/lib/python3.12/site-packages/airflow/example_dags/example_branch_python_dop_operator_3.py
[2025-11-07T14:37:54.759+0000] {processor.py:914} INFO - Processing file /home/airflow/.local/lib/python3.12/site-packages/airflow/example_dags/example_branch_python_dop_operator_3.py for tasks to queue
[2025-11-07T14:37:54.760+0000] {logging_mixin.py:190} INFO - [2025-11-07T14:37:54.760+0000] {dagbag.py:588} INFO - Filling up the DagBag from /home/airflow/.local/lib/python3.12/site-packages/airflow/example_dags/example_branch_python_dop_operator_3.py
[2025-11-07T14:37:54.766+0000] {processor.py:925} INFO - DAG(s) 'example_branch_dop_operator_v3' retrieved from /home/airflow/.local/lib/python3.12/site-packages/airflow/example_dags/example_branch_python_dop_operator_3.py
[2025-11-07T14:37:54.782+0000] {logging_mixin.py:190} INFO - [2025-11-07T14:37:54.782+0000] {dag.py:3239} INFO - Sync 1 DAGs
[2025-11-07T14:37:54.798+0000] {logging_mixin.py:190} INFO - [2025-11-07T14:37:54.798+0000] {dag.py:4180} INFO - Setting next_dagrun for example_branch_dop_operator_v3 to 2025-11-07 14:36:00+00:00, run_after=2025-11-07 14:37:00+00:00
[2025-11-07T14:37:54.809+0000] {processor.py:208} INFO - Processing /home/airflow/.local/lib/python3.12/site-packages/airflow/example_dags/example_branch_python_dop_operator_3.py took 0.055 seconds
[2025-11-07T14:38:26.059+0000] {processor.py:186} INFO - Started process (PID=1832) to work on /home/airflow/.local/lib/python3.12/site-packages/airflow/example_dags/example_branch_python_dop_operator_3.py
[2025-11-07T14:38:26.061+0000] {processor.py:914} INFO - Processing file /home/airflow/.local/lib/python3.12/site-packages/airflow/example_dags/example_branch_python_dop_operator_3.py for tasks to queue
[2025-11-07T14:38:26.062+0000] {logging_mixin.py:190} INFO - [2025-11-07T14:38:26.062+0000] {dagbag.py:588} INFO - Filling up the DagBag from /home/airflow/.local/lib/python3.12/site-packages/airflow/example_dags/example_branch_python_dop_operator_3.py
[2025-11-07T14:38:26.068+0000] {processor.py:925} INFO - DAG(s) 'example_branch_dop_operator_v3' retrieved from /home/airflow/.local/lib/python3.12/site-packages/airflow/example_dags/example_branch_python_dop_operator_3.py
[2025-11-07T14:38:26.080+0000] {logging_mixin.py:190} INFO - [2025-11-07T14:38:26.080+0000] {dag.py:3239} INFO - Sync 1 DAGs
[2025-11-07T14:38:26.095+0000] {logging_mixin.py:190} INFO - [2025-11-07T14:38:26.095+0000] {dag.py:4180} INFO - Setting next_dagrun for example_branch_dop_operator_v3 to 2025-11-07 14:37:00+00:00, run_after=2025-11-07 14:38:00+00:00
[2025-11-07T14:38:26.108+0000] {processor.py:208} INFO - Processing /home/airflow/.local/lib/python3.12/site-packages/airflow/example_dags/example_branch_python_dop_operator_3.py took 0.054 seconds
[2025-11-07T14:38:57.136+0000] {processor.py:186} INFO - Started process (PID=1896) to work on /home/airflow/.local/lib/python3.12/site-packages/airflow/example_dags/example_branch_python_dop_operator_3.py
[2025-11-07T14:38:57.138+0000] {processor.py:914} INFO - Processing file /home/airflow/.local/lib/python3.12/site-packages/airflow/example_dags/example_branch_python_dop_operator_3.py for tasks to queue
[2025-11-07T14:38:57.140+0000] {logging_mixin.py:190} INFO - [2025-11-07T14:38:57.140+0000] {dagbag.py:588} INFO - Filling up the DagBag from /home/airflow/.local/lib/python3.12/site-packages/airflow/example_dags/example_branch_python_dop_operator_3.py
[2025-11-07T14:38:57.147+0000] {processor.py:925} INFO - DAG(s) 'example_branch_dop_operator_v3' retrieved from /home/airflow/.local/lib/python3.12/site-packages/airflow/example_dags/example_branch_python_dop_operator_3.py
[2025-11-07T14:38:57.162+0000] {logging_mixin.py:190} INFO - [2025-11-07T14:38:57.162+0000] {dag.py:3239} INFO - Sync 1 DAGs
[2025-11-07T14:38:57.181+0000] {logging_mixin.py:190} INFO - [2025-11-07T14:38:57.181+0000] {dag.py:4180} INFO - Setting next_dagrun for example_branch_dop_operator_v3 to 2025-11-07 14:37:00+00:00, run_after=2025-11-07 14:38:00+00:00
[2025-11-07T14:38:57.200+0000] {processor.py:208} INFO - Processing /home/airflow/.local/lib/python3.12/site-packages/airflow/example_dags/example_branch_python_dop_operator_3.py took 0.069 seconds
[2025-11-07T14:39:29.107+0000] {processor.py:186} INFO - Started process (PID=1966) to work on /home/airflow/.local/lib/python3.12/site-packages/airflow/example_dags/example_branch_python_dop_operator_3.py
[2025-11-07T14:39:29.108+0000] {processor.py:914} INFO - Processing file /home/airflow/.local/lib/python3.12/site-packages/airflow/example_dags/example_branch_python_dop_operator_3.py for tasks to queue
[2025-11-07T14:39:29.109+0000] {logging_mixin.py:190} INFO - [2025-11-07T14:39:29.109+0000] {dagbag.py:588} INFO - Filling up the DagBag from /home/airflow/.local/lib/python3.12/site-packages/airflow/example_dags/example_branch_python_dop_operator_3.py
[2025-11-07T14:39:29.115+0000] {processor.py:925} INFO - DAG(s) 'example_branch_dop_operator_v3' retrieved from /home/airflow/.local/lib/python3.12/site-packages/airflow/example_dags/example_branch_python_dop_operator_3.py
[2025-11-07T14:39:29.130+0000] {logging_mixin.py:190} INFO - [2025-11-07T14:39:29.130+0000] {dag.py:3239} INFO - Sync 1 DAGs
[2025-11-07T14:39:29.155+0000] {logging_mixin.py:190} INFO - [2025-11-07T14:39:29.155+0000] {dag.py:4180} INFO - Setting next_dagrun for example_branch_dop_operator_v3 to 2025-11-07 14:38:00+00:00, run_after=2025-11-07 14:39:00+00:00
[2025-11-07T14:39:29.173+0000] {processor.py:208} INFO - Processing /home/airflow/.local/lib/python3.12/site-packages/airflow/example_dags/example_branch_python_dop_operator_3.py took 0.069 seconds
