[2025-11-07T14:24:25.759+0000] {processor.py:186} INFO - Started process (PID=59) to work on /home/airflow/.local/lib/python3.12/site-packages/airflow/example_dags/example_nested_branch_dag.py
[2025-11-07T14:24:25.760+0000] {processor.py:914} INFO - Processing file /home/airflow/.local/lib/python3.12/site-packages/airflow/example_dags/example_nested_branch_dag.py for tasks to queue
[2025-11-07T14:24:25.761+0000] {logging_mixin.py:190} INFO - [2025-11-07T14:24:25.761+0000] {dagbag.py:588} INFO - Filling up the DagBag from /home/airflow/.local/lib/python3.12/site-packages/airflow/example_dags/example_nested_branch_dag.py
[2025-11-07T14:24:25.770+0000] {processor.py:925} INFO - DAG(s) 'example_nested_branch_dag' retrieved from /home/airflow/.local/lib/python3.12/site-packages/airflow/example_dags/example_nested_branch_dag.py
[2025-11-07T14:24:25.796+0000] {logging_mixin.py:190} INFO - [2025-11-07T14:24:25.795+0000] {dag.py:3239} INFO - Sync 1 DAGs
[2025-11-07T14:24:25.816+0000] {logging_mixin.py:190} INFO - [2025-11-07T14:24:25.815+0000] {dag.py:4180} INFO - Setting next_dagrun for example_nested_branch_dag to 2025-11-06 00:00:00+00:00, run_after=2025-11-07 00:00:00+00:00
[2025-11-07T14:24:25.838+0000] {processor.py:208} INFO - Processing /home/airflow/.local/lib/python3.12/site-packages/airflow/example_dags/example_nested_branch_dag.py took 0.084 seconds
[2025-11-07T14:24:56.133+0000] {processor.py:186} INFO - Started process (PID=129) to work on /home/airflow/.local/lib/python3.12/site-packages/airflow/example_dags/example_nested_branch_dag.py
[2025-11-07T14:24:56.134+0000] {processor.py:914} INFO - Processing file /home/airflow/.local/lib/python3.12/site-packages/airflow/example_dags/example_nested_branch_dag.py for tasks to queue
[2025-11-07T14:24:56.135+0000] {logging_mixin.py:190} INFO - [2025-11-07T14:24:56.135+0000] {dagbag.py:588} INFO - Filling up the DagBag from /home/airflow/.local/lib/python3.12/site-packages/airflow/example_dags/example_nested_branch_dag.py
[2025-11-07T14:24:56.141+0000] {processor.py:925} INFO - DAG(s) 'example_nested_branch_dag' retrieved from /home/airflow/.local/lib/python3.12/site-packages/airflow/example_dags/example_nested_branch_dag.py
[2025-11-07T14:24:56.153+0000] {logging_mixin.py:190} INFO - [2025-11-07T14:24:56.153+0000] {dag.py:3239} INFO - Sync 1 DAGs
[2025-11-07T14:24:56.168+0000] {logging_mixin.py:190} INFO - [2025-11-07T14:24:56.167+0000] {dag.py:4180} INFO - Setting next_dagrun for example_nested_branch_dag to 2025-11-06 00:00:00+00:00, run_after=2025-11-07 00:00:00+00:00
[2025-11-07T14:24:56.180+0000] {processor.py:208} INFO - Processing /home/airflow/.local/lib/python3.12/site-packages/airflow/example_dags/example_nested_branch_dag.py took 0.051 seconds
[2025-11-07T14:25:27.127+0000] {processor.py:186} INFO - Started process (PID=193) to work on /home/airflow/.local/lib/python3.12/site-packages/airflow/example_dags/example_nested_branch_dag.py
[2025-11-07T14:25:27.128+0000] {processor.py:914} INFO - Processing file /home/airflow/.local/lib/python3.12/site-packages/airflow/example_dags/example_nested_branch_dag.py for tasks to queue
[2025-11-07T14:25:27.130+0000] {logging_mixin.py:190} INFO - [2025-11-07T14:25:27.129+0000] {dagbag.py:588} INFO - Filling up the DagBag from /home/airflow/.local/lib/python3.12/site-packages/airflow/example_dags/example_nested_branch_dag.py
[2025-11-07T14:25:27.144+0000] {processor.py:925} INFO - DAG(s) 'example_nested_branch_dag' retrieved from /home/airflow/.local/lib/python3.12/site-packages/airflow/example_dags/example_nested_branch_dag.py
[2025-11-07T14:25:27.178+0000] {logging_mixin.py:190} INFO - [2025-11-07T14:25:27.177+0000] {dag.py:3239} INFO - Sync 1 DAGs
[2025-11-07T14:25:27.201+0000] {logging_mixin.py:190} INFO - [2025-11-07T14:25:27.201+0000] {dag.py:4180} INFO - Setting next_dagrun for example_nested_branch_dag to 2025-11-06 00:00:00+00:00, run_after=2025-11-07 00:00:00+00:00
[2025-11-07T14:25:27.219+0000] {processor.py:208} INFO - Processing /home/airflow/.local/lib/python3.12/site-packages/airflow/example_dags/example_nested_branch_dag.py took 0.096 seconds
[2025-11-07T14:25:58.233+0000] {processor.py:186} INFO - Started process (PID=257) to work on /home/airflow/.local/lib/python3.12/site-packages/airflow/example_dags/example_nested_branch_dag.py
[2025-11-07T14:25:58.233+0000] {processor.py:914} INFO - Processing file /home/airflow/.local/lib/python3.12/site-packages/airflow/example_dags/example_nested_branch_dag.py for tasks to queue
[2025-11-07T14:25:58.235+0000] {logging_mixin.py:190} INFO - [2025-11-07T14:25:58.234+0000] {dagbag.py:588} INFO - Filling up the DagBag from /home/airflow/.local/lib/python3.12/site-packages/airflow/example_dags/example_nested_branch_dag.py
[2025-11-07T14:25:58.241+0000] {processor.py:925} INFO - DAG(s) 'example_nested_branch_dag' retrieved from /home/airflow/.local/lib/python3.12/site-packages/airflow/example_dags/example_nested_branch_dag.py
[2025-11-07T14:25:58.254+0000] {logging_mixin.py:190} INFO - [2025-11-07T14:25:58.254+0000] {dag.py:3239} INFO - Sync 1 DAGs
[2025-11-07T14:25:58.268+0000] {logging_mixin.py:190} INFO - [2025-11-07T14:25:58.268+0000] {dag.py:4180} INFO - Setting next_dagrun for example_nested_branch_dag to 2025-11-06 00:00:00+00:00, run_after=2025-11-07 00:00:00+00:00
[2025-11-07T14:25:58.283+0000] {processor.py:208} INFO - Processing /home/airflow/.local/lib/python3.12/site-packages/airflow/example_dags/example_nested_branch_dag.py took 0.054 seconds
[2025-11-07T14:26:29.534+0000] {processor.py:186} INFO - Started process (PID=321) to work on /home/airflow/.local/lib/python3.12/site-packages/airflow/example_dags/example_nested_branch_dag.py
[2025-11-07T14:26:29.535+0000] {processor.py:914} INFO - Processing file /home/airflow/.local/lib/python3.12/site-packages/airflow/example_dags/example_nested_branch_dag.py for tasks to queue
[2025-11-07T14:26:29.538+0000] {logging_mixin.py:190} INFO - [2025-11-07T14:26:29.538+0000] {dagbag.py:588} INFO - Filling up the DagBag from /home/airflow/.local/lib/python3.12/site-packages/airflow/example_dags/example_nested_branch_dag.py
[2025-11-07T14:26:29.560+0000] {processor.py:925} INFO - DAG(s) 'example_nested_branch_dag' retrieved from /home/airflow/.local/lib/python3.12/site-packages/airflow/example_dags/example_nested_branch_dag.py
[2025-11-07T14:26:29.589+0000] {logging_mixin.py:190} INFO - [2025-11-07T14:26:29.589+0000] {dag.py:3239} INFO - Sync 1 DAGs
[2025-11-07T14:26:29.617+0000] {logging_mixin.py:190} INFO - [2025-11-07T14:26:29.617+0000] {dag.py:4180} INFO - Setting next_dagrun for example_nested_branch_dag to 2025-11-06 00:00:00+00:00, run_after=2025-11-07 00:00:00+00:00
[2025-11-07T14:26:29.641+0000] {processor.py:208} INFO - Processing /home/airflow/.local/lib/python3.12/site-packages/airflow/example_dags/example_nested_branch_dag.py took 0.112 seconds
[2025-11-07T14:27:00.531+0000] {processor.py:186} INFO - Started process (PID=385) to work on /home/airflow/.local/lib/python3.12/site-packages/airflow/example_dags/example_nested_branch_dag.py
[2025-11-07T14:27:00.533+0000] {processor.py:914} INFO - Processing file /home/airflow/.local/lib/python3.12/site-packages/airflow/example_dags/example_nested_branch_dag.py for tasks to queue
[2025-11-07T14:27:00.536+0000] {logging_mixin.py:190} INFO - [2025-11-07T14:27:00.536+0000] {dagbag.py:588} INFO - Filling up the DagBag from /home/airflow/.local/lib/python3.12/site-packages/airflow/example_dags/example_nested_branch_dag.py
[2025-11-07T14:27:00.552+0000] {processor.py:925} INFO - DAG(s) 'example_nested_branch_dag' retrieved from /home/airflow/.local/lib/python3.12/site-packages/airflow/example_dags/example_nested_branch_dag.py
[2025-11-07T14:27:00.576+0000] {logging_mixin.py:190} INFO - [2025-11-07T14:27:00.575+0000] {dag.py:3239} INFO - Sync 1 DAGs
[2025-11-07T14:27:00.599+0000] {logging_mixin.py:190} INFO - [2025-11-07T14:27:00.598+0000] {dag.py:4180} INFO - Setting next_dagrun for example_nested_branch_dag to 2025-11-06 00:00:00+00:00, run_after=2025-11-07 00:00:00+00:00
[2025-11-07T14:27:00.613+0000] {processor.py:208} INFO - Processing /home/airflow/.local/lib/python3.12/site-packages/airflow/example_dags/example_nested_branch_dag.py took 0.090 seconds
[2025-11-07T14:27:31.764+0000] {processor.py:186} INFO - Started process (PID=449) to work on /home/airflow/.local/lib/python3.12/site-packages/airflow/example_dags/example_nested_branch_dag.py
[2025-11-07T14:27:31.766+0000] {processor.py:914} INFO - Processing file /home/airflow/.local/lib/python3.12/site-packages/airflow/example_dags/example_nested_branch_dag.py for tasks to queue
[2025-11-07T14:27:31.769+0000] {logging_mixin.py:190} INFO - [2025-11-07T14:27:31.769+0000] {dagbag.py:588} INFO - Filling up the DagBag from /home/airflow/.local/lib/python3.12/site-packages/airflow/example_dags/example_nested_branch_dag.py
[2025-11-07T14:27:31.784+0000] {processor.py:925} INFO - DAG(s) 'example_nested_branch_dag' retrieved from /home/airflow/.local/lib/python3.12/site-packages/airflow/example_dags/example_nested_branch_dag.py
[2025-11-07T14:27:31.814+0000] {logging_mixin.py:190} INFO - [2025-11-07T14:27:31.813+0000] {dag.py:3239} INFO - Sync 1 DAGs
[2025-11-07T14:27:31.839+0000] {logging_mixin.py:190} INFO - [2025-11-07T14:27:31.839+0000] {dag.py:4180} INFO - Setting next_dagrun for example_nested_branch_dag to 2025-11-06 00:00:00+00:00, run_after=2025-11-07 00:00:00+00:00
[2025-11-07T14:27:31.859+0000] {processor.py:208} INFO - Processing /home/airflow/.local/lib/python3.12/site-packages/airflow/example_dags/example_nested_branch_dag.py took 0.103 seconds
[2025-11-07T14:28:03.212+0000] {processor.py:186} INFO - Started process (PID=513) to work on /home/airflow/.local/lib/python3.12/site-packages/airflow/example_dags/example_nested_branch_dag.py
[2025-11-07T14:28:03.213+0000] {processor.py:914} INFO - Processing file /home/airflow/.local/lib/python3.12/site-packages/airflow/example_dags/example_nested_branch_dag.py for tasks to queue
[2025-11-07T14:28:03.215+0000] {logging_mixin.py:190} INFO - [2025-11-07T14:28:03.215+0000] {dagbag.py:588} INFO - Filling up the DagBag from /home/airflow/.local/lib/python3.12/site-packages/airflow/example_dags/example_nested_branch_dag.py
[2025-11-07T14:28:03.224+0000] {processor.py:925} INFO - DAG(s) 'example_nested_branch_dag' retrieved from /home/airflow/.local/lib/python3.12/site-packages/airflow/example_dags/example_nested_branch_dag.py
[2025-11-07T14:28:03.253+0000] {logging_mixin.py:190} INFO - [2025-11-07T14:28:03.252+0000] {dag.py:3239} INFO - Sync 1 DAGs
[2025-11-07T14:28:03.282+0000] {logging_mixin.py:190} INFO - [2025-11-07T14:28:03.282+0000] {dag.py:4180} INFO - Setting next_dagrun for example_nested_branch_dag to 2025-11-06 00:00:00+00:00, run_after=2025-11-07 00:00:00+00:00
[2025-11-07T14:28:03.307+0000] {processor.py:208} INFO - Processing /home/airflow/.local/lib/python3.12/site-packages/airflow/example_dags/example_nested_branch_dag.py took 0.101 seconds
[2025-11-07T14:28:33.801+0000] {processor.py:186} INFO - Started process (PID=577) to work on /home/airflow/.local/lib/python3.12/site-packages/airflow/example_dags/example_nested_branch_dag.py
[2025-11-07T14:28:33.802+0000] {processor.py:914} INFO - Processing file /home/airflow/.local/lib/python3.12/site-packages/airflow/example_dags/example_nested_branch_dag.py for tasks to queue
[2025-11-07T14:28:33.804+0000] {logging_mixin.py:190} INFO - [2025-11-07T14:28:33.804+0000] {dagbag.py:588} INFO - Filling up the DagBag from /home/airflow/.local/lib/python3.12/site-packages/airflow/example_dags/example_nested_branch_dag.py
[2025-11-07T14:28:33.814+0000] {processor.py:925} INFO - DAG(s) 'example_nested_branch_dag' retrieved from /home/airflow/.local/lib/python3.12/site-packages/airflow/example_dags/example_nested_branch_dag.py
[2025-11-07T14:28:33.845+0000] {logging_mixin.py:190} INFO - [2025-11-07T14:28:33.844+0000] {dag.py:3239} INFO - Sync 1 DAGs
[2025-11-07T14:28:33.880+0000] {logging_mixin.py:190} INFO - [2025-11-07T14:28:33.880+0000] {dag.py:4180} INFO - Setting next_dagrun for example_nested_branch_dag to 2025-11-06 00:00:00+00:00, run_after=2025-11-07 00:00:00+00:00
[2025-11-07T14:28:33.902+0000] {processor.py:208} INFO - Processing /home/airflow/.local/lib/python3.12/site-packages/airflow/example_dags/example_nested_branch_dag.py took 0.107 seconds
[2025-11-07T14:29:04.572+0000] {processor.py:186} INFO - Started process (PID=641) to work on /home/airflow/.local/lib/python3.12/site-packages/airflow/example_dags/example_nested_branch_dag.py
[2025-11-07T14:29:04.573+0000] {processor.py:914} INFO - Processing file /home/airflow/.local/lib/python3.12/site-packages/airflow/example_dags/example_nested_branch_dag.py for tasks to queue
[2025-11-07T14:29:04.574+0000] {logging_mixin.py:190} INFO - [2025-11-07T14:29:04.574+0000] {dagbag.py:588} INFO - Filling up the DagBag from /home/airflow/.local/lib/python3.12/site-packages/airflow/example_dags/example_nested_branch_dag.py
[2025-11-07T14:29:04.580+0000] {processor.py:925} INFO - DAG(s) 'example_nested_branch_dag' retrieved from /home/airflow/.local/lib/python3.12/site-packages/airflow/example_dags/example_nested_branch_dag.py
[2025-11-07T14:29:04.596+0000] {logging_mixin.py:190} INFO - [2025-11-07T14:29:04.596+0000] {dag.py:3239} INFO - Sync 1 DAGs
[2025-11-07T14:29:04.618+0000] {logging_mixin.py:190} INFO - [2025-11-07T14:29:04.618+0000] {dag.py:4180} INFO - Setting next_dagrun for example_nested_branch_dag to 2025-11-06 00:00:00+00:00, run_after=2025-11-07 00:00:00+00:00
[2025-11-07T14:29:04.633+0000] {processor.py:208} INFO - Processing /home/airflow/.local/lib/python3.12/site-packages/airflow/example_dags/example_nested_branch_dag.py took 0.064 seconds
[2025-11-07T14:29:35.884+0000] {processor.py:186} INFO - Started process (PID=705) to work on /home/airflow/.local/lib/python3.12/site-packages/airflow/example_dags/example_nested_branch_dag.py
[2025-11-07T14:29:35.887+0000] {processor.py:914} INFO - Processing file /home/airflow/.local/lib/python3.12/site-packages/airflow/example_dags/example_nested_branch_dag.py for tasks to queue
[2025-11-07T14:29:35.890+0000] {logging_mixin.py:190} INFO - [2025-11-07T14:29:35.890+0000] {dagbag.py:588} INFO - Filling up the DagBag from /home/airflow/.local/lib/python3.12/site-packages/airflow/example_dags/example_nested_branch_dag.py
[2025-11-07T14:29:35.907+0000] {processor.py:925} INFO - DAG(s) 'example_nested_branch_dag' retrieved from /home/airflow/.local/lib/python3.12/site-packages/airflow/example_dags/example_nested_branch_dag.py
[2025-11-07T14:29:35.938+0000] {logging_mixin.py:190} INFO - [2025-11-07T14:29:35.937+0000] {dag.py:3239} INFO - Sync 1 DAGs
[2025-11-07T14:29:35.971+0000] {logging_mixin.py:190} INFO - [2025-11-07T14:29:35.970+0000] {dag.py:4180} INFO - Setting next_dagrun for example_nested_branch_dag to 2025-11-06 00:00:00+00:00, run_after=2025-11-07 00:00:00+00:00
[2025-11-07T14:29:35.997+0000] {processor.py:208} INFO - Processing /home/airflow/.local/lib/python3.12/site-packages/airflow/example_dags/example_nested_branch_dag.py took 0.121 seconds
[2025-11-07T14:30:06.334+0000] {processor.py:186} INFO - Started process (PID=769) to work on /home/airflow/.local/lib/python3.12/site-packages/airflow/example_dags/example_nested_branch_dag.py
[2025-11-07T14:30:06.335+0000] {processor.py:914} INFO - Processing file /home/airflow/.local/lib/python3.12/site-packages/airflow/example_dags/example_nested_branch_dag.py for tasks to queue
[2025-11-07T14:30:06.337+0000] {logging_mixin.py:190} INFO - [2025-11-07T14:30:06.336+0000] {dagbag.py:588} INFO - Filling up the DagBag from /home/airflow/.local/lib/python3.12/site-packages/airflow/example_dags/example_nested_branch_dag.py
[2025-11-07T14:30:06.346+0000] {processor.py:925} INFO - DAG(s) 'example_nested_branch_dag' retrieved from /home/airflow/.local/lib/python3.12/site-packages/airflow/example_dags/example_nested_branch_dag.py
[2025-11-07T14:30:06.360+0000] {logging_mixin.py:190} INFO - [2025-11-07T14:30:06.359+0000] {dag.py:3239} INFO - Sync 1 DAGs
[2025-11-07T14:30:06.376+0000] {logging_mixin.py:190} INFO - [2025-11-07T14:30:06.376+0000] {dag.py:4180} INFO - Setting next_dagrun for example_nested_branch_dag to 2025-11-06 00:00:00+00:00, run_after=2025-11-07 00:00:00+00:00
[2025-11-07T14:30:06.389+0000] {processor.py:208} INFO - Processing /home/airflow/.local/lib/python3.12/site-packages/airflow/example_dags/example_nested_branch_dag.py took 0.062 seconds
[2025-11-07T14:30:36.793+0000] {processor.py:186} INFO - Started process (PID=833) to work on /home/airflow/.local/lib/python3.12/site-packages/airflow/example_dags/example_nested_branch_dag.py
[2025-11-07T14:30:36.794+0000] {processor.py:914} INFO - Processing file /home/airflow/.local/lib/python3.12/site-packages/airflow/example_dags/example_nested_branch_dag.py for tasks to queue
[2025-11-07T14:30:36.795+0000] {logging_mixin.py:190} INFO - [2025-11-07T14:30:36.795+0000] {dagbag.py:588} INFO - Filling up the DagBag from /home/airflow/.local/lib/python3.12/site-packages/airflow/example_dags/example_nested_branch_dag.py
[2025-11-07T14:30:36.804+0000] {processor.py:925} INFO - DAG(s) 'example_nested_branch_dag' retrieved from /home/airflow/.local/lib/python3.12/site-packages/airflow/example_dags/example_nested_branch_dag.py
[2025-11-07T14:30:36.823+0000] {logging_mixin.py:190} INFO - [2025-11-07T14:30:36.823+0000] {dag.py:3239} INFO - Sync 1 DAGs
[2025-11-07T14:30:36.846+0000] {logging_mixin.py:190} INFO - [2025-11-07T14:30:36.846+0000] {dag.py:4180} INFO - Setting next_dagrun for example_nested_branch_dag to 2025-11-06 00:00:00+00:00, run_after=2025-11-07 00:00:00+00:00
[2025-11-07T14:30:36.865+0000] {processor.py:208} INFO - Processing /home/airflow/.local/lib/python3.12/site-packages/airflow/example_dags/example_nested_branch_dag.py took 0.076 seconds
[2025-11-07T14:31:08.175+0000] {processor.py:186} INFO - Started process (PID=897) to work on /home/airflow/.local/lib/python3.12/site-packages/airflow/example_dags/example_nested_branch_dag.py
[2025-11-07T14:31:08.176+0000] {processor.py:914} INFO - Processing file /home/airflow/.local/lib/python3.12/site-packages/airflow/example_dags/example_nested_branch_dag.py for tasks to queue
[2025-11-07T14:31:08.179+0000] {logging_mixin.py:190} INFO - [2025-11-07T14:31:08.178+0000] {dagbag.py:588} INFO - Filling up the DagBag from /home/airflow/.local/lib/python3.12/site-packages/airflow/example_dags/example_nested_branch_dag.py
[2025-11-07T14:31:08.192+0000] {processor.py:925} INFO - DAG(s) 'example_nested_branch_dag' retrieved from /home/airflow/.local/lib/python3.12/site-packages/airflow/example_dags/example_nested_branch_dag.py
[2025-11-07T14:31:08.209+0000] {logging_mixin.py:190} INFO - [2025-11-07T14:31:08.209+0000] {dag.py:3239} INFO - Sync 1 DAGs
[2025-11-07T14:31:08.239+0000] {logging_mixin.py:190} INFO - [2025-11-07T14:31:08.239+0000] {dag.py:4180} INFO - Setting next_dagrun for example_nested_branch_dag to 2025-11-06 00:00:00+00:00, run_after=2025-11-07 00:00:00+00:00
[2025-11-07T14:31:08.257+0000] {processor.py:208} INFO - Processing /home/airflow/.local/lib/python3.12/site-packages/airflow/example_dags/example_nested_branch_dag.py took 0.090 seconds
[2025-11-07T14:31:39.290+0000] {processor.py:186} INFO - Started process (PID=961) to work on /home/airflow/.local/lib/python3.12/site-packages/airflow/example_dags/example_nested_branch_dag.py
[2025-11-07T14:31:39.292+0000] {processor.py:914} INFO - Processing file /home/airflow/.local/lib/python3.12/site-packages/airflow/example_dags/example_nested_branch_dag.py for tasks to queue
[2025-11-07T14:31:39.295+0000] {logging_mixin.py:190} INFO - [2025-11-07T14:31:39.295+0000] {dagbag.py:588} INFO - Filling up the DagBag from /home/airflow/.local/lib/python3.12/site-packages/airflow/example_dags/example_nested_branch_dag.py
[2025-11-07T14:31:39.309+0000] {processor.py:925} INFO - DAG(s) 'example_nested_branch_dag' retrieved from /home/airflow/.local/lib/python3.12/site-packages/airflow/example_dags/example_nested_branch_dag.py
[2025-11-07T14:31:39.336+0000] {logging_mixin.py:190} INFO - [2025-11-07T14:31:39.336+0000] {dag.py:3239} INFO - Sync 1 DAGs
[2025-11-07T14:31:39.366+0000] {logging_mixin.py:190} INFO - [2025-11-07T14:31:39.365+0000] {dag.py:4180} INFO - Setting next_dagrun for example_nested_branch_dag to 2025-11-06 00:00:00+00:00, run_after=2025-11-07 00:00:00+00:00
[2025-11-07T14:31:39.391+0000] {processor.py:208} INFO - Processing /home/airflow/.local/lib/python3.12/site-packages/airflow/example_dags/example_nested_branch_dag.py took 0.108 seconds
[2025-11-07T14:32:10.068+0000] {processor.py:186} INFO - Started process (PID=1025) to work on /home/airflow/.local/lib/python3.12/site-packages/airflow/example_dags/example_nested_branch_dag.py
[2025-11-07T14:32:10.068+0000] {processor.py:914} INFO - Processing file /home/airflow/.local/lib/python3.12/site-packages/airflow/example_dags/example_nested_branch_dag.py for tasks to queue
[2025-11-07T14:32:10.070+0000] {logging_mixin.py:190} INFO - [2025-11-07T14:32:10.070+0000] {dagbag.py:588} INFO - Filling up the DagBag from /home/airflow/.local/lib/python3.12/site-packages/airflow/example_dags/example_nested_branch_dag.py
[2025-11-07T14:32:10.078+0000] {processor.py:925} INFO - DAG(s) 'example_nested_branch_dag' retrieved from /home/airflow/.local/lib/python3.12/site-packages/airflow/example_dags/example_nested_branch_dag.py
[2025-11-07T14:32:10.092+0000] {logging_mixin.py:190} INFO - [2025-11-07T14:32:10.091+0000] {dag.py:3239} INFO - Sync 1 DAGs
[2025-11-07T14:32:10.106+0000] {logging_mixin.py:190} INFO - [2025-11-07T14:32:10.106+0000] {dag.py:4180} INFO - Setting next_dagrun for example_nested_branch_dag to 2025-11-06 00:00:00+00:00, run_after=2025-11-07 00:00:00+00:00
[2025-11-07T14:32:10.120+0000] {processor.py:208} INFO - Processing /home/airflow/.local/lib/python3.12/site-packages/airflow/example_dags/example_nested_branch_dag.py took 0.057 seconds
[2025-11-07T14:32:41.417+0000] {processor.py:186} INFO - Started process (PID=1089) to work on /home/airflow/.local/lib/python3.12/site-packages/airflow/example_dags/example_nested_branch_dag.py
[2025-11-07T14:32:41.418+0000] {processor.py:914} INFO - Processing file /home/airflow/.local/lib/python3.12/site-packages/airflow/example_dags/example_nested_branch_dag.py for tasks to queue
[2025-11-07T14:32:41.419+0000] {logging_mixin.py:190} INFO - [2025-11-07T14:32:41.419+0000] {dagbag.py:588} INFO - Filling up the DagBag from /home/airflow/.local/lib/python3.12/site-packages/airflow/example_dags/example_nested_branch_dag.py
[2025-11-07T14:32:41.426+0000] {processor.py:925} INFO - DAG(s) 'example_nested_branch_dag' retrieved from /home/airflow/.local/lib/python3.12/site-packages/airflow/example_dags/example_nested_branch_dag.py
[2025-11-07T14:32:41.437+0000] {logging_mixin.py:190} INFO - [2025-11-07T14:32:41.437+0000] {dag.py:3239} INFO - Sync 1 DAGs
[2025-11-07T14:32:41.450+0000] {logging_mixin.py:190} INFO - [2025-11-07T14:32:41.450+0000] {dag.py:4180} INFO - Setting next_dagrun for example_nested_branch_dag to 2025-11-06 00:00:00+00:00, run_after=2025-11-07 00:00:00+00:00
[2025-11-07T14:32:41.462+0000] {processor.py:208} INFO - Processing /home/airflow/.local/lib/python3.12/site-packages/airflow/example_dags/example_nested_branch_dag.py took 0.049 seconds
[2025-11-07T14:33:12.939+0000] {processor.py:186} INFO - Started process (PID=1153) to work on /home/airflow/.local/lib/python3.12/site-packages/airflow/example_dags/example_nested_branch_dag.py
[2025-11-07T14:33:12.940+0000] {processor.py:914} INFO - Processing file /home/airflow/.local/lib/python3.12/site-packages/airflow/example_dags/example_nested_branch_dag.py for tasks to queue
[2025-11-07T14:33:12.943+0000] {logging_mixin.py:190} INFO - [2025-11-07T14:33:12.942+0000] {dagbag.py:588} INFO - Filling up the DagBag from /home/airflow/.local/lib/python3.12/site-packages/airflow/example_dags/example_nested_branch_dag.py
[2025-11-07T14:33:12.956+0000] {processor.py:925} INFO - DAG(s) 'example_nested_branch_dag' retrieved from /home/airflow/.local/lib/python3.12/site-packages/airflow/example_dags/example_nested_branch_dag.py
[2025-11-07T14:33:12.981+0000] {logging_mixin.py:190} INFO - [2025-11-07T14:33:12.981+0000] {dag.py:3239} INFO - Sync 1 DAGs
[2025-11-07T14:33:13.011+0000] {logging_mixin.py:190} INFO - [2025-11-07T14:33:13.010+0000] {dag.py:4180} INFO - Setting next_dagrun for example_nested_branch_dag to 2025-11-06 00:00:00+00:00, run_after=2025-11-07 00:00:00+00:00
[2025-11-07T14:33:13.036+0000] {processor.py:208} INFO - Processing /home/airflow/.local/lib/python3.12/site-packages/airflow/example_dags/example_nested_branch_dag.py took 0.104 seconds
[2025-11-07T14:33:43.365+0000] {processor.py:186} INFO - Started process (PID=1217) to work on /home/airflow/.local/lib/python3.12/site-packages/airflow/example_dags/example_nested_branch_dag.py
[2025-11-07T14:33:43.367+0000] {processor.py:914} INFO - Processing file /home/airflow/.local/lib/python3.12/site-packages/airflow/example_dags/example_nested_branch_dag.py for tasks to queue
[2025-11-07T14:33:43.370+0000] {logging_mixin.py:190} INFO - [2025-11-07T14:33:43.370+0000] {dagbag.py:588} INFO - Filling up the DagBag from /home/airflow/.local/lib/python3.12/site-packages/airflow/example_dags/example_nested_branch_dag.py
[2025-11-07T14:33:43.384+0000] {processor.py:925} INFO - DAG(s) 'example_nested_branch_dag' retrieved from /home/airflow/.local/lib/python3.12/site-packages/airflow/example_dags/example_nested_branch_dag.py
[2025-11-07T14:33:43.414+0000] {logging_mixin.py:190} INFO - [2025-11-07T14:33:43.414+0000] {dag.py:3239} INFO - Sync 1 DAGs
[2025-11-07T14:33:43.449+0000] {logging_mixin.py:190} INFO - [2025-11-07T14:33:43.449+0000] {dag.py:4180} INFO - Setting next_dagrun for example_nested_branch_dag to 2025-11-06 00:00:00+00:00, run_after=2025-11-07 00:00:00+00:00
[2025-11-07T14:33:43.478+0000] {processor.py:208} INFO - Processing /home/airflow/.local/lib/python3.12/site-packages/airflow/example_dags/example_nested_branch_dag.py took 0.123 seconds
[2025-11-07T14:34:14.436+0000] {processor.py:186} INFO - Started process (PID=1281) to work on /home/airflow/.local/lib/python3.12/site-packages/airflow/example_dags/example_nested_branch_dag.py
[2025-11-07T14:34:14.437+0000] {processor.py:914} INFO - Processing file /home/airflow/.local/lib/python3.12/site-packages/airflow/example_dags/example_nested_branch_dag.py for tasks to queue
[2025-11-07T14:34:14.440+0000] {logging_mixin.py:190} INFO - [2025-11-07T14:34:14.439+0000] {dagbag.py:588} INFO - Filling up the DagBag from /home/airflow/.local/lib/python3.12/site-packages/airflow/example_dags/example_nested_branch_dag.py
[2025-11-07T14:34:14.453+0000] {processor.py:925} INFO - DAG(s) 'example_nested_branch_dag' retrieved from /home/airflow/.local/lib/python3.12/site-packages/airflow/example_dags/example_nested_branch_dag.py
[2025-11-07T14:34:14.481+0000] {logging_mixin.py:190} INFO - [2025-11-07T14:34:14.481+0000] {dag.py:3239} INFO - Sync 1 DAGs
[2025-11-07T14:34:14.512+0000] {logging_mixin.py:190} INFO - [2025-11-07T14:34:14.512+0000] {dag.py:4180} INFO - Setting next_dagrun for example_nested_branch_dag to 2025-11-06 00:00:00+00:00, run_after=2025-11-07 00:00:00+00:00
[2025-11-07T14:34:14.535+0000] {processor.py:208} INFO - Processing /home/airflow/.local/lib/python3.12/site-packages/airflow/example_dags/example_nested_branch_dag.py took 0.106 seconds
[2025-11-07T14:34:45.688+0000] {processor.py:186} INFO - Started process (PID=1345) to work on /home/airflow/.local/lib/python3.12/site-packages/airflow/example_dags/example_nested_branch_dag.py
[2025-11-07T14:34:45.689+0000] {processor.py:914} INFO - Processing file /home/airflow/.local/lib/python3.12/site-packages/airflow/example_dags/example_nested_branch_dag.py for tasks to queue
[2025-11-07T14:34:45.690+0000] {logging_mixin.py:190} INFO - [2025-11-07T14:34:45.690+0000] {dagbag.py:588} INFO - Filling up the DagBag from /home/airflow/.local/lib/python3.12/site-packages/airflow/example_dags/example_nested_branch_dag.py
[2025-11-07T14:34:45.696+0000] {processor.py:925} INFO - DAG(s) 'example_nested_branch_dag' retrieved from /home/airflow/.local/lib/python3.12/site-packages/airflow/example_dags/example_nested_branch_dag.py
[2025-11-07T14:34:45.709+0000] {logging_mixin.py:190} INFO - [2025-11-07T14:34:45.709+0000] {dag.py:3239} INFO - Sync 1 DAGs
[2025-11-07T14:34:45.737+0000] {logging_mixin.py:190} INFO - [2025-11-07T14:34:45.736+0000] {dag.py:4180} INFO - Setting next_dagrun for example_nested_branch_dag to 2025-11-06 00:00:00+00:00, run_after=2025-11-07 00:00:00+00:00
[2025-11-07T14:34:45.761+0000] {processor.py:208} INFO - Processing /home/airflow/.local/lib/python3.12/site-packages/airflow/example_dags/example_nested_branch_dag.py took 0.077 seconds
[2025-11-07T14:35:16.526+0000] {processor.py:186} INFO - Started process (PID=1409) to work on /home/airflow/.local/lib/python3.12/site-packages/airflow/example_dags/example_nested_branch_dag.py
[2025-11-07T14:35:16.526+0000] {processor.py:914} INFO - Processing file /home/airflow/.local/lib/python3.12/site-packages/airflow/example_dags/example_nested_branch_dag.py for tasks to queue
[2025-11-07T14:35:16.529+0000] {logging_mixin.py:190} INFO - [2025-11-07T14:35:16.529+0000] {dagbag.py:588} INFO - Filling up the DagBag from /home/airflow/.local/lib/python3.12/site-packages/airflow/example_dags/example_nested_branch_dag.py
[2025-11-07T14:35:16.542+0000] {processor.py:925} INFO - DAG(s) 'example_nested_branch_dag' retrieved from /home/airflow/.local/lib/python3.12/site-packages/airflow/example_dags/example_nested_branch_dag.py
[2025-11-07T14:35:16.573+0000] {logging_mixin.py:190} INFO - [2025-11-07T14:35:16.572+0000] {dag.py:3239} INFO - Sync 1 DAGs
[2025-11-07T14:35:16.598+0000] {logging_mixin.py:190} INFO - [2025-11-07T14:35:16.598+0000] {dag.py:4180} INFO - Setting next_dagrun for example_nested_branch_dag to 2025-11-06 00:00:00+00:00, run_after=2025-11-07 00:00:00+00:00
[2025-11-07T14:35:16.614+0000] {processor.py:208} INFO - Processing /home/airflow/.local/lib/python3.12/site-packages/airflow/example_dags/example_nested_branch_dag.py took 0.097 seconds
[2025-11-07T14:35:47.915+0000] {processor.py:186} INFO - Started process (PID=1473) to work on /home/airflow/.local/lib/python3.12/site-packages/airflow/example_dags/example_nested_branch_dag.py
[2025-11-07T14:35:47.918+0000] {processor.py:914} INFO - Processing file /home/airflow/.local/lib/python3.12/site-packages/airflow/example_dags/example_nested_branch_dag.py for tasks to queue
[2025-11-07T14:35:47.922+0000] {logging_mixin.py:190} INFO - [2025-11-07T14:35:47.921+0000] {dagbag.py:588} INFO - Filling up the DagBag from /home/airflow/.local/lib/python3.12/site-packages/airflow/example_dags/example_nested_branch_dag.py
[2025-11-07T14:35:47.940+0000] {processor.py:925} INFO - DAG(s) 'example_nested_branch_dag' retrieved from /home/airflow/.local/lib/python3.12/site-packages/airflow/example_dags/example_nested_branch_dag.py
[2025-11-07T14:35:47.970+0000] {logging_mixin.py:190} INFO - [2025-11-07T14:35:47.970+0000] {dag.py:3239} INFO - Sync 1 DAGs
[2025-11-07T14:35:48.007+0000] {logging_mixin.py:190} INFO - [2025-11-07T14:35:48.006+0000] {dag.py:4180} INFO - Setting next_dagrun for example_nested_branch_dag to 2025-11-06 00:00:00+00:00, run_after=2025-11-07 00:00:00+00:00
[2025-11-07T14:35:48.038+0000] {processor.py:208} INFO - Processing /home/airflow/.local/lib/python3.12/site-packages/airflow/example_dags/example_nested_branch_dag.py took 0.135 seconds
[2025-11-07T14:36:19.256+0000] {processor.py:186} INFO - Started process (PID=1537) to work on /home/airflow/.local/lib/python3.12/site-packages/airflow/example_dags/example_nested_branch_dag.py
[2025-11-07T14:36:19.258+0000] {processor.py:914} INFO - Processing file /home/airflow/.local/lib/python3.12/site-packages/airflow/example_dags/example_nested_branch_dag.py for tasks to queue
[2025-11-07T14:36:19.261+0000] {logging_mixin.py:190} INFO - [2025-11-07T14:36:19.260+0000] {dagbag.py:588} INFO - Filling up the DagBag from /home/airflow/.local/lib/python3.12/site-packages/airflow/example_dags/example_nested_branch_dag.py
[2025-11-07T14:36:19.275+0000] {processor.py:925} INFO - DAG(s) 'example_nested_branch_dag' retrieved from /home/airflow/.local/lib/python3.12/site-packages/airflow/example_dags/example_nested_branch_dag.py
[2025-11-07T14:36:19.300+0000] {logging_mixin.py:190} INFO - [2025-11-07T14:36:19.300+0000] {dag.py:3239} INFO - Sync 1 DAGs
[2025-11-07T14:36:19.329+0000] {logging_mixin.py:190} INFO - [2025-11-07T14:36:19.329+0000] {dag.py:4180} INFO - Setting next_dagrun for example_nested_branch_dag to 2025-11-06 00:00:00+00:00, run_after=2025-11-07 00:00:00+00:00
[2025-11-07T14:36:19.350+0000] {processor.py:208} INFO - Processing /home/airflow/.local/lib/python3.12/site-packages/airflow/example_dags/example_nested_branch_dag.py took 0.100 seconds
[2025-11-07T14:36:50.212+0000] {processor.py:186} INFO - Started process (PID=1601) to work on /home/airflow/.local/lib/python3.12/site-packages/airflow/example_dags/example_nested_branch_dag.py
[2025-11-07T14:36:50.213+0000] {processor.py:914} INFO - Processing file /home/airflow/.local/lib/python3.12/site-packages/airflow/example_dags/example_nested_branch_dag.py for tasks to queue
[2025-11-07T14:36:50.215+0000] {logging_mixin.py:190} INFO - [2025-11-07T14:36:50.215+0000] {dagbag.py:588} INFO - Filling up the DagBag from /home/airflow/.local/lib/python3.12/site-packages/airflow/example_dags/example_nested_branch_dag.py
[2025-11-07T14:36:50.227+0000] {processor.py:925} INFO - DAG(s) 'example_nested_branch_dag' retrieved from /home/airflow/.local/lib/python3.12/site-packages/airflow/example_dags/example_nested_branch_dag.py
[2025-11-07T14:36:50.240+0000] {logging_mixin.py:190} INFO - [2025-11-07T14:36:50.240+0000] {dag.py:3239} INFO - Sync 1 DAGs
[2025-11-07T14:36:50.258+0000] {logging_mixin.py:190} INFO - [2025-11-07T14:36:50.258+0000] {dag.py:4180} INFO - Setting next_dagrun for example_nested_branch_dag to 2025-11-06 00:00:00+00:00, run_after=2025-11-07 00:00:00+00:00
[2025-11-07T14:36:50.276+0000] {processor.py:208} INFO - Processing /home/airflow/.local/lib/python3.12/site-packages/airflow/example_dags/example_nested_branch_dag.py took 0.071 seconds
[2025-11-07T14:37:20.630+0000] {processor.py:186} INFO - Started process (PID=1665) to work on /home/airflow/.local/lib/python3.12/site-packages/airflow/example_dags/example_nested_branch_dag.py
[2025-11-07T14:37:20.631+0000] {processor.py:914} INFO - Processing file /home/airflow/.local/lib/python3.12/site-packages/airflow/example_dags/example_nested_branch_dag.py for tasks to queue
[2025-11-07T14:37:20.632+0000] {logging_mixin.py:190} INFO - [2025-11-07T14:37:20.632+0000] {dagbag.py:588} INFO - Filling up the DagBag from /home/airflow/.local/lib/python3.12/site-packages/airflow/example_dags/example_nested_branch_dag.py
[2025-11-07T14:37:20.642+0000] {processor.py:925} INFO - DAG(s) 'example_nested_branch_dag' retrieved from /home/airflow/.local/lib/python3.12/site-packages/airflow/example_dags/example_nested_branch_dag.py
[2025-11-07T14:37:20.669+0000] {logging_mixin.py:190} INFO - [2025-11-07T14:37:20.668+0000] {dag.py:3239} INFO - Sync 1 DAGs
[2025-11-07T14:37:20.692+0000] {logging_mixin.py:190} INFO - [2025-11-07T14:37:20.691+0000] {dag.py:4180} INFO - Setting next_dagrun for example_nested_branch_dag to 2025-11-06 00:00:00+00:00, run_after=2025-11-07 00:00:00+00:00
[2025-11-07T14:37:20.703+0000] {processor.py:208} INFO - Processing /home/airflow/.local/lib/python3.12/site-packages/airflow/example_dags/example_nested_branch_dag.py took 0.076 seconds
[2025-11-07T14:37:51.898+0000] {processor.py:186} INFO - Started process (PID=1729) to work on /home/airflow/.local/lib/python3.12/site-packages/airflow/example_dags/example_nested_branch_dag.py
[2025-11-07T14:37:51.899+0000] {processor.py:914} INFO - Processing file /home/airflow/.local/lib/python3.12/site-packages/airflow/example_dags/example_nested_branch_dag.py for tasks to queue
[2025-11-07T14:37:51.901+0000] {logging_mixin.py:190} INFO - [2025-11-07T14:37:51.901+0000] {dagbag.py:588} INFO - Filling up the DagBag from /home/airflow/.local/lib/python3.12/site-packages/airflow/example_dags/example_nested_branch_dag.py
[2025-11-07T14:37:51.918+0000] {processor.py:925} INFO - DAG(s) 'example_nested_branch_dag' retrieved from /home/airflow/.local/lib/python3.12/site-packages/airflow/example_dags/example_nested_branch_dag.py
[2025-11-07T14:37:51.954+0000] {logging_mixin.py:190} INFO - [2025-11-07T14:37:51.953+0000] {dag.py:3239} INFO - Sync 1 DAGs
[2025-11-07T14:37:51.997+0000] {logging_mixin.py:190} INFO - [2025-11-07T14:37:51.996+0000] {dag.py:4180} INFO - Setting next_dagrun for example_nested_branch_dag to 2025-11-06 00:00:00+00:00, run_after=2025-11-07 00:00:00+00:00
[2025-11-07T14:37:52.022+0000] {processor.py:208} INFO - Processing /home/airflow/.local/lib/python3.12/site-packages/airflow/example_dags/example_nested_branch_dag.py took 0.133 seconds
[2025-11-07T14:38:23.460+0000] {processor.py:186} INFO - Started process (PID=1793) to work on /home/airflow/.local/lib/python3.12/site-packages/airflow/example_dags/example_nested_branch_dag.py
[2025-11-07T14:38:23.463+0000] {processor.py:914} INFO - Processing file /home/airflow/.local/lib/python3.12/site-packages/airflow/example_dags/example_nested_branch_dag.py for tasks to queue
[2025-11-07T14:38:23.466+0000] {logging_mixin.py:190} INFO - [2025-11-07T14:38:23.466+0000] {dagbag.py:588} INFO - Filling up the DagBag from /home/airflow/.local/lib/python3.12/site-packages/airflow/example_dags/example_nested_branch_dag.py
[2025-11-07T14:38:23.479+0000] {processor.py:925} INFO - DAG(s) 'example_nested_branch_dag' retrieved from /home/airflow/.local/lib/python3.12/site-packages/airflow/example_dags/example_nested_branch_dag.py
[2025-11-07T14:38:23.506+0000] {logging_mixin.py:190} INFO - [2025-11-07T14:38:23.505+0000] {dag.py:3239} INFO - Sync 1 DAGs
[2025-11-07T14:38:23.535+0000] {logging_mixin.py:190} INFO - [2025-11-07T14:38:23.534+0000] {dag.py:4180} INFO - Setting next_dagrun for example_nested_branch_dag to 2025-11-06 00:00:00+00:00, run_after=2025-11-07 00:00:00+00:00
[2025-11-07T14:38:23.559+0000] {processor.py:208} INFO - Processing /home/airflow/.local/lib/python3.12/site-packages/airflow/example_dags/example_nested_branch_dag.py took 0.106 seconds
[2025-11-07T14:38:54.564+0000] {processor.py:186} INFO - Started process (PID=1857) to work on /home/airflow/.local/lib/python3.12/site-packages/airflow/example_dags/example_nested_branch_dag.py
[2025-11-07T14:38:54.565+0000] {processor.py:914} INFO - Processing file /home/airflow/.local/lib/python3.12/site-packages/airflow/example_dags/example_nested_branch_dag.py for tasks to queue
[2025-11-07T14:38:54.568+0000] {logging_mixin.py:190} INFO - [2025-11-07T14:38:54.568+0000] {dagbag.py:588} INFO - Filling up the DagBag from /home/airflow/.local/lib/python3.12/site-packages/airflow/example_dags/example_nested_branch_dag.py
[2025-11-07T14:38:54.581+0000] {processor.py:925} INFO - DAG(s) 'example_nested_branch_dag' retrieved from /home/airflow/.local/lib/python3.12/site-packages/airflow/example_dags/example_nested_branch_dag.py
[2025-11-07T14:38:54.612+0000] {logging_mixin.py:190} INFO - [2025-11-07T14:38:54.611+0000] {dag.py:3239} INFO - Sync 1 DAGs
[2025-11-07T14:38:54.657+0000] {logging_mixin.py:190} INFO - [2025-11-07T14:38:54.656+0000] {dag.py:4180} INFO - Setting next_dagrun for example_nested_branch_dag to 2025-11-06 00:00:00+00:00, run_after=2025-11-07 00:00:00+00:00
[2025-11-07T14:38:54.686+0000] {processor.py:208} INFO - Processing /home/airflow/.local/lib/python3.12/site-packages/airflow/example_dags/example_nested_branch_dag.py took 0.130 seconds
[2025-11-07T14:39:25.725+0000] {processor.py:186} INFO - Started process (PID=1921) to work on /home/airflow/.local/lib/python3.12/site-packages/airflow/example_dags/example_nested_branch_dag.py
[2025-11-07T14:39:25.727+0000] {processor.py:914} INFO - Processing file /home/airflow/.local/lib/python3.12/site-packages/airflow/example_dags/example_nested_branch_dag.py for tasks to queue
[2025-11-07T14:39:25.730+0000] {logging_mixin.py:190} INFO - [2025-11-07T14:39:25.730+0000] {dagbag.py:588} INFO - Filling up the DagBag from /home/airflow/.local/lib/python3.12/site-packages/airflow/example_dags/example_nested_branch_dag.py
[2025-11-07T14:39:25.743+0000] {processor.py:925} INFO - DAG(s) 'example_nested_branch_dag' retrieved from /home/airflow/.local/lib/python3.12/site-packages/airflow/example_dags/example_nested_branch_dag.py
[2025-11-07T14:39:25.768+0000] {logging_mixin.py:190} INFO - [2025-11-07T14:39:25.767+0000] {dag.py:3239} INFO - Sync 1 DAGs
[2025-11-07T14:39:25.797+0000] {logging_mixin.py:190} INFO - [2025-11-07T14:39:25.797+0000] {dag.py:4180} INFO - Setting next_dagrun for example_nested_branch_dag to 2025-11-06 00:00:00+00:00, run_after=2025-11-07 00:00:00+00:00
[2025-11-07T14:39:25.819+0000] {processor.py:208} INFO - Processing /home/airflow/.local/lib/python3.12/site-packages/airflow/example_dags/example_nested_branch_dag.py took 0.102 seconds
