[2025-11-07T14:24:27.709+0000] {processor.py:186} INFO - Started process (PID=95) to work on /home/airflow/.local/lib/python3.12/site-packages/airflow/example_dags/example_xcomargs.py
[2025-11-07T14:24:27.710+0000] {processor.py:914} INFO - Processing file /home/airflow/.local/lib/python3.12/site-packages/airflow/example_dags/example_xcomargs.py for tasks to queue
[2025-11-07T14:24:27.712+0000] {logging_mixin.py:190} INFO - [2025-11-07T14:24:27.711+0000] {dagbag.py:588} INFO - Filling up the DagBag from /home/airflow/.local/lib/python3.12/site-packages/airflow/example_dags/example_xcomargs.py
[2025-11-07T14:24:27.717+0000] {processor.py:925} INFO - DAG(s) 'example_xcom_args_with_operators', 'example_xcom_args' retrieved from /home/airflow/.local/lib/python3.12/site-packages/airflow/example_dags/example_xcomargs.py
[2025-11-07T14:24:27.739+0000] {logging_mixin.py:190} INFO - [2025-11-07T14:24:27.738+0000] {dag.py:3239} INFO - Sync 2 DAGs
[2025-11-07T14:24:27.758+0000] {logging_mixin.py:190} INFO - [2025-11-07T14:24:27.757+0000] {dag.py:4180} INFO - Setting next_dagrun for example_xcom_args to None, run_after=None
[2025-11-07T14:24:27.763+0000] {logging_mixin.py:190} INFO - [2025-11-07T14:24:27.762+0000] {dag.py:4180} INFO - Setting next_dagrun for example_xcom_args_with_operators to None, run_after=None
[2025-11-07T14:24:27.785+0000] {processor.py:208} INFO - Processing /home/airflow/.local/lib/python3.12/site-packages/airflow/example_dags/example_xcomargs.py took 0.080 seconds
[2025-11-07T14:24:58.131+0000] {processor.py:186} INFO - Started process (PID=159) to work on /home/airflow/.local/lib/python3.12/site-packages/airflow/example_dags/example_xcomargs.py
[2025-11-07T14:24:58.131+0000] {processor.py:914} INFO - Processing file /home/airflow/.local/lib/python3.12/site-packages/airflow/example_dags/example_xcomargs.py for tasks to queue
[2025-11-07T14:24:58.132+0000] {logging_mixin.py:190} INFO - [2025-11-07T14:24:58.132+0000] {dagbag.py:588} INFO - Filling up the DagBag from /home/airflow/.local/lib/python3.12/site-packages/airflow/example_dags/example_xcomargs.py
[2025-11-07T14:24:58.138+0000] {processor.py:925} INFO - DAG(s) 'example_xcom_args', 'example_xcom_args_with_operators' retrieved from /home/airflow/.local/lib/python3.12/site-packages/airflow/example_dags/example_xcomargs.py
[2025-11-07T14:24:58.155+0000] {logging_mixin.py:190} INFO - [2025-11-07T14:24:58.155+0000] {dag.py:3239} INFO - Sync 2 DAGs
[2025-11-07T14:24:58.170+0000] {logging_mixin.py:190} INFO - [2025-11-07T14:24:58.170+0000] {dag.py:4180} INFO - Setting next_dagrun for example_xcom_args to None, run_after=None
[2025-11-07T14:24:58.173+0000] {logging_mixin.py:190} INFO - [2025-11-07T14:24:58.172+0000] {dag.py:4180} INFO - Setting next_dagrun for example_xcom_args_with_operators to None, run_after=None
[2025-11-07T14:24:58.186+0000] {processor.py:208} INFO - Processing /home/airflow/.local/lib/python3.12/site-packages/airflow/example_dags/example_xcomargs.py took 0.059 seconds
[2025-11-07T14:25:29.252+0000] {processor.py:186} INFO - Started process (PID=223) to work on /home/airflow/.local/lib/python3.12/site-packages/airflow/example_dags/example_xcomargs.py
[2025-11-07T14:25:29.255+0000] {processor.py:914} INFO - Processing file /home/airflow/.local/lib/python3.12/site-packages/airflow/example_dags/example_xcomargs.py for tasks to queue
[2025-11-07T14:25:29.257+0000] {logging_mixin.py:190} INFO - [2025-11-07T14:25:29.256+0000] {dagbag.py:588} INFO - Filling up the DagBag from /home/airflow/.local/lib/python3.12/site-packages/airflow/example_dags/example_xcomargs.py
[2025-11-07T14:25:29.263+0000] {processor.py:925} INFO - DAG(s) 'example_xcom_args', 'example_xcom_args_with_operators' retrieved from /home/airflow/.local/lib/python3.12/site-packages/airflow/example_dags/example_xcomargs.py
[2025-11-07T14:25:29.280+0000] {logging_mixin.py:190} INFO - [2025-11-07T14:25:29.279+0000] {dag.py:3239} INFO - Sync 2 DAGs
[2025-11-07T14:25:29.289+0000] {logging_mixin.py:190} INFO - [2025-11-07T14:25:29.289+0000] {dag.py:4180} INFO - Setting next_dagrun for example_xcom_args to None, run_after=None
[2025-11-07T14:25:29.292+0000] {logging_mixin.py:190} INFO - [2025-11-07T14:25:29.292+0000] {dag.py:4180} INFO - Setting next_dagrun for example_xcom_args_with_operators to None, run_after=None
[2025-11-07T14:25:29.303+0000] {processor.py:208} INFO - Processing /home/airflow/.local/lib/python3.12/site-packages/airflow/example_dags/example_xcomargs.py took 0.056 seconds
[2025-11-07T14:26:00.637+0000] {processor.py:186} INFO - Started process (PID=287) to work on /home/airflow/.local/lib/python3.12/site-packages/airflow/example_dags/example_xcomargs.py
[2025-11-07T14:26:00.638+0000] {processor.py:914} INFO - Processing file /home/airflow/.local/lib/python3.12/site-packages/airflow/example_dags/example_xcomargs.py for tasks to queue
[2025-11-07T14:26:00.640+0000] {logging_mixin.py:190} INFO - [2025-11-07T14:26:00.640+0000] {dagbag.py:588} INFO - Filling up the DagBag from /home/airflow/.local/lib/python3.12/site-packages/airflow/example_dags/example_xcomargs.py
[2025-11-07T14:26:00.650+0000] {processor.py:925} INFO - DAG(s) 'example_xcom_args', 'example_xcom_args_with_operators' retrieved from /home/airflow/.local/lib/python3.12/site-packages/airflow/example_dags/example_xcomargs.py
[2025-11-07T14:26:00.671+0000] {logging_mixin.py:190} INFO - [2025-11-07T14:26:00.671+0000] {dag.py:3239} INFO - Sync 2 DAGs
[2025-11-07T14:26:00.679+0000] {logging_mixin.py:190} INFO - [2025-11-07T14:26:00.679+0000] {dag.py:4180} INFO - Setting next_dagrun for example_xcom_args to None, run_after=None
[2025-11-07T14:26:00.681+0000] {logging_mixin.py:190} INFO - [2025-11-07T14:26:00.681+0000] {dag.py:4180} INFO - Setting next_dagrun for example_xcom_args_with_operators to None, run_after=None
[2025-11-07T14:26:00.693+0000] {processor.py:208} INFO - Processing /home/airflow/.local/lib/python3.12/site-packages/airflow/example_dags/example_xcomargs.py took 0.064 seconds
[2025-11-07T14:26:32.005+0000] {processor.py:186} INFO - Started process (PID=351) to work on /home/airflow/.local/lib/python3.12/site-packages/airflow/example_dags/example_xcomargs.py
[2025-11-07T14:26:32.006+0000] {processor.py:914} INFO - Processing file /home/airflow/.local/lib/python3.12/site-packages/airflow/example_dags/example_xcomargs.py for tasks to queue
[2025-11-07T14:26:32.008+0000] {logging_mixin.py:190} INFO - [2025-11-07T14:26:32.008+0000] {dagbag.py:588} INFO - Filling up the DagBag from /home/airflow/.local/lib/python3.12/site-packages/airflow/example_dags/example_xcomargs.py
[2025-11-07T14:26:32.019+0000] {processor.py:925} INFO - DAG(s) 'example_xcom_args', 'example_xcom_args_with_operators' retrieved from /home/airflow/.local/lib/python3.12/site-packages/airflow/example_dags/example_xcomargs.py
[2025-11-07T14:26:32.041+0000] {logging_mixin.py:190} INFO - [2025-11-07T14:26:32.041+0000] {dag.py:3239} INFO - Sync 2 DAGs
[2025-11-07T14:26:32.060+0000] {logging_mixin.py:190} INFO - [2025-11-07T14:26:32.059+0000] {dag.py:4180} INFO - Setting next_dagrun for example_xcom_args to None, run_after=None
[2025-11-07T14:26:32.067+0000] {logging_mixin.py:190} INFO - [2025-11-07T14:26:32.067+0000] {dag.py:4180} INFO - Setting next_dagrun for example_xcom_args_with_operators to None, run_after=None
[2025-11-07T14:26:32.089+0000] {processor.py:208} INFO - Processing /home/airflow/.local/lib/python3.12/site-packages/airflow/example_dags/example_xcomargs.py took 0.091 seconds
[2025-11-07T14:27:02.674+0000] {processor.py:186} INFO - Started process (PID=415) to work on /home/airflow/.local/lib/python3.12/site-packages/airflow/example_dags/example_xcomargs.py
[2025-11-07T14:27:02.675+0000] {processor.py:914} INFO - Processing file /home/airflow/.local/lib/python3.12/site-packages/airflow/example_dags/example_xcomargs.py for tasks to queue
[2025-11-07T14:27:02.678+0000] {logging_mixin.py:190} INFO - [2025-11-07T14:27:02.678+0000] {dagbag.py:588} INFO - Filling up the DagBag from /home/airflow/.local/lib/python3.12/site-packages/airflow/example_dags/example_xcomargs.py
[2025-11-07T14:27:02.691+0000] {processor.py:925} INFO - DAG(s) 'example_xcom_args_with_operators', 'example_xcom_args' retrieved from /home/airflow/.local/lib/python3.12/site-packages/airflow/example_dags/example_xcomargs.py
[2025-11-07T14:27:02.720+0000] {logging_mixin.py:190} INFO - [2025-11-07T14:27:02.719+0000] {dag.py:3239} INFO - Sync 2 DAGs
[2025-11-07T14:27:02.734+0000] {logging_mixin.py:190} INFO - [2025-11-07T14:27:02.734+0000] {dag.py:4180} INFO - Setting next_dagrun for example_xcom_args to None, run_after=None
[2025-11-07T14:27:02.739+0000] {logging_mixin.py:190} INFO - [2025-11-07T14:27:02.738+0000] {dag.py:4180} INFO - Setting next_dagrun for example_xcom_args_with_operators to None, run_after=None
[2025-11-07T14:27:02.756+0000] {processor.py:208} INFO - Processing /home/airflow/.local/lib/python3.12/site-packages/airflow/example_dags/example_xcomargs.py took 0.090 seconds
[2025-11-07T14:27:34.025+0000] {processor.py:186} INFO - Started process (PID=479) to work on /home/airflow/.local/lib/python3.12/site-packages/airflow/example_dags/example_xcomargs.py
[2025-11-07T14:27:34.027+0000] {processor.py:914} INFO - Processing file /home/airflow/.local/lib/python3.12/site-packages/airflow/example_dags/example_xcomargs.py for tasks to queue
[2025-11-07T14:27:34.029+0000] {logging_mixin.py:190} INFO - [2025-11-07T14:27:34.028+0000] {dagbag.py:588} INFO - Filling up the DagBag from /home/airflow/.local/lib/python3.12/site-packages/airflow/example_dags/example_xcomargs.py
[2025-11-07T14:27:34.038+0000] {processor.py:925} INFO - DAG(s) 'example_xcom_args_with_operators', 'example_xcom_args' retrieved from /home/airflow/.local/lib/python3.12/site-packages/airflow/example_dags/example_xcomargs.py
[2025-11-07T14:27:34.074+0000] {logging_mixin.py:190} INFO - [2025-11-07T14:27:34.073+0000] {dag.py:3239} INFO - Sync 2 DAGs
[2025-11-07T14:27:34.095+0000] {logging_mixin.py:190} INFO - [2025-11-07T14:27:34.095+0000] {dag.py:4180} INFO - Setting next_dagrun for example_xcom_args to None, run_after=None
[2025-11-07T14:27:34.102+0000] {logging_mixin.py:190} INFO - [2025-11-07T14:27:34.101+0000] {dag.py:4180} INFO - Setting next_dagrun for example_xcom_args_with_operators to None, run_after=None
[2025-11-07T14:27:34.128+0000] {processor.py:208} INFO - Processing /home/airflow/.local/lib/python3.12/site-packages/airflow/example_dags/example_xcomargs.py took 0.108 seconds
[2025-11-07T14:28:05.714+0000] {processor.py:186} INFO - Started process (PID=543) to work on /home/airflow/.local/lib/python3.12/site-packages/airflow/example_dags/example_xcomargs.py
[2025-11-07T14:28:05.715+0000] {processor.py:914} INFO - Processing file /home/airflow/.local/lib/python3.12/site-packages/airflow/example_dags/example_xcomargs.py for tasks to queue
[2025-11-07T14:28:05.717+0000] {logging_mixin.py:190} INFO - [2025-11-07T14:28:05.716+0000] {dagbag.py:588} INFO - Filling up the DagBag from /home/airflow/.local/lib/python3.12/site-packages/airflow/example_dags/example_xcomargs.py
[2025-11-07T14:28:05.723+0000] {processor.py:925} INFO - DAG(s) 'example_xcom_args', 'example_xcom_args_with_operators' retrieved from /home/airflow/.local/lib/python3.12/site-packages/airflow/example_dags/example_xcomargs.py
[2025-11-07T14:28:05.742+0000] {logging_mixin.py:190} INFO - [2025-11-07T14:28:05.741+0000] {dag.py:3239} INFO - Sync 2 DAGs
[2025-11-07T14:28:05.763+0000] {logging_mixin.py:190} INFO - [2025-11-07T14:28:05.762+0000] {dag.py:4180} INFO - Setting next_dagrun for example_xcom_args to None, run_after=None
[2025-11-07T14:28:05.769+0000] {logging_mixin.py:190} INFO - [2025-11-07T14:28:05.768+0000] {dag.py:4180} INFO - Setting next_dagrun for example_xcom_args_with_operators to None, run_after=None
[2025-11-07T14:28:05.793+0000] {processor.py:208} INFO - Processing /home/airflow/.local/lib/python3.12/site-packages/airflow/example_dags/example_xcomargs.py took 0.083 seconds
[2025-11-07T14:28:36.483+0000] {processor.py:186} INFO - Started process (PID=607) to work on /home/airflow/.local/lib/python3.12/site-packages/airflow/example_dags/example_xcomargs.py
[2025-11-07T14:28:36.486+0000] {processor.py:914} INFO - Processing file /home/airflow/.local/lib/python3.12/site-packages/airflow/example_dags/example_xcomargs.py for tasks to queue
[2025-11-07T14:28:36.488+0000] {logging_mixin.py:190} INFO - [2025-11-07T14:28:36.488+0000] {dagbag.py:588} INFO - Filling up the DagBag from /home/airflow/.local/lib/python3.12/site-packages/airflow/example_dags/example_xcomargs.py
[2025-11-07T14:28:36.497+0000] {processor.py:925} INFO - DAG(s) 'example_xcom_args', 'example_xcom_args_with_operators' retrieved from /home/airflow/.local/lib/python3.12/site-packages/airflow/example_dags/example_xcomargs.py
[2025-11-07T14:28:36.526+0000] {logging_mixin.py:190} INFO - [2025-11-07T14:28:36.525+0000] {dag.py:3239} INFO - Sync 2 DAGs
[2025-11-07T14:28:36.544+0000] {logging_mixin.py:190} INFO - [2025-11-07T14:28:36.543+0000] {dag.py:4180} INFO - Setting next_dagrun for example_xcom_args to None, run_after=None
[2025-11-07T14:28:36.548+0000] {logging_mixin.py:190} INFO - [2025-11-07T14:28:36.548+0000] {dag.py:4180} INFO - Setting next_dagrun for example_xcom_args_with_operators to None, run_after=None
[2025-11-07T14:28:36.571+0000] {processor.py:208} INFO - Processing /home/airflow/.local/lib/python3.12/site-packages/airflow/example_dags/example_xcomargs.py took 0.095 seconds
[2025-11-07T14:29:06.768+0000] {processor.py:186} INFO - Started process (PID=671) to work on /home/airflow/.local/lib/python3.12/site-packages/airflow/example_dags/example_xcomargs.py
[2025-11-07T14:29:06.769+0000] {processor.py:914} INFO - Processing file /home/airflow/.local/lib/python3.12/site-packages/airflow/example_dags/example_xcomargs.py for tasks to queue
[2025-11-07T14:29:06.773+0000] {logging_mixin.py:190} INFO - [2025-11-07T14:29:06.772+0000] {dagbag.py:588} INFO - Filling up the DagBag from /home/airflow/.local/lib/python3.12/site-packages/airflow/example_dags/example_xcomargs.py
[2025-11-07T14:29:06.787+0000] {processor.py:925} INFO - DAG(s) 'example_xcom_args_with_operators', 'example_xcom_args' retrieved from /home/airflow/.local/lib/python3.12/site-packages/airflow/example_dags/example_xcomargs.py
[2025-11-07T14:29:06.814+0000] {logging_mixin.py:190} INFO - [2025-11-07T14:29:06.814+0000] {dag.py:3239} INFO - Sync 2 DAGs
[2025-11-07T14:29:06.827+0000] {logging_mixin.py:190} INFO - [2025-11-07T14:29:06.827+0000] {dag.py:4180} INFO - Setting next_dagrun for example_xcom_args to None, run_after=None
[2025-11-07T14:29:06.830+0000] {logging_mixin.py:190} INFO - [2025-11-07T14:29:06.830+0000] {dag.py:4180} INFO - Setting next_dagrun for example_xcom_args_with_operators to None, run_after=None
[2025-11-07T14:29:06.847+0000] {processor.py:208} INFO - Processing /home/airflow/.local/lib/python3.12/site-packages/airflow/example_dags/example_xcomargs.py took 0.089 seconds
[2025-11-07T14:29:38.250+0000] {processor.py:186} INFO - Started process (PID=735) to work on /home/airflow/.local/lib/python3.12/site-packages/airflow/example_dags/example_xcomargs.py
[2025-11-07T14:29:38.253+0000] {processor.py:914} INFO - Processing file /home/airflow/.local/lib/python3.12/site-packages/airflow/example_dags/example_xcomargs.py for tasks to queue
[2025-11-07T14:29:38.255+0000] {logging_mixin.py:190} INFO - [2025-11-07T14:29:38.255+0000] {dagbag.py:588} INFO - Filling up the DagBag from /home/airflow/.local/lib/python3.12/site-packages/airflow/example_dags/example_xcomargs.py
[2025-11-07T14:29:38.266+0000] {processor.py:925} INFO - DAG(s) 'example_xcom_args_with_operators', 'example_xcom_args' retrieved from /home/airflow/.local/lib/python3.12/site-packages/airflow/example_dags/example_xcomargs.py
[2025-11-07T14:29:38.297+0000] {logging_mixin.py:190} INFO - [2025-11-07T14:29:38.297+0000] {dag.py:3239} INFO - Sync 2 DAGs
[2025-11-07T14:29:38.313+0000] {logging_mixin.py:190} INFO - [2025-11-07T14:29:38.313+0000] {dag.py:4180} INFO - Setting next_dagrun for example_xcom_args to None, run_after=None
[2025-11-07T14:29:38.317+0000] {logging_mixin.py:190} INFO - [2025-11-07T14:29:38.317+0000] {dag.py:4180} INFO - Setting next_dagrun for example_xcom_args_with_operators to None, run_after=None
[2025-11-07T14:29:38.332+0000] {processor.py:208} INFO - Processing /home/airflow/.local/lib/python3.12/site-packages/airflow/example_dags/example_xcomargs.py took 0.088 seconds
[2025-11-07T14:30:09.700+0000] {processor.py:186} INFO - Started process (PID=799) to work on /home/airflow/.local/lib/python3.12/site-packages/airflow/example_dags/example_xcomargs.py
[2025-11-07T14:30:09.701+0000] {processor.py:914} INFO - Processing file /home/airflow/.local/lib/python3.12/site-packages/airflow/example_dags/example_xcomargs.py for tasks to queue
[2025-11-07T14:30:09.704+0000] {logging_mixin.py:190} INFO - [2025-11-07T14:30:09.703+0000] {dagbag.py:588} INFO - Filling up the DagBag from /home/airflow/.local/lib/python3.12/site-packages/airflow/example_dags/example_xcomargs.py
[2025-11-07T14:30:09.711+0000] {processor.py:925} INFO - DAG(s) 'example_xcom_args_with_operators', 'example_xcom_args' retrieved from /home/airflow/.local/lib/python3.12/site-packages/airflow/example_dags/example_xcomargs.py
[2025-11-07T14:30:09.734+0000] {logging_mixin.py:190} INFO - [2025-11-07T14:30:09.734+0000] {dag.py:3239} INFO - Sync 2 DAGs
[2025-11-07T14:30:09.748+0000] {logging_mixin.py:190} INFO - [2025-11-07T14:30:09.748+0000] {dag.py:4180} INFO - Setting next_dagrun for example_xcom_args to None, run_after=None
[2025-11-07T14:30:09.751+0000] {logging_mixin.py:190} INFO - [2025-11-07T14:30:09.751+0000] {dag.py:4180} INFO - Setting next_dagrun for example_xcom_args_with_operators to None, run_after=None
[2025-11-07T14:30:09.765+0000] {processor.py:208} INFO - Processing /home/airflow/.local/lib/python3.12/site-packages/airflow/example_dags/example_xcomargs.py took 0.071 seconds
[2025-11-07T14:30:39.918+0000] {processor.py:186} INFO - Started process (PID=863) to work on /home/airflow/.local/lib/python3.12/site-packages/airflow/example_dags/example_xcomargs.py
[2025-11-07T14:30:39.919+0000] {processor.py:914} INFO - Processing file /home/airflow/.local/lib/python3.12/site-packages/airflow/example_dags/example_xcomargs.py for tasks to queue
[2025-11-07T14:30:39.922+0000] {logging_mixin.py:190} INFO - [2025-11-07T14:30:39.922+0000] {dagbag.py:588} INFO - Filling up the DagBag from /home/airflow/.local/lib/python3.12/site-packages/airflow/example_dags/example_xcomargs.py
[2025-11-07T14:30:39.936+0000] {processor.py:925} INFO - DAG(s) 'example_xcom_args', 'example_xcom_args_with_operators' retrieved from /home/airflow/.local/lib/python3.12/site-packages/airflow/example_dags/example_xcomargs.py
[2025-11-07T14:30:39.966+0000] {logging_mixin.py:190} INFO - [2025-11-07T14:30:39.966+0000] {dag.py:3239} INFO - Sync 2 DAGs
[2025-11-07T14:30:39.985+0000] {logging_mixin.py:190} INFO - [2025-11-07T14:30:39.985+0000] {dag.py:4180} INFO - Setting next_dagrun for example_xcom_args to None, run_after=None
[2025-11-07T14:30:39.990+0000] {logging_mixin.py:190} INFO - [2025-11-07T14:30:39.990+0000] {dag.py:4180} INFO - Setting next_dagrun for example_xcom_args_with_operators to None, run_after=None
[2025-11-07T14:30:40.012+0000] {processor.py:208} INFO - Processing /home/airflow/.local/lib/python3.12/site-packages/airflow/example_dags/example_xcomargs.py took 0.102 seconds
[2025-11-07T14:31:10.621+0000] {processor.py:186} INFO - Started process (PID=927) to work on /home/airflow/.local/lib/python3.12/site-packages/airflow/example_dags/example_xcomargs.py
[2025-11-07T14:31:10.622+0000] {processor.py:914} INFO - Processing file /home/airflow/.local/lib/python3.12/site-packages/airflow/example_dags/example_xcomargs.py for tasks to queue
[2025-11-07T14:31:10.626+0000] {logging_mixin.py:190} INFO - [2025-11-07T14:31:10.625+0000] {dagbag.py:588} INFO - Filling up the DagBag from /home/airflow/.local/lib/python3.12/site-packages/airflow/example_dags/example_xcomargs.py
[2025-11-07T14:31:10.641+0000] {processor.py:925} INFO - DAG(s) 'example_xcom_args_with_operators', 'example_xcom_args' retrieved from /home/airflow/.local/lib/python3.12/site-packages/airflow/example_dags/example_xcomargs.py
[2025-11-07T14:31:10.677+0000] {logging_mixin.py:190} INFO - [2025-11-07T14:31:10.677+0000] {dag.py:3239} INFO - Sync 2 DAGs
[2025-11-07T14:31:10.697+0000] {logging_mixin.py:190} INFO - [2025-11-07T14:31:10.697+0000] {dag.py:4180} INFO - Setting next_dagrun for example_xcom_args to None, run_after=None
[2025-11-07T14:31:10.702+0000] {logging_mixin.py:190} INFO - [2025-11-07T14:31:10.701+0000] {dag.py:4180} INFO - Setting next_dagrun for example_xcom_args_with_operators to None, run_after=None
[2025-11-07T14:31:10.728+0000] {processor.py:208} INFO - Processing /home/airflow/.local/lib/python3.12/site-packages/airflow/example_dags/example_xcomargs.py took 0.114 seconds
[2025-11-07T14:31:41.715+0000] {processor.py:186} INFO - Started process (PID=991) to work on /home/airflow/.local/lib/python3.12/site-packages/airflow/example_dags/example_xcomargs.py
[2025-11-07T14:31:41.718+0000] {processor.py:914} INFO - Processing file /home/airflow/.local/lib/python3.12/site-packages/airflow/example_dags/example_xcomargs.py for tasks to queue
[2025-11-07T14:31:41.721+0000] {logging_mixin.py:190} INFO - [2025-11-07T14:31:41.721+0000] {dagbag.py:588} INFO - Filling up the DagBag from /home/airflow/.local/lib/python3.12/site-packages/airflow/example_dags/example_xcomargs.py
[2025-11-07T14:31:41.734+0000] {processor.py:925} INFO - DAG(s) 'example_xcom_args_with_operators', 'example_xcom_args' retrieved from /home/airflow/.local/lib/python3.12/site-packages/airflow/example_dags/example_xcomargs.py
[2025-11-07T14:31:41.763+0000] {logging_mixin.py:190} INFO - [2025-11-07T14:31:41.763+0000] {dag.py:3239} INFO - Sync 2 DAGs
[2025-11-07T14:31:41.778+0000] {logging_mixin.py:190} INFO - [2025-11-07T14:31:41.778+0000] {dag.py:4180} INFO - Setting next_dagrun for example_xcom_args to None, run_after=None
[2025-11-07T14:31:41.783+0000] {logging_mixin.py:190} INFO - [2025-11-07T14:31:41.783+0000] {dag.py:4180} INFO - Setting next_dagrun for example_xcom_args_with_operators to None, run_after=None
[2025-11-07T14:31:41.808+0000] {processor.py:208} INFO - Processing /home/airflow/.local/lib/python3.12/site-packages/airflow/example_dags/example_xcomargs.py took 0.101 seconds
[2025-11-07T14:32:12.459+0000] {processor.py:186} INFO - Started process (PID=1055) to work on /home/airflow/.local/lib/python3.12/site-packages/airflow/example_dags/example_xcomargs.py
[2025-11-07T14:32:12.461+0000] {processor.py:914} INFO - Processing file /home/airflow/.local/lib/python3.12/site-packages/airflow/example_dags/example_xcomargs.py for tasks to queue
[2025-11-07T14:32:12.465+0000] {logging_mixin.py:190} INFO - [2025-11-07T14:32:12.464+0000] {dagbag.py:588} INFO - Filling up the DagBag from /home/airflow/.local/lib/python3.12/site-packages/airflow/example_dags/example_xcomargs.py
[2025-11-07T14:32:12.479+0000] {processor.py:925} INFO - DAG(s) 'example_xcom_args', 'example_xcom_args_with_operators' retrieved from /home/airflow/.local/lib/python3.12/site-packages/airflow/example_dags/example_xcomargs.py
[2025-11-07T14:32:12.506+0000] {logging_mixin.py:190} INFO - [2025-11-07T14:32:12.506+0000] {dag.py:3239} INFO - Sync 2 DAGs
[2025-11-07T14:32:12.516+0000] {logging_mixin.py:190} INFO - [2025-11-07T14:32:12.516+0000] {dag.py:4180} INFO - Setting next_dagrun for example_xcom_args to None, run_after=None
[2025-11-07T14:32:12.519+0000] {logging_mixin.py:190} INFO - [2025-11-07T14:32:12.519+0000] {dag.py:4180} INFO - Setting next_dagrun for example_xcom_args_with_operators to None, run_after=None
[2025-11-07T14:32:12.531+0000] {processor.py:208} INFO - Processing /home/airflow/.local/lib/python3.12/site-packages/airflow/example_dags/example_xcomargs.py took 0.080 seconds
[2025-11-07T14:32:43.641+0000] {processor.py:186} INFO - Started process (PID=1119) to work on /home/airflow/.local/lib/python3.12/site-packages/airflow/example_dags/example_xcomargs.py
[2025-11-07T14:32:43.643+0000] {processor.py:914} INFO - Processing file /home/airflow/.local/lib/python3.12/site-packages/airflow/example_dags/example_xcomargs.py for tasks to queue
[2025-11-07T14:32:43.646+0000] {logging_mixin.py:190} INFO - [2025-11-07T14:32:43.646+0000] {dagbag.py:588} INFO - Filling up the DagBag from /home/airflow/.local/lib/python3.12/site-packages/airflow/example_dags/example_xcomargs.py
[2025-11-07T14:32:43.660+0000] {processor.py:925} INFO - DAG(s) 'example_xcom_args_with_operators', 'example_xcom_args' retrieved from /home/airflow/.local/lib/python3.12/site-packages/airflow/example_dags/example_xcomargs.py
[2025-11-07T14:32:43.696+0000] {logging_mixin.py:190} INFO - [2025-11-07T14:32:43.696+0000] {dag.py:3239} INFO - Sync 2 DAGs
[2025-11-07T14:32:43.716+0000] {logging_mixin.py:190} INFO - [2025-11-07T14:32:43.716+0000] {dag.py:4180} INFO - Setting next_dagrun for example_xcom_args to None, run_after=None
[2025-11-07T14:32:43.722+0000] {logging_mixin.py:190} INFO - [2025-11-07T14:32:43.721+0000] {dag.py:4180} INFO - Setting next_dagrun for example_xcom_args_with_operators to None, run_after=None
[2025-11-07T14:32:43.745+0000] {processor.py:208} INFO - Processing /home/airflow/.local/lib/python3.12/site-packages/airflow/example_dags/example_xcomargs.py took 0.113 seconds
[2025-11-07T14:33:15.126+0000] {processor.py:186} INFO - Started process (PID=1183) to work on /home/airflow/.local/lib/python3.12/site-packages/airflow/example_dags/example_xcomargs.py
[2025-11-07T14:33:15.127+0000] {processor.py:914} INFO - Processing file /home/airflow/.local/lib/python3.12/site-packages/airflow/example_dags/example_xcomargs.py for tasks to queue
[2025-11-07T14:33:15.129+0000] {logging_mixin.py:190} INFO - [2025-11-07T14:33:15.129+0000] {dagbag.py:588} INFO - Filling up the DagBag from /home/airflow/.local/lib/python3.12/site-packages/airflow/example_dags/example_xcomargs.py
[2025-11-07T14:33:15.139+0000] {processor.py:925} INFO - DAG(s) 'example_xcom_args_with_operators', 'example_xcom_args' retrieved from /home/airflow/.local/lib/python3.12/site-packages/airflow/example_dags/example_xcomargs.py
[2025-11-07T14:33:15.162+0000] {logging_mixin.py:190} INFO - [2025-11-07T14:33:15.162+0000] {dag.py:3239} INFO - Sync 2 DAGs
[2025-11-07T14:33:15.179+0000] {logging_mixin.py:190} INFO - [2025-11-07T14:33:15.179+0000] {dag.py:4180} INFO - Setting next_dagrun for example_xcom_args to None, run_after=None
[2025-11-07T14:33:15.184+0000] {logging_mixin.py:190} INFO - [2025-11-07T14:33:15.183+0000] {dag.py:4180} INFO - Setting next_dagrun for example_xcom_args_with_operators to None, run_after=None
[2025-11-07T14:33:15.202+0000] {processor.py:208} INFO - Processing /home/airflow/.local/lib/python3.12/site-packages/airflow/example_dags/example_xcomargs.py took 0.083 seconds
[2025-11-07T14:33:46.868+0000] {processor.py:186} INFO - Started process (PID=1247) to work on /home/airflow/.local/lib/python3.12/site-packages/airflow/example_dags/example_xcomargs.py
[2025-11-07T14:33:46.869+0000] {processor.py:914} INFO - Processing file /home/airflow/.local/lib/python3.12/site-packages/airflow/example_dags/example_xcomargs.py for tasks to queue
[2025-11-07T14:33:46.872+0000] {logging_mixin.py:190} INFO - [2025-11-07T14:33:46.871+0000] {dagbag.py:588} INFO - Filling up the DagBag from /home/airflow/.local/lib/python3.12/site-packages/airflow/example_dags/example_xcomargs.py
[2025-11-07T14:33:46.886+0000] {processor.py:925} INFO - DAG(s) 'example_xcom_args', 'example_xcom_args_with_operators' retrieved from /home/airflow/.local/lib/python3.12/site-packages/airflow/example_dags/example_xcomargs.py
[2025-11-07T14:33:46.919+0000] {logging_mixin.py:190} INFO - [2025-11-07T14:33:46.919+0000] {dag.py:3239} INFO - Sync 2 DAGs
[2025-11-07T14:33:46.934+0000] {logging_mixin.py:190} INFO - [2025-11-07T14:33:46.934+0000] {dag.py:4180} INFO - Setting next_dagrun for example_xcom_args to None, run_after=None
[2025-11-07T14:33:46.938+0000] {logging_mixin.py:190} INFO - [2025-11-07T14:33:46.938+0000] {dag.py:4180} INFO - Setting next_dagrun for example_xcom_args_with_operators to None, run_after=None
[2025-11-07T14:33:46.956+0000] {processor.py:208} INFO - Processing /home/airflow/.local/lib/python3.12/site-packages/airflow/example_dags/example_xcomargs.py took 0.096 seconds
[2025-11-07T14:34:17.533+0000] {processor.py:186} INFO - Started process (PID=1311) to work on /home/airflow/.local/lib/python3.12/site-packages/airflow/example_dags/example_xcomargs.py
[2025-11-07T14:34:17.536+0000] {processor.py:914} INFO - Processing file /home/airflow/.local/lib/python3.12/site-packages/airflow/example_dags/example_xcomargs.py for tasks to queue
[2025-11-07T14:34:17.539+0000] {logging_mixin.py:190} INFO - [2025-11-07T14:34:17.539+0000] {dagbag.py:588} INFO - Filling up the DagBag from /home/airflow/.local/lib/python3.12/site-packages/airflow/example_dags/example_xcomargs.py
[2025-11-07T14:34:17.551+0000] {processor.py:925} INFO - DAG(s) 'example_xcom_args_with_operators', 'example_xcom_args' retrieved from /home/airflow/.local/lib/python3.12/site-packages/airflow/example_dags/example_xcomargs.py
[2025-11-07T14:34:17.582+0000] {logging_mixin.py:190} INFO - [2025-11-07T14:34:17.582+0000] {dag.py:3239} INFO - Sync 2 DAGs
[2025-11-07T14:34:17.601+0000] {logging_mixin.py:190} INFO - [2025-11-07T14:34:17.600+0000] {dag.py:4180} INFO - Setting next_dagrun for example_xcom_args to None, run_after=None
[2025-11-07T14:34:17.605+0000] {logging_mixin.py:190} INFO - [2025-11-07T14:34:17.605+0000] {dag.py:4180} INFO - Setting next_dagrun for example_xcom_args_with_operators to None, run_after=None
[2025-11-07T14:34:17.627+0000] {processor.py:208} INFO - Processing /home/airflow/.local/lib/python3.12/site-packages/airflow/example_dags/example_xcomargs.py took 0.100 seconds
[2025-11-07T14:34:48.349+0000] {processor.py:186} INFO - Started process (PID=1375) to work on /home/airflow/.local/lib/python3.12/site-packages/airflow/example_dags/example_xcomargs.py
[2025-11-07T14:34:48.350+0000] {processor.py:914} INFO - Processing file /home/airflow/.local/lib/python3.12/site-packages/airflow/example_dags/example_xcomargs.py for tasks to queue
[2025-11-07T14:34:48.353+0000] {logging_mixin.py:190} INFO - [2025-11-07T14:34:48.352+0000] {dagbag.py:588} INFO - Filling up the DagBag from /home/airflow/.local/lib/python3.12/site-packages/airflow/example_dags/example_xcomargs.py
[2025-11-07T14:34:48.364+0000] {processor.py:925} INFO - DAG(s) 'example_xcom_args_with_operators', 'example_xcom_args' retrieved from /home/airflow/.local/lib/python3.12/site-packages/airflow/example_dags/example_xcomargs.py
[2025-11-07T14:34:48.392+0000] {logging_mixin.py:190} INFO - [2025-11-07T14:34:48.392+0000] {dag.py:3239} INFO - Sync 2 DAGs
[2025-11-07T14:34:48.414+0000] {logging_mixin.py:190} INFO - [2025-11-07T14:34:48.414+0000] {dag.py:4180} INFO - Setting next_dagrun for example_xcom_args to None, run_after=None
[2025-11-07T14:34:48.420+0000] {logging_mixin.py:190} INFO - [2025-11-07T14:34:48.420+0000] {dag.py:4180} INFO - Setting next_dagrun for example_xcom_args_with_operators to None, run_after=None
[2025-11-07T14:34:48.443+0000] {processor.py:208} INFO - Processing /home/airflow/.local/lib/python3.12/site-packages/airflow/example_dags/example_xcomargs.py took 0.102 seconds
[2025-11-07T14:35:18.695+0000] {processor.py:186} INFO - Started process (PID=1439) to work on /home/airflow/.local/lib/python3.12/site-packages/airflow/example_dags/example_xcomargs.py
[2025-11-07T14:35:18.696+0000] {processor.py:914} INFO - Processing file /home/airflow/.local/lib/python3.12/site-packages/airflow/example_dags/example_xcomargs.py for tasks to queue
[2025-11-07T14:35:18.698+0000] {logging_mixin.py:190} INFO - [2025-11-07T14:35:18.697+0000] {dagbag.py:588} INFO - Filling up the DagBag from /home/airflow/.local/lib/python3.12/site-packages/airflow/example_dags/example_xcomargs.py
[2025-11-07T14:35:18.710+0000] {processor.py:925} INFO - DAG(s) 'example_xcom_args_with_operators', 'example_xcom_args' retrieved from /home/airflow/.local/lib/python3.12/site-packages/airflow/example_dags/example_xcomargs.py
[2025-11-07T14:35:18.746+0000] {logging_mixin.py:190} INFO - [2025-11-07T14:35:18.746+0000] {dag.py:3239} INFO - Sync 2 DAGs
[2025-11-07T14:35:18.769+0000] {logging_mixin.py:190} INFO - [2025-11-07T14:35:18.768+0000] {dag.py:4180} INFO - Setting next_dagrun for example_xcom_args to None, run_after=None
[2025-11-07T14:35:18.775+0000] {logging_mixin.py:190} INFO - [2025-11-07T14:35:18.775+0000] {dag.py:4180} INFO - Setting next_dagrun for example_xcom_args_with_operators to None, run_after=None
[2025-11-07T14:35:18.798+0000] {processor.py:208} INFO - Processing /home/airflow/.local/lib/python3.12/site-packages/airflow/example_dags/example_xcomargs.py took 0.107 seconds
[2025-11-07T14:35:50.162+0000] {processor.py:186} INFO - Started process (PID=1503) to work on /home/airflow/.local/lib/python3.12/site-packages/airflow/example_dags/example_xcomargs.py
[2025-11-07T14:35:50.163+0000] {processor.py:914} INFO - Processing file /home/airflow/.local/lib/python3.12/site-packages/airflow/example_dags/example_xcomargs.py for tasks to queue
[2025-11-07T14:35:50.166+0000] {logging_mixin.py:190} INFO - [2025-11-07T14:35:50.166+0000] {dagbag.py:588} INFO - Filling up the DagBag from /home/airflow/.local/lib/python3.12/site-packages/airflow/example_dags/example_xcomargs.py
[2025-11-07T14:35:50.182+0000] {processor.py:925} INFO - DAG(s) 'example_xcom_args_with_operators', 'example_xcom_args' retrieved from /home/airflow/.local/lib/python3.12/site-packages/airflow/example_dags/example_xcomargs.py
[2025-11-07T14:35:50.224+0000] {logging_mixin.py:190} INFO - [2025-11-07T14:35:50.223+0000] {dag.py:3239} INFO - Sync 2 DAGs
[2025-11-07T14:35:50.244+0000] {logging_mixin.py:190} INFO - [2025-11-07T14:35:50.244+0000] {dag.py:4180} INFO - Setting next_dagrun for example_xcom_args to None, run_after=None
[2025-11-07T14:35:50.249+0000] {logging_mixin.py:190} INFO - [2025-11-07T14:35:50.248+0000] {dag.py:4180} INFO - Setting next_dagrun for example_xcom_args_with_operators to None, run_after=None
[2025-11-07T14:35:50.269+0000] {processor.py:208} INFO - Processing /home/airflow/.local/lib/python3.12/site-packages/airflow/example_dags/example_xcomargs.py took 0.113 seconds
[2025-11-07T14:36:21.756+0000] {processor.py:186} INFO - Started process (PID=1567) to work on /home/airflow/.local/lib/python3.12/site-packages/airflow/example_dags/example_xcomargs.py
[2025-11-07T14:36:21.758+0000] {processor.py:914} INFO - Processing file /home/airflow/.local/lib/python3.12/site-packages/airflow/example_dags/example_xcomargs.py for tasks to queue
[2025-11-07T14:36:21.762+0000] {logging_mixin.py:190} INFO - [2025-11-07T14:36:21.761+0000] {dagbag.py:588} INFO - Filling up the DagBag from /home/airflow/.local/lib/python3.12/site-packages/airflow/example_dags/example_xcomargs.py
[2025-11-07T14:36:21.774+0000] {processor.py:925} INFO - DAG(s) 'example_xcom_args_with_operators', 'example_xcom_args' retrieved from /home/airflow/.local/lib/python3.12/site-packages/airflow/example_dags/example_xcomargs.py
[2025-11-07T14:36:21.805+0000] {logging_mixin.py:190} INFO - [2025-11-07T14:36:21.804+0000] {dag.py:3239} INFO - Sync 2 DAGs
[2025-11-07T14:36:21.822+0000] {logging_mixin.py:190} INFO - [2025-11-07T14:36:21.822+0000] {dag.py:4180} INFO - Setting next_dagrun for example_xcom_args to None, run_after=None
[2025-11-07T14:36:21.827+0000] {logging_mixin.py:190} INFO - [2025-11-07T14:36:21.827+0000] {dag.py:4180} INFO - Setting next_dagrun for example_xcom_args_with_operators to None, run_after=None
[2025-11-07T14:36:21.847+0000] {processor.py:208} INFO - Processing /home/airflow/.local/lib/python3.12/site-packages/airflow/example_dags/example_xcomargs.py took 0.099 seconds
[2025-11-07T14:36:52.434+0000] {processor.py:186} INFO - Started process (PID=1631) to work on /home/airflow/.local/lib/python3.12/site-packages/airflow/example_dags/example_xcomargs.py
[2025-11-07T14:36:52.435+0000] {processor.py:914} INFO - Processing file /home/airflow/.local/lib/python3.12/site-packages/airflow/example_dags/example_xcomargs.py for tasks to queue
[2025-11-07T14:36:52.438+0000] {logging_mixin.py:190} INFO - [2025-11-07T14:36:52.437+0000] {dagbag.py:588} INFO - Filling up the DagBag from /home/airflow/.local/lib/python3.12/site-packages/airflow/example_dags/example_xcomargs.py
[2025-11-07T14:36:52.450+0000] {processor.py:925} INFO - DAG(s) 'example_xcom_args', 'example_xcom_args_with_operators' retrieved from /home/airflow/.local/lib/python3.12/site-packages/airflow/example_dags/example_xcomargs.py
[2025-11-07T14:36:52.480+0000] {logging_mixin.py:190} INFO - [2025-11-07T14:36:52.479+0000] {dag.py:3239} INFO - Sync 2 DAGs
[2025-11-07T14:36:52.497+0000] {logging_mixin.py:190} INFO - [2025-11-07T14:36:52.497+0000] {dag.py:4180} INFO - Setting next_dagrun for example_xcom_args to None, run_after=None
[2025-11-07T14:36:52.502+0000] {logging_mixin.py:190} INFO - [2025-11-07T14:36:52.501+0000] {dag.py:4180} INFO - Setting next_dagrun for example_xcom_args_with_operators to None, run_after=None
[2025-11-07T14:36:52.523+0000] {processor.py:208} INFO - Processing /home/airflow/.local/lib/python3.12/site-packages/airflow/example_dags/example_xcomargs.py took 0.098 seconds
[2025-11-07T14:37:23.746+0000] {processor.py:186} INFO - Started process (PID=1695) to work on /home/airflow/.local/lib/python3.12/site-packages/airflow/example_dags/example_xcomargs.py
[2025-11-07T14:37:23.749+0000] {processor.py:914} INFO - Processing file /home/airflow/.local/lib/python3.12/site-packages/airflow/example_dags/example_xcomargs.py for tasks to queue
[2025-11-07T14:37:23.752+0000] {logging_mixin.py:190} INFO - [2025-11-07T14:37:23.752+0000] {dagbag.py:588} INFO - Filling up the DagBag from /home/airflow/.local/lib/python3.12/site-packages/airflow/example_dags/example_xcomargs.py
[2025-11-07T14:37:23.764+0000] {processor.py:925} INFO - DAG(s) 'example_xcom_args', 'example_xcom_args_with_operators' retrieved from /home/airflow/.local/lib/python3.12/site-packages/airflow/example_dags/example_xcomargs.py
[2025-11-07T14:37:23.783+0000] {logging_mixin.py:190} INFO - [2025-11-07T14:37:23.783+0000] {dag.py:3239} INFO - Sync 2 DAGs
[2025-11-07T14:37:23.793+0000] {logging_mixin.py:190} INFO - [2025-11-07T14:37:23.793+0000] {dag.py:4180} INFO - Setting next_dagrun for example_xcom_args to None, run_after=None
[2025-11-07T14:37:23.795+0000] {logging_mixin.py:190} INFO - [2025-11-07T14:37:23.795+0000] {dag.py:4180} INFO - Setting next_dagrun for example_xcom_args_with_operators to None, run_after=None
[2025-11-07T14:37:23.804+0000] {processor.py:208} INFO - Processing /home/airflow/.local/lib/python3.12/site-packages/airflow/example_dags/example_xcomargs.py took 0.067 seconds
[2025-11-07T14:37:54.174+0000] {processor.py:186} INFO - Started process (PID=1759) to work on /home/airflow/.local/lib/python3.12/site-packages/airflow/example_dags/example_xcomargs.py
[2025-11-07T14:37:54.175+0000] {processor.py:914} INFO - Processing file /home/airflow/.local/lib/python3.12/site-packages/airflow/example_dags/example_xcomargs.py for tasks to queue
[2025-11-07T14:37:54.177+0000] {logging_mixin.py:190} INFO - [2025-11-07T14:37:54.177+0000] {dagbag.py:588} INFO - Filling up the DagBag from /home/airflow/.local/lib/python3.12/site-packages/airflow/example_dags/example_xcomargs.py
[2025-11-07T14:37:54.187+0000] {processor.py:925} INFO - DAG(s) 'example_xcom_args_with_operators', 'example_xcom_args' retrieved from /home/airflow/.local/lib/python3.12/site-packages/airflow/example_dags/example_xcomargs.py
[2025-11-07T14:37:54.216+0000] {logging_mixin.py:190} INFO - [2025-11-07T14:37:54.215+0000] {dag.py:3239} INFO - Sync 2 DAGs
[2025-11-07T14:37:54.242+0000] {logging_mixin.py:190} INFO - [2025-11-07T14:37:54.242+0000] {dag.py:4180} INFO - Setting next_dagrun for example_xcom_args to None, run_after=None
[2025-11-07T14:37:54.249+0000] {logging_mixin.py:190} INFO - [2025-11-07T14:37:54.249+0000] {dag.py:4180} INFO - Setting next_dagrun for example_xcom_args_with_operators to None, run_after=None
[2025-11-07T14:37:54.272+0000] {processor.py:208} INFO - Processing /home/airflow/.local/lib/python3.12/site-packages/airflow/example_dags/example_xcomargs.py took 0.106 seconds
[2025-11-07T14:38:25.502+0000] {processor.py:186} INFO - Started process (PID=1823) to work on /home/airflow/.local/lib/python3.12/site-packages/airflow/example_dags/example_xcomargs.py
[2025-11-07T14:38:25.503+0000] {processor.py:914} INFO - Processing file /home/airflow/.local/lib/python3.12/site-packages/airflow/example_dags/example_xcomargs.py for tasks to queue
[2025-11-07T14:38:25.506+0000] {logging_mixin.py:190} INFO - [2025-11-07T14:38:25.505+0000] {dagbag.py:588} INFO - Filling up the DagBag from /home/airflow/.local/lib/python3.12/site-packages/airflow/example_dags/example_xcomargs.py
[2025-11-07T14:38:25.519+0000] {processor.py:925} INFO - DAG(s) 'example_xcom_args', 'example_xcom_args_with_operators' retrieved from /home/airflow/.local/lib/python3.12/site-packages/airflow/example_dags/example_xcomargs.py
[2025-11-07T14:38:25.553+0000] {logging_mixin.py:190} INFO - [2025-11-07T14:38:25.553+0000] {dag.py:3239} INFO - Sync 2 DAGs
[2025-11-07T14:38:25.572+0000] {logging_mixin.py:190} INFO - [2025-11-07T14:38:25.571+0000] {dag.py:4180} INFO - Setting next_dagrun for example_xcom_args to None, run_after=None
[2025-11-07T14:38:25.577+0000] {logging_mixin.py:190} INFO - [2025-11-07T14:38:25.576+0000] {dag.py:4180} INFO - Setting next_dagrun for example_xcom_args_with_operators to None, run_after=None
[2025-11-07T14:38:25.592+0000] {processor.py:208} INFO - Processing /home/airflow/.local/lib/python3.12/site-packages/airflow/example_dags/example_xcomargs.py took 0.096 seconds
[2025-11-07T14:38:56.561+0000] {processor.py:186} INFO - Started process (PID=1887) to work on /home/airflow/.local/lib/python3.12/site-packages/airflow/example_dags/example_xcomargs.py
[2025-11-07T14:38:56.562+0000] {processor.py:914} INFO - Processing file /home/airflow/.local/lib/python3.12/site-packages/airflow/example_dags/example_xcomargs.py for tasks to queue
[2025-11-07T14:38:56.566+0000] {logging_mixin.py:190} INFO - [2025-11-07T14:38:56.566+0000] {dagbag.py:588} INFO - Filling up the DagBag from /home/airflow/.local/lib/python3.12/site-packages/airflow/example_dags/example_xcomargs.py
[2025-11-07T14:38:56.581+0000] {processor.py:925} INFO - DAG(s) 'example_xcom_args_with_operators', 'example_xcom_args' retrieved from /home/airflow/.local/lib/python3.12/site-packages/airflow/example_dags/example_xcomargs.py
[2025-11-07T14:38:56.612+0000] {logging_mixin.py:190} INFO - [2025-11-07T14:38:56.612+0000] {dag.py:3239} INFO - Sync 2 DAGs
[2025-11-07T14:38:56.628+0000] {logging_mixin.py:190} INFO - [2025-11-07T14:38:56.628+0000] {dag.py:4180} INFO - Setting next_dagrun for example_xcom_args to None, run_after=None
[2025-11-07T14:38:56.633+0000] {logging_mixin.py:190} INFO - [2025-11-07T14:38:56.632+0000] {dag.py:4180} INFO - Setting next_dagrun for example_xcom_args_with_operators to None, run_after=None
[2025-11-07T14:38:56.651+0000] {processor.py:208} INFO - Processing /home/airflow/.local/lib/python3.12/site-packages/airflow/example_dags/example_xcomargs.py took 0.099 seconds
[2025-11-07T14:39:28.505+0000] {processor.py:186} INFO - Started process (PID=1957) to work on /home/airflow/.local/lib/python3.12/site-packages/airflow/example_dags/example_xcomargs.py
[2025-11-07T14:39:28.507+0000] {processor.py:914} INFO - Processing file /home/airflow/.local/lib/python3.12/site-packages/airflow/example_dags/example_xcomargs.py for tasks to queue
[2025-11-07T14:39:28.509+0000] {logging_mixin.py:190} INFO - [2025-11-07T14:39:28.509+0000] {dagbag.py:588} INFO - Filling up the DagBag from /home/airflow/.local/lib/python3.12/site-packages/airflow/example_dags/example_xcomargs.py
[2025-11-07T14:39:28.517+0000] {processor.py:925} INFO - DAG(s) 'example_xcom_args', 'example_xcom_args_with_operators' retrieved from /home/airflow/.local/lib/python3.12/site-packages/airflow/example_dags/example_xcomargs.py
[2025-11-07T14:39:28.544+0000] {logging_mixin.py:190} INFO - [2025-11-07T14:39:28.544+0000] {dag.py:3239} INFO - Sync 2 DAGs
[2025-11-07T14:39:28.563+0000] {logging_mixin.py:190} INFO - [2025-11-07T14:39:28.563+0000] {dag.py:4180} INFO - Setting next_dagrun for example_xcom_args to None, run_after=None
[2025-11-07T14:39:28.568+0000] {logging_mixin.py:190} INFO - [2025-11-07T14:39:28.567+0000] {dag.py:4180} INFO - Setting next_dagrun for example_xcom_args_with_operators to None, run_after=None
[2025-11-07T14:39:28.588+0000] {processor.py:208} INFO - Processing /home/airflow/.local/lib/python3.12/site-packages/airflow/example_dags/example_xcomargs.py took 0.089 seconds
