[2025-11-07T14:24:26.654+0000] {processor.py:186} INFO - Started process (PID=80) to work on /home/airflow/.local/lib/python3.12/site-packages/airflow/example_dags/example_dataset_alias.py
[2025-11-07T14:24:26.654+0000] {processor.py:914} INFO - Processing file /home/airflow/.local/lib/python3.12/site-packages/airflow/example_dags/example_dataset_alias.py for tasks to queue
[2025-11-07T14:24:26.656+0000] {logging_mixin.py:190} INFO - [2025-11-07T14:24:26.655+0000] {dagbag.py:588} INFO - Filling up the DagBag from /home/airflow/.local/lib/python3.12/site-packages/airflow/example_dags/example_dataset_alias.py
[2025-11-07T14:24:27.022+0000] {processor.py:925} INFO - DAG(s) 'dataset_s3_bucket_producer', 'dataset_alias_example_alias_producer', 'dataset_alias_example_alias_consumer', 'dataset_s3_bucket_consumer' retrieved from /home/airflow/.local/lib/python3.12/site-packages/airflow/example_dags/example_dataset_alias.py
[2025-11-07T14:24:27.037+0000] {logging_mixin.py:190} INFO - [2025-11-07T14:24:27.036+0000] {dag.py:3239} INFO - Sync 4 DAGs
[2025-11-07T14:24:27.062+0000] {logging_mixin.py:190} INFO - [2025-11-07T14:24:27.061+0000] {dag.py:4180} INFO - Setting next_dagrun for dataset_alias_example_alias_consumer to None, run_after=None
[2025-11-07T14:24:27.065+0000] {logging_mixin.py:190} INFO - [2025-11-07T14:24:27.065+0000] {dag.py:4180} INFO - Setting next_dagrun for dataset_alias_example_alias_producer to None, run_after=None
[2025-11-07T14:24:27.066+0000] {logging_mixin.py:190} INFO - [2025-11-07T14:24:27.066+0000] {dag.py:4180} INFO - Setting next_dagrun for dataset_s3_bucket_consumer to None, run_after=None
[2025-11-07T14:24:27.067+0000] {logging_mixin.py:190} INFO - [2025-11-07T14:24:27.067+0000] {dag.py:4180} INFO - Setting next_dagrun for dataset_s3_bucket_producer to None, run_after=None
[2025-11-07T14:24:27.088+0000] {processor.py:208} INFO - Processing /home/airflow/.local/lib/python3.12/site-packages/airflow/example_dags/example_dataset_alias.py took 0.440 seconds
[2025-11-07T14:24:57.358+0000] {processor.py:186} INFO - Started process (PID=144) to work on /home/airflow/.local/lib/python3.12/site-packages/airflow/example_dags/example_dataset_alias.py
[2025-11-07T14:24:57.361+0000] {processor.py:914} INFO - Processing file /home/airflow/.local/lib/python3.12/site-packages/airflow/example_dags/example_dataset_alias.py for tasks to queue
[2025-11-07T14:24:57.362+0000] {logging_mixin.py:190} INFO - [2025-11-07T14:24:57.362+0000] {dagbag.py:588} INFO - Filling up the DagBag from /home/airflow/.local/lib/python3.12/site-packages/airflow/example_dags/example_dataset_alias.py
[2025-11-07T14:24:57.745+0000] {processor.py:925} INFO - DAG(s) 'dataset_s3_bucket_consumer', 'dataset_alias_example_alias_consumer', 'dataset_s3_bucket_producer', 'dataset_alias_example_alias_producer' retrieved from /home/airflow/.local/lib/python3.12/site-packages/airflow/example_dags/example_dataset_alias.py
[2025-11-07T14:24:57.759+0000] {logging_mixin.py:190} INFO - [2025-11-07T14:24:57.757+0000] {dag.py:3239} INFO - Sync 4 DAGs
[2025-11-07T14:24:57.773+0000] {logging_mixin.py:190} INFO - [2025-11-07T14:24:57.773+0000] {dag.py:4180} INFO - Setting next_dagrun for dataset_alias_example_alias_consumer to None, run_after=None
[2025-11-07T14:24:57.774+0000] {logging_mixin.py:190} INFO - [2025-11-07T14:24:57.774+0000] {dag.py:4180} INFO - Setting next_dagrun for dataset_alias_example_alias_producer to None, run_after=None
[2025-11-07T14:24:57.775+0000] {logging_mixin.py:190} INFO - [2025-11-07T14:24:57.775+0000] {dag.py:4180} INFO - Setting next_dagrun for dataset_s3_bucket_consumer to None, run_after=None
[2025-11-07T14:24:57.776+0000] {logging_mixin.py:190} INFO - [2025-11-07T14:24:57.776+0000] {dag.py:4180} INFO - Setting next_dagrun for dataset_s3_bucket_producer to None, run_after=None
[2025-11-07T14:24:57.791+0000] {processor.py:208} INFO - Processing /home/airflow/.local/lib/python3.12/site-packages/airflow/example_dags/example_dataset_alias.py took 0.438 seconds
[2025-11-07T14:25:28.539+0000] {processor.py:186} INFO - Started process (PID=211) to work on /home/airflow/.local/lib/python3.12/site-packages/airflow/example_dags/example_dataset_alias.py
[2025-11-07T14:25:28.541+0000] {processor.py:914} INFO - Processing file /home/airflow/.local/lib/python3.12/site-packages/airflow/example_dags/example_dataset_alias.py for tasks to queue
[2025-11-07T14:25:28.542+0000] {logging_mixin.py:190} INFO - [2025-11-07T14:25:28.542+0000] {dagbag.py:588} INFO - Filling up the DagBag from /home/airflow/.local/lib/python3.12/site-packages/airflow/example_dags/example_dataset_alias.py
[2025-11-07T14:25:28.921+0000] {processor.py:925} INFO - DAG(s) 'dataset_s3_bucket_producer', 'dataset_alias_example_alias_consumer', 'dataset_alias_example_alias_producer', 'dataset_s3_bucket_consumer' retrieved from /home/airflow/.local/lib/python3.12/site-packages/airflow/example_dags/example_dataset_alias.py
[2025-11-07T14:25:28.933+0000] {logging_mixin.py:190} INFO - [2025-11-07T14:25:28.933+0000] {dag.py:3239} INFO - Sync 4 DAGs
[2025-11-07T14:25:28.949+0000] {logging_mixin.py:190} INFO - [2025-11-07T14:25:28.948+0000] {dag.py:4180} INFO - Setting next_dagrun for dataset_alias_example_alias_consumer to None, run_after=None
[2025-11-07T14:25:28.950+0000] {logging_mixin.py:190} INFO - [2025-11-07T14:25:28.950+0000] {dag.py:4180} INFO - Setting next_dagrun for dataset_alias_example_alias_producer to None, run_after=None
[2025-11-07T14:25:28.951+0000] {logging_mixin.py:190} INFO - [2025-11-07T14:25:28.951+0000] {dag.py:4180} INFO - Setting next_dagrun for dataset_s3_bucket_consumer to None, run_after=None
[2025-11-07T14:25:28.952+0000] {logging_mixin.py:190} INFO - [2025-11-07T14:25:28.951+0000] {dag.py:4180} INFO - Setting next_dagrun for dataset_s3_bucket_producer to None, run_after=None
[2025-11-07T14:25:28.967+0000] {processor.py:208} INFO - Processing /home/airflow/.local/lib/python3.12/site-packages/airflow/example_dags/example_dataset_alias.py took 0.432 seconds
[2025-11-07T14:25:59.370+0000] {processor.py:186} INFO - Started process (PID=274) to work on /home/airflow/.local/lib/python3.12/site-packages/airflow/example_dags/example_dataset_alias.py
[2025-11-07T14:25:59.371+0000] {processor.py:914} INFO - Processing file /home/airflow/.local/lib/python3.12/site-packages/airflow/example_dags/example_dataset_alias.py for tasks to queue
[2025-11-07T14:25:59.372+0000] {logging_mixin.py:190} INFO - [2025-11-07T14:25:59.372+0000] {dagbag.py:588} INFO - Filling up the DagBag from /home/airflow/.local/lib/python3.12/site-packages/airflow/example_dags/example_dataset_alias.py
[2025-11-07T14:25:59.708+0000] {processor.py:925} INFO - DAG(s) 'dataset_s3_bucket_producer', 'dataset_s3_bucket_consumer', 'dataset_alias_example_alias_producer', 'dataset_alias_example_alias_consumer' retrieved from /home/airflow/.local/lib/python3.12/site-packages/airflow/example_dags/example_dataset_alias.py
[2025-11-07T14:25:59.720+0000] {logging_mixin.py:190} INFO - [2025-11-07T14:25:59.720+0000] {dag.py:3239} INFO - Sync 4 DAGs
[2025-11-07T14:25:59.733+0000] {logging_mixin.py:190} INFO - [2025-11-07T14:25:59.732+0000] {dag.py:4180} INFO - Setting next_dagrun for dataset_alias_example_alias_consumer to None, run_after=None
[2025-11-07T14:25:59.734+0000] {logging_mixin.py:190} INFO - [2025-11-07T14:25:59.734+0000] {dag.py:4180} INFO - Setting next_dagrun for dataset_alias_example_alias_producer to None, run_after=None
[2025-11-07T14:25:59.735+0000] {logging_mixin.py:190} INFO - [2025-11-07T14:25:59.735+0000] {dag.py:4180} INFO - Setting next_dagrun for dataset_s3_bucket_consumer to None, run_after=None
[2025-11-07T14:25:59.735+0000] {logging_mixin.py:190} INFO - [2025-11-07T14:25:59.735+0000] {dag.py:4180} INFO - Setting next_dagrun for dataset_s3_bucket_producer to None, run_after=None
[2025-11-07T14:25:59.750+0000] {processor.py:208} INFO - Processing /home/airflow/.local/lib/python3.12/site-packages/airflow/example_dags/example_dataset_alias.py took 0.382 seconds
[2025-11-07T14:26:30.746+0000] {processor.py:186} INFO - Started process (PID=336) to work on /home/airflow/.local/lib/python3.12/site-packages/airflow/example_dags/example_dataset_alias.py
[2025-11-07T14:26:30.747+0000] {processor.py:914} INFO - Processing file /home/airflow/.local/lib/python3.12/site-packages/airflow/example_dags/example_dataset_alias.py for tasks to queue
[2025-11-07T14:26:30.749+0000] {logging_mixin.py:190} INFO - [2025-11-07T14:26:30.749+0000] {dagbag.py:588} INFO - Filling up the DagBag from /home/airflow/.local/lib/python3.12/site-packages/airflow/example_dags/example_dataset_alias.py
[2025-11-07T14:26:31.233+0000] {processor.py:925} INFO - DAG(s) 'dataset_alias_example_alias_consumer', 'dataset_s3_bucket_producer', 'dataset_alias_example_alias_producer', 'dataset_s3_bucket_consumer' retrieved from /home/airflow/.local/lib/python3.12/site-packages/airflow/example_dags/example_dataset_alias.py
[2025-11-07T14:26:31.253+0000] {logging_mixin.py:190} INFO - [2025-11-07T14:26:31.253+0000] {dag.py:3239} INFO - Sync 4 DAGs
[2025-11-07T14:26:31.272+0000] {logging_mixin.py:190} INFO - [2025-11-07T14:26:31.272+0000] {dag.py:4180} INFO - Setting next_dagrun for dataset_alias_example_alias_consumer to None, run_after=None
[2025-11-07T14:26:31.274+0000] {logging_mixin.py:190} INFO - [2025-11-07T14:26:31.274+0000] {dag.py:4180} INFO - Setting next_dagrun for dataset_alias_example_alias_producer to None, run_after=None
[2025-11-07T14:26:31.276+0000] {logging_mixin.py:190} INFO - [2025-11-07T14:26:31.276+0000] {dag.py:4180} INFO - Setting next_dagrun for dataset_s3_bucket_consumer to None, run_after=None
[2025-11-07T14:26:31.277+0000] {logging_mixin.py:190} INFO - [2025-11-07T14:26:31.277+0000] {dag.py:4180} INFO - Setting next_dagrun for dataset_s3_bucket_producer to None, run_after=None
[2025-11-07T14:26:31.311+0000] {processor.py:208} INFO - Processing /home/airflow/.local/lib/python3.12/site-packages/airflow/example_dags/example_dataset_alias.py took 0.571 seconds
[2025-11-07T14:27:01.619+0000] {processor.py:186} INFO - Started process (PID=401) to work on /home/airflow/.local/lib/python3.12/site-packages/airflow/example_dags/example_dataset_alias.py
[2025-11-07T14:27:01.619+0000] {processor.py:914} INFO - Processing file /home/airflow/.local/lib/python3.12/site-packages/airflow/example_dags/example_dataset_alias.py for tasks to queue
[2025-11-07T14:27:01.620+0000] {logging_mixin.py:190} INFO - [2025-11-07T14:27:01.620+0000] {dagbag.py:588} INFO - Filling up the DagBag from /home/airflow/.local/lib/python3.12/site-packages/airflow/example_dags/example_dataset_alias.py
[2025-11-07T14:27:01.972+0000] {processor.py:925} INFO - DAG(s) 'dataset_alias_example_alias_producer', 'dataset_s3_bucket_producer', 'dataset_s3_bucket_consumer', 'dataset_alias_example_alias_consumer' retrieved from /home/airflow/.local/lib/python3.12/site-packages/airflow/example_dags/example_dataset_alias.py
[2025-11-07T14:27:01.985+0000] {logging_mixin.py:190} INFO - [2025-11-07T14:27:01.985+0000] {dag.py:3239} INFO - Sync 4 DAGs
[2025-11-07T14:27:02.010+0000] {logging_mixin.py:190} INFO - [2025-11-07T14:27:02.010+0000] {dag.py:4180} INFO - Setting next_dagrun for dataset_alias_example_alias_consumer to None, run_after=None
[2025-11-07T14:27:02.013+0000] {logging_mixin.py:190} INFO - [2025-11-07T14:27:02.013+0000] {dag.py:4180} INFO - Setting next_dagrun for dataset_alias_example_alias_producer to None, run_after=None
[2025-11-07T14:27:02.015+0000] {logging_mixin.py:190} INFO - [2025-11-07T14:27:02.014+0000] {dag.py:4180} INFO - Setting next_dagrun for dataset_s3_bucket_consumer to None, run_after=None
[2025-11-07T14:27:02.016+0000] {logging_mixin.py:190} INFO - [2025-11-07T14:27:02.016+0000] {dag.py:4180} INFO - Setting next_dagrun for dataset_s3_bucket_producer to None, run_after=None
[2025-11-07T14:27:02.043+0000] {processor.py:208} INFO - Processing /home/airflow/.local/lib/python3.12/site-packages/airflow/example_dags/example_dataset_alias.py took 0.428 seconds
[2025-11-07T14:27:32.704+0000] {processor.py:186} INFO - Started process (PID=464) to work on /home/airflow/.local/lib/python3.12/site-packages/airflow/example_dags/example_dataset_alias.py
[2025-11-07T14:27:32.706+0000] {processor.py:914} INFO - Processing file /home/airflow/.local/lib/python3.12/site-packages/airflow/example_dags/example_dataset_alias.py for tasks to queue
[2025-11-07T14:27:32.707+0000] {logging_mixin.py:190} INFO - [2025-11-07T14:27:32.707+0000] {dagbag.py:588} INFO - Filling up the DagBag from /home/airflow/.local/lib/python3.12/site-packages/airflow/example_dags/example_dataset_alias.py
[2025-11-07T14:27:33.050+0000] {processor.py:925} INFO - DAG(s) 'dataset_alias_example_alias_consumer', 'dataset_s3_bucket_producer', 'dataset_alias_example_alias_producer', 'dataset_s3_bucket_consumer' retrieved from /home/airflow/.local/lib/python3.12/site-packages/airflow/example_dags/example_dataset_alias.py
[2025-11-07T14:27:33.077+0000] {logging_mixin.py:190} INFO - [2025-11-07T14:27:33.076+0000] {dag.py:3239} INFO - Sync 4 DAGs
[2025-11-07T14:27:33.113+0000] {logging_mixin.py:190} INFO - [2025-11-07T14:27:33.113+0000] {dag.py:4180} INFO - Setting next_dagrun for dataset_alias_example_alias_consumer to None, run_after=None
[2025-11-07T14:27:33.117+0000] {logging_mixin.py:190} INFO - [2025-11-07T14:27:33.117+0000] {dag.py:4180} INFO - Setting next_dagrun for dataset_alias_example_alias_producer to None, run_after=None
[2025-11-07T14:27:33.119+0000] {logging_mixin.py:190} INFO - [2025-11-07T14:27:33.119+0000] {dag.py:4180} INFO - Setting next_dagrun for dataset_s3_bucket_consumer to None, run_after=None
[2025-11-07T14:27:33.120+0000] {logging_mixin.py:190} INFO - [2025-11-07T14:27:33.120+0000] {dag.py:4180} INFO - Setting next_dagrun for dataset_s3_bucket_producer to None, run_after=None
[2025-11-07T14:27:33.142+0000] {processor.py:208} INFO - Processing /home/airflow/.local/lib/python3.12/site-packages/airflow/example_dags/example_dataset_alias.py took 0.442 seconds
[2025-11-07T14:28:04.456+0000] {processor.py:186} INFO - Started process (PID=528) to work on /home/airflow/.local/lib/python3.12/site-packages/airflow/example_dags/example_dataset_alias.py
[2025-11-07T14:28:04.456+0000] {processor.py:914} INFO - Processing file /home/airflow/.local/lib/python3.12/site-packages/airflow/example_dags/example_dataset_alias.py for tasks to queue
[2025-11-07T14:28:04.458+0000] {logging_mixin.py:190} INFO - [2025-11-07T14:28:04.458+0000] {dagbag.py:588} INFO - Filling up the DagBag from /home/airflow/.local/lib/python3.12/site-packages/airflow/example_dags/example_dataset_alias.py
[2025-11-07T14:28:04.796+0000] {processor.py:925} INFO - DAG(s) 'dataset_s3_bucket_consumer', 'dataset_s3_bucket_producer', 'dataset_alias_example_alias_consumer', 'dataset_alias_example_alias_producer' retrieved from /home/airflow/.local/lib/python3.12/site-packages/airflow/example_dags/example_dataset_alias.py
[2025-11-07T14:28:04.807+0000] {logging_mixin.py:190} INFO - [2025-11-07T14:28:04.806+0000] {dag.py:3239} INFO - Sync 4 DAGs
[2025-11-07T14:28:04.820+0000] {logging_mixin.py:190} INFO - [2025-11-07T14:28:04.820+0000] {dag.py:4180} INFO - Setting next_dagrun for dataset_alias_example_alias_consumer to None, run_after=None
[2025-11-07T14:28:04.821+0000] {logging_mixin.py:190} INFO - [2025-11-07T14:28:04.821+0000] {dag.py:4180} INFO - Setting next_dagrun for dataset_alias_example_alias_producer to None, run_after=None
[2025-11-07T14:28:04.822+0000] {logging_mixin.py:190} INFO - [2025-11-07T14:28:04.822+0000] {dag.py:4180} INFO - Setting next_dagrun for dataset_s3_bucket_consumer to None, run_after=None
[2025-11-07T14:28:04.823+0000] {logging_mixin.py:190} INFO - [2025-11-07T14:28:04.823+0000] {dag.py:4180} INFO - Setting next_dagrun for dataset_s3_bucket_producer to None, run_after=None
[2025-11-07T14:28:04.836+0000] {processor.py:208} INFO - Processing /home/airflow/.local/lib/python3.12/site-packages/airflow/example_dags/example_dataset_alias.py took 0.384 seconds
[2025-11-07T14:28:35.084+0000] {processor.py:186} INFO - Started process (PID=592) to work on /home/airflow/.local/lib/python3.12/site-packages/airflow/example_dags/example_dataset_alias.py
[2025-11-07T14:28:35.086+0000] {processor.py:914} INFO - Processing file /home/airflow/.local/lib/python3.12/site-packages/airflow/example_dags/example_dataset_alias.py for tasks to queue
[2025-11-07T14:28:35.087+0000] {logging_mixin.py:190} INFO - [2025-11-07T14:28:35.087+0000] {dagbag.py:588} INFO - Filling up the DagBag from /home/airflow/.local/lib/python3.12/site-packages/airflow/example_dags/example_dataset_alias.py
[2025-11-07T14:28:35.430+0000] {processor.py:925} INFO - DAG(s) 'dataset_s3_bucket_producer', 'dataset_alias_example_alias_producer', 'dataset_s3_bucket_consumer', 'dataset_alias_example_alias_consumer' retrieved from /home/airflow/.local/lib/python3.12/site-packages/airflow/example_dags/example_dataset_alias.py
[2025-11-07T14:28:35.443+0000] {logging_mixin.py:190} INFO - [2025-11-07T14:28:35.441+0000] {dag.py:3239} INFO - Sync 4 DAGs
[2025-11-07T14:28:35.455+0000] {logging_mixin.py:190} INFO - [2025-11-07T14:28:35.454+0000] {dag.py:4180} INFO - Setting next_dagrun for dataset_alias_example_alias_consumer to None, run_after=None
[2025-11-07T14:28:35.456+0000] {logging_mixin.py:190} INFO - [2025-11-07T14:28:35.456+0000] {dag.py:4180} INFO - Setting next_dagrun for dataset_alias_example_alias_producer to None, run_after=None
[2025-11-07T14:28:35.457+0000] {logging_mixin.py:190} INFO - [2025-11-07T14:28:35.457+0000] {dag.py:4180} INFO - Setting next_dagrun for dataset_s3_bucket_consumer to None, run_after=None
[2025-11-07T14:28:35.457+0000] {logging_mixin.py:190} INFO - [2025-11-07T14:28:35.457+0000] {dag.py:4180} INFO - Setting next_dagrun for dataset_s3_bucket_producer to None, run_after=None
[2025-11-07T14:28:35.468+0000] {processor.py:208} INFO - Processing /home/airflow/.local/lib/python3.12/site-packages/airflow/example_dags/example_dataset_alias.py took 0.389 seconds
[2025-11-07T14:29:05.718+0000] {processor.py:186} INFO - Started process (PID=656) to work on /home/airflow/.local/lib/python3.12/site-packages/airflow/example_dags/example_dataset_alias.py
[2025-11-07T14:29:05.719+0000] {processor.py:914} INFO - Processing file /home/airflow/.local/lib/python3.12/site-packages/airflow/example_dags/example_dataset_alias.py for tasks to queue
[2025-11-07T14:29:05.720+0000] {logging_mixin.py:190} INFO - [2025-11-07T14:29:05.720+0000] {dagbag.py:588} INFO - Filling up the DagBag from /home/airflow/.local/lib/python3.12/site-packages/airflow/example_dags/example_dataset_alias.py
[2025-11-07T14:29:06.080+0000] {processor.py:925} INFO - DAG(s) 'dataset_s3_bucket_producer', 'dataset_s3_bucket_consumer', 'dataset_alias_example_alias_producer', 'dataset_alias_example_alias_consumer' retrieved from /home/airflow/.local/lib/python3.12/site-packages/airflow/example_dags/example_dataset_alias.py
[2025-11-07T14:29:06.095+0000] {logging_mixin.py:190} INFO - [2025-11-07T14:29:06.094+0000] {dag.py:3239} INFO - Sync 4 DAGs
[2025-11-07T14:29:06.117+0000] {logging_mixin.py:190} INFO - [2025-11-07T14:29:06.116+0000] {dag.py:4180} INFO - Setting next_dagrun for dataset_alias_example_alias_consumer to None, run_after=None
[2025-11-07T14:29:06.119+0000] {logging_mixin.py:190} INFO - [2025-11-07T14:29:06.119+0000] {dag.py:4180} INFO - Setting next_dagrun for dataset_alias_example_alias_producer to None, run_after=None
[2025-11-07T14:29:06.124+0000] {logging_mixin.py:190} INFO - [2025-11-07T14:29:06.124+0000] {dag.py:4180} INFO - Setting next_dagrun for dataset_s3_bucket_consumer to None, run_after=None
[2025-11-07T14:29:06.125+0000] {logging_mixin.py:190} INFO - [2025-11-07T14:29:06.125+0000] {dag.py:4180} INFO - Setting next_dagrun for dataset_s3_bucket_producer to None, run_after=None
[2025-11-07T14:29:06.144+0000] {processor.py:208} INFO - Processing /home/airflow/.local/lib/python3.12/site-packages/airflow/example_dags/example_dataset_alias.py took 0.429 seconds
[2025-11-07T14:29:36.854+0000] {processor.py:186} INFO - Started process (PID=720) to work on /home/airflow/.local/lib/python3.12/site-packages/airflow/example_dags/example_dataset_alias.py
[2025-11-07T14:29:36.855+0000] {processor.py:914} INFO - Processing file /home/airflow/.local/lib/python3.12/site-packages/airflow/example_dags/example_dataset_alias.py for tasks to queue
[2025-11-07T14:29:36.858+0000] {logging_mixin.py:190} INFO - [2025-11-07T14:29:36.858+0000] {dagbag.py:588} INFO - Filling up the DagBag from /home/airflow/.local/lib/python3.12/site-packages/airflow/example_dags/example_dataset_alias.py
[2025-11-07T14:29:37.222+0000] {processor.py:925} INFO - DAG(s) 'dataset_alias_example_alias_consumer', 'dataset_alias_example_alias_producer', 'dataset_s3_bucket_producer', 'dataset_s3_bucket_consumer' retrieved from /home/airflow/.local/lib/python3.12/site-packages/airflow/example_dags/example_dataset_alias.py
[2025-11-07T14:29:37.235+0000] {logging_mixin.py:190} INFO - [2025-11-07T14:29:37.234+0000] {dag.py:3239} INFO - Sync 4 DAGs
[2025-11-07T14:29:37.249+0000] {logging_mixin.py:190} INFO - [2025-11-07T14:29:37.248+0000] {dag.py:4180} INFO - Setting next_dagrun for dataset_alias_example_alias_consumer to None, run_after=None
[2025-11-07T14:29:37.250+0000] {logging_mixin.py:190} INFO - [2025-11-07T14:29:37.250+0000] {dag.py:4180} INFO - Setting next_dagrun for dataset_alias_example_alias_producer to None, run_after=None
[2025-11-07T14:29:37.251+0000] {logging_mixin.py:190} INFO - [2025-11-07T14:29:37.251+0000] {dag.py:4180} INFO - Setting next_dagrun for dataset_s3_bucket_consumer to None, run_after=None
[2025-11-07T14:29:37.252+0000] {logging_mixin.py:190} INFO - [2025-11-07T14:29:37.252+0000] {dag.py:4180} INFO - Setting next_dagrun for dataset_s3_bucket_producer to None, run_after=None
[2025-11-07T14:29:37.270+0000] {processor.py:208} INFO - Processing /home/airflow/.local/lib/python3.12/site-packages/airflow/example_dags/example_dataset_alias.py took 0.424 seconds
[2025-11-07T14:30:08.143+0000] {processor.py:186} INFO - Started process (PID=784) to work on /home/airflow/.local/lib/python3.12/site-packages/airflow/example_dags/example_dataset_alias.py
[2025-11-07T14:30:08.144+0000] {processor.py:914} INFO - Processing file /home/airflow/.local/lib/python3.12/site-packages/airflow/example_dags/example_dataset_alias.py for tasks to queue
[2025-11-07T14:30:08.147+0000] {logging_mixin.py:190} INFO - [2025-11-07T14:30:08.147+0000] {dagbag.py:588} INFO - Filling up the DagBag from /home/airflow/.local/lib/python3.12/site-packages/airflow/example_dags/example_dataset_alias.py
[2025-11-07T14:30:08.520+0000] {processor.py:925} INFO - DAG(s) 'dataset_alias_example_alias_consumer', 'dataset_s3_bucket_consumer', 'dataset_alias_example_alias_producer', 'dataset_s3_bucket_producer' retrieved from /home/airflow/.local/lib/python3.12/site-packages/airflow/example_dags/example_dataset_alias.py
[2025-11-07T14:30:08.535+0000] {logging_mixin.py:190} INFO - [2025-11-07T14:30:08.534+0000] {dag.py:3239} INFO - Sync 4 DAGs
[2025-11-07T14:30:08.559+0000] {logging_mixin.py:190} INFO - [2025-11-07T14:30:08.558+0000] {dag.py:4180} INFO - Setting next_dagrun for dataset_alias_example_alias_consumer to None, run_after=None
[2025-11-07T14:30:08.562+0000] {logging_mixin.py:190} INFO - [2025-11-07T14:30:08.561+0000] {dag.py:4180} INFO - Setting next_dagrun for dataset_alias_example_alias_producer to None, run_after=None
[2025-11-07T14:30:08.563+0000] {logging_mixin.py:190} INFO - [2025-11-07T14:30:08.563+0000] {dag.py:4180} INFO - Setting next_dagrun for dataset_s3_bucket_consumer to None, run_after=None
[2025-11-07T14:30:08.564+0000] {logging_mixin.py:190} INFO - [2025-11-07T14:30:08.564+0000] {dag.py:4180} INFO - Setting next_dagrun for dataset_s3_bucket_producer to None, run_after=None
[2025-11-07T14:30:08.589+0000] {processor.py:208} INFO - Processing /home/airflow/.local/lib/python3.12/site-packages/airflow/example_dags/example_dataset_alias.py took 0.455 seconds
[2025-11-07T14:30:38.724+0000] {processor.py:186} INFO - Started process (PID=848) to work on /home/airflow/.local/lib/python3.12/site-packages/airflow/example_dags/example_dataset_alias.py
[2025-11-07T14:30:38.727+0000] {processor.py:914} INFO - Processing file /home/airflow/.local/lib/python3.12/site-packages/airflow/example_dags/example_dataset_alias.py for tasks to queue
[2025-11-07T14:30:38.731+0000] {logging_mixin.py:190} INFO - [2025-11-07T14:30:38.730+0000] {dagbag.py:588} INFO - Filling up the DagBag from /home/airflow/.local/lib/python3.12/site-packages/airflow/example_dags/example_dataset_alias.py
[2025-11-07T14:30:39.095+0000] {processor.py:925} INFO - DAG(s) 'dataset_alias_example_alias_consumer', 'dataset_s3_bucket_consumer', 'dataset_s3_bucket_producer', 'dataset_alias_example_alias_producer' retrieved from /home/airflow/.local/lib/python3.12/site-packages/airflow/example_dags/example_dataset_alias.py
[2025-11-07T14:30:39.107+0000] {logging_mixin.py:190} INFO - [2025-11-07T14:30:39.107+0000] {dag.py:3239} INFO - Sync 4 DAGs
[2025-11-07T14:30:39.122+0000] {logging_mixin.py:190} INFO - [2025-11-07T14:30:39.122+0000] {dag.py:4180} INFO - Setting next_dagrun for dataset_alias_example_alias_consumer to None, run_after=None
[2025-11-07T14:30:39.124+0000] {logging_mixin.py:190} INFO - [2025-11-07T14:30:39.123+0000] {dag.py:4180} INFO - Setting next_dagrun for dataset_alias_example_alias_producer to None, run_after=None
[2025-11-07T14:30:39.125+0000] {logging_mixin.py:190} INFO - [2025-11-07T14:30:39.124+0000] {dag.py:4180} INFO - Setting next_dagrun for dataset_s3_bucket_consumer to None, run_after=None
[2025-11-07T14:30:39.125+0000] {logging_mixin.py:190} INFO - [2025-11-07T14:30:39.125+0000] {dag.py:4180} INFO - Setting next_dagrun for dataset_s3_bucket_producer to None, run_after=None
[2025-11-07T14:30:39.144+0000] {processor.py:208} INFO - Processing /home/airflow/.local/lib/python3.12/site-packages/airflow/example_dags/example_dataset_alias.py took 0.432 seconds
[2025-11-07T14:31:09.198+0000] {processor.py:186} INFO - Started process (PID=912) to work on /home/airflow/.local/lib/python3.12/site-packages/airflow/example_dags/example_dataset_alias.py
[2025-11-07T14:31:09.200+0000] {processor.py:914} INFO - Processing file /home/airflow/.local/lib/python3.12/site-packages/airflow/example_dags/example_dataset_alias.py for tasks to queue
[2025-11-07T14:31:09.202+0000] {logging_mixin.py:190} INFO - [2025-11-07T14:31:09.202+0000] {dagbag.py:588} INFO - Filling up the DagBag from /home/airflow/.local/lib/python3.12/site-packages/airflow/example_dags/example_dataset_alias.py
[2025-11-07T14:31:09.559+0000] {processor.py:925} INFO - DAG(s) 'dataset_s3_bucket_consumer', 'dataset_alias_example_alias_consumer', 'dataset_s3_bucket_producer', 'dataset_alias_example_alias_producer' retrieved from /home/airflow/.local/lib/python3.12/site-packages/airflow/example_dags/example_dataset_alias.py
[2025-11-07T14:31:09.574+0000] {logging_mixin.py:190} INFO - [2025-11-07T14:31:09.573+0000] {dag.py:3239} INFO - Sync 4 DAGs
[2025-11-07T14:31:09.601+0000] {logging_mixin.py:190} INFO - [2025-11-07T14:31:09.600+0000] {dag.py:4180} INFO - Setting next_dagrun for dataset_alias_example_alias_consumer to None, run_after=None
[2025-11-07T14:31:09.604+0000] {logging_mixin.py:190} INFO - [2025-11-07T14:31:09.604+0000] {dag.py:4180} INFO - Setting next_dagrun for dataset_alias_example_alias_producer to None, run_after=None
[2025-11-07T14:31:09.606+0000] {logging_mixin.py:190} INFO - [2025-11-07T14:31:09.606+0000] {dag.py:4180} INFO - Setting next_dagrun for dataset_s3_bucket_consumer to None, run_after=None
[2025-11-07T14:31:09.608+0000] {logging_mixin.py:190} INFO - [2025-11-07T14:31:09.608+0000] {dag.py:4180} INFO - Setting next_dagrun for dataset_s3_bucket_producer to None, run_after=None
[2025-11-07T14:31:09.635+0000] {processor.py:208} INFO - Processing /home/airflow/.local/lib/python3.12/site-packages/airflow/example_dags/example_dataset_alias.py took 0.444 seconds
[2025-11-07T14:31:40.370+0000] {processor.py:186} INFO - Started process (PID=975) to work on /home/airflow/.local/lib/python3.12/site-packages/airflow/example_dags/example_dataset_alias.py
[2025-11-07T14:31:40.372+0000] {processor.py:914} INFO - Processing file /home/airflow/.local/lib/python3.12/site-packages/airflow/example_dags/example_dataset_alias.py for tasks to queue
[2025-11-07T14:31:40.373+0000] {logging_mixin.py:190} INFO - [2025-11-07T14:31:40.373+0000] {dagbag.py:588} INFO - Filling up the DagBag from /home/airflow/.local/lib/python3.12/site-packages/airflow/example_dags/example_dataset_alias.py
[2025-11-07T14:31:40.803+0000] {processor.py:925} INFO - DAG(s) 'dataset_s3_bucket_producer', 'dataset_s3_bucket_consumer', 'dataset_alias_example_alias_producer', 'dataset_alias_example_alias_consumer' retrieved from /home/airflow/.local/lib/python3.12/site-packages/airflow/example_dags/example_dataset_alias.py
[2025-11-07T14:31:40.821+0000] {logging_mixin.py:190} INFO - [2025-11-07T14:31:40.821+0000] {dag.py:3239} INFO - Sync 4 DAGs
[2025-11-07T14:31:40.845+0000] {logging_mixin.py:190} INFO - [2025-11-07T14:31:40.844+0000] {dag.py:4180} INFO - Setting next_dagrun for dataset_alias_example_alias_consumer to None, run_after=None
[2025-11-07T14:31:40.847+0000] {logging_mixin.py:190} INFO - [2025-11-07T14:31:40.847+0000] {dag.py:4180} INFO - Setting next_dagrun for dataset_alias_example_alias_producer to None, run_after=None
[2025-11-07T14:31:40.849+0000] {logging_mixin.py:190} INFO - [2025-11-07T14:31:40.849+0000] {dag.py:4180} INFO - Setting next_dagrun for dataset_s3_bucket_consumer to None, run_after=None
[2025-11-07T14:31:40.850+0000] {logging_mixin.py:190} INFO - [2025-11-07T14:31:40.850+0000] {dag.py:4180} INFO - Setting next_dagrun for dataset_s3_bucket_producer to None, run_after=None
[2025-11-07T14:31:40.875+0000] {processor.py:208} INFO - Processing /home/airflow/.local/lib/python3.12/site-packages/airflow/example_dags/example_dataset_alias.py took 0.510 seconds
[2025-11-07T14:32:10.898+0000] {processor.py:186} INFO - Started process (PID=1039) to work on /home/airflow/.local/lib/python3.12/site-packages/airflow/example_dags/example_dataset_alias.py
[2025-11-07T14:32:10.899+0000] {processor.py:914} INFO - Processing file /home/airflow/.local/lib/python3.12/site-packages/airflow/example_dags/example_dataset_alias.py for tasks to queue
[2025-11-07T14:32:10.900+0000] {logging_mixin.py:190} INFO - [2025-11-07T14:32:10.900+0000] {dagbag.py:588} INFO - Filling up the DagBag from /home/airflow/.local/lib/python3.12/site-packages/airflow/example_dags/example_dataset_alias.py
[2025-11-07T14:32:11.245+0000] {processor.py:925} INFO - DAG(s) 'dataset_s3_bucket_consumer', 'dataset_s3_bucket_producer', 'dataset_alias_example_alias_producer', 'dataset_alias_example_alias_consumer' retrieved from /home/airflow/.local/lib/python3.12/site-packages/airflow/example_dags/example_dataset_alias.py
[2025-11-07T14:32:11.261+0000] {logging_mixin.py:190} INFO - [2025-11-07T14:32:11.260+0000] {dag.py:3239} INFO - Sync 4 DAGs
[2025-11-07T14:32:11.274+0000] {logging_mixin.py:190} INFO - [2025-11-07T14:32:11.274+0000] {dag.py:4180} INFO - Setting next_dagrun for dataset_alias_example_alias_consumer to None, run_after=None
[2025-11-07T14:32:11.276+0000] {logging_mixin.py:190} INFO - [2025-11-07T14:32:11.276+0000] {dag.py:4180} INFO - Setting next_dagrun for dataset_alias_example_alias_producer to None, run_after=None
[2025-11-07T14:32:11.277+0000] {logging_mixin.py:190} INFO - [2025-11-07T14:32:11.277+0000] {dag.py:4180} INFO - Setting next_dagrun for dataset_s3_bucket_consumer to None, run_after=None
[2025-11-07T14:32:11.278+0000] {logging_mixin.py:190} INFO - [2025-11-07T14:32:11.278+0000] {dag.py:4180} INFO - Setting next_dagrun for dataset_s3_bucket_producer to None, run_after=None
[2025-11-07T14:32:11.318+0000] {processor.py:208} INFO - Processing /home/airflow/.local/lib/python3.12/site-packages/airflow/example_dags/example_dataset_alias.py took 0.422 seconds
[2025-11-07T14:32:42.442+0000] {processor.py:186} INFO - Started process (PID=1104) to work on /home/airflow/.local/lib/python3.12/site-packages/airflow/example_dags/example_dataset_alias.py
[2025-11-07T14:32:42.443+0000] {processor.py:914} INFO - Processing file /home/airflow/.local/lib/python3.12/site-packages/airflow/example_dags/example_dataset_alias.py for tasks to queue
[2025-11-07T14:32:42.446+0000] {logging_mixin.py:190} INFO - [2025-11-07T14:32:42.445+0000] {dagbag.py:588} INFO - Filling up the DagBag from /home/airflow/.local/lib/python3.12/site-packages/airflow/example_dags/example_dataset_alias.py
[2025-11-07T14:32:42.793+0000] {processor.py:925} INFO - DAG(s) 'dataset_alias_example_alias_producer', 'dataset_s3_bucket_producer', 'dataset_alias_example_alias_consumer', 'dataset_s3_bucket_consumer' retrieved from /home/airflow/.local/lib/python3.12/site-packages/airflow/example_dags/example_dataset_alias.py
[2025-11-07T14:32:42.805+0000] {logging_mixin.py:190} INFO - [2025-11-07T14:32:42.804+0000] {dag.py:3239} INFO - Sync 4 DAGs
[2025-11-07T14:32:42.817+0000] {logging_mixin.py:190} INFO - [2025-11-07T14:32:42.817+0000] {dag.py:4180} INFO - Setting next_dagrun for dataset_alias_example_alias_consumer to None, run_after=None
[2025-11-07T14:32:42.819+0000] {logging_mixin.py:190} INFO - [2025-11-07T14:32:42.819+0000] {dag.py:4180} INFO - Setting next_dagrun for dataset_alias_example_alias_producer to None, run_after=None
[2025-11-07T14:32:42.820+0000] {logging_mixin.py:190} INFO - [2025-11-07T14:32:42.820+0000] {dag.py:4180} INFO - Setting next_dagrun for dataset_s3_bucket_consumer to None, run_after=None
[2025-11-07T14:32:42.821+0000] {logging_mixin.py:190} INFO - [2025-11-07T14:32:42.821+0000] {dag.py:4180} INFO - Setting next_dagrun for dataset_s3_bucket_producer to None, run_after=None
[2025-11-07T14:32:42.841+0000] {processor.py:208} INFO - Processing /home/airflow/.local/lib/python3.12/site-packages/airflow/example_dags/example_dataset_alias.py took 0.404 seconds
[2025-11-07T14:33:14.105+0000] {processor.py:186} INFO - Started process (PID=1168) to work on /home/airflow/.local/lib/python3.12/site-packages/airflow/example_dags/example_dataset_alias.py
[2025-11-07T14:33:14.107+0000] {processor.py:914} INFO - Processing file /home/airflow/.local/lib/python3.12/site-packages/airflow/example_dags/example_dataset_alias.py for tasks to queue
[2025-11-07T14:33:14.108+0000] {logging_mixin.py:190} INFO - [2025-11-07T14:33:14.108+0000] {dagbag.py:588} INFO - Filling up the DagBag from /home/airflow/.local/lib/python3.12/site-packages/airflow/example_dags/example_dataset_alias.py
[2025-11-07T14:33:14.444+0000] {processor.py:925} INFO - DAG(s) 'dataset_s3_bucket_producer', 'dataset_s3_bucket_consumer', 'dataset_alias_example_alias_consumer', 'dataset_alias_example_alias_producer' retrieved from /home/airflow/.local/lib/python3.12/site-packages/airflow/example_dags/example_dataset_alias.py
[2025-11-07T14:33:14.456+0000] {logging_mixin.py:190} INFO - [2025-11-07T14:33:14.455+0000] {dag.py:3239} INFO - Sync 4 DAGs
[2025-11-07T14:33:14.475+0000] {logging_mixin.py:190} INFO - [2025-11-07T14:33:14.474+0000] {dag.py:4180} INFO - Setting next_dagrun for dataset_alias_example_alias_consumer to None, run_after=None
[2025-11-07T14:33:14.476+0000] {logging_mixin.py:190} INFO - [2025-11-07T14:33:14.476+0000] {dag.py:4180} INFO - Setting next_dagrun for dataset_alias_example_alias_producer to None, run_after=None
[2025-11-07T14:33:14.477+0000] {logging_mixin.py:190} INFO - [2025-11-07T14:33:14.477+0000] {dag.py:4180} INFO - Setting next_dagrun for dataset_s3_bucket_consumer to None, run_after=None
[2025-11-07T14:33:14.478+0000] {logging_mixin.py:190} INFO - [2025-11-07T14:33:14.478+0000] {dag.py:4180} INFO - Setting next_dagrun for dataset_s3_bucket_producer to None, run_after=None
[2025-11-07T14:33:14.491+0000] {processor.py:208} INFO - Processing /home/airflow/.local/lib/python3.12/site-packages/airflow/example_dags/example_dataset_alias.py took 0.390 seconds
[2025-11-07T14:33:45.266+0000] {processor.py:186} INFO - Started process (PID=1232) to work on /home/airflow/.local/lib/python3.12/site-packages/airflow/example_dags/example_dataset_alias.py
[2025-11-07T14:33:45.267+0000] {processor.py:914} INFO - Processing file /home/airflow/.local/lib/python3.12/site-packages/airflow/example_dags/example_dataset_alias.py for tasks to queue
[2025-11-07T14:33:45.268+0000] {logging_mixin.py:190} INFO - [2025-11-07T14:33:45.268+0000] {dagbag.py:588} INFO - Filling up the DagBag from /home/airflow/.local/lib/python3.12/site-packages/airflow/example_dags/example_dataset_alias.py
[2025-11-07T14:33:45.607+0000] {processor.py:925} INFO - DAG(s) 'dataset_s3_bucket_consumer', 'dataset_alias_example_alias_producer', 'dataset_alias_example_alias_consumer', 'dataset_s3_bucket_producer' retrieved from /home/airflow/.local/lib/python3.12/site-packages/airflow/example_dags/example_dataset_alias.py
[2025-11-07T14:33:45.631+0000] {logging_mixin.py:190} INFO - [2025-11-07T14:33:45.630+0000] {dag.py:3239} INFO - Sync 4 DAGs
[2025-11-07T14:33:45.658+0000] {logging_mixin.py:190} INFO - [2025-11-07T14:33:45.657+0000] {dag.py:4180} INFO - Setting next_dagrun for dataset_alias_example_alias_consumer to None, run_after=None
[2025-11-07T14:33:45.661+0000] {logging_mixin.py:190} INFO - [2025-11-07T14:33:45.661+0000] {dag.py:4180} INFO - Setting next_dagrun for dataset_alias_example_alias_producer to None, run_after=None
[2025-11-07T14:33:45.665+0000] {logging_mixin.py:190} INFO - [2025-11-07T14:33:45.665+0000] {dag.py:4180} INFO - Setting next_dagrun for dataset_s3_bucket_consumer to None, run_after=None
[2025-11-07T14:33:45.667+0000] {logging_mixin.py:190} INFO - [2025-11-07T14:33:45.667+0000] {dag.py:4180} INFO - Setting next_dagrun for dataset_s3_bucket_producer to None, run_after=None
[2025-11-07T14:33:45.705+0000] {processor.py:208} INFO - Processing /home/airflow/.local/lib/python3.12/site-packages/airflow/example_dags/example_dataset_alias.py took 0.442 seconds
[2025-11-07T14:34:16.464+0000] {processor.py:186} INFO - Started process (PID=1296) to work on /home/airflow/.local/lib/python3.12/site-packages/airflow/example_dags/example_dataset_alias.py
[2025-11-07T14:34:16.464+0000] {processor.py:914} INFO - Processing file /home/airflow/.local/lib/python3.12/site-packages/airflow/example_dags/example_dataset_alias.py for tasks to queue
[2025-11-07T14:34:16.466+0000] {logging_mixin.py:190} INFO - [2025-11-07T14:34:16.465+0000] {dagbag.py:588} INFO - Filling up the DagBag from /home/airflow/.local/lib/python3.12/site-packages/airflow/example_dags/example_dataset_alias.py
[2025-11-07T14:34:16.806+0000] {processor.py:925} INFO - DAG(s) 'dataset_alias_example_alias_consumer', 'dataset_s3_bucket_consumer', 'dataset_alias_example_alias_producer', 'dataset_s3_bucket_producer' retrieved from /home/airflow/.local/lib/python3.12/site-packages/airflow/example_dags/example_dataset_alias.py
[2025-11-07T14:34:16.817+0000] {logging_mixin.py:190} INFO - [2025-11-07T14:34:16.816+0000] {dag.py:3239} INFO - Sync 4 DAGs
[2025-11-07T14:34:16.830+0000] {logging_mixin.py:190} INFO - [2025-11-07T14:34:16.830+0000] {dag.py:4180} INFO - Setting next_dagrun for dataset_alias_example_alias_consumer to None, run_after=None
[2025-11-07T14:34:16.831+0000] {logging_mixin.py:190} INFO - [2025-11-07T14:34:16.831+0000] {dag.py:4180} INFO - Setting next_dagrun for dataset_alias_example_alias_producer to None, run_after=None
[2025-11-07T14:34:16.832+0000] {logging_mixin.py:190} INFO - [2025-11-07T14:34:16.832+0000] {dag.py:4180} INFO - Setting next_dagrun for dataset_s3_bucket_consumer to None, run_after=None
[2025-11-07T14:34:16.833+0000] {logging_mixin.py:190} INFO - [2025-11-07T14:34:16.833+0000] {dag.py:4180} INFO - Setting next_dagrun for dataset_s3_bucket_producer to None, run_after=None
[2025-11-07T14:34:16.845+0000] {processor.py:208} INFO - Processing /home/airflow/.local/lib/python3.12/site-packages/airflow/example_dags/example_dataset_alias.py took 0.385 seconds
[2025-11-07T14:34:46.921+0000] {processor.py:186} INFO - Started process (PID=1361) to work on /home/airflow/.local/lib/python3.12/site-packages/airflow/example_dags/example_dataset_alias.py
[2025-11-07T14:34:46.923+0000] {processor.py:914} INFO - Processing file /home/airflow/.local/lib/python3.12/site-packages/airflow/example_dags/example_dataset_alias.py for tasks to queue
[2025-11-07T14:34:46.925+0000] {logging_mixin.py:190} INFO - [2025-11-07T14:34:46.924+0000] {dagbag.py:588} INFO - Filling up the DagBag from /home/airflow/.local/lib/python3.12/site-packages/airflow/example_dags/example_dataset_alias.py
[2025-11-07T14:34:47.259+0000] {processor.py:925} INFO - DAG(s) 'dataset_alias_example_alias_producer', 'dataset_alias_example_alias_consumer', 'dataset_s3_bucket_producer', 'dataset_s3_bucket_consumer' retrieved from /home/airflow/.local/lib/python3.12/site-packages/airflow/example_dags/example_dataset_alias.py
[2025-11-07T14:34:47.271+0000] {logging_mixin.py:190} INFO - [2025-11-07T14:34:47.271+0000] {dag.py:3239} INFO - Sync 4 DAGs
[2025-11-07T14:34:47.284+0000] {logging_mixin.py:190} INFO - [2025-11-07T14:34:47.284+0000] {dag.py:4180} INFO - Setting next_dagrun for dataset_alias_example_alias_consumer to None, run_after=None
[2025-11-07T14:34:47.285+0000] {logging_mixin.py:190} INFO - [2025-11-07T14:34:47.285+0000] {dag.py:4180} INFO - Setting next_dagrun for dataset_alias_example_alias_producer to None, run_after=None
[2025-11-07T14:34:47.286+0000] {logging_mixin.py:190} INFO - [2025-11-07T14:34:47.286+0000] {dag.py:4180} INFO - Setting next_dagrun for dataset_s3_bucket_consumer to None, run_after=None
[2025-11-07T14:34:47.287+0000] {logging_mixin.py:190} INFO - [2025-11-07T14:34:47.287+0000] {dag.py:4180} INFO - Setting next_dagrun for dataset_s3_bucket_producer to None, run_after=None
[2025-11-07T14:34:47.302+0000] {processor.py:208} INFO - Processing /home/airflow/.local/lib/python3.12/site-packages/airflow/example_dags/example_dataset_alias.py took 0.386 seconds
[2025-11-07T14:35:17.531+0000] {processor.py:186} INFO - Started process (PID=1425) to work on /home/airflow/.local/lib/python3.12/site-packages/airflow/example_dags/example_dataset_alias.py
[2025-11-07T14:35:17.532+0000] {processor.py:914} INFO - Processing file /home/airflow/.local/lib/python3.12/site-packages/airflow/example_dags/example_dataset_alias.py for tasks to queue
[2025-11-07T14:35:17.533+0000] {logging_mixin.py:190} INFO - [2025-11-07T14:35:17.533+0000] {dagbag.py:588} INFO - Filling up the DagBag from /home/airflow/.local/lib/python3.12/site-packages/airflow/example_dags/example_dataset_alias.py
[2025-11-07T14:35:17.910+0000] {processor.py:925} INFO - DAG(s) 'dataset_s3_bucket_consumer', 'dataset_alias_example_alias_consumer', 'dataset_alias_example_alias_producer', 'dataset_s3_bucket_producer' retrieved from /home/airflow/.local/lib/python3.12/site-packages/airflow/example_dags/example_dataset_alias.py
[2025-11-07T14:35:17.921+0000] {logging_mixin.py:190} INFO - [2025-11-07T14:35:17.921+0000] {dag.py:3239} INFO - Sync 4 DAGs
[2025-11-07T14:35:17.935+0000] {logging_mixin.py:190} INFO - [2025-11-07T14:35:17.935+0000] {dag.py:4180} INFO - Setting next_dagrun for dataset_alias_example_alias_consumer to None, run_after=None
[2025-11-07T14:35:17.937+0000] {logging_mixin.py:190} INFO - [2025-11-07T14:35:17.937+0000] {dag.py:4180} INFO - Setting next_dagrun for dataset_alias_example_alias_producer to None, run_after=None
[2025-11-07T14:35:17.938+0000] {logging_mixin.py:190} INFO - [2025-11-07T14:35:17.937+0000] {dag.py:4180} INFO - Setting next_dagrun for dataset_s3_bucket_consumer to None, run_after=None
[2025-11-07T14:35:17.938+0000] {logging_mixin.py:190} INFO - [2025-11-07T14:35:17.938+0000] {dag.py:4180} INFO - Setting next_dagrun for dataset_s3_bucket_producer to None, run_after=None
[2025-11-07T14:35:17.953+0000] {processor.py:208} INFO - Processing /home/airflow/.local/lib/python3.12/site-packages/airflow/example_dags/example_dataset_alias.py took 0.426 seconds
[2025-11-07T14:35:49.031+0000] {processor.py:186} INFO - Started process (PID=1488) to work on /home/airflow/.local/lib/python3.12/site-packages/airflow/example_dags/example_dataset_alias.py
[2025-11-07T14:35:49.033+0000] {processor.py:914} INFO - Processing file /home/airflow/.local/lib/python3.12/site-packages/airflow/example_dags/example_dataset_alias.py for tasks to queue
[2025-11-07T14:35:49.035+0000] {logging_mixin.py:190} INFO - [2025-11-07T14:35:49.034+0000] {dagbag.py:588} INFO - Filling up the DagBag from /home/airflow/.local/lib/python3.12/site-packages/airflow/example_dags/example_dataset_alias.py
[2025-11-07T14:35:49.380+0000] {processor.py:925} INFO - DAG(s) 'dataset_s3_bucket_consumer', 'dataset_s3_bucket_producer', 'dataset_alias_example_alias_consumer', 'dataset_alias_example_alias_producer' retrieved from /home/airflow/.local/lib/python3.12/site-packages/airflow/example_dags/example_dataset_alias.py
[2025-11-07T14:35:49.392+0000] {logging_mixin.py:190} INFO - [2025-11-07T14:35:49.392+0000] {dag.py:3239} INFO - Sync 4 DAGs
[2025-11-07T14:35:49.417+0000] {logging_mixin.py:190} INFO - [2025-11-07T14:35:49.417+0000] {dag.py:4180} INFO - Setting next_dagrun for dataset_alias_example_alias_consumer to None, run_after=None
[2025-11-07T14:35:49.421+0000] {logging_mixin.py:190} INFO - [2025-11-07T14:35:49.420+0000] {dag.py:4180} INFO - Setting next_dagrun for dataset_alias_example_alias_producer to None, run_after=None
[2025-11-07T14:35:49.422+0000] {logging_mixin.py:190} INFO - [2025-11-07T14:35:49.422+0000] {dag.py:4180} INFO - Setting next_dagrun for dataset_s3_bucket_consumer to None, run_after=None
[2025-11-07T14:35:49.425+0000] {logging_mixin.py:190} INFO - [2025-11-07T14:35:49.424+0000] {dag.py:4180} INFO - Setting next_dagrun for dataset_s3_bucket_producer to None, run_after=None
[2025-11-07T14:35:49.457+0000] {processor.py:208} INFO - Processing /home/airflow/.local/lib/python3.12/site-packages/airflow/example_dags/example_dataset_alias.py took 0.429 seconds
[2025-11-07T14:36:20.366+0000] {processor.py:186} INFO - Started process (PID=1552) to work on /home/airflow/.local/lib/python3.12/site-packages/airflow/example_dags/example_dataset_alias.py
[2025-11-07T14:36:20.367+0000] {processor.py:914} INFO - Processing file /home/airflow/.local/lib/python3.12/site-packages/airflow/example_dags/example_dataset_alias.py for tasks to queue
[2025-11-07T14:36:20.371+0000] {logging_mixin.py:190} INFO - [2025-11-07T14:36:20.370+0000] {dagbag.py:588} INFO - Filling up the DagBag from /home/airflow/.local/lib/python3.12/site-packages/airflow/example_dags/example_dataset_alias.py
[2025-11-07T14:36:20.738+0000] {processor.py:925} INFO - DAG(s) 'dataset_alias_example_alias_consumer', 'dataset_s3_bucket_consumer', 'dataset_alias_example_alias_producer', 'dataset_s3_bucket_producer' retrieved from /home/airflow/.local/lib/python3.12/site-packages/airflow/example_dags/example_dataset_alias.py
[2025-11-07T14:36:20.754+0000] {logging_mixin.py:190} INFO - [2025-11-07T14:36:20.754+0000] {dag.py:3239} INFO - Sync 4 DAGs
[2025-11-07T14:36:20.770+0000] {logging_mixin.py:190} INFO - [2025-11-07T14:36:20.770+0000] {dag.py:4180} INFO - Setting next_dagrun for dataset_alias_example_alias_consumer to None, run_after=None
[2025-11-07T14:36:20.772+0000] {logging_mixin.py:190} INFO - [2025-11-07T14:36:20.772+0000] {dag.py:4180} INFO - Setting next_dagrun for dataset_alias_example_alias_producer to None, run_after=None
[2025-11-07T14:36:20.774+0000] {logging_mixin.py:190} INFO - [2025-11-07T14:36:20.774+0000] {dag.py:4180} INFO - Setting next_dagrun for dataset_s3_bucket_consumer to None, run_after=None
[2025-11-07T14:36:20.775+0000] {logging_mixin.py:190} INFO - [2025-11-07T14:36:20.775+0000] {dag.py:4180} INFO - Setting next_dagrun for dataset_s3_bucket_producer to None, run_after=None
[2025-11-07T14:36:20.794+0000] {processor.py:208} INFO - Processing /home/airflow/.local/lib/python3.12/site-packages/airflow/example_dags/example_dataset_alias.py took 0.437 seconds
[2025-11-07T14:36:51.415+0000] {processor.py:186} INFO - Started process (PID=1616) to work on /home/airflow/.local/lib/python3.12/site-packages/airflow/example_dags/example_dataset_alias.py
[2025-11-07T14:36:51.418+0000] {processor.py:914} INFO - Processing file /home/airflow/.local/lib/python3.12/site-packages/airflow/example_dags/example_dataset_alias.py for tasks to queue
[2025-11-07T14:36:51.419+0000] {logging_mixin.py:190} INFO - [2025-11-07T14:36:51.419+0000] {dagbag.py:588} INFO - Filling up the DagBag from /home/airflow/.local/lib/python3.12/site-packages/airflow/example_dags/example_dataset_alias.py
[2025-11-07T14:36:51.755+0000] {processor.py:925} INFO - DAG(s) 'dataset_s3_bucket_producer', 'dataset_s3_bucket_consumer', 'dataset_alias_example_alias_consumer', 'dataset_alias_example_alias_producer' retrieved from /home/airflow/.local/lib/python3.12/site-packages/airflow/example_dags/example_dataset_alias.py
[2025-11-07T14:36:51.769+0000] {logging_mixin.py:190} INFO - [2025-11-07T14:36:51.768+0000] {dag.py:3239} INFO - Sync 4 DAGs
[2025-11-07T14:36:51.782+0000] {logging_mixin.py:190} INFO - [2025-11-07T14:36:51.782+0000] {dag.py:4180} INFO - Setting next_dagrun for dataset_alias_example_alias_consumer to None, run_after=None
[2025-11-07T14:36:51.783+0000] {logging_mixin.py:190} INFO - [2025-11-07T14:36:51.783+0000] {dag.py:4180} INFO - Setting next_dagrun for dataset_alias_example_alias_producer to None, run_after=None
[2025-11-07T14:36:51.784+0000] {logging_mixin.py:190} INFO - [2025-11-07T14:36:51.784+0000] {dag.py:4180} INFO - Setting next_dagrun for dataset_s3_bucket_consumer to None, run_after=None
[2025-11-07T14:36:51.785+0000] {logging_mixin.py:190} INFO - [2025-11-07T14:36:51.785+0000] {dag.py:4180} INFO - Setting next_dagrun for dataset_s3_bucket_producer to None, run_after=None
[2025-11-07T14:36:51.798+0000] {processor.py:208} INFO - Processing /home/airflow/.local/lib/python3.12/site-packages/airflow/example_dags/example_dataset_alias.py took 0.387 seconds
[2025-11-07T14:37:22.580+0000] {processor.py:186} INFO - Started process (PID=1680) to work on /home/airflow/.local/lib/python3.12/site-packages/airflow/example_dags/example_dataset_alias.py
[2025-11-07T14:37:22.581+0000] {processor.py:914} INFO - Processing file /home/airflow/.local/lib/python3.12/site-packages/airflow/example_dags/example_dataset_alias.py for tasks to queue
[2025-11-07T14:37:22.582+0000] {logging_mixin.py:190} INFO - [2025-11-07T14:37:22.582+0000] {dagbag.py:588} INFO - Filling up the DagBag from /home/airflow/.local/lib/python3.12/site-packages/airflow/example_dags/example_dataset_alias.py
[2025-11-07T14:37:22.918+0000] {processor.py:925} INFO - DAG(s) 'dataset_alias_example_alias_consumer', 'dataset_s3_bucket_consumer', 'dataset_s3_bucket_producer', 'dataset_alias_example_alias_producer' retrieved from /home/airflow/.local/lib/python3.12/site-packages/airflow/example_dags/example_dataset_alias.py
[2025-11-07T14:37:22.931+0000] {logging_mixin.py:190} INFO - [2025-11-07T14:37:22.931+0000] {dag.py:3239} INFO - Sync 4 DAGs
[2025-11-07T14:37:22.952+0000] {logging_mixin.py:190} INFO - [2025-11-07T14:37:22.952+0000] {dag.py:4180} INFO - Setting next_dagrun for dataset_alias_example_alias_consumer to None, run_after=None
[2025-11-07T14:37:22.956+0000] {logging_mixin.py:190} INFO - [2025-11-07T14:37:22.956+0000] {dag.py:4180} INFO - Setting next_dagrun for dataset_alias_example_alias_producer to None, run_after=None
[2025-11-07T14:37:22.959+0000] {logging_mixin.py:190} INFO - [2025-11-07T14:37:22.958+0000] {dag.py:4180} INFO - Setting next_dagrun for dataset_s3_bucket_consumer to None, run_after=None
[2025-11-07T14:37:22.960+0000] {logging_mixin.py:190} INFO - [2025-11-07T14:37:22.960+0000] {dag.py:4180} INFO - Setting next_dagrun for dataset_s3_bucket_producer to None, run_after=None
[2025-11-07T14:37:22.987+0000] {processor.py:208} INFO - Processing /home/airflow/.local/lib/python3.12/site-packages/airflow/example_dags/example_dataset_alias.py took 0.410 seconds
[2025-11-07T14:37:53.080+0000] {processor.py:186} INFO - Started process (PID=1745) to work on /home/airflow/.local/lib/python3.12/site-packages/airflow/example_dags/example_dataset_alias.py
[2025-11-07T14:37:53.082+0000] {processor.py:914} INFO - Processing file /home/airflow/.local/lib/python3.12/site-packages/airflow/example_dags/example_dataset_alias.py for tasks to queue
[2025-11-07T14:37:53.083+0000] {logging_mixin.py:190} INFO - [2025-11-07T14:37:53.083+0000] {dagbag.py:588} INFO - Filling up the DagBag from /home/airflow/.local/lib/python3.12/site-packages/airflow/example_dags/example_dataset_alias.py
[2025-11-07T14:37:53.412+0000] {processor.py:925} INFO - DAG(s) 'dataset_alias_example_alias_producer', 'dataset_alias_example_alias_consumer', 'dataset_s3_bucket_consumer', 'dataset_s3_bucket_producer' retrieved from /home/airflow/.local/lib/python3.12/site-packages/airflow/example_dags/example_dataset_alias.py
[2025-11-07T14:37:53.426+0000] {logging_mixin.py:190} INFO - [2025-11-07T14:37:53.426+0000] {dag.py:3239} INFO - Sync 4 DAGs
[2025-11-07T14:37:53.439+0000] {logging_mixin.py:190} INFO - [2025-11-07T14:37:53.439+0000] {dag.py:4180} INFO - Setting next_dagrun for dataset_alias_example_alias_consumer to None, run_after=None
[2025-11-07T14:37:53.441+0000] {logging_mixin.py:190} INFO - [2025-11-07T14:37:53.441+0000] {dag.py:4180} INFO - Setting next_dagrun for dataset_alias_example_alias_producer to None, run_after=None
[2025-11-07T14:37:53.442+0000] {logging_mixin.py:190} INFO - [2025-11-07T14:37:53.442+0000] {dag.py:4180} INFO - Setting next_dagrun for dataset_s3_bucket_consumer to None, run_after=None
[2025-11-07T14:37:53.443+0000] {logging_mixin.py:190} INFO - [2025-11-07T14:37:53.443+0000] {dag.py:4180} INFO - Setting next_dagrun for dataset_s3_bucket_producer to None, run_after=None
[2025-11-07T14:37:53.468+0000] {processor.py:208} INFO - Processing /home/airflow/.local/lib/python3.12/site-packages/airflow/example_dags/example_dataset_alias.py took 0.392 seconds
[2025-11-07T14:38:24.306+0000] {processor.py:186} INFO - Started process (PID=1808) to work on /home/airflow/.local/lib/python3.12/site-packages/airflow/example_dags/example_dataset_alias.py
[2025-11-07T14:38:24.307+0000] {processor.py:914} INFO - Processing file /home/airflow/.local/lib/python3.12/site-packages/airflow/example_dags/example_dataset_alias.py for tasks to queue
[2025-11-07T14:38:24.308+0000] {logging_mixin.py:190} INFO - [2025-11-07T14:38:24.308+0000] {dagbag.py:588} INFO - Filling up the DagBag from /home/airflow/.local/lib/python3.12/site-packages/airflow/example_dags/example_dataset_alias.py
[2025-11-07T14:38:24.666+0000] {processor.py:925} INFO - DAG(s) 'dataset_alias_example_alias_consumer', 'dataset_alias_example_alias_producer', 'dataset_s3_bucket_consumer', 'dataset_s3_bucket_producer' retrieved from /home/airflow/.local/lib/python3.12/site-packages/airflow/example_dags/example_dataset_alias.py
[2025-11-07T14:38:24.696+0000] {logging_mixin.py:190} INFO - [2025-11-07T14:38:24.695+0000] {dag.py:3239} INFO - Sync 4 DAGs
[2025-11-07T14:38:24.730+0000] {logging_mixin.py:190} INFO - [2025-11-07T14:38:24.729+0000] {dag.py:4180} INFO - Setting next_dagrun for dataset_alias_example_alias_consumer to None, run_after=None
[2025-11-07T14:38:24.734+0000] {logging_mixin.py:190} INFO - [2025-11-07T14:38:24.733+0000] {dag.py:4180} INFO - Setting next_dagrun for dataset_alias_example_alias_producer to None, run_after=None
[2025-11-07T14:38:24.736+0000] {logging_mixin.py:190} INFO - [2025-11-07T14:38:24.735+0000] {dag.py:4180} INFO - Setting next_dagrun for dataset_s3_bucket_consumer to None, run_after=None
[2025-11-07T14:38:24.737+0000] {logging_mixin.py:190} INFO - [2025-11-07T14:38:24.737+0000] {dag.py:4180} INFO - Setting next_dagrun for dataset_s3_bucket_producer to None, run_after=None
[2025-11-07T14:38:24.766+0000] {processor.py:208} INFO - Processing /home/airflow/.local/lib/python3.12/site-packages/airflow/example_dags/example_dataset_alias.py took 0.463 seconds
[2025-11-07T14:38:55.473+0000] {processor.py:186} INFO - Started process (PID=1872) to work on /home/airflow/.local/lib/python3.12/site-packages/airflow/example_dags/example_dataset_alias.py
[2025-11-07T14:38:55.475+0000] {processor.py:914} INFO - Processing file /home/airflow/.local/lib/python3.12/site-packages/airflow/example_dags/example_dataset_alias.py for tasks to queue
[2025-11-07T14:38:55.476+0000] {logging_mixin.py:190} INFO - [2025-11-07T14:38:55.476+0000] {dagbag.py:588} INFO - Filling up the DagBag from /home/airflow/.local/lib/python3.12/site-packages/airflow/example_dags/example_dataset_alias.py
[2025-11-07T14:38:55.821+0000] {processor.py:925} INFO - DAG(s) 'dataset_alias_example_alias_producer', 'dataset_s3_bucket_consumer', 'dataset_s3_bucket_producer', 'dataset_alias_example_alias_consumer' retrieved from /home/airflow/.local/lib/python3.12/site-packages/airflow/example_dags/example_dataset_alias.py
[2025-11-07T14:38:55.833+0000] {logging_mixin.py:190} INFO - [2025-11-07T14:38:55.832+0000] {dag.py:3239} INFO - Sync 4 DAGs
[2025-11-07T14:38:55.848+0000] {logging_mixin.py:190} INFO - [2025-11-07T14:38:55.848+0000] {dag.py:4180} INFO - Setting next_dagrun for dataset_alias_example_alias_consumer to None, run_after=None
[2025-11-07T14:38:55.850+0000] {logging_mixin.py:190} INFO - [2025-11-07T14:38:55.850+0000] {dag.py:4180} INFO - Setting next_dagrun for dataset_alias_example_alias_producer to None, run_after=None
[2025-11-07T14:38:55.851+0000] {logging_mixin.py:190} INFO - [2025-11-07T14:38:55.851+0000] {dag.py:4180} INFO - Setting next_dagrun for dataset_s3_bucket_consumer to None, run_after=None
[2025-11-07T14:38:55.852+0000] {logging_mixin.py:190} INFO - [2025-11-07T14:38:55.852+0000] {dag.py:4180} INFO - Setting next_dagrun for dataset_s3_bucket_producer to None, run_after=None
[2025-11-07T14:38:55.870+0000] {processor.py:208} INFO - Processing /home/airflow/.local/lib/python3.12/site-packages/airflow/example_dags/example_dataset_alias.py took 0.400 seconds
[2025-11-07T14:39:26.950+0000] {processor.py:186} INFO - Started process (PID=1936) to work on /home/airflow/.local/lib/python3.12/site-packages/airflow/example_dags/example_dataset_alias.py
[2025-11-07T14:39:26.951+0000] {processor.py:914} INFO - Processing file /home/airflow/.local/lib/python3.12/site-packages/airflow/example_dags/example_dataset_alias.py for tasks to queue
[2025-11-07T14:39:26.952+0000] {logging_mixin.py:190} INFO - [2025-11-07T14:39:26.952+0000] {dagbag.py:588} INFO - Filling up the DagBag from /home/airflow/.local/lib/python3.12/site-packages/airflow/example_dags/example_dataset_alias.py
[2025-11-07T14:39:27.286+0000] {processor.py:925} INFO - DAG(s) 'dataset_alias_example_alias_producer', 'dataset_alias_example_alias_consumer', 'dataset_s3_bucket_consumer', 'dataset_s3_bucket_producer' retrieved from /home/airflow/.local/lib/python3.12/site-packages/airflow/example_dags/example_dataset_alias.py
[2025-11-07T14:39:27.297+0000] {logging_mixin.py:190} INFO - [2025-11-07T14:39:27.296+0000] {dag.py:3239} INFO - Sync 4 DAGs
[2025-11-07T14:39:27.309+0000] {logging_mixin.py:190} INFO - [2025-11-07T14:39:27.309+0000] {dag.py:4180} INFO - Setting next_dagrun for dataset_alias_example_alias_consumer to None, run_after=None
[2025-11-07T14:39:27.311+0000] {logging_mixin.py:190} INFO - [2025-11-07T14:39:27.311+0000] {dag.py:4180} INFO - Setting next_dagrun for dataset_alias_example_alias_producer to None, run_after=None
[2025-11-07T14:39:27.312+0000] {logging_mixin.py:190} INFO - [2025-11-07T14:39:27.312+0000] {dag.py:4180} INFO - Setting next_dagrun for dataset_s3_bucket_consumer to None, run_after=None
[2025-11-07T14:39:27.313+0000] {logging_mixin.py:190} INFO - [2025-11-07T14:39:27.313+0000] {dag.py:4180} INFO - Setting next_dagrun for dataset_s3_bucket_producer to None, run_after=None
[2025-11-07T14:39:27.324+0000] {processor.py:208} INFO - Processing /home/airflow/.local/lib/python3.12/site-packages/airflow/example_dags/example_dataset_alias.py took 0.377 seconds
