[2025-11-07T14:24:27.690+0000] {processor.py:186} INFO - Started process (PID=94) to work on /home/airflow/.local/lib/python3.12/site-packages/airflow/example_dags/example_latest_only_with_trigger.py
[2025-11-07T14:24:27.691+0000] {processor.py:914} INFO - Processing file /home/airflow/.local/lib/python3.12/site-packages/airflow/example_dags/example_latest_only_with_trigger.py for tasks to queue
[2025-11-07T14:24:27.692+0000] {logging_mixin.py:190} INFO - [2025-11-07T14:24:27.692+0000] {dagbag.py:588} INFO - Filling up the DagBag from /home/airflow/.local/lib/python3.12/site-packages/airflow/example_dags/example_latest_only_with_trigger.py
[2025-11-07T14:24:27.696+0000] {processor.py:925} INFO - DAG(s) 'latest_only_with_trigger' retrieved from /home/airflow/.local/lib/python3.12/site-packages/airflow/example_dags/example_latest_only_with_trigger.py
[2025-11-07T14:24:27.709+0000] {logging_mixin.py:190} INFO - [2025-11-07T14:24:27.709+0000] {dag.py:3239} INFO - Sync 1 DAGs
[2025-11-07T14:24:27.725+0000] {logging_mixin.py:190} INFO - [2025-11-07T14:24:27.724+0000] {dag.py:4180} INFO - Setting next_dagrun for latest_only_with_trigger to 2025-11-07 08:00:00+00:00, run_after=2025-11-07 12:00:00+00:00
[2025-11-07T14:24:27.745+0000] {processor.py:208} INFO - Processing /home/airflow/.local/lib/python3.12/site-packages/airflow/example_dags/example_latest_only_with_trigger.py took 0.058 seconds
[2025-11-07T14:24:58.095+0000] {processor.py:186} INFO - Started process (PID=158) to work on /home/airflow/.local/lib/python3.12/site-packages/airflow/example_dags/example_latest_only_with_trigger.py
[2025-11-07T14:24:58.096+0000] {processor.py:914} INFO - Processing file /home/airflow/.local/lib/python3.12/site-packages/airflow/example_dags/example_latest_only_with_trigger.py for tasks to queue
[2025-11-07T14:24:58.098+0000] {logging_mixin.py:190} INFO - [2025-11-07T14:24:58.097+0000] {dagbag.py:588} INFO - Filling up the DagBag from /home/airflow/.local/lib/python3.12/site-packages/airflow/example_dags/example_latest_only_with_trigger.py
[2025-11-07T14:24:58.103+0000] {processor.py:925} INFO - DAG(s) 'latest_only_with_trigger' retrieved from /home/airflow/.local/lib/python3.12/site-packages/airflow/example_dags/example_latest_only_with_trigger.py
[2025-11-07T14:24:58.118+0000] {logging_mixin.py:190} INFO - [2025-11-07T14:24:58.118+0000] {dag.py:3239} INFO - Sync 1 DAGs
[2025-11-07T14:24:58.133+0000] {logging_mixin.py:190} INFO - [2025-11-07T14:24:58.132+0000] {dag.py:4180} INFO - Setting next_dagrun for latest_only_with_trigger to 2025-11-07 08:00:00+00:00, run_after=2025-11-07 12:00:00+00:00
[2025-11-07T14:24:58.151+0000] {processor.py:208} INFO - Processing /home/airflow/.local/lib/python3.12/site-packages/airflow/example_dags/example_latest_only_with_trigger.py took 0.061 seconds
[2025-11-07T14:25:29.211+0000] {processor.py:186} INFO - Started process (PID=222) to work on /home/airflow/.local/lib/python3.12/site-packages/airflow/example_dags/example_latest_only_with_trigger.py
[2025-11-07T14:25:29.213+0000] {processor.py:914} INFO - Processing file /home/airflow/.local/lib/python3.12/site-packages/airflow/example_dags/example_latest_only_with_trigger.py for tasks to queue
[2025-11-07T14:25:29.215+0000] {logging_mixin.py:190} INFO - [2025-11-07T14:25:29.214+0000] {dagbag.py:588} INFO - Filling up the DagBag from /home/airflow/.local/lib/python3.12/site-packages/airflow/example_dags/example_latest_only_with_trigger.py
[2025-11-07T14:25:29.219+0000] {processor.py:925} INFO - DAG(s) 'latest_only_with_trigger' retrieved from /home/airflow/.local/lib/python3.12/site-packages/airflow/example_dags/example_latest_only_with_trigger.py
[2025-11-07T14:25:29.234+0000] {logging_mixin.py:190} INFO - [2025-11-07T14:25:29.234+0000] {dag.py:3239} INFO - Sync 1 DAGs
[2025-11-07T14:25:29.251+0000] {logging_mixin.py:190} INFO - [2025-11-07T14:25:29.250+0000] {dag.py:4180} INFO - Setting next_dagrun for latest_only_with_trigger to 2025-11-07 08:00:00+00:00, run_after=2025-11-07 12:00:00+00:00
[2025-11-07T14:25:29.264+0000] {processor.py:208} INFO - Processing /home/airflow/.local/lib/python3.12/site-packages/airflow/example_dags/example_latest_only_with_trigger.py took 0.058 seconds
[2025-11-07T14:26:00.619+0000] {processor.py:186} INFO - Started process (PID=286) to work on /home/airflow/.local/lib/python3.12/site-packages/airflow/example_dags/example_latest_only_with_trigger.py
[2025-11-07T14:26:00.620+0000] {processor.py:914} INFO - Processing file /home/airflow/.local/lib/python3.12/site-packages/airflow/example_dags/example_latest_only_with_trigger.py for tasks to queue
[2025-11-07T14:26:00.622+0000] {logging_mixin.py:190} INFO - [2025-11-07T14:26:00.622+0000] {dagbag.py:588} INFO - Filling up the DagBag from /home/airflow/.local/lib/python3.12/site-packages/airflow/example_dags/example_latest_only_with_trigger.py
[2025-11-07T14:26:00.631+0000] {processor.py:925} INFO - DAG(s) 'latest_only_with_trigger' retrieved from /home/airflow/.local/lib/python3.12/site-packages/airflow/example_dags/example_latest_only_with_trigger.py
[2025-11-07T14:26:00.651+0000] {logging_mixin.py:190} INFO - [2025-11-07T14:26:00.651+0000] {dag.py:3239} INFO - Sync 1 DAGs
[2025-11-07T14:26:00.668+0000] {logging_mixin.py:190} INFO - [2025-11-07T14:26:00.667+0000] {dag.py:4180} INFO - Setting next_dagrun for latest_only_with_trigger to 2025-11-07 08:00:00+00:00, run_after=2025-11-07 12:00:00+00:00
[2025-11-07T14:26:00.683+0000] {processor.py:208} INFO - Processing /home/airflow/.local/lib/python3.12/site-packages/airflow/example_dags/example_latest_only_with_trigger.py took 0.068 seconds
[2025-11-07T14:26:31.970+0000] {processor.py:186} INFO - Started process (PID=350) to work on /home/airflow/.local/lib/python3.12/site-packages/airflow/example_dags/example_latest_only_with_trigger.py
[2025-11-07T14:26:31.972+0000] {processor.py:914} INFO - Processing file /home/airflow/.local/lib/python3.12/site-packages/airflow/example_dags/example_latest_only_with_trigger.py for tasks to queue
[2025-11-07T14:26:31.976+0000] {logging_mixin.py:190} INFO - [2025-11-07T14:26:31.975+0000] {dagbag.py:588} INFO - Filling up the DagBag from /home/airflow/.local/lib/python3.12/site-packages/airflow/example_dags/example_latest_only_with_trigger.py
[2025-11-07T14:26:31.985+0000] {processor.py:925} INFO - DAG(s) 'latest_only_with_trigger' retrieved from /home/airflow/.local/lib/python3.12/site-packages/airflow/example_dags/example_latest_only_with_trigger.py
[2025-11-07T14:26:32.008+0000] {logging_mixin.py:190} INFO - [2025-11-07T14:26:32.008+0000] {dag.py:3239} INFO - Sync 1 DAGs
[2025-11-07T14:26:32.033+0000] {logging_mixin.py:190} INFO - [2025-11-07T14:26:32.033+0000] {dag.py:4180} INFO - Setting next_dagrun for latest_only_with_trigger to 2025-11-07 08:00:00+00:00, run_after=2025-11-07 12:00:00+00:00
[2025-11-07T14:26:32.058+0000] {processor.py:208} INFO - Processing /home/airflow/.local/lib/python3.12/site-packages/airflow/example_dags/example_latest_only_with_trigger.py took 0.096 seconds
[2025-11-07T14:27:02.629+0000] {processor.py:186} INFO - Started process (PID=414) to work on /home/airflow/.local/lib/python3.12/site-packages/airflow/example_dags/example_latest_only_with_trigger.py
[2025-11-07T14:27:02.630+0000] {processor.py:914} INFO - Processing file /home/airflow/.local/lib/python3.12/site-packages/airflow/example_dags/example_latest_only_with_trigger.py for tasks to queue
[2025-11-07T14:27:02.634+0000] {logging_mixin.py:190} INFO - [2025-11-07T14:27:02.633+0000] {dagbag.py:588} INFO - Filling up the DagBag from /home/airflow/.local/lib/python3.12/site-packages/airflow/example_dags/example_latest_only_with_trigger.py
[2025-11-07T14:27:02.644+0000] {processor.py:925} INFO - DAG(s) 'latest_only_with_trigger' retrieved from /home/airflow/.local/lib/python3.12/site-packages/airflow/example_dags/example_latest_only_with_trigger.py
[2025-11-07T14:27:02.674+0000] {logging_mixin.py:190} INFO - [2025-11-07T14:27:02.674+0000] {dag.py:3239} INFO - Sync 1 DAGs
[2025-11-07T14:27:02.705+0000] {logging_mixin.py:190} INFO - [2025-11-07T14:27:02.704+0000] {dag.py:4180} INFO - Setting next_dagrun for latest_only_with_trigger to 2025-11-07 08:00:00+00:00, run_after=2025-11-07 12:00:00+00:00
[2025-11-07T14:27:02.725+0000] {processor.py:208} INFO - Processing /home/airflow/.local/lib/python3.12/site-packages/airflow/example_dags/example_latest_only_with_trigger.py took 0.103 seconds
[2025-11-07T14:27:33.961+0000] {processor.py:186} INFO - Started process (PID=478) to work on /home/airflow/.local/lib/python3.12/site-packages/airflow/example_dags/example_latest_only_with_trigger.py
[2025-11-07T14:27:33.962+0000] {processor.py:914} INFO - Processing file /home/airflow/.local/lib/python3.12/site-packages/airflow/example_dags/example_latest_only_with_trigger.py for tasks to queue
[2025-11-07T14:27:33.965+0000] {logging_mixin.py:190} INFO - [2025-11-07T14:27:33.965+0000] {dagbag.py:588} INFO - Filling up the DagBag from /home/airflow/.local/lib/python3.12/site-packages/airflow/example_dags/example_latest_only_with_trigger.py
[2025-11-07T14:27:33.975+0000] {processor.py:925} INFO - DAG(s) 'latest_only_with_trigger' retrieved from /home/airflow/.local/lib/python3.12/site-packages/airflow/example_dags/example_latest_only_with_trigger.py
[2025-11-07T14:27:33.995+0000] {logging_mixin.py:190} INFO - [2025-11-07T14:27:33.994+0000] {dag.py:3239} INFO - Sync 1 DAGs
[2025-11-07T14:27:34.016+0000] {logging_mixin.py:190} INFO - [2025-11-07T14:27:34.015+0000] {dag.py:4180} INFO - Setting next_dagrun for latest_only_with_trigger to 2025-11-07 08:00:00+00:00, run_after=2025-11-07 12:00:00+00:00
[2025-11-07T14:27:34.033+0000] {processor.py:208} INFO - Processing /home/airflow/.local/lib/python3.12/site-packages/airflow/example_dags/example_latest_only_with_trigger.py took 0.080 seconds
[2025-11-07T14:28:05.692+0000] {processor.py:186} INFO - Started process (PID=542) to work on /home/airflow/.local/lib/python3.12/site-packages/airflow/example_dags/example_latest_only_with_trigger.py
[2025-11-07T14:28:05.693+0000] {processor.py:914} INFO - Processing file /home/airflow/.local/lib/python3.12/site-packages/airflow/example_dags/example_latest_only_with_trigger.py for tasks to queue
[2025-11-07T14:28:05.696+0000] {logging_mixin.py:190} INFO - [2025-11-07T14:28:05.696+0000] {dagbag.py:588} INFO - Filling up the DagBag from /home/airflow/.local/lib/python3.12/site-packages/airflow/example_dags/example_latest_only_with_trigger.py
[2025-11-07T14:28:05.704+0000] {processor.py:925} INFO - DAG(s) 'latest_only_with_trigger' retrieved from /home/airflow/.local/lib/python3.12/site-packages/airflow/example_dags/example_latest_only_with_trigger.py
[2025-11-07T14:28:05.722+0000] {logging_mixin.py:190} INFO - [2025-11-07T14:28:05.721+0000] {dag.py:3239} INFO - Sync 1 DAGs
[2025-11-07T14:28:05.737+0000] {logging_mixin.py:190} INFO - [2025-11-07T14:28:05.737+0000] {dag.py:4180} INFO - Setting next_dagrun for latest_only_with_trigger to 2025-11-07 08:00:00+00:00, run_after=2025-11-07 12:00:00+00:00
[2025-11-07T14:28:05.765+0000] {processor.py:208} INFO - Processing /home/airflow/.local/lib/python3.12/site-packages/airflow/example_dags/example_latest_only_with_trigger.py took 0.081 seconds
[2025-11-07T14:28:36.359+0000] {processor.py:186} INFO - Started process (PID=606) to work on /home/airflow/.local/lib/python3.12/site-packages/airflow/example_dags/example_latest_only_with_trigger.py
[2025-11-07T14:28:36.360+0000] {processor.py:914} INFO - Processing file /home/airflow/.local/lib/python3.12/site-packages/airflow/example_dags/example_latest_only_with_trigger.py for tasks to queue
[2025-11-07T14:28:36.363+0000] {logging_mixin.py:190} INFO - [2025-11-07T14:28:36.363+0000] {dagbag.py:588} INFO - Filling up the DagBag from /home/airflow/.local/lib/python3.12/site-packages/airflow/example_dags/example_latest_only_with_trigger.py
[2025-11-07T14:28:36.374+0000] {processor.py:925} INFO - DAG(s) 'latest_only_with_trigger' retrieved from /home/airflow/.local/lib/python3.12/site-packages/airflow/example_dags/example_latest_only_with_trigger.py
[2025-11-07T14:28:36.401+0000] {logging_mixin.py:190} INFO - [2025-11-07T14:28:36.401+0000] {dag.py:3239} INFO - Sync 1 DAGs
[2025-11-07T14:28:36.434+0000] {logging_mixin.py:190} INFO - [2025-11-07T14:28:36.433+0000] {dag.py:4180} INFO - Setting next_dagrun for latest_only_with_trigger to 2025-11-07 08:00:00+00:00, run_after=2025-11-07 12:00:00+00:00
[2025-11-07T14:28:36.458+0000] {processor.py:208} INFO - Processing /home/airflow/.local/lib/python3.12/site-packages/airflow/example_dags/example_latest_only_with_trigger.py took 0.108 seconds
[2025-11-07T14:29:06.717+0000] {processor.py:186} INFO - Started process (PID=670) to work on /home/airflow/.local/lib/python3.12/site-packages/airflow/example_dags/example_latest_only_with_trigger.py
[2025-11-07T14:29:06.717+0000] {processor.py:914} INFO - Processing file /home/airflow/.local/lib/python3.12/site-packages/airflow/example_dags/example_latest_only_with_trigger.py for tasks to queue
[2025-11-07T14:29:06.720+0000] {logging_mixin.py:190} INFO - [2025-11-07T14:29:06.720+0000] {dagbag.py:588} INFO - Filling up the DagBag from /home/airflow/.local/lib/python3.12/site-packages/airflow/example_dags/example_latest_only_with_trigger.py
[2025-11-07T14:29:06.731+0000] {processor.py:925} INFO - DAG(s) 'latest_only_with_trigger' retrieved from /home/airflow/.local/lib/python3.12/site-packages/airflow/example_dags/example_latest_only_with_trigger.py
[2025-11-07T14:29:06.762+0000] {logging_mixin.py:190} INFO - [2025-11-07T14:29:06.762+0000] {dag.py:3239} INFO - Sync 1 DAGs
[2025-11-07T14:29:06.801+0000] {logging_mixin.py:190} INFO - [2025-11-07T14:29:06.801+0000] {dag.py:4180} INFO - Setting next_dagrun for latest_only_with_trigger to 2025-11-07 08:00:00+00:00, run_after=2025-11-07 12:00:00+00:00
[2025-11-07T14:29:06.824+0000] {processor.py:208} INFO - Processing /home/airflow/.local/lib/python3.12/site-packages/airflow/example_dags/example_latest_only_with_trigger.py took 0.113 seconds
[2025-11-07T14:29:38.209+0000] {processor.py:186} INFO - Started process (PID=734) to work on /home/airflow/.local/lib/python3.12/site-packages/airflow/example_dags/example_latest_only_with_trigger.py
[2025-11-07T14:29:38.211+0000] {processor.py:914} INFO - Processing file /home/airflow/.local/lib/python3.12/site-packages/airflow/example_dags/example_latest_only_with_trigger.py for tasks to queue
[2025-11-07T14:29:38.213+0000] {logging_mixin.py:190} INFO - [2025-11-07T14:29:38.212+0000] {dagbag.py:588} INFO - Filling up the DagBag from /home/airflow/.local/lib/python3.12/site-packages/airflow/example_dags/example_latest_only_with_trigger.py
[2025-11-07T14:29:38.218+0000] {processor.py:925} INFO - DAG(s) 'latest_only_with_trigger' retrieved from /home/airflow/.local/lib/python3.12/site-packages/airflow/example_dags/example_latest_only_with_trigger.py
[2025-11-07T14:29:38.233+0000] {logging_mixin.py:190} INFO - [2025-11-07T14:29:38.232+0000] {dag.py:3239} INFO - Sync 1 DAGs
[2025-11-07T14:29:38.258+0000] {logging_mixin.py:190} INFO - [2025-11-07T14:29:38.258+0000] {dag.py:4180} INFO - Setting next_dagrun for latest_only_with_trigger to 2025-11-07 08:00:00+00:00, run_after=2025-11-07 12:00:00+00:00
[2025-11-07T14:29:38.279+0000] {processor.py:208} INFO - Processing /home/airflow/.local/lib/python3.12/site-packages/airflow/example_dags/example_latest_only_with_trigger.py took 0.077 seconds
[2025-11-07T14:30:09.605+0000] {processor.py:186} INFO - Started process (PID=798) to work on /home/airflow/.local/lib/python3.12/site-packages/airflow/example_dags/example_latest_only_with_trigger.py
[2025-11-07T14:30:09.608+0000] {processor.py:914} INFO - Processing file /home/airflow/.local/lib/python3.12/site-packages/airflow/example_dags/example_latest_only_with_trigger.py for tasks to queue
[2025-11-07T14:30:09.612+0000] {logging_mixin.py:190} INFO - [2025-11-07T14:30:09.611+0000] {dagbag.py:588} INFO - Filling up the DagBag from /home/airflow/.local/lib/python3.12/site-packages/airflow/example_dags/example_latest_only_with_trigger.py
[2025-11-07T14:30:09.622+0000] {processor.py:925} INFO - DAG(s) 'latest_only_with_trigger' retrieved from /home/airflow/.local/lib/python3.12/site-packages/airflow/example_dags/example_latest_only_with_trigger.py
[2025-11-07T14:30:09.653+0000] {logging_mixin.py:190} INFO - [2025-11-07T14:30:09.652+0000] {dag.py:3239} INFO - Sync 1 DAGs
[2025-11-07T14:30:09.699+0000] {logging_mixin.py:190} INFO - [2025-11-07T14:30:09.699+0000] {dag.py:4180} INFO - Setting next_dagrun for latest_only_with_trigger to 2025-11-07 08:00:00+00:00, run_after=2025-11-07 12:00:00+00:00
[2025-11-07T14:30:09.714+0000] {processor.py:208} INFO - Processing /home/airflow/.local/lib/python3.12/site-packages/airflow/example_dags/example_latest_only_with_trigger.py took 0.117 seconds
[2025-11-07T14:30:39.782+0000] {processor.py:186} INFO - Started process (PID=862) to work on /home/airflow/.local/lib/python3.12/site-packages/airflow/example_dags/example_latest_only_with_trigger.py
[2025-11-07T14:30:39.783+0000] {processor.py:914} INFO - Processing file /home/airflow/.local/lib/python3.12/site-packages/airflow/example_dags/example_latest_only_with_trigger.py for tasks to queue
[2025-11-07T14:30:39.787+0000] {logging_mixin.py:190} INFO - [2025-11-07T14:30:39.787+0000] {dagbag.py:588} INFO - Filling up the DagBag from /home/airflow/.local/lib/python3.12/site-packages/airflow/example_dags/example_latest_only_with_trigger.py
[2025-11-07T14:30:39.798+0000] {processor.py:925} INFO - DAG(s) 'latest_only_with_trigger' retrieved from /home/airflow/.local/lib/python3.12/site-packages/airflow/example_dags/example_latest_only_with_trigger.py
[2025-11-07T14:30:39.828+0000] {logging_mixin.py:190} INFO - [2025-11-07T14:30:39.828+0000] {dag.py:3239} INFO - Sync 1 DAGs
[2025-11-07T14:30:39.864+0000] {logging_mixin.py:190} INFO - [2025-11-07T14:30:39.864+0000] {dag.py:4180} INFO - Setting next_dagrun for latest_only_with_trigger to 2025-11-07 08:00:00+00:00, run_after=2025-11-07 12:00:00+00:00
[2025-11-07T14:30:39.885+0000] {processor.py:208} INFO - Processing /home/airflow/.local/lib/python3.12/site-packages/airflow/example_dags/example_latest_only_with_trigger.py took 0.113 seconds
[2025-11-07T14:31:10.518+0000] {processor.py:186} INFO - Started process (PID=926) to work on /home/airflow/.local/lib/python3.12/site-packages/airflow/example_dags/example_latest_only_with_trigger.py
[2025-11-07T14:31:10.520+0000] {processor.py:914} INFO - Processing file /home/airflow/.local/lib/python3.12/site-packages/airflow/example_dags/example_latest_only_with_trigger.py for tasks to queue
[2025-11-07T14:31:10.524+0000] {logging_mixin.py:190} INFO - [2025-11-07T14:31:10.523+0000] {dagbag.py:588} INFO - Filling up the DagBag from /home/airflow/.local/lib/python3.12/site-packages/airflow/example_dags/example_latest_only_with_trigger.py
[2025-11-07T14:31:10.534+0000] {processor.py:925} INFO - DAG(s) 'latest_only_with_trigger' retrieved from /home/airflow/.local/lib/python3.12/site-packages/airflow/example_dags/example_latest_only_with_trigger.py
[2025-11-07T14:31:10.566+0000] {logging_mixin.py:190} INFO - [2025-11-07T14:31:10.565+0000] {dag.py:3239} INFO - Sync 1 DAGs
[2025-11-07T14:31:10.600+0000] {logging_mixin.py:190} INFO - [2025-11-07T14:31:10.600+0000] {dag.py:4180} INFO - Setting next_dagrun for latest_only_with_trigger to 2025-11-07 08:00:00+00:00, run_after=2025-11-07 12:00:00+00:00
[2025-11-07T14:31:10.626+0000] {processor.py:208} INFO - Processing /home/airflow/.local/lib/python3.12/site-packages/airflow/example_dags/example_latest_only_with_trigger.py took 0.116 seconds
[2025-11-07T14:31:41.672+0000] {processor.py:186} INFO - Started process (PID=990) to work on /home/airflow/.local/lib/python3.12/site-packages/airflow/example_dags/example_latest_only_with_trigger.py
[2025-11-07T14:31:41.673+0000] {processor.py:914} INFO - Processing file /home/airflow/.local/lib/python3.12/site-packages/airflow/example_dags/example_latest_only_with_trigger.py for tasks to queue
[2025-11-07T14:31:41.676+0000] {logging_mixin.py:190} INFO - [2025-11-07T14:31:41.676+0000] {dagbag.py:588} INFO - Filling up the DagBag from /home/airflow/.local/lib/python3.12/site-packages/airflow/example_dags/example_latest_only_with_trigger.py
[2025-11-07T14:31:41.686+0000] {processor.py:925} INFO - DAG(s) 'latest_only_with_trigger' retrieved from /home/airflow/.local/lib/python3.12/site-packages/airflow/example_dags/example_latest_only_with_trigger.py
[2025-11-07T14:31:41.718+0000] {logging_mixin.py:190} INFO - [2025-11-07T14:31:41.717+0000] {dag.py:3239} INFO - Sync 1 DAGs
[2025-11-07T14:31:41.746+0000] {logging_mixin.py:190} INFO - [2025-11-07T14:31:41.746+0000] {dag.py:4180} INFO - Setting next_dagrun for latest_only_with_trigger to 2025-11-07 08:00:00+00:00, run_after=2025-11-07 12:00:00+00:00
[2025-11-07T14:31:41.766+0000] {processor.py:208} INFO - Processing /home/airflow/.local/lib/python3.12/site-packages/airflow/example_dags/example_latest_only_with_trigger.py took 0.101 seconds
[2025-11-07T14:32:12.434+0000] {processor.py:186} INFO - Started process (PID=1054) to work on /home/airflow/.local/lib/python3.12/site-packages/airflow/example_dags/example_latest_only_with_trigger.py
[2025-11-07T14:32:12.437+0000] {processor.py:914} INFO - Processing file /home/airflow/.local/lib/python3.12/site-packages/airflow/example_dags/example_latest_only_with_trigger.py for tasks to queue
[2025-11-07T14:32:12.440+0000] {logging_mixin.py:190} INFO - [2025-11-07T14:32:12.439+0000] {dagbag.py:588} INFO - Filling up the DagBag from /home/airflow/.local/lib/python3.12/site-packages/airflow/example_dags/example_latest_only_with_trigger.py
[2025-11-07T14:32:12.450+0000] {processor.py:925} INFO - DAG(s) 'latest_only_with_trigger' retrieved from /home/airflow/.local/lib/python3.12/site-packages/airflow/example_dags/example_latest_only_with_trigger.py
[2025-11-07T14:32:12.479+0000] {logging_mixin.py:190} INFO - [2025-11-07T14:32:12.479+0000] {dag.py:3239} INFO - Sync 1 DAGs
[2025-11-07T14:32:12.508+0000] {logging_mixin.py:190} INFO - [2025-11-07T14:32:12.508+0000] {dag.py:4180} INFO - Setting next_dagrun for latest_only_with_trigger to 2025-11-07 08:00:00+00:00, run_after=2025-11-07 12:00:00+00:00
[2025-11-07T14:32:12.521+0000] {processor.py:208} INFO - Processing /home/airflow/.local/lib/python3.12/site-packages/airflow/example_dags/example_latest_only_with_trigger.py took 0.095 seconds
[2025-11-07T14:32:43.549+0000] {processor.py:186} INFO - Started process (PID=1118) to work on /home/airflow/.local/lib/python3.12/site-packages/airflow/example_dags/example_latest_only_with_trigger.py
[2025-11-07T14:32:43.550+0000] {processor.py:914} INFO - Processing file /home/airflow/.local/lib/python3.12/site-packages/airflow/example_dags/example_latest_only_with_trigger.py for tasks to queue
[2025-11-07T14:32:43.552+0000] {logging_mixin.py:190} INFO - [2025-11-07T14:32:43.552+0000] {dagbag.py:588} INFO - Filling up the DagBag from /home/airflow/.local/lib/python3.12/site-packages/airflow/example_dags/example_latest_only_with_trigger.py
[2025-11-07T14:32:43.558+0000] {processor.py:925} INFO - DAG(s) 'latest_only_with_trigger' retrieved from /home/airflow/.local/lib/python3.12/site-packages/airflow/example_dags/example_latest_only_with_trigger.py
[2025-11-07T14:32:43.580+0000] {logging_mixin.py:190} INFO - [2025-11-07T14:32:43.579+0000] {dag.py:3239} INFO - Sync 1 DAGs
[2025-11-07T14:32:43.599+0000] {logging_mixin.py:190} INFO - [2025-11-07T14:32:43.598+0000] {dag.py:4180} INFO - Setting next_dagrun for latest_only_with_trigger to 2025-11-07 08:00:00+00:00, run_after=2025-11-07 12:00:00+00:00
[2025-11-07T14:32:43.614+0000] {processor.py:208} INFO - Processing /home/airflow/.local/lib/python3.12/site-packages/airflow/example_dags/example_latest_only_with_trigger.py took 0.068 seconds
[2025-11-07T14:33:15.120+0000] {processor.py:186} INFO - Started process (PID=1182) to work on /home/airflow/.local/lib/python3.12/site-packages/airflow/example_dags/example_latest_only_with_trigger.py
[2025-11-07T14:33:15.122+0000] {processor.py:914} INFO - Processing file /home/airflow/.local/lib/python3.12/site-packages/airflow/example_dags/example_latest_only_with_trigger.py for tasks to queue
[2025-11-07T14:33:15.125+0000] {logging_mixin.py:190} INFO - [2025-11-07T14:33:15.125+0000] {dagbag.py:588} INFO - Filling up the DagBag from /home/airflow/.local/lib/python3.12/site-packages/airflow/example_dags/example_latest_only_with_trigger.py
[2025-11-07T14:33:15.133+0000] {processor.py:925} INFO - DAG(s) 'latest_only_with_trigger' retrieved from /home/airflow/.local/lib/python3.12/site-packages/airflow/example_dags/example_latest_only_with_trigger.py
[2025-11-07T14:33:15.160+0000] {logging_mixin.py:190} INFO - [2025-11-07T14:33:15.160+0000] {dag.py:3239} INFO - Sync 1 DAGs
[2025-11-07T14:33:15.188+0000] {logging_mixin.py:190} INFO - [2025-11-07T14:33:15.187+0000] {dag.py:4180} INFO - Setting next_dagrun for latest_only_with_trigger to 2025-11-07 08:00:00+00:00, run_after=2025-11-07 12:00:00+00:00
[2025-11-07T14:33:15.206+0000] {processor.py:208} INFO - Processing /home/airflow/.local/lib/python3.12/site-packages/airflow/example_dags/example_latest_only_with_trigger.py took 0.094 seconds
[2025-11-07T14:33:46.679+0000] {processor.py:186} INFO - Started process (PID=1246) to work on /home/airflow/.local/lib/python3.12/site-packages/airflow/example_dags/example_latest_only_with_trigger.py
[2025-11-07T14:33:46.680+0000] {processor.py:914} INFO - Processing file /home/airflow/.local/lib/python3.12/site-packages/airflow/example_dags/example_latest_only_with_trigger.py for tasks to queue
[2025-11-07T14:33:46.683+0000] {logging_mixin.py:190} INFO - [2025-11-07T14:33:46.682+0000] {dagbag.py:588} INFO - Filling up the DagBag from /home/airflow/.local/lib/python3.12/site-packages/airflow/example_dags/example_latest_only_with_trigger.py
[2025-11-07T14:33:46.693+0000] {processor.py:925} INFO - DAG(s) 'latest_only_with_trigger' retrieved from /home/airflow/.local/lib/python3.12/site-packages/airflow/example_dags/example_latest_only_with_trigger.py
[2025-11-07T14:33:46.723+0000] {logging_mixin.py:190} INFO - [2025-11-07T14:33:46.723+0000] {dag.py:3239} INFO - Sync 1 DAGs
[2025-11-07T14:33:46.757+0000] {logging_mixin.py:190} INFO - [2025-11-07T14:33:46.757+0000] {dag.py:4180} INFO - Setting next_dagrun for latest_only_with_trigger to 2025-11-07 08:00:00+00:00, run_after=2025-11-07 12:00:00+00:00
[2025-11-07T14:33:46.831+0000] {processor.py:208} INFO - Processing /home/airflow/.local/lib/python3.12/site-packages/airflow/example_dags/example_latest_only_with_trigger.py took 0.160 seconds
[2025-11-07T14:34:17.418+0000] {processor.py:186} INFO - Started process (PID=1310) to work on /home/airflow/.local/lib/python3.12/site-packages/airflow/example_dags/example_latest_only_with_trigger.py
[2025-11-07T14:34:17.419+0000] {processor.py:914} INFO - Processing file /home/airflow/.local/lib/python3.12/site-packages/airflow/example_dags/example_latest_only_with_trigger.py for tasks to queue
[2025-11-07T14:34:17.422+0000] {logging_mixin.py:190} INFO - [2025-11-07T14:34:17.421+0000] {dagbag.py:588} INFO - Filling up the DagBag from /home/airflow/.local/lib/python3.12/site-packages/airflow/example_dags/example_latest_only_with_trigger.py
[2025-11-07T14:34:17.431+0000] {processor.py:925} INFO - DAG(s) 'latest_only_with_trigger' retrieved from /home/airflow/.local/lib/python3.12/site-packages/airflow/example_dags/example_latest_only_with_trigger.py
[2025-11-07T14:34:17.456+0000] {logging_mixin.py:190} INFO - [2025-11-07T14:34:17.456+0000] {dag.py:3239} INFO - Sync 1 DAGs
[2025-11-07T14:34:17.488+0000] {logging_mixin.py:190} INFO - [2025-11-07T14:34:17.488+0000] {dag.py:4180} INFO - Setting next_dagrun for latest_only_with_trigger to 2025-11-07 08:00:00+00:00, run_after=2025-11-07 12:00:00+00:00
[2025-11-07T14:34:17.512+0000] {processor.py:208} INFO - Processing /home/airflow/.local/lib/python3.12/site-packages/airflow/example_dags/example_latest_only_with_trigger.py took 0.102 seconds
[2025-11-07T14:34:48.242+0000] {processor.py:186} INFO - Started process (PID=1374) to work on /home/airflow/.local/lib/python3.12/site-packages/airflow/example_dags/example_latest_only_with_trigger.py
[2025-11-07T14:34:48.243+0000] {processor.py:914} INFO - Processing file /home/airflow/.local/lib/python3.12/site-packages/airflow/example_dags/example_latest_only_with_trigger.py for tasks to queue
[2025-11-07T14:34:48.246+0000] {logging_mixin.py:190} INFO - [2025-11-07T14:34:48.245+0000] {dagbag.py:588} INFO - Filling up the DagBag from /home/airflow/.local/lib/python3.12/site-packages/airflow/example_dags/example_latest_only_with_trigger.py
[2025-11-07T14:34:48.257+0000] {processor.py:925} INFO - DAG(s) 'latest_only_with_trigger' retrieved from /home/airflow/.local/lib/python3.12/site-packages/airflow/example_dags/example_latest_only_with_trigger.py
[2025-11-07T14:34:48.286+0000] {logging_mixin.py:190} INFO - [2025-11-07T14:34:48.286+0000] {dag.py:3239} INFO - Sync 1 DAGs
[2025-11-07T14:34:48.311+0000] {logging_mixin.py:190} INFO - [2025-11-07T14:34:48.311+0000] {dag.py:4180} INFO - Setting next_dagrun for latest_only_with_trigger to 2025-11-07 08:00:00+00:00, run_after=2025-11-07 12:00:00+00:00
[2025-11-07T14:34:48.393+0000] {processor.py:208} INFO - Processing /home/airflow/.local/lib/python3.12/site-packages/airflow/example_dags/example_latest_only_with_trigger.py took 0.160 seconds
[2025-11-07T14:35:18.679+0000] {processor.py:186} INFO - Started process (PID=1438) to work on /home/airflow/.local/lib/python3.12/site-packages/airflow/example_dags/example_latest_only_with_trigger.py
[2025-11-07T14:35:18.680+0000] {processor.py:914} INFO - Processing file /home/airflow/.local/lib/python3.12/site-packages/airflow/example_dags/example_latest_only_with_trigger.py for tasks to queue
[2025-11-07T14:35:18.681+0000] {logging_mixin.py:190} INFO - [2025-11-07T14:35:18.681+0000] {dagbag.py:588} INFO - Filling up the DagBag from /home/airflow/.local/lib/python3.12/site-packages/airflow/example_dags/example_latest_only_with_trigger.py
[2025-11-07T14:35:18.688+0000] {processor.py:925} INFO - DAG(s) 'latest_only_with_trigger' retrieved from /home/airflow/.local/lib/python3.12/site-packages/airflow/example_dags/example_latest_only_with_trigger.py
[2025-11-07T14:35:18.706+0000] {logging_mixin.py:190} INFO - [2025-11-07T14:35:18.705+0000] {dag.py:3239} INFO - Sync 1 DAGs
[2025-11-07T14:35:18.745+0000] {logging_mixin.py:190} INFO - [2025-11-07T14:35:18.745+0000] {dag.py:4180} INFO - Setting next_dagrun for latest_only_with_trigger to 2025-11-07 08:00:00+00:00, run_after=2025-11-07 12:00:00+00:00
[2025-11-07T14:35:18.772+0000] {processor.py:208} INFO - Processing /home/airflow/.local/lib/python3.12/site-packages/airflow/example_dags/example_latest_only_with_trigger.py took 0.098 seconds
[2025-11-07T14:35:50.102+0000] {processor.py:186} INFO - Started process (PID=1502) to work on /home/airflow/.local/lib/python3.12/site-packages/airflow/example_dags/example_latest_only_with_trigger.py
[2025-11-07T14:35:50.103+0000] {processor.py:914} INFO - Processing file /home/airflow/.local/lib/python3.12/site-packages/airflow/example_dags/example_latest_only_with_trigger.py for tasks to queue
[2025-11-07T14:35:50.105+0000] {logging_mixin.py:190} INFO - [2025-11-07T14:35:50.105+0000] {dagbag.py:588} INFO - Filling up the DagBag from /home/airflow/.local/lib/python3.12/site-packages/airflow/example_dags/example_latest_only_with_trigger.py
[2025-11-07T14:35:50.111+0000] {processor.py:925} INFO - DAG(s) 'latest_only_with_trigger' retrieved from /home/airflow/.local/lib/python3.12/site-packages/airflow/example_dags/example_latest_only_with_trigger.py
[2025-11-07T14:35:50.137+0000] {logging_mixin.py:190} INFO - [2025-11-07T14:35:50.136+0000] {dag.py:3239} INFO - Sync 1 DAGs
[2025-11-07T14:35:50.167+0000] {logging_mixin.py:190} INFO - [2025-11-07T14:35:50.167+0000] {dag.py:4180} INFO - Setting next_dagrun for latest_only_with_trigger to 2025-11-07 08:00:00+00:00, run_after=2025-11-07 12:00:00+00:00
[2025-11-07T14:35:50.200+0000] {processor.py:208} INFO - Processing /home/airflow/.local/lib/python3.12/site-packages/airflow/example_dags/example_latest_only_with_trigger.py took 0.102 seconds
[2025-11-07T14:36:21.642+0000] {processor.py:186} INFO - Started process (PID=1566) to work on /home/airflow/.local/lib/python3.12/site-packages/airflow/example_dags/example_latest_only_with_trigger.py
[2025-11-07T14:36:21.643+0000] {processor.py:914} INFO - Processing file /home/airflow/.local/lib/python3.12/site-packages/airflow/example_dags/example_latest_only_with_trigger.py for tasks to queue
[2025-11-07T14:36:21.646+0000] {logging_mixin.py:190} INFO - [2025-11-07T14:36:21.646+0000] {dagbag.py:588} INFO - Filling up the DagBag from /home/airflow/.local/lib/python3.12/site-packages/airflow/example_dags/example_latest_only_with_trigger.py
[2025-11-07T14:36:21.654+0000] {processor.py:925} INFO - DAG(s) 'latest_only_with_trigger' retrieved from /home/airflow/.local/lib/python3.12/site-packages/airflow/example_dags/example_latest_only_with_trigger.py
[2025-11-07T14:36:21.675+0000] {logging_mixin.py:190} INFO - [2025-11-07T14:36:21.674+0000] {dag.py:3239} INFO - Sync 1 DAGs
[2025-11-07T14:36:21.707+0000] {logging_mixin.py:190} INFO - [2025-11-07T14:36:21.707+0000] {dag.py:4180} INFO - Setting next_dagrun for latest_only_with_trigger to 2025-11-07 08:00:00+00:00, run_after=2025-11-07 12:00:00+00:00
[2025-11-07T14:36:21.731+0000] {processor.py:208} INFO - Processing /home/airflow/.local/lib/python3.12/site-packages/airflow/example_dags/example_latest_only_with_trigger.py took 0.096 seconds
[2025-11-07T14:36:52.311+0000] {processor.py:186} INFO - Started process (PID=1630) to work on /home/airflow/.local/lib/python3.12/site-packages/airflow/example_dags/example_latest_only_with_trigger.py
[2025-11-07T14:36:52.311+0000] {processor.py:914} INFO - Processing file /home/airflow/.local/lib/python3.12/site-packages/airflow/example_dags/example_latest_only_with_trigger.py for tasks to queue
[2025-11-07T14:36:52.313+0000] {logging_mixin.py:190} INFO - [2025-11-07T14:36:52.313+0000] {dagbag.py:588} INFO - Filling up the DagBag from /home/airflow/.local/lib/python3.12/site-packages/airflow/example_dags/example_latest_only_with_trigger.py
[2025-11-07T14:36:52.318+0000] {processor.py:925} INFO - DAG(s) 'latest_only_with_trigger' retrieved from /home/airflow/.local/lib/python3.12/site-packages/airflow/example_dags/example_latest_only_with_trigger.py
[2025-11-07T14:36:52.343+0000] {logging_mixin.py:190} INFO - [2025-11-07T14:36:52.343+0000] {dag.py:3239} INFO - Sync 1 DAGs
[2025-11-07T14:36:52.376+0000] {logging_mixin.py:190} INFO - [2025-11-07T14:36:52.375+0000] {dag.py:4180} INFO - Setting next_dagrun for latest_only_with_trigger to 2025-11-07 08:00:00+00:00, run_after=2025-11-07 12:00:00+00:00
[2025-11-07T14:36:52.402+0000] {processor.py:208} INFO - Processing /home/airflow/.local/lib/python3.12/site-packages/airflow/example_dags/example_latest_only_with_trigger.py took 0.096 seconds
[2025-11-07T14:37:23.702+0000] {processor.py:186} INFO - Started process (PID=1694) to work on /home/airflow/.local/lib/python3.12/site-packages/airflow/example_dags/example_latest_only_with_trigger.py
[2025-11-07T14:37:23.703+0000] {processor.py:914} INFO - Processing file /home/airflow/.local/lib/python3.12/site-packages/airflow/example_dags/example_latest_only_with_trigger.py for tasks to queue
[2025-11-07T14:37:23.707+0000] {logging_mixin.py:190} INFO - [2025-11-07T14:37:23.706+0000] {dagbag.py:588} INFO - Filling up the DagBag from /home/airflow/.local/lib/python3.12/site-packages/airflow/example_dags/example_latest_only_with_trigger.py
[2025-11-07T14:37:23.718+0000] {processor.py:925} INFO - DAG(s) 'latest_only_with_trigger' retrieved from /home/airflow/.local/lib/python3.12/site-packages/airflow/example_dags/example_latest_only_with_trigger.py
[2025-11-07T14:37:23.753+0000] {logging_mixin.py:190} INFO - [2025-11-07T14:37:23.753+0000] {dag.py:3239} INFO - Sync 1 DAGs
[2025-11-07T14:37:23.777+0000] {logging_mixin.py:190} INFO - [2025-11-07T14:37:23.776+0000] {dag.py:4180} INFO - Setting next_dagrun for latest_only_with_trigger to 2025-11-07 08:00:00+00:00, run_after=2025-11-07 12:00:00+00:00
[2025-11-07T14:37:23.791+0000] {processor.py:208} INFO - Processing /home/airflow/.local/lib/python3.12/site-packages/airflow/example_dags/example_latest_only_with_trigger.py took 0.098 seconds
[2025-11-07T14:37:54.124+0000] {processor.py:186} INFO - Started process (PID=1758) to work on /home/airflow/.local/lib/python3.12/site-packages/airflow/example_dags/example_latest_only_with_trigger.py
[2025-11-07T14:37:54.126+0000] {processor.py:914} INFO - Processing file /home/airflow/.local/lib/python3.12/site-packages/airflow/example_dags/example_latest_only_with_trigger.py for tasks to queue
[2025-11-07T14:37:54.129+0000] {logging_mixin.py:190} INFO - [2025-11-07T14:37:54.129+0000] {dagbag.py:588} INFO - Filling up the DagBag from /home/airflow/.local/lib/python3.12/site-packages/airflow/example_dags/example_latest_only_with_trigger.py
[2025-11-07T14:37:54.140+0000] {processor.py:925} INFO - DAG(s) 'latest_only_with_trigger' retrieved from /home/airflow/.local/lib/python3.12/site-packages/airflow/example_dags/example_latest_only_with_trigger.py
[2025-11-07T14:37:54.170+0000] {logging_mixin.py:190} INFO - [2025-11-07T14:37:54.170+0000] {dag.py:3239} INFO - Sync 1 DAGs
[2025-11-07T14:37:54.195+0000] {logging_mixin.py:190} INFO - [2025-11-07T14:37:54.195+0000] {dag.py:4180} INFO - Setting next_dagrun for latest_only_with_trigger to 2025-11-07 08:00:00+00:00, run_after=2025-11-07 12:00:00+00:00
[2025-11-07T14:37:54.219+0000] {processor.py:208} INFO - Processing /home/airflow/.local/lib/python3.12/site-packages/airflow/example_dags/example_latest_only_with_trigger.py took 0.104 seconds
[2025-11-07T14:38:25.465+0000] {processor.py:186} INFO - Started process (PID=1822) to work on /home/airflow/.local/lib/python3.12/site-packages/airflow/example_dags/example_latest_only_with_trigger.py
[2025-11-07T14:38:25.466+0000] {processor.py:914} INFO - Processing file /home/airflow/.local/lib/python3.12/site-packages/airflow/example_dags/example_latest_only_with_trigger.py for tasks to queue
[2025-11-07T14:38:25.469+0000] {logging_mixin.py:190} INFO - [2025-11-07T14:38:25.469+0000] {dagbag.py:588} INFO - Filling up the DagBag from /home/airflow/.local/lib/python3.12/site-packages/airflow/example_dags/example_latest_only_with_trigger.py
[2025-11-07T14:38:25.477+0000] {processor.py:925} INFO - DAG(s) 'latest_only_with_trigger' retrieved from /home/airflow/.local/lib/python3.12/site-packages/airflow/example_dags/example_latest_only_with_trigger.py
[2025-11-07T14:38:25.495+0000] {logging_mixin.py:190} INFO - [2025-11-07T14:38:25.495+0000] {dag.py:3239} INFO - Sync 1 DAGs
[2025-11-07T14:38:25.524+0000] {logging_mixin.py:190} INFO - [2025-11-07T14:38:25.524+0000] {dag.py:4180} INFO - Setting next_dagrun for latest_only_with_trigger to 2025-11-07 08:00:00+00:00, run_after=2025-11-07 12:00:00+00:00
[2025-11-07T14:38:25.551+0000] {processor.py:208} INFO - Processing /home/airflow/.local/lib/python3.12/site-packages/airflow/example_dags/example_latest_only_with_trigger.py took 0.095 seconds
[2025-11-07T14:38:56.535+0000] {processor.py:186} INFO - Started process (PID=1886) to work on /home/airflow/.local/lib/python3.12/site-packages/airflow/example_dags/example_latest_only_with_trigger.py
[2025-11-07T14:38:56.536+0000] {processor.py:914} INFO - Processing file /home/airflow/.local/lib/python3.12/site-packages/airflow/example_dags/example_latest_only_with_trigger.py for tasks to queue
[2025-11-07T14:38:56.539+0000] {logging_mixin.py:190} INFO - [2025-11-07T14:38:56.539+0000] {dagbag.py:588} INFO - Filling up the DagBag from /home/airflow/.local/lib/python3.12/site-packages/airflow/example_dags/example_latest_only_with_trigger.py
[2025-11-07T14:38:56.550+0000] {processor.py:925} INFO - DAG(s) 'latest_only_with_trigger' retrieved from /home/airflow/.local/lib/python3.12/site-packages/airflow/example_dags/example_latest_only_with_trigger.py
[2025-11-07T14:38:56.579+0000] {logging_mixin.py:190} INFO - [2025-11-07T14:38:56.579+0000] {dag.py:3239} INFO - Sync 1 DAGs
[2025-11-07T14:38:56.611+0000] {logging_mixin.py:190} INFO - [2025-11-07T14:38:56.611+0000] {dag.py:4180} INFO - Setting next_dagrun for latest_only_with_trigger to 2025-11-07 08:00:00+00:00, run_after=2025-11-07 12:00:00+00:00
[2025-11-07T14:38:56.632+0000] {processor.py:208} INFO - Processing /home/airflow/.local/lib/python3.12/site-packages/airflow/example_dags/example_latest_only_with_trigger.py took 0.106 seconds
[2025-11-07T14:39:28.387+0000] {processor.py:186} INFO - Started process (PID=1956) to work on /home/airflow/.local/lib/python3.12/site-packages/airflow/example_dags/example_latest_only_with_trigger.py
[2025-11-07T14:39:28.389+0000] {processor.py:914} INFO - Processing file /home/airflow/.local/lib/python3.12/site-packages/airflow/example_dags/example_latest_only_with_trigger.py for tasks to queue
[2025-11-07T14:39:28.391+0000] {logging_mixin.py:190} INFO - [2025-11-07T14:39:28.391+0000] {dagbag.py:588} INFO - Filling up the DagBag from /home/airflow/.local/lib/python3.12/site-packages/airflow/example_dags/example_latest_only_with_trigger.py
[2025-11-07T14:39:28.402+0000] {processor.py:925} INFO - DAG(s) 'latest_only_with_trigger' retrieved from /home/airflow/.local/lib/python3.12/site-packages/airflow/example_dags/example_latest_only_with_trigger.py
[2025-11-07T14:39:28.432+0000] {logging_mixin.py:190} INFO - [2025-11-07T14:39:28.431+0000] {dag.py:3239} INFO - Sync 1 DAGs
[2025-11-07T14:39:28.464+0000] {logging_mixin.py:190} INFO - [2025-11-07T14:39:28.464+0000] {dag.py:4180} INFO - Setting next_dagrun for latest_only_with_trigger to 2025-11-07 08:00:00+00:00, run_after=2025-11-07 12:00:00+00:00
[2025-11-07T14:39:28.487+0000] {processor.py:208} INFO - Processing /home/airflow/.local/lib/python3.12/site-packages/airflow/example_dags/example_latest_only_with_trigger.py took 0.107 seconds
