[2025-11-07T14:24:26.317+0000] {processor.py:186} INFO - Started process (PID=76) to work on /home/airflow/.local/lib/python3.12/site-packages/airflow/example_dags/example_bash_operator.py
[2025-11-07T14:24:26.317+0000] {processor.py:914} INFO - Processing file /home/airflow/.local/lib/python3.12/site-packages/airflow/example_dags/example_bash_operator.py for tasks to queue
[2025-11-07T14:24:26.319+0000] {logging_mixin.py:190} INFO - [2025-11-07T14:24:26.318+0000] {dagbag.py:588} INFO - Filling up the DagBag from /home/airflow/.local/lib/python3.12/site-packages/airflow/example_dags/example_bash_operator.py
[2025-11-07T14:24:26.327+0000] {processor.py:925} INFO - DAG(s) 'example_bash_operator' retrieved from /home/airflow/.local/lib/python3.12/site-packages/airflow/example_dags/example_bash_operator.py
[2025-11-07T14:24:26.347+0000] {logging_mixin.py:190} INFO - [2025-11-07T14:24:26.346+0000] {dag.py:3239} INFO - Sync 1 DAGs
[2025-11-07T14:24:26.364+0000] {logging_mixin.py:190} INFO - [2025-11-07T14:24:26.364+0000] {dag.py:4180} INFO - Setting next_dagrun for example_bash_operator to 2025-11-06 00:00:00+00:00, run_after=2025-11-07 00:00:00+00:00
[2025-11-07T14:24:26.381+0000] {processor.py:208} INFO - Processing /home/airflow/.local/lib/python3.12/site-packages/airflow/example_dags/example_bash_operator.py took 0.068 seconds
[2025-11-07T14:24:56.660+0000] {processor.py:186} INFO - Started process (PID=140) to work on /home/airflow/.local/lib/python3.12/site-packages/airflow/example_dags/example_bash_operator.py
[2025-11-07T14:24:56.660+0000] {processor.py:914} INFO - Processing file /home/airflow/.local/lib/python3.12/site-packages/airflow/example_dags/example_bash_operator.py for tasks to queue
[2025-11-07T14:24:56.661+0000] {logging_mixin.py:190} INFO - [2025-11-07T14:24:56.661+0000] {dagbag.py:588} INFO - Filling up the DagBag from /home/airflow/.local/lib/python3.12/site-packages/airflow/example_dags/example_bash_operator.py
[2025-11-07T14:24:56.670+0000] {processor.py:925} INFO - DAG(s) 'example_bash_operator' retrieved from /home/airflow/.local/lib/python3.12/site-packages/airflow/example_dags/example_bash_operator.py
[2025-11-07T14:24:56.688+0000] {logging_mixin.py:190} INFO - [2025-11-07T14:24:56.688+0000] {dag.py:3239} INFO - Sync 1 DAGs
[2025-11-07T14:24:56.705+0000] {logging_mixin.py:190} INFO - [2025-11-07T14:24:56.705+0000] {dag.py:4180} INFO - Setting next_dagrun for example_bash_operator to 2025-11-06 00:00:00+00:00, run_after=2025-11-07 00:00:00+00:00
[2025-11-07T14:24:56.720+0000] {processor.py:208} INFO - Processing /home/airflow/.local/lib/python3.12/site-packages/airflow/example_dags/example_bash_operator.py took 0.064 seconds
[2025-11-07T14:25:28.000+0000] {processor.py:186} INFO - Started process (PID=204) to work on /home/airflow/.local/lib/python3.12/site-packages/airflow/example_dags/example_bash_operator.py
[2025-11-07T14:25:28.003+0000] {processor.py:914} INFO - Processing file /home/airflow/.local/lib/python3.12/site-packages/airflow/example_dags/example_bash_operator.py for tasks to queue
[2025-11-07T14:25:28.005+0000] {logging_mixin.py:190} INFO - [2025-11-07T14:25:28.004+0000] {dagbag.py:588} INFO - Filling up the DagBag from /home/airflow/.local/lib/python3.12/site-packages/airflow/example_dags/example_bash_operator.py
[2025-11-07T14:25:28.016+0000] {processor.py:925} INFO - DAG(s) 'example_bash_operator' retrieved from /home/airflow/.local/lib/python3.12/site-packages/airflow/example_dags/example_bash_operator.py
[2025-11-07T14:25:28.048+0000] {logging_mixin.py:190} INFO - [2025-11-07T14:25:28.047+0000] {dag.py:3239} INFO - Sync 1 DAGs
[2025-11-07T14:25:28.077+0000] {logging_mixin.py:190} INFO - [2025-11-07T14:25:28.076+0000] {dag.py:4180} INFO - Setting next_dagrun for example_bash_operator to 2025-11-06 00:00:00+00:00, run_after=2025-11-07 00:00:00+00:00
[2025-11-07T14:25:28.101+0000] {processor.py:208} INFO - Processing /home/airflow/.local/lib/python3.12/site-packages/airflow/example_dags/example_bash_operator.py took 0.107 seconds
[2025-11-07T14:25:58.884+0000] {processor.py:186} INFO - Started process (PID=268) to work on /home/airflow/.local/lib/python3.12/site-packages/airflow/example_dags/example_bash_operator.py
[2025-11-07T14:25:58.886+0000] {processor.py:914} INFO - Processing file /home/airflow/.local/lib/python3.12/site-packages/airflow/example_dags/example_bash_operator.py for tasks to queue
[2025-11-07T14:25:58.889+0000] {logging_mixin.py:190} INFO - [2025-11-07T14:25:58.889+0000] {dagbag.py:588} INFO - Filling up the DagBag from /home/airflow/.local/lib/python3.12/site-packages/airflow/example_dags/example_bash_operator.py
[2025-11-07T14:25:58.908+0000] {processor.py:925} INFO - DAG(s) 'example_bash_operator' retrieved from /home/airflow/.local/lib/python3.12/site-packages/airflow/example_dags/example_bash_operator.py
[2025-11-07T14:25:58.949+0000] {logging_mixin.py:190} INFO - [2025-11-07T14:25:58.949+0000] {dag.py:3239} INFO - Sync 1 DAGs
[2025-11-07T14:25:58.982+0000] {logging_mixin.py:190} INFO - [2025-11-07T14:25:58.982+0000] {dag.py:4180} INFO - Setting next_dagrun for example_bash_operator to 2025-11-06 00:00:00+00:00, run_after=2025-11-07 00:00:00+00:00
[2025-11-07T14:25:59.007+0000] {processor.py:208} INFO - Processing /home/airflow/.local/lib/python3.12/site-packages/airflow/example_dags/example_bash_operator.py took 0.132 seconds
[2025-11-07T14:26:30.327+0000] {processor.py:186} INFO - Started process (PID=332) to work on /home/airflow/.local/lib/python3.12/site-packages/airflow/example_dags/example_bash_operator.py
[2025-11-07T14:26:30.328+0000] {processor.py:914} INFO - Processing file /home/airflow/.local/lib/python3.12/site-packages/airflow/example_dags/example_bash_operator.py for tasks to queue
[2025-11-07T14:26:30.329+0000] {logging_mixin.py:190} INFO - [2025-11-07T14:26:30.329+0000] {dagbag.py:588} INFO - Filling up the DagBag from /home/airflow/.local/lib/python3.12/site-packages/airflow/example_dags/example_bash_operator.py
[2025-11-07T14:26:30.339+0000] {processor.py:925} INFO - DAG(s) 'example_bash_operator' retrieved from /home/airflow/.local/lib/python3.12/site-packages/airflow/example_dags/example_bash_operator.py
[2025-11-07T14:26:30.371+0000] {logging_mixin.py:190} INFO - [2025-11-07T14:26:30.370+0000] {dag.py:3239} INFO - Sync 1 DAGs
[2025-11-07T14:26:30.405+0000] {logging_mixin.py:190} INFO - [2025-11-07T14:26:30.404+0000] {dag.py:4180} INFO - Setting next_dagrun for example_bash_operator to 2025-11-06 00:00:00+00:00, run_after=2025-11-07 00:00:00+00:00
[2025-11-07T14:26:30.444+0000] {processor.py:208} INFO - Processing /home/airflow/.local/lib/python3.12/site-packages/airflow/example_dags/example_bash_operator.py took 0.129 seconds
[2025-11-07T14:27:01.181+0000] {processor.py:186} INFO - Started process (PID=396) to work on /home/airflow/.local/lib/python3.12/site-packages/airflow/example_dags/example_bash_operator.py
[2025-11-07T14:27:01.182+0000] {processor.py:914} INFO - Processing file /home/airflow/.local/lib/python3.12/site-packages/airflow/example_dags/example_bash_operator.py for tasks to queue
[2025-11-07T14:27:01.186+0000] {logging_mixin.py:190} INFO - [2025-11-07T14:27:01.186+0000] {dagbag.py:588} INFO - Filling up the DagBag from /home/airflow/.local/lib/python3.12/site-packages/airflow/example_dags/example_bash_operator.py
[2025-11-07T14:27:01.206+0000] {processor.py:925} INFO - DAG(s) 'example_bash_operator' retrieved from /home/airflow/.local/lib/python3.12/site-packages/airflow/example_dags/example_bash_operator.py
[2025-11-07T14:27:01.236+0000] {logging_mixin.py:190} INFO - [2025-11-07T14:27:01.236+0000] {dag.py:3239} INFO - Sync 1 DAGs
[2025-11-07T14:27:01.262+0000] {logging_mixin.py:190} INFO - [2025-11-07T14:27:01.262+0000] {dag.py:4180} INFO - Setting next_dagrun for example_bash_operator to 2025-11-06 00:00:00+00:00, run_after=2025-11-07 00:00:00+00:00
[2025-11-07T14:27:01.274+0000] {processor.py:208} INFO - Processing /home/airflow/.local/lib/python3.12/site-packages/airflow/example_dags/example_bash_operator.py took 0.102 seconds
[2025-11-07T14:27:32.437+0000] {processor.py:186} INFO - Started process (PID=460) to work on /home/airflow/.local/lib/python3.12/site-packages/airflow/example_dags/example_bash_operator.py
[2025-11-07T14:27:32.439+0000] {processor.py:914} INFO - Processing file /home/airflow/.local/lib/python3.12/site-packages/airflow/example_dags/example_bash_operator.py for tasks to queue
[2025-11-07T14:27:32.441+0000] {logging_mixin.py:190} INFO - [2025-11-07T14:27:32.441+0000] {dagbag.py:588} INFO - Filling up the DagBag from /home/airflow/.local/lib/python3.12/site-packages/airflow/example_dags/example_bash_operator.py
[2025-11-07T14:27:32.452+0000] {processor.py:925} INFO - DAG(s) 'example_bash_operator' retrieved from /home/airflow/.local/lib/python3.12/site-packages/airflow/example_dags/example_bash_operator.py
[2025-11-07T14:27:32.472+0000] {logging_mixin.py:190} INFO - [2025-11-07T14:27:32.472+0000] {dag.py:3239} INFO - Sync 1 DAGs
[2025-11-07T14:27:32.486+0000] {logging_mixin.py:190} INFO - [2025-11-07T14:27:32.486+0000] {dag.py:4180} INFO - Setting next_dagrun for example_bash_operator to 2025-11-06 00:00:00+00:00, run_after=2025-11-07 00:00:00+00:00
[2025-11-07T14:27:32.496+0000] {processor.py:208} INFO - Processing /home/airflow/.local/lib/python3.12/site-packages/airflow/example_dags/example_bash_operator.py took 0.067 seconds
[2025-11-07T14:28:04.141+0000] {processor.py:186} INFO - Started process (PID=524) to work on /home/airflow/.local/lib/python3.12/site-packages/airflow/example_dags/example_bash_operator.py
[2025-11-07T14:28:04.142+0000] {processor.py:914} INFO - Processing file /home/airflow/.local/lib/python3.12/site-packages/airflow/example_dags/example_bash_operator.py for tasks to queue
[2025-11-07T14:28:04.145+0000] {logging_mixin.py:190} INFO - [2025-11-07T14:28:04.144+0000] {dagbag.py:588} INFO - Filling up the DagBag from /home/airflow/.local/lib/python3.12/site-packages/airflow/example_dags/example_bash_operator.py
[2025-11-07T14:28:04.164+0000] {processor.py:925} INFO - DAG(s) 'example_bash_operator' retrieved from /home/airflow/.local/lib/python3.12/site-packages/airflow/example_dags/example_bash_operator.py
[2025-11-07T14:28:04.203+0000] {logging_mixin.py:190} INFO - [2025-11-07T14:28:04.203+0000] {dag.py:3239} INFO - Sync 1 DAGs
[2025-11-07T14:28:04.230+0000] {logging_mixin.py:190} INFO - [2025-11-07T14:28:04.230+0000] {dag.py:4180} INFO - Setting next_dagrun for example_bash_operator to 2025-11-06 00:00:00+00:00, run_after=2025-11-07 00:00:00+00:00
[2025-11-07T14:28:04.246+0000] {processor.py:208} INFO - Processing /home/airflow/.local/lib/python3.12/site-packages/airflow/example_dags/example_bash_operator.py took 0.112 seconds
[2025-11-07T14:28:34.674+0000] {processor.py:186} INFO - Started process (PID=588) to work on /home/airflow/.local/lib/python3.12/site-packages/airflow/example_dags/example_bash_operator.py
[2025-11-07T14:28:34.677+0000] {processor.py:914} INFO - Processing file /home/airflow/.local/lib/python3.12/site-packages/airflow/example_dags/example_bash_operator.py for tasks to queue
[2025-11-07T14:28:34.679+0000] {logging_mixin.py:190} INFO - [2025-11-07T14:28:34.679+0000] {dagbag.py:588} INFO - Filling up the DagBag from /home/airflow/.local/lib/python3.12/site-packages/airflow/example_dags/example_bash_operator.py
[2025-11-07T14:28:34.695+0000] {processor.py:925} INFO - DAG(s) 'example_bash_operator' retrieved from /home/airflow/.local/lib/python3.12/site-packages/airflow/example_dags/example_bash_operator.py
[2025-11-07T14:28:34.725+0000] {logging_mixin.py:190} INFO - [2025-11-07T14:28:34.725+0000] {dag.py:3239} INFO - Sync 1 DAGs
[2025-11-07T14:28:34.746+0000] {logging_mixin.py:190} INFO - [2025-11-07T14:28:34.745+0000] {dag.py:4180} INFO - Setting next_dagrun for example_bash_operator to 2025-11-06 00:00:00+00:00, run_after=2025-11-07 00:00:00+00:00
[2025-11-07T14:28:34.762+0000] {processor.py:208} INFO - Processing /home/airflow/.local/lib/python3.12/site-packages/airflow/example_dags/example_bash_operator.py took 0.094 seconds
[2025-11-07T14:29:05.445+0000] {processor.py:186} INFO - Started process (PID=652) to work on /home/airflow/.local/lib/python3.12/site-packages/airflow/example_dags/example_bash_operator.py
[2025-11-07T14:29:05.446+0000] {processor.py:914} INFO - Processing file /home/airflow/.local/lib/python3.12/site-packages/airflow/example_dags/example_bash_operator.py for tasks to queue
[2025-11-07T14:29:05.448+0000] {logging_mixin.py:190} INFO - [2025-11-07T14:29:05.448+0000] {dagbag.py:588} INFO - Filling up the DagBag from /home/airflow/.local/lib/python3.12/site-packages/airflow/example_dags/example_bash_operator.py
[2025-11-07T14:29:05.461+0000] {processor.py:925} INFO - DAG(s) 'example_bash_operator' retrieved from /home/airflow/.local/lib/python3.12/site-packages/airflow/example_dags/example_bash_operator.py
[2025-11-07T14:29:05.484+0000] {logging_mixin.py:190} INFO - [2025-11-07T14:29:05.483+0000] {dag.py:3239} INFO - Sync 1 DAGs
[2025-11-07T14:29:05.499+0000] {logging_mixin.py:190} INFO - [2025-11-07T14:29:05.499+0000] {dag.py:4180} INFO - Setting next_dagrun for example_bash_operator to 2025-11-06 00:00:00+00:00, run_after=2025-11-07 00:00:00+00:00
[2025-11-07T14:29:05.521+0000] {processor.py:208} INFO - Processing /home/airflow/.local/lib/python3.12/site-packages/airflow/example_dags/example_bash_operator.py took 0.084 seconds
[2025-11-07T14:29:36.539+0000] {processor.py:186} INFO - Started process (PID=716) to work on /home/airflow/.local/lib/python3.12/site-packages/airflow/example_dags/example_bash_operator.py
[2025-11-07T14:29:36.541+0000] {processor.py:914} INFO - Processing file /home/airflow/.local/lib/python3.12/site-packages/airflow/example_dags/example_bash_operator.py for tasks to queue
[2025-11-07T14:29:36.543+0000] {logging_mixin.py:190} INFO - [2025-11-07T14:29:36.543+0000] {dagbag.py:588} INFO - Filling up the DagBag from /home/airflow/.local/lib/python3.12/site-packages/airflow/example_dags/example_bash_operator.py
[2025-11-07T14:29:36.560+0000] {processor.py:925} INFO - DAG(s) 'example_bash_operator' retrieved from /home/airflow/.local/lib/python3.12/site-packages/airflow/example_dags/example_bash_operator.py
[2025-11-07T14:29:36.586+0000] {logging_mixin.py:190} INFO - [2025-11-07T14:29:36.585+0000] {dag.py:3239} INFO - Sync 1 DAGs
[2025-11-07T14:29:36.601+0000] {logging_mixin.py:190} INFO - [2025-11-07T14:29:36.601+0000] {dag.py:4180} INFO - Setting next_dagrun for example_bash_operator to 2025-11-06 00:00:00+00:00, run_after=2025-11-07 00:00:00+00:00
[2025-11-07T14:29:36.615+0000] {processor.py:208} INFO - Processing /home/airflow/.local/lib/python3.12/site-packages/airflow/example_dags/example_bash_operator.py took 0.084 seconds
[2025-11-07T14:30:06.950+0000] {processor.py:186} INFO - Started process (PID=780) to work on /home/airflow/.local/lib/python3.12/site-packages/airflow/example_dags/example_bash_operator.py
[2025-11-07T14:30:06.951+0000] {processor.py:914} INFO - Processing file /home/airflow/.local/lib/python3.12/site-packages/airflow/example_dags/example_bash_operator.py for tasks to queue
[2025-11-07T14:30:06.954+0000] {logging_mixin.py:190} INFO - [2025-11-07T14:30:06.953+0000] {dagbag.py:588} INFO - Filling up the DagBag from /home/airflow/.local/lib/python3.12/site-packages/airflow/example_dags/example_bash_operator.py
[2025-11-07T14:30:06.972+0000] {processor.py:925} INFO - DAG(s) 'example_bash_operator' retrieved from /home/airflow/.local/lib/python3.12/site-packages/airflow/example_dags/example_bash_operator.py
[2025-11-07T14:30:07.006+0000] {logging_mixin.py:190} INFO - [2025-11-07T14:30:07.006+0000] {dag.py:3239} INFO - Sync 1 DAGs
[2025-11-07T14:30:07.038+0000] {logging_mixin.py:190} INFO - [2025-11-07T14:30:07.038+0000] {dag.py:4180} INFO - Setting next_dagrun for example_bash_operator to 2025-11-06 00:00:00+00:00, run_after=2025-11-07 00:00:00+00:00
[2025-11-07T14:30:07.063+0000] {processor.py:208} INFO - Processing /home/airflow/.local/lib/python3.12/site-packages/airflow/example_dags/example_bash_operator.py took 0.122 seconds
[2025-11-07T14:30:37.443+0000] {processor.py:186} INFO - Started process (PID=844) to work on /home/airflow/.local/lib/python3.12/site-packages/airflow/example_dags/example_bash_operator.py
[2025-11-07T14:30:37.445+0000] {processor.py:914} INFO - Processing file /home/airflow/.local/lib/python3.12/site-packages/airflow/example_dags/example_bash_operator.py for tasks to queue
[2025-11-07T14:30:37.447+0000] {logging_mixin.py:190} INFO - [2025-11-07T14:30:37.447+0000] {dagbag.py:588} INFO - Filling up the DagBag from /home/airflow/.local/lib/python3.12/site-packages/airflow/example_dags/example_bash_operator.py
[2025-11-07T14:30:37.464+0000] {processor.py:925} INFO - DAG(s) 'example_bash_operator' retrieved from /home/airflow/.local/lib/python3.12/site-packages/airflow/example_dags/example_bash_operator.py
[2025-11-07T14:30:37.485+0000] {logging_mixin.py:190} INFO - [2025-11-07T14:30:37.485+0000] {dag.py:3239} INFO - Sync 1 DAGs
[2025-11-07T14:30:37.500+0000] {logging_mixin.py:190} INFO - [2025-11-07T14:30:37.500+0000] {dag.py:4180} INFO - Setting next_dagrun for example_bash_operator to 2025-11-06 00:00:00+00:00, run_after=2025-11-07 00:00:00+00:00
[2025-11-07T14:30:37.512+0000] {processor.py:208} INFO - Processing /home/airflow/.local/lib/python3.12/site-packages/airflow/example_dags/example_bash_operator.py took 0.078 seconds
[2025-11-07T14:31:08.890+0000] {processor.py:186} INFO - Started process (PID=908) to work on /home/airflow/.local/lib/python3.12/site-packages/airflow/example_dags/example_bash_operator.py
[2025-11-07T14:31:08.890+0000] {processor.py:914} INFO - Processing file /home/airflow/.local/lib/python3.12/site-packages/airflow/example_dags/example_bash_operator.py for tasks to queue
[2025-11-07T14:31:08.891+0000] {logging_mixin.py:190} INFO - [2025-11-07T14:31:08.891+0000] {dagbag.py:588} INFO - Filling up the DagBag from /home/airflow/.local/lib/python3.12/site-packages/airflow/example_dags/example_bash_operator.py
[2025-11-07T14:31:08.899+0000] {processor.py:925} INFO - DAG(s) 'example_bash_operator' retrieved from /home/airflow/.local/lib/python3.12/site-packages/airflow/example_dags/example_bash_operator.py
[2025-11-07T14:31:08.929+0000] {logging_mixin.py:190} INFO - [2025-11-07T14:31:08.929+0000] {dag.py:3239} INFO - Sync 1 DAGs
[2025-11-07T14:31:08.963+0000] {logging_mixin.py:190} INFO - [2025-11-07T14:31:08.962+0000] {dag.py:4180} INFO - Setting next_dagrun for example_bash_operator to 2025-11-06 00:00:00+00:00, run_after=2025-11-07 00:00:00+00:00
[2025-11-07T14:31:08.983+0000] {processor.py:208} INFO - Processing /home/airflow/.local/lib/python3.12/site-packages/airflow/example_dags/example_bash_operator.py took 0.097 seconds
[2025-11-07T14:31:40.151+0000] {processor.py:186} INFO - Started process (PID=972) to work on /home/airflow/.local/lib/python3.12/site-packages/airflow/example_dags/example_bash_operator.py
[2025-11-07T14:31:40.154+0000] {processor.py:914} INFO - Processing file /home/airflow/.local/lib/python3.12/site-packages/airflow/example_dags/example_bash_operator.py for tasks to queue
[2025-11-07T14:31:40.156+0000] {logging_mixin.py:190} INFO - [2025-11-07T14:31:40.156+0000] {dagbag.py:588} INFO - Filling up the DagBag from /home/airflow/.local/lib/python3.12/site-packages/airflow/example_dags/example_bash_operator.py
[2025-11-07T14:31:40.170+0000] {processor.py:925} INFO - DAG(s) 'example_bash_operator' retrieved from /home/airflow/.local/lib/python3.12/site-packages/airflow/example_dags/example_bash_operator.py
[2025-11-07T14:31:40.192+0000] {logging_mixin.py:190} INFO - [2025-11-07T14:31:40.192+0000] {dag.py:3239} INFO - Sync 1 DAGs
[2025-11-07T14:31:40.207+0000] {logging_mixin.py:190} INFO - [2025-11-07T14:31:40.207+0000] {dag.py:4180} INFO - Setting next_dagrun for example_bash_operator to 2025-11-06 00:00:00+00:00, run_after=2025-11-07 00:00:00+00:00
[2025-11-07T14:31:40.224+0000] {processor.py:208} INFO - Processing /home/airflow/.local/lib/python3.12/site-packages/airflow/example_dags/example_bash_operator.py took 0.080 seconds
[2025-11-07T14:32:10.700+0000] {processor.py:186} INFO - Started process (PID=1036) to work on /home/airflow/.local/lib/python3.12/site-packages/airflow/example_dags/example_bash_operator.py
[2025-11-07T14:32:10.702+0000] {processor.py:914} INFO - Processing file /home/airflow/.local/lib/python3.12/site-packages/airflow/example_dags/example_bash_operator.py for tasks to queue
[2025-11-07T14:32:10.706+0000] {logging_mixin.py:190} INFO - [2025-11-07T14:32:10.705+0000] {dagbag.py:588} INFO - Filling up the DagBag from /home/airflow/.local/lib/python3.12/site-packages/airflow/example_dags/example_bash_operator.py
[2025-11-07T14:32:10.729+0000] {processor.py:925} INFO - DAG(s) 'example_bash_operator' retrieved from /home/airflow/.local/lib/python3.12/site-packages/airflow/example_dags/example_bash_operator.py
[2025-11-07T14:32:10.770+0000] {logging_mixin.py:190} INFO - [2025-11-07T14:32:10.769+0000] {dag.py:3239} INFO - Sync 1 DAGs
[2025-11-07T14:32:10.806+0000] {logging_mixin.py:190} INFO - [2025-11-07T14:32:10.805+0000] {dag.py:4180} INFO - Setting next_dagrun for example_bash_operator to 2025-11-06 00:00:00+00:00, run_after=2025-11-07 00:00:00+00:00
[2025-11-07T14:32:10.832+0000] {processor.py:208} INFO - Processing /home/airflow/.local/lib/python3.12/site-packages/airflow/example_dags/example_bash_operator.py took 0.143 seconds
[2025-11-07T14:32:42.028+0000] {processor.py:186} INFO - Started process (PID=1100) to work on /home/airflow/.local/lib/python3.12/site-packages/airflow/example_dags/example_bash_operator.py
[2025-11-07T14:32:42.029+0000] {processor.py:914} INFO - Processing file /home/airflow/.local/lib/python3.12/site-packages/airflow/example_dags/example_bash_operator.py for tasks to queue
[2025-11-07T14:32:42.031+0000] {logging_mixin.py:190} INFO - [2025-11-07T14:32:42.031+0000] {dagbag.py:588} INFO - Filling up the DagBag from /home/airflow/.local/lib/python3.12/site-packages/airflow/example_dags/example_bash_operator.py
[2025-11-07T14:32:42.043+0000] {processor.py:925} INFO - DAG(s) 'example_bash_operator' retrieved from /home/airflow/.local/lib/python3.12/site-packages/airflow/example_dags/example_bash_operator.py
[2025-11-07T14:32:42.074+0000] {logging_mixin.py:190} INFO - [2025-11-07T14:32:42.073+0000] {dag.py:3239} INFO - Sync 1 DAGs
[2025-11-07T14:32:42.106+0000] {logging_mixin.py:190} INFO - [2025-11-07T14:32:42.106+0000] {dag.py:4180} INFO - Setting next_dagrun for example_bash_operator to 2025-11-06 00:00:00+00:00, run_after=2025-11-07 00:00:00+00:00
[2025-11-07T14:32:42.127+0000] {processor.py:208} INFO - Processing /home/airflow/.local/lib/python3.12/site-packages/airflow/example_dags/example_bash_operator.py took 0.104 seconds
[2025-11-07T14:33:13.776+0000] {processor.py:186} INFO - Started process (PID=1164) to work on /home/airflow/.local/lib/python3.12/site-packages/airflow/example_dags/example_bash_operator.py
[2025-11-07T14:33:13.776+0000] {processor.py:914} INFO - Processing file /home/airflow/.local/lib/python3.12/site-packages/airflow/example_dags/example_bash_operator.py for tasks to queue
[2025-11-07T14:33:13.777+0000] {logging_mixin.py:190} INFO - [2025-11-07T14:33:13.777+0000] {dagbag.py:588} INFO - Filling up the DagBag from /home/airflow/.local/lib/python3.12/site-packages/airflow/example_dags/example_bash_operator.py
[2025-11-07T14:33:13.785+0000] {processor.py:925} INFO - DAG(s) 'example_bash_operator' retrieved from /home/airflow/.local/lib/python3.12/site-packages/airflow/example_dags/example_bash_operator.py
[2025-11-07T14:33:13.812+0000] {logging_mixin.py:190} INFO - [2025-11-07T14:33:13.812+0000] {dag.py:3239} INFO - Sync 1 DAGs
[2025-11-07T14:33:13.845+0000] {logging_mixin.py:190} INFO - [2025-11-07T14:33:13.845+0000] {dag.py:4180} INFO - Setting next_dagrun for example_bash_operator to 2025-11-06 00:00:00+00:00, run_after=2025-11-07 00:00:00+00:00
[2025-11-07T14:33:13.869+0000] {processor.py:208} INFO - Processing /home/airflow/.local/lib/python3.12/site-packages/airflow/example_dags/example_bash_operator.py took 0.098 seconds
[2025-11-07T14:33:43.953+0000] {processor.py:186} INFO - Started process (PID=1228) to work on /home/airflow/.local/lib/python3.12/site-packages/airflow/example_dags/example_bash_operator.py
[2025-11-07T14:33:43.954+0000] {processor.py:914} INFO - Processing file /home/airflow/.local/lib/python3.12/site-packages/airflow/example_dags/example_bash_operator.py for tasks to queue
[2025-11-07T14:33:43.956+0000] {logging_mixin.py:190} INFO - [2025-11-07T14:33:43.956+0000] {dagbag.py:588} INFO - Filling up the DagBag from /home/airflow/.local/lib/python3.12/site-packages/airflow/example_dags/example_bash_operator.py
[2025-11-07T14:33:43.971+0000] {processor.py:925} INFO - DAG(s) 'example_bash_operator' retrieved from /home/airflow/.local/lib/python3.12/site-packages/airflow/example_dags/example_bash_operator.py
[2025-11-07T14:33:43.999+0000] {logging_mixin.py:190} INFO - [2025-11-07T14:33:43.999+0000] {dag.py:3239} INFO - Sync 1 DAGs
[2025-11-07T14:33:44.017+0000] {logging_mixin.py:190} INFO - [2025-11-07T14:33:44.017+0000] {dag.py:4180} INFO - Setting next_dagrun for example_bash_operator to 2025-11-06 00:00:00+00:00, run_after=2025-11-07 00:00:00+00:00
[2025-11-07T14:33:44.032+0000] {processor.py:208} INFO - Processing /home/airflow/.local/lib/python3.12/site-packages/airflow/example_dags/example_bash_operator.py took 0.088 seconds
[2025-11-07T14:34:15.104+0000] {processor.py:186} INFO - Started process (PID=1292) to work on /home/airflow/.local/lib/python3.12/site-packages/airflow/example_dags/example_bash_operator.py
[2025-11-07T14:34:15.106+0000] {processor.py:914} INFO - Processing file /home/airflow/.local/lib/python3.12/site-packages/airflow/example_dags/example_bash_operator.py for tasks to queue
[2025-11-07T14:34:15.108+0000] {logging_mixin.py:190} INFO - [2025-11-07T14:34:15.108+0000] {dagbag.py:588} INFO - Filling up the DagBag from /home/airflow/.local/lib/python3.12/site-packages/airflow/example_dags/example_bash_operator.py
[2025-11-07T14:34:15.118+0000] {processor.py:925} INFO - DAG(s) 'example_bash_operator' retrieved from /home/airflow/.local/lib/python3.12/site-packages/airflow/example_dags/example_bash_operator.py
[2025-11-07T14:34:15.146+0000] {logging_mixin.py:190} INFO - [2025-11-07T14:34:15.145+0000] {dag.py:3239} INFO - Sync 1 DAGs
[2025-11-07T14:34:15.180+0000] {logging_mixin.py:190} INFO - [2025-11-07T14:34:15.179+0000] {dag.py:4180} INFO - Setting next_dagrun for example_bash_operator to 2025-11-06 00:00:00+00:00, run_after=2025-11-07 00:00:00+00:00
[2025-11-07T14:34:15.204+0000] {processor.py:208} INFO - Processing /home/airflow/.local/lib/python3.12/site-packages/airflow/example_dags/example_bash_operator.py took 0.104 seconds
[2025-11-07T14:34:46.381+0000] {processor.py:186} INFO - Started process (PID=1356) to work on /home/airflow/.local/lib/python3.12/site-packages/airflow/example_dags/example_bash_operator.py
[2025-11-07T14:34:46.384+0000] {processor.py:914} INFO - Processing file /home/airflow/.local/lib/python3.12/site-packages/airflow/example_dags/example_bash_operator.py for tasks to queue
[2025-11-07T14:34:46.386+0000] {logging_mixin.py:190} INFO - [2025-11-07T14:34:46.386+0000] {dagbag.py:588} INFO - Filling up the DagBag from /home/airflow/.local/lib/python3.12/site-packages/airflow/example_dags/example_bash_operator.py
[2025-11-07T14:34:46.399+0000] {processor.py:925} INFO - DAG(s) 'example_bash_operator' retrieved from /home/airflow/.local/lib/python3.12/site-packages/airflow/example_dags/example_bash_operator.py
[2025-11-07T14:34:46.418+0000] {logging_mixin.py:190} INFO - [2025-11-07T14:34:46.418+0000] {dag.py:3239} INFO - Sync 1 DAGs
[2025-11-07T14:34:46.452+0000] {logging_mixin.py:190} INFO - [2025-11-07T14:34:46.452+0000] {dag.py:4180} INFO - Setting next_dagrun for example_bash_operator to 2025-11-06 00:00:00+00:00, run_after=2025-11-07 00:00:00+00:00
[2025-11-07T14:34:46.478+0000] {processor.py:208} INFO - Processing /home/airflow/.local/lib/python3.12/site-packages/airflow/example_dags/example_bash_operator.py took 0.105 seconds
[2025-11-07T14:35:17.211+0000] {processor.py:186} INFO - Started process (PID=1420) to work on /home/airflow/.local/lib/python3.12/site-packages/airflow/example_dags/example_bash_operator.py
[2025-11-07T14:35:17.212+0000] {processor.py:914} INFO - Processing file /home/airflow/.local/lib/python3.12/site-packages/airflow/example_dags/example_bash_operator.py for tasks to queue
[2025-11-07T14:35:17.215+0000] {logging_mixin.py:190} INFO - [2025-11-07T14:35:17.215+0000] {dagbag.py:588} INFO - Filling up the DagBag from /home/airflow/.local/lib/python3.12/site-packages/airflow/example_dags/example_bash_operator.py
[2025-11-07T14:35:17.233+0000] {processor.py:925} INFO - DAG(s) 'example_bash_operator' retrieved from /home/airflow/.local/lib/python3.12/site-packages/airflow/example_dags/example_bash_operator.py
[2025-11-07T14:35:17.270+0000] {logging_mixin.py:190} INFO - [2025-11-07T14:35:17.269+0000] {dag.py:3239} INFO - Sync 1 DAGs
[2025-11-07T14:35:17.296+0000] {logging_mixin.py:190} INFO - [2025-11-07T14:35:17.296+0000] {dag.py:4180} INFO - Setting next_dagrun for example_bash_operator to 2025-11-06 00:00:00+00:00, run_after=2025-11-07 00:00:00+00:00
[2025-11-07T14:35:17.312+0000] {processor.py:208} INFO - Processing /home/airflow/.local/lib/python3.12/site-packages/airflow/example_dags/example_bash_operator.py took 0.109 seconds
[2025-11-07T14:35:48.701+0000] {processor.py:186} INFO - Started process (PID=1484) to work on /home/airflow/.local/lib/python3.12/site-packages/airflow/example_dags/example_bash_operator.py
[2025-11-07T14:35:48.702+0000] {processor.py:914} INFO - Processing file /home/airflow/.local/lib/python3.12/site-packages/airflow/example_dags/example_bash_operator.py for tasks to queue
[2025-11-07T14:35:48.704+0000] {logging_mixin.py:190} INFO - [2025-11-07T14:35:48.704+0000] {dagbag.py:588} INFO - Filling up the DagBag from /home/airflow/.local/lib/python3.12/site-packages/airflow/example_dags/example_bash_operator.py
[2025-11-07T14:35:48.721+0000] {processor.py:925} INFO - DAG(s) 'example_bash_operator' retrieved from /home/airflow/.local/lib/python3.12/site-packages/airflow/example_dags/example_bash_operator.py
[2025-11-07T14:35:48.754+0000] {logging_mixin.py:190} INFO - [2025-11-07T14:35:48.753+0000] {dag.py:3239} INFO - Sync 1 DAGs
[2025-11-07T14:35:48.788+0000] {logging_mixin.py:190} INFO - [2025-11-07T14:35:48.787+0000] {dag.py:4180} INFO - Setting next_dagrun for example_bash_operator to 2025-11-06 00:00:00+00:00, run_after=2025-11-07 00:00:00+00:00
[2025-11-07T14:35:48.814+0000] {processor.py:208} INFO - Processing /home/airflow/.local/lib/python3.12/site-packages/airflow/example_dags/example_bash_operator.py took 0.121 seconds
[2025-11-07T14:36:19.937+0000] {processor.py:186} INFO - Started process (PID=1548) to work on /home/airflow/.local/lib/python3.12/site-packages/airflow/example_dags/example_bash_operator.py
[2025-11-07T14:36:19.937+0000] {processor.py:914} INFO - Processing file /home/airflow/.local/lib/python3.12/site-packages/airflow/example_dags/example_bash_operator.py for tasks to queue
[2025-11-07T14:36:19.939+0000] {logging_mixin.py:190} INFO - [2025-11-07T14:36:19.938+0000] {dagbag.py:588} INFO - Filling up the DagBag from /home/airflow/.local/lib/python3.12/site-packages/airflow/example_dags/example_bash_operator.py
[2025-11-07T14:36:19.954+0000] {processor.py:925} INFO - DAG(s) 'example_bash_operator' retrieved from /home/airflow/.local/lib/python3.12/site-packages/airflow/example_dags/example_bash_operator.py
[2025-11-07T14:36:19.987+0000] {logging_mixin.py:190} INFO - [2025-11-07T14:36:19.987+0000] {dag.py:3239} INFO - Sync 1 DAGs
[2025-11-07T14:36:20.021+0000] {logging_mixin.py:190} INFO - [2025-11-07T14:36:20.021+0000] {dag.py:4180} INFO - Setting next_dagrun for example_bash_operator to 2025-11-06 00:00:00+00:00, run_after=2025-11-07 00:00:00+00:00
[2025-11-07T14:36:20.049+0000] {processor.py:208} INFO - Processing /home/airflow/.local/lib/python3.12/site-packages/airflow/example_dags/example_bash_operator.py took 0.116 seconds
[2025-11-07T14:36:50.995+0000] {processor.py:186} INFO - Started process (PID=1612) to work on /home/airflow/.local/lib/python3.12/site-packages/airflow/example_dags/example_bash_operator.py
[2025-11-07T14:36:50.998+0000] {processor.py:914} INFO - Processing file /home/airflow/.local/lib/python3.12/site-packages/airflow/example_dags/example_bash_operator.py for tasks to queue
[2025-11-07T14:36:51.001+0000] {logging_mixin.py:190} INFO - [2025-11-07T14:36:51.000+0000] {dagbag.py:588} INFO - Filling up the DagBag from /home/airflow/.local/lib/python3.12/site-packages/airflow/example_dags/example_bash_operator.py
[2025-11-07T14:36:51.017+0000] {processor.py:925} INFO - DAG(s) 'example_bash_operator' retrieved from /home/airflow/.local/lib/python3.12/site-packages/airflow/example_dags/example_bash_operator.py
[2025-11-07T14:36:51.054+0000] {logging_mixin.py:190} INFO - [2025-11-07T14:36:51.054+0000] {dag.py:3239} INFO - Sync 1 DAGs
[2025-11-07T14:36:51.089+0000] {logging_mixin.py:190} INFO - [2025-11-07T14:36:51.089+0000] {dag.py:4180} INFO - Setting next_dagrun for example_bash_operator to 2025-11-06 00:00:00+00:00, run_after=2025-11-07 00:00:00+00:00
[2025-11-07T14:36:51.108+0000] {processor.py:208} INFO - Processing /home/airflow/.local/lib/python3.12/site-packages/airflow/example_dags/example_bash_operator.py took 0.122 seconds
[2025-11-07T14:37:21.222+0000] {processor.py:186} INFO - Started process (PID=1676) to work on /home/airflow/.local/lib/python3.12/site-packages/airflow/example_dags/example_bash_operator.py
[2025-11-07T14:37:21.223+0000] {processor.py:914} INFO - Processing file /home/airflow/.local/lib/python3.12/site-packages/airflow/example_dags/example_bash_operator.py for tasks to queue
[2025-11-07T14:37:21.226+0000] {logging_mixin.py:190} INFO - [2025-11-07T14:37:21.226+0000] {dagbag.py:588} INFO - Filling up the DagBag from /home/airflow/.local/lib/python3.12/site-packages/airflow/example_dags/example_bash_operator.py
[2025-11-07T14:37:21.247+0000] {processor.py:925} INFO - DAG(s) 'example_bash_operator' retrieved from /home/airflow/.local/lib/python3.12/site-packages/airflow/example_dags/example_bash_operator.py
[2025-11-07T14:37:21.284+0000] {logging_mixin.py:190} INFO - [2025-11-07T14:37:21.283+0000] {dag.py:3239} INFO - Sync 1 DAGs
[2025-11-07T14:37:21.310+0000] {logging_mixin.py:190} INFO - [2025-11-07T14:37:21.310+0000] {dag.py:4180} INFO - Setting next_dagrun for example_bash_operator to 2025-11-06 00:00:00+00:00, run_after=2025-11-07 00:00:00+00:00
[2025-11-07T14:37:21.328+0000] {processor.py:208} INFO - Processing /home/airflow/.local/lib/python3.12/site-packages/airflow/example_dags/example_bash_operator.py took 0.114 seconds
[2025-11-07T14:37:52.631+0000] {processor.py:186} INFO - Started process (PID=1740) to work on /home/airflow/.local/lib/python3.12/site-packages/airflow/example_dags/example_bash_operator.py
[2025-11-07T14:37:52.634+0000] {processor.py:914} INFO - Processing file /home/airflow/.local/lib/python3.12/site-packages/airflow/example_dags/example_bash_operator.py for tasks to queue
[2025-11-07T14:37:52.637+0000] {logging_mixin.py:190} INFO - [2025-11-07T14:37:52.636+0000] {dagbag.py:588} INFO - Filling up the DagBag from /home/airflow/.local/lib/python3.12/site-packages/airflow/example_dags/example_bash_operator.py
[2025-11-07T14:37:52.653+0000] {processor.py:925} INFO - DAG(s) 'example_bash_operator' retrieved from /home/airflow/.local/lib/python3.12/site-packages/airflow/example_dags/example_bash_operator.py
[2025-11-07T14:37:52.689+0000] {logging_mixin.py:190} INFO - [2025-11-07T14:37:52.688+0000] {dag.py:3239} INFO - Sync 1 DAGs
[2025-11-07T14:37:52.714+0000] {logging_mixin.py:190} INFO - [2025-11-07T14:37:52.714+0000] {dag.py:4180} INFO - Setting next_dagrun for example_bash_operator to 2025-11-06 00:00:00+00:00, run_after=2025-11-07 00:00:00+00:00
[2025-11-07T14:37:52.736+0000] {processor.py:208} INFO - Processing /home/airflow/.local/lib/python3.12/site-packages/airflow/example_dags/example_bash_operator.py took 0.113 seconds
[2025-11-07T14:38:24.048+0000] {processor.py:186} INFO - Started process (PID=1804) to work on /home/airflow/.local/lib/python3.12/site-packages/airflow/example_dags/example_bash_operator.py
[2025-11-07T14:38:24.048+0000] {processor.py:914} INFO - Processing file /home/airflow/.local/lib/python3.12/site-packages/airflow/example_dags/example_bash_operator.py for tasks to queue
[2025-11-07T14:38:24.049+0000] {logging_mixin.py:190} INFO - [2025-11-07T14:38:24.049+0000] {dagbag.py:588} INFO - Filling up the DagBag from /home/airflow/.local/lib/python3.12/site-packages/airflow/example_dags/example_bash_operator.py
[2025-11-07T14:38:24.057+0000] {processor.py:925} INFO - DAG(s) 'example_bash_operator' retrieved from /home/airflow/.local/lib/python3.12/site-packages/airflow/example_dags/example_bash_operator.py
[2025-11-07T14:38:24.074+0000] {logging_mixin.py:190} INFO - [2025-11-07T14:38:24.074+0000] {dag.py:3239} INFO - Sync 1 DAGs
[2025-11-07T14:38:24.088+0000] {logging_mixin.py:190} INFO - [2025-11-07T14:38:24.087+0000] {dag.py:4180} INFO - Setting next_dagrun for example_bash_operator to 2025-11-06 00:00:00+00:00, run_after=2025-11-07 00:00:00+00:00
[2025-11-07T14:38:24.100+0000] {processor.py:208} INFO - Processing /home/airflow/.local/lib/python3.12/site-packages/airflow/example_dags/example_bash_operator.py took 0.056 seconds
[2025-11-07T14:38:55.206+0000] {processor.py:186} INFO - Started process (PID=1868) to work on /home/airflow/.local/lib/python3.12/site-packages/airflow/example_dags/example_bash_operator.py
[2025-11-07T14:38:55.206+0000] {processor.py:914} INFO - Processing file /home/airflow/.local/lib/python3.12/site-packages/airflow/example_dags/example_bash_operator.py for tasks to queue
[2025-11-07T14:38:55.207+0000] {logging_mixin.py:190} INFO - [2025-11-07T14:38:55.207+0000] {dagbag.py:588} INFO - Filling up the DagBag from /home/airflow/.local/lib/python3.12/site-packages/airflow/example_dags/example_bash_operator.py
[2025-11-07T14:38:55.214+0000] {processor.py:925} INFO - DAG(s) 'example_bash_operator' retrieved from /home/airflow/.local/lib/python3.12/site-packages/airflow/example_dags/example_bash_operator.py
[2025-11-07T14:38:55.235+0000] {logging_mixin.py:190} INFO - [2025-11-07T14:38:55.234+0000] {dag.py:3239} INFO - Sync 1 DAGs
[2025-11-07T14:38:55.252+0000] {logging_mixin.py:190} INFO - [2025-11-07T14:38:55.252+0000] {dag.py:4180} INFO - Setting next_dagrun for example_bash_operator to 2025-11-06 00:00:00+00:00, run_after=2025-11-07 00:00:00+00:00
[2025-11-07T14:38:55.264+0000] {processor.py:208} INFO - Processing /home/airflow/.local/lib/python3.12/site-packages/airflow/example_dags/example_bash_operator.py took 0.061 seconds
[2025-11-07T14:39:26.596+0000] {processor.py:186} INFO - Started process (PID=1932) to work on /home/airflow/.local/lib/python3.12/site-packages/airflow/example_dags/example_bash_operator.py
[2025-11-07T14:39:26.597+0000] {processor.py:914} INFO - Processing file /home/airflow/.local/lib/python3.12/site-packages/airflow/example_dags/example_bash_operator.py for tasks to queue
[2025-11-07T14:39:26.600+0000] {logging_mixin.py:190} INFO - [2025-11-07T14:39:26.599+0000] {dagbag.py:588} INFO - Filling up the DagBag from /home/airflow/.local/lib/python3.12/site-packages/airflow/example_dags/example_bash_operator.py
[2025-11-07T14:39:26.619+0000] {processor.py:925} INFO - DAG(s) 'example_bash_operator' retrieved from /home/airflow/.local/lib/python3.12/site-packages/airflow/example_dags/example_bash_operator.py
[2025-11-07T14:39:26.661+0000] {logging_mixin.py:190} INFO - [2025-11-07T14:39:26.661+0000] {dag.py:3239} INFO - Sync 1 DAGs
[2025-11-07T14:39:26.696+0000] {logging_mixin.py:190} INFO - [2025-11-07T14:39:26.696+0000] {dag.py:4180} INFO - Setting next_dagrun for example_bash_operator to 2025-11-06 00:00:00+00:00, run_after=2025-11-07 00:00:00+00:00
[2025-11-07T14:39:26.727+0000] {processor.py:208} INFO - Processing /home/airflow/.local/lib/python3.12/site-packages/airflow/example_dags/example_bash_operator.py took 0.139 seconds
