[2025-11-07T14:24:26.213+0000] {processor.py:186} INFO - Started process (PID=74) to work on /home/airflow/.local/lib/python3.12/site-packages/airflow/example_dags/example_sensors.py
[2025-11-07T14:24:26.214+0000] {processor.py:914} INFO - Processing file /home/airflow/.local/lib/python3.12/site-packages/airflow/example_dags/example_sensors.py for tasks to queue
[2025-11-07T14:24:26.216+0000] {logging_mixin.py:190} INFO - [2025-11-07T14:24:26.216+0000] {dagbag.py:588} INFO - Filling up the DagBag from /home/airflow/.local/lib/python3.12/site-packages/airflow/example_dags/example_sensors.py
[2025-11-07T14:24:26.225+0000] {processor.py:925} INFO - DAG(s) 'example_sensors' retrieved from /home/airflow/.local/lib/python3.12/site-packages/airflow/example_dags/example_sensors.py
[2025-11-07T14:24:26.259+0000] {logging_mixin.py:190} INFO - [2025-11-07T14:24:26.258+0000] {dag.py:3239} INFO - Sync 1 DAGs
[2025-11-07T14:24:26.277+0000] {logging_mixin.py:190} INFO - [2025-11-07T14:24:26.277+0000] {dag.py:4180} INFO - Setting next_dagrun for example_sensors to None, run_after=None
[2025-11-07T14:24:26.296+0000] {processor.py:208} INFO - Processing /home/airflow/.local/lib/python3.12/site-packages/airflow/example_dags/example_sensors.py took 0.089 seconds
[2025-11-07T14:24:56.596+0000] {processor.py:186} INFO - Started process (PID=138) to work on /home/airflow/.local/lib/python3.12/site-packages/airflow/example_dags/example_sensors.py
[2025-11-07T14:24:56.596+0000] {processor.py:914} INFO - Processing file /home/airflow/.local/lib/python3.12/site-packages/airflow/example_dags/example_sensors.py for tasks to queue
[2025-11-07T14:24:56.597+0000] {logging_mixin.py:190} INFO - [2025-11-07T14:24:56.597+0000] {dagbag.py:588} INFO - Filling up the DagBag from /home/airflow/.local/lib/python3.12/site-packages/airflow/example_dags/example_sensors.py
[2025-11-07T14:24:56.603+0000] {processor.py:925} INFO - DAG(s) 'example_sensors' retrieved from /home/airflow/.local/lib/python3.12/site-packages/airflow/example_dags/example_sensors.py
[2025-11-07T14:24:56.624+0000] {logging_mixin.py:190} INFO - [2025-11-07T14:24:56.624+0000] {dag.py:3239} INFO - Sync 1 DAGs
[2025-11-07T14:24:56.636+0000] {logging_mixin.py:190} INFO - [2025-11-07T14:24:56.635+0000] {dag.py:4180} INFO - Setting next_dagrun for example_sensors to None, run_after=None
[2025-11-07T14:24:56.652+0000] {processor.py:208} INFO - Processing /home/airflow/.local/lib/python3.12/site-packages/airflow/example_dags/example_sensors.py took 0.060 seconds
[2025-11-07T14:25:27.891+0000] {processor.py:186} INFO - Started process (PID=202) to work on /home/airflow/.local/lib/python3.12/site-packages/airflow/example_dags/example_sensors.py
[2025-11-07T14:25:27.894+0000] {processor.py:914} INFO - Processing file /home/airflow/.local/lib/python3.12/site-packages/airflow/example_dags/example_sensors.py for tasks to queue
[2025-11-07T14:25:27.897+0000] {logging_mixin.py:190} INFO - [2025-11-07T14:25:27.896+0000] {dagbag.py:588} INFO - Filling up the DagBag from /home/airflow/.local/lib/python3.12/site-packages/airflow/example_dags/example_sensors.py
[2025-11-07T14:25:27.910+0000] {processor.py:925} INFO - DAG(s) 'example_sensors' retrieved from /home/airflow/.local/lib/python3.12/site-packages/airflow/example_dags/example_sensors.py
[2025-11-07T14:25:27.944+0000] {logging_mixin.py:190} INFO - [2025-11-07T14:25:27.944+0000] {dag.py:3239} INFO - Sync 1 DAGs
[2025-11-07T14:25:27.958+0000] {logging_mixin.py:190} INFO - [2025-11-07T14:25:27.957+0000] {dag.py:4180} INFO - Setting next_dagrun for example_sensors to None, run_after=None
[2025-11-07T14:25:27.975+0000] {processor.py:208} INFO - Processing /home/airflow/.local/lib/python3.12/site-packages/airflow/example_dags/example_sensors.py took 0.091 seconds
[2025-11-07T14:25:58.746+0000] {processor.py:186} INFO - Started process (PID=266) to work on /home/airflow/.local/lib/python3.12/site-packages/airflow/example_dags/example_sensors.py
[2025-11-07T14:25:58.747+0000] {processor.py:914} INFO - Processing file /home/airflow/.local/lib/python3.12/site-packages/airflow/example_dags/example_sensors.py for tasks to queue
[2025-11-07T14:25:58.750+0000] {logging_mixin.py:190} INFO - [2025-11-07T14:25:58.750+0000] {dagbag.py:588} INFO - Filling up the DagBag from /home/airflow/.local/lib/python3.12/site-packages/airflow/example_dags/example_sensors.py
[2025-11-07T14:25:58.766+0000] {processor.py:925} INFO - DAG(s) 'example_sensors' retrieved from /home/airflow/.local/lib/python3.12/site-packages/airflow/example_dags/example_sensors.py
[2025-11-07T14:25:58.803+0000] {logging_mixin.py:190} INFO - [2025-11-07T14:25:58.803+0000] {dag.py:3239} INFO - Sync 1 DAGs
[2025-11-07T14:25:58.823+0000] {logging_mixin.py:190} INFO - [2025-11-07T14:25:58.823+0000] {dag.py:4180} INFO - Setting next_dagrun for example_sensors to None, run_after=None
[2025-11-07T14:25:58.849+0000] {processor.py:208} INFO - Processing /home/airflow/.local/lib/python3.12/site-packages/airflow/example_dags/example_sensors.py took 0.111 seconds
[2025-11-07T14:26:30.141+0000] {processor.py:186} INFO - Started process (PID=330) to work on /home/airflow/.local/lib/python3.12/site-packages/airflow/example_dags/example_sensors.py
[2025-11-07T14:26:30.144+0000] {processor.py:914} INFO - Processing file /home/airflow/.local/lib/python3.12/site-packages/airflow/example_dags/example_sensors.py for tasks to queue
[2025-11-07T14:26:30.146+0000] {logging_mixin.py:190} INFO - [2025-11-07T14:26:30.145+0000] {dagbag.py:588} INFO - Filling up the DagBag from /home/airflow/.local/lib/python3.12/site-packages/airflow/example_dags/example_sensors.py
[2025-11-07T14:26:30.158+0000] {processor.py:925} INFO - DAG(s) 'example_sensors' retrieved from /home/airflow/.local/lib/python3.12/site-packages/airflow/example_dags/example_sensors.py
[2025-11-07T14:26:30.196+0000] {logging_mixin.py:190} INFO - [2025-11-07T14:26:30.196+0000] {dag.py:3239} INFO - Sync 1 DAGs
[2025-11-07T14:26:30.225+0000] {logging_mixin.py:190} INFO - [2025-11-07T14:26:30.225+0000] {dag.py:4180} INFO - Setting next_dagrun for example_sensors to None, run_after=None
[2025-11-07T14:26:30.269+0000] {processor.py:208} INFO - Processing /home/airflow/.local/lib/python3.12/site-packages/airflow/example_dags/example_sensors.py took 0.132 seconds
[2025-11-07T14:27:01.069+0000] {processor.py:186} INFO - Started process (PID=394) to work on /home/airflow/.local/lib/python3.12/site-packages/airflow/example_dags/example_sensors.py
[2025-11-07T14:27:01.070+0000] {processor.py:914} INFO - Processing file /home/airflow/.local/lib/python3.12/site-packages/airflow/example_dags/example_sensors.py for tasks to queue
[2025-11-07T14:27:01.071+0000] {logging_mixin.py:190} INFO - [2025-11-07T14:27:01.071+0000] {dagbag.py:588} INFO - Filling up the DagBag from /home/airflow/.local/lib/python3.12/site-packages/airflow/example_dags/example_sensors.py
[2025-11-07T14:27:01.077+0000] {processor.py:925} INFO - DAG(s) 'example_sensors' retrieved from /home/airflow/.local/lib/python3.12/site-packages/airflow/example_dags/example_sensors.py
[2025-11-07T14:27:01.095+0000] {logging_mixin.py:190} INFO - [2025-11-07T14:27:01.094+0000] {dag.py:3239} INFO - Sync 1 DAGs
[2025-11-07T14:27:01.113+0000] {logging_mixin.py:190} INFO - [2025-11-07T14:27:01.113+0000] {dag.py:4180} INFO - Setting next_dagrun for example_sensors to None, run_after=None
[2025-11-07T14:27:01.137+0000] {processor.py:208} INFO - Processing /home/airflow/.local/lib/python3.12/site-packages/airflow/example_dags/example_sensors.py took 0.071 seconds
[2025-11-07T14:27:32.295+0000] {processor.py:186} INFO - Started process (PID=458) to work on /home/airflow/.local/lib/python3.12/site-packages/airflow/example_dags/example_sensors.py
[2025-11-07T14:27:32.298+0000] {processor.py:914} INFO - Processing file /home/airflow/.local/lib/python3.12/site-packages/airflow/example_dags/example_sensors.py for tasks to queue
[2025-11-07T14:27:32.301+0000] {logging_mixin.py:190} INFO - [2025-11-07T14:27:32.300+0000] {dagbag.py:588} INFO - Filling up the DagBag from /home/airflow/.local/lib/python3.12/site-packages/airflow/example_dags/example_sensors.py
[2025-11-07T14:27:32.316+0000] {processor.py:925} INFO - DAG(s) 'example_sensors' retrieved from /home/airflow/.local/lib/python3.12/site-packages/airflow/example_dags/example_sensors.py
[2025-11-07T14:27:32.354+0000] {logging_mixin.py:190} INFO - [2025-11-07T14:27:32.354+0000] {dag.py:3239} INFO - Sync 1 DAGs
[2025-11-07T14:27:32.375+0000] {logging_mixin.py:190} INFO - [2025-11-07T14:27:32.375+0000] {dag.py:4180} INFO - Setting next_dagrun for example_sensors to None, run_after=None
[2025-11-07T14:27:32.402+0000] {processor.py:208} INFO - Processing /home/airflow/.local/lib/python3.12/site-packages/airflow/example_dags/example_sensors.py took 0.116 seconds
[2025-11-07T14:28:03.895+0000] {processor.py:186} INFO - Started process (PID=522) to work on /home/airflow/.local/lib/python3.12/site-packages/airflow/example_dags/example_sensors.py
[2025-11-07T14:28:03.896+0000] {processor.py:914} INFO - Processing file /home/airflow/.local/lib/python3.12/site-packages/airflow/example_dags/example_sensors.py for tasks to queue
[2025-11-07T14:28:03.898+0000] {logging_mixin.py:190} INFO - [2025-11-07T14:28:03.898+0000] {dagbag.py:588} INFO - Filling up the DagBag from /home/airflow/.local/lib/python3.12/site-packages/airflow/example_dags/example_sensors.py
[2025-11-07T14:28:03.911+0000] {processor.py:925} INFO - DAG(s) 'example_sensors' retrieved from /home/airflow/.local/lib/python3.12/site-packages/airflow/example_dags/example_sensors.py
[2025-11-07T14:28:03.944+0000] {logging_mixin.py:190} INFO - [2025-11-07T14:28:03.944+0000] {dag.py:3239} INFO - Sync 1 DAGs
[2025-11-07T14:28:03.961+0000] {logging_mixin.py:190} INFO - [2025-11-07T14:28:03.961+0000] {dag.py:4180} INFO - Setting next_dagrun for example_sensors to None, run_after=None
[2025-11-07T14:28:03.985+0000] {processor.py:208} INFO - Processing /home/airflow/.local/lib/python3.12/site-packages/airflow/example_dags/example_sensors.py took 0.097 seconds
[2025-11-07T14:28:34.537+0000] {processor.py:186} INFO - Started process (PID=586) to work on /home/airflow/.local/lib/python3.12/site-packages/airflow/example_dags/example_sensors.py
[2025-11-07T14:28:34.540+0000] {processor.py:914} INFO - Processing file /home/airflow/.local/lib/python3.12/site-packages/airflow/example_dags/example_sensors.py for tasks to queue
[2025-11-07T14:28:34.542+0000] {logging_mixin.py:190} INFO - [2025-11-07T14:28:34.542+0000] {dagbag.py:588} INFO - Filling up the DagBag from /home/airflow/.local/lib/python3.12/site-packages/airflow/example_dags/example_sensors.py
[2025-11-07T14:28:34.557+0000] {processor.py:925} INFO - DAG(s) 'example_sensors' retrieved from /home/airflow/.local/lib/python3.12/site-packages/airflow/example_dags/example_sensors.py
[2025-11-07T14:28:34.596+0000] {logging_mixin.py:190} INFO - [2025-11-07T14:28:34.595+0000] {dag.py:3239} INFO - Sync 1 DAGs
[2025-11-07T14:28:34.615+0000] {logging_mixin.py:190} INFO - [2025-11-07T14:28:34.615+0000] {dag.py:4180} INFO - Setting next_dagrun for example_sensors to None, run_after=None
[2025-11-07T14:28:34.642+0000] {processor.py:208} INFO - Processing /home/airflow/.local/lib/python3.12/site-packages/airflow/example_dags/example_sensors.py took 0.113 seconds
[2025-11-07T14:29:05.289+0000] {processor.py:186} INFO - Started process (PID=650) to work on /home/airflow/.local/lib/python3.12/site-packages/airflow/example_dags/example_sensors.py
[2025-11-07T14:29:05.291+0000] {processor.py:914} INFO - Processing file /home/airflow/.local/lib/python3.12/site-packages/airflow/example_dags/example_sensors.py for tasks to queue
[2025-11-07T14:29:05.295+0000] {logging_mixin.py:190} INFO - [2025-11-07T14:29:05.295+0000] {dagbag.py:588} INFO - Filling up the DagBag from /home/airflow/.local/lib/python3.12/site-packages/airflow/example_dags/example_sensors.py
[2025-11-07T14:29:05.311+0000] {processor.py:925} INFO - DAG(s) 'example_sensors' retrieved from /home/airflow/.local/lib/python3.12/site-packages/airflow/example_dags/example_sensors.py
[2025-11-07T14:29:05.348+0000] {logging_mixin.py:190} INFO - [2025-11-07T14:29:05.347+0000] {dag.py:3239} INFO - Sync 1 DAGs
[2025-11-07T14:29:05.369+0000] {logging_mixin.py:190} INFO - [2025-11-07T14:29:05.369+0000] {dag.py:4180} INFO - Setting next_dagrun for example_sensors to None, run_after=None
[2025-11-07T14:29:05.399+0000] {processor.py:208} INFO - Processing /home/airflow/.local/lib/python3.12/site-packages/airflow/example_dags/example_sensors.py took 0.119 seconds
[2025-11-07T14:29:36.408+0000] {processor.py:186} INFO - Started process (PID=714) to work on /home/airflow/.local/lib/python3.12/site-packages/airflow/example_dags/example_sensors.py
[2025-11-07T14:29:36.409+0000] {processor.py:914} INFO - Processing file /home/airflow/.local/lib/python3.12/site-packages/airflow/example_dags/example_sensors.py for tasks to queue
[2025-11-07T14:29:36.411+0000] {logging_mixin.py:190} INFO - [2025-11-07T14:29:36.411+0000] {dagbag.py:588} INFO - Filling up the DagBag from /home/airflow/.local/lib/python3.12/site-packages/airflow/example_dags/example_sensors.py
[2025-11-07T14:29:36.424+0000] {processor.py:925} INFO - DAG(s) 'example_sensors' retrieved from /home/airflow/.local/lib/python3.12/site-packages/airflow/example_dags/example_sensors.py
[2025-11-07T14:29:36.454+0000] {logging_mixin.py:190} INFO - [2025-11-07T14:29:36.453+0000] {dag.py:3239} INFO - Sync 1 DAGs
[2025-11-07T14:29:36.470+0000] {logging_mixin.py:190} INFO - [2025-11-07T14:29:36.470+0000] {dag.py:4180} INFO - Setting next_dagrun for example_sensors to None, run_after=None
[2025-11-07T14:29:36.494+0000] {processor.py:208} INFO - Processing /home/airflow/.local/lib/python3.12/site-packages/airflow/example_dags/example_sensors.py took 0.092 seconds
[2025-11-07T14:30:06.799+0000] {processor.py:186} INFO - Started process (PID=778) to work on /home/airflow/.local/lib/python3.12/site-packages/airflow/example_dags/example_sensors.py
[2025-11-07T14:30:06.800+0000] {processor.py:914} INFO - Processing file /home/airflow/.local/lib/python3.12/site-packages/airflow/example_dags/example_sensors.py for tasks to queue
[2025-11-07T14:30:06.803+0000] {logging_mixin.py:190} INFO - [2025-11-07T14:30:06.802+0000] {dagbag.py:588} INFO - Filling up the DagBag from /home/airflow/.local/lib/python3.12/site-packages/airflow/example_dags/example_sensors.py
[2025-11-07T14:30:06.818+0000] {processor.py:925} INFO - DAG(s) 'example_sensors' retrieved from /home/airflow/.local/lib/python3.12/site-packages/airflow/example_dags/example_sensors.py
[2025-11-07T14:30:06.856+0000] {logging_mixin.py:190} INFO - [2025-11-07T14:30:06.855+0000] {dag.py:3239} INFO - Sync 1 DAGs
[2025-11-07T14:30:06.877+0000] {logging_mixin.py:190} INFO - [2025-11-07T14:30:06.877+0000] {dag.py:4180} INFO - Setting next_dagrun for example_sensors to None, run_after=None
[2025-11-07T14:30:06.908+0000] {processor.py:208} INFO - Processing /home/airflow/.local/lib/python3.12/site-packages/airflow/example_dags/example_sensors.py took 0.119 seconds
[2025-11-07T14:30:37.315+0000] {processor.py:186} INFO - Started process (PID=842) to work on /home/airflow/.local/lib/python3.12/site-packages/airflow/example_dags/example_sensors.py
[2025-11-07T14:30:37.315+0000] {processor.py:914} INFO - Processing file /home/airflow/.local/lib/python3.12/site-packages/airflow/example_dags/example_sensors.py for tasks to queue
[2025-11-07T14:30:37.317+0000] {logging_mixin.py:190} INFO - [2025-11-07T14:30:37.317+0000] {dagbag.py:588} INFO - Filling up the DagBag from /home/airflow/.local/lib/python3.12/site-packages/airflow/example_dags/example_sensors.py
[2025-11-07T14:30:37.325+0000] {processor.py:925} INFO - DAG(s) 'example_sensors' retrieved from /home/airflow/.local/lib/python3.12/site-packages/airflow/example_dags/example_sensors.py
[2025-11-07T14:30:37.354+0000] {logging_mixin.py:190} INFO - [2025-11-07T14:30:37.353+0000] {dag.py:3239} INFO - Sync 1 DAGs
[2025-11-07T14:30:37.372+0000] {logging_mixin.py:190} INFO - [2025-11-07T14:30:37.372+0000] {dag.py:4180} INFO - Setting next_dagrun for example_sensors to None, run_after=None
[2025-11-07T14:30:37.403+0000] {processor.py:208} INFO - Processing /home/airflow/.local/lib/python3.12/site-packages/airflow/example_dags/example_sensors.py took 0.094 seconds
[2025-11-07T14:31:08.779+0000] {processor.py:186} INFO - Started process (PID=906) to work on /home/airflow/.local/lib/python3.12/site-packages/airflow/example_dags/example_sensors.py
[2025-11-07T14:31:08.780+0000] {processor.py:914} INFO - Processing file /home/airflow/.local/lib/python3.12/site-packages/airflow/example_dags/example_sensors.py for tasks to queue
[2025-11-07T14:31:08.782+0000] {logging_mixin.py:190} INFO - [2025-11-07T14:31:08.782+0000] {dagbag.py:588} INFO - Filling up the DagBag from /home/airflow/.local/lib/python3.12/site-packages/airflow/example_dags/example_sensors.py
[2025-11-07T14:31:08.798+0000] {processor.py:925} INFO - DAG(s) 'example_sensors' retrieved from /home/airflow/.local/lib/python3.12/site-packages/airflow/example_dags/example_sensors.py
[2025-11-07T14:31:08.838+0000] {logging_mixin.py:190} INFO - [2025-11-07T14:31:08.838+0000] {dag.py:3239} INFO - Sync 1 DAGs
[2025-11-07T14:31:08.853+0000] {logging_mixin.py:190} INFO - [2025-11-07T14:31:08.852+0000] {dag.py:4180} INFO - Setting next_dagrun for example_sensors to None, run_after=None
[2025-11-07T14:31:08.870+0000] {processor.py:208} INFO - Processing /home/airflow/.local/lib/python3.12/site-packages/airflow/example_dags/example_sensors.py took 0.098 seconds
[2025-11-07T14:31:40.040+0000] {processor.py:186} INFO - Started process (PID=970) to work on /home/airflow/.local/lib/python3.12/site-packages/airflow/example_dags/example_sensors.py
[2025-11-07T14:31:40.042+0000] {processor.py:914} INFO - Processing file /home/airflow/.local/lib/python3.12/site-packages/airflow/example_dags/example_sensors.py for tasks to queue
[2025-11-07T14:31:40.045+0000] {logging_mixin.py:190} INFO - [2025-11-07T14:31:40.045+0000] {dagbag.py:588} INFO - Filling up the DagBag from /home/airflow/.local/lib/python3.12/site-packages/airflow/example_dags/example_sensors.py
[2025-11-07T14:31:40.062+0000] {processor.py:925} INFO - DAG(s) 'example_sensors' retrieved from /home/airflow/.local/lib/python3.12/site-packages/airflow/example_dags/example_sensors.py
[2025-11-07T14:31:40.098+0000] {logging_mixin.py:190} INFO - [2025-11-07T14:31:40.098+0000] {dag.py:3239} INFO - Sync 1 DAGs
[2025-11-07T14:31:40.110+0000] {logging_mixin.py:190} INFO - [2025-11-07T14:31:40.110+0000] {dag.py:4180} INFO - Setting next_dagrun for example_sensors to None, run_after=None
[2025-11-07T14:31:40.128+0000] {processor.py:208} INFO - Processing /home/airflow/.local/lib/python3.12/site-packages/airflow/example_dags/example_sensors.py took 0.096 seconds
[2025-11-07T14:32:10.579+0000] {processor.py:186} INFO - Started process (PID=1034) to work on /home/airflow/.local/lib/python3.12/site-packages/airflow/example_dags/example_sensors.py
[2025-11-07T14:32:10.580+0000] {processor.py:914} INFO - Processing file /home/airflow/.local/lib/python3.12/site-packages/airflow/example_dags/example_sensors.py for tasks to queue
[2025-11-07T14:32:10.582+0000] {logging_mixin.py:190} INFO - [2025-11-07T14:32:10.582+0000] {dagbag.py:588} INFO - Filling up the DagBag from /home/airflow/.local/lib/python3.12/site-packages/airflow/example_dags/example_sensors.py
[2025-11-07T14:32:10.593+0000] {processor.py:925} INFO - DAG(s) 'example_sensors' retrieved from /home/airflow/.local/lib/python3.12/site-packages/airflow/example_dags/example_sensors.py
[2025-11-07T14:32:10.626+0000] {logging_mixin.py:190} INFO - [2025-11-07T14:32:10.625+0000] {dag.py:3239} INFO - Sync 1 DAGs
[2025-11-07T14:32:10.641+0000] {logging_mixin.py:190} INFO - [2025-11-07T14:32:10.640+0000] {dag.py:4180} INFO - Setting next_dagrun for example_sensors to None, run_after=None
[2025-11-07T14:32:10.661+0000] {processor.py:208} INFO - Processing /home/airflow/.local/lib/python3.12/site-packages/airflow/example_dags/example_sensors.py took 0.089 seconds
[2025-11-07T14:32:41.918+0000] {processor.py:186} INFO - Started process (PID=1098) to work on /home/airflow/.local/lib/python3.12/site-packages/airflow/example_dags/example_sensors.py
[2025-11-07T14:32:41.919+0000] {processor.py:914} INFO - Processing file /home/airflow/.local/lib/python3.12/site-packages/airflow/example_dags/example_sensors.py for tasks to queue
[2025-11-07T14:32:41.922+0000] {logging_mixin.py:190} INFO - [2025-11-07T14:32:41.922+0000] {dagbag.py:588} INFO - Filling up the DagBag from /home/airflow/.local/lib/python3.12/site-packages/airflow/example_dags/example_sensors.py
[2025-11-07T14:32:41.936+0000] {processor.py:925} INFO - DAG(s) 'example_sensors' retrieved from /home/airflow/.local/lib/python3.12/site-packages/airflow/example_dags/example_sensors.py
[2025-11-07T14:32:41.972+0000] {logging_mixin.py:190} INFO - [2025-11-07T14:32:41.971+0000] {dag.py:3239} INFO - Sync 1 DAGs
[2025-11-07T14:32:41.986+0000] {logging_mixin.py:190} INFO - [2025-11-07T14:32:41.986+0000] {dag.py:4180} INFO - Setting next_dagrun for example_sensors to None, run_after=None
[2025-11-07T14:32:42.003+0000] {processor.py:208} INFO - Processing /home/airflow/.local/lib/python3.12/site-packages/airflow/example_dags/example_sensors.py took 0.093 seconds
[2025-11-07T14:33:13.682+0000] {processor.py:186} INFO - Started process (PID=1162) to work on /home/airflow/.local/lib/python3.12/site-packages/airflow/example_dags/example_sensors.py
[2025-11-07T14:33:13.682+0000] {processor.py:914} INFO - Processing file /home/airflow/.local/lib/python3.12/site-packages/airflow/example_dags/example_sensors.py for tasks to queue
[2025-11-07T14:33:13.685+0000] {logging_mixin.py:190} INFO - [2025-11-07T14:33:13.684+0000] {dagbag.py:588} INFO - Filling up the DagBag from /home/airflow/.local/lib/python3.12/site-packages/airflow/example_dags/example_sensors.py
[2025-11-07T14:33:13.697+0000] {processor.py:925} INFO - DAG(s) 'example_sensors' retrieved from /home/airflow/.local/lib/python3.12/site-packages/airflow/example_dags/example_sensors.py
[2025-11-07T14:33:13.726+0000] {logging_mixin.py:190} INFO - [2025-11-07T14:33:13.725+0000] {dag.py:3239} INFO - Sync 1 DAGs
[2025-11-07T14:33:13.736+0000] {logging_mixin.py:190} INFO - [2025-11-07T14:33:13.736+0000] {dag.py:4180} INFO - Setting next_dagrun for example_sensors to None, run_after=None
[2025-11-07T14:33:13.752+0000] {processor.py:208} INFO - Processing /home/airflow/.local/lib/python3.12/site-packages/airflow/example_dags/example_sensors.py took 0.078 seconds
[2025-11-07T14:33:43.846+0000] {processor.py:186} INFO - Started process (PID=1226) to work on /home/airflow/.local/lib/python3.12/site-packages/airflow/example_dags/example_sensors.py
[2025-11-07T14:33:43.847+0000] {processor.py:914} INFO - Processing file /home/airflow/.local/lib/python3.12/site-packages/airflow/example_dags/example_sensors.py for tasks to queue
[2025-11-07T14:33:43.848+0000] {logging_mixin.py:190} INFO - [2025-11-07T14:33:43.848+0000] {dagbag.py:588} INFO - Filling up the DagBag from /home/airflow/.local/lib/python3.12/site-packages/airflow/example_dags/example_sensors.py
[2025-11-07T14:33:43.856+0000] {processor.py:925} INFO - DAG(s) 'example_sensors' retrieved from /home/airflow/.local/lib/python3.12/site-packages/airflow/example_dags/example_sensors.py
[2025-11-07T14:33:43.887+0000] {logging_mixin.py:190} INFO - [2025-11-07T14:33:43.886+0000] {dag.py:3239} INFO - Sync 1 DAGs
[2025-11-07T14:33:43.898+0000] {logging_mixin.py:190} INFO - [2025-11-07T14:33:43.898+0000] {dag.py:4180} INFO - Setting next_dagrun for example_sensors to None, run_after=None
[2025-11-07T14:33:43.920+0000] {processor.py:208} INFO - Processing /home/airflow/.local/lib/python3.12/site-packages/airflow/example_dags/example_sensors.py took 0.079 seconds
[2025-11-07T14:34:15.005+0000] {processor.py:186} INFO - Started process (PID=1290) to work on /home/airflow/.local/lib/python3.12/site-packages/airflow/example_dags/example_sensors.py
[2025-11-07T14:34:15.007+0000] {processor.py:914} INFO - Processing file /home/airflow/.local/lib/python3.12/site-packages/airflow/example_dags/example_sensors.py for tasks to queue
[2025-11-07T14:34:15.008+0000] {logging_mixin.py:190} INFO - [2025-11-07T14:34:15.008+0000] {dagbag.py:588} INFO - Filling up the DagBag from /home/airflow/.local/lib/python3.12/site-packages/airflow/example_dags/example_sensors.py
[2025-11-07T14:34:15.015+0000] {processor.py:925} INFO - DAG(s) 'example_sensors' retrieved from /home/airflow/.local/lib/python3.12/site-packages/airflow/example_dags/example_sensors.py
[2025-11-07T14:34:15.033+0000] {logging_mixin.py:190} INFO - [2025-11-07T14:34:15.033+0000] {dag.py:3239} INFO - Sync 1 DAGs
[2025-11-07T14:34:15.051+0000] {logging_mixin.py:190} INFO - [2025-11-07T14:34:15.051+0000] {dag.py:4180} INFO - Setting next_dagrun for example_sensors to None, run_after=None
[2025-11-07T14:34:15.078+0000] {processor.py:208} INFO - Processing /home/airflow/.local/lib/python3.12/site-packages/airflow/example_dags/example_sensors.py took 0.076 seconds
[2025-11-07T14:34:46.246+0000] {processor.py:186} INFO - Started process (PID=1354) to work on /home/airflow/.local/lib/python3.12/site-packages/airflow/example_dags/example_sensors.py
[2025-11-07T14:34:46.248+0000] {processor.py:914} INFO - Processing file /home/airflow/.local/lib/python3.12/site-packages/airflow/example_dags/example_sensors.py for tasks to queue
[2025-11-07T14:34:46.250+0000] {logging_mixin.py:190} INFO - [2025-11-07T14:34:46.250+0000] {dagbag.py:588} INFO - Filling up the DagBag from /home/airflow/.local/lib/python3.12/site-packages/airflow/example_dags/example_sensors.py
[2025-11-07T14:34:46.259+0000] {processor.py:925} INFO - DAG(s) 'example_sensors' retrieved from /home/airflow/.local/lib/python3.12/site-packages/airflow/example_dags/example_sensors.py
[2025-11-07T14:34:46.296+0000] {logging_mixin.py:190} INFO - [2025-11-07T14:34:46.296+0000] {dag.py:3239} INFO - Sync 1 DAGs
[2025-11-07T14:34:46.317+0000] {logging_mixin.py:190} INFO - [2025-11-07T14:34:46.316+0000] {dag.py:4180} INFO - Setting next_dagrun for example_sensors to None, run_after=None
[2025-11-07T14:34:46.344+0000] {processor.py:208} INFO - Processing /home/airflow/.local/lib/python3.12/site-packages/airflow/example_dags/example_sensors.py took 0.104 seconds
[2025-11-07T14:35:17.101+0000] {processor.py:186} INFO - Started process (PID=1418) to work on /home/airflow/.local/lib/python3.12/site-packages/airflow/example_dags/example_sensors.py
[2025-11-07T14:35:17.102+0000] {processor.py:914} INFO - Processing file /home/airflow/.local/lib/python3.12/site-packages/airflow/example_dags/example_sensors.py for tasks to queue
[2025-11-07T14:35:17.104+0000] {logging_mixin.py:190} INFO - [2025-11-07T14:35:17.104+0000] {dagbag.py:588} INFO - Filling up the DagBag from /home/airflow/.local/lib/python3.12/site-packages/airflow/example_dags/example_sensors.py
[2025-11-07T14:35:17.114+0000] {processor.py:925} INFO - DAG(s) 'example_sensors' retrieved from /home/airflow/.local/lib/python3.12/site-packages/airflow/example_dags/example_sensors.py
[2025-11-07T14:35:17.139+0000] {logging_mixin.py:190} INFO - [2025-11-07T14:35:17.139+0000] {dag.py:3239} INFO - Sync 1 DAGs
[2025-11-07T14:35:17.152+0000] {logging_mixin.py:190} INFO - [2025-11-07T14:35:17.152+0000] {dag.py:4180} INFO - Setting next_dagrun for example_sensors to None, run_after=None
[2025-11-07T14:35:17.175+0000] {processor.py:208} INFO - Processing /home/airflow/.local/lib/python3.12/site-packages/airflow/example_dags/example_sensors.py took 0.081 seconds
[2025-11-07T14:35:48.570+0000] {processor.py:186} INFO - Started process (PID=1482) to work on /home/airflow/.local/lib/python3.12/site-packages/airflow/example_dags/example_sensors.py
[2025-11-07T14:35:48.572+0000] {processor.py:914} INFO - Processing file /home/airflow/.local/lib/python3.12/site-packages/airflow/example_dags/example_sensors.py for tasks to queue
[2025-11-07T14:35:48.575+0000] {logging_mixin.py:190} INFO - [2025-11-07T14:35:48.575+0000] {dagbag.py:588} INFO - Filling up the DagBag from /home/airflow/.local/lib/python3.12/site-packages/airflow/example_dags/example_sensors.py
[2025-11-07T14:35:48.588+0000] {processor.py:925} INFO - DAG(s) 'example_sensors' retrieved from /home/airflow/.local/lib/python3.12/site-packages/airflow/example_dags/example_sensors.py
[2025-11-07T14:35:48.618+0000] {logging_mixin.py:190} INFO - [2025-11-07T14:35:48.618+0000] {dag.py:3239} INFO - Sync 1 DAGs
[2025-11-07T14:35:48.636+0000] {logging_mixin.py:190} INFO - [2025-11-07T14:35:48.636+0000] {dag.py:4180} INFO - Setting next_dagrun for example_sensors to None, run_after=None
[2025-11-07T14:35:48.661+0000] {processor.py:208} INFO - Processing /home/airflow/.local/lib/python3.12/site-packages/airflow/example_dags/example_sensors.py took 0.099 seconds
[2025-11-07T14:36:19.863+0000] {processor.py:186} INFO - Started process (PID=1546) to work on /home/airflow/.local/lib/python3.12/site-packages/airflow/example_dags/example_sensors.py
[2025-11-07T14:36:19.863+0000] {processor.py:914} INFO - Processing file /home/airflow/.local/lib/python3.12/site-packages/airflow/example_dags/example_sensors.py for tasks to queue
[2025-11-07T14:36:19.864+0000] {logging_mixin.py:190} INFO - [2025-11-07T14:36:19.864+0000] {dagbag.py:588} INFO - Filling up the DagBag from /home/airflow/.local/lib/python3.12/site-packages/airflow/example_dags/example_sensors.py
[2025-11-07T14:36:19.870+0000] {processor.py:925} INFO - DAG(s) 'example_sensors' retrieved from /home/airflow/.local/lib/python3.12/site-packages/airflow/example_dags/example_sensors.py
[2025-11-07T14:36:19.893+0000] {logging_mixin.py:190} INFO - [2025-11-07T14:36:19.893+0000] {dag.py:3239} INFO - Sync 1 DAGs
[2025-11-07T14:36:19.904+0000] {logging_mixin.py:190} INFO - [2025-11-07T14:36:19.903+0000] {dag.py:4180} INFO - Setting next_dagrun for example_sensors to None, run_after=None
[2025-11-07T14:36:19.917+0000] {processor.py:208} INFO - Processing /home/airflow/.local/lib/python3.12/site-packages/airflow/example_dags/example_sensors.py took 0.058 seconds
[2025-11-07T14:36:50.891+0000] {processor.py:186} INFO - Started process (PID=1610) to work on /home/airflow/.local/lib/python3.12/site-packages/airflow/example_dags/example_sensors.py
[2025-11-07T14:36:50.893+0000] {processor.py:914} INFO - Processing file /home/airflow/.local/lib/python3.12/site-packages/airflow/example_dags/example_sensors.py for tasks to queue
[2025-11-07T14:36:50.896+0000] {logging_mixin.py:190} INFO - [2025-11-07T14:36:50.895+0000] {dagbag.py:588} INFO - Filling up the DagBag from /home/airflow/.local/lib/python3.12/site-packages/airflow/example_dags/example_sensors.py
[2025-11-07T14:36:50.906+0000] {processor.py:925} INFO - DAG(s) 'example_sensors' retrieved from /home/airflow/.local/lib/python3.12/site-packages/airflow/example_dags/example_sensors.py
[2025-11-07T14:36:50.935+0000] {logging_mixin.py:190} INFO - [2025-11-07T14:36:50.934+0000] {dag.py:3239} INFO - Sync 1 DAGs
[2025-11-07T14:36:50.950+0000] {logging_mixin.py:190} INFO - [2025-11-07T14:36:50.950+0000] {dag.py:4180} INFO - Setting next_dagrun for example_sensors to None, run_after=None
[2025-11-07T14:36:50.967+0000] {processor.py:208} INFO - Processing /home/airflow/.local/lib/python3.12/site-packages/airflow/example_dags/example_sensors.py took 0.083 seconds
[2025-11-07T14:37:21.087+0000] {processor.py:186} INFO - Started process (PID=1674) to work on /home/airflow/.local/lib/python3.12/site-packages/airflow/example_dags/example_sensors.py
[2025-11-07T14:37:21.088+0000] {processor.py:914} INFO - Processing file /home/airflow/.local/lib/python3.12/site-packages/airflow/example_dags/example_sensors.py for tasks to queue
[2025-11-07T14:37:21.091+0000] {logging_mixin.py:190} INFO - [2025-11-07T14:37:21.091+0000] {dagbag.py:588} INFO - Filling up the DagBag from /home/airflow/.local/lib/python3.12/site-packages/airflow/example_dags/example_sensors.py
[2025-11-07T14:37:21.106+0000] {processor.py:925} INFO - DAG(s) 'example_sensors' retrieved from /home/airflow/.local/lib/python3.12/site-packages/airflow/example_dags/example_sensors.py
[2025-11-07T14:37:21.144+0000] {logging_mixin.py:190} INFO - [2025-11-07T14:37:21.144+0000] {dag.py:3239} INFO - Sync 1 DAGs
[2025-11-07T14:37:21.162+0000] {logging_mixin.py:190} INFO - [2025-11-07T14:37:21.162+0000] {dag.py:4180} INFO - Setting next_dagrun for example_sensors to None, run_after=None
[2025-11-07T14:37:21.183+0000] {processor.py:208} INFO - Processing /home/airflow/.local/lib/python3.12/site-packages/airflow/example_dags/example_sensors.py took 0.104 seconds
[2025-11-07T14:37:52.531+0000] {processor.py:186} INFO - Started process (PID=1738) to work on /home/airflow/.local/lib/python3.12/site-packages/airflow/example_dags/example_sensors.py
[2025-11-07T14:37:52.534+0000] {processor.py:914} INFO - Processing file /home/airflow/.local/lib/python3.12/site-packages/airflow/example_dags/example_sensors.py for tasks to queue
[2025-11-07T14:37:52.537+0000] {logging_mixin.py:190} INFO - [2025-11-07T14:37:52.536+0000] {dagbag.py:588} INFO - Filling up the DagBag from /home/airflow/.local/lib/python3.12/site-packages/airflow/example_dags/example_sensors.py
[2025-11-07T14:37:52.551+0000] {processor.py:925} INFO - DAG(s) 'example_sensors' retrieved from /home/airflow/.local/lib/python3.12/site-packages/airflow/example_dags/example_sensors.py
[2025-11-07T14:37:52.580+0000] {logging_mixin.py:190} INFO - [2025-11-07T14:37:52.580+0000] {dag.py:3239} INFO - Sync 1 DAGs
[2025-11-07T14:37:52.591+0000] {logging_mixin.py:190} INFO - [2025-11-07T14:37:52.591+0000] {dag.py:4180} INFO - Setting next_dagrun for example_sensors to None, run_after=None
[2025-11-07T14:37:52.605+0000] {processor.py:208} INFO - Processing /home/airflow/.local/lib/python3.12/site-packages/airflow/example_dags/example_sensors.py took 0.083 seconds
[2025-11-07T14:38:23.991+0000] {processor.py:186} INFO - Started process (PID=1802) to work on /home/airflow/.local/lib/python3.12/site-packages/airflow/example_dags/example_sensors.py
[2025-11-07T14:38:23.991+0000] {processor.py:914} INFO - Processing file /home/airflow/.local/lib/python3.12/site-packages/airflow/example_dags/example_sensors.py for tasks to queue
[2025-11-07T14:38:23.992+0000] {logging_mixin.py:190} INFO - [2025-11-07T14:38:23.992+0000] {dagbag.py:588} INFO - Filling up the DagBag from /home/airflow/.local/lib/python3.12/site-packages/airflow/example_dags/example_sensors.py
[2025-11-07T14:38:23.998+0000] {processor.py:925} INFO - DAG(s) 'example_sensors' retrieved from /home/airflow/.local/lib/python3.12/site-packages/airflow/example_dags/example_sensors.py
[2025-11-07T14:38:24.014+0000] {logging_mixin.py:190} INFO - [2025-11-07T14:38:24.014+0000] {dag.py:3239} INFO - Sync 1 DAGs
[2025-11-07T14:38:24.022+0000] {logging_mixin.py:190} INFO - [2025-11-07T14:38:24.022+0000] {dag.py:4180} INFO - Setting next_dagrun for example_sensors to None, run_after=None
[2025-11-07T14:38:24.032+0000] {processor.py:208} INFO - Processing /home/airflow/.local/lib/python3.12/site-packages/airflow/example_dags/example_sensors.py took 0.044 seconds
[2025-11-07T14:38:55.080+0000] {processor.py:186} INFO - Started process (PID=1866) to work on /home/airflow/.local/lib/python3.12/site-packages/airflow/example_dags/example_sensors.py
[2025-11-07T14:38:55.083+0000] {processor.py:914} INFO - Processing file /home/airflow/.local/lib/python3.12/site-packages/airflow/example_dags/example_sensors.py for tasks to queue
[2025-11-07T14:38:55.086+0000] {logging_mixin.py:190} INFO - [2025-11-07T14:38:55.086+0000] {dagbag.py:588} INFO - Filling up the DagBag from /home/airflow/.local/lib/python3.12/site-packages/airflow/example_dags/example_sensors.py
[2025-11-07T14:38:55.103+0000] {processor.py:925} INFO - DAG(s) 'example_sensors' retrieved from /home/airflow/.local/lib/python3.12/site-packages/airflow/example_dags/example_sensors.py
[2025-11-07T14:38:55.137+0000] {logging_mixin.py:190} INFO - [2025-11-07T14:38:55.137+0000] {dag.py:3239} INFO - Sync 1 DAGs
[2025-11-07T14:38:55.156+0000] {logging_mixin.py:190} INFO - [2025-11-07T14:38:55.155+0000] {dag.py:4180} INFO - Setting next_dagrun for example_sensors to None, run_after=None
[2025-11-07T14:38:55.183+0000] {processor.py:208} INFO - Processing /home/airflow/.local/lib/python3.12/site-packages/airflow/example_dags/example_sensors.py took 0.111 seconds
[2025-11-07T14:39:26.472+0000] {processor.py:186} INFO - Started process (PID=1930) to work on /home/airflow/.local/lib/python3.12/site-packages/airflow/example_dags/example_sensors.py
[2025-11-07T14:39:26.473+0000] {processor.py:914} INFO - Processing file /home/airflow/.local/lib/python3.12/site-packages/airflow/example_dags/example_sensors.py for tasks to queue
[2025-11-07T14:39:26.476+0000] {logging_mixin.py:190} INFO - [2025-11-07T14:39:26.475+0000] {dagbag.py:588} INFO - Filling up the DagBag from /home/airflow/.local/lib/python3.12/site-packages/airflow/example_dags/example_sensors.py
[2025-11-07T14:39:26.486+0000] {processor.py:925} INFO - DAG(s) 'example_sensors' retrieved from /home/airflow/.local/lib/python3.12/site-packages/airflow/example_dags/example_sensors.py
[2025-11-07T14:39:26.514+0000] {logging_mixin.py:190} INFO - [2025-11-07T14:39:26.513+0000] {dag.py:3239} INFO - Sync 1 DAGs
[2025-11-07T14:39:26.531+0000] {logging_mixin.py:190} INFO - [2025-11-07T14:39:26.531+0000] {dag.py:4180} INFO - Setting next_dagrun for example_sensors to None, run_after=None
[2025-11-07T14:39:26.557+0000] {processor.py:208} INFO - Processing /home/airflow/.local/lib/python3.12/site-packages/airflow/example_dags/example_sensors.py took 0.092 seconds
