[2025-11-07T14:24:26.901+0000] {processor.py:186} INFO - Started process (PID=81) to work on /home/airflow/.local/lib/python3.12/site-packages/airflow/example_dags/example_branch_operator.py
[2025-11-07T14:24:26.902+0000] {processor.py:914} INFO - Processing file /home/airflow/.local/lib/python3.12/site-packages/airflow/example_dags/example_branch_operator.py for tasks to queue
[2025-11-07T14:24:26.903+0000] {logging_mixin.py:190} INFO - [2025-11-07T14:24:26.903+0000] {dagbag.py:588} INFO - Filling up the DagBag from /home/airflow/.local/lib/python3.12/site-packages/airflow/example_dags/example_branch_operator.py
[2025-11-07T14:24:26.914+0000] {processor.py:925} INFO - DAG(s) 'example_branch_operator' retrieved from /home/airflow/.local/lib/python3.12/site-packages/airflow/example_dags/example_branch_operator.py
[2025-11-07T14:24:26.992+0000] {logging_mixin.py:190} INFO - [2025-11-07T14:24:26.992+0000] {dag.py:3239} INFO - Sync 1 DAGs
[2025-11-07T14:24:27.004+0000] {logging_mixin.py:190} INFO - [2025-11-07T14:24:27.004+0000] {dag.py:4180} INFO - Setting next_dagrun for example_branch_operator to 2025-11-06 00:00:00+00:00, run_after=2025-11-07 00:00:00+00:00
[2025-11-07T14:24:27.020+0000] {processor.py:208} INFO - Processing /home/airflow/.local/lib/python3.12/site-packages/airflow/example_dags/example_branch_operator.py took 0.123 seconds
[2025-11-07T14:24:57.362+0000] {processor.py:186} INFO - Started process (PID=145) to work on /home/airflow/.local/lib/python3.12/site-packages/airflow/example_dags/example_branch_operator.py
[2025-11-07T14:24:57.363+0000] {processor.py:914} INFO - Processing file /home/airflow/.local/lib/python3.12/site-packages/airflow/example_dags/example_branch_operator.py for tasks to queue
[2025-11-07T14:24:57.364+0000] {logging_mixin.py:190} INFO - [2025-11-07T14:24:57.363+0000] {dagbag.py:588} INFO - Filling up the DagBag from /home/airflow/.local/lib/python3.12/site-packages/airflow/example_dags/example_branch_operator.py
[2025-11-07T14:24:57.374+0000] {processor.py:925} INFO - DAG(s) 'example_branch_operator' retrieved from /home/airflow/.local/lib/python3.12/site-packages/airflow/example_dags/example_branch_operator.py
[2025-11-07T14:24:57.393+0000] {logging_mixin.py:190} INFO - [2025-11-07T14:24:57.393+0000] {dag.py:3239} INFO - Sync 1 DAGs
[2025-11-07T14:24:57.410+0000] {logging_mixin.py:190} INFO - [2025-11-07T14:24:57.410+0000] {dag.py:4180} INFO - Setting next_dagrun for example_branch_operator to 2025-11-06 00:00:00+00:00, run_after=2025-11-07 00:00:00+00:00
[2025-11-07T14:24:57.425+0000] {processor.py:208} INFO - Processing /home/airflow/.local/lib/python3.12/site-packages/airflow/example_dags/example_branch_operator.py took 0.066 seconds
[2025-11-07T14:25:28.328+0000] {processor.py:186} INFO - Started process (PID=208) to work on /home/airflow/.local/lib/python3.12/site-packages/airflow/example_dags/example_branch_operator.py
[2025-11-07T14:25:28.330+0000] {processor.py:914} INFO - Processing file /home/airflow/.local/lib/python3.12/site-packages/airflow/example_dags/example_branch_operator.py for tasks to queue
[2025-11-07T14:25:28.331+0000] {logging_mixin.py:190} INFO - [2025-11-07T14:25:28.331+0000] {dagbag.py:588} INFO - Filling up the DagBag from /home/airflow/.local/lib/python3.12/site-packages/airflow/example_dags/example_branch_operator.py
[2025-11-07T14:25:28.342+0000] {processor.py:925} INFO - DAG(s) 'example_branch_operator' retrieved from /home/airflow/.local/lib/python3.12/site-packages/airflow/example_dags/example_branch_operator.py
[2025-11-07T14:25:28.360+0000] {logging_mixin.py:190} INFO - [2025-11-07T14:25:28.360+0000] {dag.py:3239} INFO - Sync 1 DAGs
[2025-11-07T14:25:28.375+0000] {logging_mixin.py:190} INFO - [2025-11-07T14:25:28.375+0000] {dag.py:4180} INFO - Setting next_dagrun for example_branch_operator to 2025-11-06 00:00:00+00:00, run_after=2025-11-07 00:00:00+00:00
[2025-11-07T14:25:28.387+0000] {processor.py:208} INFO - Processing /home/airflow/.local/lib/python3.12/site-packages/airflow/example_dags/example_branch_operator.py took 0.063 seconds
[2025-11-07T14:25:59.246+0000] {processor.py:186} INFO - Started process (PID=271) to work on /home/airflow/.local/lib/python3.12/site-packages/airflow/example_dags/example_branch_operator.py
[2025-11-07T14:25:59.249+0000] {processor.py:914} INFO - Processing file /home/airflow/.local/lib/python3.12/site-packages/airflow/example_dags/example_branch_operator.py for tasks to queue
[2025-11-07T14:25:59.250+0000] {logging_mixin.py:190} INFO - [2025-11-07T14:25:59.250+0000] {dagbag.py:588} INFO - Filling up the DagBag from /home/airflow/.local/lib/python3.12/site-packages/airflow/example_dags/example_branch_operator.py
[2025-11-07T14:25:59.263+0000] {processor.py:925} INFO - DAG(s) 'example_branch_operator' retrieved from /home/airflow/.local/lib/python3.12/site-packages/airflow/example_dags/example_branch_operator.py
[2025-11-07T14:25:59.293+0000] {logging_mixin.py:190} INFO - [2025-11-07T14:25:59.293+0000] {dag.py:3239} INFO - Sync 1 DAGs
[2025-11-07T14:25:59.326+0000] {logging_mixin.py:190} INFO - [2025-11-07T14:25:59.326+0000] {dag.py:4180} INFO - Setting next_dagrun for example_branch_operator to 2025-11-06 00:00:00+00:00, run_after=2025-11-07 00:00:00+00:00
[2025-11-07T14:25:59.351+0000] {processor.py:208} INFO - Processing /home/airflow/.local/lib/python3.12/site-packages/airflow/example_dags/example_branch_operator.py took 0.110 seconds
[2025-11-07T14:26:31.148+0000] {processor.py:186} INFO - Started process (PID=337) to work on /home/airflow/.local/lib/python3.12/site-packages/airflow/example_dags/example_branch_operator.py
[2025-11-07T14:26:31.149+0000] {processor.py:914} INFO - Processing file /home/airflow/.local/lib/python3.12/site-packages/airflow/example_dags/example_branch_operator.py for tasks to queue
[2025-11-07T14:26:31.153+0000] {logging_mixin.py:190} INFO - [2025-11-07T14:26:31.152+0000] {dagbag.py:588} INFO - Filling up the DagBag from /home/airflow/.local/lib/python3.12/site-packages/airflow/example_dags/example_branch_operator.py
[2025-11-07T14:26:31.174+0000] {processor.py:925} INFO - DAG(s) 'example_branch_operator' retrieved from /home/airflow/.local/lib/python3.12/site-packages/airflow/example_dags/example_branch_operator.py
[2025-11-07T14:26:31.198+0000] {logging_mixin.py:190} INFO - [2025-11-07T14:26:31.198+0000] {dag.py:3239} INFO - Sync 1 DAGs
[2025-11-07T14:26:31.223+0000] {logging_mixin.py:190} INFO - [2025-11-07T14:26:31.223+0000] {dag.py:4180} INFO - Setting next_dagrun for example_branch_operator to 2025-11-06 00:00:00+00:00, run_after=2025-11-07 00:00:00+00:00
[2025-11-07T14:26:31.243+0000] {processor.py:208} INFO - Processing /home/airflow/.local/lib/python3.12/site-packages/airflow/example_dags/example_branch_operator.py took 0.102 seconds
[2025-11-07T14:27:01.545+0000] {processor.py:186} INFO - Started process (PID=400) to work on /home/airflow/.local/lib/python3.12/site-packages/airflow/example_dags/example_branch_operator.py
[2025-11-07T14:27:01.545+0000] {processor.py:914} INFO - Processing file /home/airflow/.local/lib/python3.12/site-packages/airflow/example_dags/example_branch_operator.py for tasks to queue
[2025-11-07T14:27:01.546+0000] {logging_mixin.py:190} INFO - [2025-11-07T14:27:01.546+0000] {dagbag.py:588} INFO - Filling up the DagBag from /home/airflow/.local/lib/python3.12/site-packages/airflow/example_dags/example_branch_operator.py
[2025-11-07T14:27:01.557+0000] {processor.py:925} INFO - DAG(s) 'example_branch_operator' retrieved from /home/airflow/.local/lib/python3.12/site-packages/airflow/example_dags/example_branch_operator.py
[2025-11-07T14:27:01.573+0000] {logging_mixin.py:190} INFO - [2025-11-07T14:27:01.573+0000] {dag.py:3239} INFO - Sync 1 DAGs
[2025-11-07T14:27:01.588+0000] {logging_mixin.py:190} INFO - [2025-11-07T14:27:01.588+0000] {dag.py:4180} INFO - Setting next_dagrun for example_branch_operator to 2025-11-06 00:00:00+00:00, run_after=2025-11-07 00:00:00+00:00
[2025-11-07T14:27:01.601+0000] {processor.py:208} INFO - Processing /home/airflow/.local/lib/python3.12/site-packages/airflow/example_dags/example_branch_operator.py took 0.060 seconds
[2025-11-07T14:27:32.988+0000] {processor.py:186} INFO - Started process (PID=465) to work on /home/airflow/.local/lib/python3.12/site-packages/airflow/example_dags/example_branch_operator.py
[2025-11-07T14:27:32.989+0000] {processor.py:914} INFO - Processing file /home/airflow/.local/lib/python3.12/site-packages/airflow/example_dags/example_branch_operator.py for tasks to queue
[2025-11-07T14:27:32.990+0000] {logging_mixin.py:190} INFO - [2025-11-07T14:27:32.990+0000] {dagbag.py:588} INFO - Filling up the DagBag from /home/airflow/.local/lib/python3.12/site-packages/airflow/example_dags/example_branch_operator.py
[2025-11-07T14:27:32.999+0000] {processor.py:925} INFO - DAG(s) 'example_branch_operator' retrieved from /home/airflow/.local/lib/python3.12/site-packages/airflow/example_dags/example_branch_operator.py
[2025-11-07T14:27:33.021+0000] {logging_mixin.py:190} INFO - [2025-11-07T14:27:33.020+0000] {dag.py:3239} INFO - Sync 1 DAGs
[2025-11-07T14:27:33.037+0000] {logging_mixin.py:190} INFO - [2025-11-07T14:27:33.037+0000] {dag.py:4180} INFO - Setting next_dagrun for example_branch_operator to 2025-11-06 00:00:00+00:00, run_after=2025-11-07 00:00:00+00:00
[2025-11-07T14:27:33.053+0000] {processor.py:208} INFO - Processing /home/airflow/.local/lib/python3.12/site-packages/airflow/example_dags/example_branch_operator.py took 0.070 seconds
[2025-11-07T14:28:04.863+0000] {processor.py:186} INFO - Started process (PID=529) to work on /home/airflow/.local/lib/python3.12/site-packages/airflow/example_dags/example_branch_operator.py
[2025-11-07T14:28:04.864+0000] {processor.py:914} INFO - Processing file /home/airflow/.local/lib/python3.12/site-packages/airflow/example_dags/example_branch_operator.py for tasks to queue
[2025-11-07T14:28:04.865+0000] {logging_mixin.py:190} INFO - [2025-11-07T14:28:04.865+0000] {dagbag.py:588} INFO - Filling up the DagBag from /home/airflow/.local/lib/python3.12/site-packages/airflow/example_dags/example_branch_operator.py
[2025-11-07T14:28:04.879+0000] {processor.py:925} INFO - DAG(s) 'example_branch_operator' retrieved from /home/airflow/.local/lib/python3.12/site-packages/airflow/example_dags/example_branch_operator.py
[2025-11-07T14:28:04.919+0000] {logging_mixin.py:190} INFO - [2025-11-07T14:28:04.919+0000] {dag.py:3239} INFO - Sync 1 DAGs
[2025-11-07T14:28:04.950+0000] {logging_mixin.py:190} INFO - [2025-11-07T14:28:04.950+0000] {dag.py:4180} INFO - Setting next_dagrun for example_branch_operator to 2025-11-06 00:00:00+00:00, run_after=2025-11-07 00:00:00+00:00
[2025-11-07T14:28:04.974+0000] {processor.py:208} INFO - Processing /home/airflow/.local/lib/python3.12/site-packages/airflow/example_dags/example_branch_operator.py took 0.115 seconds
[2025-11-07T14:28:35.353+0000] {processor.py:186} INFO - Started process (PID=593) to work on /home/airflow/.local/lib/python3.12/site-packages/airflow/example_dags/example_branch_operator.py
[2025-11-07T14:28:35.353+0000] {processor.py:914} INFO - Processing file /home/airflow/.local/lib/python3.12/site-packages/airflow/example_dags/example_branch_operator.py for tasks to queue
[2025-11-07T14:28:35.355+0000] {logging_mixin.py:190} INFO - [2025-11-07T14:28:35.354+0000] {dagbag.py:588} INFO - Filling up the DagBag from /home/airflow/.local/lib/python3.12/site-packages/airflow/example_dags/example_branch_operator.py
[2025-11-07T14:28:35.365+0000] {processor.py:925} INFO - DAG(s) 'example_branch_operator' retrieved from /home/airflow/.local/lib/python3.12/site-packages/airflow/example_dags/example_branch_operator.py
[2025-11-07T14:28:35.385+0000] {logging_mixin.py:190} INFO - [2025-11-07T14:28:35.385+0000] {dag.py:3239} INFO - Sync 1 DAGs
[2025-11-07T14:28:35.399+0000] {logging_mixin.py:190} INFO - [2025-11-07T14:28:35.398+0000] {dag.py:4180} INFO - Setting next_dagrun for example_branch_operator to 2025-11-06 00:00:00+00:00, run_after=2025-11-07 00:00:00+00:00
[2025-11-07T14:28:35.411+0000] {processor.py:208} INFO - Processing /home/airflow/.local/lib/python3.12/site-packages/airflow/example_dags/example_branch_operator.py took 0.063 seconds
[2025-11-07T14:29:06.037+0000] {processor.py:186} INFO - Started process (PID=657) to work on /home/airflow/.local/lib/python3.12/site-packages/airflow/example_dags/example_branch_operator.py
[2025-11-07T14:29:06.039+0000] {processor.py:914} INFO - Processing file /home/airflow/.local/lib/python3.12/site-packages/airflow/example_dags/example_branch_operator.py for tasks to queue
[2025-11-07T14:29:06.040+0000] {logging_mixin.py:190} INFO - [2025-11-07T14:29:06.040+0000] {dagbag.py:588} INFO - Filling up the DagBag from /home/airflow/.local/lib/python3.12/site-packages/airflow/example_dags/example_branch_operator.py
[2025-11-07T14:29:06.050+0000] {processor.py:925} INFO - DAG(s) 'example_branch_operator' retrieved from /home/airflow/.local/lib/python3.12/site-packages/airflow/example_dags/example_branch_operator.py
[2025-11-07T14:29:06.070+0000] {logging_mixin.py:190} INFO - [2025-11-07T14:29:06.070+0000] {dag.py:3239} INFO - Sync 1 DAGs
[2025-11-07T14:29:06.085+0000] {logging_mixin.py:190} INFO - [2025-11-07T14:29:06.085+0000] {dag.py:4180} INFO - Setting next_dagrun for example_branch_operator to 2025-11-06 00:00:00+00:00, run_after=2025-11-07 00:00:00+00:00
[2025-11-07T14:29:06.102+0000] {processor.py:208} INFO - Processing /home/airflow/.local/lib/python3.12/site-packages/airflow/example_dags/example_branch_operator.py took 0.069 seconds
[2025-11-07T14:29:37.292+0000] {processor.py:186} INFO - Started process (PID=721) to work on /home/airflow/.local/lib/python3.12/site-packages/airflow/example_dags/example_branch_operator.py
[2025-11-07T14:29:37.292+0000] {processor.py:914} INFO - Processing file /home/airflow/.local/lib/python3.12/site-packages/airflow/example_dags/example_branch_operator.py for tasks to queue
[2025-11-07T14:29:37.293+0000] {logging_mixin.py:190} INFO - [2025-11-07T14:29:37.293+0000] {dagbag.py:588} INFO - Filling up the DagBag from /home/airflow/.local/lib/python3.12/site-packages/airflow/example_dags/example_branch_operator.py
[2025-11-07T14:29:37.308+0000] {processor.py:925} INFO - DAG(s) 'example_branch_operator' retrieved from /home/airflow/.local/lib/python3.12/site-packages/airflow/example_dags/example_branch_operator.py
[2025-11-07T14:29:37.340+0000] {logging_mixin.py:190} INFO - [2025-11-07T14:29:37.340+0000] {dag.py:3239} INFO - Sync 1 DAGs
[2025-11-07T14:29:37.362+0000] {logging_mixin.py:190} INFO - [2025-11-07T14:29:37.362+0000] {dag.py:4180} INFO - Setting next_dagrun for example_branch_operator to 2025-11-06 00:00:00+00:00, run_after=2025-11-07 00:00:00+00:00
[2025-11-07T14:29:37.376+0000] {processor.py:208} INFO - Processing /home/airflow/.local/lib/python3.12/site-packages/airflow/example_dags/example_branch_operator.py took 0.087 seconds
[2025-11-07T14:30:08.636+0000] {processor.py:186} INFO - Started process (PID=785) to work on /home/airflow/.local/lib/python3.12/site-packages/airflow/example_dags/example_branch_operator.py
[2025-11-07T14:30:08.639+0000] {processor.py:914} INFO - Processing file /home/airflow/.local/lib/python3.12/site-packages/airflow/example_dags/example_branch_operator.py for tasks to queue
[2025-11-07T14:30:08.642+0000] {logging_mixin.py:190} INFO - [2025-11-07T14:30:08.641+0000] {dagbag.py:588} INFO - Filling up the DagBag from /home/airflow/.local/lib/python3.12/site-packages/airflow/example_dags/example_branch_operator.py
[2025-11-07T14:30:08.660+0000] {processor.py:925} INFO - DAG(s) 'example_branch_operator' retrieved from /home/airflow/.local/lib/python3.12/site-packages/airflow/example_dags/example_branch_operator.py
[2025-11-07T14:30:08.682+0000] {logging_mixin.py:190} INFO - [2025-11-07T14:30:08.682+0000] {dag.py:3239} INFO - Sync 1 DAGs
[2025-11-07T14:30:08.697+0000] {logging_mixin.py:190} INFO - [2025-11-07T14:30:08.697+0000] {dag.py:4180} INFO - Setting next_dagrun for example_branch_operator to 2025-11-06 00:00:00+00:00, run_after=2025-11-07 00:00:00+00:00
[2025-11-07T14:30:08.711+0000] {processor.py:208} INFO - Processing /home/airflow/.local/lib/python3.12/site-packages/airflow/example_dags/example_branch_operator.py took 0.083 seconds
[2025-11-07T14:30:39.168+0000] {processor.py:186} INFO - Started process (PID=849) to work on /home/airflow/.local/lib/python3.12/site-packages/airflow/example_dags/example_branch_operator.py
[2025-11-07T14:30:39.169+0000] {processor.py:914} INFO - Processing file /home/airflow/.local/lib/python3.12/site-packages/airflow/example_dags/example_branch_operator.py for tasks to queue
[2025-11-07T14:30:39.170+0000] {logging_mixin.py:190} INFO - [2025-11-07T14:30:39.170+0000] {dagbag.py:588} INFO - Filling up the DagBag from /home/airflow/.local/lib/python3.12/site-packages/airflow/example_dags/example_branch_operator.py
[2025-11-07T14:30:39.192+0000] {processor.py:925} INFO - DAG(s) 'example_branch_operator' retrieved from /home/airflow/.local/lib/python3.12/site-packages/airflow/example_dags/example_branch_operator.py
[2025-11-07T14:30:39.229+0000] {logging_mixin.py:190} INFO - [2025-11-07T14:30:39.228+0000] {dag.py:3239} INFO - Sync 1 DAGs
[2025-11-07T14:30:39.264+0000] {logging_mixin.py:190} INFO - [2025-11-07T14:30:39.264+0000] {dag.py:4180} INFO - Setting next_dagrun for example_branch_operator to 2025-11-06 00:00:00+00:00, run_after=2025-11-07 00:00:00+00:00
[2025-11-07T14:30:39.284+0000] {processor.py:208} INFO - Processing /home/airflow/.local/lib/python3.12/site-packages/airflow/example_dags/example_branch_operator.py took 0.120 seconds
[2025-11-07T14:31:09.675+0000] {processor.py:186} INFO - Started process (PID=913) to work on /home/airflow/.local/lib/python3.12/site-packages/airflow/example_dags/example_branch_operator.py
[2025-11-07T14:31:09.706+0000] {processor.py:914} INFO - Processing file /home/airflow/.local/lib/python3.12/site-packages/airflow/example_dags/example_branch_operator.py for tasks to queue
[2025-11-07T14:31:09.710+0000] {logging_mixin.py:190} INFO - [2025-11-07T14:31:09.709+0000] {dagbag.py:588} INFO - Filling up the DagBag from /home/airflow/.local/lib/python3.12/site-packages/airflow/example_dags/example_branch_operator.py
[2025-11-07T14:31:09.737+0000] {processor.py:925} INFO - DAG(s) 'example_branch_operator' retrieved from /home/airflow/.local/lib/python3.12/site-packages/airflow/example_dags/example_branch_operator.py
[2025-11-07T14:31:09.784+0000] {logging_mixin.py:190} INFO - [2025-11-07T14:31:09.783+0000] {dag.py:3239} INFO - Sync 1 DAGs
[2025-11-07T14:31:09.809+0000] {logging_mixin.py:190} INFO - [2025-11-07T14:31:09.809+0000] {dag.py:4180} INFO - Setting next_dagrun for example_branch_operator to 2025-11-06 00:00:00+00:00, run_after=2025-11-07 00:00:00+00:00
[2025-11-07T14:31:09.822+0000] {processor.py:208} INFO - Processing /home/airflow/.local/lib/python3.12/site-packages/airflow/example_dags/example_branch_operator.py took 0.153 seconds
[2025-11-07T14:31:40.900+0000] {processor.py:186} INFO - Started process (PID=977) to work on /home/airflow/.local/lib/python3.12/site-packages/airflow/example_dags/example_branch_operator.py
[2025-11-07T14:31:40.900+0000] {processor.py:914} INFO - Processing file /home/airflow/.local/lib/python3.12/site-packages/airflow/example_dags/example_branch_operator.py for tasks to queue
[2025-11-07T14:31:40.901+0000] {logging_mixin.py:190} INFO - [2025-11-07T14:31:40.901+0000] {dagbag.py:588} INFO - Filling up the DagBag from /home/airflow/.local/lib/python3.12/site-packages/airflow/example_dags/example_branch_operator.py
[2025-11-07T14:31:40.914+0000] {processor.py:925} INFO - DAG(s) 'example_branch_operator' retrieved from /home/airflow/.local/lib/python3.12/site-packages/airflow/example_dags/example_branch_operator.py
[2025-11-07T14:31:40.935+0000] {logging_mixin.py:190} INFO - [2025-11-07T14:31:40.934+0000] {dag.py:3239} INFO - Sync 1 DAGs
[2025-11-07T14:31:40.955+0000] {logging_mixin.py:190} INFO - [2025-11-07T14:31:40.955+0000] {dag.py:4180} INFO - Setting next_dagrun for example_branch_operator to 2025-11-06 00:00:00+00:00, run_after=2025-11-07 00:00:00+00:00
[2025-11-07T14:31:40.973+0000] {processor.py:208} INFO - Processing /home/airflow/.local/lib/python3.12/site-packages/airflow/example_dags/example_branch_operator.py took 0.077 seconds
[2025-11-07T14:32:11.341+0000] {processor.py:186} INFO - Started process (PID=1041) to work on /home/airflow/.local/lib/python3.12/site-packages/airflow/example_dags/example_branch_operator.py
[2025-11-07T14:32:11.342+0000] {processor.py:914} INFO - Processing file /home/airflow/.local/lib/python3.12/site-packages/airflow/example_dags/example_branch_operator.py for tasks to queue
[2025-11-07T14:32:11.343+0000] {logging_mixin.py:190} INFO - [2025-11-07T14:32:11.343+0000] {dagbag.py:588} INFO - Filling up the DagBag from /home/airflow/.local/lib/python3.12/site-packages/airflow/example_dags/example_branch_operator.py
[2025-11-07T14:32:11.354+0000] {processor.py:925} INFO - DAG(s) 'example_branch_operator' retrieved from /home/airflow/.local/lib/python3.12/site-packages/airflow/example_dags/example_branch_operator.py
[2025-11-07T14:32:11.370+0000] {logging_mixin.py:190} INFO - [2025-11-07T14:32:11.370+0000] {dag.py:3239} INFO - Sync 1 DAGs
[2025-11-07T14:32:11.384+0000] {logging_mixin.py:190} INFO - [2025-11-07T14:32:11.384+0000] {dag.py:4180} INFO - Setting next_dagrun for example_branch_operator to 2025-11-06 00:00:00+00:00, run_after=2025-11-07 00:00:00+00:00
[2025-11-07T14:32:11.399+0000] {processor.py:208} INFO - Processing /home/airflow/.local/lib/python3.12/site-packages/airflow/example_dags/example_branch_operator.py took 0.061 seconds
[2025-11-07T14:32:42.868+0000] {processor.py:186} INFO - Started process (PID=1105) to work on /home/airflow/.local/lib/python3.12/site-packages/airflow/example_dags/example_branch_operator.py
[2025-11-07T14:32:42.869+0000] {processor.py:914} INFO - Processing file /home/airflow/.local/lib/python3.12/site-packages/airflow/example_dags/example_branch_operator.py for tasks to queue
[2025-11-07T14:32:42.871+0000] {logging_mixin.py:190} INFO - [2025-11-07T14:32:42.871+0000] {dagbag.py:588} INFO - Filling up the DagBag from /home/airflow/.local/lib/python3.12/site-packages/airflow/example_dags/example_branch_operator.py
[2025-11-07T14:32:42.894+0000] {processor.py:925} INFO - DAG(s) 'example_branch_operator' retrieved from /home/airflow/.local/lib/python3.12/site-packages/airflow/example_dags/example_branch_operator.py
[2025-11-07T14:32:42.932+0000] {logging_mixin.py:190} INFO - [2025-11-07T14:32:42.932+0000] {dag.py:3239} INFO - Sync 1 DAGs
[2025-11-07T14:32:42.954+0000] {logging_mixin.py:190} INFO - [2025-11-07T14:32:42.954+0000] {dag.py:4180} INFO - Setting next_dagrun for example_branch_operator to 2025-11-06 00:00:00+00:00, run_after=2025-11-07 00:00:00+00:00
[2025-11-07T14:32:42.970+0000] {processor.py:208} INFO - Processing /home/airflow/.local/lib/python3.12/site-packages/airflow/example_dags/example_branch_operator.py took 0.109 seconds
[2025-11-07T14:33:14.412+0000] {processor.py:186} INFO - Started process (PID=1169) to work on /home/airflow/.local/lib/python3.12/site-packages/airflow/example_dags/example_branch_operator.py
[2025-11-07T14:33:14.414+0000] {processor.py:914} INFO - Processing file /home/airflow/.local/lib/python3.12/site-packages/airflow/example_dags/example_branch_operator.py for tasks to queue
[2025-11-07T14:33:14.415+0000] {logging_mixin.py:190} INFO - [2025-11-07T14:33:14.415+0000] {dagbag.py:588} INFO - Filling up the DagBag from /home/airflow/.local/lib/python3.12/site-packages/airflow/example_dags/example_branch_operator.py
[2025-11-07T14:33:14.427+0000] {processor.py:925} INFO - DAG(s) 'example_branch_operator' retrieved from /home/airflow/.local/lib/python3.12/site-packages/airflow/example_dags/example_branch_operator.py
[2025-11-07T14:33:14.449+0000] {logging_mixin.py:190} INFO - [2025-11-07T14:33:14.448+0000] {dag.py:3239} INFO - Sync 1 DAGs
[2025-11-07T14:33:14.464+0000] {logging_mixin.py:190} INFO - [2025-11-07T14:33:14.463+0000] {dag.py:4180} INFO - Setting next_dagrun for example_branch_operator to 2025-11-06 00:00:00+00:00, run_after=2025-11-07 00:00:00+00:00
[2025-11-07T14:33:14.477+0000] {processor.py:208} INFO - Processing /home/airflow/.local/lib/python3.12/site-packages/airflow/example_dags/example_branch_operator.py took 0.068 seconds
[2025-11-07T14:33:45.522+0000] {processor.py:186} INFO - Started process (PID=1233) to work on /home/airflow/.local/lib/python3.12/site-packages/airflow/example_dags/example_branch_operator.py
[2025-11-07T14:33:45.522+0000] {processor.py:914} INFO - Processing file /home/airflow/.local/lib/python3.12/site-packages/airflow/example_dags/example_branch_operator.py for tasks to queue
[2025-11-07T14:33:45.524+0000] {logging_mixin.py:190} INFO - [2025-11-07T14:33:45.523+0000] {dagbag.py:588} INFO - Filling up the DagBag from /home/airflow/.local/lib/python3.12/site-packages/airflow/example_dags/example_branch_operator.py
[2025-11-07T14:33:45.533+0000] {processor.py:925} INFO - DAG(s) 'example_branch_operator' retrieved from /home/airflow/.local/lib/python3.12/site-packages/airflow/example_dags/example_branch_operator.py
[2025-11-07T14:33:45.551+0000] {logging_mixin.py:190} INFO - [2025-11-07T14:33:45.551+0000] {dag.py:3239} INFO - Sync 1 DAGs
[2025-11-07T14:33:45.566+0000] {logging_mixin.py:190} INFO - [2025-11-07T14:33:45.566+0000] {dag.py:4180} INFO - Setting next_dagrun for example_branch_operator to 2025-11-06 00:00:00+00:00, run_after=2025-11-07 00:00:00+00:00
[2025-11-07T14:33:45.578+0000] {processor.py:208} INFO - Processing /home/airflow/.local/lib/python3.12/site-packages/airflow/example_dags/example_branch_operator.py took 0.060 seconds
[2025-11-07T14:34:16.721+0000] {processor.py:186} INFO - Started process (PID=1297) to work on /home/airflow/.local/lib/python3.12/site-packages/airflow/example_dags/example_branch_operator.py
[2025-11-07T14:34:16.723+0000] {processor.py:914} INFO - Processing file /home/airflow/.local/lib/python3.12/site-packages/airflow/example_dags/example_branch_operator.py for tasks to queue
[2025-11-07T14:34:16.724+0000] {logging_mixin.py:190} INFO - [2025-11-07T14:34:16.724+0000] {dagbag.py:588} INFO - Filling up the DagBag from /home/airflow/.local/lib/python3.12/site-packages/airflow/example_dags/example_branch_operator.py
[2025-11-07T14:34:16.734+0000] {processor.py:925} INFO - DAG(s) 'example_branch_operator' retrieved from /home/airflow/.local/lib/python3.12/site-packages/airflow/example_dags/example_branch_operator.py
[2025-11-07T14:34:16.749+0000] {logging_mixin.py:190} INFO - [2025-11-07T14:34:16.749+0000] {dag.py:3239} INFO - Sync 1 DAGs
[2025-11-07T14:34:16.764+0000] {logging_mixin.py:190} INFO - [2025-11-07T14:34:16.763+0000] {dag.py:4180} INFO - Setting next_dagrun for example_branch_operator to 2025-11-06 00:00:00+00:00, run_after=2025-11-07 00:00:00+00:00
[2025-11-07T14:34:16.776+0000] {processor.py:208} INFO - Processing /home/airflow/.local/lib/python3.12/site-packages/airflow/example_dags/example_branch_operator.py took 0.058 seconds
[2025-11-07T14:34:46.821+0000] {processor.py:186} INFO - Started process (PID=1360) to work on /home/airflow/.local/lib/python3.12/site-packages/airflow/example_dags/example_branch_operator.py
[2025-11-07T14:34:46.822+0000] {processor.py:914} INFO - Processing file /home/airflow/.local/lib/python3.12/site-packages/airflow/example_dags/example_branch_operator.py for tasks to queue
[2025-11-07T14:34:46.825+0000] {logging_mixin.py:190} INFO - [2025-11-07T14:34:46.824+0000] {dagbag.py:588} INFO - Filling up the DagBag from /home/airflow/.local/lib/python3.12/site-packages/airflow/example_dags/example_branch_operator.py
[2025-11-07T14:34:46.849+0000] {processor.py:925} INFO - DAG(s) 'example_branch_operator' retrieved from /home/airflow/.local/lib/python3.12/site-packages/airflow/example_dags/example_branch_operator.py
[2025-11-07T14:34:46.873+0000] {logging_mixin.py:190} INFO - [2025-11-07T14:34:46.873+0000] {dag.py:3239} INFO - Sync 1 DAGs
[2025-11-07T14:34:46.888+0000] {logging_mixin.py:190} INFO - [2025-11-07T14:34:46.887+0000] {dag.py:4180} INFO - Setting next_dagrun for example_branch_operator to 2025-11-06 00:00:00+00:00, run_after=2025-11-07 00:00:00+00:00
[2025-11-07T14:34:46.900+0000] {processor.py:208} INFO - Processing /home/airflow/.local/lib/python3.12/site-packages/airflow/example_dags/example_branch_operator.py took 0.087 seconds
[2025-11-07T14:35:17.345+0000] {processor.py:186} INFO - Started process (PID=1423) to work on /home/airflow/.local/lib/python3.12/site-packages/airflow/example_dags/example_branch_operator.py
[2025-11-07T14:35:17.346+0000] {processor.py:914} INFO - Processing file /home/airflow/.local/lib/python3.12/site-packages/airflow/example_dags/example_branch_operator.py for tasks to queue
[2025-11-07T14:35:17.348+0000] {logging_mixin.py:190} INFO - [2025-11-07T14:35:17.348+0000] {dagbag.py:588} INFO - Filling up the DagBag from /home/airflow/.local/lib/python3.12/site-packages/airflow/example_dags/example_branch_operator.py
[2025-11-07T14:35:17.360+0000] {processor.py:925} INFO - DAG(s) 'example_branch_operator' retrieved from /home/airflow/.local/lib/python3.12/site-packages/airflow/example_dags/example_branch_operator.py
[2025-11-07T14:35:17.388+0000] {logging_mixin.py:190} INFO - [2025-11-07T14:35:17.387+0000] {dag.py:3239} INFO - Sync 1 DAGs
[2025-11-07T14:35:17.409+0000] {logging_mixin.py:190} INFO - [2025-11-07T14:35:17.409+0000] {dag.py:4180} INFO - Setting next_dagrun for example_branch_operator to 2025-11-06 00:00:00+00:00, run_after=2025-11-07 00:00:00+00:00
[2025-11-07T14:35:17.429+0000] {processor.py:208} INFO - Processing /home/airflow/.local/lib/python3.12/site-packages/airflow/example_dags/example_branch_operator.py took 0.088 seconds
[2025-11-07T14:35:49.345+0000] {processor.py:186} INFO - Started process (PID=1489) to work on /home/airflow/.local/lib/python3.12/site-packages/airflow/example_dags/example_branch_operator.py
[2025-11-07T14:35:49.345+0000] {processor.py:914} INFO - Processing file /home/airflow/.local/lib/python3.12/site-packages/airflow/example_dags/example_branch_operator.py for tasks to queue
[2025-11-07T14:35:49.346+0000] {logging_mixin.py:190} INFO - [2025-11-07T14:35:49.346+0000] {dagbag.py:588} INFO - Filling up the DagBag from /home/airflow/.local/lib/python3.12/site-packages/airflow/example_dags/example_branch_operator.py
[2025-11-07T14:35:49.356+0000] {processor.py:925} INFO - DAG(s) 'example_branch_operator' retrieved from /home/airflow/.local/lib/python3.12/site-packages/airflow/example_dags/example_branch_operator.py
[2025-11-07T14:35:49.376+0000] {logging_mixin.py:190} INFO - [2025-11-07T14:35:49.376+0000] {dag.py:3239} INFO - Sync 1 DAGs
[2025-11-07T14:35:49.392+0000] {logging_mixin.py:190} INFO - [2025-11-07T14:35:49.392+0000] {dag.py:4180} INFO - Setting next_dagrun for example_branch_operator to 2025-11-06 00:00:00+00:00, run_after=2025-11-07 00:00:00+00:00
[2025-11-07T14:35:49.412+0000] {processor.py:208} INFO - Processing /home/airflow/.local/lib/python3.12/site-packages/airflow/example_dags/example_branch_operator.py took 0.070 seconds
[2025-11-07T14:36:20.825+0000] {processor.py:186} INFO - Started process (PID=1553) to work on /home/airflow/.local/lib/python3.12/site-packages/airflow/example_dags/example_branch_operator.py
[2025-11-07T14:36:20.827+0000] {processor.py:914} INFO - Processing file /home/airflow/.local/lib/python3.12/site-packages/airflow/example_dags/example_branch_operator.py for tasks to queue
[2025-11-07T14:36:20.830+0000] {logging_mixin.py:190} INFO - [2025-11-07T14:36:20.829+0000] {dagbag.py:588} INFO - Filling up the DagBag from /home/airflow/.local/lib/python3.12/site-packages/airflow/example_dags/example_branch_operator.py
[2025-11-07T14:36:20.849+0000] {processor.py:925} INFO - DAG(s) 'example_branch_operator' retrieved from /home/airflow/.local/lib/python3.12/site-packages/airflow/example_dags/example_branch_operator.py
[2025-11-07T14:36:20.878+0000] {logging_mixin.py:190} INFO - [2025-11-07T14:36:20.878+0000] {dag.py:3239} INFO - Sync 1 DAGs
[2025-11-07T14:36:20.898+0000] {logging_mixin.py:190} INFO - [2025-11-07T14:36:20.898+0000] {dag.py:4180} INFO - Setting next_dagrun for example_branch_operator to 2025-11-06 00:00:00+00:00, run_after=2025-11-07 00:00:00+00:00
[2025-11-07T14:36:20.914+0000] {processor.py:208} INFO - Processing /home/airflow/.local/lib/python3.12/site-packages/airflow/example_dags/example_branch_operator.py took 0.096 seconds
[2025-11-07T14:36:51.636+0000] {processor.py:186} INFO - Started process (PID=1617) to work on /home/airflow/.local/lib/python3.12/site-packages/airflow/example_dags/example_branch_operator.py
[2025-11-07T14:36:51.637+0000] {processor.py:914} INFO - Processing file /home/airflow/.local/lib/python3.12/site-packages/airflow/example_dags/example_branch_operator.py for tasks to queue
[2025-11-07T14:36:51.638+0000] {logging_mixin.py:190} INFO - [2025-11-07T14:36:51.638+0000] {dagbag.py:588} INFO - Filling up the DagBag from /home/airflow/.local/lib/python3.12/site-packages/airflow/example_dags/example_branch_operator.py
[2025-11-07T14:36:51.648+0000] {processor.py:925} INFO - DAG(s) 'example_branch_operator' retrieved from /home/airflow/.local/lib/python3.12/site-packages/airflow/example_dags/example_branch_operator.py
[2025-11-07T14:36:51.668+0000] {logging_mixin.py:190} INFO - [2025-11-07T14:36:51.667+0000] {dag.py:3239} INFO - Sync 1 DAGs
[2025-11-07T14:36:51.682+0000] {logging_mixin.py:190} INFO - [2025-11-07T14:36:51.681+0000] {dag.py:4180} INFO - Setting next_dagrun for example_branch_operator to 2025-11-06 00:00:00+00:00, run_after=2025-11-07 00:00:00+00:00
[2025-11-07T14:36:51.693+0000] {processor.py:208} INFO - Processing /home/airflow/.local/lib/python3.12/site-packages/airflow/example_dags/example_branch_operator.py took 0.060 seconds
[2025-11-07T14:37:22.824+0000] {processor.py:186} INFO - Started process (PID=1681) to work on /home/airflow/.local/lib/python3.12/site-packages/airflow/example_dags/example_branch_operator.py
[2025-11-07T14:37:22.826+0000] {processor.py:914} INFO - Processing file /home/airflow/.local/lib/python3.12/site-packages/airflow/example_dags/example_branch_operator.py for tasks to queue
[2025-11-07T14:37:22.828+0000] {logging_mixin.py:190} INFO - [2025-11-07T14:37:22.827+0000] {dagbag.py:588} INFO - Filling up the DagBag from /home/airflow/.local/lib/python3.12/site-packages/airflow/example_dags/example_branch_operator.py
[2025-11-07T14:37:22.838+0000] {processor.py:925} INFO - DAG(s) 'example_branch_operator' retrieved from /home/airflow/.local/lib/python3.12/site-packages/airflow/example_dags/example_branch_operator.py
[2025-11-07T14:37:22.859+0000] {logging_mixin.py:190} INFO - [2025-11-07T14:37:22.858+0000] {dag.py:3239} INFO - Sync 1 DAGs
[2025-11-07T14:37:22.874+0000] {logging_mixin.py:190} INFO - [2025-11-07T14:37:22.874+0000] {dag.py:4180} INFO - Setting next_dagrun for example_branch_operator to 2025-11-06 00:00:00+00:00, run_after=2025-11-07 00:00:00+00:00
[2025-11-07T14:37:22.887+0000] {processor.py:208} INFO - Processing /home/airflow/.local/lib/python3.12/site-packages/airflow/example_dags/example_branch_operator.py took 0.067 seconds
[2025-11-07T14:37:52.978+0000] {processor.py:186} INFO - Started process (PID=1744) to work on /home/airflow/.local/lib/python3.12/site-packages/airflow/example_dags/example_branch_operator.py
[2025-11-07T14:37:52.979+0000] {processor.py:914} INFO - Processing file /home/airflow/.local/lib/python3.12/site-packages/airflow/example_dags/example_branch_operator.py for tasks to queue
[2025-11-07T14:37:52.982+0000] {logging_mixin.py:190} INFO - [2025-11-07T14:37:52.981+0000] {dagbag.py:588} INFO - Filling up the DagBag from /home/airflow/.local/lib/python3.12/site-packages/airflow/example_dags/example_branch_operator.py
[2025-11-07T14:37:53.004+0000] {processor.py:925} INFO - DAG(s) 'example_branch_operator' retrieved from /home/airflow/.local/lib/python3.12/site-packages/airflow/example_dags/example_branch_operator.py
[2025-11-07T14:37:53.035+0000] {logging_mixin.py:190} INFO - [2025-11-07T14:37:53.034+0000] {dag.py:3239} INFO - Sync 1 DAGs
[2025-11-07T14:37:53.050+0000] {logging_mixin.py:190} INFO - [2025-11-07T14:37:53.050+0000] {dag.py:4180} INFO - Setting next_dagrun for example_branch_operator to 2025-11-06 00:00:00+00:00, run_after=2025-11-07 00:00:00+00:00
[2025-11-07T14:37:53.062+0000] {processor.py:208} INFO - Processing /home/airflow/.local/lib/python3.12/site-packages/airflow/example_dags/example_branch_operator.py took 0.092 seconds
[2025-11-07T14:38:24.582+0000] {processor.py:186} INFO - Started process (PID=1809) to work on /home/airflow/.local/lib/python3.12/site-packages/airflow/example_dags/example_branch_operator.py
[2025-11-07T14:38:24.584+0000] {processor.py:914} INFO - Processing file /home/airflow/.local/lib/python3.12/site-packages/airflow/example_dags/example_branch_operator.py for tasks to queue
[2025-11-07T14:38:24.585+0000] {logging_mixin.py:190} INFO - [2025-11-07T14:38:24.585+0000] {dagbag.py:588} INFO - Filling up the DagBag from /home/airflow/.local/lib/python3.12/site-packages/airflow/example_dags/example_branch_operator.py
[2025-11-07T14:38:24.594+0000] {processor.py:925} INFO - DAG(s) 'example_branch_operator' retrieved from /home/airflow/.local/lib/python3.12/site-packages/airflow/example_dags/example_branch_operator.py
[2025-11-07T14:38:24.615+0000] {logging_mixin.py:190} INFO - [2025-11-07T14:38:24.614+0000] {dag.py:3239} INFO - Sync 1 DAGs
[2025-11-07T14:38:24.630+0000] {logging_mixin.py:190} INFO - [2025-11-07T14:38:24.629+0000] {dag.py:4180} INFO - Setting next_dagrun for example_branch_operator to 2025-11-06 00:00:00+00:00, run_after=2025-11-07 00:00:00+00:00
[2025-11-07T14:38:24.642+0000] {processor.py:208} INFO - Processing /home/airflow/.local/lib/python3.12/site-packages/airflow/example_dags/example_branch_operator.py took 0.064 seconds
[2025-11-07T14:38:55.766+0000] {processor.py:186} INFO - Started process (PID=1873) to work on /home/airflow/.local/lib/python3.12/site-packages/airflow/example_dags/example_branch_operator.py
[2025-11-07T14:38:55.767+0000] {processor.py:914} INFO - Processing file /home/airflow/.local/lib/python3.12/site-packages/airflow/example_dags/example_branch_operator.py for tasks to queue
[2025-11-07T14:38:55.768+0000] {logging_mixin.py:190} INFO - [2025-11-07T14:38:55.768+0000] {dagbag.py:588} INFO - Filling up the DagBag from /home/airflow/.local/lib/python3.12/site-packages/airflow/example_dags/example_branch_operator.py
[2025-11-07T14:38:55.779+0000] {processor.py:925} INFO - DAG(s) 'example_branch_operator' retrieved from /home/airflow/.local/lib/python3.12/site-packages/airflow/example_dags/example_branch_operator.py
[2025-11-07T14:38:55.798+0000] {logging_mixin.py:190} INFO - [2025-11-07T14:38:55.797+0000] {dag.py:3239} INFO - Sync 1 DAGs
[2025-11-07T14:38:55.814+0000] {logging_mixin.py:190} INFO - [2025-11-07T14:38:55.814+0000] {dag.py:4180} INFO - Setting next_dagrun for example_branch_operator to 2025-11-06 00:00:00+00:00, run_after=2025-11-07 00:00:00+00:00
[2025-11-07T14:38:55.829+0000] {processor.py:208} INFO - Processing /home/airflow/.local/lib/python3.12/site-packages/airflow/example_dags/example_branch_operator.py took 0.066 seconds
[2025-11-07T14:39:27.301+0000] {processor.py:186} INFO - Started process (PID=1937) to work on /home/airflow/.local/lib/python3.12/site-packages/airflow/example_dags/example_branch_operator.py
[2025-11-07T14:39:27.302+0000] {processor.py:914} INFO - Processing file /home/airflow/.local/lib/python3.12/site-packages/airflow/example_dags/example_branch_operator.py for tasks to queue
[2025-11-07T14:39:27.303+0000] {logging_mixin.py:190} INFO - [2025-11-07T14:39:27.303+0000] {dagbag.py:588} INFO - Filling up the DagBag from /home/airflow/.local/lib/python3.12/site-packages/airflow/example_dags/example_branch_operator.py
[2025-11-07T14:39:27.313+0000] {processor.py:925} INFO - DAG(s) 'example_branch_operator' retrieved from /home/airflow/.local/lib/python3.12/site-packages/airflow/example_dags/example_branch_operator.py
[2025-11-07T14:39:27.334+0000] {logging_mixin.py:190} INFO - [2025-11-07T14:39:27.334+0000] {dag.py:3239} INFO - Sync 1 DAGs
[2025-11-07T14:39:27.352+0000] {logging_mixin.py:190} INFO - [2025-11-07T14:39:27.352+0000] {dag.py:4180} INFO - Setting next_dagrun for example_branch_operator to 2025-11-06 00:00:00+00:00, run_after=2025-11-07 00:00:00+00:00
[2025-11-07T14:39:27.363+0000] {processor.py:208} INFO - Processing /home/airflow/.local/lib/python3.12/site-packages/airflow/example_dags/example_branch_operator.py took 0.066 seconds
