[2025-11-07T14:24:27.177+0000] {processor.py:186} INFO - Started process (PID=85) to work on /home/airflow/.local/lib/python3.12/site-packages/airflow/example_dags/example_task_group_decorator.py
[2025-11-07T14:24:27.178+0000] {processor.py:914} INFO - Processing file /home/airflow/.local/lib/python3.12/site-packages/airflow/example_dags/example_task_group_decorator.py for tasks to queue
[2025-11-07T14:24:27.181+0000] {logging_mixin.py:190} INFO - [2025-11-07T14:24:27.181+0000] {dagbag.py:588} INFO - Filling up the DagBag from /home/airflow/.local/lib/python3.12/site-packages/airflow/example_dags/example_task_group_decorator.py
[2025-11-07T14:24:27.201+0000] {processor.py:925} INFO - DAG(s) 'example_task_group_decorator' retrieved from /home/airflow/.local/lib/python3.12/site-packages/airflow/example_dags/example_task_group_decorator.py
[2025-11-07T14:24:27.242+0000] {logging_mixin.py:190} INFO - [2025-11-07T14:24:27.242+0000] {dag.py:3239} INFO - Sync 1 DAGs
[2025-11-07T14:24:27.259+0000] {logging_mixin.py:190} INFO - [2025-11-07T14:24:27.259+0000] {dag.py:4180} INFO - Setting next_dagrun for example_task_group_decorator to None, run_after=None
[2025-11-07T14:24:27.280+0000] {processor.py:208} INFO - Processing /home/airflow/.local/lib/python3.12/site-packages/airflow/example_dags/example_task_group_decorator.py took 0.108 seconds
[2025-11-07T14:24:57.687+0000] {processor.py:186} INFO - Started process (PID=149) to work on /home/airflow/.local/lib/python3.12/site-packages/airflow/example_dags/example_task_group_decorator.py
[2025-11-07T14:24:57.689+0000] {processor.py:914} INFO - Processing file /home/airflow/.local/lib/python3.12/site-packages/airflow/example_dags/example_task_group_decorator.py for tasks to queue
[2025-11-07T14:24:57.690+0000] {logging_mixin.py:190} INFO - [2025-11-07T14:24:57.690+0000] {dagbag.py:588} INFO - Filling up the DagBag from /home/airflow/.local/lib/python3.12/site-packages/airflow/example_dags/example_task_group_decorator.py
[2025-11-07T14:24:57.700+0000] {processor.py:925} INFO - DAG(s) 'example_task_group_decorator' retrieved from /home/airflow/.local/lib/python3.12/site-packages/airflow/example_dags/example_task_group_decorator.py
[2025-11-07T14:24:57.722+0000] {logging_mixin.py:190} INFO - [2025-11-07T14:24:57.722+0000] {dag.py:3239} INFO - Sync 1 DAGs
[2025-11-07T14:24:57.732+0000] {logging_mixin.py:190} INFO - [2025-11-07T14:24:57.732+0000] {dag.py:4180} INFO - Setting next_dagrun for example_task_group_decorator to None, run_after=None
[2025-11-07T14:24:57.747+0000] {processor.py:208} INFO - Processing /home/airflow/.local/lib/python3.12/site-packages/airflow/example_dags/example_task_group_decorator.py took 0.063 seconds
[2025-11-07T14:25:28.750+0000] {processor.py:186} INFO - Started process (PID=213) to work on /home/airflow/.local/lib/python3.12/site-packages/airflow/example_dags/example_task_group_decorator.py
[2025-11-07T14:25:28.751+0000] {processor.py:914} INFO - Processing file /home/airflow/.local/lib/python3.12/site-packages/airflow/example_dags/example_task_group_decorator.py for tasks to queue
[2025-11-07T14:25:28.753+0000] {logging_mixin.py:190} INFO - [2025-11-07T14:25:28.753+0000] {dagbag.py:588} INFO - Filling up the DagBag from /home/airflow/.local/lib/python3.12/site-packages/airflow/example_dags/example_task_group_decorator.py
[2025-11-07T14:25:28.762+0000] {processor.py:925} INFO - DAG(s) 'example_task_group_decorator' retrieved from /home/airflow/.local/lib/python3.12/site-packages/airflow/example_dags/example_task_group_decorator.py
[2025-11-07T14:25:28.783+0000] {logging_mixin.py:190} INFO - [2025-11-07T14:25:28.783+0000] {dag.py:3239} INFO - Sync 1 DAGs
[2025-11-07T14:25:28.796+0000] {logging_mixin.py:190} INFO - [2025-11-07T14:25:28.796+0000] {dag.py:4180} INFO - Setting next_dagrun for example_task_group_decorator to None, run_after=None
[2025-11-07T14:25:28.818+0000] {processor.py:208} INFO - Processing /home/airflow/.local/lib/python3.12/site-packages/airflow/example_dags/example_task_group_decorator.py took 0.073 seconds
[2025-11-07T14:25:59.893+0000] {processor.py:186} INFO - Started process (PID=277) to work on /home/airflow/.local/lib/python3.12/site-packages/airflow/example_dags/example_task_group_decorator.py
[2025-11-07T14:25:59.894+0000] {processor.py:914} INFO - Processing file /home/airflow/.local/lib/python3.12/site-packages/airflow/example_dags/example_task_group_decorator.py for tasks to queue
[2025-11-07T14:25:59.896+0000] {logging_mixin.py:190} INFO - [2025-11-07T14:25:59.896+0000] {dagbag.py:588} INFO - Filling up the DagBag from /home/airflow/.local/lib/python3.12/site-packages/airflow/example_dags/example_task_group_decorator.py
[2025-11-07T14:25:59.919+0000] {processor.py:925} INFO - DAG(s) 'example_task_group_decorator' retrieved from /home/airflow/.local/lib/python3.12/site-packages/airflow/example_dags/example_task_group_decorator.py
[2025-11-07T14:25:59.956+0000] {logging_mixin.py:190} INFO - [2025-11-07T14:25:59.955+0000] {dag.py:3239} INFO - Sync 1 DAGs
[2025-11-07T14:25:59.974+0000] {logging_mixin.py:190} INFO - [2025-11-07T14:25:59.974+0000] {dag.py:4180} INFO - Setting next_dagrun for example_task_group_decorator to None, run_after=None
[2025-11-07T14:25:59.994+0000] {processor.py:208} INFO - Processing /home/airflow/.local/lib/python3.12/site-packages/airflow/example_dags/example_task_group_decorator.py took 0.109 seconds
[2025-11-07T14:26:31.438+0000] {processor.py:186} INFO - Started process (PID=341) to work on /home/airflow/.local/lib/python3.12/site-packages/airflow/example_dags/example_task_group_decorator.py
[2025-11-07T14:26:31.440+0000] {processor.py:914} INFO - Processing file /home/airflow/.local/lib/python3.12/site-packages/airflow/example_dags/example_task_group_decorator.py for tasks to queue
[2025-11-07T14:26:31.443+0000] {logging_mixin.py:190} INFO - [2025-11-07T14:26:31.443+0000] {dagbag.py:588} INFO - Filling up the DagBag from /home/airflow/.local/lib/python3.12/site-packages/airflow/example_dags/example_task_group_decorator.py
[2025-11-07T14:26:31.452+0000] {processor.py:925} INFO - DAG(s) 'example_task_group_decorator' retrieved from /home/airflow/.local/lib/python3.12/site-packages/airflow/example_dags/example_task_group_decorator.py
[2025-11-07T14:26:31.470+0000] {logging_mixin.py:190} INFO - [2025-11-07T14:26:31.470+0000] {dag.py:3239} INFO - Sync 1 DAGs
[2025-11-07T14:26:31.480+0000] {logging_mixin.py:190} INFO - [2025-11-07T14:26:31.480+0000] {dag.py:4180} INFO - Setting next_dagrun for example_task_group_decorator to None, run_after=None
[2025-11-07T14:26:31.497+0000] {processor.py:208} INFO - Processing /home/airflow/.local/lib/python3.12/site-packages/airflow/example_dags/example_task_group_decorator.py took 0.064 seconds
[2025-11-07T14:27:02.036+0000] {processor.py:186} INFO - Started process (PID=405) to work on /home/airflow/.local/lib/python3.12/site-packages/airflow/example_dags/example_task_group_decorator.py
[2025-11-07T14:27:02.037+0000] {processor.py:914} INFO - Processing file /home/airflow/.local/lib/python3.12/site-packages/airflow/example_dags/example_task_group_decorator.py for tasks to queue
[2025-11-07T14:27:02.039+0000] {logging_mixin.py:190} INFO - [2025-11-07T14:27:02.039+0000] {dagbag.py:588} INFO - Filling up the DagBag from /home/airflow/.local/lib/python3.12/site-packages/airflow/example_dags/example_task_group_decorator.py
[2025-11-07T14:27:02.062+0000] {processor.py:925} INFO - DAG(s) 'example_task_group_decorator' retrieved from /home/airflow/.local/lib/python3.12/site-packages/airflow/example_dags/example_task_group_decorator.py
[2025-11-07T14:27:02.095+0000] {logging_mixin.py:190} INFO - [2025-11-07T14:27:02.095+0000] {dag.py:3239} INFO - Sync 1 DAGs
[2025-11-07T14:27:02.112+0000] {logging_mixin.py:190} INFO - [2025-11-07T14:27:02.112+0000] {dag.py:4180} INFO - Setting next_dagrun for example_task_group_decorator to None, run_after=None
[2025-11-07T14:27:02.136+0000] {processor.py:208} INFO - Processing /home/airflow/.local/lib/python3.12/site-packages/airflow/example_dags/example_task_group_decorator.py took 0.107 seconds
[2025-11-07T14:27:33.308+0000] {processor.py:186} INFO - Started process (PID=469) to work on /home/airflow/.local/lib/python3.12/site-packages/airflow/example_dags/example_task_group_decorator.py
[2025-11-07T14:27:33.311+0000] {processor.py:914} INFO - Processing file /home/airflow/.local/lib/python3.12/site-packages/airflow/example_dags/example_task_group_decorator.py for tasks to queue
[2025-11-07T14:27:33.314+0000] {logging_mixin.py:190} INFO - [2025-11-07T14:27:33.313+0000] {dagbag.py:588} INFO - Filling up the DagBag from /home/airflow/.local/lib/python3.12/site-packages/airflow/example_dags/example_task_group_decorator.py
[2025-11-07T14:27:33.335+0000] {processor.py:925} INFO - DAG(s) 'example_task_group_decorator' retrieved from /home/airflow/.local/lib/python3.12/site-packages/airflow/example_dags/example_task_group_decorator.py
[2025-11-07T14:27:33.368+0000] {logging_mixin.py:190} INFO - [2025-11-07T14:27:33.368+0000] {dag.py:3239} INFO - Sync 1 DAGs
[2025-11-07T14:27:33.379+0000] {logging_mixin.py:190} INFO - [2025-11-07T14:27:33.379+0000] {dag.py:4180} INFO - Setting next_dagrun for example_task_group_decorator to None, run_after=None
[2025-11-07T14:27:33.394+0000] {processor.py:208} INFO - Processing /home/airflow/.local/lib/python3.12/site-packages/airflow/example_dags/example_task_group_decorator.py took 0.095 seconds
[2025-11-07T14:28:05.113+0000] {processor.py:186} INFO - Started process (PID=533) to work on /home/airflow/.local/lib/python3.12/site-packages/airflow/example_dags/example_task_group_decorator.py
[2025-11-07T14:28:05.113+0000] {processor.py:914} INFO - Processing file /home/airflow/.local/lib/python3.12/site-packages/airflow/example_dags/example_task_group_decorator.py for tasks to queue
[2025-11-07T14:28:05.114+0000] {logging_mixin.py:190} INFO - [2025-11-07T14:28:05.114+0000] {dagbag.py:588} INFO - Filling up the DagBag from /home/airflow/.local/lib/python3.12/site-packages/airflow/example_dags/example_task_group_decorator.py
[2025-11-07T14:28:05.127+0000] {processor.py:925} INFO - DAG(s) 'example_task_group_decorator' retrieved from /home/airflow/.local/lib/python3.12/site-packages/airflow/example_dags/example_task_group_decorator.py
[2025-11-07T14:28:05.165+0000] {logging_mixin.py:190} INFO - [2025-11-07T14:28:05.165+0000] {dag.py:3239} INFO - Sync 1 DAGs
[2025-11-07T14:28:05.187+0000] {logging_mixin.py:190} INFO - [2025-11-07T14:28:05.186+0000] {dag.py:4180} INFO - Setting next_dagrun for example_task_group_decorator to None, run_after=None
[2025-11-07T14:28:05.214+0000] {processor.py:208} INFO - Processing /home/airflow/.local/lib/python3.12/site-packages/airflow/example_dags/example_task_group_decorator.py took 0.105 seconds
[2025-11-07T14:28:35.606+0000] {processor.py:186} INFO - Started process (PID=597) to work on /home/airflow/.local/lib/python3.12/site-packages/airflow/example_dags/example_task_group_decorator.py
[2025-11-07T14:28:35.607+0000] {processor.py:914} INFO - Processing file /home/airflow/.local/lib/python3.12/site-packages/airflow/example_dags/example_task_group_decorator.py for tasks to queue
[2025-11-07T14:28:35.610+0000] {logging_mixin.py:190} INFO - [2025-11-07T14:28:35.610+0000] {dagbag.py:588} INFO - Filling up the DagBag from /home/airflow/.local/lib/python3.12/site-packages/airflow/example_dags/example_task_group_decorator.py
[2025-11-07T14:28:35.630+0000] {processor.py:925} INFO - DAG(s) 'example_task_group_decorator' retrieved from /home/airflow/.local/lib/python3.12/site-packages/airflow/example_dags/example_task_group_decorator.py
[2025-11-07T14:28:35.661+0000] {logging_mixin.py:190} INFO - [2025-11-07T14:28:35.661+0000] {dag.py:3239} INFO - Sync 1 DAGs
[2025-11-07T14:28:35.680+0000] {logging_mixin.py:190} INFO - [2025-11-07T14:28:35.680+0000] {dag.py:4180} INFO - Setting next_dagrun for example_task_group_decorator to None, run_after=None
[2025-11-07T14:28:35.704+0000] {processor.py:208} INFO - Processing /home/airflow/.local/lib/python3.12/site-packages/airflow/example_dags/example_task_group_decorator.py took 0.107 seconds
[2025-11-07T14:29:06.284+0000] {processor.py:186} INFO - Started process (PID=661) to work on /home/airflow/.local/lib/python3.12/site-packages/airflow/example_dags/example_task_group_decorator.py
[2025-11-07T14:29:06.285+0000] {processor.py:914} INFO - Processing file /home/airflow/.local/lib/python3.12/site-packages/airflow/example_dags/example_task_group_decorator.py for tasks to queue
[2025-11-07T14:29:06.287+0000] {logging_mixin.py:190} INFO - [2025-11-07T14:29:06.287+0000] {dagbag.py:588} INFO - Filling up the DagBag from /home/airflow/.local/lib/python3.12/site-packages/airflow/example_dags/example_task_group_decorator.py
[2025-11-07T14:29:06.304+0000] {processor.py:925} INFO - DAG(s) 'example_task_group_decorator' retrieved from /home/airflow/.local/lib/python3.12/site-packages/airflow/example_dags/example_task_group_decorator.py
[2025-11-07T14:29:06.326+0000] {logging_mixin.py:190} INFO - [2025-11-07T14:29:06.326+0000] {dag.py:3239} INFO - Sync 1 DAGs
[2025-11-07T14:29:06.339+0000] {logging_mixin.py:190} INFO - [2025-11-07T14:29:06.339+0000] {dag.py:4180} INFO - Setting next_dagrun for example_task_group_decorator to None, run_after=None
[2025-11-07T14:29:06.352+0000] {processor.py:208} INFO - Processing /home/airflow/.local/lib/python3.12/site-packages/airflow/example_dags/example_task_group_decorator.py took 0.074 seconds
[2025-11-07T14:29:37.572+0000] {processor.py:186} INFO - Started process (PID=725) to work on /home/airflow/.local/lib/python3.12/site-packages/airflow/example_dags/example_task_group_decorator.py
[2025-11-07T14:29:37.575+0000] {processor.py:914} INFO - Processing file /home/airflow/.local/lib/python3.12/site-packages/airflow/example_dags/example_task_group_decorator.py for tasks to queue
[2025-11-07T14:29:37.577+0000] {logging_mixin.py:190} INFO - [2025-11-07T14:29:37.576+0000] {dagbag.py:588} INFO - Filling up the DagBag from /home/airflow/.local/lib/python3.12/site-packages/airflow/example_dags/example_task_group_decorator.py
[2025-11-07T14:29:37.587+0000] {processor.py:925} INFO - DAG(s) 'example_task_group_decorator' retrieved from /home/airflow/.local/lib/python3.12/site-packages/airflow/example_dags/example_task_group_decorator.py
[2025-11-07T14:29:37.614+0000] {logging_mixin.py:190} INFO - [2025-11-07T14:29:37.614+0000] {dag.py:3239} INFO - Sync 1 DAGs
[2025-11-07T14:29:37.626+0000] {logging_mixin.py:190} INFO - [2025-11-07T14:29:37.625+0000] {dag.py:4180} INFO - Setting next_dagrun for example_task_group_decorator to None, run_after=None
[2025-11-07T14:29:37.642+0000] {processor.py:208} INFO - Processing /home/airflow/.local/lib/python3.12/site-packages/airflow/example_dags/example_task_group_decorator.py took 0.078 seconds
[2025-11-07T14:30:08.855+0000] {processor.py:186} INFO - Started process (PID=789) to work on /home/airflow/.local/lib/python3.12/site-packages/airflow/example_dags/example_task_group_decorator.py
[2025-11-07T14:30:08.856+0000] {processor.py:914} INFO - Processing file /home/airflow/.local/lib/python3.12/site-packages/airflow/example_dags/example_task_group_decorator.py for tasks to queue
[2025-11-07T14:30:08.858+0000] {logging_mixin.py:190} INFO - [2025-11-07T14:30:08.858+0000] {dagbag.py:588} INFO - Filling up the DagBag from /home/airflow/.local/lib/python3.12/site-packages/airflow/example_dags/example_task_group_decorator.py
[2025-11-07T14:30:08.876+0000] {processor.py:925} INFO - DAG(s) 'example_task_group_decorator' retrieved from /home/airflow/.local/lib/python3.12/site-packages/airflow/example_dags/example_task_group_decorator.py
[2025-11-07T14:30:08.905+0000] {logging_mixin.py:190} INFO - [2025-11-07T14:30:08.905+0000] {dag.py:3239} INFO - Sync 1 DAGs
[2025-11-07T14:30:08.917+0000] {logging_mixin.py:190} INFO - [2025-11-07T14:30:08.917+0000] {dag.py:4180} INFO - Setting next_dagrun for example_task_group_decorator to None, run_after=None
[2025-11-07T14:30:08.933+0000] {processor.py:208} INFO - Processing /home/airflow/.local/lib/python3.12/site-packages/airflow/example_dags/example_task_group_decorator.py took 0.086 seconds
[2025-11-07T14:30:39.364+0000] {processor.py:186} INFO - Started process (PID=853) to work on /home/airflow/.local/lib/python3.12/site-packages/airflow/example_dags/example_task_group_decorator.py
[2025-11-07T14:30:39.365+0000] {processor.py:914} INFO - Processing file /home/airflow/.local/lib/python3.12/site-packages/airflow/example_dags/example_task_group_decorator.py for tasks to queue
[2025-11-07T14:30:39.367+0000] {logging_mixin.py:190} INFO - [2025-11-07T14:30:39.367+0000] {dagbag.py:588} INFO - Filling up the DagBag from /home/airflow/.local/lib/python3.12/site-packages/airflow/example_dags/example_task_group_decorator.py
[2025-11-07T14:30:39.388+0000] {processor.py:925} INFO - DAG(s) 'example_task_group_decorator' retrieved from /home/airflow/.local/lib/python3.12/site-packages/airflow/example_dags/example_task_group_decorator.py
[2025-11-07T14:30:39.418+0000] {logging_mixin.py:190} INFO - [2025-11-07T14:30:39.418+0000] {dag.py:3239} INFO - Sync 1 DAGs
[2025-11-07T14:30:39.430+0000] {logging_mixin.py:190} INFO - [2025-11-07T14:30:39.430+0000] {dag.py:4180} INFO - Setting next_dagrun for example_task_group_decorator to None, run_after=None
[2025-11-07T14:30:39.444+0000] {processor.py:208} INFO - Processing /home/airflow/.local/lib/python3.12/site-packages/airflow/example_dags/example_task_group_decorator.py took 0.085 seconds
[2025-11-07T14:31:09.905+0000] {processor.py:186} INFO - Started process (PID=917) to work on /home/airflow/.local/lib/python3.12/site-packages/airflow/example_dags/example_task_group_decorator.py
[2025-11-07T14:31:09.906+0000] {processor.py:914} INFO - Processing file /home/airflow/.local/lib/python3.12/site-packages/airflow/example_dags/example_task_group_decorator.py for tasks to queue
[2025-11-07T14:31:09.907+0000] {logging_mixin.py:190} INFO - [2025-11-07T14:31:09.907+0000] {dagbag.py:588} INFO - Filling up the DagBag from /home/airflow/.local/lib/python3.12/site-packages/airflow/example_dags/example_task_group_decorator.py
[2025-11-07T14:31:09.915+0000] {processor.py:925} INFO - DAG(s) 'example_task_group_decorator' retrieved from /home/airflow/.local/lib/python3.12/site-packages/airflow/example_dags/example_task_group_decorator.py
[2025-11-07T14:31:09.933+0000] {logging_mixin.py:190} INFO - [2025-11-07T14:31:09.933+0000] {dag.py:3239} INFO - Sync 1 DAGs
[2025-11-07T14:31:09.941+0000] {logging_mixin.py:190} INFO - [2025-11-07T14:31:09.941+0000] {dag.py:4180} INFO - Setting next_dagrun for example_task_group_decorator to None, run_after=None
[2025-11-07T14:31:09.964+0000] {processor.py:208} INFO - Processing /home/airflow/.local/lib/python3.12/site-packages/airflow/example_dags/example_task_group_decorator.py took 0.062 seconds
[2025-11-07T14:31:41.206+0000] {processor.py:186} INFO - Started process (PID=981) to work on /home/airflow/.local/lib/python3.12/site-packages/airflow/example_dags/example_task_group_decorator.py
[2025-11-07T14:31:41.207+0000] {processor.py:914} INFO - Processing file /home/airflow/.local/lib/python3.12/site-packages/airflow/example_dags/example_task_group_decorator.py for tasks to queue
[2025-11-07T14:31:41.208+0000] {logging_mixin.py:190} INFO - [2025-11-07T14:31:41.208+0000] {dagbag.py:588} INFO - Filling up the DagBag from /home/airflow/.local/lib/python3.12/site-packages/airflow/example_dags/example_task_group_decorator.py
[2025-11-07T14:31:41.220+0000] {processor.py:925} INFO - DAG(s) 'example_task_group_decorator' retrieved from /home/airflow/.local/lib/python3.12/site-packages/airflow/example_dags/example_task_group_decorator.py
[2025-11-07T14:31:41.245+0000] {logging_mixin.py:190} INFO - [2025-11-07T14:31:41.245+0000] {dag.py:3239} INFO - Sync 1 DAGs
[2025-11-07T14:31:41.256+0000] {logging_mixin.py:190} INFO - [2025-11-07T14:31:41.256+0000] {dag.py:4180} INFO - Setting next_dagrun for example_task_group_decorator to None, run_after=None
[2025-11-07T14:31:41.270+0000] {processor.py:208} INFO - Processing /home/airflow/.local/lib/python3.12/site-packages/airflow/example_dags/example_task_group_decorator.py took 0.068 seconds
[2025-11-07T14:32:11.693+0000] {processor.py:186} INFO - Started process (PID=1045) to work on /home/airflow/.local/lib/python3.12/site-packages/airflow/example_dags/example_task_group_decorator.py
[2025-11-07T14:32:11.694+0000] {processor.py:914} INFO - Processing file /home/airflow/.local/lib/python3.12/site-packages/airflow/example_dags/example_task_group_decorator.py for tasks to queue
[2025-11-07T14:32:11.697+0000] {logging_mixin.py:190} INFO - [2025-11-07T14:32:11.697+0000] {dagbag.py:588} INFO - Filling up the DagBag from /home/airflow/.local/lib/python3.12/site-packages/airflow/example_dags/example_task_group_decorator.py
[2025-11-07T14:32:11.719+0000] {processor.py:925} INFO - DAG(s) 'example_task_group_decorator' retrieved from /home/airflow/.local/lib/python3.12/site-packages/airflow/example_dags/example_task_group_decorator.py
[2025-11-07T14:32:11.753+0000] {logging_mixin.py:190} INFO - [2025-11-07T14:32:11.753+0000] {dag.py:3239} INFO - Sync 1 DAGs
[2025-11-07T14:32:11.768+0000] {logging_mixin.py:190} INFO - [2025-11-07T14:32:11.768+0000] {dag.py:4180} INFO - Setting next_dagrun for example_task_group_decorator to None, run_after=None
[2025-11-07T14:32:11.785+0000] {processor.py:208} INFO - Processing /home/airflow/.local/lib/python3.12/site-packages/airflow/example_dags/example_task_group_decorator.py took 0.099 seconds
[2025-11-07T14:32:43.073+0000] {processor.py:186} INFO - Started process (PID=1109) to work on /home/airflow/.local/lib/python3.12/site-packages/airflow/example_dags/example_task_group_decorator.py
[2025-11-07T14:32:43.075+0000] {processor.py:914} INFO - Processing file /home/airflow/.local/lib/python3.12/site-packages/airflow/example_dags/example_task_group_decorator.py for tasks to queue
[2025-11-07T14:32:43.077+0000] {logging_mixin.py:190} INFO - [2025-11-07T14:32:43.077+0000] {dagbag.py:588} INFO - Filling up the DagBag from /home/airflow/.local/lib/python3.12/site-packages/airflow/example_dags/example_task_group_decorator.py
[2025-11-07T14:32:43.097+0000] {processor.py:925} INFO - DAG(s) 'example_task_group_decorator' retrieved from /home/airflow/.local/lib/python3.12/site-packages/airflow/example_dags/example_task_group_decorator.py
[2025-11-07T14:32:43.136+0000] {logging_mixin.py:190} INFO - [2025-11-07T14:32:43.135+0000] {dag.py:3239} INFO - Sync 1 DAGs
[2025-11-07T14:32:43.153+0000] {logging_mixin.py:190} INFO - [2025-11-07T14:32:43.153+0000] {dag.py:4180} INFO - Setting next_dagrun for example_task_group_decorator to None, run_after=None
[2025-11-07T14:32:43.173+0000] {processor.py:208} INFO - Processing /home/airflow/.local/lib/python3.12/site-packages/airflow/example_dags/example_task_group_decorator.py took 0.105 seconds
[2025-11-07T14:33:14.620+0000] {processor.py:186} INFO - Started process (PID=1173) to work on /home/airflow/.local/lib/python3.12/site-packages/airflow/example_dags/example_task_group_decorator.py
[2025-11-07T14:33:14.622+0000] {processor.py:914} INFO - Processing file /home/airflow/.local/lib/python3.12/site-packages/airflow/example_dags/example_task_group_decorator.py for tasks to queue
[2025-11-07T14:33:14.624+0000] {logging_mixin.py:190} INFO - [2025-11-07T14:33:14.624+0000] {dagbag.py:588} INFO - Filling up the DagBag from /home/airflow/.local/lib/python3.12/site-packages/airflow/example_dags/example_task_group_decorator.py
[2025-11-07T14:33:14.636+0000] {processor.py:925} INFO - DAG(s) 'example_task_group_decorator' retrieved from /home/airflow/.local/lib/python3.12/site-packages/airflow/example_dags/example_task_group_decorator.py
[2025-11-07T14:33:14.654+0000] {logging_mixin.py:190} INFO - [2025-11-07T14:33:14.654+0000] {dag.py:3239} INFO - Sync 1 DAGs
[2025-11-07T14:33:14.663+0000] {logging_mixin.py:190} INFO - [2025-11-07T14:33:14.663+0000] {dag.py:4180} INFO - Setting next_dagrun for example_task_group_decorator to None, run_after=None
[2025-11-07T14:33:14.677+0000] {processor.py:208} INFO - Processing /home/airflow/.local/lib/python3.12/site-packages/airflow/example_dags/example_task_group_decorator.py took 0.062 seconds
[2025-11-07T14:33:45.862+0000] {processor.py:186} INFO - Started process (PID=1237) to work on /home/airflow/.local/lib/python3.12/site-packages/airflow/example_dags/example_task_group_decorator.py
[2025-11-07T14:33:45.863+0000] {processor.py:914} INFO - Processing file /home/airflow/.local/lib/python3.12/site-packages/airflow/example_dags/example_task_group_decorator.py for tasks to queue
[2025-11-07T14:33:45.866+0000] {logging_mixin.py:190} INFO - [2025-11-07T14:33:45.865+0000] {dagbag.py:588} INFO - Filling up the DagBag from /home/airflow/.local/lib/python3.12/site-packages/airflow/example_dags/example_task_group_decorator.py
[2025-11-07T14:33:45.889+0000] {processor.py:925} INFO - DAG(s) 'example_task_group_decorator' retrieved from /home/airflow/.local/lib/python3.12/site-packages/airflow/example_dags/example_task_group_decorator.py
[2025-11-07T14:33:45.924+0000] {logging_mixin.py:190} INFO - [2025-11-07T14:33:45.923+0000] {dag.py:3239} INFO - Sync 1 DAGs
[2025-11-07T14:33:45.944+0000] {logging_mixin.py:190} INFO - [2025-11-07T14:33:45.944+0000] {dag.py:4180} INFO - Setting next_dagrun for example_task_group_decorator to None, run_after=None
[2025-11-07T14:33:45.968+0000] {processor.py:208} INFO - Processing /home/airflow/.local/lib/python3.12/site-packages/airflow/example_dags/example_task_group_decorator.py took 0.114 seconds
[2025-11-07T14:34:16.913+0000] {processor.py:186} INFO - Started process (PID=1301) to work on /home/airflow/.local/lib/python3.12/site-packages/airflow/example_dags/example_task_group_decorator.py
[2025-11-07T14:34:16.913+0000] {processor.py:914} INFO - Processing file /home/airflow/.local/lib/python3.12/site-packages/airflow/example_dags/example_task_group_decorator.py for tasks to queue
[2025-11-07T14:34:16.914+0000] {logging_mixin.py:190} INFO - [2025-11-07T14:34:16.914+0000] {dagbag.py:588} INFO - Filling up the DagBag from /home/airflow/.local/lib/python3.12/site-packages/airflow/example_dags/example_task_group_decorator.py
[2025-11-07T14:34:16.923+0000] {processor.py:925} INFO - DAG(s) 'example_task_group_decorator' retrieved from /home/airflow/.local/lib/python3.12/site-packages/airflow/example_dags/example_task_group_decorator.py
[2025-11-07T14:34:16.940+0000] {logging_mixin.py:190} INFO - [2025-11-07T14:34:16.940+0000] {dag.py:3239} INFO - Sync 1 DAGs
[2025-11-07T14:34:16.950+0000] {logging_mixin.py:190} INFO - [2025-11-07T14:34:16.949+0000] {dag.py:4180} INFO - Setting next_dagrun for example_task_group_decorator to None, run_after=None
[2025-11-07T14:34:16.965+0000] {processor.py:208} INFO - Processing /home/airflow/.local/lib/python3.12/site-packages/airflow/example_dags/example_task_group_decorator.py took 0.055 seconds
[2025-11-07T14:34:47.428+0000] {processor.py:186} INFO - Started process (PID=1365) to work on /home/airflow/.local/lib/python3.12/site-packages/airflow/example_dags/example_task_group_decorator.py
[2025-11-07T14:34:47.429+0000] {processor.py:914} INFO - Processing file /home/airflow/.local/lib/python3.12/site-packages/airflow/example_dags/example_task_group_decorator.py for tasks to queue
[2025-11-07T14:34:47.432+0000] {logging_mixin.py:190} INFO - [2025-11-07T14:34:47.432+0000] {dagbag.py:588} INFO - Filling up the DagBag from /home/airflow/.local/lib/python3.12/site-packages/airflow/example_dags/example_task_group_decorator.py
[2025-11-07T14:34:47.448+0000] {processor.py:925} INFO - DAG(s) 'example_task_group_decorator' retrieved from /home/airflow/.local/lib/python3.12/site-packages/airflow/example_dags/example_task_group_decorator.py
[2025-11-07T14:34:47.468+0000] {logging_mixin.py:190} INFO - [2025-11-07T14:34:47.468+0000] {dag.py:3239} INFO - Sync 1 DAGs
[2025-11-07T14:34:47.477+0000] {logging_mixin.py:190} INFO - [2025-11-07T14:34:47.477+0000] {dag.py:4180} INFO - Setting next_dagrun for example_task_group_decorator to None, run_after=None
[2025-11-07T14:34:47.487+0000] {processor.py:208} INFO - Processing /home/airflow/.local/lib/python3.12/site-packages/airflow/example_dags/example_task_group_decorator.py took 0.067 seconds
[2025-11-07T14:35:18.068+0000] {processor.py:186} INFO - Started process (PID=1429) to work on /home/airflow/.local/lib/python3.12/site-packages/airflow/example_dags/example_task_group_decorator.py
[2025-11-07T14:35:18.069+0000] {processor.py:914} INFO - Processing file /home/airflow/.local/lib/python3.12/site-packages/airflow/example_dags/example_task_group_decorator.py for tasks to queue
[2025-11-07T14:35:18.072+0000] {logging_mixin.py:190} INFO - [2025-11-07T14:35:18.071+0000] {dagbag.py:588} INFO - Filling up the DagBag from /home/airflow/.local/lib/python3.12/site-packages/airflow/example_dags/example_task_group_decorator.py
[2025-11-07T14:35:18.092+0000] {processor.py:925} INFO - DAG(s) 'example_task_group_decorator' retrieved from /home/airflow/.local/lib/python3.12/site-packages/airflow/example_dags/example_task_group_decorator.py
[2025-11-07T14:35:18.118+0000] {logging_mixin.py:190} INFO - [2025-11-07T14:35:18.117+0000] {dag.py:3239} INFO - Sync 1 DAGs
[2025-11-07T14:35:18.130+0000] {logging_mixin.py:190} INFO - [2025-11-07T14:35:18.130+0000] {dag.py:4180} INFO - Setting next_dagrun for example_task_group_decorator to None, run_after=None
[2025-11-07T14:35:18.145+0000] {processor.py:208} INFO - Processing /home/airflow/.local/lib/python3.12/site-packages/airflow/example_dags/example_task_group_decorator.py took 0.085 seconds
[2025-11-07T14:35:49.632+0000] {processor.py:186} INFO - Started process (PID=1493) to work on /home/airflow/.local/lib/python3.12/site-packages/airflow/example_dags/example_task_group_decorator.py
[2025-11-07T14:35:49.633+0000] {processor.py:914} INFO - Processing file /home/airflow/.local/lib/python3.12/site-packages/airflow/example_dags/example_task_group_decorator.py for tasks to queue
[2025-11-07T14:35:49.636+0000] {logging_mixin.py:190} INFO - [2025-11-07T14:35:49.636+0000] {dagbag.py:588} INFO - Filling up the DagBag from /home/airflow/.local/lib/python3.12/site-packages/airflow/example_dags/example_task_group_decorator.py
[2025-11-07T14:35:49.654+0000] {processor.py:925} INFO - DAG(s) 'example_task_group_decorator' retrieved from /home/airflow/.local/lib/python3.12/site-packages/airflow/example_dags/example_task_group_decorator.py
[2025-11-07T14:35:49.678+0000] {logging_mixin.py:190} INFO - [2025-11-07T14:35:49.678+0000] {dag.py:3239} INFO - Sync 1 DAGs
[2025-11-07T14:35:49.694+0000] {logging_mixin.py:190} INFO - [2025-11-07T14:35:49.694+0000] {dag.py:4180} INFO - Setting next_dagrun for example_task_group_decorator to None, run_after=None
[2025-11-07T14:35:49.722+0000] {processor.py:208} INFO - Processing /home/airflow/.local/lib/python3.12/site-packages/airflow/example_dags/example_task_group_decorator.py took 0.098 seconds
[2025-11-07T14:36:21.012+0000] {processor.py:186} INFO - Started process (PID=1557) to work on /home/airflow/.local/lib/python3.12/site-packages/airflow/example_dags/example_task_group_decorator.py
[2025-11-07T14:36:21.012+0000] {processor.py:914} INFO - Processing file /home/airflow/.local/lib/python3.12/site-packages/airflow/example_dags/example_task_group_decorator.py for tasks to queue
[2025-11-07T14:36:21.015+0000] {logging_mixin.py:190} INFO - [2025-11-07T14:36:21.014+0000] {dagbag.py:588} INFO - Filling up the DagBag from /home/airflow/.local/lib/python3.12/site-packages/airflow/example_dags/example_task_group_decorator.py
[2025-11-07T14:36:21.030+0000] {processor.py:925} INFO - DAG(s) 'example_task_group_decorator' retrieved from /home/airflow/.local/lib/python3.12/site-packages/airflow/example_dags/example_task_group_decorator.py
[2025-11-07T14:36:21.051+0000] {logging_mixin.py:190} INFO - [2025-11-07T14:36:21.050+0000] {dag.py:3239} INFO - Sync 1 DAGs
[2025-11-07T14:36:21.062+0000] {logging_mixin.py:190} INFO - [2025-11-07T14:36:21.061+0000] {dag.py:4180} INFO - Setting next_dagrun for example_task_group_decorator to None, run_after=None
[2025-11-07T14:36:21.080+0000] {processor.py:208} INFO - Processing /home/airflow/.local/lib/python3.12/site-packages/airflow/example_dags/example_task_group_decorator.py took 0.075 seconds
[2025-11-07T14:36:51.840+0000] {processor.py:186} INFO - Started process (PID=1621) to work on /home/airflow/.local/lib/python3.12/site-packages/airflow/example_dags/example_task_group_decorator.py
[2025-11-07T14:36:51.840+0000] {processor.py:914} INFO - Processing file /home/airflow/.local/lib/python3.12/site-packages/airflow/example_dags/example_task_group_decorator.py for tasks to queue
[2025-11-07T14:36:51.842+0000] {logging_mixin.py:190} INFO - [2025-11-07T14:36:51.841+0000] {dagbag.py:588} INFO - Filling up the DagBag from /home/airflow/.local/lib/python3.12/site-packages/airflow/example_dags/example_task_group_decorator.py
[2025-11-07T14:36:51.850+0000] {processor.py:925} INFO - DAG(s) 'example_task_group_decorator' retrieved from /home/airflow/.local/lib/python3.12/site-packages/airflow/example_dags/example_task_group_decorator.py
[2025-11-07T14:36:51.865+0000] {logging_mixin.py:190} INFO - [2025-11-07T14:36:51.865+0000] {dag.py:3239} INFO - Sync 1 DAGs
[2025-11-07T14:36:51.874+0000] {logging_mixin.py:190} INFO - [2025-11-07T14:36:51.874+0000] {dag.py:4180} INFO - Setting next_dagrun for example_task_group_decorator to None, run_after=None
[2025-11-07T14:36:51.884+0000] {processor.py:208} INFO - Processing /home/airflow/.local/lib/python3.12/site-packages/airflow/example_dags/example_task_group_decorator.py took 0.047 seconds
[2025-11-07T14:37:23.132+0000] {processor.py:186} INFO - Started process (PID=1685) to work on /home/airflow/.local/lib/python3.12/site-packages/airflow/example_dags/example_task_group_decorator.py
[2025-11-07T14:37:23.133+0000] {processor.py:914} INFO - Processing file /home/airflow/.local/lib/python3.12/site-packages/airflow/example_dags/example_task_group_decorator.py for tasks to queue
[2025-11-07T14:37:23.136+0000] {logging_mixin.py:190} INFO - [2025-11-07T14:37:23.136+0000] {dagbag.py:588} INFO - Filling up the DagBag from /home/airflow/.local/lib/python3.12/site-packages/airflow/example_dags/example_task_group_decorator.py
[2025-11-07T14:37:23.156+0000] {processor.py:925} INFO - DAG(s) 'example_task_group_decorator' retrieved from /home/airflow/.local/lib/python3.12/site-packages/airflow/example_dags/example_task_group_decorator.py
[2025-11-07T14:37:23.186+0000] {logging_mixin.py:190} INFO - [2025-11-07T14:37:23.185+0000] {dag.py:3239} INFO - Sync 1 DAGs
[2025-11-07T14:37:23.210+0000] {logging_mixin.py:190} INFO - [2025-11-07T14:37:23.209+0000] {dag.py:4180} INFO - Setting next_dagrun for example_task_group_decorator to None, run_after=None
[2025-11-07T14:37:23.237+0000] {processor.py:208} INFO - Processing /home/airflow/.local/lib/python3.12/site-packages/airflow/example_dags/example_task_group_decorator.py took 0.113 seconds
[2025-11-07T14:37:53.600+0000] {processor.py:186} INFO - Started process (PID=1749) to work on /home/airflow/.local/lib/python3.12/site-packages/airflow/example_dags/example_task_group_decorator.py
[2025-11-07T14:37:53.601+0000] {processor.py:914} INFO - Processing file /home/airflow/.local/lib/python3.12/site-packages/airflow/example_dags/example_task_group_decorator.py for tasks to queue
[2025-11-07T14:37:53.604+0000] {logging_mixin.py:190} INFO - [2025-11-07T14:37:53.604+0000] {dagbag.py:588} INFO - Filling up the DagBag from /home/airflow/.local/lib/python3.12/site-packages/airflow/example_dags/example_task_group_decorator.py
[2025-11-07T14:37:53.626+0000] {processor.py:925} INFO - DAG(s) 'example_task_group_decorator' retrieved from /home/airflow/.local/lib/python3.12/site-packages/airflow/example_dags/example_task_group_decorator.py
[2025-11-07T14:37:53.663+0000] {logging_mixin.py:190} INFO - [2025-11-07T14:37:53.663+0000] {dag.py:3239} INFO - Sync 1 DAGs
[2025-11-07T14:37:53.682+0000] {logging_mixin.py:190} INFO - [2025-11-07T14:37:53.682+0000] {dag.py:4180} INFO - Setting next_dagrun for example_task_group_decorator to None, run_after=None
[2025-11-07T14:37:53.768+0000] {processor.py:208} INFO - Processing /home/airflow/.local/lib/python3.12/site-packages/airflow/example_dags/example_task_group_decorator.py took 0.176 seconds
[2025-11-07T14:38:24.901+0000] {processor.py:186} INFO - Started process (PID=1813) to work on /home/airflow/.local/lib/python3.12/site-packages/airflow/example_dags/example_task_group_decorator.py
[2025-11-07T14:38:24.902+0000] {processor.py:914} INFO - Processing file /home/airflow/.local/lib/python3.12/site-packages/airflow/example_dags/example_task_group_decorator.py for tasks to queue
[2025-11-07T14:38:24.904+0000] {logging_mixin.py:190} INFO - [2025-11-07T14:38:24.904+0000] {dagbag.py:588} INFO - Filling up the DagBag from /home/airflow/.local/lib/python3.12/site-packages/airflow/example_dags/example_task_group_decorator.py
[2025-11-07T14:38:24.923+0000] {processor.py:925} INFO - DAG(s) 'example_task_group_decorator' retrieved from /home/airflow/.local/lib/python3.12/site-packages/airflow/example_dags/example_task_group_decorator.py
[2025-11-07T14:38:24.961+0000] {logging_mixin.py:190} INFO - [2025-11-07T14:38:24.960+0000] {dag.py:3239} INFO - Sync 1 DAGs
[2025-11-07T14:38:24.982+0000] {logging_mixin.py:190} INFO - [2025-11-07T14:38:24.981+0000] {dag.py:4180} INFO - Setting next_dagrun for example_task_group_decorator to None, run_after=None
[2025-11-07T14:38:25.009+0000] {processor.py:208} INFO - Processing /home/airflow/.local/lib/python3.12/site-packages/airflow/example_dags/example_task_group_decorator.py took 0.115 seconds
[2025-11-07T14:38:55.995+0000] {processor.py:186} INFO - Started process (PID=1877) to work on /home/airflow/.local/lib/python3.12/site-packages/airflow/example_dags/example_task_group_decorator.py
[2025-11-07T14:38:55.995+0000] {processor.py:914} INFO - Processing file /home/airflow/.local/lib/python3.12/site-packages/airflow/example_dags/example_task_group_decorator.py for tasks to queue
[2025-11-07T14:38:55.996+0000] {logging_mixin.py:190} INFO - [2025-11-07T14:38:55.996+0000] {dagbag.py:588} INFO - Filling up the DagBag from /home/airflow/.local/lib/python3.12/site-packages/airflow/example_dags/example_task_group_decorator.py
[2025-11-07T14:38:56.005+0000] {processor.py:925} INFO - DAG(s) 'example_task_group_decorator' retrieved from /home/airflow/.local/lib/python3.12/site-packages/airflow/example_dags/example_task_group_decorator.py
[2025-11-07T14:38:56.023+0000] {logging_mixin.py:190} INFO - [2025-11-07T14:38:56.022+0000] {dag.py:3239} INFO - Sync 1 DAGs
[2025-11-07T14:38:56.040+0000] {logging_mixin.py:190} INFO - [2025-11-07T14:38:56.040+0000] {dag.py:4180} INFO - Setting next_dagrun for example_task_group_decorator to None, run_after=None
[2025-11-07T14:38:56.070+0000] {processor.py:208} INFO - Processing /home/airflow/.local/lib/python3.12/site-packages/airflow/example_dags/example_task_group_decorator.py took 0.078 seconds
[2025-11-07T14:39:27.607+0000] {processor.py:186} INFO - Started process (PID=1941) to work on /home/airflow/.local/lib/python3.12/site-packages/airflow/example_dags/example_task_group_decorator.py
[2025-11-07T14:39:27.610+0000] {processor.py:914} INFO - Processing file /home/airflow/.local/lib/python3.12/site-packages/airflow/example_dags/example_task_group_decorator.py for tasks to queue
[2025-11-07T14:39:27.612+0000] {logging_mixin.py:190} INFO - [2025-11-07T14:39:27.612+0000] {dagbag.py:588} INFO - Filling up the DagBag from /home/airflow/.local/lib/python3.12/site-packages/airflow/example_dags/example_task_group_decorator.py
[2025-11-07T14:39:27.631+0000] {processor.py:925} INFO - DAG(s) 'example_task_group_decorator' retrieved from /home/airflow/.local/lib/python3.12/site-packages/airflow/example_dags/example_task_group_decorator.py
[2025-11-07T14:39:27.662+0000] {logging_mixin.py:190} INFO - [2025-11-07T14:39:27.662+0000] {dag.py:3239} INFO - Sync 1 DAGs
[2025-11-07T14:39:27.679+0000] {logging_mixin.py:190} INFO - [2025-11-07T14:39:27.679+0000] {dag.py:4180} INFO - Setting next_dagrun for example_task_group_decorator to None, run_after=None
[2025-11-07T14:39:27.700+0000] {processor.py:208} INFO - Processing /home/airflow/.local/lib/python3.12/site-packages/airflow/example_dags/example_task_group_decorator.py took 0.101 seconds
