[2025-11-07T14:24:26.160+0000] {processor.py:186} INFO - Started process (PID=73) to work on /home/airflow/.local/lib/python3.12/site-packages/airflow/example_dags/tutorial.py
[2025-11-07T14:24:26.161+0000] {processor.py:914} INFO - Processing file /home/airflow/.local/lib/python3.12/site-packages/airflow/example_dags/tutorial.py for tasks to queue
[2025-11-07T14:24:26.162+0000] {logging_mixin.py:190} INFO - [2025-11-07T14:24:26.162+0000] {dagbag.py:588} INFO - Filling up the DagBag from /home/airflow/.local/lib/python3.12/site-packages/airflow/example_dags/tutorial.py
[2025-11-07T14:24:26.168+0000] {processor.py:925} INFO - DAG(s) 'tutorial' retrieved from /home/airflow/.local/lib/python3.12/site-packages/airflow/example_dags/tutorial.py
[2025-11-07T14:24:26.195+0000] {logging_mixin.py:190} INFO - [2025-11-07T14:24:26.195+0000] {dag.py:3239} INFO - Sync 1 DAGs
[2025-11-07T14:24:26.215+0000] {logging_mixin.py:190} INFO - [2025-11-07T14:24:26.215+0000] {dag.py:4180} INFO - Setting next_dagrun for tutorial to 2025-11-06 00:00:00+00:00, run_after=2025-11-07 00:00:00+00:00
[2025-11-07T14:24:26.229+0000] {processor.py:208} INFO - Processing /home/airflow/.local/lib/python3.12/site-packages/airflow/example_dags/tutorial.py took 0.072 seconds
[2025-11-07T14:24:56.522+0000] {processor.py:186} INFO - Started process (PID=137) to work on /home/airflow/.local/lib/python3.12/site-packages/airflow/example_dags/tutorial.py
[2025-11-07T14:24:56.522+0000] {processor.py:914} INFO - Processing file /home/airflow/.local/lib/python3.12/site-packages/airflow/example_dags/tutorial.py for tasks to queue
[2025-11-07T14:24:56.523+0000] {logging_mixin.py:190} INFO - [2025-11-07T14:24:56.523+0000] {dagbag.py:588} INFO - Filling up the DagBag from /home/airflow/.local/lib/python3.12/site-packages/airflow/example_dags/tutorial.py
[2025-11-07T14:24:56.528+0000] {processor.py:925} INFO - DAG(s) 'tutorial' retrieved from /home/airflow/.local/lib/python3.12/site-packages/airflow/example_dags/tutorial.py
[2025-11-07T14:24:56.545+0000] {logging_mixin.py:190} INFO - [2025-11-07T14:24:56.545+0000] {dag.py:3239} INFO - Sync 1 DAGs
[2025-11-07T14:24:56.564+0000] {logging_mixin.py:190} INFO - [2025-11-07T14:24:56.564+0000] {dag.py:4180} INFO - Setting next_dagrun for tutorial to 2025-11-06 00:00:00+00:00, run_after=2025-11-07 00:00:00+00:00
[2025-11-07T14:24:56.578+0000] {processor.py:208} INFO - Processing /home/airflow/.local/lib/python3.12/site-packages/airflow/example_dags/tutorial.py took 0.060 seconds
[2025-11-07T14:25:27.763+0000] {processor.py:186} INFO - Started process (PID=201) to work on /home/airflow/.local/lib/python3.12/site-packages/airflow/example_dags/tutorial.py
[2025-11-07T14:25:27.765+0000] {processor.py:914} INFO - Processing file /home/airflow/.local/lib/python3.12/site-packages/airflow/example_dags/tutorial.py for tasks to queue
[2025-11-07T14:25:27.768+0000] {logging_mixin.py:190} INFO - [2025-11-07T14:25:27.768+0000] {dagbag.py:588} INFO - Filling up the DagBag from /home/airflow/.local/lib/python3.12/site-packages/airflow/example_dags/tutorial.py
[2025-11-07T14:25:27.779+0000] {processor.py:925} INFO - DAG(s) 'tutorial' retrieved from /home/airflow/.local/lib/python3.12/site-packages/airflow/example_dags/tutorial.py
[2025-11-07T14:25:27.806+0000] {logging_mixin.py:190} INFO - [2025-11-07T14:25:27.806+0000] {dag.py:3239} INFO - Sync 1 DAGs
[2025-11-07T14:25:27.834+0000] {logging_mixin.py:190} INFO - [2025-11-07T14:25:27.833+0000] {dag.py:4180} INFO - Setting next_dagrun for tutorial to 2025-11-06 00:00:00+00:00, run_after=2025-11-07 00:00:00+00:00
[2025-11-07T14:25:27.859+0000] {processor.py:208} INFO - Processing /home/airflow/.local/lib/python3.12/site-packages/airflow/example_dags/tutorial.py took 0.105 seconds
[2025-11-07T14:25:58.632+0000] {processor.py:186} INFO - Started process (PID=265) to work on /home/airflow/.local/lib/python3.12/site-packages/airflow/example_dags/tutorial.py
[2025-11-07T14:25:58.634+0000] {processor.py:914} INFO - Processing file /home/airflow/.local/lib/python3.12/site-packages/airflow/example_dags/tutorial.py for tasks to queue
[2025-11-07T14:25:58.636+0000] {logging_mixin.py:190} INFO - [2025-11-07T14:25:58.636+0000] {dagbag.py:588} INFO - Filling up the DagBag from /home/airflow/.local/lib/python3.12/site-packages/airflow/example_dags/tutorial.py
[2025-11-07T14:25:58.646+0000] {processor.py:925} INFO - DAG(s) 'tutorial' retrieved from /home/airflow/.local/lib/python3.12/site-packages/airflow/example_dags/tutorial.py
[2025-11-07T14:25:58.676+0000] {logging_mixin.py:190} INFO - [2025-11-07T14:25:58.675+0000] {dag.py:3239} INFO - Sync 1 DAGs
[2025-11-07T14:25:58.710+0000] {logging_mixin.py:190} INFO - [2025-11-07T14:25:58.710+0000] {dag.py:4180} INFO - Setting next_dagrun for tutorial to 2025-11-06 00:00:00+00:00, run_after=2025-11-07 00:00:00+00:00
[2025-11-07T14:25:58.737+0000] {processor.py:208} INFO - Processing /home/airflow/.local/lib/python3.12/site-packages/airflow/example_dags/tutorial.py took 0.110 seconds
[2025-11-07T14:26:30.104+0000] {processor.py:186} INFO - Started process (PID=329) to work on /home/airflow/.local/lib/python3.12/site-packages/airflow/example_dags/tutorial.py
[2025-11-07T14:26:30.104+0000] {processor.py:914} INFO - Processing file /home/airflow/.local/lib/python3.12/site-packages/airflow/example_dags/tutorial.py for tasks to queue
[2025-11-07T14:26:30.106+0000] {logging_mixin.py:190} INFO - [2025-11-07T14:26:30.105+0000] {dagbag.py:588} INFO - Filling up the DagBag from /home/airflow/.local/lib/python3.12/site-packages/airflow/example_dags/tutorial.py
[2025-11-07T14:26:30.111+0000] {processor.py:925} INFO - DAG(s) 'tutorial' retrieved from /home/airflow/.local/lib/python3.12/site-packages/airflow/example_dags/tutorial.py
[2025-11-07T14:26:30.126+0000] {logging_mixin.py:190} INFO - [2025-11-07T14:26:30.126+0000] {dag.py:3239} INFO - Sync 1 DAGs
[2025-11-07T14:26:30.148+0000] {logging_mixin.py:190} INFO - [2025-11-07T14:26:30.147+0000] {dag.py:4180} INFO - Setting next_dagrun for tutorial to 2025-11-06 00:00:00+00:00, run_after=2025-11-07 00:00:00+00:00
[2025-11-07T14:26:30.169+0000] {processor.py:208} INFO - Processing /home/airflow/.local/lib/python3.12/site-packages/airflow/example_dags/tutorial.py took 0.068 seconds
[2025-11-07T14:27:01.033+0000] {processor.py:186} INFO - Started process (PID=393) to work on /home/airflow/.local/lib/python3.12/site-packages/airflow/example_dags/tutorial.py
[2025-11-07T14:27:01.034+0000] {processor.py:914} INFO - Processing file /home/airflow/.local/lib/python3.12/site-packages/airflow/example_dags/tutorial.py for tasks to queue
[2025-11-07T14:27:01.035+0000] {logging_mixin.py:190} INFO - [2025-11-07T14:27:01.035+0000] {dagbag.py:588} INFO - Filling up the DagBag from /home/airflow/.local/lib/python3.12/site-packages/airflow/example_dags/tutorial.py
[2025-11-07T14:27:01.040+0000] {processor.py:925} INFO - DAG(s) 'tutorial' retrieved from /home/airflow/.local/lib/python3.12/site-packages/airflow/example_dags/tutorial.py
[2025-11-07T14:27:01.051+0000] {logging_mixin.py:190} INFO - [2025-11-07T14:27:01.051+0000] {dag.py:3239} INFO - Sync 1 DAGs
[2025-11-07T14:27:01.066+0000] {logging_mixin.py:190} INFO - [2025-11-07T14:27:01.066+0000] {dag.py:4180} INFO - Setting next_dagrun for tutorial to 2025-11-06 00:00:00+00:00, run_after=2025-11-07 00:00:00+00:00
[2025-11-07T14:27:01.077+0000] {processor.py:208} INFO - Processing /home/airflow/.local/lib/python3.12/site-packages/airflow/example_dags/tutorial.py took 0.049 seconds
[2025-11-07T14:27:32.230+0000] {processor.py:186} INFO - Started process (PID=457) to work on /home/airflow/.local/lib/python3.12/site-packages/airflow/example_dags/tutorial.py
[2025-11-07T14:27:32.233+0000] {processor.py:914} INFO - Processing file /home/airflow/.local/lib/python3.12/site-packages/airflow/example_dags/tutorial.py for tasks to queue
[2025-11-07T14:27:32.236+0000] {logging_mixin.py:190} INFO - [2025-11-07T14:27:32.235+0000] {dagbag.py:588} INFO - Filling up the DagBag from /home/airflow/.local/lib/python3.12/site-packages/airflow/example_dags/tutorial.py
[2025-11-07T14:27:32.248+0000] {processor.py:925} INFO - DAG(s) 'tutorial' retrieved from /home/airflow/.local/lib/python3.12/site-packages/airflow/example_dags/tutorial.py
[2025-11-07T14:27:32.281+0000] {logging_mixin.py:190} INFO - [2025-11-07T14:27:32.280+0000] {dag.py:3239} INFO - Sync 1 DAGs
[2025-11-07T14:27:32.315+0000] {logging_mixin.py:190} INFO - [2025-11-07T14:27:32.315+0000] {dag.py:4180} INFO - Setting next_dagrun for tutorial to 2025-11-06 00:00:00+00:00, run_after=2025-11-07 00:00:00+00:00
[2025-11-07T14:27:32.344+0000] {processor.py:208} INFO - Processing /home/airflow/.local/lib/python3.12/site-packages/airflow/example_dags/tutorial.py took 0.122 seconds
[2025-11-07T14:28:03.785+0000] {processor.py:186} INFO - Started process (PID=521) to work on /home/airflow/.local/lib/python3.12/site-packages/airflow/example_dags/tutorial.py
[2025-11-07T14:28:03.786+0000] {processor.py:914} INFO - Processing file /home/airflow/.local/lib/python3.12/site-packages/airflow/example_dags/tutorial.py for tasks to queue
[2025-11-07T14:28:03.789+0000] {logging_mixin.py:190} INFO - [2025-11-07T14:28:03.789+0000] {dagbag.py:588} INFO - Filling up the DagBag from /home/airflow/.local/lib/python3.12/site-packages/airflow/example_dags/tutorial.py
[2025-11-07T14:28:03.800+0000] {processor.py:925} INFO - DAG(s) 'tutorial' retrieved from /home/airflow/.local/lib/python3.12/site-packages/airflow/example_dags/tutorial.py
[2025-11-07T14:28:03.827+0000] {logging_mixin.py:190} INFO - [2025-11-07T14:28:03.827+0000] {dag.py:3239} INFO - Sync 1 DAGs
[2025-11-07T14:28:03.855+0000] {logging_mixin.py:190} INFO - [2025-11-07T14:28:03.855+0000] {dag.py:4180} INFO - Setting next_dagrun for tutorial to 2025-11-06 00:00:00+00:00, run_after=2025-11-07 00:00:00+00:00
[2025-11-07T14:28:03.869+0000] {processor.py:208} INFO - Processing /home/airflow/.local/lib/python3.12/site-packages/airflow/example_dags/tutorial.py took 0.092 seconds
[2025-11-07T14:28:34.403+0000] {processor.py:186} INFO - Started process (PID=585) to work on /home/airflow/.local/lib/python3.12/site-packages/airflow/example_dags/tutorial.py
[2025-11-07T14:28:34.404+0000] {processor.py:914} INFO - Processing file /home/airflow/.local/lib/python3.12/site-packages/airflow/example_dags/tutorial.py for tasks to queue
[2025-11-07T14:28:34.407+0000] {logging_mixin.py:190} INFO - [2025-11-07T14:28:34.406+0000] {dagbag.py:588} INFO - Filling up the DagBag from /home/airflow/.local/lib/python3.12/site-packages/airflow/example_dags/tutorial.py
[2025-11-07T14:28:34.416+0000] {processor.py:925} INFO - DAG(s) 'tutorial' retrieved from /home/airflow/.local/lib/python3.12/site-packages/airflow/example_dags/tutorial.py
[2025-11-07T14:28:34.449+0000] {logging_mixin.py:190} INFO - [2025-11-07T14:28:34.448+0000] {dag.py:3239} INFO - Sync 1 DAGs
[2025-11-07T14:28:34.482+0000] {logging_mixin.py:190} INFO - [2025-11-07T14:28:34.482+0000] {dag.py:4180} INFO - Setting next_dagrun for tutorial to 2025-11-06 00:00:00+00:00, run_after=2025-11-07 00:00:00+00:00
[2025-11-07T14:28:34.506+0000] {processor.py:208} INFO - Processing /home/airflow/.local/lib/python3.12/site-packages/airflow/example_dags/tutorial.py took 0.109 seconds
[2025-11-07T14:29:05.129+0000] {processor.py:186} INFO - Started process (PID=649) to work on /home/airflow/.local/lib/python3.12/site-packages/airflow/example_dags/tutorial.py
[2025-11-07T14:29:05.130+0000] {processor.py:914} INFO - Processing file /home/airflow/.local/lib/python3.12/site-packages/airflow/example_dags/tutorial.py for tasks to queue
[2025-11-07T14:29:05.133+0000] {logging_mixin.py:190} INFO - [2025-11-07T14:29:05.132+0000] {dagbag.py:588} INFO - Filling up the DagBag from /home/airflow/.local/lib/python3.12/site-packages/airflow/example_dags/tutorial.py
[2025-11-07T14:29:05.147+0000] {processor.py:925} INFO - DAG(s) 'tutorial' retrieved from /home/airflow/.local/lib/python3.12/site-packages/airflow/example_dags/tutorial.py
[2025-11-07T14:29:05.178+0000] {logging_mixin.py:190} INFO - [2025-11-07T14:29:05.178+0000] {dag.py:3239} INFO - Sync 1 DAGs
[2025-11-07T14:29:05.217+0000] {logging_mixin.py:190} INFO - [2025-11-07T14:29:05.217+0000] {dag.py:4180} INFO - Setting next_dagrun for tutorial to 2025-11-06 00:00:00+00:00, run_after=2025-11-07 00:00:00+00:00
[2025-11-07T14:29:05.252+0000] {processor.py:208} INFO - Processing /home/airflow/.local/lib/python3.12/site-packages/airflow/example_dags/tutorial.py took 0.134 seconds
[2025-11-07T14:29:36.333+0000] {processor.py:186} INFO - Started process (PID=713) to work on /home/airflow/.local/lib/python3.12/site-packages/airflow/example_dags/tutorial.py
[2025-11-07T14:29:36.333+0000] {processor.py:914} INFO - Processing file /home/airflow/.local/lib/python3.12/site-packages/airflow/example_dags/tutorial.py for tasks to queue
[2025-11-07T14:29:36.334+0000] {logging_mixin.py:190} INFO - [2025-11-07T14:29:36.334+0000] {dagbag.py:588} INFO - Filling up the DagBag from /home/airflow/.local/lib/python3.12/site-packages/airflow/example_dags/tutorial.py
[2025-11-07T14:29:36.338+0000] {processor.py:925} INFO - DAG(s) 'tutorial' retrieved from /home/airflow/.local/lib/python3.12/site-packages/airflow/example_dags/tutorial.py
[2025-11-07T14:29:36.356+0000] {logging_mixin.py:190} INFO - [2025-11-07T14:29:36.356+0000] {dag.py:3239} INFO - Sync 1 DAGs
[2025-11-07T14:29:36.381+0000] {logging_mixin.py:190} INFO - [2025-11-07T14:29:36.381+0000] {dag.py:4180} INFO - Setting next_dagrun for tutorial to 2025-11-06 00:00:00+00:00, run_after=2025-11-07 00:00:00+00:00
[2025-11-07T14:29:36.401+0000] {processor.py:208} INFO - Processing /home/airflow/.local/lib/python3.12/site-packages/airflow/example_dags/tutorial.py took 0.072 seconds
[2025-11-07T14:30:06.753+0000] {processor.py:186} INFO - Started process (PID=777) to work on /home/airflow/.local/lib/python3.12/site-packages/airflow/example_dags/tutorial.py
[2025-11-07T14:30:06.754+0000] {processor.py:914} INFO - Processing file /home/airflow/.local/lib/python3.12/site-packages/airflow/example_dags/tutorial.py for tasks to queue
[2025-11-07T14:30:06.757+0000] {logging_mixin.py:190} INFO - [2025-11-07T14:30:06.757+0000] {dagbag.py:588} INFO - Filling up the DagBag from /home/airflow/.local/lib/python3.12/site-packages/airflow/example_dags/tutorial.py
[2025-11-07T14:30:06.769+0000] {processor.py:925} INFO - DAG(s) 'tutorial' retrieved from /home/airflow/.local/lib/python3.12/site-packages/airflow/example_dags/tutorial.py
[2025-11-07T14:30:06.799+0000] {logging_mixin.py:190} INFO - [2025-11-07T14:30:06.799+0000] {dag.py:3239} INFO - Sync 1 DAGs
[2025-11-07T14:30:06.834+0000] {logging_mixin.py:190} INFO - [2025-11-07T14:30:06.834+0000] {dag.py:4180} INFO - Setting next_dagrun for tutorial to 2025-11-06 00:00:00+00:00, run_after=2025-11-07 00:00:00+00:00
[2025-11-07T14:30:06.861+0000] {processor.py:208} INFO - Processing /home/airflow/.local/lib/python3.12/site-packages/airflow/example_dags/tutorial.py took 0.116 seconds
[2025-11-07T14:30:37.220+0000] {processor.py:186} INFO - Started process (PID=841) to work on /home/airflow/.local/lib/python3.12/site-packages/airflow/example_dags/tutorial.py
[2025-11-07T14:30:37.221+0000] {processor.py:914} INFO - Processing file /home/airflow/.local/lib/python3.12/site-packages/airflow/example_dags/tutorial.py for tasks to queue
[2025-11-07T14:30:37.225+0000] {logging_mixin.py:190} INFO - [2025-11-07T14:30:37.225+0000] {dagbag.py:588} INFO - Filling up the DagBag from /home/airflow/.local/lib/python3.12/site-packages/airflow/example_dags/tutorial.py
[2025-11-07T14:30:37.238+0000] {processor.py:925} INFO - DAG(s) 'tutorial' retrieved from /home/airflow/.local/lib/python3.12/site-packages/airflow/example_dags/tutorial.py
[2025-11-07T14:30:37.265+0000] {logging_mixin.py:190} INFO - [2025-11-07T14:30:37.265+0000] {dag.py:3239} INFO - Sync 1 DAGs
[2025-11-07T14:30:37.301+0000] {logging_mixin.py:190} INFO - [2025-11-07T14:30:37.301+0000] {dag.py:4180} INFO - Setting next_dagrun for tutorial to 2025-11-06 00:00:00+00:00, run_after=2025-11-07 00:00:00+00:00
[2025-11-07T14:30:37.324+0000] {processor.py:208} INFO - Processing /home/airflow/.local/lib/python3.12/site-packages/airflow/example_dags/tutorial.py took 0.112 seconds
[2025-11-07T14:31:08.686+0000] {processor.py:186} INFO - Started process (PID=905) to work on /home/airflow/.local/lib/python3.12/site-packages/airflow/example_dags/tutorial.py
[2025-11-07T14:31:08.687+0000] {processor.py:914} INFO - Processing file /home/airflow/.local/lib/python3.12/site-packages/airflow/example_dags/tutorial.py for tasks to queue
[2025-11-07T14:31:08.690+0000] {logging_mixin.py:190} INFO - [2025-11-07T14:31:08.690+0000] {dagbag.py:588} INFO - Filling up the DagBag from /home/airflow/.local/lib/python3.12/site-packages/airflow/example_dags/tutorial.py
[2025-11-07T14:31:08.701+0000] {processor.py:925} INFO - DAG(s) 'tutorial' retrieved from /home/airflow/.local/lib/python3.12/site-packages/airflow/example_dags/tutorial.py
[2025-11-07T14:31:08.731+0000] {logging_mixin.py:190} INFO - [2025-11-07T14:31:08.731+0000] {dag.py:3239} INFO - Sync 1 DAGs
[2025-11-07T14:31:08.763+0000] {logging_mixin.py:190} INFO - [2025-11-07T14:31:08.762+0000] {dag.py:4180} INFO - Setting next_dagrun for tutorial to 2025-11-06 00:00:00+00:00, run_after=2025-11-07 00:00:00+00:00
[2025-11-07T14:31:08.790+0000] {processor.py:208} INFO - Processing /home/airflow/.local/lib/python3.12/site-packages/airflow/example_dags/tutorial.py took 0.113 seconds
[2025-11-07T14:31:39.913+0000] {processor.py:186} INFO - Started process (PID=969) to work on /home/airflow/.local/lib/python3.12/site-packages/airflow/example_dags/tutorial.py
[2025-11-07T14:31:39.916+0000] {processor.py:914} INFO - Processing file /home/airflow/.local/lib/python3.12/site-packages/airflow/example_dags/tutorial.py for tasks to queue
[2025-11-07T14:31:39.918+0000] {logging_mixin.py:190} INFO - [2025-11-07T14:31:39.918+0000] {dagbag.py:588} INFO - Filling up the DagBag from /home/airflow/.local/lib/python3.12/site-packages/airflow/example_dags/tutorial.py
[2025-11-07T14:31:39.929+0000] {processor.py:925} INFO - DAG(s) 'tutorial' retrieved from /home/airflow/.local/lib/python3.12/site-packages/airflow/example_dags/tutorial.py
[2025-11-07T14:31:39.957+0000] {logging_mixin.py:190} INFO - [2025-11-07T14:31:39.957+0000] {dag.py:3239} INFO - Sync 1 DAGs
[2025-11-07T14:31:39.985+0000] {logging_mixin.py:190} INFO - [2025-11-07T14:31:39.984+0000] {dag.py:4180} INFO - Setting next_dagrun for tutorial to 2025-11-06 00:00:00+00:00, run_after=2025-11-07 00:00:00+00:00
[2025-11-07T14:31:40.008+0000] {processor.py:208} INFO - Processing /home/airflow/.local/lib/python3.12/site-packages/airflow/example_dags/tutorial.py took 0.102 seconds
[2025-11-07T14:32:10.508+0000] {processor.py:186} INFO - Started process (PID=1033) to work on /home/airflow/.local/lib/python3.12/site-packages/airflow/example_dags/tutorial.py
[2025-11-07T14:32:10.509+0000] {processor.py:914} INFO - Processing file /home/airflow/.local/lib/python3.12/site-packages/airflow/example_dags/tutorial.py for tasks to queue
[2025-11-07T14:32:10.512+0000] {logging_mixin.py:190} INFO - [2025-11-07T14:32:10.512+0000] {dagbag.py:588} INFO - Filling up the DagBag from /home/airflow/.local/lib/python3.12/site-packages/airflow/example_dags/tutorial.py
[2025-11-07T14:32:10.523+0000] {processor.py:925} INFO - DAG(s) 'tutorial' retrieved from /home/airflow/.local/lib/python3.12/site-packages/airflow/example_dags/tutorial.py
[2025-11-07T14:32:10.548+0000] {logging_mixin.py:190} INFO - [2025-11-07T14:32:10.548+0000] {dag.py:3239} INFO - Sync 1 DAGs
[2025-11-07T14:32:10.580+0000] {logging_mixin.py:190} INFO - [2025-11-07T14:32:10.580+0000] {dag.py:4180} INFO - Setting next_dagrun for tutorial to 2025-11-06 00:00:00+00:00, run_after=2025-11-07 00:00:00+00:00
[2025-11-07T14:32:10.601+0000] {processor.py:208} INFO - Processing /home/airflow/.local/lib/python3.12/site-packages/airflow/example_dags/tutorial.py took 0.101 seconds
[2025-11-07T14:32:41.841+0000] {processor.py:186} INFO - Started process (PID=1097) to work on /home/airflow/.local/lib/python3.12/site-packages/airflow/example_dags/tutorial.py
[2025-11-07T14:32:41.843+0000] {processor.py:914} INFO - Processing file /home/airflow/.local/lib/python3.12/site-packages/airflow/example_dags/tutorial.py for tasks to queue
[2025-11-07T14:32:41.845+0000] {logging_mixin.py:190} INFO - [2025-11-07T14:32:41.845+0000] {dagbag.py:588} INFO - Filling up the DagBag from /home/airflow/.local/lib/python3.12/site-packages/airflow/example_dags/tutorial.py
[2025-11-07T14:32:41.852+0000] {processor.py:925} INFO - DAG(s) 'tutorial' retrieved from /home/airflow/.local/lib/python3.12/site-packages/airflow/example_dags/tutorial.py
[2025-11-07T14:32:41.868+0000] {logging_mixin.py:190} INFO - [2025-11-07T14:32:41.868+0000] {dag.py:3239} INFO - Sync 1 DAGs
[2025-11-07T14:32:41.901+0000] {logging_mixin.py:190} INFO - [2025-11-07T14:32:41.901+0000] {dag.py:4180} INFO - Setting next_dagrun for tutorial to 2025-11-06 00:00:00+00:00, run_after=2025-11-07 00:00:00+00:00
[2025-11-07T14:32:41.926+0000] {processor.py:208} INFO - Processing /home/airflow/.local/lib/python3.12/site-packages/airflow/example_dags/tutorial.py took 0.090 seconds
[2025-11-07T14:33:13.547+0000] {processor.py:186} INFO - Started process (PID=1161) to work on /home/airflow/.local/lib/python3.12/site-packages/airflow/example_dags/tutorial.py
[2025-11-07T14:33:13.548+0000] {processor.py:914} INFO - Processing file /home/airflow/.local/lib/python3.12/site-packages/airflow/example_dags/tutorial.py for tasks to queue
[2025-11-07T14:33:13.551+0000] {logging_mixin.py:190} INFO - [2025-11-07T14:33:13.550+0000] {dagbag.py:588} INFO - Filling up the DagBag from /home/airflow/.local/lib/python3.12/site-packages/airflow/example_dags/tutorial.py
[2025-11-07T14:33:13.562+0000] {processor.py:925} INFO - DAG(s) 'tutorial' retrieved from /home/airflow/.local/lib/python3.12/site-packages/airflow/example_dags/tutorial.py
[2025-11-07T14:33:13.594+0000] {logging_mixin.py:190} INFO - [2025-11-07T14:33:13.593+0000] {dag.py:3239} INFO - Sync 1 DAGs
[2025-11-07T14:33:13.627+0000] {logging_mixin.py:190} INFO - [2025-11-07T14:33:13.627+0000] {dag.py:4180} INFO - Setting next_dagrun for tutorial to 2025-11-06 00:00:00+00:00, run_after=2025-11-07 00:00:00+00:00
[2025-11-07T14:33:13.652+0000] {processor.py:208} INFO - Processing /home/airflow/.local/lib/python3.12/site-packages/airflow/example_dags/tutorial.py took 0.113 seconds
[2025-11-07T14:33:43.811+0000] {processor.py:186} INFO - Started process (PID=1225) to work on /home/airflow/.local/lib/python3.12/site-packages/airflow/example_dags/tutorial.py
[2025-11-07T14:33:43.811+0000] {processor.py:914} INFO - Processing file /home/airflow/.local/lib/python3.12/site-packages/airflow/example_dags/tutorial.py for tasks to queue
[2025-11-07T14:33:43.812+0000] {logging_mixin.py:190} INFO - [2025-11-07T14:33:43.812+0000] {dagbag.py:588} INFO - Filling up the DagBag from /home/airflow/.local/lib/python3.12/site-packages/airflow/example_dags/tutorial.py
[2025-11-07T14:33:43.817+0000] {processor.py:925} INFO - DAG(s) 'tutorial' retrieved from /home/airflow/.local/lib/python3.12/site-packages/airflow/example_dags/tutorial.py
[2025-11-07T14:33:43.829+0000] {logging_mixin.py:190} INFO - [2025-11-07T14:33:43.829+0000] {dag.py:3239} INFO - Sync 1 DAGs
[2025-11-07T14:33:43.842+0000] {logging_mixin.py:190} INFO - [2025-11-07T14:33:43.842+0000] {dag.py:4180} INFO - Setting next_dagrun for tutorial to 2025-11-06 00:00:00+00:00, run_after=2025-11-07 00:00:00+00:00
[2025-11-07T14:33:43.858+0000] {processor.py:208} INFO - Processing /home/airflow/.local/lib/python3.12/site-packages/airflow/example_dags/tutorial.py took 0.050 seconds
[2025-11-07T14:34:14.972+0000] {processor.py:186} INFO - Started process (PID=1289) to work on /home/airflow/.local/lib/python3.12/site-packages/airflow/example_dags/tutorial.py
[2025-11-07T14:34:14.973+0000] {processor.py:914} INFO - Processing file /home/airflow/.local/lib/python3.12/site-packages/airflow/example_dags/tutorial.py for tasks to queue
[2025-11-07T14:34:14.974+0000] {logging_mixin.py:190} INFO - [2025-11-07T14:34:14.974+0000] {dagbag.py:588} INFO - Filling up the DagBag from /home/airflow/.local/lib/python3.12/site-packages/airflow/example_dags/tutorial.py
[2025-11-07T14:34:14.978+0000] {processor.py:925} INFO - DAG(s) 'tutorial' retrieved from /home/airflow/.local/lib/python3.12/site-packages/airflow/example_dags/tutorial.py
[2025-11-07T14:34:14.990+0000] {logging_mixin.py:190} INFO - [2025-11-07T14:34:14.989+0000] {dag.py:3239} INFO - Sync 1 DAGs
[2025-11-07T14:34:15.004+0000] {logging_mixin.py:190} INFO - [2025-11-07T14:34:15.004+0000] {dag.py:4180} INFO - Setting next_dagrun for tutorial to 2025-11-06 00:00:00+00:00, run_after=2025-11-07 00:00:00+00:00
[2025-11-07T14:34:15.016+0000] {processor.py:208} INFO - Processing /home/airflow/.local/lib/python3.12/site-packages/airflow/example_dags/tutorial.py took 0.047 seconds
[2025-11-07T14:34:46.188+0000] {processor.py:186} INFO - Started process (PID=1353) to work on /home/airflow/.local/lib/python3.12/site-packages/airflow/example_dags/tutorial.py
[2025-11-07T14:34:46.191+0000] {processor.py:914} INFO - Processing file /home/airflow/.local/lib/python3.12/site-packages/airflow/example_dags/tutorial.py for tasks to queue
[2025-11-07T14:34:46.193+0000] {logging_mixin.py:190} INFO - [2025-11-07T14:34:46.192+0000] {dagbag.py:588} INFO - Filling up the DagBag from /home/airflow/.local/lib/python3.12/site-packages/airflow/example_dags/tutorial.py
[2025-11-07T14:34:46.201+0000] {processor.py:925} INFO - DAG(s) 'tutorial' retrieved from /home/airflow/.local/lib/python3.12/site-packages/airflow/example_dags/tutorial.py
[2025-11-07T14:34:46.227+0000] {logging_mixin.py:190} INFO - [2025-11-07T14:34:46.226+0000] {dag.py:3239} INFO - Sync 1 DAGs
[2025-11-07T14:34:46.250+0000] {logging_mixin.py:190} INFO - [2025-11-07T14:34:46.250+0000] {dag.py:4180} INFO - Setting next_dagrun for tutorial to 2025-11-06 00:00:00+00:00, run_after=2025-11-07 00:00:00+00:00
[2025-11-07T14:34:46.268+0000] {processor.py:208} INFO - Processing /home/airflow/.local/lib/python3.12/site-packages/airflow/example_dags/tutorial.py took 0.086 seconds
[2025-11-07T14:35:16.993+0000] {processor.py:186} INFO - Started process (PID=1417) to work on /home/airflow/.local/lib/python3.12/site-packages/airflow/example_dags/tutorial.py
[2025-11-07T14:35:16.996+0000] {processor.py:914} INFO - Processing file /home/airflow/.local/lib/python3.12/site-packages/airflow/example_dags/tutorial.py for tasks to queue
[2025-11-07T14:35:16.999+0000] {logging_mixin.py:190} INFO - [2025-11-07T14:35:16.998+0000] {dagbag.py:588} INFO - Filling up the DagBag from /home/airflow/.local/lib/python3.12/site-packages/airflow/example_dags/tutorial.py
[2025-11-07T14:35:17.010+0000] {processor.py:925} INFO - DAG(s) 'tutorial' retrieved from /home/airflow/.local/lib/python3.12/site-packages/airflow/example_dags/tutorial.py
[2025-11-07T14:35:17.040+0000] {logging_mixin.py:190} INFO - [2025-11-07T14:35:17.040+0000] {dag.py:3239} INFO - Sync 1 DAGs
[2025-11-07T14:35:17.080+0000] {logging_mixin.py:190} INFO - [2025-11-07T14:35:17.080+0000] {dag.py:4180} INFO - Setting next_dagrun for tutorial to 2025-11-06 00:00:00+00:00, run_after=2025-11-07 00:00:00+00:00
[2025-11-07T14:35:17.105+0000] {processor.py:208} INFO - Processing /home/airflow/.local/lib/python3.12/site-packages/airflow/example_dags/tutorial.py took 0.122 seconds
[2025-11-07T14:35:48.444+0000] {processor.py:186} INFO - Started process (PID=1481) to work on /home/airflow/.local/lib/python3.12/site-packages/airflow/example_dags/tutorial.py
[2025-11-07T14:35:48.446+0000] {processor.py:914} INFO - Processing file /home/airflow/.local/lib/python3.12/site-packages/airflow/example_dags/tutorial.py for tasks to queue
[2025-11-07T14:35:48.449+0000] {logging_mixin.py:190} INFO - [2025-11-07T14:35:48.448+0000] {dagbag.py:588} INFO - Filling up the DagBag from /home/airflow/.local/lib/python3.12/site-packages/airflow/example_dags/tutorial.py
[2025-11-07T14:35:48.457+0000] {processor.py:925} INFO - DAG(s) 'tutorial' retrieved from /home/airflow/.local/lib/python3.12/site-packages/airflow/example_dags/tutorial.py
[2025-11-07T14:35:48.477+0000] {logging_mixin.py:190} INFO - [2025-11-07T14:35:48.476+0000] {dag.py:3239} INFO - Sync 1 DAGs
[2025-11-07T14:35:48.505+0000] {logging_mixin.py:190} INFO - [2025-11-07T14:35:48.505+0000] {dag.py:4180} INFO - Setting next_dagrun for tutorial to 2025-11-06 00:00:00+00:00, run_after=2025-11-07 00:00:00+00:00
[2025-11-07T14:35:48.533+0000] {processor.py:208} INFO - Processing /home/airflow/.local/lib/python3.12/site-packages/airflow/example_dags/tutorial.py took 0.096 seconds
[2025-11-07T14:36:19.782+0000] {processor.py:186} INFO - Started process (PID=1545) to work on /home/airflow/.local/lib/python3.12/site-packages/airflow/example_dags/tutorial.py
[2025-11-07T14:36:19.783+0000] {processor.py:914} INFO - Processing file /home/airflow/.local/lib/python3.12/site-packages/airflow/example_dags/tutorial.py for tasks to queue
[2025-11-07T14:36:19.786+0000] {logging_mixin.py:190} INFO - [2025-11-07T14:36:19.786+0000] {dagbag.py:588} INFO - Filling up the DagBag from /home/airflow/.local/lib/python3.12/site-packages/airflow/example_dags/tutorial.py
[2025-11-07T14:36:19.797+0000] {processor.py:925} INFO - DAG(s) 'tutorial' retrieved from /home/airflow/.local/lib/python3.12/site-packages/airflow/example_dags/tutorial.py
[2025-11-07T14:36:19.822+0000] {logging_mixin.py:190} INFO - [2025-11-07T14:36:19.822+0000] {dag.py:3239} INFO - Sync 1 DAGs
[2025-11-07T14:36:19.849+0000] {logging_mixin.py:190} INFO - [2025-11-07T14:36:19.849+0000] {dag.py:4180} INFO - Setting next_dagrun for tutorial to 2025-11-06 00:00:00+00:00, run_after=2025-11-07 00:00:00+00:00
[2025-11-07T14:36:19.865+0000] {processor.py:208} INFO - Processing /home/airflow/.local/lib/python3.12/site-packages/airflow/example_dags/tutorial.py took 0.091 seconds
[2025-11-07T14:36:50.777+0000] {processor.py:186} INFO - Started process (PID=1609) to work on /home/airflow/.local/lib/python3.12/site-packages/airflow/example_dags/tutorial.py
[2025-11-07T14:36:50.779+0000] {processor.py:914} INFO - Processing file /home/airflow/.local/lib/python3.12/site-packages/airflow/example_dags/tutorial.py for tasks to queue
[2025-11-07T14:36:50.781+0000] {logging_mixin.py:190} INFO - [2025-11-07T14:36:50.781+0000] {dagbag.py:588} INFO - Filling up the DagBag from /home/airflow/.local/lib/python3.12/site-packages/airflow/example_dags/tutorial.py
[2025-11-07T14:36:50.792+0000] {processor.py:925} INFO - DAG(s) 'tutorial' retrieved from /home/airflow/.local/lib/python3.12/site-packages/airflow/example_dags/tutorial.py
[2025-11-07T14:36:50.819+0000] {logging_mixin.py:190} INFO - [2025-11-07T14:36:50.819+0000] {dag.py:3239} INFO - Sync 1 DAGs
[2025-11-07T14:36:50.846+0000] {logging_mixin.py:190} INFO - [2025-11-07T14:36:50.846+0000] {dag.py:4180} INFO - Setting next_dagrun for tutorial to 2025-11-06 00:00:00+00:00, run_after=2025-11-07 00:00:00+00:00
[2025-11-07T14:36:50.864+0000] {processor.py:208} INFO - Processing /home/airflow/.local/lib/python3.12/site-packages/airflow/example_dags/tutorial.py took 0.093 seconds
[2025-11-07T14:37:21.024+0000] {processor.py:186} INFO - Started process (PID=1673) to work on /home/airflow/.local/lib/python3.12/site-packages/airflow/example_dags/tutorial.py
[2025-11-07T14:37:21.025+0000] {processor.py:914} INFO - Processing file /home/airflow/.local/lib/python3.12/site-packages/airflow/example_dags/tutorial.py for tasks to queue
[2025-11-07T14:37:21.026+0000] {logging_mixin.py:190} INFO - [2025-11-07T14:37:21.026+0000] {dagbag.py:588} INFO - Filling up the DagBag from /home/airflow/.local/lib/python3.12/site-packages/airflow/example_dags/tutorial.py
[2025-11-07T14:37:21.032+0000] {processor.py:925} INFO - DAG(s) 'tutorial' retrieved from /home/airflow/.local/lib/python3.12/site-packages/airflow/example_dags/tutorial.py
[2025-11-07T14:37:21.056+0000] {logging_mixin.py:190} INFO - [2025-11-07T14:37:21.055+0000] {dag.py:3239} INFO - Sync 1 DAGs
[2025-11-07T14:37:21.083+0000] {logging_mixin.py:190} INFO - [2025-11-07T14:37:21.083+0000] {dag.py:4180} INFO - Setting next_dagrun for tutorial to 2025-11-06 00:00:00+00:00, run_after=2025-11-07 00:00:00+00:00
[2025-11-07T14:37:21.109+0000] {processor.py:208} INFO - Processing /home/airflow/.local/lib/python3.12/site-packages/airflow/example_dags/tutorial.py took 0.089 seconds
[2025-11-07T14:37:52.399+0000] {processor.py:186} INFO - Started process (PID=1737) to work on /home/airflow/.local/lib/python3.12/site-packages/airflow/example_dags/tutorial.py
[2025-11-07T14:37:52.400+0000] {processor.py:914} INFO - Processing file /home/airflow/.local/lib/python3.12/site-packages/airflow/example_dags/tutorial.py for tasks to queue
[2025-11-07T14:37:52.402+0000] {logging_mixin.py:190} INFO - [2025-11-07T14:37:52.402+0000] {dagbag.py:588} INFO - Filling up the DagBag from /home/airflow/.local/lib/python3.12/site-packages/airflow/example_dags/tutorial.py
[2025-11-07T14:37:52.412+0000] {processor.py:925} INFO - DAG(s) 'tutorial' retrieved from /home/airflow/.local/lib/python3.12/site-packages/airflow/example_dags/tutorial.py
[2025-11-07T14:37:52.436+0000] {logging_mixin.py:190} INFO - [2025-11-07T14:37:52.435+0000] {dag.py:3239} INFO - Sync 1 DAGs
[2025-11-07T14:37:52.468+0000] {logging_mixin.py:190} INFO - [2025-11-07T14:37:52.468+0000] {dag.py:4180} INFO - Setting next_dagrun for tutorial to 2025-11-06 00:00:00+00:00, run_after=2025-11-07 00:00:00+00:00
[2025-11-07T14:37:52.495+0000] {processor.py:208} INFO - Processing /home/airflow/.local/lib/python3.12/site-packages/airflow/example_dags/tutorial.py took 0.102 seconds
[2025-11-07T14:38:23.958+0000] {processor.py:186} INFO - Started process (PID=1801) to work on /home/airflow/.local/lib/python3.12/site-packages/airflow/example_dags/tutorial.py
[2025-11-07T14:38:23.959+0000] {processor.py:914} INFO - Processing file /home/airflow/.local/lib/python3.12/site-packages/airflow/example_dags/tutorial.py for tasks to queue
[2025-11-07T14:38:23.960+0000] {logging_mixin.py:190} INFO - [2025-11-07T14:38:23.960+0000] {dagbag.py:588} INFO - Filling up the DagBag from /home/airflow/.local/lib/python3.12/site-packages/airflow/example_dags/tutorial.py
[2025-11-07T14:38:23.964+0000] {processor.py:925} INFO - DAG(s) 'tutorial' retrieved from /home/airflow/.local/lib/python3.12/site-packages/airflow/example_dags/tutorial.py
[2025-11-07T14:38:23.975+0000] {logging_mixin.py:190} INFO - [2025-11-07T14:38:23.975+0000] {dag.py:3239} INFO - Sync 1 DAGs
[2025-11-07T14:38:23.988+0000] {logging_mixin.py:190} INFO - [2025-11-07T14:38:23.988+0000] {dag.py:4180} INFO - Setting next_dagrun for tutorial to 2025-11-06 00:00:00+00:00, run_after=2025-11-07 00:00:00+00:00
[2025-11-07T14:38:23.998+0000] {processor.py:208} INFO - Processing /home/airflow/.local/lib/python3.12/site-packages/airflow/example_dags/tutorial.py took 0.043 seconds
[2025-11-07T14:38:55.053+0000] {processor.py:186} INFO - Started process (PID=1865) to work on /home/airflow/.local/lib/python3.12/site-packages/airflow/example_dags/tutorial.py
[2025-11-07T14:38:55.055+0000] {processor.py:914} INFO - Processing file /home/airflow/.local/lib/python3.12/site-packages/airflow/example_dags/tutorial.py for tasks to queue
[2025-11-07T14:38:55.058+0000] {logging_mixin.py:190} INFO - [2025-11-07T14:38:55.058+0000] {dagbag.py:588} INFO - Filling up the DagBag from /home/airflow/.local/lib/python3.12/site-packages/airflow/example_dags/tutorial.py
[2025-11-07T14:38:55.069+0000] {processor.py:925} INFO - DAG(s) 'tutorial' retrieved from /home/airflow/.local/lib/python3.12/site-packages/airflow/example_dags/tutorial.py
[2025-11-07T14:38:55.097+0000] {logging_mixin.py:190} INFO - [2025-11-07T14:38:55.096+0000] {dag.py:3239} INFO - Sync 1 DAGs
[2025-11-07T14:38:55.130+0000] {logging_mixin.py:190} INFO - [2025-11-07T14:38:55.129+0000] {dag.py:4180} INFO - Setting next_dagrun for tutorial to 2025-11-06 00:00:00+00:00, run_after=2025-11-07 00:00:00+00:00
[2025-11-07T14:38:55.155+0000] {processor.py:208} INFO - Processing /home/airflow/.local/lib/python3.12/site-packages/airflow/example_dags/tutorial.py took 0.110 seconds
[2025-11-07T14:39:26.355+0000] {processor.py:186} INFO - Started process (PID=1929) to work on /home/airflow/.local/lib/python3.12/site-packages/airflow/example_dags/tutorial.py
[2025-11-07T14:39:26.356+0000] {processor.py:914} INFO - Processing file /home/airflow/.local/lib/python3.12/site-packages/airflow/example_dags/tutorial.py for tasks to queue
[2025-11-07T14:39:26.359+0000] {logging_mixin.py:190} INFO - [2025-11-07T14:39:26.358+0000] {dagbag.py:588} INFO - Filling up the DagBag from /home/airflow/.local/lib/python3.12/site-packages/airflow/example_dags/tutorial.py
[2025-11-07T14:39:26.370+0000] {processor.py:925} INFO - DAG(s) 'tutorial' retrieved from /home/airflow/.local/lib/python3.12/site-packages/airflow/example_dags/tutorial.py
[2025-11-07T14:39:26.399+0000] {logging_mixin.py:190} INFO - [2025-11-07T14:39:26.398+0000] {dag.py:3239} INFO - Sync 1 DAGs
[2025-11-07T14:39:26.430+0000] {logging_mixin.py:190} INFO - [2025-11-07T14:39:26.430+0000] {dag.py:4180} INFO - Setting next_dagrun for tutorial to 2025-11-06 00:00:00+00:00, run_after=2025-11-07 00:00:00+00:00
[2025-11-07T14:39:26.448+0000] {processor.py:208} INFO - Processing /home/airflow/.local/lib/python3.12/site-packages/airflow/example_dags/tutorial.py took 0.101 seconds
