[2025-11-11T00:40:02.438+0000] {local_task_job_runner.py:123} INFO - ::group::Pre task execution logs
[2025-11-11T00:40:02.468+0000] {taskinstance.py:2631} INFO - Dependencies all met for dep_context=non-requeueable deps ti=<TaskInstance: process_data_dag.process_data manual__2025-11-11T00:39:58.824438+00:00 [queued]>
[2025-11-11T00:40:02.475+0000] {taskinstance.py:2631} INFO - Dependencies all met for dep_context=requeueable deps ti=<TaskInstance: process_data_dag.process_data manual__2025-11-11T00:39:58.824438+00:00 [queued]>
[2025-11-11T00:40:02.476+0000] {taskinstance.py:2884} INFO - Starting attempt 1 of 1
[2025-11-11T00:40:02.486+0000] {taskinstance.py:2907} INFO - Executing <Task(PythonOperator): process_data> on 2025-11-11 00:39:58.824438+00:00
[2025-11-11T00:40:02.495+0000] {warnings.py:112} WARNING - /home/***/.local/lib/python3.12/site-packages/***/task/task_runner/standard_task_runner.py:70: DeprecationWarning: This process (pid=214) is multi-threaded, use of fork() may lead to deadlocks in the child.
  pid = os.fork()

[2025-11-11T00:40:02.497+0000] {standard_task_runner.py:72} INFO - Started process 216 to run task
[2025-11-11T00:40:02.497+0000] {standard_task_runner.py:104} INFO - Running: ['***', 'tasks', 'run', 'process_data_dag', 'process_data', 'manual__2025-11-11T00:39:58.824438+00:00', '--job-id', '162', '--raw', '--subdir', 'DAGS_FOLDER/process_data_dag.py', '--cfg-path', '/tmp/tmpkezh269i']
[2025-11-11T00:40:02.498+0000] {standard_task_runner.py:105} INFO - Job 162: Subtask process_data
[2025-11-11T00:40:02.538+0000] {task_command.py:467} INFO - Running <TaskInstance: process_data_dag.process_data manual__2025-11-11T00:39:58.824438+00:00 [running]> on host b7400122829a
[2025-11-11T00:40:02.628+0000] {taskinstance.py:3157} INFO - Exporting env vars: AIRFLOW_CTX_DAG_OWNER='***' AIRFLOW_CTX_DAG_ID='process_data_dag' AIRFLOW_CTX_TASK_ID='process_data' AIRFLOW_CTX_EXECUTION_DATE='2025-11-11T00:39:58.824438+00:00' AIRFLOW_CTX_TRY_NUMBER='1' AIRFLOW_CTX_DAG_RUN_ID='manual__2025-11-11T00:39:58.824438+00:00'
[2025-11-11T00:40:02.630+0000] {logging_mixin.py:190} INFO - Task instance is in running state
[2025-11-11T00:40:02.630+0000] {logging_mixin.py:190} INFO -  Previous state of the Task instance: queued
[2025-11-11T00:40:02.631+0000] {logging_mixin.py:190} INFO - Current task name:process_data state:running start_date:2025-11-11 00:40:02.468533+00:00
[2025-11-11T00:40:02.631+0000] {logging_mixin.py:190} INFO - Dag name:process_data_dag and current dag run status:running
[2025-11-11T00:40:02.631+0000] {taskinstance.py:740} INFO - ::endgroup::
[2025-11-11T00:40:03.327+0000] {logging_mixin.py:190} INFO - Lendo arquivo: 2025-11-11.csv
[2025-11-11T00:40:03.888+0000] {python.py:240} INFO - Done. Returned value was: None
[2025-11-11T00:40:03.909+0000] {taskinstance.py:349} INFO - ::group::Post task execution logs
[2025-11-11T00:40:03.909+0000] {taskinstance.py:361} INFO - Marking task as SUCCESS. dag_id=process_data_dag, task_id=process_data, run_id=manual__2025-11-11T00:39:58.824438+00:00, execution_date=20251111T003958, start_date=20251111T004002, end_date=20251111T004003
[2025-11-11T00:40:03.934+0000] {logging_mixin.py:190} INFO - Task instance in success state
[2025-11-11T00:40:03.934+0000] {logging_mixin.py:190} INFO -  Previous state of the Task instance: running
[2025-11-11T00:40:03.935+0000] {logging_mixin.py:190} INFO - Dag name:process_data_dag queued_at:2025-11-11 00:39:58.833218+00:00
[2025-11-11T00:40:03.935+0000] {logging_mixin.py:190} INFO - Task hostname:b7400122829a operator:PythonOperator
[2025-11-11T00:40:03.956+0000] {local_task_job_runner.py:266} INFO - Task exited with return code 0
[2025-11-11T00:40:03.973+0000] {taskinstance.py:3924} INFO - 0 downstream tasks scheduled from follow-on schedule check
[2025-11-11T00:40:03.975+0000] {local_task_job_runner.py:245} INFO - ::endgroup::
