[2025-11-12T22:56:17.409+0000] {local_task_job_runner.py:123} INFO - ::group::Pre task execution logs
[2025-11-12T22:56:17.429+0000] {taskinstance.py:2631} INFO - Dependencies all met for dep_context=non-requeueable deps ti=<TaskInstance: input_data_dag.input_data manual__2025-11-12T22:56:10.959116+00:00 [queued]>
[2025-11-12T22:56:17.434+0000] {taskinstance.py:2631} INFO - Dependencies all met for dep_context=requeueable deps ti=<TaskInstance: input_data_dag.input_data manual__2025-11-12T22:56:10.959116+00:00 [queued]>
[2025-11-12T22:56:17.434+0000] {taskinstance.py:2884} INFO - Starting attempt 1 of 1
[2025-11-12T22:56:17.448+0000] {taskinstance.py:2907} INFO - Executing <Task(PythonOperator): input_data> on 2025-11-12 22:56:10.959116+00:00
[2025-11-12T22:56:17.457+0000] {warnings.py:112} WARNING - /home/***/.local/lib/python3.12/site-packages/***/task/task_runner/standard_task_runner.py:70: DeprecationWarning: This process (pid=176) is multi-threaded, use of fork() may lead to deadlocks in the child.
  pid = os.fork()

[2025-11-12T22:56:17.459+0000] {standard_task_runner.py:72} INFO - Started process 178 to run task
[2025-11-12T22:56:17.459+0000] {standard_task_runner.py:104} INFO - Running: ['***', 'tasks', 'run', 'input_data_dag', 'input_data', 'manual__2025-11-12T22:56:10.959116+00:00', '--job-id', '296', '--raw', '--subdir', 'DAGS_FOLDER/input_data_dag.py', '--cfg-path', '/tmp/tmp1qxr9rva']
[2025-11-12T22:56:17.460+0000] {standard_task_runner.py:105} INFO - Job 296: Subtask input_data
[2025-11-12T22:56:17.504+0000] {task_command.py:467} INFO - Running <TaskInstance: input_data_dag.input_data manual__2025-11-12T22:56:10.959116+00:00 [running]> on host 00412c1de430
[2025-11-12T22:56:17.889+0000] {taskinstance.py:3157} INFO - Exporting env vars: AIRFLOW_CTX_DAG_OWNER='***' AIRFLOW_CTX_DAG_ID='input_data_dag' AIRFLOW_CTX_TASK_ID='input_data' AIRFLOW_CTX_EXECUTION_DATE='2025-11-12T22:56:10.959116+00:00' AIRFLOW_CTX_TRY_NUMBER='1' AIRFLOW_CTX_DAG_RUN_ID='manual__2025-11-12T22:56:10.959116+00:00'
[2025-11-12T22:56:17.890+0000] {logging_mixin.py:190} INFO - Task instance is in running state
[2025-11-12T22:56:17.891+0000] {logging_mixin.py:190} INFO -  Previous state of the Task instance: queued
[2025-11-12T22:56:17.891+0000] {logging_mixin.py:190} INFO - Current task name:input_data state:running start_date:2025-11-12 22:56:17.429396+00:00
[2025-11-12T22:56:17.891+0000] {logging_mixin.py:190} INFO - Dag name:input_data_dag and current dag run status:running
[2025-11-12T22:56:17.891+0000] {taskinstance.py:740} INFO - ::endgroup::
[2025-11-12T22:56:25.610+0000] {python.py:240} INFO - Done. Returned value was: None
[2025-11-12T22:56:25.627+0000] {taskinstance.py:349} INFO - ::group::Post task execution logs
[2025-11-12T22:56:25.628+0000] {taskinstance.py:361} INFO - Marking task as SUCCESS. dag_id=input_data_dag, task_id=input_data, run_id=manual__2025-11-12T22:56:10.959116+00:00, execution_date=20251112T225610, start_date=20251112T225617, end_date=20251112T225625
[2025-11-12T22:56:25.667+0000] {logging_mixin.py:190} INFO - Task instance in success state
[2025-11-12T22:56:25.668+0000] {logging_mixin.py:190} INFO -  Previous state of the Task instance: running
[2025-11-12T22:56:25.668+0000] {logging_mixin.py:190} INFO - Dag name:input_data_dag queued_at:2025-11-12 22:56:10.992923+00:00
[2025-11-12T22:56:25.668+0000] {logging_mixin.py:190} INFO - Task hostname:00412c1de430 operator:PythonOperator
[2025-11-12T22:56:25.712+0000] {local_task_job_runner.py:266} INFO - Task exited with return code 0
[2025-11-12T22:56:25.733+0000] {taskinstance.py:3924} INFO - 0 downstream tasks scheduled from follow-on schedule check
[2025-11-12T22:56:25.734+0000] {local_task_job_runner.py:245} INFO - ::endgroup::
