[2025-11-06T22:20:18.337+0000] {local_task_job_runner.py:123} INFO - ::group::Pre task execution logs
[2025-11-06T22:20:18.386+0000] {taskinstance.py:2631} INFO - Dependencies all met for dep_context=non-requeueable deps ti=<TaskInstance: input_data_dag.input_data scheduled__2024-09-01T00:00:00+00:00 [queued]>
[2025-11-06T22:20:18.391+0000] {taskinstance.py:2631} INFO - Dependencies all met for dep_context=requeueable deps ti=<TaskInstance: input_data_dag.input_data scheduled__2024-09-01T00:00:00+00:00 [queued]>
[2025-11-06T22:20:18.391+0000] {taskinstance.py:2884} INFO - Starting attempt 1 of 1
[2025-11-06T22:20:18.473+0000] {taskinstance.py:2907} INFO - Executing <Task(PythonOperator): input_data> on 2024-09-01 00:00:00+00:00
[2025-11-06T22:20:18.499+0000] {warnings.py:112} WARNING - /home/***/.local/lib/python3.12/site-packages/***/task/task_runner/standard_task_runner.py:70: DeprecationWarning: This process (pid=380) is multi-threaded, use of fork() may lead to deadlocks in the child.
  pid = os.fork()

[2025-11-06T22:20:18.502+0000] {standard_task_runner.py:72} INFO - Started process 420 to run task
[2025-11-06T22:20:18.503+0000] {standard_task_runner.py:104} INFO - Running: ['***', 'tasks', 'run', 'input_data_dag', 'input_data', 'scheduled__2024-09-01T00:00:00+00:00', '--job-id', '50', '--raw', '--subdir', 'DAGS_FOLDER/input_data_dag.py', '--cfg-path', '/tmp/tmp1r_kh9yw']
[2025-11-06T22:20:18.505+0000] {standard_task_runner.py:105} INFO - Job 50: Subtask input_data
[2025-11-06T22:20:18.562+0000] {task_command.py:467} INFO - Running <TaskInstance: input_data_dag.input_data scheduled__2024-09-01T00:00:00+00:00 [running]> on host 127da4241ae8
[2025-11-06T22:20:19.292+0000] {taskinstance.py:3157} INFO - Exporting env vars: AIRFLOW_CTX_DAG_OWNER='***' AIRFLOW_CTX_DAG_ID='input_data_dag' AIRFLOW_CTX_TASK_ID='input_data' AIRFLOW_CTX_EXECUTION_DATE='2024-09-01T00:00:00+00:00' AIRFLOW_CTX_TRY_NUMBER='1' AIRFLOW_CTX_DAG_RUN_ID='scheduled__2024-09-01T00:00:00+00:00'
[2025-11-06T22:20:19.293+0000] {logging_mixin.py:190} INFO - Task instance is in running state
[2025-11-06T22:20:19.293+0000] {logging_mixin.py:190} INFO -  Previous state of the Task instance: queued
[2025-11-06T22:20:19.294+0000] {logging_mixin.py:190} INFO - Current task name:input_data state:running start_date:2025-11-06 22:20:18.386907+00:00
[2025-11-06T22:20:19.294+0000] {logging_mixin.py:190} INFO - Dag name:input_data_dag and current dag run status:running
[2025-11-06T22:20:19.294+0000] {taskinstance.py:740} INFO - ::endgroup::
[2025-11-06T22:20:20.117+0000] {python.py:240} INFO - Done. Returned value was: None
[2025-11-06T22:20:20.128+0000] {taskinstance.py:349} INFO - ::group::Post task execution logs
[2025-11-06T22:20:20.129+0000] {taskinstance.py:361} INFO - Marking task as SUCCESS. dag_id=input_data_dag, task_id=input_data, run_id=scheduled__2024-09-01T00:00:00+00:00, execution_date=20240901T000000, start_date=20251106T222018, end_date=20251106T222020
[2025-11-06T22:20:20.156+0000] {logging_mixin.py:190} INFO - Task instance in success state
[2025-11-06T22:20:20.156+0000] {logging_mixin.py:190} INFO -  Previous state of the Task instance: running
[2025-11-06T22:20:20.157+0000] {logging_mixin.py:190} INFO - Dag name:input_data_dag queued_at:2025-11-06 22:19:27.062464+00:00
[2025-11-06T22:20:20.158+0000] {logging_mixin.py:190} INFO - Task hostname:127da4241ae8 operator:PythonOperator
[2025-11-06T22:20:20.202+0000] {local_task_job_runner.py:266} INFO - Task exited with return code 0
[2025-11-06T22:20:20.214+0000] {taskinstance.py:3924} INFO - 0 downstream tasks scheduled from follow-on schedule check
[2025-11-06T22:20:20.216+0000] {local_task_job_runner.py:245} INFO - ::endgroup::
[2025-11-06T22:26:38.716+0000] {local_task_job_runner.py:123} INFO - ::group::Pre task execution logs
[2025-11-06T22:26:38.732+0000] {taskinstance.py:2631} INFO - Dependencies all met for dep_context=non-requeueable deps ti=<TaskInstance: input_data_dag.input_data scheduled__2024-09-01T00:00:00+00:00 [queued]>
[2025-11-06T22:26:38.736+0000] {taskinstance.py:2631} INFO - Dependencies all met for dep_context=requeueable deps ti=<TaskInstance: input_data_dag.input_data scheduled__2024-09-01T00:00:00+00:00 [queued]>
[2025-11-06T22:26:38.737+0000] {taskinstance.py:2884} INFO - Starting attempt 1 of 1
[2025-11-06T22:26:38.749+0000] {taskinstance.py:2907} INFO - Executing <Task(PythonOperator): input_data> on 2024-09-01 00:00:00+00:00
[2025-11-06T22:26:38.765+0000] {warnings.py:112} WARNING - /home/***/.local/lib/python3.12/site-packages/***/task/task_runner/standard_task_runner.py:70: DeprecationWarning: This process (pid=94) is multi-threaded, use of fork() may lead to deadlocks in the child.
  pid = os.fork()

[2025-11-06T22:26:38.767+0000] {standard_task_runner.py:72} INFO - Started process 139 to run task
[2025-11-06T22:26:38.768+0000] {standard_task_runner.py:104} INFO - Running: ['***', 'tasks', 'run', 'input_data_dag', 'input_data', 'scheduled__2024-09-01T00:00:00+00:00', '--job-id', '108', '--raw', '--subdir', 'DAGS_FOLDER/input_data_dag.py', '--cfg-path', '/tmp/tmpjzc6hg2z']
[2025-11-06T22:26:38.769+0000] {standard_task_runner.py:105} INFO - Job 108: Subtask input_data
[2025-11-06T22:26:38.807+0000] {task_command.py:467} INFO - Running <TaskInstance: input_data_dag.input_data scheduled__2024-09-01T00:00:00+00:00 [running]> on host 127da4241ae8
[2025-11-06T22:26:38.870+0000] {taskinstance.py:3157} INFO - Exporting env vars: AIRFLOW_CTX_DAG_OWNER='***' AIRFLOW_CTX_DAG_ID='input_data_dag' AIRFLOW_CTX_TASK_ID='input_data' AIRFLOW_CTX_EXECUTION_DATE='2024-09-01T00:00:00+00:00' AIRFLOW_CTX_TRY_NUMBER='1' AIRFLOW_CTX_DAG_RUN_ID='scheduled__2024-09-01T00:00:00+00:00'
[2025-11-06T22:26:38.871+0000] {logging_mixin.py:190} INFO - Task instance is in running state
[2025-11-06T22:26:38.872+0000] {logging_mixin.py:190} INFO -  Previous state of the Task instance: queued
[2025-11-06T22:26:38.872+0000] {logging_mixin.py:190} INFO - Current task name:input_data state:running start_date:2025-11-06 22:26:38.732499+00:00
[2025-11-06T22:26:38.872+0000] {logging_mixin.py:190} INFO - Dag name:input_data_dag and current dag run status:running
[2025-11-06T22:26:38.872+0000] {taskinstance.py:740} INFO - ::endgroup::
[2025-11-06T22:26:39.884+0000] {python.py:240} INFO - Done. Returned value was: None
[2025-11-06T22:26:39.899+0000] {taskinstance.py:349} INFO - ::group::Post task execution logs
[2025-11-06T22:26:39.900+0000] {taskinstance.py:361} INFO - Marking task as SUCCESS. dag_id=input_data_dag, task_id=input_data, run_id=scheduled__2024-09-01T00:00:00+00:00, execution_date=20240901T000000, start_date=20251106T222638, end_date=20251106T222639
[2025-11-06T22:26:40.057+0000] {logging_mixin.py:190} INFO - Task instance in success state
[2025-11-06T22:26:40.057+0000] {logging_mixin.py:190} INFO -  Previous state of the Task instance: running
[2025-11-06T22:26:40.057+0000] {logging_mixin.py:190} INFO - Dag name:input_data_dag queued_at:2025-11-06 22:25:52.891489+00:00
[2025-11-06T22:26:40.057+0000] {logging_mixin.py:190} INFO - Task hostname:127da4241ae8 operator:PythonOperator
[2025-11-06T22:26:40.104+0000] {local_task_job_runner.py:266} INFO - Task exited with return code 0
[2025-11-06T22:26:40.126+0000] {taskinstance.py:3924} INFO - 0 downstream tasks scheduled from follow-on schedule check
[2025-11-06T22:26:40.200+0000] {local_task_job_runner.py:245} INFO - ::endgroup::
