[2025-11-06T22:15:49.231+0000] {local_task_job_runner.py:123} INFO - ::group::Pre task execution logs
[2025-11-06T22:15:49.253+0000] {taskinstance.py:2631} INFO - Dependencies all met for dep_context=non-requeueable deps ti=<TaskInstance: input_data_dag.input_data manual__2025-11-06T22:15:48.044510+00:00 [queued]>
[2025-11-06T22:15:49.259+0000] {taskinstance.py:2631} INFO - Dependencies all met for dep_context=requeueable deps ti=<TaskInstance: input_data_dag.input_data manual__2025-11-06T22:15:48.044510+00:00 [queued]>
[2025-11-06T22:15:49.260+0000] {taskinstance.py:2884} INFO - Starting attempt 1 of 1
[2025-11-06T22:15:49.279+0000] {taskinstance.py:2907} INFO - Executing <Task(PythonOperator): input_data> on 2025-11-06 22:15:48.044510+00:00
[2025-11-06T22:15:49.287+0000] {warnings.py:112} WARNING - /home/***/.local/lib/python3.12/site-packages/***/task/task_runner/standard_task_runner.py:70: DeprecationWarning: This process (pid=304) is multi-threaded, use of fork() may lead to deadlocks in the child.
  pid = os.fork()

[2025-11-06T22:15:49.288+0000] {standard_task_runner.py:72} INFO - Started process 306 to run task
[2025-11-06T22:15:49.289+0000] {standard_task_runner.py:104} INFO - Running: ['***', 'tasks', 'run', 'input_data_dag', 'input_data', 'manual__2025-11-06T22:15:48.044510+00:00', '--job-id', '39', '--raw', '--subdir', 'DAGS_FOLDER/input_data_dag.py', '--cfg-path', '/tmp/tmpp49bc9_u']
[2025-11-06T22:15:49.290+0000] {standard_task_runner.py:105} INFO - Job 39: Subtask input_data
[2025-11-06T22:15:49.342+0000] {task_command.py:467} INFO - Running <TaskInstance: input_data_dag.input_data manual__2025-11-06T22:15:48.044510+00:00 [running]> on host 127da4241ae8
[2025-11-06T22:15:49.469+0000] {taskinstance.py:3157} INFO - Exporting env vars: AIRFLOW_CTX_DAG_OWNER='***' AIRFLOW_CTX_DAG_ID='input_data_dag' AIRFLOW_CTX_TASK_ID='input_data' AIRFLOW_CTX_EXECUTION_DATE='2025-11-06T22:15:48.044510+00:00' AIRFLOW_CTX_TRY_NUMBER='1' AIRFLOW_CTX_DAG_RUN_ID='manual__2025-11-06T22:15:48.044510+00:00'
[2025-11-06T22:15:49.472+0000] {logging_mixin.py:190} INFO - Task instance is in running state
[2025-11-06T22:15:49.473+0000] {logging_mixin.py:190} INFO -  Previous state of the Task instance: queued
[2025-11-06T22:15:49.473+0000] {logging_mixin.py:190} INFO - Current task name:input_data state:running start_date:2025-11-06 22:15:49.254181+00:00
[2025-11-06T22:15:49.474+0000] {logging_mixin.py:190} INFO - Dag name:input_data_dag and current dag run status:running
[2025-11-06T22:15:49.475+0000] {taskinstance.py:740} INFO - ::endgroup::
[2025-11-06T22:15:55.177+0000] {python.py:240} INFO - Done. Returned value was: None
[2025-11-06T22:15:55.201+0000] {taskinstance.py:349} INFO - ::group::Post task execution logs
[2025-11-06T22:15:55.202+0000] {taskinstance.py:361} INFO - Marking task as SUCCESS. dag_id=input_data_dag, task_id=input_data, run_id=manual__2025-11-06T22:15:48.044510+00:00, execution_date=20251106T221548, start_date=20251106T221549, end_date=20251106T221555
[2025-11-06T22:15:55.241+0000] {logging_mixin.py:190} INFO - Task instance in success state
[2025-11-06T22:15:55.242+0000] {logging_mixin.py:190} INFO -  Previous state of the Task instance: running
[2025-11-06T22:15:55.242+0000] {logging_mixin.py:190} INFO - Dag name:input_data_dag queued_at:2025-11-06 22:15:48.052427+00:00
[2025-11-06T22:15:55.243+0000] {logging_mixin.py:190} INFO - Task hostname:127da4241ae8 operator:PythonOperator
[2025-11-06T22:15:55.279+0000] {local_task_job_runner.py:266} INFO - Task exited with return code 0
[2025-11-06T22:15:55.306+0000] {taskinstance.py:3924} INFO - 0 downstream tasks scheduled from follow-on schedule check
[2025-11-06T22:15:55.312+0000] {local_task_job_runner.py:245} INFO - ::endgroup::
