[2025-11-06T22:20:28.563+0000] {local_task_job_runner.py:123} INFO - ::group::Pre task execution logs
[2025-11-06T22:20:28.577+0000] {taskinstance.py:2631} INFO - Dependencies all met for dep_context=non-requeueable deps ti=<TaskInstance: input_data_dag.input_data scheduled__2025-09-01T00:00:00+00:00 [queued]>
[2025-11-06T22:20:28.582+0000] {taskinstance.py:2631} INFO - Dependencies all met for dep_context=requeueable deps ti=<TaskInstance: input_data_dag.input_data scheduled__2025-09-01T00:00:00+00:00 [queued]>
[2025-11-06T22:20:28.583+0000] {taskinstance.py:2884} INFO - Starting attempt 1 of 1
[2025-11-06T22:20:28.592+0000] {taskinstance.py:2907} INFO - Executing <Task(PythonOperator): input_data> on 2025-09-01 00:00:00+00:00
[2025-11-06T22:20:28.599+0000] {warnings.py:112} WARNING - /home/***/.local/lib/python3.12/site-packages/***/task/task_runner/standard_task_runner.py:70: DeprecationWarning: This process (pid=440) is multi-threaded, use of fork() may lead to deadlocks in the child.
  pid = os.fork()

[2025-11-06T22:20:28.600+0000] {standard_task_runner.py:72} INFO - Started process 458 to run task
[2025-11-06T22:20:28.601+0000] {standard_task_runner.py:104} INFO - Running: ['***', 'tasks', 'run', 'input_data_dag', 'input_data', 'scheduled__2025-09-01T00:00:00+00:00', '--job-id', '63', '--raw', '--subdir', 'DAGS_FOLDER/input_data_dag.py', '--cfg-path', '/tmp/tmp53ae_bm3']
[2025-11-06T22:20:28.602+0000] {standard_task_runner.py:105} INFO - Job 63: Subtask input_data
[2025-11-06T22:20:28.630+0000] {task_command.py:467} INFO - Running <TaskInstance: input_data_dag.input_data scheduled__2025-09-01T00:00:00+00:00 [running]> on host 127da4241ae8
[2025-11-06T22:20:28.688+0000] {taskinstance.py:3157} INFO - Exporting env vars: AIRFLOW_CTX_DAG_OWNER='***' AIRFLOW_CTX_DAG_ID='input_data_dag' AIRFLOW_CTX_TASK_ID='input_data' AIRFLOW_CTX_EXECUTION_DATE='2025-09-01T00:00:00+00:00' AIRFLOW_CTX_TRY_NUMBER='1' AIRFLOW_CTX_DAG_RUN_ID='scheduled__2025-09-01T00:00:00+00:00'
[2025-11-06T22:20:28.688+0000] {logging_mixin.py:190} INFO - Task instance is in running state
[2025-11-06T22:20:28.688+0000] {logging_mixin.py:190} INFO -  Previous state of the Task instance: queued
[2025-11-06T22:20:28.688+0000] {logging_mixin.py:190} INFO - Current task name:input_data state:running start_date:2025-11-06 22:20:28.577643+00:00
[2025-11-06T22:20:28.689+0000] {logging_mixin.py:190} INFO - Dag name:input_data_dag and current dag run status:running
[2025-11-06T22:20:28.689+0000] {taskinstance.py:740} INFO - ::endgroup::
[2025-11-06T22:20:30.064+0000] {python.py:240} INFO - Done. Returned value was: None
[2025-11-06T22:20:30.071+0000] {taskinstance.py:349} INFO - ::group::Post task execution logs
[2025-11-06T22:20:30.071+0000] {taskinstance.py:361} INFO - Marking task as SUCCESS. dag_id=input_data_dag, task_id=input_data, run_id=scheduled__2025-09-01T00:00:00+00:00, execution_date=20250901T000000, start_date=20251106T222028, end_date=20251106T222030
[2025-11-06T22:20:30.093+0000] {logging_mixin.py:190} INFO - Task instance in success state
[2025-11-06T22:20:30.093+0000] {logging_mixin.py:190} INFO -  Previous state of the Task instance: running
[2025-11-06T22:20:30.093+0000] {logging_mixin.py:190} INFO - Dag name:input_data_dag queued_at:2025-11-06 22:20:24.936084+00:00
[2025-11-06T22:20:30.093+0000] {logging_mixin.py:190} INFO - Task hostname:127da4241ae8 operator:PythonOperator
[2025-11-06T22:20:30.137+0000] {local_task_job_runner.py:266} INFO - Task exited with return code 0
[2025-11-06T22:20:30.149+0000] {taskinstance.py:3924} INFO - 0 downstream tasks scheduled from follow-on schedule check
[2025-11-06T22:20:30.150+0000] {local_task_job_runner.py:245} INFO - ::endgroup::
[2025-11-06T22:26:47.068+0000] {local_task_job_runner.py:123} INFO - ::group::Pre task execution logs
[2025-11-06T22:26:47.087+0000] {taskinstance.py:2631} INFO - Dependencies all met for dep_context=non-requeueable deps ti=<TaskInstance: input_data_dag.input_data scheduled__2025-09-01T00:00:00+00:00 [queued]>
[2025-11-06T22:26:47.095+0000] {taskinstance.py:2631} INFO - Dependencies all met for dep_context=requeueable deps ti=<TaskInstance: input_data_dag.input_data scheduled__2025-09-01T00:00:00+00:00 [queued]>
[2025-11-06T22:26:47.096+0000] {taskinstance.py:2884} INFO - Starting attempt 1 of 1
[2025-11-06T22:26:47.107+0000] {taskinstance.py:2907} INFO - Executing <Task(PythonOperator): input_data> on 2025-09-01 00:00:00+00:00
[2025-11-06T22:26:47.116+0000] {warnings.py:112} WARNING - /home/***/.local/lib/python3.12/site-packages/***/task/task_runner/standard_task_runner.py:70: DeprecationWarning: This process (pid=167) is multi-threaded, use of fork() may lead to deadlocks in the child.
  pid = os.fork()

[2025-11-06T22:26:47.117+0000] {standard_task_runner.py:72} INFO - Started process 178 to run task
[2025-11-06T22:26:47.118+0000] {standard_task_runner.py:104} INFO - Running: ['***', 'tasks', 'run', 'input_data_dag', 'input_data', 'scheduled__2025-09-01T00:00:00+00:00', '--job-id', '121', '--raw', '--subdir', 'DAGS_FOLDER/input_data_dag.py', '--cfg-path', '/tmp/tmpkcy4pxkx']
[2025-11-06T22:26:47.119+0000] {standard_task_runner.py:105} INFO - Job 121: Subtask input_data
[2025-11-06T22:26:47.155+0000] {task_command.py:467} INFO - Running <TaskInstance: input_data_dag.input_data scheduled__2025-09-01T00:00:00+00:00 [running]> on host 127da4241ae8
[2025-11-06T22:26:47.222+0000] {taskinstance.py:3157} INFO - Exporting env vars: AIRFLOW_CTX_DAG_OWNER='***' AIRFLOW_CTX_DAG_ID='input_data_dag' AIRFLOW_CTX_TASK_ID='input_data' AIRFLOW_CTX_EXECUTION_DATE='2025-09-01T00:00:00+00:00' AIRFLOW_CTX_TRY_NUMBER='1' AIRFLOW_CTX_DAG_RUN_ID='scheduled__2025-09-01T00:00:00+00:00'
[2025-11-06T22:26:47.223+0000] {logging_mixin.py:190} INFO - Task instance is in running state
[2025-11-06T22:26:47.223+0000] {logging_mixin.py:190} INFO -  Previous state of the Task instance: queued
[2025-11-06T22:26:47.223+0000] {logging_mixin.py:190} INFO - Current task name:input_data state:running start_date:2025-11-06 22:26:47.088360+00:00
[2025-11-06T22:26:47.223+0000] {logging_mixin.py:190} INFO - Dag name:input_data_dag and current dag run status:running
[2025-11-06T22:26:47.223+0000] {taskinstance.py:740} INFO - ::endgroup::
[2025-11-06T22:26:48.235+0000] {python.py:240} INFO - Done. Returned value was: None
[2025-11-06T22:26:48.246+0000] {taskinstance.py:349} INFO - ::group::Post task execution logs
[2025-11-06T22:26:48.246+0000] {taskinstance.py:361} INFO - Marking task as SUCCESS. dag_id=input_data_dag, task_id=input_data, run_id=scheduled__2025-09-01T00:00:00+00:00, execution_date=20250901T000000, start_date=20251106T222647, end_date=20251106T222648
[2025-11-06T22:26:48.270+0000] {logging_mixin.py:190} INFO - Task instance in success state
[2025-11-06T22:26:48.270+0000] {logging_mixin.py:190} INFO -  Previous state of the Task instance: running
[2025-11-06T22:26:48.270+0000] {logging_mixin.py:190} INFO - Dag name:input_data_dag queued_at:2025-11-06 22:26:45.090055+00:00
[2025-11-06T22:26:48.270+0000] {logging_mixin.py:190} INFO - Task hostname:127da4241ae8 operator:PythonOperator
[2025-11-06T22:26:48.294+0000] {local_task_job_runner.py:266} INFO - Task exited with return code 0
[2025-11-06T22:26:48.311+0000] {taskinstance.py:3924} INFO - 0 downstream tasks scheduled from follow-on schedule check
[2025-11-06T22:26:48.312+0000] {local_task_job_runner.py:245} INFO - ::endgroup::
