[2025-11-12T23:11:27.103+0000] {local_task_job_runner.py:123} INFO - ::group::Pre task execution logs
[2025-11-12T23:11:27.115+0000] {taskinstance.py:2631} INFO - Dependencies all met for dep_context=non-requeueable deps ti=<TaskInstance: process_data_dag.process_data manual__2025-11-12T23:11:20.896358+00:00 [queued]>
[2025-11-12T23:11:27.119+0000] {taskinstance.py:2631} INFO - Dependencies all met for dep_context=requeueable deps ti=<TaskInstance: process_data_dag.process_data manual__2025-11-12T23:11:20.896358+00:00 [queued]>
[2025-11-12T23:11:27.119+0000] {taskinstance.py:2884} INFO - Starting attempt 1 of 1
[2025-11-12T23:11:27.126+0000] {taskinstance.py:2907} INFO - Executing <Task(PythonOperator): process_data> on 2025-11-12 23:11:20.896358+00:00
[2025-11-12T23:11:27.133+0000] {warnings.py:112} WARNING - /home/***/.local/lib/python3.12/site-packages/***/task/task_runner/standard_task_runner.py:70: DeprecationWarning: This process (pid=106) is multi-threaded, use of fork() may lead to deadlocks in the child.
  pid = os.fork()

[2025-11-12T23:11:27.134+0000] {standard_task_runner.py:104} INFO - Running: ['***', 'tasks', 'run', 'process_data_dag', 'process_data', 'manual__2025-11-12T23:11:20.896358+00:00', '--job-id', '332', '--raw', '--subdir', 'DAGS_FOLDER/process_data_dag.py', '--cfg-path', '/tmp/tmpg5xuzamf']
[2025-11-12T23:11:27.134+0000] {standard_task_runner.py:72} INFO - Started process 108 to run task
[2025-11-12T23:11:27.134+0000] {standard_task_runner.py:105} INFO - Job 332: Subtask process_data
[2025-11-12T23:11:27.181+0000] {task_command.py:467} INFO - Running <TaskInstance: process_data_dag.process_data manual__2025-11-12T23:11:20.896358+00:00 [running]> on host d10076d5890f
[2025-11-12T23:11:27.318+0000] {taskinstance.py:3157} INFO - Exporting env vars: AIRFLOW_CTX_DAG_OWNER='***' AIRFLOW_CTX_DAG_ID='process_data_dag' AIRFLOW_CTX_TASK_ID='process_data' AIRFLOW_CTX_EXECUTION_DATE='2025-11-12T23:11:20.896358+00:00' AIRFLOW_CTX_TRY_NUMBER='1' AIRFLOW_CTX_DAG_RUN_ID='manual__2025-11-12T23:11:20.896358+00:00'
[2025-11-12T23:11:27.321+0000] {logging_mixin.py:190} INFO - Task instance is in running state
[2025-11-12T23:11:27.321+0000] {logging_mixin.py:190} INFO -  Previous state of the Task instance: queued
[2025-11-12T23:11:27.322+0000] {logging_mixin.py:190} INFO - Current task name:process_data state:running start_date:2025-11-12 23:11:27.116029+00:00
[2025-11-12T23:11:27.322+0000] {logging_mixin.py:190} INFO - Dag name:process_data_dag and current dag run status:running
[2025-11-12T23:11:27.323+0000] {taskinstance.py:740} INFO - ::endgroup::
[2025-11-12T23:11:27.966+0000] {logging_mixin.py:190} INFO - Lendo arquivo: 2025-11-12.csv
[2025-11-12T23:11:28.064+0000] {python.py:240} INFO - Done. Returned value was: None
[2025-11-12T23:11:28.080+0000] {taskinstance.py:349} INFO - ::group::Post task execution logs
[2025-11-12T23:11:28.080+0000] {taskinstance.py:361} INFO - Marking task as SUCCESS. dag_id=process_data_dag, task_id=process_data, run_id=manual__2025-11-12T23:11:20.896358+00:00, execution_date=20251112T231120, start_date=20251112T231127, end_date=20251112T231128
[2025-11-12T23:11:28.111+0000] {logging_mixin.py:190} INFO - Task instance in success state
[2025-11-12T23:11:28.111+0000] {logging_mixin.py:190} INFO -  Previous state of the Task instance: running
[2025-11-12T23:11:28.112+0000] {logging_mixin.py:190} INFO - Dag name:process_data_dag queued_at:2025-11-12 23:11:20.932375+00:00
[2025-11-12T23:11:28.112+0000] {logging_mixin.py:190} INFO - Task hostname:d10076d5890f operator:PythonOperator
[2025-11-12T23:11:28.151+0000] {local_task_job_runner.py:266} INFO - Task exited with return code 0
[2025-11-12T23:11:28.172+0000] {taskinstance.py:3924} INFO - 0 downstream tasks scheduled from follow-on schedule check
[2025-11-12T23:11:28.175+0000] {local_task_job_runner.py:245} INFO - ::endgroup::
