[2025-11-06T22:20:20.280+0000] {local_task_job_runner.py:123} INFO - ::group::Pre task execution logs
[2025-11-06T22:20:20.296+0000] {taskinstance.py:2631} INFO - Dependencies all met for dep_context=non-requeueable deps ti=<TaskInstance: input_data_dag.input_data scheduled__2025-03-01T00:00:00+00:00 [queued]>
[2025-11-06T22:20:20.303+0000] {taskinstance.py:2631} INFO - Dependencies all met for dep_context=requeueable deps ti=<TaskInstance: input_data_dag.input_data scheduled__2025-03-01T00:00:00+00:00 [queued]>
[2025-11-06T22:20:20.303+0000] {taskinstance.py:2884} INFO - Starting attempt 1 of 1
[2025-11-06T22:20:20.314+0000] {taskinstance.py:2907} INFO - Executing <Task(PythonOperator): input_data> on 2025-03-01 00:00:00+00:00
[2025-11-06T22:20:20.321+0000] {warnings.py:112} WARNING - /home/***/.local/lib/python3.12/site-packages/***/task/task_runner/standard_task_runner.py:70: DeprecationWarning: This process (pid=390) is multi-threaded, use of fork() may lead to deadlocks in the child.
  pid = os.fork()

[2025-11-06T22:20:20.323+0000] {standard_task_runner.py:72} INFO - Started process 430 to run task
[2025-11-06T22:20:20.324+0000] {standard_task_runner.py:104} INFO - Running: ['***', 'tasks', 'run', 'input_data_dag', 'input_data', 'scheduled__2025-03-01T00:00:00+00:00', '--job-id', '55', '--raw', '--subdir', 'DAGS_FOLDER/input_data_dag.py', '--cfg-path', '/tmp/tmpc8ep2bbx']
[2025-11-06T22:20:20.325+0000] {standard_task_runner.py:105} INFO - Job 55: Subtask input_data
[2025-11-06T22:20:20.360+0000] {task_command.py:467} INFO - Running <TaskInstance: input_data_dag.input_data scheduled__2025-03-01T00:00:00+00:00 [running]> on host 127da4241ae8
[2025-11-06T22:20:20.433+0000] {taskinstance.py:3157} INFO - Exporting env vars: AIRFLOW_CTX_DAG_OWNER='***' AIRFLOW_CTX_DAG_ID='input_data_dag' AIRFLOW_CTX_TASK_ID='input_data' AIRFLOW_CTX_EXECUTION_DATE='2025-03-01T00:00:00+00:00' AIRFLOW_CTX_TRY_NUMBER='1' AIRFLOW_CTX_DAG_RUN_ID='scheduled__2025-03-01T00:00:00+00:00'
[2025-11-06T22:20:20.434+0000] {logging_mixin.py:190} INFO - Task instance is in running state
[2025-11-06T22:20:20.434+0000] {logging_mixin.py:190} INFO -  Previous state of the Task instance: queued
[2025-11-06T22:20:20.435+0000] {logging_mixin.py:190} INFO - Current task name:input_data state:running start_date:2025-11-06 22:20:20.296309+00:00
[2025-11-06T22:20:20.435+0000] {logging_mixin.py:190} INFO - Dag name:input_data_dag and current dag run status:running
[2025-11-06T22:20:20.435+0000] {taskinstance.py:740} INFO - ::endgroup::
[2025-11-06T22:20:22.105+0000] {python.py:240} INFO - Done. Returned value was: None
[2025-11-06T22:20:22.113+0000] {taskinstance.py:349} INFO - ::group::Post task execution logs
[2025-11-06T22:20:22.113+0000] {taskinstance.py:361} INFO - Marking task as SUCCESS. dag_id=input_data_dag, task_id=input_data, run_id=scheduled__2025-03-01T00:00:00+00:00, execution_date=20250301T000000, start_date=20251106T222020, end_date=20251106T222022
[2025-11-06T22:20:22.128+0000] {logging_mixin.py:190} INFO - Task instance in success state
[2025-11-06T22:20:22.128+0000] {logging_mixin.py:190} INFO -  Previous state of the Task instance: running
[2025-11-06T22:20:22.128+0000] {logging_mixin.py:190} INFO - Dag name:input_data_dag queued_at:2025-11-06 22:19:27.979283+00:00
[2025-11-06T22:20:22.128+0000] {logging_mixin.py:190} INFO - Task hostname:127da4241ae8 operator:PythonOperator
[2025-11-06T22:20:22.141+0000] {local_task_job_runner.py:266} INFO - Task exited with return code 0
[2025-11-06T22:20:22.152+0000] {taskinstance.py:3924} INFO - 0 downstream tasks scheduled from follow-on schedule check
[2025-11-06T22:20:22.154+0000] {local_task_job_runner.py:245} INFO - ::endgroup::
[2025-11-06T22:26:27.357+0000] {local_task_job_runner.py:123} INFO - ::group::Pre task execution logs
[2025-11-06T22:26:27.396+0000] {taskinstance.py:2631} INFO - Dependencies all met for dep_context=non-requeueable deps ti=<TaskInstance: input_data_dag.input_data scheduled__2025-03-01T00:00:00+00:00 [queued]>
[2025-11-06T22:26:27.412+0000] {taskinstance.py:2631} INFO - Dependencies all met for dep_context=requeueable deps ti=<TaskInstance: input_data_dag.input_data scheduled__2025-03-01T00:00:00+00:00 [queued]>
[2025-11-06T22:26:27.413+0000] {taskinstance.py:2884} INFO - Starting attempt 1 of 1
[2025-11-06T22:26:27.432+0000] {taskinstance.py:2907} INFO - Executing <Task(PythonOperator): input_data> on 2025-03-01 00:00:00+00:00
[2025-11-06T22:26:27.451+0000] {warnings.py:112} WARNING - /home/***/.local/lib/python3.12/site-packages/***/task/task_runner/standard_task_runner.py:70: DeprecationWarning: This process (pid=110) is multi-threaded, use of fork() may lead to deadlocks in the child.
  pid = os.fork()

[2025-11-06T22:26:27.452+0000] {standard_task_runner.py:104} INFO - Running: ['***', 'tasks', 'run', 'input_data_dag', 'input_data', 'scheduled__2025-03-01T00:00:00+00:00', '--job-id', '104', '--raw', '--subdir', 'DAGS_FOLDER/input_data_dag.py', '--cfg-path', '/tmp/tmpj_a_csuu']
[2025-11-06T22:26:27.453+0000] {standard_task_runner.py:72} INFO - Started process 130 to run task
[2025-11-06T22:26:27.454+0000] {standard_task_runner.py:105} INFO - Job 104: Subtask input_data
[2025-11-06T22:26:27.514+0000] {task_command.py:467} INFO - Running <TaskInstance: input_data_dag.input_data scheduled__2025-03-01T00:00:00+00:00 [running]> on host 127da4241ae8
[2025-11-06T22:26:28.822+0000] {taskinstance.py:3157} INFO - Exporting env vars: AIRFLOW_CTX_DAG_OWNER='***' AIRFLOW_CTX_DAG_ID='input_data_dag' AIRFLOW_CTX_TASK_ID='input_data' AIRFLOW_CTX_EXECUTION_DATE='2025-03-01T00:00:00+00:00' AIRFLOW_CTX_TRY_NUMBER='1' AIRFLOW_CTX_DAG_RUN_ID='scheduled__2025-03-01T00:00:00+00:00'
[2025-11-06T22:26:28.825+0000] {logging_mixin.py:190} INFO - Task instance is in running state
[2025-11-06T22:26:28.826+0000] {logging_mixin.py:190} INFO -  Previous state of the Task instance: queued
[2025-11-06T22:26:28.827+0000] {logging_mixin.py:190} INFO - Current task name:input_data state:running start_date:2025-11-06 22:26:27.397281+00:00
[2025-11-06T22:26:28.827+0000] {logging_mixin.py:190} INFO - Dag name:input_data_dag and current dag run status:running
[2025-11-06T22:26:28.828+0000] {taskinstance.py:740} INFO - ::endgroup::
[2025-11-06T22:26:34.900+0000] {python.py:240} INFO - Done. Returned value was: None
[2025-11-06T22:26:34.918+0000] {taskinstance.py:349} INFO - ::group::Post task execution logs
[2025-11-06T22:26:34.919+0000] {taskinstance.py:361} INFO - Marking task as SUCCESS. dag_id=input_data_dag, task_id=input_data, run_id=scheduled__2025-03-01T00:00:00+00:00, execution_date=20250301T000000, start_date=20251106T222627, end_date=20251106T222634
[2025-11-06T22:26:34.959+0000] {logging_mixin.py:190} INFO - Task instance in success state
[2025-11-06T22:26:34.960+0000] {logging_mixin.py:190} INFO -  Previous state of the Task instance: running
[2025-11-06T22:26:34.960+0000] {logging_mixin.py:190} INFO - Dag name:input_data_dag queued_at:2025-11-06 22:25:59.187963+00:00
[2025-11-06T22:26:34.960+0000] {logging_mixin.py:190} INFO - Task hostname:127da4241ae8 operator:PythonOperator
[2025-11-06T22:26:35.024+0000] {local_task_job_runner.py:266} INFO - Task exited with return code 0
[2025-11-06T22:26:35.051+0000] {taskinstance.py:3924} INFO - 0 downstream tasks scheduled from follow-on schedule check
[2025-11-06T22:26:35.055+0000] {local_task_job_runner.py:245} INFO - ::endgroup::
