[2025-11-12T23:14:10.988+0000] {local_task_job_runner.py:123} INFO - ::group::Pre task execution logs
[2025-11-12T23:14:11.001+0000] {taskinstance.py:2631} INFO - Dependencies all met for dep_context=non-requeueable deps ti=<TaskInstance: input_data_dag.input_data scheduled__2025-08-01T00:00:00+00:00 [queued]>
[2025-11-12T23:14:11.006+0000] {taskinstance.py:2631} INFO - Dependencies all met for dep_context=requeueable deps ti=<TaskInstance: input_data_dag.input_data scheduled__2025-08-01T00:00:00+00:00 [queued]>
[2025-11-12T23:14:11.006+0000] {taskinstance.py:2884} INFO - Starting attempt 2 of 1
[2025-11-12T23:14:11.013+0000] {taskinstance.py:2907} INFO - Executing <Task(PythonOperator): input_data> on 2025-08-01 00:00:00+00:00
[2025-11-12T23:14:11.018+0000] {warnings.py:112} WARNING - /home/***/.local/lib/python3.12/site-packages/***/task/task_runner/standard_task_runner.py:70: DeprecationWarning: This process (pid=149) is multi-threaded, use of fork() may lead to deadlocks in the child.
  pid = os.fork()

[2025-11-12T23:14:11.019+0000] {standard_task_runner.py:72} INFO - Started process 157 to run task
[2025-11-12T23:14:11.020+0000] {standard_task_runner.py:104} INFO - Running: ['***', 'tasks', 'run', 'input_data_dag', 'input_data', 'scheduled__2025-08-01T00:00:00+00:00', '--job-id', '334', '--raw', '--subdir', 'DAGS_FOLDER/input_data_dag.py', '--cfg-path', '/tmp/tmpymejact2']
[2025-11-12T23:14:11.021+0000] {standard_task_runner.py:105} INFO - Job 334: Subtask input_data
[2025-11-12T23:14:11.054+0000] {task_command.py:467} INFO - Running <TaskInstance: input_data_dag.input_data scheduled__2025-08-01T00:00:00+00:00 [running]> on host d10076d5890f
[2025-11-12T23:14:11.241+0000] {taskinstance.py:3157} INFO - Exporting env vars: AIRFLOW_CTX_DAG_OWNER='***' AIRFLOW_CTX_DAG_ID='input_data_dag' AIRFLOW_CTX_TASK_ID='input_data' AIRFLOW_CTX_EXECUTION_DATE='2025-08-01T00:00:00+00:00' AIRFLOW_CTX_TRY_NUMBER='2' AIRFLOW_CTX_DAG_RUN_ID='scheduled__2025-08-01T00:00:00+00:00'
[2025-11-12T23:14:11.242+0000] {logging_mixin.py:190} INFO - Task instance is in running state
[2025-11-12T23:14:11.242+0000] {logging_mixin.py:190} INFO -  Previous state of the Task instance: queued
[2025-11-12T23:14:11.242+0000] {logging_mixin.py:190} INFO - Current task name:input_data state:running start_date:2025-11-12 23:14:11.002137+00:00
[2025-11-12T23:14:11.243+0000] {logging_mixin.py:190} INFO - Dag name:input_data_dag and current dag run status:running
[2025-11-12T23:14:11.243+0000] {taskinstance.py:740} INFO - ::endgroup::
[2025-11-12T23:14:12.362+0000] {python.py:240} INFO - Done. Returned value was: None
[2025-11-12T23:14:12.368+0000] {taskinstance.py:349} INFO - ::group::Post task execution logs
[2025-11-12T23:14:12.368+0000] {taskinstance.py:361} INFO - Marking task as SUCCESS. dag_id=input_data_dag, task_id=input_data, run_id=scheduled__2025-08-01T00:00:00+00:00, execution_date=20250801T000000, start_date=20251112T231411, end_date=20251112T231412
[2025-11-12T23:14:12.383+0000] {logging_mixin.py:190} INFO - Task instance in success state
[2025-11-12T23:14:12.384+0000] {logging_mixin.py:190} INFO -  Previous state of the Task instance: running
[2025-11-12T23:14:12.384+0000] {logging_mixin.py:190} INFO - Dag name:input_data_dag queued_at:2025-11-12 22:56:12.639050+00:00
[2025-11-12T23:14:12.384+0000] {logging_mixin.py:190} INFO - Task hostname:d10076d5890f operator:PythonOperator
[2025-11-12T23:14:12.395+0000] {local_task_job_runner.py:266} INFO - Task exited with return code 0
[2025-11-12T23:14:12.406+0000] {taskinstance.py:3924} INFO - 0 downstream tasks scheduled from follow-on schedule check
[2025-11-12T23:14:12.408+0000] {local_task_job_runner.py:245} INFO - ::endgroup::
