[2025-11-06T22:20:28.215+0000] {local_task_job_runner.py:123} INFO - ::group::Pre task execution logs
[2025-11-06T22:20:28.232+0000] {taskinstance.py:2631} INFO - Dependencies all met for dep_context=non-requeueable deps ti=<TaskInstance: input_data_dag.input_data scheduled__2025-08-01T00:00:00+00:00 [queued]>
[2025-11-06T22:20:28.239+0000] {taskinstance.py:2631} INFO - Dependencies all met for dep_context=requeueable deps ti=<TaskInstance: input_data_dag.input_data scheduled__2025-08-01T00:00:00+00:00 [queued]>
[2025-11-06T22:20:28.240+0000] {taskinstance.py:2884} INFO - Starting attempt 1 of 1
[2025-11-06T22:20:28.250+0000] {taskinstance.py:2907} INFO - Executing <Task(PythonOperator): input_data> on 2025-08-01 00:00:00+00:00
[2025-11-06T22:20:28.262+0000] {warnings.py:112} WARNING - /home/***/.local/lib/python3.12/site-packages/***/task/task_runner/standard_task_runner.py:70: DeprecationWarning: This process (pid=439) is multi-threaded, use of fork() may lead to deadlocks in the child.
  pid = os.fork()

[2025-11-06T22:20:28.263+0000] {standard_task_runner.py:72} INFO - Started process 450 to run task
[2025-11-06T22:20:28.264+0000] {standard_task_runner.py:104} INFO - Running: ['***', 'tasks', 'run', 'input_data_dag', 'input_data', 'scheduled__2025-08-01T00:00:00+00:00', '--job-id', '59', '--raw', '--subdir', 'DAGS_FOLDER/input_data_dag.py', '--cfg-path', '/tmp/tmptcgjb0zj']
[2025-11-06T22:20:28.265+0000] {standard_task_runner.py:105} INFO - Job 59: Subtask input_data
[2025-11-06T22:20:28.310+0000] {task_command.py:467} INFO - Running <TaskInstance: input_data_dag.input_data scheduled__2025-08-01T00:00:00+00:00 [running]> on host 127da4241ae8
[2025-11-06T22:20:28.385+0000] {taskinstance.py:3157} INFO - Exporting env vars: AIRFLOW_CTX_DAG_OWNER='***' AIRFLOW_CTX_DAG_ID='input_data_dag' AIRFLOW_CTX_TASK_ID='input_data' AIRFLOW_CTX_EXECUTION_DATE='2025-08-01T00:00:00+00:00' AIRFLOW_CTX_TRY_NUMBER='1' AIRFLOW_CTX_DAG_RUN_ID='scheduled__2025-08-01T00:00:00+00:00'
[2025-11-06T22:20:28.386+0000] {logging_mixin.py:190} INFO - Task instance is in running state
[2025-11-06T22:20:28.387+0000] {logging_mixin.py:190} INFO -  Previous state of the Task instance: queued
[2025-11-06T22:20:28.387+0000] {logging_mixin.py:190} INFO - Current task name:input_data state:running start_date:2025-11-06 22:20:28.233229+00:00
[2025-11-06T22:20:28.387+0000] {logging_mixin.py:190} INFO - Dag name:input_data_dag and current dag run status:running
[2025-11-06T22:20:28.387+0000] {taskinstance.py:740} INFO - ::endgroup::
[2025-11-06T22:20:29.173+0000] {python.py:240} INFO - Done. Returned value was: None
[2025-11-06T22:20:29.179+0000] {taskinstance.py:349} INFO - ::group::Post task execution logs
[2025-11-06T22:20:29.179+0000] {taskinstance.py:361} INFO - Marking task as SUCCESS. dag_id=input_data_dag, task_id=input_data, run_id=scheduled__2025-08-01T00:00:00+00:00, execution_date=20250801T000000, start_date=20251106T222028, end_date=20251106T222029
[2025-11-06T22:20:29.196+0000] {logging_mixin.py:190} INFO - Task instance in success state
[2025-11-06T22:20:29.196+0000] {logging_mixin.py:190} INFO -  Previous state of the Task instance: running
[2025-11-06T22:20:29.196+0000] {logging_mixin.py:190} INFO - Dag name:input_data_dag queued_at:2025-11-06 22:20:24.868448+00:00
[2025-11-06T22:20:29.197+0000] {logging_mixin.py:190} INFO - Task hostname:127da4241ae8 operator:PythonOperator
[2025-11-06T22:20:29.240+0000] {local_task_job_runner.py:266} INFO - Task exited with return code 0
[2025-11-06T22:20:29.262+0000] {taskinstance.py:3924} INFO - 0 downstream tasks scheduled from follow-on schedule check
[2025-11-06T22:20:29.269+0000] {local_task_job_runner.py:245} INFO - ::endgroup::
[2025-11-06T22:26:46.855+0000] {local_task_job_runner.py:123} INFO - ::group::Pre task execution logs
[2025-11-06T22:26:46.872+0000] {taskinstance.py:2631} INFO - Dependencies all met for dep_context=non-requeueable deps ti=<TaskInstance: input_data_dag.input_data scheduled__2025-08-01T00:00:00+00:00 [queued]>
[2025-11-06T22:26:46.881+0000] {taskinstance.py:2631} INFO - Dependencies all met for dep_context=requeueable deps ti=<TaskInstance: input_data_dag.input_data scheduled__2025-08-01T00:00:00+00:00 [queued]>
[2025-11-06T22:26:46.881+0000] {taskinstance.py:2884} INFO - Starting attempt 1 of 1
[2025-11-06T22:26:46.902+0000] {taskinstance.py:2907} INFO - Executing <Task(PythonOperator): input_data> on 2025-08-01 00:00:00+00:00
[2025-11-06T22:26:46.915+0000] {warnings.py:112} WARNING - /home/***/.local/lib/python3.12/site-packages/***/task/task_runner/standard_task_runner.py:70: DeprecationWarning: This process (pid=166) is multi-threaded, use of fork() may lead to deadlocks in the child.
  pid = os.fork()

[2025-11-06T22:26:46.917+0000] {standard_task_runner.py:72} INFO - Started process 174 to run task
[2025-11-06T22:26:46.917+0000] {standard_task_runner.py:104} INFO - Running: ['***', 'tasks', 'run', 'input_data_dag', 'input_data', 'scheduled__2025-08-01T00:00:00+00:00', '--job-id', '119', '--raw', '--subdir', 'DAGS_FOLDER/input_data_dag.py', '--cfg-path', '/tmp/tmpmbncf8j6']
[2025-11-06T22:26:46.918+0000] {standard_task_runner.py:105} INFO - Job 119: Subtask input_data
[2025-11-06T22:26:46.958+0000] {task_command.py:467} INFO - Running <TaskInstance: input_data_dag.input_data scheduled__2025-08-01T00:00:00+00:00 [running]> on host 127da4241ae8
[2025-11-06T22:26:47.039+0000] {taskinstance.py:3157} INFO - Exporting env vars: AIRFLOW_CTX_DAG_OWNER='***' AIRFLOW_CTX_DAG_ID='input_data_dag' AIRFLOW_CTX_TASK_ID='input_data' AIRFLOW_CTX_EXECUTION_DATE='2025-08-01T00:00:00+00:00' AIRFLOW_CTX_TRY_NUMBER='1' AIRFLOW_CTX_DAG_RUN_ID='scheduled__2025-08-01T00:00:00+00:00'
[2025-11-06T22:26:47.040+0000] {logging_mixin.py:190} INFO - Task instance is in running state
[2025-11-06T22:26:47.040+0000] {logging_mixin.py:190} INFO -  Previous state of the Task instance: queued
[2025-11-06T22:26:47.040+0000] {logging_mixin.py:190} INFO - Current task name:input_data state:running start_date:2025-11-06 22:26:46.872808+00:00
[2025-11-06T22:26:47.040+0000] {logging_mixin.py:190} INFO - Dag name:input_data_dag and current dag run status:running
[2025-11-06T22:26:47.040+0000] {taskinstance.py:740} INFO - ::endgroup::
[2025-11-06T22:26:47.893+0000] {python.py:240} INFO - Done. Returned value was: None
[2025-11-06T22:26:47.903+0000] {taskinstance.py:349} INFO - ::group::Post task execution logs
[2025-11-06T22:26:47.903+0000] {taskinstance.py:361} INFO - Marking task as SUCCESS. dag_id=input_data_dag, task_id=input_data, run_id=scheduled__2025-08-01T00:00:00+00:00, execution_date=20250801T000000, start_date=20251106T222646, end_date=20251106T222647
[2025-11-06T22:26:47.928+0000] {logging_mixin.py:190} INFO - Task instance in success state
[2025-11-06T22:26:47.929+0000] {logging_mixin.py:190} INFO -  Previous state of the Task instance: running
[2025-11-06T22:26:47.929+0000] {logging_mixin.py:190} INFO - Dag name:input_data_dag queued_at:2025-11-06 22:26:44.959937+00:00
[2025-11-06T22:26:47.929+0000] {logging_mixin.py:190} INFO - Task hostname:127da4241ae8 operator:PythonOperator
[2025-11-06T22:26:47.974+0000] {local_task_job_runner.py:266} INFO - Task exited with return code 0
[2025-11-06T22:26:47.992+0000] {taskinstance.py:3924} INFO - 0 downstream tasks scheduled from follow-on schedule check
[2025-11-06T22:26:47.994+0000] {local_task_job_runner.py:245} INFO - ::endgroup::
