[2025-11-05T23:58:05.034+0000] {local_task_job_runner.py:123} INFO - ::group::Pre task execution logs
[2025-11-05T23:58:05.050+0000] {taskinstance.py:2631} INFO - Dependencies all met for dep_context=non-requeueable deps ti=<TaskInstance: input_data_dag.input_data manual__2025-11-05T23:58:03.297688+00:00 [queued]>
[2025-11-05T23:58:05.055+0000] {taskinstance.py:2631} INFO - Dependencies all met for dep_context=requeueable deps ti=<TaskInstance: input_data_dag.input_data manual__2025-11-05T23:58:03.297688+00:00 [queued]>
[2025-11-05T23:58:05.055+0000] {taskinstance.py:2884} INFO - Starting attempt 1 of 1
[2025-11-05T23:58:05.066+0000] {taskinstance.py:2907} INFO - Executing <Task(PythonOperator): input_data> on 2025-11-05 23:58:03.297688+00:00
[2025-11-05T23:58:05.073+0000] {warnings.py:112} WARNING - /home/***/.local/lib/python3.12/site-packages/***/task/task_runner/standard_task_runner.py:70: DeprecationWarning: This process (pid=1200) is multi-threaded, use of fork() may lead to deadlocks in the child.
  pid = os.fork()

[2025-11-05T23:58:05.074+0000] {standard_task_runner.py:72} INFO - Started process 1202 to run task
[2025-11-05T23:58:05.075+0000] {standard_task_runner.py:104} INFO - Running: ['***', 'tasks', 'run', 'input_data_dag', 'input_data', 'manual__2025-11-05T23:58:03.297688+00:00', '--job-id', '26', '--raw', '--subdir', 'DAGS_FOLDER/input_data_dag.py', '--cfg-path', '/tmp/tmp3tndvhlp']
[2025-11-05T23:58:05.076+0000] {standard_task_runner.py:105} INFO - Job 26: Subtask input_data
[2025-11-05T23:58:05.104+0000] {task_command.py:467} INFO - Running <TaskInstance: input_data_dag.input_data manual__2025-11-05T23:58:03.297688+00:00 [running]> on host 0aab0f5ea6cf
[2025-11-05T23:58:05.411+0000] {taskinstance.py:3157} INFO - Exporting env vars: AIRFLOW_CTX_DAG_OWNER='***' AIRFLOW_CTX_DAG_ID='input_data_dag' AIRFLOW_CTX_TASK_ID='input_data' AIRFLOW_CTX_EXECUTION_DATE='2025-11-05T23:58:03.297688+00:00' AIRFLOW_CTX_TRY_NUMBER='1' AIRFLOW_CTX_DAG_RUN_ID='manual__2025-11-05T23:58:03.297688+00:00'
[2025-11-05T23:58:05.413+0000] {logging_mixin.py:190} INFO - Task instance is in running state
[2025-11-05T23:58:05.414+0000] {logging_mixin.py:190} INFO -  Previous state of the Task instance: queued
[2025-11-05T23:58:05.414+0000] {logging_mixin.py:190} INFO - Current task name:input_data state:running start_date:2025-11-05 23:58:05.050420+00:00
[2025-11-05T23:58:05.414+0000] {logging_mixin.py:190} INFO - Dag name:input_data_dag and current dag run status:running
[2025-11-05T23:58:05.415+0000] {taskinstance.py:740} INFO - ::endgroup::
[2025-11-05T23:58:25.405+0000] {logging_mixin.py:190} INFO - b'"data";"valor"\r\n"03/11/2025";"0,055131"\r\n"04/11/2025";"0,055131"\r\n"05/11/2025";"0,055131"\r\n'
[2025-11-05T23:58:25.408+0000] {python.py:240} INFO - Done. Returned value was: None
[2025-11-05T23:58:25.421+0000] {taskinstance.py:349} INFO - ::group::Post task execution logs
[2025-11-05T23:58:25.421+0000] {taskinstance.py:361} INFO - Marking task as SUCCESS. dag_id=input_data_dag, task_id=input_data, run_id=manual__2025-11-05T23:58:03.297688+00:00, execution_date=20251105T235803, start_date=20251105T235805, end_date=20251105T235825
[2025-11-05T23:58:25.457+0000] {logging_mixin.py:190} INFO - Task instance in success state
[2025-11-05T23:58:25.457+0000] {logging_mixin.py:190} INFO -  Previous state of the Task instance: running
[2025-11-05T23:58:25.457+0000] {logging_mixin.py:190} INFO - Dag name:input_data_dag queued_at:2025-11-05 23:58:03.306958+00:00
[2025-11-05T23:58:25.458+0000] {logging_mixin.py:190} INFO - Task hostname:0aab0f5ea6cf operator:PythonOperator
[2025-11-05T23:58:25.488+0000] {local_task_job_runner.py:266} INFO - Task exited with return code 0
[2025-11-05T23:58:25.502+0000] {taskinstance.py:3924} INFO - 0 downstream tasks scheduled from follow-on schedule check
[2025-11-05T23:58:25.504+0000] {local_task_job_runner.py:245} INFO - ::endgroup::
