[2025-11-11T00:11:33.756+0000] {processor.py:186} INFO - Started process (PID=51) to work on /opt/airflow/dags/process_data_dag.py
[2025-11-11T00:11:33.757+0000] {processor.py:914} INFO - Processing file /opt/airflow/dags/process_data_dag.py for tasks to queue
[2025-11-11T00:11:33.759+0000] {logging_mixin.py:190} INFO - [2025-11-11T00:11:33.759+0000] {dagbag.py:588} INFO - Filling up the DagBag from /opt/airflow/dags/process_data_dag.py
[2025-11-11T00:11:34.654+0000] {processor.py:925} INFO - DAG(s) 'teste_1' retrieved from /opt/airflow/dags/process_data_dag.py
[2025-11-11T00:11:35.272+0000] {logging_mixin.py:190} INFO - [2025-11-11T00:11:35.271+0000] {override.py:1930} INFO - Created Permission View: can edit on DAG:teste_1
[2025-11-11T00:11:35.328+0000] {logging_mixin.py:190} INFO - [2025-11-11T00:11:35.328+0000] {override.py:1930} INFO - Created Permission View: can delete on DAG:teste_1
[2025-11-11T00:11:35.352+0000] {logging_mixin.py:190} INFO - [2025-11-11T00:11:35.352+0000] {override.py:1930} INFO - Created Permission View: can read on DAG:teste_1
[2025-11-11T00:11:35.391+0000] {logging_mixin.py:190} INFO - [2025-11-11T00:11:35.390+0000] {override.py:1930} INFO - Created Permission View: menu access on DAG Run:teste_1
[2025-11-11T00:11:35.404+0000] {logging_mixin.py:190} INFO - [2025-11-11T00:11:35.404+0000] {override.py:1930} INFO - Created Permission View: can create on DAG Run:teste_1
[2025-11-11T00:11:35.417+0000] {logging_mixin.py:190} INFO - [2025-11-11T00:11:35.416+0000] {override.py:1930} INFO - Created Permission View: can read on DAG Run:teste_1
[2025-11-11T00:11:35.428+0000] {logging_mixin.py:190} INFO - [2025-11-11T00:11:35.428+0000] {override.py:1930} INFO - Created Permission View: can delete on DAG Run:teste_1
[2025-11-11T00:11:35.429+0000] {logging_mixin.py:190} INFO - [2025-11-11T00:11:35.428+0000] {dag.py:3239} INFO - Sync 1 DAGs
[2025-11-11T00:11:35.435+0000] {logging_mixin.py:190} INFO - [2025-11-11T00:11:35.435+0000] {dag.py:3262} INFO - Creating ORM DAG for teste_1
[2025-11-11T00:11:35.441+0000] {logging_mixin.py:190} INFO - [2025-11-11T00:11:35.441+0000] {dag.py:4180} INFO - Setting next_dagrun for teste_1 to 2025-01-01 00:00:00+00:00, run_after=2025-02-01 00:00:00+00:00
[2025-11-11T00:11:35.461+0000] {processor.py:208} INFO - Processing /opt/airflow/dags/process_data_dag.py took 1.710 seconds
[2025-11-11T00:12:05.684+0000] {processor.py:186} INFO - Started process (PID=116) to work on /opt/airflow/dags/process_data_dag.py
[2025-11-11T00:12:05.687+0000] {processor.py:914} INFO - Processing file /opt/airflow/dags/process_data_dag.py for tasks to queue
[2025-11-11T00:12:05.689+0000] {logging_mixin.py:190} INFO - [2025-11-11T00:12:05.688+0000] {dagbag.py:588} INFO - Filling up the DagBag from /opt/airflow/dags/process_data_dag.py
[2025-11-11T00:12:05.733+0000] {processor.py:925} INFO - DAG(s) 'teste_1' retrieved from /opt/airflow/dags/process_data_dag.py
[2025-11-11T00:12:05.743+0000] {logging_mixin.py:190} INFO - [2025-11-11T00:12:05.743+0000] {dag.py:3239} INFO - Sync 1 DAGs
[2025-11-11T00:12:05.756+0000] {logging_mixin.py:190} INFO - [2025-11-11T00:12:05.755+0000] {dag.py:4180} INFO - Setting next_dagrun for teste_1 to 2025-01-01 00:00:00+00:00, run_after=2025-02-01 00:00:00+00:00
[2025-11-11T00:12:05.767+0000] {processor.py:208} INFO - Processing /opt/airflow/dags/process_data_dag.py took 0.088 seconds
[2025-11-11T00:12:09.866+0000] {processor.py:186} INFO - Started process (PID=126) to work on /opt/airflow/dags/process_data_dag.py
[2025-11-11T00:12:09.867+0000] {processor.py:914} INFO - Processing file /opt/airflow/dags/process_data_dag.py for tasks to queue
[2025-11-11T00:12:09.869+0000] {logging_mixin.py:190} INFO - [2025-11-11T00:12:09.869+0000] {dagbag.py:588} INFO - Filling up the DagBag from /opt/airflow/dags/process_data_dag.py
[2025-11-11T00:12:09.920+0000] {processor.py:925} INFO - DAG(s) 'process_data_dag' retrieved from /opt/airflow/dags/process_data_dag.py
[2025-11-11T00:12:09.990+0000] {logging_mixin.py:190} INFO - [2025-11-11T00:12:09.990+0000] {override.py:1930} INFO - Created Permission View: can edit on DAG:process_data_dag
[2025-11-11T00:12:09.997+0000] {logging_mixin.py:190} INFO - [2025-11-11T00:12:09.997+0000] {override.py:1930} INFO - Created Permission View: can delete on DAG:process_data_dag
[2025-11-11T00:12:10.001+0000] {logging_mixin.py:190} INFO - [2025-11-11T00:12:10.001+0000] {override.py:1930} INFO - Created Permission View: can read on DAG:process_data_dag
[2025-11-11T00:12:10.011+0000] {logging_mixin.py:190} INFO - [2025-11-11T00:12:10.010+0000] {override.py:1930} INFO - Created Permission View: menu access on DAG Run:process_data_dag
[2025-11-11T00:12:10.017+0000] {logging_mixin.py:190} INFO - [2025-11-11T00:12:10.017+0000] {override.py:1930} INFO - Created Permission View: can create on DAG Run:process_data_dag
[2025-11-11T00:12:10.025+0000] {logging_mixin.py:190} INFO - [2025-11-11T00:12:10.024+0000] {override.py:1930} INFO - Created Permission View: can read on DAG Run:process_data_dag
[2025-11-11T00:12:10.031+0000] {logging_mixin.py:190} INFO - [2025-11-11T00:12:10.031+0000] {override.py:1930} INFO - Created Permission View: can delete on DAG Run:process_data_dag
[2025-11-11T00:12:10.032+0000] {logging_mixin.py:190} INFO - [2025-11-11T00:12:10.031+0000] {dag.py:3239} INFO - Sync 1 DAGs
[2025-11-11T00:12:10.041+0000] {logging_mixin.py:190} INFO - [2025-11-11T00:12:10.041+0000] {dag.py:3262} INFO - Creating ORM DAG for process_data_dag
[2025-11-11T00:12:10.051+0000] {logging_mixin.py:190} INFO - [2025-11-11T00:12:10.051+0000] {dag.py:4180} INFO - Setting next_dagrun for process_data_dag to 2025-01-01 00:00:00+00:00, run_after=2025-02-01 00:00:00+00:00
[2025-11-11T00:12:10.062+0000] {processor.py:208} INFO - Processing /opt/airflow/dags/process_data_dag.py took 0.200 seconds
[2025-11-11T00:12:40.247+0000] {processor.py:186} INFO - Started process (PID=191) to work on /opt/airflow/dags/process_data_dag.py
[2025-11-11T00:12:40.248+0000] {processor.py:914} INFO - Processing file /opt/airflow/dags/process_data_dag.py for tasks to queue
[2025-11-11T00:12:40.250+0000] {logging_mixin.py:190} INFO - [2025-11-11T00:12:40.250+0000] {dagbag.py:588} INFO - Filling up the DagBag from /opt/airflow/dags/process_data_dag.py
[2025-11-11T00:12:40.292+0000] {processor.py:925} INFO - DAG(s) 'process_data_dag' retrieved from /opt/airflow/dags/process_data_dag.py
[2025-11-11T00:12:40.303+0000] {logging_mixin.py:190} INFO - [2025-11-11T00:12:40.302+0000] {dag.py:3239} INFO - Sync 1 DAGs
[2025-11-11T00:12:40.314+0000] {logging_mixin.py:190} INFO - [2025-11-11T00:12:40.314+0000] {dag.py:4180} INFO - Setting next_dagrun for process_data_dag to 2025-01-01 00:00:00+00:00, run_after=2025-02-01 00:00:00+00:00
[2025-11-11T00:12:40.327+0000] {processor.py:208} INFO - Processing /opt/airflow/dags/process_data_dag.py took 0.087 seconds
[2025-11-11T00:13:10.413+0000] {processor.py:186} INFO - Started process (PID=256) to work on /opt/airflow/dags/process_data_dag.py
[2025-11-11T00:13:10.414+0000] {processor.py:914} INFO - Processing file /opt/airflow/dags/process_data_dag.py for tasks to queue
[2025-11-11T00:13:10.417+0000] {logging_mixin.py:190} INFO - [2025-11-11T00:13:10.417+0000] {dagbag.py:588} INFO - Filling up the DagBag from /opt/airflow/dags/process_data_dag.py
[2025-11-11T00:13:10.460+0000] {processor.py:925} INFO - DAG(s) 'process_data_dag' retrieved from /opt/airflow/dags/process_data_dag.py
[2025-11-11T00:13:10.470+0000] {logging_mixin.py:190} INFO - [2025-11-11T00:13:10.470+0000] {dag.py:3239} INFO - Sync 1 DAGs
[2025-11-11T00:13:10.483+0000] {logging_mixin.py:190} INFO - [2025-11-11T00:13:10.483+0000] {dag.py:4180} INFO - Setting next_dagrun for process_data_dag to 2025-01-01 00:00:00+00:00, run_after=2025-02-01 00:00:00+00:00
[2025-11-11T00:13:10.494+0000] {processor.py:208} INFO - Processing /opt/airflow/dags/process_data_dag.py took 0.085 seconds
[2025-11-11T00:13:41.409+0000] {processor.py:186} INFO - Started process (PID=321) to work on /opt/airflow/dags/process_data_dag.py
[2025-11-11T00:13:41.410+0000] {processor.py:914} INFO - Processing file /opt/airflow/dags/process_data_dag.py for tasks to queue
[2025-11-11T00:13:41.410+0000] {logging_mixin.py:190} INFO - [2025-11-11T00:13:41.410+0000] {dagbag.py:588} INFO - Filling up the DagBag from /opt/airflow/dags/process_data_dag.py
[2025-11-11T00:13:41.453+0000] {processor.py:925} INFO - DAG(s) 'process_data_dag' retrieved from /opt/airflow/dags/process_data_dag.py
[2025-11-11T00:13:41.464+0000] {logging_mixin.py:190} INFO - [2025-11-11T00:13:41.464+0000] {dag.py:3239} INFO - Sync 1 DAGs
[2025-11-11T00:13:41.476+0000] {logging_mixin.py:190} INFO - [2025-11-11T00:13:41.476+0000] {dag.py:4180} INFO - Setting next_dagrun for process_data_dag to 2025-01-01 00:00:00+00:00, run_after=2025-02-01 00:00:00+00:00
[2025-11-11T00:13:41.488+0000] {processor.py:208} INFO - Processing /opt/airflow/dags/process_data_dag.py took 0.083 seconds
[2025-11-11T00:14:11.603+0000] {processor.py:186} INFO - Started process (PID=386) to work on /opt/airflow/dags/process_data_dag.py
[2025-11-11T00:14:11.604+0000] {processor.py:914} INFO - Processing file /opt/airflow/dags/process_data_dag.py for tasks to queue
[2025-11-11T00:14:11.606+0000] {logging_mixin.py:190} INFO - [2025-11-11T00:14:11.606+0000] {dagbag.py:588} INFO - Filling up the DagBag from /opt/airflow/dags/process_data_dag.py
[2025-11-11T00:14:11.649+0000] {processor.py:925} INFO - DAG(s) 'process_data_dag' retrieved from /opt/airflow/dags/process_data_dag.py
[2025-11-11T00:14:11.660+0000] {logging_mixin.py:190} INFO - [2025-11-11T00:14:11.660+0000] {dag.py:3239} INFO - Sync 1 DAGs
[2025-11-11T00:14:11.674+0000] {logging_mixin.py:190} INFO - [2025-11-11T00:14:11.673+0000] {dag.py:4180} INFO - Setting next_dagrun for process_data_dag to 2025-01-01 00:00:00+00:00, run_after=2025-02-01 00:00:00+00:00
[2025-11-11T00:14:11.682+0000] {processor.py:208} INFO - Processing /opt/airflow/dags/process_data_dag.py took 0.087 seconds
[2025-11-11T00:14:41.987+0000] {processor.py:186} INFO - Started process (PID=451) to work on /opt/airflow/dags/process_data_dag.py
[2025-11-11T00:14:41.989+0000] {processor.py:914} INFO - Processing file /opt/airflow/dags/process_data_dag.py for tasks to queue
[2025-11-11T00:14:41.991+0000] {logging_mixin.py:190} INFO - [2025-11-11T00:14:41.990+0000] {dagbag.py:588} INFO - Filling up the DagBag from /opt/airflow/dags/process_data_dag.py
[2025-11-11T00:14:42.033+0000] {processor.py:925} INFO - DAG(s) 'process_data_dag' retrieved from /opt/airflow/dags/process_data_dag.py
[2025-11-11T00:14:42.045+0000] {logging_mixin.py:190} INFO - [2025-11-11T00:14:42.045+0000] {dag.py:3239} INFO - Sync 1 DAGs
[2025-11-11T00:14:42.066+0000] {logging_mixin.py:190} INFO - [2025-11-11T00:14:42.065+0000] {dag.py:4180} INFO - Setting next_dagrun for process_data_dag to 2025-01-01 00:00:00+00:00, run_after=2025-02-01 00:00:00+00:00
[2025-11-11T00:14:42.083+0000] {processor.py:208} INFO - Processing /opt/airflow/dags/process_data_dag.py took 0.101 seconds
[2025-11-11T00:15:12.692+0000] {processor.py:186} INFO - Started process (PID=516) to work on /opt/airflow/dags/process_data_dag.py
[2025-11-11T00:15:12.694+0000] {processor.py:914} INFO - Processing file /opt/airflow/dags/process_data_dag.py for tasks to queue
[2025-11-11T00:15:12.695+0000] {logging_mixin.py:190} INFO - [2025-11-11T00:15:12.695+0000] {dagbag.py:588} INFO - Filling up the DagBag from /opt/airflow/dags/process_data_dag.py
[2025-11-11T00:15:12.737+0000] {processor.py:925} INFO - DAG(s) 'process_data_dag' retrieved from /opt/airflow/dags/process_data_dag.py
[2025-11-11T00:15:12.750+0000] {logging_mixin.py:190} INFO - [2025-11-11T00:15:12.750+0000] {dag.py:3239} INFO - Sync 1 DAGs
[2025-11-11T00:15:12.764+0000] {logging_mixin.py:190} INFO - [2025-11-11T00:15:12.764+0000] {dag.py:4180} INFO - Setting next_dagrun for process_data_dag to 2025-01-01 00:00:00+00:00, run_after=2025-02-01 00:00:00+00:00
[2025-11-11T00:15:12.776+0000] {processor.py:208} INFO - Processing /opt/airflow/dags/process_data_dag.py took 0.089 seconds
[2025-11-11T00:15:42.953+0000] {processor.py:186} INFO - Started process (PID=581) to work on /opt/airflow/dags/process_data_dag.py
[2025-11-11T00:15:42.954+0000] {processor.py:914} INFO - Processing file /opt/airflow/dags/process_data_dag.py for tasks to queue
[2025-11-11T00:15:42.954+0000] {logging_mixin.py:190} INFO - [2025-11-11T00:15:42.954+0000] {dagbag.py:588} INFO - Filling up the DagBag from /opt/airflow/dags/process_data_dag.py
[2025-11-11T00:15:43.002+0000] {processor.py:925} INFO - DAG(s) 'process_data_dag' retrieved from /opt/airflow/dags/process_data_dag.py
[2025-11-11T00:15:43.013+0000] {logging_mixin.py:190} INFO - [2025-11-11T00:15:43.013+0000] {dag.py:3239} INFO - Sync 1 DAGs
[2025-11-11T00:15:43.027+0000] {logging_mixin.py:190} INFO - [2025-11-11T00:15:43.027+0000] {dag.py:4180} INFO - Setting next_dagrun for process_data_dag to 2025-01-01 00:00:00+00:00, run_after=2025-02-01 00:00:00+00:00
[2025-11-11T00:15:43.037+0000] {processor.py:208} INFO - Processing /opt/airflow/dags/process_data_dag.py took 0.090 seconds
[2025-11-11T00:16:13.696+0000] {processor.py:186} INFO - Started process (PID=646) to work on /opt/airflow/dags/process_data_dag.py
[2025-11-11T00:16:13.698+0000] {processor.py:914} INFO - Processing file /opt/airflow/dags/process_data_dag.py for tasks to queue
[2025-11-11T00:16:13.698+0000] {logging_mixin.py:190} INFO - [2025-11-11T00:16:13.698+0000] {dagbag.py:588} INFO - Filling up the DagBag from /opt/airflow/dags/process_data_dag.py
[2025-11-11T00:16:13.741+0000] {processor.py:925} INFO - DAG(s) 'process_data_dag' retrieved from /opt/airflow/dags/process_data_dag.py
[2025-11-11T00:16:13.755+0000] {logging_mixin.py:190} INFO - [2025-11-11T00:16:13.755+0000] {dag.py:3239} INFO - Sync 1 DAGs
[2025-11-11T00:16:13.769+0000] {logging_mixin.py:190} INFO - [2025-11-11T00:16:13.769+0000] {dag.py:4180} INFO - Setting next_dagrun for process_data_dag to 2025-01-01 00:00:00+00:00, run_after=2025-02-01 00:00:00+00:00
[2025-11-11T00:16:13.780+0000] {processor.py:208} INFO - Processing /opt/airflow/dags/process_data_dag.py took 0.087 seconds
[2025-11-11T00:16:43.834+0000] {processor.py:186} INFO - Started process (PID=711) to work on /opt/airflow/dags/process_data_dag.py
[2025-11-11T00:16:43.835+0000] {processor.py:914} INFO - Processing file /opt/airflow/dags/process_data_dag.py for tasks to queue
[2025-11-11T00:16:43.837+0000] {logging_mixin.py:190} INFO - [2025-11-11T00:16:43.836+0000] {dagbag.py:588} INFO - Filling up the DagBag from /opt/airflow/dags/process_data_dag.py
[2025-11-11T00:16:43.881+0000] {processor.py:925} INFO - DAG(s) 'process_data_dag' retrieved from /opt/airflow/dags/process_data_dag.py
[2025-11-11T00:16:43.892+0000] {logging_mixin.py:190} INFO - [2025-11-11T00:16:43.892+0000] {dag.py:3239} INFO - Sync 1 DAGs
[2025-11-11T00:16:43.905+0000] {logging_mixin.py:190} INFO - [2025-11-11T00:16:43.905+0000] {dag.py:4180} INFO - Setting next_dagrun for process_data_dag to 2025-01-01 00:00:00+00:00, run_after=2025-02-01 00:00:00+00:00
[2025-11-11T00:16:43.917+0000] {processor.py:208} INFO - Processing /opt/airflow/dags/process_data_dag.py took 0.090 seconds
[2025-11-11T00:17:14.248+0000] {processor.py:186} INFO - Started process (PID=776) to work on /opt/airflow/dags/process_data_dag.py
[2025-11-11T00:17:14.253+0000] {processor.py:914} INFO - Processing file /opt/airflow/dags/process_data_dag.py for tasks to queue
[2025-11-11T00:17:14.255+0000] {logging_mixin.py:190} INFO - [2025-11-11T00:17:14.255+0000] {dagbag.py:588} INFO - Filling up the DagBag from /opt/airflow/dags/process_data_dag.py
[2025-11-11T00:17:14.324+0000] {processor.py:925} INFO - DAG(s) 'process_data_dag' retrieved from /opt/airflow/dags/process_data_dag.py
[2025-11-11T00:17:14.346+0000] {logging_mixin.py:190} INFO - [2025-11-11T00:17:14.345+0000] {dag.py:3239} INFO - Sync 1 DAGs
[2025-11-11T00:17:14.367+0000] {logging_mixin.py:190} INFO - [2025-11-11T00:17:14.367+0000] {dag.py:4180} INFO - Setting next_dagrun for process_data_dag to 2025-01-01 00:00:00+00:00, run_after=2025-02-01 00:00:00+00:00
[2025-11-11T00:17:14.380+0000] {processor.py:208} INFO - Processing /opt/airflow/dags/process_data_dag.py took 0.136 seconds
[2025-11-11T00:17:44.482+0000] {processor.py:186} INFO - Started process (PID=841) to work on /opt/airflow/dags/process_data_dag.py
[2025-11-11T00:17:44.482+0000] {processor.py:914} INFO - Processing file /opt/airflow/dags/process_data_dag.py for tasks to queue
[2025-11-11T00:17:44.483+0000] {logging_mixin.py:190} INFO - [2025-11-11T00:17:44.483+0000] {dagbag.py:588} INFO - Filling up the DagBag from /opt/airflow/dags/process_data_dag.py
[2025-11-11T00:17:44.525+0000] {processor.py:925} INFO - DAG(s) 'process_data_dag' retrieved from /opt/airflow/dags/process_data_dag.py
[2025-11-11T00:17:44.537+0000] {logging_mixin.py:190} INFO - [2025-11-11T00:17:44.537+0000] {dag.py:3239} INFO - Sync 1 DAGs
[2025-11-11T00:17:44.551+0000] {logging_mixin.py:190} INFO - [2025-11-11T00:17:44.551+0000] {dag.py:4180} INFO - Setting next_dagrun for process_data_dag to 2025-01-01 00:00:00+00:00, run_after=2025-02-01 00:00:00+00:00
[2025-11-11T00:17:44.562+0000] {processor.py:208} INFO - Processing /opt/airflow/dags/process_data_dag.py took 0.089 seconds
[2025-11-11T00:17:59.509+0000] {processor.py:186} INFO - Started process (PID=897) to work on /opt/airflow/dags/process_data_dag.py
[2025-11-11T00:17:59.511+0000] {processor.py:914} INFO - Processing file /opt/airflow/dags/process_data_dag.py for tasks to queue
[2025-11-11T00:17:59.511+0000] {logging_mixin.py:190} INFO - [2025-11-11T00:17:59.511+0000] {dagbag.py:588} INFO - Filling up the DagBag from /opt/airflow/dags/process_data_dag.py
[2025-11-11T00:17:59.562+0000] {processor.py:925} INFO - DAG(s) 'process_data_dag' retrieved from /opt/airflow/dags/process_data_dag.py
[2025-11-11T00:17:59.574+0000] {logging_mixin.py:190} INFO - [2025-11-11T00:17:59.574+0000] {dag.py:3239} INFO - Sync 1 DAGs
[2025-11-11T00:17:59.591+0000] {logging_mixin.py:190} INFO - [2025-11-11T00:17:59.591+0000] {dag.py:4180} INFO - Setting next_dagrun for process_data_dag to 2025-01-01 00:00:00+00:00, run_after=2025-02-01 00:00:00+00:00
[2025-11-11T00:17:59.606+0000] {processor.py:208} INFO - Processing /opt/airflow/dags/process_data_dag.py took 0.101 seconds
[2025-11-11T00:19:27.207+0000] {processor.py:186} INFO - Started process (PID=51) to work on /opt/airflow/dags/process_data_dag.py
[2025-11-11T00:19:27.207+0000] {processor.py:914} INFO - Processing file /opt/airflow/dags/process_data_dag.py for tasks to queue
[2025-11-11T00:19:27.209+0000] {logging_mixin.py:190} INFO - [2025-11-11T00:19:27.209+0000] {dagbag.py:588} INFO - Filling up the DagBag from /opt/airflow/dags/process_data_dag.py
[2025-11-11T00:19:27.773+0000] {processor.py:925} INFO - DAG(s) 'process_data_dag' retrieved from /opt/airflow/dags/process_data_dag.py
[2025-11-11T00:19:28.068+0000] {logging_mixin.py:190} INFO - [2025-11-11T00:19:28.068+0000] {dag.py:3239} INFO - Sync 1 DAGs
[2025-11-11T00:19:28.117+0000] {logging_mixin.py:190} INFO - [2025-11-11T00:19:28.117+0000] {dag.py:4180} INFO - Setting next_dagrun for process_data_dag to 2025-01-01 00:00:00+00:00, run_after=2025-02-01 00:00:00+00:00
[2025-11-11T00:19:28.129+0000] {processor.py:208} INFO - Processing /opt/airflow/dags/process_data_dag.py took 0.926 seconds
[2025-11-11T00:19:58.869+0000] {processor.py:186} INFO - Started process (PID=116) to work on /opt/airflow/dags/process_data_dag.py
[2025-11-11T00:19:58.875+0000] {processor.py:914} INFO - Processing file /opt/airflow/dags/process_data_dag.py for tasks to queue
[2025-11-11T00:19:58.876+0000] {logging_mixin.py:190} INFO - [2025-11-11T00:19:58.876+0000] {dagbag.py:588} INFO - Filling up the DagBag from /opt/airflow/dags/process_data_dag.py
[2025-11-11T00:19:58.919+0000] {processor.py:925} INFO - DAG(s) 'process_data_dag' retrieved from /opt/airflow/dags/process_data_dag.py
[2025-11-11T00:19:58.929+0000] {logging_mixin.py:190} INFO - [2025-11-11T00:19:58.928+0000] {dag.py:3239} INFO - Sync 1 DAGs
[2025-11-11T00:19:58.941+0000] {logging_mixin.py:190} INFO - [2025-11-11T00:19:58.941+0000] {dag.py:4180} INFO - Setting next_dagrun for process_data_dag to 2025-01-01 00:00:00+00:00, run_after=2025-02-01 00:00:00+00:00
[2025-11-11T00:19:58.950+0000] {processor.py:208} INFO - Processing /opt/airflow/dags/process_data_dag.py took 0.086 seconds
[2025-11-11T00:20:29.874+0000] {processor.py:186} INFO - Started process (PID=181) to work on /opt/airflow/dags/process_data_dag.py
[2025-11-11T00:20:29.875+0000] {processor.py:914} INFO - Processing file /opt/airflow/dags/process_data_dag.py for tasks to queue
[2025-11-11T00:20:29.878+0000] {logging_mixin.py:190} INFO - [2025-11-11T00:20:29.878+0000] {dagbag.py:588} INFO - Filling up the DagBag from /opt/airflow/dags/process_data_dag.py
[2025-11-11T00:20:29.928+0000] {processor.py:925} INFO - DAG(s) 'process_data_dag' retrieved from /opt/airflow/dags/process_data_dag.py
[2025-11-11T00:20:29.943+0000] {logging_mixin.py:190} INFO - [2025-11-11T00:20:29.943+0000] {dag.py:3239} INFO - Sync 1 DAGs
[2025-11-11T00:20:29.957+0000] {logging_mixin.py:190} INFO - [2025-11-11T00:20:29.957+0000] {dag.py:4180} INFO - Setting next_dagrun for process_data_dag to 2025-01-01 00:00:00+00:00, run_after=2025-02-01 00:00:00+00:00
[2025-11-11T00:20:29.972+0000] {processor.py:208} INFO - Processing /opt/airflow/dags/process_data_dag.py took 0.106 seconds
[2025-11-11T00:21:00.105+0000] {processor.py:186} INFO - Started process (PID=246) to work on /opt/airflow/dags/process_data_dag.py
[2025-11-11T00:21:00.106+0000] {processor.py:914} INFO - Processing file /opt/airflow/dags/process_data_dag.py for tasks to queue
[2025-11-11T00:21:00.108+0000] {logging_mixin.py:190} INFO - [2025-11-11T00:21:00.108+0000] {dagbag.py:588} INFO - Filling up the DagBag from /opt/airflow/dags/process_data_dag.py
[2025-11-11T00:21:00.158+0000] {processor.py:925} INFO - DAG(s) 'process_data_dag' retrieved from /opt/airflow/dags/process_data_dag.py
[2025-11-11T00:21:00.171+0000] {logging_mixin.py:190} INFO - [2025-11-11T00:21:00.171+0000] {dag.py:3239} INFO - Sync 1 DAGs
[2025-11-11T00:21:00.190+0000] {logging_mixin.py:190} INFO - [2025-11-11T00:21:00.190+0000] {dag.py:4180} INFO - Setting next_dagrun for process_data_dag to 2025-01-01 00:00:00+00:00, run_after=2025-02-01 00:00:00+00:00
[2025-11-11T00:21:00.200+0000] {processor.py:208} INFO - Processing /opt/airflow/dags/process_data_dag.py took 0.101 seconds
[2025-11-11T00:21:30.057+0000] {processor.py:186} INFO - Started process (PID=311) to work on /opt/airflow/dags/process_data_dag.py
[2025-11-11T00:21:30.131+0000] {processor.py:914} INFO - Processing file /opt/airflow/dags/process_data_dag.py for tasks to queue
[2025-11-11T00:21:30.135+0000] {logging_mixin.py:190} INFO - [2025-11-11T00:21:30.134+0000] {dagbag.py:588} INFO - Filling up the DagBag from /opt/airflow/dags/process_data_dag.py
[2025-11-11T00:21:30.195+0000] {processor.py:925} INFO - DAG(s) 'process_data_dag' retrieved from /opt/airflow/dags/process_data_dag.py
[2025-11-11T00:21:30.208+0000] {logging_mixin.py:190} INFO - [2025-11-11T00:21:30.208+0000] {dag.py:3239} INFO - Sync 1 DAGs
[2025-11-11T00:21:30.224+0000] {logging_mixin.py:190} INFO - [2025-11-11T00:21:30.224+0000] {dag.py:4180} INFO - Setting next_dagrun for process_data_dag to 2025-01-01 00:00:00+00:00, run_after=2025-02-01 00:00:00+00:00
[2025-11-11T00:21:30.236+0000] {processor.py:208} INFO - Processing /opt/airflow/dags/process_data_dag.py took 0.183 seconds
[2025-11-11T00:22:00.538+0000] {processor.py:186} INFO - Started process (PID=376) to work on /opt/airflow/dags/process_data_dag.py
[2025-11-11T00:22:00.539+0000] {processor.py:914} INFO - Processing file /opt/airflow/dags/process_data_dag.py for tasks to queue
[2025-11-11T00:22:00.541+0000] {logging_mixin.py:190} INFO - [2025-11-11T00:22:00.541+0000] {dagbag.py:588} INFO - Filling up the DagBag from /opt/airflow/dags/process_data_dag.py
[2025-11-11T00:22:00.606+0000] {processor.py:925} INFO - DAG(s) 'process_data_dag' retrieved from /opt/airflow/dags/process_data_dag.py
[2025-11-11T00:22:00.618+0000] {logging_mixin.py:190} INFO - [2025-11-11T00:22:00.618+0000] {dag.py:3239} INFO - Sync 1 DAGs
[2025-11-11T00:22:00.633+0000] {logging_mixin.py:190} INFO - [2025-11-11T00:22:00.633+0000] {dag.py:4180} INFO - Setting next_dagrun for process_data_dag to 2025-01-01 00:00:00+00:00, run_after=2025-02-01 00:00:00+00:00
[2025-11-11T00:22:00.645+0000] {processor.py:208} INFO - Processing /opt/airflow/dags/process_data_dag.py took 0.112 seconds
[2025-11-11T00:23:43.518+0000] {processor.py:186} INFO - Started process (PID=45) to work on /opt/airflow/dags/process_data_dag.py
[2025-11-11T00:23:43.519+0000] {processor.py:914} INFO - Processing file /opt/airflow/dags/process_data_dag.py for tasks to queue
[2025-11-11T00:23:43.521+0000] {logging_mixin.py:190} INFO - [2025-11-11T00:23:43.521+0000] {dagbag.py:588} INFO - Filling up the DagBag from /opt/airflow/dags/process_data_dag.py
[2025-11-11T00:23:43.627+0000] {processor.py:925} INFO - DAG(s) 'process_data_dag' retrieved from /opt/airflow/dags/process_data_dag.py
[2025-11-11T00:23:43.650+0000] {logging_mixin.py:190} INFO - [2025-11-11T00:23:43.650+0000] {dag.py:3239} INFO - Sync 1 DAGs
[2025-11-11T00:23:43.672+0000] {logging_mixin.py:190} INFO - [2025-11-11T00:23:43.672+0000] {dag.py:4180} INFO - Setting next_dagrun for process_data_dag to 2025-11-01 00:00:00+00:00, run_after=2025-12-01 00:00:00+00:00
[2025-11-11T00:23:43.685+0000] {processor.py:208} INFO - Processing /opt/airflow/dags/process_data_dag.py took 0.172 seconds
[2025-11-11T00:24:14.078+0000] {processor.py:186} INFO - Started process (PID=116) to work on /opt/airflow/dags/process_data_dag.py
[2025-11-11T00:24:14.080+0000] {processor.py:914} INFO - Processing file /opt/airflow/dags/process_data_dag.py for tasks to queue
[2025-11-11T00:24:14.089+0000] {logging_mixin.py:190} INFO - [2025-11-11T00:24:14.083+0000] {dagbag.py:588} INFO - Filling up the DagBag from /opt/airflow/dags/process_data_dag.py
[2025-11-11T00:24:21.457+0000] {processor.py:925} INFO - DAG(s) 'process_data_dag' retrieved from /opt/airflow/dags/process_data_dag.py
[2025-11-11T00:24:21.534+0000] {logging_mixin.py:190} INFO - [2025-11-11T00:24:21.533+0000] {dag.py:3239} INFO - Sync 1 DAGs
[2025-11-11T00:24:21.644+0000] {logging_mixin.py:190} INFO - [2025-11-11T00:24:21.644+0000] {dag.py:4180} INFO - Setting next_dagrun for process_data_dag to 2025-11-01 00:00:00+00:00, run_after=2025-12-01 00:00:00+00:00
[2025-11-11T00:24:21.706+0000] {processor.py:208} INFO - Processing /opt/airflow/dags/process_data_dag.py took 7.644 seconds
[2025-11-11T00:24:44.889+0000] {processor.py:186} INFO - Started process (PID=122) to work on /opt/airflow/dags/process_data_dag.py
[2025-11-11T00:24:44.890+0000] {processor.py:914} INFO - Processing file /opt/airflow/dags/process_data_dag.py for tasks to queue
[2025-11-11T00:24:44.911+0000] {logging_mixin.py:190} INFO - [2025-11-11T00:24:44.910+0000] {dagbag.py:588} INFO - Filling up the DagBag from /opt/airflow/dags/process_data_dag.py
[2025-11-11T00:24:45.043+0000] {processor.py:925} INFO - DAG(s) 'process_data_dag' retrieved from /opt/airflow/dags/process_data_dag.py
[2025-11-11T00:24:45.147+0000] {logging_mixin.py:190} INFO - [2025-11-11T00:24:45.147+0000] {dag.py:3239} INFO - Sync 1 DAGs
[2025-11-11T00:24:45.161+0000] {logging_mixin.py:190} INFO - [2025-11-11T00:24:45.161+0000] {dag.py:4180} INFO - Setting next_dagrun for process_data_dag to 2025-11-01 00:00:00+00:00, run_after=2025-12-01 00:00:00+00:00
[2025-11-11T00:24:45.175+0000] {processor.py:208} INFO - Processing /opt/airflow/dags/process_data_dag.py took 0.320 seconds
[2025-11-11T00:25:15.626+0000] {processor.py:186} INFO - Started process (PID=189) to work on /opt/airflow/dags/process_data_dag.py
[2025-11-11T00:25:15.627+0000] {processor.py:914} INFO - Processing file /opt/airflow/dags/process_data_dag.py for tasks to queue
[2025-11-11T00:25:15.628+0000] {logging_mixin.py:190} INFO - [2025-11-11T00:25:15.628+0000] {dagbag.py:588} INFO - Filling up the DagBag from /opt/airflow/dags/process_data_dag.py
[2025-11-11T00:25:15.674+0000] {processor.py:925} INFO - DAG(s) 'process_data_dag' retrieved from /opt/airflow/dags/process_data_dag.py
[2025-11-11T00:25:15.687+0000] {logging_mixin.py:190} INFO - [2025-11-11T00:25:15.687+0000] {dag.py:3239} INFO - Sync 1 DAGs
[2025-11-11T00:25:15.701+0000] {logging_mixin.py:190} INFO - [2025-11-11T00:25:15.701+0000] {dag.py:4180} INFO - Setting next_dagrun for process_data_dag to 2025-11-01 00:00:00+00:00, run_after=2025-12-01 00:00:00+00:00
[2025-11-11T00:25:15.714+0000] {processor.py:208} INFO - Processing /opt/airflow/dags/process_data_dag.py took 0.092 seconds
[2025-11-11T00:25:31.299+0000] {processor.py:186} INFO - Started process (PID=250) to work on /opt/airflow/dags/process_data_dag.py
[2025-11-11T00:25:31.300+0000] {processor.py:914} INFO - Processing file /opt/airflow/dags/process_data_dag.py for tasks to queue
[2025-11-11T00:25:31.302+0000] {logging_mixin.py:190} INFO - [2025-11-11T00:25:31.302+0000] {dagbag.py:588} INFO - Filling up the DagBag from /opt/airflow/dags/process_data_dag.py
[2025-11-11T00:25:31.390+0000] {processor.py:925} INFO - DAG(s) 'process_data_dag' retrieved from /opt/airflow/dags/process_data_dag.py
[2025-11-11T00:25:31.409+0000] {logging_mixin.py:190} INFO - [2025-11-11T00:25:31.409+0000] {dag.py:3239} INFO - Sync 1 DAGs
[2025-11-11T00:25:31.442+0000] {logging_mixin.py:190} INFO - [2025-11-11T00:25:31.442+0000] {dag.py:4180} INFO - Setting next_dagrun for process_data_dag to 2025-11-01 00:00:00+00:00, run_after=2025-12-01 00:00:00+00:00
[2025-11-11T00:25:31.472+0000] {processor.py:208} INFO - Processing /opt/airflow/dags/process_data_dag.py took 0.181 seconds
[2025-11-11T00:25:32.500+0000] {processor.py:186} INFO - Started process (PID=251) to work on /opt/airflow/dags/process_data_dag.py
[2025-11-11T00:25:32.501+0000] {processor.py:914} INFO - Processing file /opt/airflow/dags/process_data_dag.py for tasks to queue
[2025-11-11T00:25:32.502+0000] {logging_mixin.py:190} INFO - [2025-11-11T00:25:32.502+0000] {dagbag.py:588} INFO - Filling up the DagBag from /opt/airflow/dags/process_data_dag.py
[2025-11-11T00:25:32.564+0000] {processor.py:925} INFO - DAG(s) 'process_data_dag' retrieved from /opt/airflow/dags/process_data_dag.py
[2025-11-11T00:25:32.576+0000] {logging_mixin.py:190} INFO - [2025-11-11T00:25:32.576+0000] {dag.py:3239} INFO - Sync 1 DAGs
[2025-11-11T00:25:32.591+0000] {logging_mixin.py:190} INFO - [2025-11-11T00:25:32.590+0000] {dag.py:4180} INFO - Setting next_dagrun for process_data_dag to 2025-11-01 00:00:00+00:00, run_after=2025-12-01 00:00:00+00:00
[2025-11-11T00:25:32.828+0000] {processor.py:208} INFO - Processing /opt/airflow/dags/process_data_dag.py took 0.332 seconds
[2025-11-11T00:25:34.563+0000] {processor.py:186} INFO - Started process (PID=252) to work on /opt/airflow/dags/process_data_dag.py
[2025-11-11T00:25:34.564+0000] {processor.py:914} INFO - Processing file /opt/airflow/dags/process_data_dag.py for tasks to queue
[2025-11-11T00:25:34.565+0000] {logging_mixin.py:190} INFO - [2025-11-11T00:25:34.565+0000] {dagbag.py:588} INFO - Filling up the DagBag from /opt/airflow/dags/process_data_dag.py
[2025-11-11T00:25:34.616+0000] {processor.py:925} INFO - DAG(s) 'process_data_dag' retrieved from /opt/airflow/dags/process_data_dag.py
[2025-11-11T00:25:34.634+0000] {logging_mixin.py:190} INFO - [2025-11-11T00:25:34.634+0000] {dag.py:3239} INFO - Sync 1 DAGs
[2025-11-11T00:25:34.648+0000] {logging_mixin.py:190} INFO - [2025-11-11T00:25:34.647+0000] {dag.py:4180} INFO - Setting next_dagrun for process_data_dag to 2025-11-01 00:00:00+00:00, run_after=2025-12-01 00:00:00+00:00
[2025-11-11T00:25:34.743+0000] {processor.py:208} INFO - Processing /opt/airflow/dags/process_data_dag.py took 0.189 seconds
[2025-11-11T00:26:05.663+0000] {processor.py:186} INFO - Started process (PID=317) to work on /opt/airflow/dags/process_data_dag.py
[2025-11-11T00:26:05.669+0000] {processor.py:914} INFO - Processing file /opt/airflow/dags/process_data_dag.py for tasks to queue
[2025-11-11T00:26:05.672+0000] {logging_mixin.py:190} INFO - [2025-11-11T00:26:05.671+0000] {dagbag.py:588} INFO - Filling up the DagBag from /opt/airflow/dags/process_data_dag.py
[2025-11-11T00:26:05.717+0000] {processor.py:925} INFO - DAG(s) 'process_data_dag' retrieved from /opt/airflow/dags/process_data_dag.py
[2025-11-11T00:26:05.727+0000] {logging_mixin.py:190} INFO - [2025-11-11T00:26:05.727+0000] {dag.py:3239} INFO - Sync 1 DAGs
[2025-11-11T00:26:05.741+0000] {logging_mixin.py:190} INFO - [2025-11-11T00:26:05.741+0000] {dag.py:4180} INFO - Setting next_dagrun for process_data_dag to 2025-11-01 00:00:00+00:00, run_after=2025-12-01 00:00:00+00:00
[2025-11-11T00:26:05.752+0000] {processor.py:208} INFO - Processing /opt/airflow/dags/process_data_dag.py took 0.096 seconds
[2025-11-11T00:26:18.449+0000] {processor.py:186} INFO - Started process (PID=343) to work on /opt/airflow/dags/process_data_dag.py
[2025-11-11T00:26:18.450+0000] {processor.py:914} INFO - Processing file /opt/airflow/dags/process_data_dag.py for tasks to queue
[2025-11-11T00:26:18.451+0000] {logging_mixin.py:190} INFO - [2025-11-11T00:26:18.451+0000] {dagbag.py:588} INFO - Filling up the DagBag from /opt/airflow/dags/process_data_dag.py
[2025-11-11T00:26:18.504+0000] {processor.py:925} INFO - DAG(s) 'process_data_dag' retrieved from /opt/airflow/dags/process_data_dag.py
[2025-11-11T00:26:18.517+0000] {logging_mixin.py:190} INFO - [2025-11-11T00:26:18.516+0000] {dag.py:3239} INFO - Sync 1 DAGs
[2025-11-11T00:26:18.538+0000] {logging_mixin.py:190} INFO - [2025-11-11T00:26:18.537+0000] {dag.py:4180} INFO - Setting next_dagrun for process_data_dag to 2025-11-01 00:00:00+00:00, run_after=2025-12-01 00:00:00+00:00
[2025-11-11T00:26:18.550+0000] {processor.py:208} INFO - Processing /opt/airflow/dags/process_data_dag.py took 0.105 seconds
[2025-11-11T00:26:20.899+0000] {processor.py:186} INFO - Started process (PID=374) to work on /opt/airflow/dags/process_data_dag.py
[2025-11-11T00:26:20.900+0000] {processor.py:914} INFO - Processing file /opt/airflow/dags/process_data_dag.py for tasks to queue
[2025-11-11T00:26:20.901+0000] {logging_mixin.py:190} INFO - [2025-11-11T00:26:20.901+0000] {dagbag.py:588} INFO - Filling up the DagBag from /opt/airflow/dags/process_data_dag.py
[2025-11-11T00:26:20.954+0000] {processor.py:925} INFO - DAG(s) 'process_data_dag' retrieved from /opt/airflow/dags/process_data_dag.py
[2025-11-11T00:26:20.969+0000] {logging_mixin.py:190} INFO - [2025-11-11T00:26:20.968+0000] {dag.py:3239} INFO - Sync 1 DAGs
[2025-11-11T00:26:20.985+0000] {logging_mixin.py:190} INFO - [2025-11-11T00:26:20.985+0000] {dag.py:4180} INFO - Setting next_dagrun for process_data_dag to 2025-11-01 00:00:00+00:00, run_after=2025-12-01 00:00:00+00:00
[2025-11-11T00:26:20.994+0000] {processor.py:208} INFO - Processing /opt/airflow/dags/process_data_dag.py took 0.105 seconds
[2025-11-11T00:26:49.023+0000] {processor.py:186} INFO - Started process (PID=407) to work on /opt/airflow/dags/process_data_dag.py
[2025-11-11T00:26:49.025+0000] {processor.py:914} INFO - Processing file /opt/airflow/dags/process_data_dag.py for tasks to queue
[2025-11-11T00:26:49.026+0000] {logging_mixin.py:190} INFO - [2025-11-11T00:26:49.026+0000] {dagbag.py:588} INFO - Filling up the DagBag from /opt/airflow/dags/process_data_dag.py
[2025-11-11T00:26:49.099+0000] {processor.py:925} INFO - DAG(s) 'process_data_dag' retrieved from /opt/airflow/dags/process_data_dag.py
[2025-11-11T00:26:49.114+0000] {logging_mixin.py:190} INFO - [2025-11-11T00:26:49.114+0000] {dag.py:3239} INFO - Sync 1 DAGs
[2025-11-11T00:26:49.135+0000] {logging_mixin.py:190} INFO - [2025-11-11T00:26:49.135+0000] {dag.py:4180} INFO - Setting next_dagrun for process_data_dag to 2025-11-01 00:00:00+00:00, run_after=2025-12-01 00:00:00+00:00
[2025-11-11T00:26:49.154+0000] {processor.py:208} INFO - Processing /opt/airflow/dags/process_data_dag.py took 0.135 seconds
[2025-11-11T00:26:50.825+0000] {processor.py:186} INFO - Started process (PID=440) to work on /opt/airflow/dags/process_data_dag.py
[2025-11-11T00:26:50.825+0000] {processor.py:914} INFO - Processing file /opt/airflow/dags/process_data_dag.py for tasks to queue
[2025-11-11T00:26:50.828+0000] {logging_mixin.py:190} INFO - [2025-11-11T00:26:50.828+0000] {dagbag.py:588} INFO - Filling up the DagBag from /opt/airflow/dags/process_data_dag.py
[2025-11-11T00:26:50.883+0000] {processor.py:925} INFO - DAG(s) 'process_data_dag' retrieved from /opt/airflow/dags/process_data_dag.py
[2025-11-11T00:26:50.900+0000] {logging_mixin.py:190} INFO - [2025-11-11T00:26:50.899+0000] {dag.py:3239} INFO - Sync 1 DAGs
[2025-11-11T00:26:50.922+0000] {logging_mixin.py:190} INFO - [2025-11-11T00:26:50.922+0000] {dag.py:4180} INFO - Setting next_dagrun for process_data_dag to 2025-11-01 00:00:00+00:00, run_after=2025-12-01 00:00:00+00:00
[2025-11-11T00:26:50.956+0000] {processor.py:208} INFO - Processing /opt/airflow/dags/process_data_dag.py took 0.137 seconds
[2025-11-11T00:29:33.352+0000] {processor.py:186} INFO - Started process (PID=51) to work on /opt/airflow/dags/process_data_dag.py
[2025-11-11T00:29:33.353+0000] {processor.py:914} INFO - Processing file /opt/airflow/dags/process_data_dag.py for tasks to queue
[2025-11-11T00:29:33.354+0000] {logging_mixin.py:190} INFO - [2025-11-11T00:29:33.354+0000] {dagbag.py:588} INFO - Filling up the DagBag from /opt/airflow/dags/process_data_dag.py
[2025-11-11T00:29:33.449+0000] {processor.py:925} INFO - DAG(s) 'process_data_dag' retrieved from /opt/airflow/dags/process_data_dag.py
[2025-11-11T00:29:33.470+0000] {logging_mixin.py:190} INFO - [2025-11-11T00:29:33.469+0000] {dag.py:3239} INFO - Sync 1 DAGs
[2025-11-11T00:29:33.486+0000] {logging_mixin.py:190} INFO - [2025-11-11T00:29:33.485+0000] {dag.py:4180} INFO - Setting next_dagrun for process_data_dag to 2025-11-01 00:00:00+00:00, run_after=2025-12-01 00:00:00+00:00
[2025-11-11T00:29:33.496+0000] {processor.py:208} INFO - Processing /opt/airflow/dags/process_data_dag.py took 0.147 seconds
[2025-11-11T00:29:52.009+0000] {processor.py:186} INFO - Started process (PID=117) to work on /opt/airflow/dags/process_data_dag.py
[2025-11-11T00:29:52.009+0000] {processor.py:914} INFO - Processing file /opt/airflow/dags/process_data_dag.py for tasks to queue
[2025-11-11T00:29:52.012+0000] {logging_mixin.py:190} INFO - [2025-11-11T00:29:52.012+0000] {dagbag.py:588} INFO - Filling up the DagBag from /opt/airflow/dags/process_data_dag.py
[2025-11-11T00:29:52.075+0000] {processor.py:925} INFO - DAG(s) 'process_data_dag' retrieved from /opt/airflow/dags/process_data_dag.py
[2025-11-11T00:29:52.087+0000] {logging_mixin.py:190} INFO - [2025-11-11T00:29:52.086+0000] {dag.py:3239} INFO - Sync 1 DAGs
[2025-11-11T00:29:52.100+0000] {logging_mixin.py:190} INFO - [2025-11-11T00:29:52.100+0000] {dag.py:4180} INFO - Setting next_dagrun for process_data_dag to 2025-11-01 00:00:00+00:00, run_after=2025-12-01 00:00:00+00:00
[2025-11-11T00:29:52.110+0000] {processor.py:208} INFO - Processing /opt/airflow/dags/process_data_dag.py took 0.106 seconds
[2025-11-11T00:30:22.140+0000] {processor.py:186} INFO - Started process (PID=182) to work on /opt/airflow/dags/process_data_dag.py
[2025-11-11T00:30:22.141+0000] {processor.py:914} INFO - Processing file /opt/airflow/dags/process_data_dag.py for tasks to queue
[2025-11-11T00:30:22.143+0000] {logging_mixin.py:190} INFO - [2025-11-11T00:30:22.143+0000] {dagbag.py:588} INFO - Filling up the DagBag from /opt/airflow/dags/process_data_dag.py
[2025-11-11T00:30:22.192+0000] {processor.py:925} INFO - DAG(s) 'process_data_dag' retrieved from /opt/airflow/dags/process_data_dag.py
[2025-11-11T00:30:22.204+0000] {logging_mixin.py:190} INFO - [2025-11-11T00:30:22.204+0000] {dag.py:3239} INFO - Sync 1 DAGs
[2025-11-11T00:30:22.220+0000] {logging_mixin.py:190} INFO - [2025-11-11T00:30:22.220+0000] {dag.py:4180} INFO - Setting next_dagrun for process_data_dag to 2025-11-01 00:00:00+00:00, run_after=2025-12-01 00:00:00+00:00
[2025-11-11T00:30:22.229+0000] {processor.py:208} INFO - Processing /opt/airflow/dags/process_data_dag.py took 0.094 seconds
[2025-11-11T00:30:52.897+0000] {processor.py:186} INFO - Started process (PID=247) to work on /opt/airflow/dags/process_data_dag.py
[2025-11-11T00:30:52.970+0000] {processor.py:914} INFO - Processing file /opt/airflow/dags/process_data_dag.py for tasks to queue
[2025-11-11T00:30:52.975+0000] {logging_mixin.py:190} INFO - [2025-11-11T00:30:52.974+0000] {dagbag.py:588} INFO - Filling up the DagBag from /opt/airflow/dags/process_data_dag.py
[2025-11-11T00:30:53.024+0000] {processor.py:925} INFO - DAG(s) 'process_data_dag' retrieved from /opt/airflow/dags/process_data_dag.py
[2025-11-11T00:30:53.037+0000] {logging_mixin.py:190} INFO - [2025-11-11T00:30:53.037+0000] {dag.py:3239} INFO - Sync 1 DAGs
[2025-11-11T00:30:53.050+0000] {logging_mixin.py:190} INFO - [2025-11-11T00:30:53.050+0000] {dag.py:4180} INFO - Setting next_dagrun for process_data_dag to 2025-11-01 00:00:00+00:00, run_after=2025-12-01 00:00:00+00:00
[2025-11-11T00:30:53.155+0000] {processor.py:208} INFO - Processing /opt/airflow/dags/process_data_dag.py took 0.261 seconds
[2025-11-11T00:31:23.459+0000] {processor.py:186} INFO - Started process (PID=312) to work on /opt/airflow/dags/process_data_dag.py
[2025-11-11T00:31:23.459+0000] {processor.py:914} INFO - Processing file /opt/airflow/dags/process_data_dag.py for tasks to queue
[2025-11-11T00:31:23.462+0000] {logging_mixin.py:190} INFO - [2025-11-11T00:31:23.461+0000] {dagbag.py:588} INFO - Filling up the DagBag from /opt/airflow/dags/process_data_dag.py
[2025-11-11T00:31:23.506+0000] {processor.py:925} INFO - DAG(s) 'process_data_dag' retrieved from /opt/airflow/dags/process_data_dag.py
[2025-11-11T00:31:23.519+0000] {logging_mixin.py:190} INFO - [2025-11-11T00:31:23.519+0000] {dag.py:3239} INFO - Sync 1 DAGs
[2025-11-11T00:31:23.533+0000] {logging_mixin.py:190} INFO - [2025-11-11T00:31:23.533+0000] {dag.py:4180} INFO - Setting next_dagrun for process_data_dag to 2025-11-01 00:00:00+00:00, run_after=2025-12-01 00:00:00+00:00
[2025-11-11T00:31:23.545+0000] {processor.py:208} INFO - Processing /opt/airflow/dags/process_data_dag.py took 0.093 seconds
[2025-11-11T00:31:54.024+0000] {processor.py:186} INFO - Started process (PID=377) to work on /opt/airflow/dags/process_data_dag.py
[2025-11-11T00:31:54.026+0000] {processor.py:914} INFO - Processing file /opt/airflow/dags/process_data_dag.py for tasks to queue
[2025-11-11T00:31:54.027+0000] {logging_mixin.py:190} INFO - [2025-11-11T00:31:54.027+0000] {dagbag.py:588} INFO - Filling up the DagBag from /opt/airflow/dags/process_data_dag.py
[2025-11-11T00:31:54.069+0000] {processor.py:925} INFO - DAG(s) 'process_data_dag' retrieved from /opt/airflow/dags/process_data_dag.py
[2025-11-11T00:31:54.079+0000] {logging_mixin.py:190} INFO - [2025-11-11T00:31:54.079+0000] {dag.py:3239} INFO - Sync 1 DAGs
[2025-11-11T00:31:54.092+0000] {logging_mixin.py:190} INFO - [2025-11-11T00:31:54.091+0000] {dag.py:4180} INFO - Setting next_dagrun for process_data_dag to 2025-11-01 00:00:00+00:00, run_after=2025-12-01 00:00:00+00:00
[2025-11-11T00:31:54.102+0000] {processor.py:208} INFO - Processing /opt/airflow/dags/process_data_dag.py took 0.081 seconds
[2025-11-11T00:32:24.227+0000] {processor.py:186} INFO - Started process (PID=442) to work on /opt/airflow/dags/process_data_dag.py
[2025-11-11T00:32:24.229+0000] {processor.py:914} INFO - Processing file /opt/airflow/dags/process_data_dag.py for tasks to queue
[2025-11-11T00:32:24.230+0000] {logging_mixin.py:190} INFO - [2025-11-11T00:32:24.230+0000] {dagbag.py:588} INFO - Filling up the DagBag from /opt/airflow/dags/process_data_dag.py
[2025-11-11T00:32:24.275+0000] {processor.py:925} INFO - DAG(s) 'process_data_dag' retrieved from /opt/airflow/dags/process_data_dag.py
[2025-11-11T00:32:24.285+0000] {logging_mixin.py:190} INFO - [2025-11-11T00:32:24.285+0000] {dag.py:3239} INFO - Sync 1 DAGs
[2025-11-11T00:32:24.298+0000] {logging_mixin.py:190} INFO - [2025-11-11T00:32:24.298+0000] {dag.py:4180} INFO - Setting next_dagrun for process_data_dag to 2025-11-01 00:00:00+00:00, run_after=2025-12-01 00:00:00+00:00
[2025-11-11T00:32:24.311+0000] {processor.py:208} INFO - Processing /opt/airflow/dags/process_data_dag.py took 0.088 seconds
[2025-11-11T00:32:54.340+0000] {processor.py:186} INFO - Started process (PID=507) to work on /opt/airflow/dags/process_data_dag.py
[2025-11-11T00:32:54.340+0000] {processor.py:914} INFO - Processing file /opt/airflow/dags/process_data_dag.py for tasks to queue
[2025-11-11T00:32:54.342+0000] {logging_mixin.py:190} INFO - [2025-11-11T00:32:54.342+0000] {dagbag.py:588} INFO - Filling up the DagBag from /opt/airflow/dags/process_data_dag.py
[2025-11-11T00:32:54.388+0000] {processor.py:925} INFO - DAG(s) 'process_data_dag' retrieved from /opt/airflow/dags/process_data_dag.py
[2025-11-11T00:32:54.400+0000] {logging_mixin.py:190} INFO - [2025-11-11T00:32:54.400+0000] {dag.py:3239} INFO - Sync 1 DAGs
[2025-11-11T00:32:54.419+0000] {logging_mixin.py:190} INFO - [2025-11-11T00:32:54.419+0000] {dag.py:4180} INFO - Setting next_dagrun for process_data_dag to 2025-11-01 00:00:00+00:00, run_after=2025-12-01 00:00:00+00:00
[2025-11-11T00:32:54.427+0000] {processor.py:208} INFO - Processing /opt/airflow/dags/process_data_dag.py took 0.091 seconds
[2025-11-11T00:33:24.597+0000] {processor.py:186} INFO - Started process (PID=572) to work on /opt/airflow/dags/process_data_dag.py
[2025-11-11T00:33:24.598+0000] {processor.py:914} INFO - Processing file /opt/airflow/dags/process_data_dag.py for tasks to queue
[2025-11-11T00:33:24.599+0000] {logging_mixin.py:190} INFO - [2025-11-11T00:33:24.599+0000] {dagbag.py:588} INFO - Filling up the DagBag from /opt/airflow/dags/process_data_dag.py
[2025-11-11T00:33:24.644+0000] {processor.py:925} INFO - DAG(s) 'process_data_dag' retrieved from /opt/airflow/dags/process_data_dag.py
[2025-11-11T00:33:24.653+0000] {logging_mixin.py:190} INFO - [2025-11-11T00:33:24.652+0000] {dag.py:3239} INFO - Sync 1 DAGs
[2025-11-11T00:33:24.666+0000] {logging_mixin.py:190} INFO - [2025-11-11T00:33:24.666+0000] {dag.py:4180} INFO - Setting next_dagrun for process_data_dag to 2025-11-01 00:00:00+00:00, run_after=2025-12-01 00:00:00+00:00
[2025-11-11T00:33:24.702+0000] {processor.py:208} INFO - Processing /opt/airflow/dags/process_data_dag.py took 0.108 seconds
[2025-11-11T00:33:55.502+0000] {processor.py:186} INFO - Started process (PID=637) to work on /opt/airflow/dags/process_data_dag.py
[2025-11-11T00:33:55.503+0000] {processor.py:914} INFO - Processing file /opt/airflow/dags/process_data_dag.py for tasks to queue
[2025-11-11T00:33:55.504+0000] {logging_mixin.py:190} INFO - [2025-11-11T00:33:55.504+0000] {dagbag.py:588} INFO - Filling up the DagBag from /opt/airflow/dags/process_data_dag.py
[2025-11-11T00:33:55.544+0000] {processor.py:925} INFO - DAG(s) 'process_data_dag' retrieved from /opt/airflow/dags/process_data_dag.py
[2025-11-11T00:33:55.559+0000] {logging_mixin.py:190} INFO - [2025-11-11T00:33:55.558+0000] {dag.py:3239} INFO - Sync 1 DAGs
[2025-11-11T00:33:55.580+0000] {logging_mixin.py:190} INFO - [2025-11-11T00:33:55.580+0000] {dag.py:4180} INFO - Setting next_dagrun for process_data_dag to 2025-11-01 00:00:00+00:00, run_after=2025-12-01 00:00:00+00:00
[2025-11-11T00:33:55.594+0000] {processor.py:208} INFO - Processing /opt/airflow/dags/process_data_dag.py took 0.096 seconds
[2025-11-11T00:34:26.021+0000] {processor.py:186} INFO - Started process (PID=702) to work on /opt/airflow/dags/process_data_dag.py
[2025-11-11T00:34:26.021+0000] {processor.py:914} INFO - Processing file /opt/airflow/dags/process_data_dag.py for tasks to queue
[2025-11-11T00:34:26.022+0000] {logging_mixin.py:190} INFO - [2025-11-11T00:34:26.022+0000] {dagbag.py:588} INFO - Filling up the DagBag from /opt/airflow/dags/process_data_dag.py
[2025-11-11T00:34:26.064+0000] {processor.py:925} INFO - DAG(s) 'process_data_dag' retrieved from /opt/airflow/dags/process_data_dag.py
[2025-11-11T00:34:26.077+0000] {logging_mixin.py:190} INFO - [2025-11-11T00:34:26.077+0000] {dag.py:3239} INFO - Sync 1 DAGs
[2025-11-11T00:34:26.090+0000] {logging_mixin.py:190} INFO - [2025-11-11T00:34:26.090+0000] {dag.py:4180} INFO - Setting next_dagrun for process_data_dag to 2025-11-01 00:00:00+00:00, run_after=2025-12-01 00:00:00+00:00
[2025-11-11T00:34:26.119+0000] {processor.py:208} INFO - Processing /opt/airflow/dags/process_data_dag.py took 0.103 seconds
[2025-11-11T00:34:56.403+0000] {processor.py:186} INFO - Started process (PID=767) to work on /opt/airflow/dags/process_data_dag.py
[2025-11-11T00:34:56.405+0000] {processor.py:914} INFO - Processing file /opt/airflow/dags/process_data_dag.py for tasks to queue
[2025-11-11T00:34:56.408+0000] {logging_mixin.py:190} INFO - [2025-11-11T00:34:56.408+0000] {dagbag.py:588} INFO - Filling up the DagBag from /opt/airflow/dags/process_data_dag.py
[2025-11-11T00:34:56.452+0000] {processor.py:925} INFO - DAG(s) 'process_data_dag' retrieved from /opt/airflow/dags/process_data_dag.py
[2025-11-11T00:34:56.461+0000] {logging_mixin.py:190} INFO - [2025-11-11T00:34:56.461+0000] {dag.py:3239} INFO - Sync 1 DAGs
[2025-11-11T00:34:56.474+0000] {logging_mixin.py:190} INFO - [2025-11-11T00:34:56.474+0000] {dag.py:4180} INFO - Setting next_dagrun for process_data_dag to 2025-11-01 00:00:00+00:00, run_after=2025-12-01 00:00:00+00:00
[2025-11-11T00:34:56.486+0000] {processor.py:208} INFO - Processing /opt/airflow/dags/process_data_dag.py took 0.089 seconds
[2025-11-11T00:35:27.002+0000] {processor.py:186} INFO - Started process (PID=832) to work on /opt/airflow/dags/process_data_dag.py
[2025-11-11T00:35:27.003+0000] {processor.py:914} INFO - Processing file /opt/airflow/dags/process_data_dag.py for tasks to queue
[2025-11-11T00:35:27.004+0000] {logging_mixin.py:190} INFO - [2025-11-11T00:35:27.004+0000] {dagbag.py:588} INFO - Filling up the DagBag from /opt/airflow/dags/process_data_dag.py
[2025-11-11T00:35:27.071+0000] {processor.py:925} INFO - DAG(s) 'process_data_dag' retrieved from /opt/airflow/dags/process_data_dag.py
[2025-11-11T00:35:27.085+0000] {logging_mixin.py:190} INFO - [2025-11-11T00:35:27.085+0000] {dag.py:3239} INFO - Sync 1 DAGs
[2025-11-11T00:35:27.128+0000] {logging_mixin.py:190} INFO - [2025-11-11T00:35:27.128+0000] {dag.py:4180} INFO - Setting next_dagrun for process_data_dag to 2025-11-01 00:00:00+00:00, run_after=2025-12-01 00:00:00+00:00
[2025-11-11T00:35:27.161+0000] {processor.py:208} INFO - Processing /opt/airflow/dags/process_data_dag.py took 0.163 seconds
[2025-11-11T00:35:57.594+0000] {processor.py:186} INFO - Started process (PID=897) to work on /opt/airflow/dags/process_data_dag.py
[2025-11-11T00:35:57.596+0000] {processor.py:914} INFO - Processing file /opt/airflow/dags/process_data_dag.py for tasks to queue
[2025-11-11T00:35:57.600+0000] {logging_mixin.py:190} INFO - [2025-11-11T00:35:57.599+0000] {dagbag.py:588} INFO - Filling up the DagBag from /opt/airflow/dags/process_data_dag.py
[2025-11-11T00:35:57.693+0000] {processor.py:925} INFO - DAG(s) 'process_data_dag' retrieved from /opt/airflow/dags/process_data_dag.py
[2025-11-11T00:35:57.710+0000] {logging_mixin.py:190} INFO - [2025-11-11T00:35:57.710+0000] {dag.py:3239} INFO - Sync 1 DAGs
[2025-11-11T00:35:57.736+0000] {logging_mixin.py:190} INFO - [2025-11-11T00:35:57.736+0000] {dag.py:4180} INFO - Setting next_dagrun for process_data_dag to 2025-11-01 00:00:00+00:00, run_after=2025-12-01 00:00:00+00:00
[2025-11-11T00:35:57.761+0000] {processor.py:208} INFO - Processing /opt/airflow/dags/process_data_dag.py took 0.176 seconds
[2025-11-11T00:36:28.138+0000] {processor.py:186} INFO - Started process (PID=962) to work on /opt/airflow/dags/process_data_dag.py
[2025-11-11T00:36:28.139+0000] {processor.py:914} INFO - Processing file /opt/airflow/dags/process_data_dag.py for tasks to queue
[2025-11-11T00:36:28.141+0000] {logging_mixin.py:190} INFO - [2025-11-11T00:36:28.141+0000] {dagbag.py:588} INFO - Filling up the DagBag from /opt/airflow/dags/process_data_dag.py
[2025-11-11T00:36:28.190+0000] {processor.py:925} INFO - DAG(s) 'process_data_dag' retrieved from /opt/airflow/dags/process_data_dag.py
[2025-11-11T00:36:28.202+0000] {logging_mixin.py:190} INFO - [2025-11-11T00:36:28.202+0000] {dag.py:3239} INFO - Sync 1 DAGs
[2025-11-11T00:36:28.216+0000] {logging_mixin.py:190} INFO - [2025-11-11T00:36:28.216+0000] {dag.py:4180} INFO - Setting next_dagrun for process_data_dag to 2025-11-01 00:00:00+00:00, run_after=2025-12-01 00:00:00+00:00
[2025-11-11T00:36:28.229+0000] {processor.py:208} INFO - Processing /opt/airflow/dags/process_data_dag.py took 0.096 seconds
[2025-11-11T00:36:59.140+0000] {processor.py:186} INFO - Started process (PID=1027) to work on /opt/airflow/dags/process_data_dag.py
[2025-11-11T00:36:59.142+0000] {processor.py:914} INFO - Processing file /opt/airflow/dags/process_data_dag.py for tasks to queue
[2025-11-11T00:36:59.145+0000] {logging_mixin.py:190} INFO - [2025-11-11T00:36:59.144+0000] {dagbag.py:588} INFO - Filling up the DagBag from /opt/airflow/dags/process_data_dag.py
[2025-11-11T00:36:59.201+0000] {processor.py:925} INFO - DAG(s) 'process_data_dag' retrieved from /opt/airflow/dags/process_data_dag.py
[2025-11-11T00:36:59.214+0000] {logging_mixin.py:190} INFO - [2025-11-11T00:36:59.213+0000] {dag.py:3239} INFO - Sync 1 DAGs
[2025-11-11T00:36:59.231+0000] {logging_mixin.py:190} INFO - [2025-11-11T00:36:59.230+0000] {dag.py:4180} INFO - Setting next_dagrun for process_data_dag to 2025-11-01 00:00:00+00:00, run_after=2025-12-01 00:00:00+00:00
[2025-11-11T00:36:59.244+0000] {processor.py:208} INFO - Processing /opt/airflow/dags/process_data_dag.py took 0.113 seconds
[2025-11-11T00:37:29.794+0000] {processor.py:186} INFO - Started process (PID=1092) to work on /opt/airflow/dags/process_data_dag.py
[2025-11-11T00:37:29.797+0000] {processor.py:914} INFO - Processing file /opt/airflow/dags/process_data_dag.py for tasks to queue
[2025-11-11T00:37:29.800+0000] {logging_mixin.py:190} INFO - [2025-11-11T00:37:29.800+0000] {dagbag.py:588} INFO - Filling up the DagBag from /opt/airflow/dags/process_data_dag.py
[2025-11-11T00:37:29.852+0000] {processor.py:925} INFO - DAG(s) 'process_data_dag' retrieved from /opt/airflow/dags/process_data_dag.py
[2025-11-11T00:37:29.865+0000] {logging_mixin.py:190} INFO - [2025-11-11T00:37:29.864+0000] {dag.py:3239} INFO - Sync 1 DAGs
[2025-11-11T00:37:29.880+0000] {logging_mixin.py:190} INFO - [2025-11-11T00:37:29.879+0000] {dag.py:4180} INFO - Setting next_dagrun for process_data_dag to 2025-11-01 00:00:00+00:00, run_after=2025-12-01 00:00:00+00:00
[2025-11-11T00:37:29.892+0000] {processor.py:208} INFO - Processing /opt/airflow/dags/process_data_dag.py took 0.109 seconds
[2025-11-11T00:38:00.047+0000] {processor.py:186} INFO - Started process (PID=1157) to work on /opt/airflow/dags/process_data_dag.py
[2025-11-11T00:38:00.048+0000] {processor.py:914} INFO - Processing file /opt/airflow/dags/process_data_dag.py for tasks to queue
[2025-11-11T00:38:00.049+0000] {logging_mixin.py:190} INFO - [2025-11-11T00:38:00.049+0000] {dagbag.py:588} INFO - Filling up the DagBag from /opt/airflow/dags/process_data_dag.py
[2025-11-11T00:38:00.090+0000] {processor.py:925} INFO - DAG(s) 'process_data_dag' retrieved from /opt/airflow/dags/process_data_dag.py
[2025-11-11T00:38:00.100+0000] {logging_mixin.py:190} INFO - [2025-11-11T00:38:00.100+0000] {dag.py:3239} INFO - Sync 1 DAGs
[2025-11-11T00:38:00.112+0000] {logging_mixin.py:190} INFO - [2025-11-11T00:38:00.112+0000] {dag.py:4180} INFO - Setting next_dagrun for process_data_dag to 2025-11-01 00:00:00+00:00, run_after=2025-12-01 00:00:00+00:00
[2025-11-11T00:38:00.122+0000] {processor.py:208} INFO - Processing /opt/airflow/dags/process_data_dag.py took 0.079 seconds
[2025-11-11T00:38:30.652+0000] {processor.py:186} INFO - Started process (PID=1222) to work on /opt/airflow/dags/process_data_dag.py
[2025-11-11T00:38:30.653+0000] {processor.py:914} INFO - Processing file /opt/airflow/dags/process_data_dag.py for tasks to queue
[2025-11-11T00:38:30.655+0000] {logging_mixin.py:190} INFO - [2025-11-11T00:38:30.654+0000] {dagbag.py:588} INFO - Filling up the DagBag from /opt/airflow/dags/process_data_dag.py
[2025-11-11T00:38:30.864+0000] {processor.py:925} INFO - DAG(s) 'process_data_dag' retrieved from /opt/airflow/dags/process_data_dag.py
[2025-11-11T00:38:30.882+0000] {logging_mixin.py:190} INFO - [2025-11-11T00:38:30.881+0000] {dag.py:3239} INFO - Sync 1 DAGs
[2025-11-11T00:38:30.896+0000] {logging_mixin.py:190} INFO - [2025-11-11T00:38:30.896+0000] {dag.py:4180} INFO - Setting next_dagrun for process_data_dag to 2025-11-01 00:00:00+00:00, run_after=2025-12-01 00:00:00+00:00
[2025-11-11T00:38:30.911+0000] {processor.py:208} INFO - Processing /opt/airflow/dags/process_data_dag.py took 0.263 seconds
[2025-11-11T00:39:01.894+0000] {processor.py:186} INFO - Started process (PID=1287) to work on /opt/airflow/dags/process_data_dag.py
[2025-11-11T00:39:01.896+0000] {processor.py:914} INFO - Processing file /opt/airflow/dags/process_data_dag.py for tasks to queue
[2025-11-11T00:39:01.898+0000] {logging_mixin.py:190} INFO - [2025-11-11T00:39:01.898+0000] {dagbag.py:588} INFO - Filling up the DagBag from /opt/airflow/dags/process_data_dag.py
[2025-11-11T00:39:01.945+0000] {processor.py:925} INFO - DAG(s) 'process_data_dag' retrieved from /opt/airflow/dags/process_data_dag.py
[2025-11-11T00:39:01.955+0000] {logging_mixin.py:190} INFO - [2025-11-11T00:39:01.955+0000] {dag.py:3239} INFO - Sync 1 DAGs
[2025-11-11T00:39:01.974+0000] {logging_mixin.py:190} INFO - [2025-11-11T00:39:01.974+0000] {dag.py:4180} INFO - Setting next_dagrun for process_data_dag to 2025-11-01 00:00:00+00:00, run_after=2025-12-01 00:00:00+00:00
[2025-11-11T00:39:01.989+0000] {processor.py:208} INFO - Processing /opt/airflow/dags/process_data_dag.py took 0.100 seconds
[2025-11-11T00:39:09.959+0000] {processor.py:186} INFO - Started process (PID=1294) to work on /opt/airflow/dags/process_data_dag.py
[2025-11-11T00:39:09.960+0000] {processor.py:914} INFO - Processing file /opt/airflow/dags/process_data_dag.py for tasks to queue
[2025-11-11T00:39:09.961+0000] {logging_mixin.py:190} INFO - [2025-11-11T00:39:09.961+0000] {dagbag.py:588} INFO - Filling up the DagBag from /opt/airflow/dags/process_data_dag.py
[2025-11-11T00:39:09.966+0000] {logging_mixin.py:190} INFO - [2025-11-11T00:39:09.963+0000] {dagbag.py:387} ERROR - Failed to import: /opt/airflow/dags/process_data_dag.py
Traceback (most recent call last):
  File "/home/airflow/.local/lib/python3.12/site-packages/airflow/models/dagbag.py", line 383, in parse
    loader.exec_module(new_module)
  File "<frozen importlib._bootstrap_external>", line 995, in exec_module
  File "<frozen importlib._bootstrap_external>", line 1133, in get_code
  File "<frozen importlib._bootstrap_external>", line 1063, in source_to_code
  File "<frozen importlib._bootstrap>", line 488, in _call_with_frames_removed
  File "/opt/airflow/dags/process_data_dag.py", line 45
    df = pd.read_csv(StringIO(csv_data), , sep=";")
                                         ^
SyntaxError: invalid syntax
[2025-11-11T00:39:09.966+0000] {processor.py:927} WARNING - No viable dags retrieved from /opt/airflow/dags/process_data_dag.py
[2025-11-11T00:39:09.982+0000] {processor.py:208} INFO - Processing /opt/airflow/dags/process_data_dag.py took 0.027 seconds
[2025-11-11T00:39:40.315+0000] {processor.py:186} INFO - Started process (PID=1359) to work on /opt/airflow/dags/process_data_dag.py
[2025-11-11T00:39:40.316+0000] {processor.py:914} INFO - Processing file /opt/airflow/dags/process_data_dag.py for tasks to queue
[2025-11-11T00:39:40.319+0000] {logging_mixin.py:190} INFO - [2025-11-11T00:39:40.319+0000] {dagbag.py:588} INFO - Filling up the DagBag from /opt/airflow/dags/process_data_dag.py
[2025-11-11T00:39:40.324+0000] {logging_mixin.py:190} INFO - [2025-11-11T00:39:40.322+0000] {dagbag.py:387} ERROR - Failed to import: /opt/airflow/dags/process_data_dag.py
Traceback (most recent call last):
  File "/home/airflow/.local/lib/python3.12/site-packages/airflow/models/dagbag.py", line 383, in parse
    loader.exec_module(new_module)
  File "<frozen importlib._bootstrap_external>", line 995, in exec_module
  File "<frozen importlib._bootstrap_external>", line 1133, in get_code
  File "<frozen importlib._bootstrap_external>", line 1063, in source_to_code
  File "<frozen importlib._bootstrap>", line 488, in _call_with_frames_removed
  File "/opt/airflow/dags/process_data_dag.py", line 45
    df = pd.read_csv(StringIO(csv_data), , sep=";")
                                         ^
SyntaxError: invalid syntax
[2025-11-11T00:39:40.324+0000] {processor.py:927} WARNING - No viable dags retrieved from /opt/airflow/dags/process_data_dag.py
[2025-11-11T00:39:40.338+0000] {processor.py:208} INFO - Processing /opt/airflow/dags/process_data_dag.py took 0.030 seconds
[2025-11-11T00:39:47.407+0000] {processor.py:186} INFO - Started process (PID=1362) to work on /opt/airflow/dags/process_data_dag.py
[2025-11-11T00:39:47.408+0000] {processor.py:914} INFO - Processing file /opt/airflow/dags/process_data_dag.py for tasks to queue
[2025-11-11T00:39:47.412+0000] {logging_mixin.py:190} INFO - [2025-11-11T00:39:47.411+0000] {dagbag.py:588} INFO - Filling up the DagBag from /opt/airflow/dags/process_data_dag.py
[2025-11-11T00:39:47.464+0000] {processor.py:925} INFO - DAG(s) 'process_data_dag' retrieved from /opt/airflow/dags/process_data_dag.py
[2025-11-11T00:39:47.473+0000] {logging_mixin.py:190} INFO - [2025-11-11T00:39:47.473+0000] {dag.py:3239} INFO - Sync 1 DAGs
[2025-11-11T00:39:47.488+0000] {logging_mixin.py:190} INFO - [2025-11-11T00:39:47.488+0000] {dag.py:4180} INFO - Setting next_dagrun for process_data_dag to 2025-11-01 00:00:00+00:00, run_after=2025-12-01 00:00:00+00:00
[2025-11-11T00:39:47.501+0000] {processor.py:208} INFO - Processing /opt/airflow/dags/process_data_dag.py took 0.104 seconds
[2025-11-11T00:40:17.569+0000] {processor.py:186} INFO - Started process (PID=1427) to work on /opt/airflow/dags/process_data_dag.py
[2025-11-11T00:40:17.571+0000] {processor.py:914} INFO - Processing file /opt/airflow/dags/process_data_dag.py for tasks to queue
[2025-11-11T00:40:17.573+0000] {logging_mixin.py:190} INFO - [2025-11-11T00:40:17.573+0000] {dagbag.py:588} INFO - Filling up the DagBag from /opt/airflow/dags/process_data_dag.py
[2025-11-11T00:40:17.691+0000] {processor.py:925} INFO - DAG(s) 'process_data_dag' retrieved from /opt/airflow/dags/process_data_dag.py
[2025-11-11T00:40:17.703+0000] {logging_mixin.py:190} INFO - [2025-11-11T00:40:17.703+0000] {dag.py:3239} INFO - Sync 1 DAGs
[2025-11-11T00:40:17.716+0000] {logging_mixin.py:190} INFO - [2025-11-11T00:40:17.716+0000] {dag.py:4180} INFO - Setting next_dagrun for process_data_dag to 2025-11-01 00:00:00+00:00, run_after=2025-12-01 00:00:00+00:00
[2025-11-11T00:40:17.729+0000] {processor.py:208} INFO - Processing /opt/airflow/dags/process_data_dag.py took 0.168 seconds
[2025-11-11T00:40:48.060+0000] {processor.py:186} INFO - Started process (PID=1492) to work on /opt/airflow/dags/process_data_dag.py
[2025-11-11T00:40:48.061+0000] {processor.py:914} INFO - Processing file /opt/airflow/dags/process_data_dag.py for tasks to queue
[2025-11-11T00:40:48.063+0000] {logging_mixin.py:190} INFO - [2025-11-11T00:40:48.063+0000] {dagbag.py:588} INFO - Filling up the DagBag from /opt/airflow/dags/process_data_dag.py
[2025-11-11T00:40:48.152+0000] {processor.py:925} INFO - DAG(s) 'process_data_dag' retrieved from /opt/airflow/dags/process_data_dag.py
[2025-11-11T00:40:48.162+0000] {logging_mixin.py:190} INFO - [2025-11-11T00:40:48.162+0000] {dag.py:3239} INFO - Sync 1 DAGs
[2025-11-11T00:40:48.175+0000] {logging_mixin.py:190} INFO - [2025-11-11T00:40:48.175+0000] {dag.py:4180} INFO - Setting next_dagrun for process_data_dag to 2025-11-01 00:00:00+00:00, run_after=2025-12-01 00:00:00+00:00
[2025-11-11T00:40:48.209+0000] {processor.py:208} INFO - Processing /opt/airflow/dags/process_data_dag.py took 0.155 seconds
[2025-11-11T22:31:03.517+0000] {processor.py:186} INFO - Started process (PID=51) to work on /opt/airflow/dags/process_data_dag.py
[2025-11-11T22:31:03.518+0000] {processor.py:914} INFO - Processing file /opt/airflow/dags/process_data_dag.py for tasks to queue
[2025-11-11T22:31:03.520+0000] {logging_mixin.py:190} INFO - [2025-11-11T22:31:03.520+0000] {dagbag.py:588} INFO - Filling up the DagBag from /opt/airflow/dags/process_data_dag.py
[2025-11-11T22:31:03.638+0000] {processor.py:925} INFO - DAG(s) 'process_data_dag' retrieved from /opt/airflow/dags/process_data_dag.py
[2025-11-11T22:31:03.672+0000] {logging_mixin.py:190} INFO - [2025-11-11T22:31:03.672+0000] {dag.py:3239} INFO - Sync 1 DAGs
[2025-11-11T22:31:03.705+0000] {logging_mixin.py:190} INFO - [2025-11-11T22:31:03.704+0000] {dag.py:4180} INFO - Setting next_dagrun for process_data_dag to 2025-11-01 00:00:00+00:00, run_after=2025-12-01 00:00:00+00:00
[2025-11-11T22:31:03.725+0000] {processor.py:208} INFO - Processing /opt/airflow/dags/process_data_dag.py took 0.214 seconds
[2025-11-11T22:31:34.277+0000] {processor.py:186} INFO - Started process (PID=122) to work on /opt/airflow/dags/process_data_dag.py
[2025-11-11T22:31:34.283+0000] {processor.py:914} INFO - Processing file /opt/airflow/dags/process_data_dag.py for tasks to queue
[2025-11-11T22:31:34.286+0000] {logging_mixin.py:190} INFO - [2025-11-11T22:31:34.285+0000] {dagbag.py:588} INFO - Filling up the DagBag from /opt/airflow/dags/process_data_dag.py
[2025-11-11T22:31:34.376+0000] {processor.py:925} INFO - DAG(s) 'process_data_dag' retrieved from /opt/airflow/dags/process_data_dag.py
[2025-11-11T22:31:34.391+0000] {logging_mixin.py:190} INFO - [2025-11-11T22:31:34.391+0000] {dag.py:3239} INFO - Sync 1 DAGs
[2025-11-11T22:31:34.408+0000] {logging_mixin.py:190} INFO - [2025-11-11T22:31:34.408+0000] {dag.py:4180} INFO - Setting next_dagrun for process_data_dag to 2025-11-01 00:00:00+00:00, run_after=2025-12-01 00:00:00+00:00
[2025-11-11T22:31:34.478+0000] {processor.py:208} INFO - Processing /opt/airflow/dags/process_data_dag.py took 0.211 seconds
[2025-11-11T22:32:04.536+0000] {processor.py:186} INFO - Started process (PID=187) to work on /opt/airflow/dags/process_data_dag.py
[2025-11-11T22:32:04.537+0000] {processor.py:914} INFO - Processing file /opt/airflow/dags/process_data_dag.py for tasks to queue
[2025-11-11T22:32:04.540+0000] {logging_mixin.py:190} INFO - [2025-11-11T22:32:04.539+0000] {dagbag.py:588} INFO - Filling up the DagBag from /opt/airflow/dags/process_data_dag.py
[2025-11-11T22:32:04.613+0000] {processor.py:925} INFO - DAG(s) 'process_data_dag' retrieved from /opt/airflow/dags/process_data_dag.py
[2025-11-11T22:32:04.629+0000] {logging_mixin.py:190} INFO - [2025-11-11T22:32:04.629+0000] {dag.py:3239} INFO - Sync 1 DAGs
[2025-11-11T22:32:04.646+0000] {logging_mixin.py:190} INFO - [2025-11-11T22:32:04.646+0000] {dag.py:4180} INFO - Setting next_dagrun for process_data_dag to 2025-11-01 00:00:00+00:00, run_after=2025-12-01 00:00:00+00:00
[2025-11-11T22:32:04.659+0000] {processor.py:208} INFO - Processing /opt/airflow/dags/process_data_dag.py took 0.131 seconds
[2025-11-11T22:32:35.316+0000] {processor.py:186} INFO - Started process (PID=252) to work on /opt/airflow/dags/process_data_dag.py
[2025-11-11T22:32:35.321+0000] {processor.py:914} INFO - Processing file /opt/airflow/dags/process_data_dag.py for tasks to queue
[2025-11-11T22:32:35.324+0000] {logging_mixin.py:190} INFO - [2025-11-11T22:32:35.323+0000] {dagbag.py:588} INFO - Filling up the DagBag from /opt/airflow/dags/process_data_dag.py
[2025-11-11T22:32:35.393+0000] {processor.py:925} INFO - DAG(s) 'process_data_dag' retrieved from /opt/airflow/dags/process_data_dag.py
[2025-11-11T22:32:35.412+0000] {logging_mixin.py:190} INFO - [2025-11-11T22:32:35.412+0000] {dag.py:3239} INFO - Sync 1 DAGs
[2025-11-11T22:32:35.449+0000] {logging_mixin.py:190} INFO - [2025-11-11T22:32:35.449+0000] {dag.py:4180} INFO - Setting next_dagrun for process_data_dag to 2025-11-01 00:00:00+00:00, run_after=2025-12-01 00:00:00+00:00
[2025-11-11T22:32:35.480+0000] {processor.py:208} INFO - Processing /opt/airflow/dags/process_data_dag.py took 0.170 seconds
[2025-11-11T22:33:05.582+0000] {processor.py:186} INFO - Started process (PID=317) to work on /opt/airflow/dags/process_data_dag.py
[2025-11-11T22:33:05.584+0000] {processor.py:914} INFO - Processing file /opt/airflow/dags/process_data_dag.py for tasks to queue
[2025-11-11T22:33:05.589+0000] {logging_mixin.py:190} INFO - [2025-11-11T22:33:05.588+0000] {dagbag.py:588} INFO - Filling up the DagBag from /opt/airflow/dags/process_data_dag.py
[2025-11-11T22:33:05.689+0000] {processor.py:925} INFO - DAG(s) 'process_data_dag' retrieved from /opt/airflow/dags/process_data_dag.py
[2025-11-11T22:33:05.702+0000] {logging_mixin.py:190} INFO - [2025-11-11T22:33:05.702+0000] {dag.py:3239} INFO - Sync 1 DAGs
[2025-11-11T22:33:05.720+0000] {logging_mixin.py:190} INFO - [2025-11-11T22:33:05.720+0000] {dag.py:4180} INFO - Setting next_dagrun for process_data_dag to 2025-11-01 00:00:00+00:00, run_after=2025-12-01 00:00:00+00:00
[2025-11-11T22:33:05.738+0000] {processor.py:208} INFO - Processing /opt/airflow/dags/process_data_dag.py took 0.172 seconds
[2025-11-11T22:33:36.170+0000] {processor.py:186} INFO - Started process (PID=382) to work on /opt/airflow/dags/process_data_dag.py
[2025-11-11T22:33:36.171+0000] {processor.py:914} INFO - Processing file /opt/airflow/dags/process_data_dag.py for tasks to queue
[2025-11-11T22:33:36.175+0000] {logging_mixin.py:190} INFO - [2025-11-11T22:33:36.174+0000] {dagbag.py:588} INFO - Filling up the DagBag from /opt/airflow/dags/process_data_dag.py
[2025-11-11T22:33:36.574+0000] {processor.py:925} INFO - DAG(s) 'process_data_dag' retrieved from /opt/airflow/dags/process_data_dag.py
[2025-11-11T22:33:36.747+0000] {logging_mixin.py:190} INFO - [2025-11-11T22:33:36.746+0000] {dag.py:3239} INFO - Sync 1 DAGs
[2025-11-11T22:33:36.857+0000] {logging_mixin.py:190} INFO - [2025-11-11T22:33:36.857+0000] {dag.py:4180} INFO - Setting next_dagrun for process_data_dag to 2025-11-01 00:00:00+00:00, run_after=2025-12-01 00:00:00+00:00
[2025-11-11T22:33:36.892+0000] {processor.py:208} INFO - Processing /opt/airflow/dags/process_data_dag.py took 0.729 seconds
[2025-11-11T22:34:06.961+0000] {processor.py:186} INFO - Started process (PID=447) to work on /opt/airflow/dags/process_data_dag.py
[2025-11-11T22:34:06.962+0000] {processor.py:914} INFO - Processing file /opt/airflow/dags/process_data_dag.py for tasks to queue
[2025-11-11T22:34:07.011+0000] {logging_mixin.py:190} INFO - [2025-11-11T22:34:07.010+0000] {dagbag.py:588} INFO - Filling up the DagBag from /opt/airflow/dags/process_data_dag.py
[2025-11-11T22:34:08.896+0000] {processor.py:925} INFO - DAG(s) 'process_data_dag' retrieved from /opt/airflow/dags/process_data_dag.py
[2025-11-11T22:34:09.275+0000] {logging_mixin.py:190} INFO - [2025-11-11T22:34:09.275+0000] {dag.py:3239} INFO - Sync 1 DAGs
[2025-11-11T22:34:10.013+0000] {logging_mixin.py:190} INFO - [2025-11-11T22:34:10.013+0000] {dag.py:4180} INFO - Setting next_dagrun for process_data_dag to 2025-11-01 00:00:00+00:00, run_after=2025-12-01 00:00:00+00:00
[2025-11-11T22:34:10.053+0000] {processor.py:208} INFO - Processing /opt/airflow/dags/process_data_dag.py took 3.103 seconds
[2025-11-11T22:34:40.625+0000] {processor.py:186} INFO - Started process (PID=512) to work on /opt/airflow/dags/process_data_dag.py
[2025-11-11T22:34:40.633+0000] {processor.py:914} INFO - Processing file /opt/airflow/dags/process_data_dag.py for tasks to queue
[2025-11-11T22:34:40.639+0000] {logging_mixin.py:190} INFO - [2025-11-11T22:34:40.638+0000] {dagbag.py:588} INFO - Filling up the DagBag from /opt/airflow/dags/process_data_dag.py
[2025-11-11T22:34:40.787+0000] {processor.py:925} INFO - DAG(s) 'process_data_dag' retrieved from /opt/airflow/dags/process_data_dag.py
[2025-11-11T22:34:40.823+0000] {logging_mixin.py:190} INFO - [2025-11-11T22:34:40.822+0000] {dag.py:3239} INFO - Sync 1 DAGs
[2025-11-11T22:34:41.813+0000] {logging_mixin.py:190} INFO - [2025-11-11T22:34:41.813+0000] {dag.py:4180} INFO - Setting next_dagrun for process_data_dag to 2025-11-01 00:00:00+00:00, run_after=2025-12-01 00:00:00+00:00
[2025-11-11T22:34:41.858+0000] {processor.py:208} INFO - Processing /opt/airflow/dags/process_data_dag.py took 1.248 seconds
[2025-11-11T22:35:12.216+0000] {processor.py:186} INFO - Started process (PID=581) to work on /opt/airflow/dags/process_data_dag.py
[2025-11-11T22:35:12.218+0000] {processor.py:914} INFO - Processing file /opt/airflow/dags/process_data_dag.py for tasks to queue
[2025-11-11T22:35:12.224+0000] {logging_mixin.py:190} INFO - [2025-11-11T22:35:12.223+0000] {dagbag.py:588} INFO - Filling up the DagBag from /opt/airflow/dags/process_data_dag.py
[2025-11-11T22:35:13.230+0000] {processor.py:925} INFO - DAG(s) 'process_data_dag' retrieved from /opt/airflow/dags/process_data_dag.py
[2025-11-11T22:35:13.345+0000] {logging_mixin.py:190} INFO - [2025-11-11T22:35:13.345+0000] {dag.py:3239} INFO - Sync 1 DAGs
[2025-11-11T22:35:13.422+0000] {logging_mixin.py:190} INFO - [2025-11-11T22:35:13.422+0000] {dag.py:4180} INFO - Setting next_dagrun for process_data_dag to 2025-11-01 00:00:00+00:00, run_after=2025-12-01 00:00:00+00:00
[2025-11-11T22:35:13.526+0000] {processor.py:208} INFO - Processing /opt/airflow/dags/process_data_dag.py took 1.327 seconds
[2025-11-11T22:35:44.156+0000] {processor.py:186} INFO - Started process (PID=646) to work on /opt/airflow/dags/process_data_dag.py
[2025-11-11T22:35:44.160+0000] {processor.py:914} INFO - Processing file /opt/airflow/dags/process_data_dag.py for tasks to queue
[2025-11-11T22:35:44.168+0000] {logging_mixin.py:190} INFO - [2025-11-11T22:35:44.166+0000] {dagbag.py:588} INFO - Filling up the DagBag from /opt/airflow/dags/process_data_dag.py
[2025-11-11T22:35:44.263+0000] {processor.py:925} INFO - DAG(s) 'process_data_dag' retrieved from /opt/airflow/dags/process_data_dag.py
[2025-11-11T22:35:44.282+0000] {logging_mixin.py:190} INFO - [2025-11-11T22:35:44.282+0000] {dag.py:3239} INFO - Sync 1 DAGs
[2025-11-11T22:35:44.312+0000] {logging_mixin.py:190} INFO - [2025-11-11T22:35:44.311+0000] {dag.py:4180} INFO - Setting next_dagrun for process_data_dag to 2025-11-01 00:00:00+00:00, run_after=2025-12-01 00:00:00+00:00
[2025-11-11T22:35:44.332+0000] {processor.py:208} INFO - Processing /opt/airflow/dags/process_data_dag.py took 0.196 seconds
[2025-11-11T22:36:14.797+0000] {processor.py:186} INFO - Started process (PID=711) to work on /opt/airflow/dags/process_data_dag.py
[2025-11-11T22:36:14.798+0000] {processor.py:914} INFO - Processing file /opt/airflow/dags/process_data_dag.py for tasks to queue
[2025-11-11T22:36:14.803+0000] {logging_mixin.py:190} INFO - [2025-11-11T22:36:14.803+0000] {dagbag.py:588} INFO - Filling up the DagBag from /opt/airflow/dags/process_data_dag.py
[2025-11-11T22:36:14.889+0000] {processor.py:925} INFO - DAG(s) 'process_data_dag' retrieved from /opt/airflow/dags/process_data_dag.py
[2025-11-11T22:36:14.903+0000] {logging_mixin.py:190} INFO - [2025-11-11T22:36:14.903+0000] {dag.py:3239} INFO - Sync 1 DAGs
[2025-11-11T22:36:14.930+0000] {logging_mixin.py:190} INFO - [2025-11-11T22:36:14.930+0000] {dag.py:4180} INFO - Setting next_dagrun for process_data_dag to 2025-11-01 00:00:00+00:00, run_after=2025-12-01 00:00:00+00:00
[2025-11-11T22:36:14.972+0000] {processor.py:208} INFO - Processing /opt/airflow/dags/process_data_dag.py took 0.188 seconds
[2025-11-11T22:36:45.178+0000] {processor.py:186} INFO - Started process (PID=776) to work on /opt/airflow/dags/process_data_dag.py
[2025-11-11T22:36:45.180+0000] {processor.py:914} INFO - Processing file /opt/airflow/dags/process_data_dag.py for tasks to queue
[2025-11-11T22:36:45.185+0000] {logging_mixin.py:190} INFO - [2025-11-11T22:36:45.184+0000] {dagbag.py:588} INFO - Filling up the DagBag from /opt/airflow/dags/process_data_dag.py
[2025-11-11T22:36:45.280+0000] {processor.py:925} INFO - DAG(s) 'process_data_dag' retrieved from /opt/airflow/dags/process_data_dag.py
[2025-11-11T22:36:45.299+0000] {logging_mixin.py:190} INFO - [2025-11-11T22:36:45.298+0000] {dag.py:3239} INFO - Sync 1 DAGs
[2025-11-11T22:36:45.345+0000] {logging_mixin.py:190} INFO - [2025-11-11T22:36:45.344+0000] {dag.py:4180} INFO - Setting next_dagrun for process_data_dag to 2025-11-01 00:00:00+00:00, run_after=2025-12-01 00:00:00+00:00
[2025-11-11T22:36:45.359+0000] {processor.py:208} INFO - Processing /opt/airflow/dags/process_data_dag.py took 0.192 seconds
[2025-11-11T22:37:15.947+0000] {processor.py:186} INFO - Started process (PID=841) to work on /opt/airflow/dags/process_data_dag.py
[2025-11-11T22:37:15.948+0000] {processor.py:914} INFO - Processing file /opt/airflow/dags/process_data_dag.py for tasks to queue
[2025-11-11T22:37:15.951+0000] {logging_mixin.py:190} INFO - [2025-11-11T22:37:15.951+0000] {dagbag.py:588} INFO - Filling up the DagBag from /opt/airflow/dags/process_data_dag.py
[2025-11-11T22:37:16.027+0000] {processor.py:925} INFO - DAG(s) 'process_data_dag' retrieved from /opt/airflow/dags/process_data_dag.py
[2025-11-11T22:37:16.051+0000] {logging_mixin.py:190} INFO - [2025-11-11T22:37:16.050+0000] {dag.py:3239} INFO - Sync 1 DAGs
[2025-11-11T22:37:16.075+0000] {logging_mixin.py:190} INFO - [2025-11-11T22:37:16.075+0000] {dag.py:4180} INFO - Setting next_dagrun for process_data_dag to 2025-11-01 00:00:00+00:00, run_after=2025-12-01 00:00:00+00:00
[2025-11-11T22:37:16.098+0000] {processor.py:208} INFO - Processing /opt/airflow/dags/process_data_dag.py took 0.157 seconds
[2025-11-11T22:37:46.864+0000] {processor.py:186} INFO - Started process (PID=906) to work on /opt/airflow/dags/process_data_dag.py
[2025-11-11T22:37:46.870+0000] {processor.py:914} INFO - Processing file /opt/airflow/dags/process_data_dag.py for tasks to queue
[2025-11-11T22:37:46.875+0000] {logging_mixin.py:190} INFO - [2025-11-11T22:37:46.874+0000] {dagbag.py:588} INFO - Filling up the DagBag from /opt/airflow/dags/process_data_dag.py
[2025-11-11T22:37:46.964+0000] {processor.py:925} INFO - DAG(s) 'process_data_dag' retrieved from /opt/airflow/dags/process_data_dag.py
[2025-11-11T22:37:46.976+0000] {logging_mixin.py:190} INFO - [2025-11-11T22:37:46.976+0000] {dag.py:3239} INFO - Sync 1 DAGs
[2025-11-11T22:37:46.997+0000] {logging_mixin.py:190} INFO - [2025-11-11T22:37:46.996+0000] {dag.py:4180} INFO - Setting next_dagrun for process_data_dag to 2025-11-01 00:00:00+00:00, run_after=2025-12-01 00:00:00+00:00
[2025-11-11T22:37:47.025+0000] {processor.py:208} INFO - Processing /opt/airflow/dags/process_data_dag.py took 0.173 seconds
[2025-11-11T22:38:17.074+0000] {processor.py:186} INFO - Started process (PID=971) to work on /opt/airflow/dags/process_data_dag.py
[2025-11-11T22:38:17.075+0000] {processor.py:914} INFO - Processing file /opt/airflow/dags/process_data_dag.py for tasks to queue
[2025-11-11T22:38:17.077+0000] {logging_mixin.py:190} INFO - [2025-11-11T22:38:17.077+0000] {dagbag.py:588} INFO - Filling up the DagBag from /opt/airflow/dags/process_data_dag.py
[2025-11-11T22:38:17.148+0000] {processor.py:925} INFO - DAG(s) 'process_data_dag' retrieved from /opt/airflow/dags/process_data_dag.py
[2025-11-11T22:38:17.158+0000] {logging_mixin.py:190} INFO - [2025-11-11T22:38:17.158+0000] {dag.py:3239} INFO - Sync 1 DAGs
[2025-11-11T22:38:17.179+0000] {logging_mixin.py:190} INFO - [2025-11-11T22:38:17.179+0000] {dag.py:4180} INFO - Setting next_dagrun for process_data_dag to 2025-11-01 00:00:00+00:00, run_after=2025-12-01 00:00:00+00:00
[2025-11-11T22:38:17.200+0000] {processor.py:208} INFO - Processing /opt/airflow/dags/process_data_dag.py took 0.134 seconds
[2025-11-11T22:38:48.377+0000] {processor.py:186} INFO - Started process (PID=1022) to work on /opt/airflow/dags/process_data_dag.py
[2025-11-11T22:38:48.378+0000] {processor.py:914} INFO - Processing file /opt/airflow/dags/process_data_dag.py for tasks to queue
[2025-11-11T22:38:48.380+0000] {logging_mixin.py:190} INFO - [2025-11-11T22:38:48.380+0000] {dagbag.py:588} INFO - Filling up the DagBag from /opt/airflow/dags/process_data_dag.py
[2025-11-11T22:38:48.443+0000] {processor.py:925} INFO - DAG(s) 'process_data_dag' retrieved from /opt/airflow/dags/process_data_dag.py
[2025-11-11T22:38:48.458+0000] {logging_mixin.py:190} INFO - [2025-11-11T22:38:48.458+0000] {dag.py:3239} INFO - Sync 1 DAGs
[2025-11-11T22:38:48.482+0000] {logging_mixin.py:190} INFO - [2025-11-11T22:38:48.482+0000] {dag.py:4180} INFO - Setting next_dagrun for process_data_dag to 2025-11-01 00:00:00+00:00, run_after=2025-12-01 00:00:00+00:00
[2025-11-11T22:38:48.509+0000] {processor.py:208} INFO - Processing /opt/airflow/dags/process_data_dag.py took 0.137 seconds
[2025-11-11T22:39:18.704+0000] {processor.py:186} INFO - Started process (PID=1083) to work on /opt/airflow/dags/process_data_dag.py
[2025-11-11T22:39:18.705+0000] {processor.py:914} INFO - Processing file /opt/airflow/dags/process_data_dag.py for tasks to queue
[2025-11-11T22:39:18.708+0000] {logging_mixin.py:190} INFO - [2025-11-11T22:39:18.708+0000] {dagbag.py:588} INFO - Filling up the DagBag from /opt/airflow/dags/process_data_dag.py
[2025-11-11T22:39:18.781+0000] {processor.py:925} INFO - DAG(s) 'process_data_dag' retrieved from /opt/airflow/dags/process_data_dag.py
[2025-11-11T22:39:18.795+0000] {logging_mixin.py:190} INFO - [2025-11-11T22:39:18.795+0000] {dag.py:3239} INFO - Sync 1 DAGs
[2025-11-11T22:39:18.811+0000] {logging_mixin.py:190} INFO - [2025-11-11T22:39:18.810+0000] {dag.py:4180} INFO - Setting next_dagrun for process_data_dag to 2025-11-01 00:00:00+00:00, run_after=2025-12-01 00:00:00+00:00
[2025-11-11T22:39:18.826+0000] {processor.py:208} INFO - Processing /opt/airflow/dags/process_data_dag.py took 0.132 seconds
[2025-11-11T22:39:49.102+0000] {processor.py:186} INFO - Started process (PID=1135) to work on /opt/airflow/dags/process_data_dag.py
[2025-11-11T22:39:49.104+0000] {processor.py:914} INFO - Processing file /opt/airflow/dags/process_data_dag.py for tasks to queue
[2025-11-11T22:39:49.111+0000] {logging_mixin.py:190} INFO - [2025-11-11T22:39:49.110+0000] {dagbag.py:588} INFO - Filling up the DagBag from /opt/airflow/dags/process_data_dag.py
[2025-11-11T22:39:49.195+0000] {processor.py:925} INFO - DAG(s) 'process_data_dag' retrieved from /opt/airflow/dags/process_data_dag.py
[2025-11-11T22:39:49.207+0000] {logging_mixin.py:190} INFO - [2025-11-11T22:39:49.207+0000] {dag.py:3239} INFO - Sync 1 DAGs
[2025-11-11T22:39:49.221+0000] {logging_mixin.py:190} INFO - [2025-11-11T22:39:49.221+0000] {dag.py:4180} INFO - Setting next_dagrun for process_data_dag to 2025-11-01 00:00:00+00:00, run_after=2025-12-01 00:00:00+00:00
[2025-11-11T22:39:49.237+0000] {processor.py:208} INFO - Processing /opt/airflow/dags/process_data_dag.py took 0.147 seconds
