[2025-11-06T22:20:18.381+0000] {local_task_job_runner.py:123} INFO - ::group::Pre task execution logs
[2025-11-06T22:20:18.393+0000] {taskinstance.py:2631} INFO - Dependencies all met for dep_context=non-requeueable deps ti=<TaskInstance: input_data_dag.input_data scheduled__2024-10-01T00:00:00+00:00 [queued]>
[2025-11-06T22:20:18.398+0000] {taskinstance.py:2631} INFO - Dependencies all met for dep_context=requeueable deps ti=<TaskInstance: input_data_dag.input_data scheduled__2024-10-01T00:00:00+00:00 [queued]>
[2025-11-06T22:20:18.398+0000] {taskinstance.py:2884} INFO - Starting attempt 1 of 1
[2025-11-06T22:20:18.473+0000] {taskinstance.py:2907} INFO - Executing <Task(PythonOperator): input_data> on 2024-10-01 00:00:00+00:00
[2025-11-06T22:20:18.499+0000] {warnings.py:112} WARNING - /home/***/.local/lib/python3.12/site-packages/***/task/task_runner/standard_task_runner.py:70: DeprecationWarning: This process (pid=382) is multi-threaded, use of fork() may lead to deadlocks in the child.
  pid = os.fork()

[2025-11-06T22:20:18.502+0000] {standard_task_runner.py:72} INFO - Started process 421 to run task
[2025-11-06T22:20:18.504+0000] {standard_task_runner.py:104} INFO - Running: ['***', 'tasks', 'run', 'input_data_dag', 'input_data', 'scheduled__2024-10-01T00:00:00+00:00', '--job-id', '51', '--raw', '--subdir', 'DAGS_FOLDER/input_data_dag.py', '--cfg-path', '/tmp/tmposcz5ey6']
[2025-11-06T22:20:18.506+0000] {standard_task_runner.py:105} INFO - Job 51: Subtask input_data
[2025-11-06T22:20:18.564+0000] {task_command.py:467} INFO - Running <TaskInstance: input_data_dag.input_data scheduled__2024-10-01T00:00:00+00:00 [running]> on host 127da4241ae8
[2025-11-06T22:20:19.218+0000] {taskinstance.py:3157} INFO - Exporting env vars: AIRFLOW_CTX_DAG_OWNER='***' AIRFLOW_CTX_DAG_ID='input_data_dag' AIRFLOW_CTX_TASK_ID='input_data' AIRFLOW_CTX_EXECUTION_DATE='2024-10-01T00:00:00+00:00' AIRFLOW_CTX_TRY_NUMBER='1' AIRFLOW_CTX_DAG_RUN_ID='scheduled__2024-10-01T00:00:00+00:00'
[2025-11-06T22:20:19.219+0000] {logging_mixin.py:190} INFO - Task instance is in running state
[2025-11-06T22:20:19.219+0000] {logging_mixin.py:190} INFO -  Previous state of the Task instance: queued
[2025-11-06T22:20:19.219+0000] {logging_mixin.py:190} INFO - Current task name:input_data state:running start_date:2025-11-06 22:20:18.393819+00:00
[2025-11-06T22:20:19.220+0000] {logging_mixin.py:190} INFO - Dag name:input_data_dag and current dag run status:running
[2025-11-06T22:20:19.220+0000] {taskinstance.py:740} INFO - ::endgroup::
[2025-11-06T22:20:19.946+0000] {python.py:240} INFO - Done. Returned value was: None
[2025-11-06T22:20:19.957+0000] {taskinstance.py:349} INFO - ::group::Post task execution logs
[2025-11-06T22:20:19.958+0000] {taskinstance.py:361} INFO - Marking task as SUCCESS. dag_id=input_data_dag, task_id=input_data, run_id=scheduled__2024-10-01T00:00:00+00:00, execution_date=20241001T000000, start_date=20251106T222018, end_date=20251106T222019
[2025-11-06T22:20:19.988+0000] {logging_mixin.py:190} INFO - Task instance in success state
[2025-11-06T22:20:19.989+0000] {logging_mixin.py:190} INFO -  Previous state of the Task instance: running
[2025-11-06T22:20:19.990+0000] {logging_mixin.py:190} INFO - Dag name:input_data_dag queued_at:2025-11-06 22:19:27.203996+00:00
[2025-11-06T22:20:19.990+0000] {logging_mixin.py:190} INFO - Task hostname:127da4241ae8 operator:PythonOperator
[2025-11-06T22:20:20.044+0000] {local_task_job_runner.py:266} INFO - Task exited with return code 0
[2025-11-06T22:20:20.066+0000] {taskinstance.py:3924} INFO - 0 downstream tasks scheduled from follow-on schedule check
[2025-11-06T22:20:20.069+0000] {local_task_job_runner.py:245} INFO - ::endgroup::
[2025-11-06T22:26:39.038+0000] {local_task_job_runner.py:123} INFO - ::group::Pre task execution logs
[2025-11-06T22:26:39.051+0000] {taskinstance.py:2631} INFO - Dependencies all met for dep_context=non-requeueable deps ti=<TaskInstance: input_data_dag.input_data scheduled__2024-10-01T00:00:00+00:00 [queued]>
[2025-11-06T22:26:39.061+0000] {taskinstance.py:2631} INFO - Dependencies all met for dep_context=requeueable deps ti=<TaskInstance: input_data_dag.input_data scheduled__2024-10-01T00:00:00+00:00 [queued]>
[2025-11-06T22:26:39.061+0000] {taskinstance.py:2884} INFO - Starting attempt 1 of 1
[2025-11-06T22:26:39.086+0000] {taskinstance.py:2907} INFO - Executing <Task(PythonOperator): input_data> on 2024-10-01 00:00:00+00:00
[2025-11-06T22:26:39.096+0000] {warnings.py:112} WARNING - /home/***/.local/lib/python3.12/site-packages/***/task/task_runner/standard_task_runner.py:70: DeprecationWarning: This process (pid=98) is multi-threaded, use of fork() may lead to deadlocks in the child.
  pid = os.fork()

[2025-11-06T22:26:39.097+0000] {standard_task_runner.py:72} INFO - Started process 141 to run task
[2025-11-06T22:26:39.116+0000] {standard_task_runner.py:104} INFO - Running: ['***', 'tasks', 'run', 'input_data_dag', 'input_data', 'scheduled__2024-10-01T00:00:00+00:00', '--job-id', '109', '--raw', '--subdir', 'DAGS_FOLDER/input_data_dag.py', '--cfg-path', '/tmp/tmpt8ghie7w']
[2025-11-06T22:26:39.117+0000] {standard_task_runner.py:105} INFO - Job 109: Subtask input_data
[2025-11-06T22:26:39.163+0000] {task_command.py:467} INFO - Running <TaskInstance: input_data_dag.input_data scheduled__2024-10-01T00:00:00+00:00 [running]> on host 127da4241ae8
[2025-11-06T22:26:39.487+0000] {taskinstance.py:3157} INFO - Exporting env vars: AIRFLOW_CTX_DAG_OWNER='***' AIRFLOW_CTX_DAG_ID='input_data_dag' AIRFLOW_CTX_TASK_ID='input_data' AIRFLOW_CTX_EXECUTION_DATE='2024-10-01T00:00:00+00:00' AIRFLOW_CTX_TRY_NUMBER='1' AIRFLOW_CTX_DAG_RUN_ID='scheduled__2024-10-01T00:00:00+00:00'
[2025-11-06T22:26:39.488+0000] {logging_mixin.py:190} INFO - Task instance is in running state
[2025-11-06T22:26:39.489+0000] {logging_mixin.py:190} INFO -  Previous state of the Task instance: queued
[2025-11-06T22:26:39.489+0000] {logging_mixin.py:190} INFO - Current task name:input_data state:running start_date:2025-11-06 22:26:39.051471+00:00
[2025-11-06T22:26:39.489+0000] {logging_mixin.py:190} INFO - Dag name:input_data_dag and current dag run status:running
[2025-11-06T22:26:39.490+0000] {taskinstance.py:740} INFO - ::endgroup::
[2025-11-06T22:26:40.157+0000] {python.py:240} INFO - Done. Returned value was: None
[2025-11-06T22:26:40.171+0000] {taskinstance.py:349} INFO - ::group::Post task execution logs
[2025-11-06T22:26:40.171+0000] {taskinstance.py:361} INFO - Marking task as SUCCESS. dag_id=input_data_dag, task_id=input_data, run_id=scheduled__2024-10-01T00:00:00+00:00, execution_date=20241001T000000, start_date=20251106T222639, end_date=20251106T222640
[2025-11-06T22:26:40.267+0000] {logging_mixin.py:190} INFO - Task instance in success state
[2025-11-06T22:26:40.268+0000] {logging_mixin.py:190} INFO -  Previous state of the Task instance: running
[2025-11-06T22:26:40.268+0000] {logging_mixin.py:190} INFO - Dag name:input_data_dag queued_at:2025-11-06 22:25:53.084359+00:00
[2025-11-06T22:26:40.269+0000] {logging_mixin.py:190} INFO - Task hostname:127da4241ae8 operator:PythonOperator
[2025-11-06T22:26:40.313+0000] {local_task_job_runner.py:266} INFO - Task exited with return code 0
[2025-11-06T22:26:40.324+0000] {taskinstance.py:3924} INFO - 0 downstream tasks scheduled from follow-on schedule check
[2025-11-06T22:26:40.329+0000] {local_task_job_runner.py:245} INFO - ::endgroup::
