[2025-11-05T23:46:35.226+0000] {local_task_job_runner.py:123} INFO - ::group::Pre task execution logs
[2025-11-05T23:46:35.243+0000] {taskinstance.py:2631} INFO - Dependencies all met for dep_context=non-requeueable deps ti=<TaskInstance: input_data_dag.input_data manual__2025-11-05T23:46:33.181595+00:00 [queued]>
[2025-11-05T23:46:35.251+0000] {taskinstance.py:2631} INFO - Dependencies all met for dep_context=requeueable deps ti=<TaskInstance: input_data_dag.input_data manual__2025-11-05T23:46:33.181595+00:00 [queued]>
[2025-11-05T23:46:35.251+0000] {taskinstance.py:2884} INFO - Starting attempt 1 of 1
[2025-11-05T23:46:35.261+0000] {taskinstance.py:2907} INFO - Executing <Task(PythonOperator): input_data> on 2025-11-05 23:46:33.181595+00:00
[2025-11-05T23:46:35.270+0000] {warnings.py:112} WARNING - /home/***/.local/lib/python3.12/site-packages/***/task/task_runner/standard_task_runner.py:70: DeprecationWarning: This process (pid=1026) is multi-threaded, use of fork() may lead to deadlocks in the child.
  pid = os.fork()

[2025-11-05T23:46:35.271+0000] {standard_task_runner.py:72} INFO - Started process 1035 to run task
[2025-11-05T23:46:35.273+0000] {standard_task_runner.py:104} INFO - Running: ['***', 'tasks', 'run', 'input_data_dag', 'input_data', 'manual__2025-11-05T23:46:33.181595+00:00', '--job-id', '21', '--raw', '--subdir', 'DAGS_FOLDER/input_data_dag.py', '--cfg-path', '/tmp/tmp_bgx7fey']
[2025-11-05T23:46:35.274+0000] {standard_task_runner.py:105} INFO - Job 21: Subtask input_data
[2025-11-05T23:46:35.316+0000] {task_command.py:467} INFO - Running <TaskInstance: input_data_dag.input_data manual__2025-11-05T23:46:33.181595+00:00 [running]> on host 0aab0f5ea6cf
[2025-11-05T23:46:35.599+0000] {taskinstance.py:3157} INFO - Exporting env vars: AIRFLOW_CTX_DAG_OWNER='***' AIRFLOW_CTX_DAG_ID='input_data_dag' AIRFLOW_CTX_TASK_ID='input_data' AIRFLOW_CTX_EXECUTION_DATE='2025-11-05T23:46:33.181595+00:00' AIRFLOW_CTX_TRY_NUMBER='1' AIRFLOW_CTX_DAG_RUN_ID='manual__2025-11-05T23:46:33.181595+00:00'
[2025-11-05T23:46:35.600+0000] {logging_mixin.py:190} INFO - Task instance is in running state
[2025-11-05T23:46:35.600+0000] {logging_mixin.py:190} INFO -  Previous state of the Task instance: queued
[2025-11-05T23:46:35.600+0000] {logging_mixin.py:190} INFO - Current task name:input_data state:running start_date:2025-11-05 23:46:35.243929+00:00
[2025-11-05T23:46:35.600+0000] {logging_mixin.py:190} INFO - Dag name:input_data_dag and current dag run status:running
[2025-11-05T23:46:35.600+0000] {taskinstance.py:740} INFO - ::endgroup::
[2025-11-05T23:46:35.600+0000] {logging_mixin.py:190} INFO - 05/11/2025
[2025-11-05T23:46:35.601+0000] {python.py:240} INFO - Done. Returned value was: None
[2025-11-05T23:46:35.610+0000] {taskinstance.py:349} INFO - ::group::Post task execution logs
[2025-11-05T23:46:35.610+0000] {taskinstance.py:361} INFO - Marking task as SUCCESS. dag_id=input_data_dag, task_id=input_data, run_id=manual__2025-11-05T23:46:33.181595+00:00, execution_date=20251105T234633, start_date=20251105T234635, end_date=20251105T234635
[2025-11-05T23:46:35.628+0000] {logging_mixin.py:190} INFO - Task instance in success state
[2025-11-05T23:46:35.628+0000] {logging_mixin.py:190} INFO -  Previous state of the Task instance: running
[2025-11-05T23:46:35.629+0000] {logging_mixin.py:190} INFO - Dag name:input_data_dag queued_at:2025-11-05 23:46:33.200725+00:00
[2025-11-05T23:46:35.629+0000] {logging_mixin.py:190} INFO - Task hostname:0aab0f5ea6cf operator:PythonOperator
[2025-11-05T23:46:35.646+0000] {local_task_job_runner.py:266} INFO - Task exited with return code 0
[2025-11-05T23:46:35.660+0000] {taskinstance.py:3924} INFO - 0 downstream tasks scheduled from follow-on schedule check
[2025-11-05T23:46:35.661+0000] {local_task_job_runner.py:245} INFO - ::endgroup::
