[2025-11-06T22:20:21.917+0000] {local_task_job_runner.py:123} INFO - ::group::Pre task execution logs
[2025-11-06T22:20:21.934+0000] {taskinstance.py:2631} INFO - Dependencies all met for dep_context=non-requeueable deps ti=<TaskInstance: input_data_dag.input_data scheduled__2025-04-01T00:00:00+00:00 [queued]>
[2025-11-06T22:20:21.943+0000] {taskinstance.py:2631} INFO - Dependencies all met for dep_context=requeueable deps ti=<TaskInstance: input_data_dag.input_data scheduled__2025-04-01T00:00:00+00:00 [queued]>
[2025-11-06T22:20:21.943+0000] {taskinstance.py:2884} INFO - Starting attempt 1 of 1
[2025-11-06T22:20:21.958+0000] {taskinstance.py:2907} INFO - Executing <Task(PythonOperator): input_data> on 2025-04-01 00:00:00+00:00
[2025-11-06T22:20:21.968+0000] {warnings.py:112} WARNING - /home/***/.local/lib/python3.12/site-packages/***/task/task_runner/standard_task_runner.py:70: DeprecationWarning: This process (pid=402) is multi-threaded, use of fork() may lead to deadlocks in the child.
  pid = os.fork()

[2025-11-06T22:20:21.969+0000] {standard_task_runner.py:72} INFO - Started process 434 to run task
[2025-11-06T22:20:21.969+0000] {standard_task_runner.py:104} INFO - Running: ['***', 'tasks', 'run', 'input_data_dag', 'input_data', 'scheduled__2025-04-01T00:00:00+00:00', '--job-id', '57', '--raw', '--subdir', 'DAGS_FOLDER/input_data_dag.py', '--cfg-path', '/tmp/tmpg81p78h4']
[2025-11-06T22:20:21.970+0000] {standard_task_runner.py:105} INFO - Job 57: Subtask input_data
[2025-11-06T22:20:22.016+0000] {task_command.py:467} INFO - Running <TaskInstance: input_data_dag.input_data scheduled__2025-04-01T00:00:00+00:00 [running]> on host 127da4241ae8
[2025-11-06T22:20:22.094+0000] {taskinstance.py:3157} INFO - Exporting env vars: AIRFLOW_CTX_DAG_OWNER='***' AIRFLOW_CTX_DAG_ID='input_data_dag' AIRFLOW_CTX_TASK_ID='input_data' AIRFLOW_CTX_EXECUTION_DATE='2025-04-01T00:00:00+00:00' AIRFLOW_CTX_TRY_NUMBER='1' AIRFLOW_CTX_DAG_RUN_ID='scheduled__2025-04-01T00:00:00+00:00'
[2025-11-06T22:20:22.095+0000] {logging_mixin.py:190} INFO - Task instance is in running state
[2025-11-06T22:20:22.096+0000] {logging_mixin.py:190} INFO -  Previous state of the Task instance: queued
[2025-11-06T22:20:22.096+0000] {logging_mixin.py:190} INFO - Current task name:input_data state:running start_date:2025-11-06 22:20:21.934970+00:00
[2025-11-06T22:20:22.096+0000] {logging_mixin.py:190} INFO - Dag name:input_data_dag and current dag run status:running
[2025-11-06T22:20:22.096+0000] {taskinstance.py:740} INFO - ::endgroup::
[2025-11-06T22:20:22.925+0000] {python.py:240} INFO - Done. Returned value was: None
[2025-11-06T22:20:22.940+0000] {taskinstance.py:349} INFO - ::group::Post task execution logs
[2025-11-06T22:20:22.941+0000] {taskinstance.py:361} INFO - Marking task as SUCCESS. dag_id=input_data_dag, task_id=input_data, run_id=scheduled__2025-04-01T00:00:00+00:00, execution_date=20250401T000000, start_date=20251106T222021, end_date=20251106T222022
[2025-11-06T22:20:22.965+0000] {logging_mixin.py:190} INFO - Task instance in success state
[2025-11-06T22:20:22.965+0000] {logging_mixin.py:190} INFO -  Previous state of the Task instance: running
[2025-11-06T22:20:22.965+0000] {logging_mixin.py:190} INFO - Dag name:input_data_dag queued_at:2025-11-06 22:20:06.766796+00:00
[2025-11-06T22:20:22.965+0000] {logging_mixin.py:190} INFO - Task hostname:127da4241ae8 operator:PythonOperator
[2025-11-06T22:20:22.985+0000] {local_task_job_runner.py:266} INFO - Task exited with return code 0
[2025-11-06T22:20:22.995+0000] {taskinstance.py:3924} INFO - 0 downstream tasks scheduled from follow-on schedule check
[2025-11-06T22:20:22.996+0000] {local_task_job_runner.py:245} INFO - ::endgroup::
[2025-11-06T22:26:44.160+0000] {local_task_job_runner.py:123} INFO - ::group::Pre task execution logs
[2025-11-06T22:26:44.175+0000] {taskinstance.py:2631} INFO - Dependencies all met for dep_context=non-requeueable deps ti=<TaskInstance: input_data_dag.input_data scheduled__2025-04-01T00:00:00+00:00 [queued]>
[2025-11-06T22:26:44.182+0000] {taskinstance.py:2631} INFO - Dependencies all met for dep_context=requeueable deps ti=<TaskInstance: input_data_dag.input_data scheduled__2025-04-01T00:00:00+00:00 [queued]>
[2025-11-06T22:26:44.182+0000] {taskinstance.py:2884} INFO - Starting attempt 1 of 1
[2025-11-06T22:26:44.191+0000] {taskinstance.py:2907} INFO - Executing <Task(PythonOperator): input_data> on 2025-04-01 00:00:00+00:00
[2025-11-06T22:26:44.199+0000] {warnings.py:112} WARNING - /home/***/.local/lib/python3.12/site-packages/***/task/task_runner/standard_task_runner.py:70: DeprecationWarning: This process (pid=138) is multi-threaded, use of fork() may lead to deadlocks in the child.
  pid = os.fork()

[2025-11-06T22:26:44.200+0000] {standard_task_runner.py:72} INFO - Started process 158 to run task
[2025-11-06T22:26:44.201+0000] {standard_task_runner.py:104} INFO - Running: ['***', 'tasks', 'run', 'input_data_dag', 'input_data', 'scheduled__2025-04-01T00:00:00+00:00', '--job-id', '117', '--raw', '--subdir', 'DAGS_FOLDER/input_data_dag.py', '--cfg-path', '/tmp/tmphw38ph44']
[2025-11-06T22:26:44.202+0000] {standard_task_runner.py:105} INFO - Job 117: Subtask input_data
[2025-11-06T22:26:44.242+0000] {task_command.py:467} INFO - Running <TaskInstance: input_data_dag.input_data scheduled__2025-04-01T00:00:00+00:00 [running]> on host 127da4241ae8
[2025-11-06T22:26:44.317+0000] {taskinstance.py:3157} INFO - Exporting env vars: AIRFLOW_CTX_DAG_OWNER='***' AIRFLOW_CTX_DAG_ID='input_data_dag' AIRFLOW_CTX_TASK_ID='input_data' AIRFLOW_CTX_EXECUTION_DATE='2025-04-01T00:00:00+00:00' AIRFLOW_CTX_TRY_NUMBER='1' AIRFLOW_CTX_DAG_RUN_ID='scheduled__2025-04-01T00:00:00+00:00'
[2025-11-06T22:26:44.318+0000] {logging_mixin.py:190} INFO - Task instance is in running state
[2025-11-06T22:26:44.318+0000] {logging_mixin.py:190} INFO -  Previous state of the Task instance: queued
[2025-11-06T22:26:44.318+0000] {logging_mixin.py:190} INFO - Current task name:input_data state:running start_date:2025-11-06 22:26:44.176069+00:00
[2025-11-06T22:26:44.318+0000] {logging_mixin.py:190} INFO - Dag name:input_data_dag and current dag run status:running
[2025-11-06T22:26:44.318+0000] {taskinstance.py:740} INFO - ::endgroup::
[2025-11-06T22:26:45.271+0000] {python.py:240} INFO - Done. Returned value was: None
[2025-11-06T22:26:45.286+0000] {taskinstance.py:349} INFO - ::group::Post task execution logs
[2025-11-06T22:26:45.287+0000] {taskinstance.py:361} INFO - Marking task as SUCCESS. dag_id=input_data_dag, task_id=input_data, run_id=scheduled__2025-04-01T00:00:00+00:00, execution_date=20250401T000000, start_date=20251106T222644, end_date=20251106T222645
[2025-11-06T22:26:45.324+0000] {logging_mixin.py:190} INFO - Task instance in success state
[2025-11-06T22:26:45.324+0000] {logging_mixin.py:190} INFO -  Previous state of the Task instance: running
[2025-11-06T22:26:45.325+0000] {logging_mixin.py:190} INFO - Dag name:input_data_dag queued_at:2025-11-06 22:26:37.500041+00:00
[2025-11-06T22:26:45.325+0000] {logging_mixin.py:190} INFO - Task hostname:127da4241ae8 operator:PythonOperator
[2025-11-06T22:26:45.377+0000] {local_task_job_runner.py:266} INFO - Task exited with return code 0
[2025-11-06T22:26:45.391+0000] {local_task_job_runner.py:245} INFO - ::endgroup::
[2025-11-11T22:35:30.546+0000] {local_task_job_runner.py:123} INFO - ::group::Pre task execution logs
[2025-11-11T22:35:30.657+0000] {taskinstance.py:2631} INFO - Dependencies all met for dep_context=non-requeueable deps ti=<TaskInstance: input_data_dag.input_data scheduled__2025-04-01T00:00:00+00:00 [queued]>
[2025-11-11T22:35:30.684+0000] {taskinstance.py:2631} INFO - Dependencies all met for dep_context=requeueable deps ti=<TaskInstance: input_data_dag.input_data scheduled__2025-04-01T00:00:00+00:00 [queued]>
[2025-11-11T22:35:30.685+0000] {taskinstance.py:2884} INFO - Starting attempt 1 of 1
[2025-11-11T22:35:30.844+0000] {taskinstance.py:2907} INFO - Executing <Task(PythonOperator): input_data> on 2025-04-01 00:00:00+00:00
[2025-11-11T22:35:30.910+0000] {warnings.py:112} WARNING - /home/***/.local/lib/python3.12/site-packages/***/task/task_runner/standard_task_runner.py:70: DeprecationWarning: This process (pid=127) is multi-threaded, use of fork() may lead to deadlocks in the child.
  pid = os.fork()

[2025-11-11T22:35:30.917+0000] {standard_task_runner.py:72} INFO - Started process 151 to run task
[2025-11-11T22:35:30.926+0000] {standard_task_runner.py:104} INFO - Running: ['***', 'tasks', 'run', 'input_data_dag', 'input_data', 'scheduled__2025-04-01T00:00:00+00:00', '--job-id', '197', '--raw', '--subdir', 'DAGS_FOLDER/input_data_dag.py', '--cfg-path', '/tmp/tmpd3howrhq']
[2025-11-11T22:35:30.930+0000] {standard_task_runner.py:105} INFO - Job 197: Subtask input_data
[2025-11-11T22:35:31.096+0000] {task_command.py:467} INFO - Running <TaskInstance: input_data_dag.input_data scheduled__2025-04-01T00:00:00+00:00 [running]> on host b7400122829a
[2025-11-11T22:35:32.013+0000] {taskinstance.py:3157} INFO - Exporting env vars: AIRFLOW_CTX_DAG_OWNER='***' AIRFLOW_CTX_DAG_ID='input_data_dag' AIRFLOW_CTX_TASK_ID='input_data' AIRFLOW_CTX_EXECUTION_DATE='2025-04-01T00:00:00+00:00' AIRFLOW_CTX_TRY_NUMBER='1' AIRFLOW_CTX_DAG_RUN_ID='scheduled__2025-04-01T00:00:00+00:00'
[2025-11-11T22:35:32.015+0000] {logging_mixin.py:190} INFO - Task instance is in running state
[2025-11-11T22:35:32.016+0000] {logging_mixin.py:190} INFO -  Previous state of the Task instance: queued
[2025-11-11T22:35:32.017+0000] {logging_mixin.py:190} INFO - Current task name:input_data state:running start_date:2025-11-11 22:35:30.658869+00:00
[2025-11-11T22:35:32.017+0000] {logging_mixin.py:190} INFO - Dag name:input_data_dag and current dag run status:running
[2025-11-11T22:35:32.018+0000] {taskinstance.py:740} INFO - ::endgroup::
[2025-11-11T22:37:47.850+0000] {python.py:240} INFO - Done. Returned value was: None
[2025-11-11T22:37:47.875+0000] {taskinstance.py:349} INFO - ::group::Post task execution logs
[2025-11-11T22:37:47.875+0000] {taskinstance.py:361} INFO - Marking task as SUCCESS. dag_id=input_data_dag, task_id=input_data, run_id=scheduled__2025-04-01T00:00:00+00:00, execution_date=20250401T000000, start_date=20251111T223530, end_date=20251111T223747
[2025-11-11T22:37:47.906+0000] {logging_mixin.py:190} INFO - Task instance in success state
[2025-11-11T22:37:47.907+0000] {logging_mixin.py:190} INFO -  Previous state of the Task instance: running
[2025-11-11T22:37:47.907+0000] {logging_mixin.py:190} INFO - Dag name:input_data_dag queued_at:2025-11-11 22:35:03.997497+00:00
[2025-11-11T22:37:47.907+0000] {logging_mixin.py:190} INFO - Task hostname:b7400122829a operator:PythonOperator
[2025-11-11T22:37:47.952+0000] {local_task_job_runner.py:266} INFO - Task exited with return code 0
[2025-11-11T22:37:47.988+0000] {taskinstance.py:3924} INFO - 0 downstream tasks scheduled from follow-on schedule check
[2025-11-11T22:37:47.990+0000] {local_task_job_runner.py:245} INFO - ::endgroup::
