[2025-11-11T00:30:01.252+0000] {local_task_job_runner.py:123} INFO - ::group::Pre task execution logs
[2025-11-11T00:30:01.266+0000] {taskinstance.py:2631} INFO - Dependencies all met for dep_context=non-requeueable deps ti=<TaskInstance: process_data_dag.process_data manual__2025-11-11T00:29:55.281948+00:00 [queued]>
[2025-11-11T00:30:01.271+0000] {taskinstance.py:2631} INFO - Dependencies all met for dep_context=requeueable deps ti=<TaskInstance: process_data_dag.process_data manual__2025-11-11T00:29:55.281948+00:00 [queued]>
[2025-11-11T00:30:01.271+0000] {taskinstance.py:2884} INFO - Starting attempt 1 of 1
[2025-11-11T00:30:01.326+0000] {taskinstance.py:2907} INFO - Executing <Task(PythonOperator): process_data> on 2025-11-11 00:29:55.281948+00:00
[2025-11-11T00:30:01.336+0000] {standard_task_runner.py:104} INFO - Running: ['***', 'tasks', 'run', 'process_data_dag', 'process_data', 'manual__2025-11-11T00:29:55.281948+00:00', '--job-id', '160', '--raw', '--subdir', 'DAGS_FOLDER/process_data_dag.py', '--cfg-path', '/tmp/tmpgmtefsaj']
[2025-11-11T00:30:01.337+0000] {standard_task_runner.py:105} INFO - Job 160: Subtask process_data
[2025-11-11T00:30:01.398+0000] {warnings.py:112} WARNING - /home/***/.local/lib/python3.12/site-packages/***/task/task_runner/standard_task_runner.py:70: DeprecationWarning: This process (pid=71) is multi-threaded, use of fork() may lead to deadlocks in the child.
  pid = os.fork()

[2025-11-11T00:30:01.460+0000] {standard_task_runner.py:72} INFO - Started process 80 to run task
[2025-11-11T00:30:01.786+0000] {task_command.py:467} INFO - Running <TaskInstance: process_data_dag.process_data manual__2025-11-11T00:29:55.281948+00:00 [running]> on host b7400122829a
[2025-11-11T00:30:04.494+0000] {taskinstance.py:3157} INFO - Exporting env vars: AIRFLOW_CTX_DAG_OWNER='***' AIRFLOW_CTX_DAG_ID='process_data_dag' AIRFLOW_CTX_TASK_ID='process_data' AIRFLOW_CTX_EXECUTION_DATE='2025-11-11T00:29:55.281948+00:00' AIRFLOW_CTX_TRY_NUMBER='1' AIRFLOW_CTX_DAG_RUN_ID='manual__2025-11-11T00:29:55.281948+00:00'
[2025-11-11T00:30:04.496+0000] {logging_mixin.py:190} INFO - Task instance is in running state
[2025-11-11T00:30:04.497+0000] {logging_mixin.py:190} INFO -  Previous state of the Task instance: queued
[2025-11-11T00:30:04.498+0000] {logging_mixin.py:190} INFO - Current task name:process_data state:running start_date:2025-11-11 00:30:01.267099+00:00
[2025-11-11T00:30:04.499+0000] {logging_mixin.py:190} INFO - Dag name:process_data_dag and current dag run status:running
[2025-11-11T00:30:04.499+0000] {taskinstance.py:740} INFO - ::endgroup::
[2025-11-11T00:30:06.381+0000] {logging_mixin.py:190} INFO - Lendo arquivo: 2024-01-01.csv
[2025-11-11T00:30:10.163+0000] {logging_mixin.py:190} INFO - Lendo arquivo: 2024-02-01.csv
[2025-11-11T00:30:10.310+0000] {logging_mixin.py:190} INFO - Lendo arquivo: 2024-03-01.csv
[2025-11-11T00:30:10.874+0000] {logging_mixin.py:190} INFO - Lendo arquivo: 2024-04-01.csv
[2025-11-11T00:30:11.090+0000] {logging_mixin.py:190} INFO - Lendo arquivo: 2024-05-01.csv
[2025-11-11T00:30:11.271+0000] {logging_mixin.py:190} INFO - Lendo arquivo: 2024-06-01.csv
[2025-11-11T00:30:11.470+0000] {logging_mixin.py:190} INFO - Lendo arquivo: 2024-07-01.csv
[2025-11-11T00:30:12.007+0000] {logging_mixin.py:190} INFO - Lendo arquivo: 2024-08-01.csv
[2025-11-11T00:30:12.269+0000] {logging_mixin.py:190} INFO - Lendo arquivo: 2024-09-01.csv
[2025-11-11T00:30:12.424+0000] {logging_mixin.py:190} INFO - Lendo arquivo: 2024-10-01.csv
[2025-11-11T00:30:12.547+0000] {logging_mixin.py:190} INFO - Lendo arquivo: 2024-11-01.csv
[2025-11-11T00:30:12.661+0000] {logging_mixin.py:190} INFO - Lendo arquivo: 2024-12-01.csv
[2025-11-11T00:30:12.782+0000] {logging_mixin.py:190} INFO - Lendo arquivo: 2025-01-01.csv
[2025-11-11T00:30:14.238+0000] {logging_mixin.py:190} INFO - Lendo arquivo: 2025-02-01.csv
[2025-11-11T00:30:15.166+0000] {logging_mixin.py:190} INFO - Lendo arquivo: 2025-03-01.csv
[2025-11-11T00:30:15.483+0000] {logging_mixin.py:190} INFO - Lendo arquivo: 2025-04-01.csv
[2025-11-11T00:30:15.670+0000] {logging_mixin.py:190} INFO - Lendo arquivo: 2025-05-01.csv
[2025-11-11T00:30:15.790+0000] {logging_mixin.py:190} INFO - Lendo arquivo: 2025-06-01.csv
[2025-11-11T00:30:15.907+0000] {logging_mixin.py:190} INFO - Lendo arquivo: 2025-07-01.csv
[2025-11-11T00:30:16.027+0000] {logging_mixin.py:190} INFO - Lendo arquivo: 2025-08-01.csv
[2025-11-11T00:30:16.187+0000] {logging_mixin.py:190} INFO - Lendo arquivo: 2025-09-01.csv
[2025-11-11T00:30:16.333+0000] {logging_mixin.py:190} INFO - Lendo arquivo: 2025-10-01.csv
[2025-11-11T00:30:16.476+0000] {logging_mixin.py:190} INFO - Lendo arquivo: 2025-11-06.csv
[2025-11-11T00:30:16.650+0000] {python.py:240} INFO - Done. Returned value was: None
[2025-11-11T00:30:16.673+0000] {taskinstance.py:349} INFO - ::group::Post task execution logs
[2025-11-11T00:30:16.673+0000] {taskinstance.py:361} INFO - Marking task as SUCCESS. dag_id=process_data_dag, task_id=process_data, run_id=manual__2025-11-11T00:29:55.281948+00:00, execution_date=20251111T002955, start_date=20251111T003001, end_date=20251111T003016
[2025-11-11T00:30:16.696+0000] {logging_mixin.py:190} INFO - Task instance in success state
[2025-11-11T00:30:16.697+0000] {logging_mixin.py:190} INFO -  Previous state of the Task instance: running
[2025-11-11T00:30:16.697+0000] {logging_mixin.py:190} INFO - Dag name:process_data_dag queued_at:2025-11-11 00:29:55.304635+00:00
[2025-11-11T00:30:16.697+0000] {logging_mixin.py:190} INFO - Task hostname:b7400122829a operator:PythonOperator
[2025-11-11T00:30:16.738+0000] {local_task_job_runner.py:266} INFO - Task exited with return code 0
[2025-11-11T00:30:16.749+0000] {taskinstance.py:3924} INFO - 0 downstream tasks scheduled from follow-on schedule check
[2025-11-11T00:30:16.751+0000] {local_task_job_runner.py:245} INFO - ::endgroup::
