[2025-11-06T22:20:10.699+0000] {local_task_job_runner.py:123} INFO - ::group::Pre task execution logs
[2025-11-06T22:20:10.742+0000] {taskinstance.py:2631} INFO - Dependencies all met for dep_context=non-requeueable deps ti=<TaskInstance: input_data_dag.input_data scheduled__2024-04-01T00:00:00+00:00 [queued]>
[2025-11-06T22:20:10.757+0000] {taskinstance.py:2631} INFO - Dependencies all met for dep_context=requeueable deps ti=<TaskInstance: input_data_dag.input_data scheduled__2024-04-01T00:00:00+00:00 [queued]>
[2025-11-06T22:20:10.758+0000] {taskinstance.py:2884} INFO - Starting attempt 1 of 1
[2025-11-06T22:20:10.843+0000] {taskinstance.py:2907} INFO - Executing <Task(PythonOperator): input_data> on 2024-04-01 00:00:00+00:00
[2025-11-06T22:20:10.860+0000] {standard_task_runner.py:104} INFO - Running: ['***', 'tasks', 'run', 'input_data_dag', 'input_data', 'scheduled__2024-04-01T00:00:00+00:00', '--job-id', '43', '--raw', '--subdir', 'DAGS_FOLDER/input_data_dag.py', '--cfg-path', '/tmp/tmpsce0s1gs']
[2025-11-06T22:20:10.862+0000] {standard_task_runner.py:105} INFO - Job 43: Subtask input_data
[2025-11-06T22:20:10.860+0000] {warnings.py:112} WARNING - /home/***/.local/lib/python3.12/site-packages/***/task/task_runner/standard_task_runner.py:70: DeprecationWarning: This process (pid=367) is multi-threaded, use of fork() may lead to deadlocks in the child.
  pid = os.fork()

[2025-11-06T22:20:10.863+0000] {standard_task_runner.py:72} INFO - Started process 411 to run task
[2025-11-06T22:20:12.283+0000] {task_command.py:467} INFO - Running <TaskInstance: input_data_dag.input_data scheduled__2024-04-01T00:00:00+00:00 [running]> on host 127da4241ae8
[2025-11-06T22:20:17.744+0000] {taskinstance.py:3157} INFO - Exporting env vars: AIRFLOW_CTX_DAG_OWNER='***' AIRFLOW_CTX_DAG_ID='input_data_dag' AIRFLOW_CTX_TASK_ID='input_data' AIRFLOW_CTX_EXECUTION_DATE='2024-04-01T00:00:00+00:00' AIRFLOW_CTX_TRY_NUMBER='1' AIRFLOW_CTX_DAG_RUN_ID='scheduled__2024-04-01T00:00:00+00:00'
[2025-11-06T22:20:17.750+0000] {logging_mixin.py:190} INFO - Task instance is in running state
[2025-11-06T22:20:17.750+0000] {logging_mixin.py:190} INFO -  Previous state of the Task instance: queued
[2025-11-06T22:20:17.750+0000] {logging_mixin.py:190} INFO - Current task name:input_data state:running start_date:2025-11-06 22:20:10.743164+00:00
[2025-11-06T22:20:17.750+0000] {logging_mixin.py:190} INFO - Dag name:input_data_dag and current dag run status:running
[2025-11-06T22:20:17.751+0000] {taskinstance.py:740} INFO - ::endgroup::
[2025-11-06T22:20:18.859+0000] {python.py:240} INFO - Done. Returned value was: None
[2025-11-06T22:20:18.869+0000] {taskinstance.py:349} INFO - ::group::Post task execution logs
[2025-11-06T22:20:18.870+0000] {taskinstance.py:361} INFO - Marking task as SUCCESS. dag_id=input_data_dag, task_id=input_data, run_id=scheduled__2024-04-01T00:00:00+00:00, execution_date=20240401T000000, start_date=20251106T222010, end_date=20251106T222018
[2025-11-06T22:20:18.922+0000] {logging_mixin.py:190} INFO - Task instance in success state
[2025-11-06T22:20:18.923+0000] {logging_mixin.py:190} INFO -  Previous state of the Task instance: running
[2025-11-06T22:20:18.923+0000] {logging_mixin.py:190} INFO - Dag name:input_data_dag queued_at:2025-11-06 22:19:26.532153+00:00
[2025-11-06T22:20:18.924+0000] {logging_mixin.py:190} INFO - Task hostname:127da4241ae8 operator:PythonOperator
[2025-11-06T22:20:18.948+0000] {local_task_job_runner.py:266} INFO - Task exited with return code 0
[2025-11-06T22:20:18.982+0000] {taskinstance.py:3924} INFO - 0 downstream tasks scheduled from follow-on schedule check
[2025-11-06T22:20:18.994+0000] {local_task_job_runner.py:245} INFO - ::endgroup::
[2025-11-06T22:26:41.527+0000] {local_task_job_runner.py:123} INFO - ::group::Pre task execution logs
[2025-11-06T22:26:41.552+0000] {taskinstance.py:2631} INFO - Dependencies all met for dep_context=non-requeueable deps ti=<TaskInstance: input_data_dag.input_data scheduled__2024-04-01T00:00:00+00:00 [queued]>
[2025-11-06T22:26:41.567+0000] {taskinstance.py:2631} INFO - Dependencies all met for dep_context=requeueable deps ti=<TaskInstance: input_data_dag.input_data scheduled__2024-04-01T00:00:00+00:00 [queued]>
[2025-11-06T22:26:41.567+0000] {taskinstance.py:2884} INFO - Starting attempt 1 of 1
[2025-11-06T22:26:41.591+0000] {taskinstance.py:2907} INFO - Executing <Task(PythonOperator): input_data> on 2024-04-01 00:00:00+00:00
[2025-11-06T22:26:41.608+0000] {warnings.py:112} WARNING - /home/***/.local/lib/python3.12/site-packages/***/task/task_runner/standard_task_runner.py:70: DeprecationWarning: This process (pid=93) is multi-threaded, use of fork() may lead to deadlocks in the child.
  pid = os.fork()

[2025-11-06T22:26:41.610+0000] {standard_task_runner.py:72} INFO - Started process 146 to run task
[2025-11-06T22:26:41.613+0000] {standard_task_runner.py:104} INFO - Running: ['***', 'tasks', 'run', 'input_data_dag', 'input_data', 'scheduled__2024-04-01T00:00:00+00:00', '--job-id', '111', '--raw', '--subdir', 'DAGS_FOLDER/input_data_dag.py', '--cfg-path', '/tmp/tmp2klwoqs0']
[2025-11-06T22:26:41.615+0000] {standard_task_runner.py:105} INFO - Job 111: Subtask input_data
[2025-11-06T22:26:41.684+0000] {task_command.py:467} INFO - Running <TaskInstance: input_data_dag.input_data scheduled__2024-04-01T00:00:00+00:00 [running]> on host 127da4241ae8
[2025-11-06T22:26:41.812+0000] {taskinstance.py:3157} INFO - Exporting env vars: AIRFLOW_CTX_DAG_OWNER='***' AIRFLOW_CTX_DAG_ID='input_data_dag' AIRFLOW_CTX_TASK_ID='input_data' AIRFLOW_CTX_EXECUTION_DATE='2024-04-01T00:00:00+00:00' AIRFLOW_CTX_TRY_NUMBER='1' AIRFLOW_CTX_DAG_RUN_ID='scheduled__2024-04-01T00:00:00+00:00'
[2025-11-06T22:26:41.814+0000] {logging_mixin.py:190} INFO - Task instance is in running state
[2025-11-06T22:26:41.815+0000] {logging_mixin.py:190} INFO -  Previous state of the Task instance: queued
[2025-11-06T22:26:41.815+0000] {logging_mixin.py:190} INFO - Current task name:input_data state:running start_date:2025-11-06 22:26:41.554513+00:00
[2025-11-06T22:26:41.815+0000] {logging_mixin.py:190} INFO - Dag name:input_data_dag and current dag run status:running
[2025-11-06T22:26:41.816+0000] {taskinstance.py:740} INFO - ::endgroup::
[2025-11-06T22:26:42.678+0000] {python.py:240} INFO - Done. Returned value was: None
[2025-11-06T22:26:42.688+0000] {taskinstance.py:349} INFO - ::group::Post task execution logs
[2025-11-06T22:26:42.689+0000] {taskinstance.py:361} INFO - Marking task as SUCCESS. dag_id=input_data_dag, task_id=input_data, run_id=scheduled__2024-04-01T00:00:00+00:00, execution_date=20240401T000000, start_date=20251106T222641, end_date=20251106T222642
[2025-11-06T22:26:42.715+0000] {logging_mixin.py:190} INFO - Task instance in success state
[2025-11-06T22:26:42.716+0000] {logging_mixin.py:190} INFO -  Previous state of the Task instance: running
[2025-11-06T22:26:42.716+0000] {logging_mixin.py:190} INFO - Dag name:input_data_dag queued_at:2025-11-06 22:25:52.279280+00:00
[2025-11-06T22:26:42.716+0000] {logging_mixin.py:190} INFO - Task hostname:127da4241ae8 operator:PythonOperator
[2025-11-06T22:26:42.749+0000] {local_task_job_runner.py:266} INFO - Task exited with return code 0
[2025-11-06T22:26:42.770+0000] {taskinstance.py:3924} INFO - 0 downstream tasks scheduled from follow-on schedule check
[2025-11-06T22:26:42.772+0000] {local_task_job_runner.py:245} INFO - ::endgroup::
