[2025-11-12T23:19:22.916+0000] {local_task_job_runner.py:123} INFO - ::group::Pre task execution logs
[2025-11-12T23:19:22.934+0000] {taskinstance.py:2631} INFO - Dependencies all met for dep_context=non-requeueable deps ti=<TaskInstance: inserting_data_on_labelstudio_dag.inserting_data_on_labelstudio manual__2025-11-12T23:19:20.810270+00:00 [queued]>
[2025-11-12T23:19:22.938+0000] {taskinstance.py:2631} INFO - Dependencies all met for dep_context=requeueable deps ti=<TaskInstance: inserting_data_on_labelstudio_dag.inserting_data_on_labelstudio manual__2025-11-12T23:19:20.810270+00:00 [queued]>
[2025-11-12T23:19:22.938+0000] {taskinstance.py:2884} INFO - Starting attempt 1 of 1
[2025-11-12T23:19:22.963+0000] {taskinstance.py:2907} INFO - Executing <Task(PythonOperator): inserting_data_on_labelstudio> on 2025-11-12 23:19:20.810270+00:00
[2025-11-12T23:19:22.969+0000] {warnings.py:112} WARNING - /home/***/.local/lib/python3.12/site-packages/***/task/task_runner/standard_task_runner.py:70: DeprecationWarning: This process (pid=243) is multi-threaded, use of fork() may lead to deadlocks in the child.
  pid = os.fork()

[2025-11-12T23:19:22.970+0000] {standard_task_runner.py:72} INFO - Started process 245 to run task
[2025-11-12T23:19:22.971+0000] {standard_task_runner.py:104} INFO - Running: ['***', 'tasks', 'run', 'inserting_data_on_labelstudio_dag', 'inserting_data_on_labelstudio', 'manual__2025-11-12T23:19:20.810270+00:00', '--job-id', '340', '--raw', '--subdir', 'DAGS_FOLDER/inserting_data_on_labelstudio.py', '--cfg-path', '/tmp/tmp2ro4cpuf']
[2025-11-12T23:19:22.972+0000] {standard_task_runner.py:105} INFO - Job 340: Subtask inserting_data_on_labelstudio
[2025-11-12T23:19:23.020+0000] {task_command.py:467} INFO - Running <TaskInstance: inserting_data_on_labelstudio_dag.inserting_data_on_labelstudio manual__2025-11-12T23:19:20.810270+00:00 [running]> on host d10076d5890f
[2025-11-12T23:19:23.087+0000] {taskinstance.py:3157} INFO - Exporting env vars: AIRFLOW_CTX_DAG_OWNER='***' AIRFLOW_CTX_DAG_ID='inserting_data_on_labelstudio_dag' AIRFLOW_CTX_TASK_ID='inserting_data_on_labelstudio' AIRFLOW_CTX_EXECUTION_DATE='2025-11-12T23:19:20.810270+00:00' AIRFLOW_CTX_TRY_NUMBER='1' AIRFLOW_CTX_DAG_RUN_ID='manual__2025-11-12T23:19:20.810270+00:00'
[2025-11-12T23:19:23.088+0000] {logging_mixin.py:190} INFO - Task instance is in running state
[2025-11-12T23:19:23.089+0000] {logging_mixin.py:190} INFO -  Previous state of the Task instance: queued
[2025-11-12T23:19:23.089+0000] {logging_mixin.py:190} INFO - Current task name:inserting_data_on_labelstudio state:running start_date:2025-11-12 23:19:22.934587+00:00
[2025-11-12T23:19:23.089+0000] {logging_mixin.py:190} INFO - Dag name:inserting_data_on_labelstudio_dag and current dag run status:running
[2025-11-12T23:19:23.089+0000] {taskinstance.py:740} INFO - ::endgroup::
[2025-11-12T23:19:23.148+0000] {logging_mixin.py:190} INFO - ❌ Erro ao enviar tarefas: 401 - {"id":"c650b77e-dbdf-4a34-9a8a-59b4146707f7","status_code":401,"version":"1.21.0","detail":"Invalid token.","exc_info":null}
[2025-11-12T23:19:23.164+0000] {python.py:240} INFO - Done. Returned value was: None
[2025-11-12T23:19:23.175+0000] {taskinstance.py:349} INFO - ::group::Post task execution logs
[2025-11-12T23:19:23.175+0000] {taskinstance.py:361} INFO - Marking task as SUCCESS. dag_id=inserting_data_on_labelstudio_dag, task_id=inserting_data_on_labelstudio, run_id=manual__2025-11-12T23:19:20.810270+00:00, execution_date=20251112T231920, start_date=20251112T231922, end_date=20251112T231923
[2025-11-12T23:19:23.217+0000] {logging_mixin.py:190} INFO - Task instance in success state
[2025-11-12T23:19:23.217+0000] {logging_mixin.py:190} INFO -  Previous state of the Task instance: running
[2025-11-12T23:19:23.217+0000] {logging_mixin.py:190} INFO - Dag name:inserting_data_on_labelstudio_dag queued_at:2025-11-12 23:19:20.843416+00:00
[2025-11-12T23:19:23.217+0000] {logging_mixin.py:190} INFO - Task hostname:d10076d5890f operator:PythonOperator
[2025-11-12T23:19:23.264+0000] {local_task_job_runner.py:266} INFO - Task exited with return code 0
[2025-11-12T23:19:23.274+0000] {taskinstance.py:3924} INFO - 0 downstream tasks scheduled from follow-on schedule check
[2025-11-12T23:19:23.286+0000] {local_task_job_runner.py:245} INFO - ::endgroup::
