[2025-11-06T22:20:28.373+0000] {local_task_job_runner.py:123} INFO - ::group::Pre task execution logs
[2025-11-06T22:20:28.391+0000] {taskinstance.py:2631} INFO - Dependencies all met for dep_context=non-requeueable deps ti=<TaskInstance: input_data_dag.input_data scheduled__2025-06-01T00:00:00+00:00 [queued]>
[2025-11-06T22:20:28.398+0000] {taskinstance.py:2631} INFO - Dependencies all met for dep_context=requeueable deps ti=<TaskInstance: input_data_dag.input_data scheduled__2025-06-01T00:00:00+00:00 [queued]>
[2025-11-06T22:20:28.398+0000] {taskinstance.py:2884} INFO - Starting attempt 1 of 1
[2025-11-06T22:20:28.409+0000] {taskinstance.py:2907} INFO - Executing <Task(PythonOperator): input_data> on 2025-06-01 00:00:00+00:00
[2025-11-06T22:20:28.417+0000] {warnings.py:112} WARNING - /home/***/.local/lib/python3.12/site-packages/***/task/task_runner/standard_task_runner.py:70: DeprecationWarning: This process (pid=437) is multi-threaded, use of fork() may lead to deadlocks in the child.
  pid = os.fork()

[2025-11-06T22:20:28.418+0000] {standard_task_runner.py:72} INFO - Started process 452 to run task
[2025-11-06T22:20:28.418+0000] {standard_task_runner.py:104} INFO - Running: ['***', 'tasks', 'run', 'input_data_dag', 'input_data', 'scheduled__2025-06-01T00:00:00+00:00', '--job-id', '60', '--raw', '--subdir', 'DAGS_FOLDER/input_data_dag.py', '--cfg-path', '/tmp/tmp6btoasig']
[2025-11-06T22:20:28.419+0000] {standard_task_runner.py:105} INFO - Job 60: Subtask input_data
[2025-11-06T22:20:28.452+0000] {task_command.py:467} INFO - Running <TaskInstance: input_data_dag.input_data scheduled__2025-06-01T00:00:00+00:00 [running]> on host 127da4241ae8
[2025-11-06T22:20:28.522+0000] {taskinstance.py:3157} INFO - Exporting env vars: AIRFLOW_CTX_DAG_OWNER='***' AIRFLOW_CTX_DAG_ID='input_data_dag' AIRFLOW_CTX_TASK_ID='input_data' AIRFLOW_CTX_EXECUTION_DATE='2025-06-01T00:00:00+00:00' AIRFLOW_CTX_TRY_NUMBER='1' AIRFLOW_CTX_DAG_RUN_ID='scheduled__2025-06-01T00:00:00+00:00'
[2025-11-06T22:20:28.523+0000] {logging_mixin.py:190} INFO - Task instance is in running state
[2025-11-06T22:20:28.524+0000] {logging_mixin.py:190} INFO -  Previous state of the Task instance: queued
[2025-11-06T22:20:28.524+0000] {logging_mixin.py:190} INFO - Current task name:input_data state:running start_date:2025-11-06 22:20:28.391597+00:00
[2025-11-06T22:20:28.524+0000] {logging_mixin.py:190} INFO - Dag name:input_data_dag and current dag run status:running
[2025-11-06T22:20:28.525+0000] {taskinstance.py:740} INFO - ::endgroup::
[2025-11-06T22:20:29.692+0000] {python.py:240} INFO - Done. Returned value was: None
[2025-11-06T22:20:29.699+0000] {taskinstance.py:349} INFO - ::group::Post task execution logs
[2025-11-06T22:20:29.699+0000] {taskinstance.py:361} INFO - Marking task as SUCCESS. dag_id=input_data_dag, task_id=input_data, run_id=scheduled__2025-06-01T00:00:00+00:00, execution_date=20250601T000000, start_date=20251106T222028, end_date=20251106T222029
[2025-11-06T22:20:29.714+0000] {logging_mixin.py:190} INFO - Task instance in success state
[2025-11-06T22:20:29.714+0000] {logging_mixin.py:190} INFO -  Previous state of the Task instance: running
[2025-11-06T22:20:29.715+0000] {logging_mixin.py:190} INFO - Dag name:input_data_dag queued_at:2025-11-06 22:20:24.696121+00:00
[2025-11-06T22:20:29.715+0000] {logging_mixin.py:190} INFO - Task hostname:127da4241ae8 operator:PythonOperator
[2025-11-06T22:20:29.754+0000] {local_task_job_runner.py:266} INFO - Task exited with return code 0
[2025-11-06T22:20:29.763+0000] {taskinstance.py:3924} INFO - 0 downstream tasks scheduled from follow-on schedule check
[2025-11-06T22:20:29.765+0000] {local_task_job_runner.py:245} INFO - ::endgroup::
[2025-11-06T22:26:46.750+0000] {local_task_job_runner.py:123} INFO - ::group::Pre task execution logs
[2025-11-06T22:26:46.772+0000] {taskinstance.py:2631} INFO - Dependencies all met for dep_context=non-requeueable deps ti=<TaskInstance: input_data_dag.input_data scheduled__2025-06-01T00:00:00+00:00 [queued]>
[2025-11-06T22:26:46.782+0000] {taskinstance.py:2631} INFO - Dependencies all met for dep_context=requeueable deps ti=<TaskInstance: input_data_dag.input_data scheduled__2025-06-01T00:00:00+00:00 [queued]>
[2025-11-06T22:26:46.782+0000] {taskinstance.py:2884} INFO - Starting attempt 1 of 1
[2025-11-06T22:26:46.800+0000] {taskinstance.py:2907} INFO - Executing <Task(PythonOperator): input_data> on 2025-06-01 00:00:00+00:00
[2025-11-06T22:26:46.814+0000] {warnings.py:112} WARNING - /home/***/.local/lib/python3.12/site-packages/***/task/task_runner/standard_task_runner.py:70: DeprecationWarning: This process (pid=161) is multi-threaded, use of fork() may lead to deadlocks in the child.
  pid = os.fork()

[2025-11-06T22:26:46.816+0000] {standard_task_runner.py:72} INFO - Started process 172 to run task
[2025-11-06T22:26:46.817+0000] {standard_task_runner.py:104} INFO - Running: ['***', 'tasks', 'run', 'input_data_dag', 'input_data', 'scheduled__2025-06-01T00:00:00+00:00', '--job-id', '118', '--raw', '--subdir', 'DAGS_FOLDER/input_data_dag.py', '--cfg-path', '/tmp/tmpadgk6nn2']
[2025-11-06T22:26:46.818+0000] {standard_task_runner.py:105} INFO - Job 118: Subtask input_data
[2025-11-06T22:26:46.864+0000] {task_command.py:467} INFO - Running <TaskInstance: input_data_dag.input_data scheduled__2025-06-01T00:00:00+00:00 [running]> on host 127da4241ae8
[2025-11-06T22:26:46.952+0000] {taskinstance.py:3157} INFO - Exporting env vars: AIRFLOW_CTX_DAG_OWNER='***' AIRFLOW_CTX_DAG_ID='input_data_dag' AIRFLOW_CTX_TASK_ID='input_data' AIRFLOW_CTX_EXECUTION_DATE='2025-06-01T00:00:00+00:00' AIRFLOW_CTX_TRY_NUMBER='1' AIRFLOW_CTX_DAG_RUN_ID='scheduled__2025-06-01T00:00:00+00:00'
[2025-11-06T22:26:46.954+0000] {logging_mixin.py:190} INFO - Task instance is in running state
[2025-11-06T22:26:46.954+0000] {logging_mixin.py:190} INFO -  Previous state of the Task instance: queued
[2025-11-06T22:26:46.954+0000] {logging_mixin.py:190} INFO - Current task name:input_data state:running start_date:2025-11-06 22:26:46.772743+00:00
[2025-11-06T22:26:46.955+0000] {logging_mixin.py:190} INFO - Dag name:input_data_dag and current dag run status:running
[2025-11-06T22:26:46.955+0000] {taskinstance.py:740} INFO - ::endgroup::
[2025-11-06T22:26:47.489+0000] {python.py:240} INFO - Done. Returned value was: None
[2025-11-06T22:26:47.496+0000] {taskinstance.py:349} INFO - ::group::Post task execution logs
[2025-11-06T22:26:47.497+0000] {taskinstance.py:361} INFO - Marking task as SUCCESS. dag_id=input_data_dag, task_id=input_data, run_id=scheduled__2025-06-01T00:00:00+00:00, execution_date=20250601T000000, start_date=20251106T222646, end_date=20251106T222647
[2025-11-06T22:26:47.517+0000] {logging_mixin.py:190} INFO - Task instance in success state
[2025-11-06T22:26:47.517+0000] {logging_mixin.py:190} INFO -  Previous state of the Task instance: running
[2025-11-06T22:26:47.517+0000] {logging_mixin.py:190} INFO - Dag name:input_data_dag queued_at:2025-11-06 22:26:44.760506+00:00
[2025-11-06T22:26:47.517+0000] {logging_mixin.py:190} INFO - Task hostname:127da4241ae8 operator:PythonOperator
[2025-11-06T22:26:47.552+0000] {local_task_job_runner.py:266} INFO - Task exited with return code 0
[2025-11-06T22:26:47.564+0000] {taskinstance.py:3924} INFO - 0 downstream tasks scheduled from follow-on schedule check
[2025-11-06T22:26:47.566+0000] {local_task_job_runner.py:245} INFO - ::endgroup::
