[2025-11-08T11:22:07.172+0000] {processor.py:186} INFO - Started process (PID=96) to work on /home/airflow/.local/lib/python3.12/site-packages/airflow/example_dags/example_sla_dag.py
[2025-11-08T11:22:07.172+0000] {processor.py:914} INFO - Processing file /home/airflow/.local/lib/python3.12/site-packages/airflow/example_dags/example_sla_dag.py for tasks to queue
[2025-11-08T11:22:07.173+0000] {logging_mixin.py:190} INFO - [2025-11-08T11:22:07.173+0000] {dagbag.py:588} INFO - Filling up the DagBag from /home/airflow/.local/lib/python3.12/site-packages/airflow/example_dags/example_sla_dag.py
[2025-11-08T11:22:07.178+0000] {processor.py:925} INFO - DAG(s) 'example_sla_dag' retrieved from /home/airflow/.local/lib/python3.12/site-packages/airflow/example_dags/example_sla_dag.py
[2025-11-08T11:22:07.192+0000] {logging_mixin.py:190} INFO - [2025-11-08T11:22:07.192+0000] {dag.py:3239} INFO - Sync 1 DAGs
[2025-11-08T11:22:07.206+0000] {logging_mixin.py:190} INFO - [2025-11-08T11:22:07.206+0000] {dag.py:4180} INFO - Setting next_dagrun for example_sla_dag to 2025-11-08 11:20:00+00:00, run_after=2025-11-08 11:22:00+00:00
[2025-11-08T11:22:07.217+0000] {processor.py:208} INFO - Processing /home/airflow/.local/lib/python3.12/site-packages/airflow/example_dags/example_sla_dag.py took 0.049 seconds
[2025-11-08T11:22:37.931+0000] {processor.py:186} INFO - Started process (PID=160) to work on /home/airflow/.local/lib/python3.12/site-packages/airflow/example_dags/example_sla_dag.py
[2025-11-08T11:22:37.932+0000] {processor.py:914} INFO - Processing file /home/airflow/.local/lib/python3.12/site-packages/airflow/example_dags/example_sla_dag.py for tasks to queue
[2025-11-08T11:22:37.933+0000] {logging_mixin.py:190} INFO - [2025-11-08T11:22:37.933+0000] {dagbag.py:588} INFO - Filling up the DagBag from /home/airflow/.local/lib/python3.12/site-packages/airflow/example_dags/example_sla_dag.py
[2025-11-08T11:22:37.938+0000] {processor.py:925} INFO - DAG(s) 'example_sla_dag' retrieved from /home/airflow/.local/lib/python3.12/site-packages/airflow/example_dags/example_sla_dag.py
[2025-11-08T11:22:37.953+0000] {logging_mixin.py:190} INFO - [2025-11-08T11:22:37.953+0000] {dag.py:3239} INFO - Sync 1 DAGs
[2025-11-08T11:22:37.966+0000] {logging_mixin.py:190} INFO - [2025-11-08T11:22:37.966+0000] {dag.py:4180} INFO - Setting next_dagrun for example_sla_dag to 2025-11-08 11:20:00+00:00, run_after=2025-11-08 11:22:00+00:00
[2025-11-08T11:22:37.978+0000] {processor.py:208} INFO - Processing /home/airflow/.local/lib/python3.12/site-packages/airflow/example_dags/example_sla_dag.py took 0.049 seconds
[2025-11-08T11:23:09.255+0000] {processor.py:186} INFO - Started process (PID=229) to work on /home/airflow/.local/lib/python3.12/site-packages/airflow/example_dags/example_sla_dag.py
[2025-11-08T11:23:09.256+0000] {processor.py:914} INFO - Processing file /home/airflow/.local/lib/python3.12/site-packages/airflow/example_dags/example_sla_dag.py for tasks to queue
[2025-11-08T11:23:09.257+0000] {logging_mixin.py:190} INFO - [2025-11-08T11:23:09.257+0000] {dagbag.py:588} INFO - Filling up the DagBag from /home/airflow/.local/lib/python3.12/site-packages/airflow/example_dags/example_sla_dag.py
[2025-11-08T11:23:09.262+0000] {processor.py:925} INFO - DAG(s) 'example_sla_dag' retrieved from /home/airflow/.local/lib/python3.12/site-packages/airflow/example_dags/example_sla_dag.py
[2025-11-08T11:23:09.275+0000] {logging_mixin.py:190} INFO - [2025-11-08T11:23:09.274+0000] {dag.py:3239} INFO - Sync 1 DAGs
[2025-11-08T11:23:09.288+0000] {logging_mixin.py:190} INFO - [2025-11-08T11:23:09.288+0000] {dag.py:4180} INFO - Setting next_dagrun for example_sla_dag to 2025-11-08 11:20:00+00:00, run_after=2025-11-08 11:22:00+00:00
[2025-11-08T11:23:09.301+0000] {processor.py:208} INFO - Processing /home/airflow/.local/lib/python3.12/site-packages/airflow/example_dags/example_sla_dag.py took 0.051 seconds
[2025-11-08T11:23:40.479+0000] {processor.py:186} INFO - Started process (PID=294) to work on /home/airflow/.local/lib/python3.12/site-packages/airflow/example_dags/example_sla_dag.py
[2025-11-08T11:23:40.479+0000] {processor.py:914} INFO - Processing file /home/airflow/.local/lib/python3.12/site-packages/airflow/example_dags/example_sla_dag.py for tasks to queue
[2025-11-08T11:23:40.481+0000] {logging_mixin.py:190} INFO - [2025-11-08T11:23:40.480+0000] {dagbag.py:588} INFO - Filling up the DagBag from /home/airflow/.local/lib/python3.12/site-packages/airflow/example_dags/example_sla_dag.py
[2025-11-08T11:23:40.486+0000] {processor.py:925} INFO - DAG(s) 'example_sla_dag' retrieved from /home/airflow/.local/lib/python3.12/site-packages/airflow/example_dags/example_sla_dag.py
[2025-11-08T11:23:40.500+0000] {logging_mixin.py:190} INFO - [2025-11-08T11:23:40.500+0000] {dag.py:3239} INFO - Sync 1 DAGs
[2025-11-08T11:23:40.514+0000] {logging_mixin.py:190} INFO - [2025-11-08T11:23:40.514+0000] {dag.py:4180} INFO - Setting next_dagrun for example_sla_dag to 2025-11-08 11:20:00+00:00, run_after=2025-11-08 11:22:00+00:00
[2025-11-08T11:23:40.525+0000] {processor.py:208} INFO - Processing /home/airflow/.local/lib/python3.12/site-packages/airflow/example_dags/example_sla_dag.py took 0.049 seconds
[2025-11-08T11:24:11.684+0000] {processor.py:186} INFO - Started process (PID=358) to work on /home/airflow/.local/lib/python3.12/site-packages/airflow/example_dags/example_sla_dag.py
[2025-11-08T11:24:11.686+0000] {processor.py:914} INFO - Processing file /home/airflow/.local/lib/python3.12/site-packages/airflow/example_dags/example_sla_dag.py for tasks to queue
[2025-11-08T11:24:11.687+0000] {logging_mixin.py:190} INFO - [2025-11-08T11:24:11.687+0000] {dagbag.py:588} INFO - Filling up the DagBag from /home/airflow/.local/lib/python3.12/site-packages/airflow/example_dags/example_sla_dag.py
[2025-11-08T11:24:11.693+0000] {processor.py:925} INFO - DAG(s) 'example_sla_dag' retrieved from /home/airflow/.local/lib/python3.12/site-packages/airflow/example_dags/example_sla_dag.py
[2025-11-08T11:24:11.709+0000] {logging_mixin.py:190} INFO - [2025-11-08T11:24:11.709+0000] {dag.py:3239} INFO - Sync 1 DAGs
[2025-11-08T11:24:11.734+0000] {logging_mixin.py:190} INFO - [2025-11-08T11:24:11.734+0000] {dag.py:4180} INFO - Setting next_dagrun for example_sla_dag to 2025-11-08 11:22:00+00:00, run_after=2025-11-08 11:24:00+00:00
[2025-11-08T11:24:11.752+0000] {processor.py:208} INFO - Processing /home/airflow/.local/lib/python3.12/site-packages/airflow/example_dags/example_sla_dag.py took 0.072 seconds
[2025-11-08T11:24:42.887+0000] {processor.py:186} INFO - Started process (PID=422) to work on /home/airflow/.local/lib/python3.12/site-packages/airflow/example_dags/example_sla_dag.py
[2025-11-08T11:24:42.888+0000] {processor.py:914} INFO - Processing file /home/airflow/.local/lib/python3.12/site-packages/airflow/example_dags/example_sla_dag.py for tasks to queue
[2025-11-08T11:24:42.889+0000] {logging_mixin.py:190} INFO - [2025-11-08T11:24:42.889+0000] {dagbag.py:588} INFO - Filling up the DagBag from /home/airflow/.local/lib/python3.12/site-packages/airflow/example_dags/example_sla_dag.py
[2025-11-08T11:24:42.894+0000] {processor.py:925} INFO - DAG(s) 'example_sla_dag' retrieved from /home/airflow/.local/lib/python3.12/site-packages/airflow/example_dags/example_sla_dag.py
[2025-11-08T11:24:42.905+0000] {logging_mixin.py:190} INFO - [2025-11-08T11:24:42.904+0000] {dag.py:3239} INFO - Sync 1 DAGs
[2025-11-08T11:24:42.919+0000] {logging_mixin.py:190} INFO - [2025-11-08T11:24:42.918+0000] {dag.py:4180} INFO - Setting next_dagrun for example_sla_dag to 2025-11-08 11:22:00+00:00, run_after=2025-11-08 11:24:00+00:00
[2025-11-08T11:24:42.927+0000] {processor.py:208} INFO - Processing /home/airflow/.local/lib/python3.12/site-packages/airflow/example_dags/example_sla_dag.py took 0.043 seconds
[2025-11-08T11:25:12.999+0000] {processor.py:186} INFO - Started process (PID=485) to work on /home/airflow/.local/lib/python3.12/site-packages/airflow/example_dags/example_sla_dag.py
[2025-11-08T11:25:12.999+0000] {processor.py:914} INFO - Processing file /home/airflow/.local/lib/python3.12/site-packages/airflow/example_dags/example_sla_dag.py for tasks to queue
[2025-11-08T11:25:13.000+0000] {logging_mixin.py:190} INFO - [2025-11-08T11:25:13.000+0000] {dagbag.py:588} INFO - Filling up the DagBag from /home/airflow/.local/lib/python3.12/site-packages/airflow/example_dags/example_sla_dag.py
[2025-11-08T11:25:13.005+0000] {processor.py:925} INFO - DAG(s) 'example_sla_dag' retrieved from /home/airflow/.local/lib/python3.12/site-packages/airflow/example_dags/example_sla_dag.py
[2025-11-08T11:25:13.020+0000] {logging_mixin.py:190} INFO - [2025-11-08T11:25:13.020+0000] {dag.py:3239} INFO - Sync 1 DAGs
[2025-11-08T11:25:13.034+0000] {logging_mixin.py:190} INFO - [2025-11-08T11:25:13.034+0000] {dag.py:4180} INFO - Setting next_dagrun for example_sla_dag to 2025-11-08 11:22:00+00:00, run_after=2025-11-08 11:24:00+00:00
[2025-11-08T11:25:13.044+0000] {processor.py:208} INFO - Processing /home/airflow/.local/lib/python3.12/site-packages/airflow/example_dags/example_sla_dag.py took 0.049 seconds
[2025-11-08T11:25:44.188+0000] {processor.py:186} INFO - Started process (PID=550) to work on /home/airflow/.local/lib/python3.12/site-packages/airflow/example_dags/example_sla_dag.py
[2025-11-08T11:25:44.188+0000] {processor.py:914} INFO - Processing file /home/airflow/.local/lib/python3.12/site-packages/airflow/example_dags/example_sla_dag.py for tasks to queue
[2025-11-08T11:25:44.189+0000] {logging_mixin.py:190} INFO - [2025-11-08T11:25:44.189+0000] {dagbag.py:588} INFO - Filling up the DagBag from /home/airflow/.local/lib/python3.12/site-packages/airflow/example_dags/example_sla_dag.py
[2025-11-08T11:25:44.195+0000] {processor.py:925} INFO - DAG(s) 'example_sla_dag' retrieved from /home/airflow/.local/lib/python3.12/site-packages/airflow/example_dags/example_sla_dag.py
[2025-11-08T11:25:44.209+0000] {logging_mixin.py:190} INFO - [2025-11-08T11:25:44.209+0000] {dag.py:3239} INFO - Sync 1 DAGs
[2025-11-08T11:25:44.223+0000] {logging_mixin.py:190} INFO - [2025-11-08T11:25:44.223+0000] {dag.py:4180} INFO - Setting next_dagrun for example_sla_dag to 2025-11-08 11:22:00+00:00, run_after=2025-11-08 11:24:00+00:00
[2025-11-08T11:25:44.234+0000] {processor.py:208} INFO - Processing /home/airflow/.local/lib/python3.12/site-packages/airflow/example_dags/example_sla_dag.py took 0.049 seconds
[2025-11-08T11:26:15.509+0000] {processor.py:186} INFO - Started process (PID=614) to work on /home/airflow/.local/lib/python3.12/site-packages/airflow/example_dags/example_sla_dag.py
[2025-11-08T11:26:15.509+0000] {processor.py:914} INFO - Processing file /home/airflow/.local/lib/python3.12/site-packages/airflow/example_dags/example_sla_dag.py for tasks to queue
[2025-11-08T11:26:15.510+0000] {logging_mixin.py:190} INFO - [2025-11-08T11:26:15.510+0000] {dagbag.py:588} INFO - Filling up the DagBag from /home/airflow/.local/lib/python3.12/site-packages/airflow/example_dags/example_sla_dag.py
[2025-11-08T11:26:15.516+0000] {processor.py:925} INFO - DAG(s) 'example_sla_dag' retrieved from /home/airflow/.local/lib/python3.12/site-packages/airflow/example_dags/example_sla_dag.py
[2025-11-08T11:26:15.526+0000] {logging_mixin.py:190} INFO - [2025-11-08T11:26:15.526+0000] {dag.py:3239} INFO - Sync 1 DAGs
[2025-11-08T11:26:15.540+0000] {logging_mixin.py:190} INFO - [2025-11-08T11:26:15.539+0000] {dag.py:4180} INFO - Setting next_dagrun for example_sla_dag to 2025-11-08 11:24:00+00:00, run_after=2025-11-08 11:26:00+00:00
[2025-11-08T11:26:15.549+0000] {processor.py:208} INFO - Processing /home/airflow/.local/lib/python3.12/site-packages/airflow/example_dags/example_sla_dag.py took 0.043 seconds
[2025-11-08T11:26:46.656+0000] {processor.py:186} INFO - Started process (PID=678) to work on /home/airflow/.local/lib/python3.12/site-packages/airflow/example_dags/example_sla_dag.py
[2025-11-08T11:26:46.656+0000] {processor.py:914} INFO - Processing file /home/airflow/.local/lib/python3.12/site-packages/airflow/example_dags/example_sla_dag.py for tasks to queue
[2025-11-08T11:26:46.658+0000] {logging_mixin.py:190} INFO - [2025-11-08T11:26:46.657+0000] {dagbag.py:588} INFO - Filling up the DagBag from /home/airflow/.local/lib/python3.12/site-packages/airflow/example_dags/example_sla_dag.py
[2025-11-08T11:26:46.663+0000] {processor.py:925} INFO - DAG(s) 'example_sla_dag' retrieved from /home/airflow/.local/lib/python3.12/site-packages/airflow/example_dags/example_sla_dag.py
[2025-11-08T11:26:46.678+0000] {logging_mixin.py:190} INFO - [2025-11-08T11:26:46.678+0000] {dag.py:3239} INFO - Sync 1 DAGs
[2025-11-08T11:26:46.697+0000] {logging_mixin.py:190} INFO - [2025-11-08T11:26:46.696+0000] {dag.py:4180} INFO - Setting next_dagrun for example_sla_dag to 2025-11-08 11:24:00+00:00, run_after=2025-11-08 11:26:00+00:00
[2025-11-08T11:26:46.714+0000] {processor.py:208} INFO - Processing /home/airflow/.local/lib/python3.12/site-packages/airflow/example_dags/example_sla_dag.py took 0.061 seconds
[2025-11-08T11:27:17.949+0000] {processor.py:186} INFO - Started process (PID=742) to work on /home/airflow/.local/lib/python3.12/site-packages/airflow/example_dags/example_sla_dag.py
[2025-11-08T11:27:17.952+0000] {processor.py:914} INFO - Processing file /home/airflow/.local/lib/python3.12/site-packages/airflow/example_dags/example_sla_dag.py for tasks to queue
[2025-11-08T11:27:17.953+0000] {logging_mixin.py:190} INFO - [2025-11-08T11:27:17.953+0000] {dagbag.py:588} INFO - Filling up the DagBag from /home/airflow/.local/lib/python3.12/site-packages/airflow/example_dags/example_sla_dag.py
[2025-11-08T11:27:17.959+0000] {processor.py:925} INFO - DAG(s) 'example_sla_dag' retrieved from /home/airflow/.local/lib/python3.12/site-packages/airflow/example_dags/example_sla_dag.py
[2025-11-08T11:27:17.972+0000] {logging_mixin.py:190} INFO - [2025-11-08T11:27:17.972+0000] {dag.py:3239} INFO - Sync 1 DAGs
[2025-11-08T11:27:17.986+0000] {logging_mixin.py:190} INFO - [2025-11-08T11:27:17.986+0000] {dag.py:4180} INFO - Setting next_dagrun for example_sla_dag to 2025-11-08 11:24:00+00:00, run_after=2025-11-08 11:26:00+00:00
[2025-11-08T11:27:17.998+0000] {processor.py:208} INFO - Processing /home/airflow/.local/lib/python3.12/site-packages/airflow/example_dags/example_sla_dag.py took 0.053 seconds
[2025-11-08T11:27:48.845+0000] {processor.py:186} INFO - Started process (PID=806) to work on /home/airflow/.local/lib/python3.12/site-packages/airflow/example_dags/example_sla_dag.py
[2025-11-08T11:27:48.845+0000] {processor.py:914} INFO - Processing file /home/airflow/.local/lib/python3.12/site-packages/airflow/example_dags/example_sla_dag.py for tasks to queue
[2025-11-08T11:27:48.847+0000] {logging_mixin.py:190} INFO - [2025-11-08T11:27:48.846+0000] {dagbag.py:588} INFO - Filling up the DagBag from /home/airflow/.local/lib/python3.12/site-packages/airflow/example_dags/example_sla_dag.py
[2025-11-08T11:27:48.852+0000] {processor.py:925} INFO - DAG(s) 'example_sla_dag' retrieved from /home/airflow/.local/lib/python3.12/site-packages/airflow/example_dags/example_sla_dag.py
[2025-11-08T11:27:48.867+0000] {logging_mixin.py:190} INFO - [2025-11-08T11:27:48.867+0000] {dag.py:3239} INFO - Sync 1 DAGs
[2025-11-08T11:27:48.881+0000] {logging_mixin.py:190} INFO - [2025-11-08T11:27:48.881+0000] {dag.py:4180} INFO - Setting next_dagrun for example_sla_dag to 2025-11-08 11:24:00+00:00, run_after=2025-11-08 11:26:00+00:00
[2025-11-08T11:27:48.893+0000] {processor.py:208} INFO - Processing /home/airflow/.local/lib/python3.12/site-packages/airflow/example_dags/example_sla_dag.py took 0.051 seconds
[2025-11-08T11:28:20.443+0000] {processor.py:186} INFO - Started process (PID=869) to work on /home/airflow/.local/lib/python3.12/site-packages/airflow/example_dags/example_sla_dag.py
[2025-11-08T11:28:20.444+0000] {processor.py:914} INFO - Processing file /home/airflow/.local/lib/python3.12/site-packages/airflow/example_dags/example_sla_dag.py for tasks to queue
[2025-11-08T11:28:20.446+0000] {logging_mixin.py:190} INFO - [2025-11-08T11:28:20.446+0000] {dagbag.py:588} INFO - Filling up the DagBag from /home/airflow/.local/lib/python3.12/site-packages/airflow/example_dags/example_sla_dag.py
[2025-11-08T11:28:20.453+0000] {processor.py:925} INFO - DAG(s) 'example_sla_dag' retrieved from /home/airflow/.local/lib/python3.12/site-packages/airflow/example_dags/example_sla_dag.py
[2025-11-08T11:28:20.466+0000] {logging_mixin.py:190} INFO - [2025-11-08T11:28:20.466+0000] {dag.py:3239} INFO - Sync 1 DAGs
[2025-11-08T11:28:20.480+0000] {logging_mixin.py:190} INFO - [2025-11-08T11:28:20.480+0000] {dag.py:4180} INFO - Setting next_dagrun for example_sla_dag to 2025-11-08 11:26:00+00:00, run_after=2025-11-08 11:28:00+00:00
[2025-11-08T11:28:20.494+0000] {processor.py:208} INFO - Processing /home/airflow/.local/lib/python3.12/site-packages/airflow/example_dags/example_sla_dag.py took 0.055 seconds
