[2025-11-08T11:22:07.301+0000] {processor.py:186} INFO - Started process (PID=98) to work on /home/airflow/.local/lib/python3.12/site-packages/airflow/example_dags/example_branch_python_dop_operator_3.py
[2025-11-08T11:22:07.302+0000] {processor.py:914} INFO - Processing file /home/airflow/.local/lib/python3.12/site-packages/airflow/example_dags/example_branch_python_dop_operator_3.py for tasks to queue
[2025-11-08T11:22:07.303+0000] {logging_mixin.py:190} INFO - [2025-11-08T11:22:07.303+0000] {dagbag.py:588} INFO - Filling up the DagBag from /home/airflow/.local/lib/python3.12/site-packages/airflow/example_dags/example_branch_python_dop_operator_3.py
[2025-11-08T11:22:07.310+0000] {processor.py:925} INFO - DAG(s) 'example_branch_dop_operator_v3' retrieved from /home/airflow/.local/lib/python3.12/site-packages/airflow/example_dags/example_branch_python_dop_operator_3.py
[2025-11-08T11:22:07.328+0000] {logging_mixin.py:190} INFO - [2025-11-08T11:22:07.328+0000] {dag.py:3239} INFO - Sync 1 DAGs
[2025-11-08T11:22:07.349+0000] {logging_mixin.py:190} INFO - [2025-11-08T11:22:07.349+0000] {dag.py:4180} INFO - Setting next_dagrun for example_branch_dop_operator_v3 to 2025-11-08 11:21:00+00:00, run_after=2025-11-08 11:22:00+00:00
[2025-11-08T11:22:07.366+0000] {processor.py:208} INFO - Processing /home/airflow/.local/lib/python3.12/site-packages/airflow/example_dags/example_branch_python_dop_operator_3.py took 0.070 seconds
[2025-11-08T11:22:38.053+0000] {processor.py:186} INFO - Started process (PID=162) to work on /home/airflow/.local/lib/python3.12/site-packages/airflow/example_dags/example_branch_python_dop_operator_3.py
[2025-11-08T11:22:38.053+0000] {processor.py:914} INFO - Processing file /home/airflow/.local/lib/python3.12/site-packages/airflow/example_dags/example_branch_python_dop_operator_3.py for tasks to queue
[2025-11-08T11:22:38.055+0000] {logging_mixin.py:190} INFO - [2025-11-08T11:22:38.054+0000] {dagbag.py:588} INFO - Filling up the DagBag from /home/airflow/.local/lib/python3.12/site-packages/airflow/example_dags/example_branch_python_dop_operator_3.py
[2025-11-08T11:22:38.061+0000] {processor.py:925} INFO - DAG(s) 'example_branch_dop_operator_v3' retrieved from /home/airflow/.local/lib/python3.12/site-packages/airflow/example_dags/example_branch_python_dop_operator_3.py
[2025-11-08T11:22:38.075+0000] {logging_mixin.py:190} INFO - [2025-11-08T11:22:38.075+0000] {dag.py:3239} INFO - Sync 1 DAGs
[2025-11-08T11:22:38.090+0000] {logging_mixin.py:190} INFO - [2025-11-08T11:22:38.089+0000] {dag.py:4180} INFO - Setting next_dagrun for example_branch_dop_operator_v3 to 2025-11-08 11:21:00+00:00, run_after=2025-11-08 11:22:00+00:00
[2025-11-08T11:22:38.101+0000] {processor.py:208} INFO - Processing /home/airflow/.local/lib/python3.12/site-packages/airflow/example_dags/example_branch_python_dop_operator_3.py took 0.051 seconds
[2025-11-08T11:23:09.370+0000] {processor.py:186} INFO - Started process (PID=232) to work on /home/airflow/.local/lib/python3.12/site-packages/airflow/example_dags/example_branch_python_dop_operator_3.py
[2025-11-08T11:23:09.370+0000] {processor.py:914} INFO - Processing file /home/airflow/.local/lib/python3.12/site-packages/airflow/example_dags/example_branch_python_dop_operator_3.py for tasks to queue
[2025-11-08T11:23:09.372+0000] {logging_mixin.py:190} INFO - [2025-11-08T11:23:09.372+0000] {dagbag.py:588} INFO - Filling up the DagBag from /home/airflow/.local/lib/python3.12/site-packages/airflow/example_dags/example_branch_python_dop_operator_3.py
[2025-11-08T11:23:09.381+0000] {processor.py:925} INFO - DAG(s) 'example_branch_dop_operator_v3' retrieved from /home/airflow/.local/lib/python3.12/site-packages/airflow/example_dags/example_branch_python_dop_operator_3.py
[2025-11-08T11:23:09.392+0000] {logging_mixin.py:190} INFO - [2025-11-08T11:23:09.392+0000] {dag.py:3239} INFO - Sync 1 DAGs
[2025-11-08T11:23:09.405+0000] {logging_mixin.py:190} INFO - [2025-11-08T11:23:09.405+0000] {dag.py:4180} INFO - Setting next_dagrun for example_branch_dop_operator_v3 to 2025-11-08 11:22:00+00:00, run_after=2025-11-08 11:23:00+00:00
[2025-11-08T11:23:09.420+0000] {processor.py:208} INFO - Processing /home/airflow/.local/lib/python3.12/site-packages/airflow/example_dags/example_branch_python_dop_operator_3.py took 0.055 seconds
[2025-11-08T11:23:40.604+0000] {processor.py:186} INFO - Started process (PID=296) to work on /home/airflow/.local/lib/python3.12/site-packages/airflow/example_dags/example_branch_python_dop_operator_3.py
[2025-11-08T11:23:40.605+0000] {processor.py:914} INFO - Processing file /home/airflow/.local/lib/python3.12/site-packages/airflow/example_dags/example_branch_python_dop_operator_3.py for tasks to queue
[2025-11-08T11:23:40.606+0000] {logging_mixin.py:190} INFO - [2025-11-08T11:23:40.606+0000] {dagbag.py:588} INFO - Filling up the DagBag from /home/airflow/.local/lib/python3.12/site-packages/airflow/example_dags/example_branch_python_dop_operator_3.py
[2025-11-08T11:23:40.612+0000] {processor.py:925} INFO - DAG(s) 'example_branch_dop_operator_v3' retrieved from /home/airflow/.local/lib/python3.12/site-packages/airflow/example_dags/example_branch_python_dop_operator_3.py
[2025-11-08T11:23:40.624+0000] {logging_mixin.py:190} INFO - [2025-11-08T11:23:40.624+0000] {dag.py:3239} INFO - Sync 1 DAGs
[2025-11-08T11:23:40.638+0000] {logging_mixin.py:190} INFO - [2025-11-08T11:23:40.638+0000] {dag.py:4180} INFO - Setting next_dagrun for example_branch_dop_operator_v3 to 2025-11-08 11:22:00+00:00, run_after=2025-11-08 11:23:00+00:00
[2025-11-08T11:23:40.650+0000] {processor.py:208} INFO - Processing /home/airflow/.local/lib/python3.12/site-packages/airflow/example_dags/example_branch_python_dop_operator_3.py took 0.049 seconds
[2025-11-08T11:24:11.859+0000] {processor.py:186} INFO - Started process (PID=360) to work on /home/airflow/.local/lib/python3.12/site-packages/airflow/example_dags/example_branch_python_dop_operator_3.py
[2025-11-08T11:24:11.861+0000] {processor.py:914} INFO - Processing file /home/airflow/.local/lib/python3.12/site-packages/airflow/example_dags/example_branch_python_dop_operator_3.py for tasks to queue
[2025-11-08T11:24:11.863+0000] {logging_mixin.py:190} INFO - [2025-11-08T11:24:11.863+0000] {dagbag.py:588} INFO - Filling up the DagBag from /home/airflow/.local/lib/python3.12/site-packages/airflow/example_dags/example_branch_python_dop_operator_3.py
[2025-11-08T11:24:11.873+0000] {processor.py:925} INFO - DAG(s) 'example_branch_dop_operator_v3' retrieved from /home/airflow/.local/lib/python3.12/site-packages/airflow/example_dags/example_branch_python_dop_operator_3.py
[2025-11-08T11:24:11.888+0000] {logging_mixin.py:190} INFO - [2025-11-08T11:24:11.888+0000] {dag.py:3239} INFO - Sync 1 DAGs
[2025-11-08T11:24:11.908+0000] {logging_mixin.py:190} INFO - [2025-11-08T11:24:11.908+0000] {dag.py:4180} INFO - Setting next_dagrun for example_branch_dop_operator_v3 to 2025-11-08 11:23:00+00:00, run_after=2025-11-08 11:24:00+00:00
[2025-11-08T11:24:11.922+0000] {processor.py:208} INFO - Processing /home/airflow/.local/lib/python3.12/site-packages/airflow/example_dags/example_branch_python_dop_operator_3.py took 0.069 seconds
[2025-11-08T11:24:43.016+0000] {processor.py:186} INFO - Started process (PID=424) to work on /home/airflow/.local/lib/python3.12/site-packages/airflow/example_dags/example_branch_python_dop_operator_3.py
[2025-11-08T11:24:43.017+0000] {processor.py:914} INFO - Processing file /home/airflow/.local/lib/python3.12/site-packages/airflow/example_dags/example_branch_python_dop_operator_3.py for tasks to queue
[2025-11-08T11:24:43.018+0000] {logging_mixin.py:190} INFO - [2025-11-08T11:24:43.018+0000] {dagbag.py:588} INFO - Filling up the DagBag from /home/airflow/.local/lib/python3.12/site-packages/airflow/example_dags/example_branch_python_dop_operator_3.py
[2025-11-08T11:24:43.024+0000] {processor.py:925} INFO - DAG(s) 'example_branch_dop_operator_v3' retrieved from /home/airflow/.local/lib/python3.12/site-packages/airflow/example_dags/example_branch_python_dop_operator_3.py
[2025-11-08T11:24:43.040+0000] {logging_mixin.py:190} INFO - [2025-11-08T11:24:43.040+0000] {dag.py:3239} INFO - Sync 1 DAGs
[2025-11-08T11:24:43.055+0000] {logging_mixin.py:190} INFO - [2025-11-08T11:24:43.055+0000] {dag.py:4180} INFO - Setting next_dagrun for example_branch_dop_operator_v3 to 2025-11-08 11:23:00+00:00, run_after=2025-11-08 11:24:00+00:00
[2025-11-08T11:24:43.066+0000] {processor.py:208} INFO - Processing /home/airflow/.local/lib/python3.12/site-packages/airflow/example_dags/example_branch_python_dop_operator_3.py took 0.053 seconds
[2025-11-08T11:25:13.096+0000] {processor.py:186} INFO - Started process (PID=487) to work on /home/airflow/.local/lib/python3.12/site-packages/airflow/example_dags/example_branch_python_dop_operator_3.py
[2025-11-08T11:25:13.096+0000] {processor.py:914} INFO - Processing file /home/airflow/.local/lib/python3.12/site-packages/airflow/example_dags/example_branch_python_dop_operator_3.py for tasks to queue
[2025-11-08T11:25:13.097+0000] {logging_mixin.py:190} INFO - [2025-11-08T11:25:13.097+0000] {dagbag.py:588} INFO - Filling up the DagBag from /home/airflow/.local/lib/python3.12/site-packages/airflow/example_dags/example_branch_python_dop_operator_3.py
[2025-11-08T11:25:13.103+0000] {processor.py:925} INFO - DAG(s) 'example_branch_dop_operator_v3' retrieved from /home/airflow/.local/lib/python3.12/site-packages/airflow/example_dags/example_branch_python_dop_operator_3.py
[2025-11-08T11:25:13.117+0000] {logging_mixin.py:190} INFO - [2025-11-08T11:25:13.117+0000] {dag.py:3239} INFO - Sync 1 DAGs
[2025-11-08T11:25:13.131+0000] {logging_mixin.py:190} INFO - [2025-11-08T11:25:13.131+0000] {dag.py:4180} INFO - Setting next_dagrun for example_branch_dop_operator_v3 to 2025-11-08 11:24:00+00:00, run_after=2025-11-08 11:25:00+00:00
[2025-11-08T11:25:13.142+0000] {processor.py:208} INFO - Processing /home/airflow/.local/lib/python3.12/site-packages/airflow/example_dags/example_branch_python_dop_operator_3.py took 0.050 seconds
[2025-11-08T11:25:44.320+0000] {processor.py:186} INFO - Started process (PID=552) to work on /home/airflow/.local/lib/python3.12/site-packages/airflow/example_dags/example_branch_python_dop_operator_3.py
[2025-11-08T11:25:44.322+0000] {processor.py:914} INFO - Processing file /home/airflow/.local/lib/python3.12/site-packages/airflow/example_dags/example_branch_python_dop_operator_3.py for tasks to queue
[2025-11-08T11:25:44.324+0000] {logging_mixin.py:190} INFO - [2025-11-08T11:25:44.324+0000] {dagbag.py:588} INFO - Filling up the DagBag from /home/airflow/.local/lib/python3.12/site-packages/airflow/example_dags/example_branch_python_dop_operator_3.py
[2025-11-08T11:25:44.329+0000] {processor.py:925} INFO - DAG(s) 'example_branch_dop_operator_v3' retrieved from /home/airflow/.local/lib/python3.12/site-packages/airflow/example_dags/example_branch_python_dop_operator_3.py
[2025-11-08T11:25:44.340+0000] {logging_mixin.py:190} INFO - [2025-11-08T11:25:44.340+0000] {dag.py:3239} INFO - Sync 1 DAGs
[2025-11-08T11:25:44.354+0000] {logging_mixin.py:190} INFO - [2025-11-08T11:25:44.354+0000] {dag.py:4180} INFO - Setting next_dagrun for example_branch_dop_operator_v3 to 2025-11-08 11:24:00+00:00, run_after=2025-11-08 11:25:00+00:00
[2025-11-08T11:25:44.366+0000] {processor.py:208} INFO - Processing /home/airflow/.local/lib/python3.12/site-packages/airflow/example_dags/example_branch_python_dop_operator_3.py took 0.051 seconds
[2025-11-08T11:26:15.623+0000] {processor.py:186} INFO - Started process (PID=616) to work on /home/airflow/.local/lib/python3.12/site-packages/airflow/example_dags/example_branch_python_dop_operator_3.py
[2025-11-08T11:26:15.624+0000] {processor.py:914} INFO - Processing file /home/airflow/.local/lib/python3.12/site-packages/airflow/example_dags/example_branch_python_dop_operator_3.py for tasks to queue
[2025-11-08T11:26:15.625+0000] {logging_mixin.py:190} INFO - [2025-11-08T11:26:15.625+0000] {dagbag.py:588} INFO - Filling up the DagBag from /home/airflow/.local/lib/python3.12/site-packages/airflow/example_dags/example_branch_python_dop_operator_3.py
[2025-11-08T11:26:15.631+0000] {processor.py:925} INFO - DAG(s) 'example_branch_dop_operator_v3' retrieved from /home/airflow/.local/lib/python3.12/site-packages/airflow/example_dags/example_branch_python_dop_operator_3.py
[2025-11-08T11:26:15.641+0000] {logging_mixin.py:190} INFO - [2025-11-08T11:26:15.641+0000] {dag.py:3239} INFO - Sync 1 DAGs
[2025-11-08T11:26:15.656+0000] {logging_mixin.py:190} INFO - [2025-11-08T11:26:15.656+0000] {dag.py:4180} INFO - Setting next_dagrun for example_branch_dop_operator_v3 to 2025-11-08 11:25:00+00:00, run_after=2025-11-08 11:26:00+00:00
[2025-11-08T11:26:15.668+0000] {processor.py:208} INFO - Processing /home/airflow/.local/lib/python3.12/site-packages/airflow/example_dags/example_branch_python_dop_operator_3.py took 0.048 seconds
[2025-11-08T11:26:46.804+0000] {processor.py:186} INFO - Started process (PID=680) to work on /home/airflow/.local/lib/python3.12/site-packages/airflow/example_dags/example_branch_python_dop_operator_3.py
[2025-11-08T11:26:46.804+0000] {processor.py:914} INFO - Processing file /home/airflow/.local/lib/python3.12/site-packages/airflow/example_dags/example_branch_python_dop_operator_3.py for tasks to queue
[2025-11-08T11:26:46.805+0000] {logging_mixin.py:190} INFO - [2025-11-08T11:26:46.805+0000] {dagbag.py:588} INFO - Filling up the DagBag from /home/airflow/.local/lib/python3.12/site-packages/airflow/example_dags/example_branch_python_dop_operator_3.py
[2025-11-08T11:26:46.811+0000] {processor.py:925} INFO - DAG(s) 'example_branch_dop_operator_v3' retrieved from /home/airflow/.local/lib/python3.12/site-packages/airflow/example_dags/example_branch_python_dop_operator_3.py
[2025-11-08T11:26:46.824+0000] {logging_mixin.py:190} INFO - [2025-11-08T11:26:46.824+0000] {dag.py:3239} INFO - Sync 1 DAGs
[2025-11-08T11:26:46.839+0000] {logging_mixin.py:190} INFO - [2025-11-08T11:26:46.839+0000] {dag.py:4180} INFO - Setting next_dagrun for example_branch_dop_operator_v3 to 2025-11-08 11:25:00+00:00, run_after=2025-11-08 11:26:00+00:00
[2025-11-08T11:26:46.851+0000] {processor.py:208} INFO - Processing /home/airflow/.local/lib/python3.12/site-packages/airflow/example_dags/example_branch_python_dop_operator_3.py took 0.051 seconds
[2025-11-08T11:27:18.091+0000] {processor.py:186} INFO - Started process (PID=744) to work on /home/airflow/.local/lib/python3.12/site-packages/airflow/example_dags/example_branch_python_dop_operator_3.py
[2025-11-08T11:27:18.093+0000] {processor.py:914} INFO - Processing file /home/airflow/.local/lib/python3.12/site-packages/airflow/example_dags/example_branch_python_dop_operator_3.py for tasks to queue
[2025-11-08T11:27:18.094+0000] {logging_mixin.py:190} INFO - [2025-11-08T11:27:18.094+0000] {dagbag.py:588} INFO - Filling up the DagBag from /home/airflow/.local/lib/python3.12/site-packages/airflow/example_dags/example_branch_python_dop_operator_3.py
[2025-11-08T11:27:18.100+0000] {processor.py:925} INFO - DAG(s) 'example_branch_dop_operator_v3' retrieved from /home/airflow/.local/lib/python3.12/site-packages/airflow/example_dags/example_branch_python_dop_operator_3.py
[2025-11-08T11:27:18.115+0000] {logging_mixin.py:190} INFO - [2025-11-08T11:27:18.115+0000] {dag.py:3239} INFO - Sync 1 DAGs
[2025-11-08T11:27:18.131+0000] {logging_mixin.py:190} INFO - [2025-11-08T11:27:18.131+0000] {dag.py:4180} INFO - Setting next_dagrun for example_branch_dop_operator_v3 to 2025-11-08 11:26:00+00:00, run_after=2025-11-08 11:27:00+00:00
[2025-11-08T11:27:18.149+0000] {processor.py:208} INFO - Processing /home/airflow/.local/lib/python3.12/site-packages/airflow/example_dags/example_branch_python_dop_operator_3.py took 0.063 seconds
[2025-11-08T11:27:48.979+0000] {processor.py:186} INFO - Started process (PID=808) to work on /home/airflow/.local/lib/python3.12/site-packages/airflow/example_dags/example_branch_python_dop_operator_3.py
[2025-11-08T11:27:48.980+0000] {processor.py:914} INFO - Processing file /home/airflow/.local/lib/python3.12/site-packages/airflow/example_dags/example_branch_python_dop_operator_3.py for tasks to queue
[2025-11-08T11:27:48.982+0000] {logging_mixin.py:190} INFO - [2025-11-08T11:27:48.981+0000] {dagbag.py:588} INFO - Filling up the DagBag from /home/airflow/.local/lib/python3.12/site-packages/airflow/example_dags/example_branch_python_dop_operator_3.py
[2025-11-08T11:27:48.988+0000] {processor.py:925} INFO - DAG(s) 'example_branch_dop_operator_v3' retrieved from /home/airflow/.local/lib/python3.12/site-packages/airflow/example_dags/example_branch_python_dop_operator_3.py
[2025-11-08T11:27:49.001+0000] {logging_mixin.py:190} INFO - [2025-11-08T11:27:49.000+0000] {dag.py:3239} INFO - Sync 1 DAGs
[2025-11-08T11:27:49.015+0000] {logging_mixin.py:190} INFO - [2025-11-08T11:27:49.015+0000] {dag.py:4180} INFO - Setting next_dagrun for example_branch_dop_operator_v3 to 2025-11-08 11:26:00+00:00, run_after=2025-11-08 11:27:00+00:00
[2025-11-08T11:27:49.027+0000] {processor.py:208} INFO - Processing /home/airflow/.local/lib/python3.12/site-packages/airflow/example_dags/example_branch_python_dop_operator_3.py took 0.052 seconds
[2025-11-08T11:28:20.511+0000] {processor.py:186} INFO - Started process (PID=871) to work on /home/airflow/.local/lib/python3.12/site-packages/airflow/example_dags/example_branch_python_dop_operator_3.py
[2025-11-08T11:28:20.512+0000] {processor.py:914} INFO - Processing file /home/airflow/.local/lib/python3.12/site-packages/airflow/example_dags/example_branch_python_dop_operator_3.py for tasks to queue
[2025-11-08T11:28:20.513+0000] {logging_mixin.py:190} INFO - [2025-11-08T11:28:20.512+0000] {dagbag.py:588} INFO - Filling up the DagBag from /home/airflow/.local/lib/python3.12/site-packages/airflow/example_dags/example_branch_python_dop_operator_3.py
[2025-11-08T11:28:20.519+0000] {processor.py:925} INFO - DAG(s) 'example_branch_dop_operator_v3' retrieved from /home/airflow/.local/lib/python3.12/site-packages/airflow/example_dags/example_branch_python_dop_operator_3.py
[2025-11-08T11:28:20.529+0000] {logging_mixin.py:190} INFO - [2025-11-08T11:28:20.529+0000] {dag.py:3239} INFO - Sync 1 DAGs
[2025-11-08T11:28:20.544+0000] {logging_mixin.py:190} INFO - [2025-11-08T11:28:20.544+0000] {dag.py:4180} INFO - Setting next_dagrun for example_branch_dop_operator_v3 to 2025-11-08 11:27:00+00:00, run_after=2025-11-08 11:28:00+00:00
[2025-11-08T11:28:20.555+0000] {processor.py:208} INFO - Processing /home/airflow/.local/lib/python3.12/site-packages/airflow/example_dags/example_branch_python_dop_operator_3.py took 0.047 seconds
