[2025-11-08T11:22:06.885+0000] {processor.py:186} INFO - Started process (PID=89) to work on /home/airflow/.local/lib/python3.12/site-packages/airflow/example_dags/example_xcomargs.py
[2025-11-08T11:22:06.885+0000] {processor.py:914} INFO - Processing file /home/airflow/.local/lib/python3.12/site-packages/airflow/example_dags/example_xcomargs.py for tasks to queue
[2025-11-08T11:22:06.887+0000] {logging_mixin.py:190} INFO - [2025-11-08T11:22:06.887+0000] {dagbag.py:588} INFO - Filling up the DagBag from /home/airflow/.local/lib/python3.12/site-packages/airflow/example_dags/example_xcomargs.py
[2025-11-08T11:22:06.892+0000] {processor.py:925} INFO - DAG(s) 'example_xcom_args_with_operators', 'example_xcom_args' retrieved from /home/airflow/.local/lib/python3.12/site-packages/airflow/example_dags/example_xcomargs.py
[2025-11-08T11:22:06.908+0000] {logging_mixin.py:190} INFO - [2025-11-08T11:22:06.908+0000] {dag.py:3239} INFO - Sync 2 DAGs
[2025-11-08T11:22:06.917+0000] {logging_mixin.py:190} INFO - [2025-11-08T11:22:06.916+0000] {dag.py:4180} INFO - Setting next_dagrun for example_xcom_args to None, run_after=None
[2025-11-08T11:22:06.919+0000] {logging_mixin.py:190} INFO - [2025-11-08T11:22:06.919+0000] {dag.py:4180} INFO - Setting next_dagrun for example_xcom_args_with_operators to None, run_after=None
[2025-11-08T11:22:06.933+0000] {processor.py:208} INFO - Processing /home/airflow/.local/lib/python3.12/site-packages/airflow/example_dags/example_xcomargs.py took 0.051 seconds
[2025-11-08T11:22:37.676+0000] {processor.py:186} INFO - Started process (PID=153) to work on /home/airflow/.local/lib/python3.12/site-packages/airflow/example_dags/example_xcomargs.py
[2025-11-08T11:22:37.677+0000] {processor.py:914} INFO - Processing file /home/airflow/.local/lib/python3.12/site-packages/airflow/example_dags/example_xcomargs.py for tasks to queue
[2025-11-08T11:22:37.678+0000] {logging_mixin.py:190} INFO - [2025-11-08T11:22:37.678+0000] {dagbag.py:588} INFO - Filling up the DagBag from /home/airflow/.local/lib/python3.12/site-packages/airflow/example_dags/example_xcomargs.py
[2025-11-08T11:22:37.683+0000] {processor.py:925} INFO - DAG(s) 'example_xcom_args', 'example_xcom_args_with_operators' retrieved from /home/airflow/.local/lib/python3.12/site-packages/airflow/example_dags/example_xcomargs.py
[2025-11-08T11:22:37.696+0000] {logging_mixin.py:190} INFO - [2025-11-08T11:22:37.696+0000] {dag.py:3239} INFO - Sync 2 DAGs
[2025-11-08T11:22:37.705+0000] {logging_mixin.py:190} INFO - [2025-11-08T11:22:37.704+0000] {dag.py:4180} INFO - Setting next_dagrun for example_xcom_args to None, run_after=None
[2025-11-08T11:22:37.707+0000] {logging_mixin.py:190} INFO - [2025-11-08T11:22:37.707+0000] {dag.py:4180} INFO - Setting next_dagrun for example_xcom_args_with_operators to None, run_after=None
[2025-11-08T11:22:37.715+0000] {processor.py:208} INFO - Processing /home/airflow/.local/lib/python3.12/site-packages/airflow/example_dags/example_xcomargs.py took 0.043 seconds
[2025-11-08T11:23:09.039+0000] {processor.py:186} INFO - Started process (PID=223) to work on /home/airflow/.local/lib/python3.12/site-packages/airflow/example_dags/example_xcomargs.py
[2025-11-08T11:23:09.040+0000] {processor.py:914} INFO - Processing file /home/airflow/.local/lib/python3.12/site-packages/airflow/example_dags/example_xcomargs.py for tasks to queue
[2025-11-08T11:23:09.041+0000] {logging_mixin.py:190} INFO - [2025-11-08T11:23:09.041+0000] {dagbag.py:588} INFO - Filling up the DagBag from /home/airflow/.local/lib/python3.12/site-packages/airflow/example_dags/example_xcomargs.py
[2025-11-08T11:23:09.046+0000] {processor.py:925} INFO - DAG(s) 'example_xcom_args', 'example_xcom_args_with_operators' retrieved from /home/airflow/.local/lib/python3.12/site-packages/airflow/example_dags/example_xcomargs.py
[2025-11-08T11:23:09.065+0000] {logging_mixin.py:190} INFO - [2025-11-08T11:23:09.065+0000] {dag.py:3239} INFO - Sync 2 DAGs
[2025-11-08T11:23:09.076+0000] {logging_mixin.py:190} INFO - [2025-11-08T11:23:09.076+0000] {dag.py:4180} INFO - Setting next_dagrun for example_xcom_args to None, run_after=None
[2025-11-08T11:23:09.079+0000] {logging_mixin.py:190} INFO - [2025-11-08T11:23:09.079+0000] {dag.py:4180} INFO - Setting next_dagrun for example_xcom_args_with_operators to None, run_after=None
[2025-11-08T11:23:09.090+0000] {processor.py:208} INFO - Processing /home/airflow/.local/lib/python3.12/site-packages/airflow/example_dags/example_xcomargs.py took 0.054 seconds
[2025-11-08T11:23:40.208+0000] {processor.py:186} INFO - Started process (PID=287) to work on /home/airflow/.local/lib/python3.12/site-packages/airflow/example_dags/example_xcomargs.py
[2025-11-08T11:23:40.209+0000] {processor.py:914} INFO - Processing file /home/airflow/.local/lib/python3.12/site-packages/airflow/example_dags/example_xcomargs.py for tasks to queue
[2025-11-08T11:23:40.210+0000] {logging_mixin.py:190} INFO - [2025-11-08T11:23:40.210+0000] {dagbag.py:588} INFO - Filling up the DagBag from /home/airflow/.local/lib/python3.12/site-packages/airflow/example_dags/example_xcomargs.py
[2025-11-08T11:23:40.218+0000] {processor.py:925} INFO - DAG(s) 'example_xcom_args', 'example_xcom_args_with_operators' retrieved from /home/airflow/.local/lib/python3.12/site-packages/airflow/example_dags/example_xcomargs.py
[2025-11-08T11:23:40.232+0000] {logging_mixin.py:190} INFO - [2025-11-08T11:23:40.231+0000] {dag.py:3239} INFO - Sync 2 DAGs
[2025-11-08T11:23:40.240+0000] {logging_mixin.py:190} INFO - [2025-11-08T11:23:40.239+0000] {dag.py:4180} INFO - Setting next_dagrun for example_xcom_args to None, run_after=None
[2025-11-08T11:23:40.242+0000] {logging_mixin.py:190} INFO - [2025-11-08T11:23:40.241+0000] {dag.py:4180} INFO - Setting next_dagrun for example_xcom_args_with_operators to None, run_after=None
[2025-11-08T11:23:40.252+0000] {processor.py:208} INFO - Processing /home/airflow/.local/lib/python3.12/site-packages/airflow/example_dags/example_xcomargs.py took 0.053 seconds
[2025-11-08T11:24:11.296+0000] {processor.py:186} INFO - Started process (PID=351) to work on /home/airflow/.local/lib/python3.12/site-packages/airflow/example_dags/example_xcomargs.py
[2025-11-08T11:24:11.297+0000] {processor.py:914} INFO - Processing file /home/airflow/.local/lib/python3.12/site-packages/airflow/example_dags/example_xcomargs.py for tasks to queue
[2025-11-08T11:24:11.298+0000] {logging_mixin.py:190} INFO - [2025-11-08T11:24:11.298+0000] {dagbag.py:588} INFO - Filling up the DagBag from /home/airflow/.local/lib/python3.12/site-packages/airflow/example_dags/example_xcomargs.py
[2025-11-08T11:24:11.305+0000] {processor.py:925} INFO - DAG(s) 'example_xcom_args_with_operators', 'example_xcom_args' retrieved from /home/airflow/.local/lib/python3.12/site-packages/airflow/example_dags/example_xcomargs.py
[2025-11-08T11:24:11.328+0000] {logging_mixin.py:190} INFO - [2025-11-08T11:24:11.328+0000] {dag.py:3239} INFO - Sync 2 DAGs
[2025-11-08T11:24:11.342+0000] {logging_mixin.py:190} INFO - [2025-11-08T11:24:11.342+0000] {dag.py:4180} INFO - Setting next_dagrun for example_xcom_args to None, run_after=None
[2025-11-08T11:24:11.346+0000] {logging_mixin.py:190} INFO - [2025-11-08T11:24:11.346+0000] {dag.py:4180} INFO - Setting next_dagrun for example_xcom_args_with_operators to None, run_after=None
[2025-11-08T11:24:11.365+0000] {processor.py:208} INFO - Processing /home/airflow/.local/lib/python3.12/site-packages/airflow/example_dags/example_xcomargs.py took 0.072 seconds
[2025-11-08T11:24:42.600+0000] {processor.py:186} INFO - Started process (PID=415) to work on /home/airflow/.local/lib/python3.12/site-packages/airflow/example_dags/example_xcomargs.py
[2025-11-08T11:24:42.601+0000] {processor.py:914} INFO - Processing file /home/airflow/.local/lib/python3.12/site-packages/airflow/example_dags/example_xcomargs.py for tasks to queue
[2025-11-08T11:24:42.603+0000] {logging_mixin.py:190} INFO - [2025-11-08T11:24:42.603+0000] {dagbag.py:588} INFO - Filling up the DagBag from /home/airflow/.local/lib/python3.12/site-packages/airflow/example_dags/example_xcomargs.py
[2025-11-08T11:24:42.611+0000] {processor.py:925} INFO - DAG(s) 'example_xcom_args', 'example_xcom_args_with_operators' retrieved from /home/airflow/.local/lib/python3.12/site-packages/airflow/example_dags/example_xcomargs.py
[2025-11-08T11:24:42.626+0000] {logging_mixin.py:190} INFO - [2025-11-08T11:24:42.626+0000] {dag.py:3239} INFO - Sync 2 DAGs
[2025-11-08T11:24:42.634+0000] {logging_mixin.py:190} INFO - [2025-11-08T11:24:42.634+0000] {dag.py:4180} INFO - Setting next_dagrun for example_xcom_args to None, run_after=None
[2025-11-08T11:24:42.636+0000] {logging_mixin.py:190} INFO - [2025-11-08T11:24:42.636+0000] {dag.py:4180} INFO - Setting next_dagrun for example_xcom_args_with_operators to None, run_after=None
[2025-11-08T11:24:42.645+0000] {processor.py:208} INFO - Processing /home/airflow/.local/lib/python3.12/site-packages/airflow/example_dags/example_xcomargs.py took 0.049 seconds
[2025-11-08T11:25:12.811+0000] {processor.py:186} INFO - Started process (PID=479) to work on /home/airflow/.local/lib/python3.12/site-packages/airflow/example_dags/example_xcomargs.py
[2025-11-08T11:25:12.811+0000] {processor.py:914} INFO - Processing file /home/airflow/.local/lib/python3.12/site-packages/airflow/example_dags/example_xcomargs.py for tasks to queue
[2025-11-08T11:25:12.813+0000] {logging_mixin.py:190} INFO - [2025-11-08T11:25:12.813+0000] {dagbag.py:588} INFO - Filling up the DagBag from /home/airflow/.local/lib/python3.12/site-packages/airflow/example_dags/example_xcomargs.py
[2025-11-08T11:25:12.819+0000] {processor.py:925} INFO - DAG(s) 'example_xcom_args', 'example_xcom_args_with_operators' retrieved from /home/airflow/.local/lib/python3.12/site-packages/airflow/example_dags/example_xcomargs.py
[2025-11-08T11:25:12.832+0000] {logging_mixin.py:190} INFO - [2025-11-08T11:25:12.832+0000] {dag.py:3239} INFO - Sync 2 DAGs
[2025-11-08T11:25:12.841+0000] {logging_mixin.py:190} INFO - [2025-11-08T11:25:12.841+0000] {dag.py:4180} INFO - Setting next_dagrun for example_xcom_args to None, run_after=None
[2025-11-08T11:25:12.843+0000] {logging_mixin.py:190} INFO - [2025-11-08T11:25:12.843+0000] {dag.py:4180} INFO - Setting next_dagrun for example_xcom_args_with_operators to None, run_after=None
[2025-11-08T11:25:12.852+0000] {processor.py:208} INFO - Processing /home/airflow/.local/lib/python3.12/site-packages/airflow/example_dags/example_xcomargs.py took 0.046 seconds
[2025-11-08T11:25:43.916+0000] {processor.py:186} INFO - Started process (PID=543) to work on /home/airflow/.local/lib/python3.12/site-packages/airflow/example_dags/example_xcomargs.py
[2025-11-08T11:25:43.917+0000] {processor.py:914} INFO - Processing file /home/airflow/.local/lib/python3.12/site-packages/airflow/example_dags/example_xcomargs.py for tasks to queue
[2025-11-08T11:25:43.918+0000] {logging_mixin.py:190} INFO - [2025-11-08T11:25:43.918+0000] {dagbag.py:588} INFO - Filling up the DagBag from /home/airflow/.local/lib/python3.12/site-packages/airflow/example_dags/example_xcomargs.py
[2025-11-08T11:25:43.923+0000] {processor.py:925} INFO - DAG(s) 'example_xcom_args_with_operators', 'example_xcom_args' retrieved from /home/airflow/.local/lib/python3.12/site-packages/airflow/example_dags/example_xcomargs.py
[2025-11-08T11:25:43.935+0000] {logging_mixin.py:190} INFO - [2025-11-08T11:25:43.935+0000] {dag.py:3239} INFO - Sync 2 DAGs
[2025-11-08T11:25:43.944+0000] {logging_mixin.py:190} INFO - [2025-11-08T11:25:43.944+0000] {dag.py:4180} INFO - Setting next_dagrun for example_xcom_args to None, run_after=None
[2025-11-08T11:25:43.947+0000] {logging_mixin.py:190} INFO - [2025-11-08T11:25:43.947+0000] {dag.py:4180} INFO - Setting next_dagrun for example_xcom_args_with_operators to None, run_after=None
[2025-11-08T11:25:43.955+0000] {processor.py:208} INFO - Processing /home/airflow/.local/lib/python3.12/site-packages/airflow/example_dags/example_xcomargs.py took 0.042 seconds
[2025-11-08T11:26:15.231+0000] {processor.py:186} INFO - Started process (PID=607) to work on /home/airflow/.local/lib/python3.12/site-packages/airflow/example_dags/example_xcomargs.py
[2025-11-08T11:26:15.233+0000] {processor.py:914} INFO - Processing file /home/airflow/.local/lib/python3.12/site-packages/airflow/example_dags/example_xcomargs.py for tasks to queue
[2025-11-08T11:26:15.235+0000] {logging_mixin.py:190} INFO - [2025-11-08T11:26:15.234+0000] {dagbag.py:588} INFO - Filling up the DagBag from /home/airflow/.local/lib/python3.12/site-packages/airflow/example_dags/example_xcomargs.py
[2025-11-08T11:26:15.240+0000] {processor.py:925} INFO - DAG(s) 'example_xcom_args_with_operators', 'example_xcom_args' retrieved from /home/airflow/.local/lib/python3.12/site-packages/airflow/example_dags/example_xcomargs.py
[2025-11-08T11:26:15.252+0000] {logging_mixin.py:190} INFO - [2025-11-08T11:26:15.251+0000] {dag.py:3239} INFO - Sync 2 DAGs
[2025-11-08T11:26:15.260+0000] {logging_mixin.py:190} INFO - [2025-11-08T11:26:15.260+0000] {dag.py:4180} INFO - Setting next_dagrun for example_xcom_args to None, run_after=None
[2025-11-08T11:26:15.262+0000] {logging_mixin.py:190} INFO - [2025-11-08T11:26:15.262+0000] {dag.py:4180} INFO - Setting next_dagrun for example_xcom_args_with_operators to None, run_after=None
[2025-11-08T11:26:15.272+0000] {processor.py:208} INFO - Processing /home/airflow/.local/lib/python3.12/site-packages/airflow/example_dags/example_xcomargs.py took 0.046 seconds
[2025-11-08T11:26:46.359+0000] {processor.py:186} INFO - Started process (PID=671) to work on /home/airflow/.local/lib/python3.12/site-packages/airflow/example_dags/example_xcomargs.py
[2025-11-08T11:26:46.360+0000] {processor.py:914} INFO - Processing file /home/airflow/.local/lib/python3.12/site-packages/airflow/example_dags/example_xcomargs.py for tasks to queue
[2025-11-08T11:26:46.361+0000] {logging_mixin.py:190} INFO - [2025-11-08T11:26:46.361+0000] {dagbag.py:588} INFO - Filling up the DagBag from /home/airflow/.local/lib/python3.12/site-packages/airflow/example_dags/example_xcomargs.py
[2025-11-08T11:26:46.366+0000] {processor.py:925} INFO - DAG(s) 'example_xcom_args_with_operators', 'example_xcom_args' retrieved from /home/airflow/.local/lib/python3.12/site-packages/airflow/example_dags/example_xcomargs.py
[2025-11-08T11:26:46.384+0000] {logging_mixin.py:190} INFO - [2025-11-08T11:26:46.384+0000] {dag.py:3239} INFO - Sync 2 DAGs
[2025-11-08T11:26:46.392+0000] {logging_mixin.py:190} INFO - [2025-11-08T11:26:46.392+0000] {dag.py:4180} INFO - Setting next_dagrun for example_xcom_args to None, run_after=None
[2025-11-08T11:26:46.394+0000] {logging_mixin.py:190} INFO - [2025-11-08T11:26:46.394+0000] {dag.py:4180} INFO - Setting next_dagrun for example_xcom_args_with_operators to None, run_after=None
[2025-11-08T11:26:46.405+0000] {processor.py:208} INFO - Processing /home/airflow/.local/lib/python3.12/site-packages/airflow/example_dags/example_xcomargs.py took 0.049 seconds
[2025-11-08T11:27:17.629+0000] {processor.py:186} INFO - Started process (PID=735) to work on /home/airflow/.local/lib/python3.12/site-packages/airflow/example_dags/example_xcomargs.py
[2025-11-08T11:27:17.631+0000] {processor.py:914} INFO - Processing file /home/airflow/.local/lib/python3.12/site-packages/airflow/example_dags/example_xcomargs.py for tasks to queue
[2025-11-08T11:27:17.632+0000] {logging_mixin.py:190} INFO - [2025-11-08T11:27:17.632+0000] {dagbag.py:588} INFO - Filling up the DagBag from /home/airflow/.local/lib/python3.12/site-packages/airflow/example_dags/example_xcomargs.py
[2025-11-08T11:27:17.638+0000] {processor.py:925} INFO - DAG(s) 'example_xcom_args_with_operators', 'example_xcom_args' retrieved from /home/airflow/.local/lib/python3.12/site-packages/airflow/example_dags/example_xcomargs.py
[2025-11-08T11:27:17.654+0000] {logging_mixin.py:190} INFO - [2025-11-08T11:27:17.654+0000] {dag.py:3239} INFO - Sync 2 DAGs
[2025-11-08T11:27:17.664+0000] {logging_mixin.py:190} INFO - [2025-11-08T11:27:17.664+0000] {dag.py:4180} INFO - Setting next_dagrun for example_xcom_args to None, run_after=None
[2025-11-08T11:27:17.666+0000] {logging_mixin.py:190} INFO - [2025-11-08T11:27:17.666+0000] {dag.py:4180} INFO - Setting next_dagrun for example_xcom_args_with_operators to None, run_after=None
[2025-11-08T11:27:17.677+0000] {processor.py:208} INFO - Processing /home/airflow/.local/lib/python3.12/site-packages/airflow/example_dags/example_xcomargs.py took 0.052 seconds
[2025-11-08T11:27:48.578+0000] {processor.py:186} INFO - Started process (PID=799) to work on /home/airflow/.local/lib/python3.12/site-packages/airflow/example_dags/example_xcomargs.py
[2025-11-08T11:27:48.579+0000] {processor.py:914} INFO - Processing file /home/airflow/.local/lib/python3.12/site-packages/airflow/example_dags/example_xcomargs.py for tasks to queue
[2025-11-08T11:27:48.580+0000] {logging_mixin.py:190} INFO - [2025-11-08T11:27:48.580+0000] {dagbag.py:588} INFO - Filling up the DagBag from /home/airflow/.local/lib/python3.12/site-packages/airflow/example_dags/example_xcomargs.py
[2025-11-08T11:27:48.585+0000] {processor.py:925} INFO - DAG(s) 'example_xcom_args', 'example_xcom_args_with_operators' retrieved from /home/airflow/.local/lib/python3.12/site-packages/airflow/example_dags/example_xcomargs.py
[2025-11-08T11:27:48.598+0000] {logging_mixin.py:190} INFO - [2025-11-08T11:27:48.598+0000] {dag.py:3239} INFO - Sync 2 DAGs
[2025-11-08T11:27:48.606+0000] {logging_mixin.py:190} INFO - [2025-11-08T11:27:48.606+0000] {dag.py:4180} INFO - Setting next_dagrun for example_xcom_args to None, run_after=None
[2025-11-08T11:27:48.608+0000] {logging_mixin.py:190} INFO - [2025-11-08T11:27:48.608+0000] {dag.py:4180} INFO - Setting next_dagrun for example_xcom_args_with_operators to None, run_after=None
[2025-11-08T11:27:48.618+0000] {processor.py:208} INFO - Processing /home/airflow/.local/lib/python3.12/site-packages/airflow/example_dags/example_xcomargs.py took 0.043 seconds
[2025-11-08T11:28:20.248+0000] {processor.py:186} INFO - Started process (PID=863) to work on /home/airflow/.local/lib/python3.12/site-packages/airflow/example_dags/example_xcomargs.py
[2025-11-08T11:28:20.248+0000] {processor.py:914} INFO - Processing file /home/airflow/.local/lib/python3.12/site-packages/airflow/example_dags/example_xcomargs.py for tasks to queue
[2025-11-08T11:28:20.250+0000] {logging_mixin.py:190} INFO - [2025-11-08T11:28:20.250+0000] {dagbag.py:588} INFO - Filling up the DagBag from /home/airflow/.local/lib/python3.12/site-packages/airflow/example_dags/example_xcomargs.py
[2025-11-08T11:28:20.257+0000] {processor.py:925} INFO - DAG(s) 'example_xcom_args', 'example_xcom_args_with_operators' retrieved from /home/airflow/.local/lib/python3.12/site-packages/airflow/example_dags/example_xcomargs.py
[2025-11-08T11:28:20.270+0000] {logging_mixin.py:190} INFO - [2025-11-08T11:28:20.270+0000] {dag.py:3239} INFO - Sync 2 DAGs
[2025-11-08T11:28:20.278+0000] {logging_mixin.py:190} INFO - [2025-11-08T11:28:20.278+0000] {dag.py:4180} INFO - Setting next_dagrun for example_xcom_args to None, run_after=None
[2025-11-08T11:28:20.280+0000] {logging_mixin.py:190} INFO - [2025-11-08T11:28:20.280+0000] {dag.py:4180} INFO - Setting next_dagrun for example_xcom_args_with_operators to None, run_after=None
[2025-11-08T11:28:20.292+0000] {processor.py:208} INFO - Processing /home/airflow/.local/lib/python3.12/site-packages/airflow/example_dags/example_xcomargs.py took 0.047 seconds
