[2025-11-08T11:22:05.522+0000] {processor.py:186} INFO - Started process (PID=72) to work on /home/airflow/.local/lib/python3.12/site-packages/airflow/example_dags/example_dag_decorator.py
[2025-11-08T11:22:05.522+0000] {processor.py:914} INFO - Processing file /home/airflow/.local/lib/python3.12/site-packages/airflow/example_dags/example_dag_decorator.py for tasks to queue
[2025-11-08T11:22:05.524+0000] {logging_mixin.py:190} INFO - [2025-11-08T11:22:05.524+0000] {dagbag.py:588} INFO - Filling up the DagBag from /home/airflow/.local/lib/python3.12/site-packages/airflow/example_dags/example_dag_decorator.py
[2025-11-08T11:22:05.630+0000] {processor.py:925} INFO - DAG(s) 'example_dag_decorator' retrieved from /home/airflow/.local/lib/python3.12/site-packages/airflow/example_dags/example_dag_decorator.py
[2025-11-08T11:22:05.694+0000] {logging_mixin.py:190} INFO - [2025-11-08T11:22:05.694+0000] {dag.py:3239} INFO - Sync 1 DAGs
[2025-11-08T11:22:05.701+0000] {logging_mixin.py:190} INFO - [2025-11-08T11:22:05.701+0000] {dag.py:4180} INFO - Setting next_dagrun for example_dag_decorator to None, run_after=None
[2025-11-08T11:22:05.712+0000] {processor.py:208} INFO - Processing /home/airflow/.local/lib/python3.12/site-packages/airflow/example_dags/example_dag_decorator.py took 0.194 seconds
[2025-11-08T11:22:35.891+0000] {processor.py:186} INFO - Started process (PID=136) to work on /home/airflow/.local/lib/python3.12/site-packages/airflow/example_dags/example_dag_decorator.py
[2025-11-08T11:22:35.891+0000] {processor.py:914} INFO - Processing file /home/airflow/.local/lib/python3.12/site-packages/airflow/example_dags/example_dag_decorator.py for tasks to queue
[2025-11-08T11:22:35.892+0000] {logging_mixin.py:190} INFO - [2025-11-08T11:22:35.892+0000] {dagbag.py:588} INFO - Filling up the DagBag from /home/airflow/.local/lib/python3.12/site-packages/airflow/example_dags/example_dag_decorator.py
[2025-11-08T11:22:35.979+0000] {processor.py:925} INFO - DAG(s) 'example_dag_decorator' retrieved from /home/airflow/.local/lib/python3.12/site-packages/airflow/example_dags/example_dag_decorator.py
[2025-11-08T11:22:36.034+0000] {logging_mixin.py:190} INFO - [2025-11-08T11:22:36.034+0000] {dag.py:3239} INFO - Sync 1 DAGs
[2025-11-08T11:22:36.040+0000] {logging_mixin.py:190} INFO - [2025-11-08T11:22:36.040+0000] {dag.py:4180} INFO - Setting next_dagrun for example_dag_decorator to None, run_after=None
[2025-11-08T11:22:36.053+0000] {processor.py:208} INFO - Processing /home/airflow/.local/lib/python3.12/site-packages/airflow/example_dags/example_dag_decorator.py took 0.166 seconds
[2025-11-08T11:23:07.080+0000] {processor.py:186} INFO - Started process (PID=200) to work on /home/airflow/.local/lib/python3.12/site-packages/airflow/example_dags/example_dag_decorator.py
[2025-11-08T11:23:07.081+0000] {processor.py:914} INFO - Processing file /home/airflow/.local/lib/python3.12/site-packages/airflow/example_dags/example_dag_decorator.py for tasks to queue
[2025-11-08T11:23:07.082+0000] {logging_mixin.py:190} INFO - [2025-11-08T11:23:07.082+0000] {dagbag.py:588} INFO - Filling up the DagBag from /home/airflow/.local/lib/python3.12/site-packages/airflow/example_dags/example_dag_decorator.py
[2025-11-08T11:23:07.133+0000] {processor.py:925} INFO - DAG(s) 'example_dag_decorator' retrieved from /home/airflow/.local/lib/python3.12/site-packages/airflow/example_dags/example_dag_decorator.py
[2025-11-08T11:23:07.187+0000] {logging_mixin.py:190} INFO - [2025-11-08T11:23:07.187+0000] {dag.py:3239} INFO - Sync 1 DAGs
[2025-11-08T11:23:07.193+0000] {logging_mixin.py:190} INFO - [2025-11-08T11:23:07.192+0000] {dag.py:4180} INFO - Setting next_dagrun for example_dag_decorator to None, run_after=None
[2025-11-08T11:23:07.207+0000] {processor.py:208} INFO - Processing /home/airflow/.local/lib/python3.12/site-packages/airflow/example_dags/example_dag_decorator.py took 0.131 seconds
[2025-11-08T11:23:38.183+0000] {processor.py:186} INFO - Started process (PID=270) to work on /home/airflow/.local/lib/python3.12/site-packages/airflow/example_dags/example_dag_decorator.py
[2025-11-08T11:23:38.184+0000] {processor.py:914} INFO - Processing file /home/airflow/.local/lib/python3.12/site-packages/airflow/example_dags/example_dag_decorator.py for tasks to queue
[2025-11-08T11:23:38.185+0000] {logging_mixin.py:190} INFO - [2025-11-08T11:23:38.184+0000] {dagbag.py:588} INFO - Filling up the DagBag from /home/airflow/.local/lib/python3.12/site-packages/airflow/example_dags/example_dag_decorator.py
[2025-11-08T11:23:38.238+0000] {processor.py:925} INFO - DAG(s) 'example_dag_decorator' retrieved from /home/airflow/.local/lib/python3.12/site-packages/airflow/example_dags/example_dag_decorator.py
[2025-11-08T11:23:38.300+0000] {logging_mixin.py:190} INFO - [2025-11-08T11:23:38.300+0000] {dag.py:3239} INFO - Sync 1 DAGs
[2025-11-08T11:23:38.307+0000] {logging_mixin.py:190} INFO - [2025-11-08T11:23:38.306+0000] {dag.py:4180} INFO - Setting next_dagrun for example_dag_decorator to None, run_after=None
[2025-11-08T11:23:38.318+0000] {processor.py:208} INFO - Processing /home/airflow/.local/lib/python3.12/site-packages/airflow/example_dags/example_dag_decorator.py took 0.138 seconds
[2025-11-08T11:24:09.233+0000] {processor.py:186} INFO - Started process (PID=334) to work on /home/airflow/.local/lib/python3.12/site-packages/airflow/example_dags/example_dag_decorator.py
[2025-11-08T11:24:09.234+0000] {processor.py:914} INFO - Processing file /home/airflow/.local/lib/python3.12/site-packages/airflow/example_dags/example_dag_decorator.py for tasks to queue
[2025-11-08T11:24:09.235+0000] {logging_mixin.py:190} INFO - [2025-11-08T11:24:09.235+0000] {dagbag.py:588} INFO - Filling up the DagBag from /home/airflow/.local/lib/python3.12/site-packages/airflow/example_dags/example_dag_decorator.py
[2025-11-08T11:24:09.322+0000] {processor.py:925} INFO - DAG(s) 'example_dag_decorator' retrieved from /home/airflow/.local/lib/python3.12/site-packages/airflow/example_dags/example_dag_decorator.py
[2025-11-08T11:24:09.408+0000] {logging_mixin.py:190} INFO - [2025-11-08T11:24:09.408+0000] {dag.py:3239} INFO - Sync 1 DAGs
[2025-11-08T11:24:09.421+0000] {logging_mixin.py:190} INFO - [2025-11-08T11:24:09.421+0000] {dag.py:4180} INFO - Setting next_dagrun for example_dag_decorator to None, run_after=None
[2025-11-08T11:24:09.434+0000] {processor.py:208} INFO - Processing /home/airflow/.local/lib/python3.12/site-packages/airflow/example_dags/example_dag_decorator.py took 0.205 seconds
[2025-11-08T11:24:40.425+0000] {processor.py:186} INFO - Started process (PID=398) to work on /home/airflow/.local/lib/python3.12/site-packages/airflow/example_dags/example_dag_decorator.py
[2025-11-08T11:24:40.426+0000] {processor.py:914} INFO - Processing file /home/airflow/.local/lib/python3.12/site-packages/airflow/example_dags/example_dag_decorator.py for tasks to queue
[2025-11-08T11:24:40.427+0000] {logging_mixin.py:190} INFO - [2025-11-08T11:24:40.427+0000] {dagbag.py:588} INFO - Filling up the DagBag from /home/airflow/.local/lib/python3.12/site-packages/airflow/example_dags/example_dag_decorator.py
[2025-11-08T11:24:40.479+0000] {processor.py:925} INFO - DAG(s) 'example_dag_decorator' retrieved from /home/airflow/.local/lib/python3.12/site-packages/airflow/example_dags/example_dag_decorator.py
[2025-11-08T11:24:40.533+0000] {logging_mixin.py:190} INFO - [2025-11-08T11:24:40.533+0000] {dag.py:3239} INFO - Sync 1 DAGs
[2025-11-08T11:24:40.539+0000] {logging_mixin.py:190} INFO - [2025-11-08T11:24:40.539+0000] {dag.py:4180} INFO - Setting next_dagrun for example_dag_decorator to None, run_after=None
[2025-11-08T11:24:40.557+0000] {processor.py:208} INFO - Processing /home/airflow/.local/lib/python3.12/site-packages/airflow/example_dags/example_dag_decorator.py took 0.135 seconds
[2025-11-08T11:25:11.708+0000] {processor.py:186} INFO - Started process (PID=462) to work on /home/airflow/.local/lib/python3.12/site-packages/airflow/example_dags/example_dag_decorator.py
[2025-11-08T11:25:11.708+0000] {processor.py:914} INFO - Processing file /home/airflow/.local/lib/python3.12/site-packages/airflow/example_dags/example_dag_decorator.py for tasks to queue
[2025-11-08T11:25:11.709+0000] {logging_mixin.py:190} INFO - [2025-11-08T11:25:11.709+0000] {dagbag.py:588} INFO - Filling up the DagBag from /home/airflow/.local/lib/python3.12/site-packages/airflow/example_dags/example_dag_decorator.py
[2025-11-08T11:25:11.762+0000] {processor.py:925} INFO - DAG(s) 'example_dag_decorator' retrieved from /home/airflow/.local/lib/python3.12/site-packages/airflow/example_dags/example_dag_decorator.py
[2025-11-08T11:25:11.820+0000] {logging_mixin.py:190} INFO - [2025-11-08T11:25:11.820+0000] {dag.py:3239} INFO - Sync 1 DAGs
[2025-11-08T11:25:11.826+0000] {logging_mixin.py:190} INFO - [2025-11-08T11:25:11.825+0000] {dag.py:4180} INFO - Setting next_dagrun for example_dag_decorator to None, run_after=None
[2025-11-08T11:25:11.837+0000] {processor.py:208} INFO - Processing /home/airflow/.local/lib/python3.12/site-packages/airflow/example_dags/example_dag_decorator.py took 0.133 seconds
[2025-11-08T11:25:42.968+0000] {processor.py:186} INFO - Started process (PID=526) to work on /home/airflow/.local/lib/python3.12/site-packages/airflow/example_dags/example_dag_decorator.py
[2025-11-08T11:25:42.969+0000] {processor.py:914} INFO - Processing file /home/airflow/.local/lib/python3.12/site-packages/airflow/example_dags/example_dag_decorator.py for tasks to queue
[2025-11-08T11:25:42.970+0000] {logging_mixin.py:190} INFO - [2025-11-08T11:25:42.970+0000] {dagbag.py:588} INFO - Filling up the DagBag from /home/airflow/.local/lib/python3.12/site-packages/airflow/example_dags/example_dag_decorator.py
[2025-11-08T11:25:43.026+0000] {processor.py:925} INFO - DAG(s) 'example_dag_decorator' retrieved from /home/airflow/.local/lib/python3.12/site-packages/airflow/example_dags/example_dag_decorator.py
[2025-11-08T11:25:43.092+0000] {logging_mixin.py:190} INFO - [2025-11-08T11:25:43.092+0000] {dag.py:3239} INFO - Sync 1 DAGs
[2025-11-08T11:25:43.100+0000] {logging_mixin.py:190} INFO - [2025-11-08T11:25:43.100+0000] {dag.py:4180} INFO - Setting next_dagrun for example_dag_decorator to None, run_after=None
[2025-11-08T11:25:43.113+0000] {processor.py:208} INFO - Processing /home/airflow/.local/lib/python3.12/site-packages/airflow/example_dags/example_dag_decorator.py took 0.148 seconds
[2025-11-08T11:26:14.083+0000] {processor.py:186} INFO - Started process (PID=590) to work on /home/airflow/.local/lib/python3.12/site-packages/airflow/example_dags/example_dag_decorator.py
[2025-11-08T11:26:14.085+0000] {processor.py:914} INFO - Processing file /home/airflow/.local/lib/python3.12/site-packages/airflow/example_dags/example_dag_decorator.py for tasks to queue
[2025-11-08T11:26:14.086+0000] {logging_mixin.py:190} INFO - [2025-11-08T11:26:14.086+0000] {dagbag.py:588} INFO - Filling up the DagBag from /home/airflow/.local/lib/python3.12/site-packages/airflow/example_dags/example_dag_decorator.py
[2025-11-08T11:26:14.138+0000] {processor.py:925} INFO - DAG(s) 'example_dag_decorator' retrieved from /home/airflow/.local/lib/python3.12/site-packages/airflow/example_dags/example_dag_decorator.py
[2025-11-08T11:26:14.207+0000] {logging_mixin.py:190} INFO - [2025-11-08T11:26:14.207+0000] {dag.py:3239} INFO - Sync 1 DAGs
[2025-11-08T11:26:14.214+0000] {logging_mixin.py:190} INFO - [2025-11-08T11:26:14.214+0000] {dag.py:4180} INFO - Setting next_dagrun for example_dag_decorator to None, run_after=None
[2025-11-08T11:26:14.225+0000] {processor.py:208} INFO - Processing /home/airflow/.local/lib/python3.12/site-packages/airflow/example_dags/example_dag_decorator.py took 0.146 seconds
[2025-11-08T11:26:45.439+0000] {processor.py:186} INFO - Started process (PID=654) to work on /home/airflow/.local/lib/python3.12/site-packages/airflow/example_dags/example_dag_decorator.py
[2025-11-08T11:26:45.439+0000] {processor.py:914} INFO - Processing file /home/airflow/.local/lib/python3.12/site-packages/airflow/example_dags/example_dag_decorator.py for tasks to queue
[2025-11-08T11:26:45.441+0000] {logging_mixin.py:190} INFO - [2025-11-08T11:26:45.440+0000] {dagbag.py:588} INFO - Filling up the DagBag from /home/airflow/.local/lib/python3.12/site-packages/airflow/example_dags/example_dag_decorator.py
[2025-11-08T11:26:45.494+0000] {processor.py:925} INFO - DAG(s) 'example_dag_decorator' retrieved from /home/airflow/.local/lib/python3.12/site-packages/airflow/example_dags/example_dag_decorator.py
[2025-11-08T11:26:45.557+0000] {logging_mixin.py:190} INFO - [2025-11-08T11:26:45.557+0000] {dag.py:3239} INFO - Sync 1 DAGs
[2025-11-08T11:26:45.564+0000] {logging_mixin.py:190} INFO - [2025-11-08T11:26:45.564+0000] {dag.py:4180} INFO - Setting next_dagrun for example_dag_decorator to None, run_after=None
[2025-11-08T11:26:45.576+0000] {processor.py:208} INFO - Processing /home/airflow/.local/lib/python3.12/site-packages/airflow/example_dags/example_dag_decorator.py took 0.141 seconds
[2025-11-08T11:27:16.555+0000] {processor.py:186} INFO - Started process (PID=718) to work on /home/airflow/.local/lib/python3.12/site-packages/airflow/example_dags/example_dag_decorator.py
[2025-11-08T11:27:16.555+0000] {processor.py:914} INFO - Processing file /home/airflow/.local/lib/python3.12/site-packages/airflow/example_dags/example_dag_decorator.py for tasks to queue
[2025-11-08T11:27:16.556+0000] {logging_mixin.py:190} INFO - [2025-11-08T11:27:16.556+0000] {dagbag.py:588} INFO - Filling up the DagBag from /home/airflow/.local/lib/python3.12/site-packages/airflow/example_dags/example_dag_decorator.py
[2025-11-08T11:27:16.605+0000] {processor.py:925} INFO - DAG(s) 'example_dag_decorator' retrieved from /home/airflow/.local/lib/python3.12/site-packages/airflow/example_dags/example_dag_decorator.py
[2025-11-08T11:27:16.662+0000] {logging_mixin.py:190} INFO - [2025-11-08T11:27:16.662+0000] {dag.py:3239} INFO - Sync 1 DAGs
[2025-11-08T11:27:16.668+0000] {logging_mixin.py:190} INFO - [2025-11-08T11:27:16.668+0000] {dag.py:4180} INFO - Setting next_dagrun for example_dag_decorator to None, run_after=None
[2025-11-08T11:27:16.683+0000] {processor.py:208} INFO - Processing /home/airflow/.local/lib/python3.12/site-packages/airflow/example_dags/example_dag_decorator.py took 0.132 seconds
[2025-11-08T11:27:47.699+0000] {processor.py:186} INFO - Started process (PID=782) to work on /home/airflow/.local/lib/python3.12/site-packages/airflow/example_dags/example_dag_decorator.py
[2025-11-08T11:27:47.700+0000] {processor.py:914} INFO - Processing file /home/airflow/.local/lib/python3.12/site-packages/airflow/example_dags/example_dag_decorator.py for tasks to queue
[2025-11-08T11:27:47.701+0000] {logging_mixin.py:190} INFO - [2025-11-08T11:27:47.701+0000] {dagbag.py:588} INFO - Filling up the DagBag from /home/airflow/.local/lib/python3.12/site-packages/airflow/example_dags/example_dag_decorator.py
[2025-11-08T11:27:47.751+0000] {processor.py:925} INFO - DAG(s) 'example_dag_decorator' retrieved from /home/airflow/.local/lib/python3.12/site-packages/airflow/example_dags/example_dag_decorator.py
[2025-11-08T11:27:47.806+0000] {logging_mixin.py:190} INFO - [2025-11-08T11:27:47.806+0000] {dag.py:3239} INFO - Sync 1 DAGs
[2025-11-08T11:27:47.812+0000] {logging_mixin.py:190} INFO - [2025-11-08T11:27:47.812+0000] {dag.py:4180} INFO - Setting next_dagrun for example_dag_decorator to None, run_after=None
[2025-11-08T11:27:47.863+0000] {processor.py:208} INFO - Processing /home/airflow/.local/lib/python3.12/site-packages/airflow/example_dags/example_dag_decorator.py took 0.168 seconds
[2025-11-08T11:28:19.128+0000] {processor.py:186} INFO - Started process (PID=846) to work on /home/airflow/.local/lib/python3.12/site-packages/airflow/example_dags/example_dag_decorator.py
[2025-11-08T11:28:19.129+0000] {processor.py:914} INFO - Processing file /home/airflow/.local/lib/python3.12/site-packages/airflow/example_dags/example_dag_decorator.py for tasks to queue
[2025-11-08T11:28:19.130+0000] {logging_mixin.py:190} INFO - [2025-11-08T11:28:19.130+0000] {dagbag.py:588} INFO - Filling up the DagBag from /home/airflow/.local/lib/python3.12/site-packages/airflow/example_dags/example_dag_decorator.py
[2025-11-08T11:28:19.226+0000] {processor.py:925} INFO - DAG(s) 'example_dag_decorator' retrieved from /home/airflow/.local/lib/python3.12/site-packages/airflow/example_dags/example_dag_decorator.py
[2025-11-08T11:28:19.318+0000] {logging_mixin.py:190} INFO - [2025-11-08T11:28:19.318+0000] {dag.py:3239} INFO - Sync 1 DAGs
[2025-11-08T11:28:19.325+0000] {logging_mixin.py:190} INFO - [2025-11-08T11:28:19.324+0000] {dag.py:4180} INFO - Setting next_dagrun for example_dag_decorator to None, run_after=None
[2025-11-08T11:28:19.337+0000] {processor.py:208} INFO - Processing /home/airflow/.local/lib/python3.12/site-packages/airflow/example_dags/example_dag_decorator.py took 0.213 seconds
