[2025-11-08T11:22:05.445+0000] {processor.py:186} INFO - Started process (PID=71) to work on /home/airflow/.local/lib/python3.12/site-packages/airflow/example_dags/example_short_circuit_operator.py
[2025-11-08T11:22:05.446+0000] {processor.py:914} INFO - Processing file /home/airflow/.local/lib/python3.12/site-packages/airflow/example_dags/example_short_circuit_operator.py for tasks to queue
[2025-11-08T11:22:05.448+0000] {logging_mixin.py:190} INFO - [2025-11-08T11:22:05.448+0000] {dagbag.py:588} INFO - Filling up the DagBag from /home/airflow/.local/lib/python3.12/site-packages/airflow/example_dags/example_short_circuit_operator.py
[2025-11-08T11:22:05.456+0000] {processor.py:925} INFO - DAG(s) 'example_short_circuit_operator' retrieved from /home/airflow/.local/lib/python3.12/site-packages/airflow/example_dags/example_short_circuit_operator.py
[2025-11-08T11:22:05.476+0000] {logging_mixin.py:190} INFO - [2025-11-08T11:22:05.476+0000] {dag.py:3239} INFO - Sync 1 DAGs
[2025-11-08T11:22:05.491+0000] {logging_mixin.py:190} INFO - [2025-11-08T11:22:05.490+0000] {dag.py:4180} INFO - Setting next_dagrun for example_short_circuit_operator to None, run_after=None
[2025-11-08T11:22:05.509+0000] {processor.py:208} INFO - Processing /home/airflow/.local/lib/python3.12/site-packages/airflow/example_dags/example_short_circuit_operator.py took 0.068 seconds
[2025-11-08T11:22:35.836+0000] {processor.py:186} INFO - Started process (PID=135) to work on /home/airflow/.local/lib/python3.12/site-packages/airflow/example_dags/example_short_circuit_operator.py
[2025-11-08T11:22:35.836+0000] {processor.py:914} INFO - Processing file /home/airflow/.local/lib/python3.12/site-packages/airflow/example_dags/example_short_circuit_operator.py for tasks to queue
[2025-11-08T11:22:35.838+0000] {logging_mixin.py:190} INFO - [2025-11-08T11:22:35.837+0000] {dagbag.py:588} INFO - Filling up the DagBag from /home/airflow/.local/lib/python3.12/site-packages/airflow/example_dags/example_short_circuit_operator.py
[2025-11-08T11:22:35.842+0000] {processor.py:925} INFO - DAG(s) 'example_short_circuit_operator' retrieved from /home/airflow/.local/lib/python3.12/site-packages/airflow/example_dags/example_short_circuit_operator.py
[2025-11-08T11:22:35.857+0000] {logging_mixin.py:190} INFO - [2025-11-08T11:22:35.857+0000] {dag.py:3239} INFO - Sync 1 DAGs
[2025-11-08T11:22:35.865+0000] {logging_mixin.py:190} INFO - [2025-11-08T11:22:35.864+0000] {dag.py:4180} INFO - Setting next_dagrun for example_short_circuit_operator to None, run_after=None
[2025-11-08T11:22:35.876+0000] {processor.py:208} INFO - Processing /home/airflow/.local/lib/python3.12/site-packages/airflow/example_dags/example_short_circuit_operator.py took 0.043 seconds
[2025-11-08T11:23:07.027+0000] {processor.py:186} INFO - Started process (PID=199) to work on /home/airflow/.local/lib/python3.12/site-packages/airflow/example_dags/example_short_circuit_operator.py
[2025-11-08T11:23:07.028+0000] {processor.py:914} INFO - Processing file /home/airflow/.local/lib/python3.12/site-packages/airflow/example_dags/example_short_circuit_operator.py for tasks to queue
[2025-11-08T11:23:07.029+0000] {logging_mixin.py:190} INFO - [2025-11-08T11:23:07.029+0000] {dagbag.py:588} INFO - Filling up the DagBag from /home/airflow/.local/lib/python3.12/site-packages/airflow/example_dags/example_short_circuit_operator.py
[2025-11-08T11:23:07.033+0000] {processor.py:925} INFO - DAG(s) 'example_short_circuit_operator' retrieved from /home/airflow/.local/lib/python3.12/site-packages/airflow/example_dags/example_short_circuit_operator.py
[2025-11-08T11:23:07.045+0000] {logging_mixin.py:190} INFO - [2025-11-08T11:23:07.044+0000] {dag.py:3239} INFO - Sync 1 DAGs
[2025-11-08T11:23:07.052+0000] {logging_mixin.py:190} INFO - [2025-11-08T11:23:07.052+0000] {dag.py:4180} INFO - Setting next_dagrun for example_short_circuit_operator to None, run_after=None
[2025-11-08T11:23:07.064+0000] {processor.py:208} INFO - Processing /home/airflow/.local/lib/python3.12/site-packages/airflow/example_dags/example_short_circuit_operator.py took 0.039 seconds
[2025-11-08T11:23:38.130+0000] {processor.py:186} INFO - Started process (PID=269) to work on /home/airflow/.local/lib/python3.12/site-packages/airflow/example_dags/example_short_circuit_operator.py
[2025-11-08T11:23:38.130+0000] {processor.py:914} INFO - Processing file /home/airflow/.local/lib/python3.12/site-packages/airflow/example_dags/example_short_circuit_operator.py for tasks to queue
[2025-11-08T11:23:38.131+0000] {logging_mixin.py:190} INFO - [2025-11-08T11:23:38.131+0000] {dagbag.py:588} INFO - Filling up the DagBag from /home/airflow/.local/lib/python3.12/site-packages/airflow/example_dags/example_short_circuit_operator.py
[2025-11-08T11:23:38.136+0000] {processor.py:925} INFO - DAG(s) 'example_short_circuit_operator' retrieved from /home/airflow/.local/lib/python3.12/site-packages/airflow/example_dags/example_short_circuit_operator.py
[2025-11-08T11:23:38.148+0000] {logging_mixin.py:190} INFO - [2025-11-08T11:23:38.148+0000] {dag.py:3239} INFO - Sync 1 DAGs
[2025-11-08T11:23:38.156+0000] {logging_mixin.py:190} INFO - [2025-11-08T11:23:38.155+0000] {dag.py:4180} INFO - Setting next_dagrun for example_short_circuit_operator to None, run_after=None
[2025-11-08T11:23:38.168+0000] {processor.py:208} INFO - Processing /home/airflow/.local/lib/python3.12/site-packages/airflow/example_dags/example_short_circuit_operator.py took 0.042 seconds
[2025-11-08T11:24:09.210+0000] {processor.py:186} INFO - Started process (PID=333) to work on /home/airflow/.local/lib/python3.12/site-packages/airflow/example_dags/example_short_circuit_operator.py
[2025-11-08T11:24:09.211+0000] {processor.py:914} INFO - Processing file /home/airflow/.local/lib/python3.12/site-packages/airflow/example_dags/example_short_circuit_operator.py for tasks to queue
[2025-11-08T11:24:09.212+0000] {logging_mixin.py:190} INFO - [2025-11-08T11:24:09.212+0000] {dagbag.py:588} INFO - Filling up the DagBag from /home/airflow/.local/lib/python3.12/site-packages/airflow/example_dags/example_short_circuit_operator.py
[2025-11-08T11:24:09.217+0000] {processor.py:925} INFO - DAG(s) 'example_short_circuit_operator' retrieved from /home/airflow/.local/lib/python3.12/site-packages/airflow/example_dags/example_short_circuit_operator.py
[2025-11-08T11:24:09.235+0000] {logging_mixin.py:190} INFO - [2025-11-08T11:24:09.235+0000] {dag.py:3239} INFO - Sync 1 DAGs
[2025-11-08T11:24:09.244+0000] {logging_mixin.py:190} INFO - [2025-11-08T11:24:09.244+0000] {dag.py:4180} INFO - Setting next_dagrun for example_short_circuit_operator to None, run_after=None
[2025-11-08T11:24:09.253+0000] {processor.py:208} INFO - Processing /home/airflow/.local/lib/python3.12/site-packages/airflow/example_dags/example_short_circuit_operator.py took 0.047 seconds
[2025-11-08T11:24:40.391+0000] {processor.py:186} INFO - Started process (PID=397) to work on /home/airflow/.local/lib/python3.12/site-packages/airflow/example_dags/example_short_circuit_operator.py
[2025-11-08T11:24:40.391+0000] {processor.py:914} INFO - Processing file /home/airflow/.local/lib/python3.12/site-packages/airflow/example_dags/example_short_circuit_operator.py for tasks to queue
[2025-11-08T11:24:40.392+0000] {logging_mixin.py:190} INFO - [2025-11-08T11:24:40.392+0000] {dagbag.py:588} INFO - Filling up the DagBag from /home/airflow/.local/lib/python3.12/site-packages/airflow/example_dags/example_short_circuit_operator.py
[2025-11-08T11:24:40.397+0000] {processor.py:925} INFO - DAG(s) 'example_short_circuit_operator' retrieved from /home/airflow/.local/lib/python3.12/site-packages/airflow/example_dags/example_short_circuit_operator.py
[2025-11-08T11:24:40.410+0000] {logging_mixin.py:190} INFO - [2025-11-08T11:24:40.409+0000] {dag.py:3239} INFO - Sync 1 DAGs
[2025-11-08T11:24:40.417+0000] {logging_mixin.py:190} INFO - [2025-11-08T11:24:40.417+0000] {dag.py:4180} INFO - Setting next_dagrun for example_short_circuit_operator to None, run_after=None
[2025-11-08T11:24:40.428+0000] {processor.py:208} INFO - Processing /home/airflow/.local/lib/python3.12/site-packages/airflow/example_dags/example_short_circuit_operator.py took 0.040 seconds
[2025-11-08T11:25:11.700+0000] {processor.py:186} INFO - Started process (PID=461) to work on /home/airflow/.local/lib/python3.12/site-packages/airflow/example_dags/example_short_circuit_operator.py
[2025-11-08T11:25:11.701+0000] {processor.py:914} INFO - Processing file /home/airflow/.local/lib/python3.12/site-packages/airflow/example_dags/example_short_circuit_operator.py for tasks to queue
[2025-11-08T11:25:11.702+0000] {logging_mixin.py:190} INFO - [2025-11-08T11:25:11.702+0000] {dagbag.py:588} INFO - Filling up the DagBag from /home/airflow/.local/lib/python3.12/site-packages/airflow/example_dags/example_short_circuit_operator.py
[2025-11-08T11:25:11.707+0000] {processor.py:925} INFO - DAG(s) 'example_short_circuit_operator' retrieved from /home/airflow/.local/lib/python3.12/site-packages/airflow/example_dags/example_short_circuit_operator.py
[2025-11-08T11:25:11.719+0000] {logging_mixin.py:190} INFO - [2025-11-08T11:25:11.719+0000] {dag.py:3239} INFO - Sync 1 DAGs
[2025-11-08T11:25:11.727+0000] {logging_mixin.py:190} INFO - [2025-11-08T11:25:11.727+0000] {dag.py:4180} INFO - Setting next_dagrun for example_short_circuit_operator to None, run_after=None
[2025-11-08T11:25:11.738+0000] {processor.py:208} INFO - Processing /home/airflow/.local/lib/python3.12/site-packages/airflow/example_dags/example_short_circuit_operator.py took 0.041 seconds
[2025-11-08T11:25:42.964+0000] {processor.py:186} INFO - Started process (PID=525) to work on /home/airflow/.local/lib/python3.12/site-packages/airflow/example_dags/example_short_circuit_operator.py
[2025-11-08T11:25:42.964+0000] {processor.py:914} INFO - Processing file /home/airflow/.local/lib/python3.12/site-packages/airflow/example_dags/example_short_circuit_operator.py for tasks to queue
[2025-11-08T11:25:42.966+0000] {logging_mixin.py:190} INFO - [2025-11-08T11:25:42.966+0000] {dagbag.py:588} INFO - Filling up the DagBag from /home/airflow/.local/lib/python3.12/site-packages/airflow/example_dags/example_short_circuit_operator.py
[2025-11-08T11:25:42.971+0000] {processor.py:925} INFO - DAG(s) 'example_short_circuit_operator' retrieved from /home/airflow/.local/lib/python3.12/site-packages/airflow/example_dags/example_short_circuit_operator.py
[2025-11-08T11:25:42.986+0000] {logging_mixin.py:190} INFO - [2025-11-08T11:25:42.985+0000] {dag.py:3239} INFO - Sync 1 DAGs
[2025-11-08T11:25:42.993+0000] {logging_mixin.py:190} INFO - [2025-11-08T11:25:42.993+0000] {dag.py:4180} INFO - Setting next_dagrun for example_short_circuit_operator to None, run_after=None
[2025-11-08T11:25:43.005+0000] {processor.py:208} INFO - Processing /home/airflow/.local/lib/python3.12/site-packages/airflow/example_dags/example_short_circuit_operator.py took 0.045 seconds
[2025-11-08T11:26:14.017+0000] {processor.py:186} INFO - Started process (PID=589) to work on /home/airflow/.local/lib/python3.12/site-packages/airflow/example_dags/example_short_circuit_operator.py
[2025-11-08T11:26:14.018+0000] {processor.py:914} INFO - Processing file /home/airflow/.local/lib/python3.12/site-packages/airflow/example_dags/example_short_circuit_operator.py for tasks to queue
[2025-11-08T11:26:14.020+0000] {logging_mixin.py:190} INFO - [2025-11-08T11:26:14.020+0000] {dagbag.py:588} INFO - Filling up the DagBag from /home/airflow/.local/lib/python3.12/site-packages/airflow/example_dags/example_short_circuit_operator.py
[2025-11-08T11:26:14.025+0000] {processor.py:925} INFO - DAG(s) 'example_short_circuit_operator' retrieved from /home/airflow/.local/lib/python3.12/site-packages/airflow/example_dags/example_short_circuit_operator.py
[2025-11-08T11:26:14.041+0000] {logging_mixin.py:190} INFO - [2025-11-08T11:26:14.041+0000] {dag.py:3239} INFO - Sync 1 DAGs
[2025-11-08T11:26:14.050+0000] {logging_mixin.py:190} INFO - [2025-11-08T11:26:14.049+0000] {dag.py:4180} INFO - Setting next_dagrun for example_short_circuit_operator to None, run_after=None
[2025-11-08T11:26:14.066+0000] {processor.py:208} INFO - Processing /home/airflow/.local/lib/python3.12/site-packages/airflow/example_dags/example_short_circuit_operator.py took 0.053 seconds
[2025-11-08T11:26:45.396+0000] {processor.py:186} INFO - Started process (PID=653) to work on /home/airflow/.local/lib/python3.12/site-packages/airflow/example_dags/example_short_circuit_operator.py
[2025-11-08T11:26:45.398+0000] {processor.py:914} INFO - Processing file /home/airflow/.local/lib/python3.12/site-packages/airflow/example_dags/example_short_circuit_operator.py for tasks to queue
[2025-11-08T11:26:45.399+0000] {logging_mixin.py:190} INFO - [2025-11-08T11:26:45.399+0000] {dagbag.py:588} INFO - Filling up the DagBag from /home/airflow/.local/lib/python3.12/site-packages/airflow/example_dags/example_short_circuit_operator.py
[2025-11-08T11:26:45.404+0000] {processor.py:925} INFO - DAG(s) 'example_short_circuit_operator' retrieved from /home/airflow/.local/lib/python3.12/site-packages/airflow/example_dags/example_short_circuit_operator.py
[2025-11-08T11:26:45.420+0000] {logging_mixin.py:190} INFO - [2025-11-08T11:26:45.420+0000] {dag.py:3239} INFO - Sync 1 DAGs
[2025-11-08T11:26:45.428+0000] {logging_mixin.py:190} INFO - [2025-11-08T11:26:45.428+0000] {dag.py:4180} INFO - Setting next_dagrun for example_short_circuit_operator to None, run_after=None
[2025-11-08T11:26:45.442+0000] {processor.py:208} INFO - Processing /home/airflow/.local/lib/python3.12/site-packages/airflow/example_dags/example_short_circuit_operator.py took 0.049 seconds
[2025-11-08T11:27:16.494+0000] {processor.py:186} INFO - Started process (PID=717) to work on /home/airflow/.local/lib/python3.12/site-packages/airflow/example_dags/example_short_circuit_operator.py
[2025-11-08T11:27:16.495+0000] {processor.py:914} INFO - Processing file /home/airflow/.local/lib/python3.12/site-packages/airflow/example_dags/example_short_circuit_operator.py for tasks to queue
[2025-11-08T11:27:16.496+0000] {logging_mixin.py:190} INFO - [2025-11-08T11:27:16.496+0000] {dagbag.py:588} INFO - Filling up the DagBag from /home/airflow/.local/lib/python3.12/site-packages/airflow/example_dags/example_short_circuit_operator.py
[2025-11-08T11:27:16.500+0000] {processor.py:925} INFO - DAG(s) 'example_short_circuit_operator' retrieved from /home/airflow/.local/lib/python3.12/site-packages/airflow/example_dags/example_short_circuit_operator.py
[2025-11-08T11:27:16.514+0000] {logging_mixin.py:190} INFO - [2025-11-08T11:27:16.514+0000] {dag.py:3239} INFO - Sync 1 DAGs
[2025-11-08T11:27:16.525+0000] {logging_mixin.py:190} INFO - [2025-11-08T11:27:16.525+0000] {dag.py:4180} INFO - Setting next_dagrun for example_short_circuit_operator to None, run_after=None
[2025-11-08T11:27:16.539+0000] {processor.py:208} INFO - Processing /home/airflow/.local/lib/python3.12/site-packages/airflow/example_dags/example_short_circuit_operator.py took 0.048 seconds
[2025-11-08T11:27:47.656+0000] {processor.py:186} INFO - Started process (PID=781) to work on /home/airflow/.local/lib/python3.12/site-packages/airflow/example_dags/example_short_circuit_operator.py
[2025-11-08T11:27:47.657+0000] {processor.py:914} INFO - Processing file /home/airflow/.local/lib/python3.12/site-packages/airflow/example_dags/example_short_circuit_operator.py for tasks to queue
[2025-11-08T11:27:47.658+0000] {logging_mixin.py:190} INFO - [2025-11-08T11:27:47.658+0000] {dagbag.py:588} INFO - Filling up the DagBag from /home/airflow/.local/lib/python3.12/site-packages/airflow/example_dags/example_short_circuit_operator.py
[2025-11-08T11:27:47.663+0000] {processor.py:925} INFO - DAG(s) 'example_short_circuit_operator' retrieved from /home/airflow/.local/lib/python3.12/site-packages/airflow/example_dags/example_short_circuit_operator.py
[2025-11-08T11:27:47.675+0000] {logging_mixin.py:190} INFO - [2025-11-08T11:27:47.675+0000] {dag.py:3239} INFO - Sync 1 DAGs
[2025-11-08T11:27:47.683+0000] {logging_mixin.py:190} INFO - [2025-11-08T11:27:47.682+0000] {dag.py:4180} INFO - Setting next_dagrun for example_short_circuit_operator to None, run_after=None
[2025-11-08T11:27:47.693+0000] {processor.py:208} INFO - Processing /home/airflow/.local/lib/python3.12/site-packages/airflow/example_dags/example_short_circuit_operator.py took 0.041 seconds
[2025-11-08T11:28:19.070+0000] {processor.py:186} INFO - Started process (PID=845) to work on /home/airflow/.local/lib/python3.12/site-packages/airflow/example_dags/example_short_circuit_operator.py
[2025-11-08T11:28:19.070+0000] {processor.py:914} INFO - Processing file /home/airflow/.local/lib/python3.12/site-packages/airflow/example_dags/example_short_circuit_operator.py for tasks to queue
[2025-11-08T11:28:19.071+0000] {logging_mixin.py:190} INFO - [2025-11-08T11:28:19.071+0000] {dagbag.py:588} INFO - Filling up the DagBag from /home/airflow/.local/lib/python3.12/site-packages/airflow/example_dags/example_short_circuit_operator.py
[2025-11-08T11:28:19.076+0000] {processor.py:925} INFO - DAG(s) 'example_short_circuit_operator' retrieved from /home/airflow/.local/lib/python3.12/site-packages/airflow/example_dags/example_short_circuit_operator.py
[2025-11-08T11:28:19.087+0000] {logging_mixin.py:190} INFO - [2025-11-08T11:28:19.087+0000] {dag.py:3239} INFO - Sync 1 DAGs
[2025-11-08T11:28:19.095+0000] {logging_mixin.py:190} INFO - [2025-11-08T11:28:19.095+0000] {dag.py:4180} INFO - Setting next_dagrun for example_short_circuit_operator to None, run_after=None
[2025-11-08T11:28:19.110+0000] {processor.py:208} INFO - Processing /home/airflow/.local/lib/python3.12/site-packages/airflow/example_dags/example_short_circuit_operator.py took 0.045 seconds
