[2025-11-08T11:22:05.434+0000] {processor.py:186} INFO - Started process (PID=70) to work on /home/airflow/.local/lib/python3.12/site-packages/airflow/example_dags/example_bash_operator.py
[2025-11-08T11:22:05.434+0000] {processor.py:914} INFO - Processing file /home/airflow/.local/lib/python3.12/site-packages/airflow/example_dags/example_bash_operator.py for tasks to queue
[2025-11-08T11:22:05.435+0000] {logging_mixin.py:190} INFO - [2025-11-08T11:22:05.435+0000] {dagbag.py:588} INFO - Filling up the DagBag from /home/airflow/.local/lib/python3.12/site-packages/airflow/example_dags/example_bash_operator.py
[2025-11-08T11:22:05.443+0000] {processor.py:925} INFO - DAG(s) 'example_bash_operator' retrieved from /home/airflow/.local/lib/python3.12/site-packages/airflow/example_dags/example_bash_operator.py
[2025-11-08T11:22:05.468+0000] {logging_mixin.py:190} INFO - [2025-11-08T11:22:05.468+0000] {dag.py:3239} INFO - Sync 1 DAGs
[2025-11-08T11:22:05.493+0000] {logging_mixin.py:190} INFO - [2025-11-08T11:22:05.492+0000] {dag.py:4180} INFO - Setting next_dagrun for example_bash_operator to 2025-11-07 00:00:00+00:00, run_after=2025-11-08 00:00:00+00:00
[2025-11-08T11:22:05.505+0000] {processor.py:208} INFO - Processing /home/airflow/.local/lib/python3.12/site-packages/airflow/example_dags/example_bash_operator.py took 0.074 seconds
[2025-11-08T11:22:35.822+0000] {processor.py:186} INFO - Started process (PID=134) to work on /home/airflow/.local/lib/python3.12/site-packages/airflow/example_dags/example_bash_operator.py
[2025-11-08T11:22:35.823+0000] {processor.py:914} INFO - Processing file /home/airflow/.local/lib/python3.12/site-packages/airflow/example_dags/example_bash_operator.py for tasks to queue
[2025-11-08T11:22:35.824+0000] {logging_mixin.py:190} INFO - [2025-11-08T11:22:35.824+0000] {dagbag.py:588} INFO - Filling up the DagBag from /home/airflow/.local/lib/python3.12/site-packages/airflow/example_dags/example_bash_operator.py
[2025-11-08T11:22:35.831+0000] {processor.py:925} INFO - DAG(s) 'example_bash_operator' retrieved from /home/airflow/.local/lib/python3.12/site-packages/airflow/example_dags/example_bash_operator.py
[2025-11-08T11:22:35.854+0000] {logging_mixin.py:190} INFO - [2025-11-08T11:22:35.854+0000] {dag.py:3239} INFO - Sync 1 DAGs
[2025-11-08T11:22:35.870+0000] {logging_mixin.py:190} INFO - [2025-11-08T11:22:35.869+0000] {dag.py:4180} INFO - Setting next_dagrun for example_bash_operator to 2025-11-07 00:00:00+00:00, run_after=2025-11-08 00:00:00+00:00
[2025-11-08T11:22:35.880+0000] {processor.py:208} INFO - Processing /home/airflow/.local/lib/python3.12/site-packages/airflow/example_dags/example_bash_operator.py took 0.060 seconds
[2025-11-08T11:23:06.959+0000] {processor.py:186} INFO - Started process (PID=198) to work on /home/airflow/.local/lib/python3.12/site-packages/airflow/example_dags/example_bash_operator.py
[2025-11-08T11:23:06.961+0000] {processor.py:914} INFO - Processing file /home/airflow/.local/lib/python3.12/site-packages/airflow/example_dags/example_bash_operator.py for tasks to queue
[2025-11-08T11:23:06.964+0000] {logging_mixin.py:190} INFO - [2025-11-08T11:23:06.963+0000] {dagbag.py:588} INFO - Filling up the DagBag from /home/airflow/.local/lib/python3.12/site-packages/airflow/example_dags/example_bash_operator.py
[2025-11-08T11:23:06.973+0000] {processor.py:925} INFO - DAG(s) 'example_bash_operator' retrieved from /home/airflow/.local/lib/python3.12/site-packages/airflow/example_dags/example_bash_operator.py
[2025-11-08T11:23:06.988+0000] {logging_mixin.py:190} INFO - [2025-11-08T11:23:06.987+0000] {dag.py:3239} INFO - Sync 1 DAGs
[2025-11-08T11:23:07.000+0000] {logging_mixin.py:190} INFO - [2025-11-08T11:23:07.000+0000] {dag.py:4180} INFO - Setting next_dagrun for example_bash_operator to 2025-11-07 00:00:00+00:00, run_after=2025-11-08 00:00:00+00:00
[2025-11-08T11:23:07.013+0000] {processor.py:208} INFO - Processing /home/airflow/.local/lib/python3.12/site-packages/airflow/example_dags/example_bash_operator.py took 0.059 seconds
[2025-11-08T11:23:38.067+0000] {processor.py:186} INFO - Started process (PID=268) to work on /home/airflow/.local/lib/python3.12/site-packages/airflow/example_dags/example_bash_operator.py
[2025-11-08T11:23:38.067+0000] {processor.py:914} INFO - Processing file /home/airflow/.local/lib/python3.12/site-packages/airflow/example_dags/example_bash_operator.py for tasks to queue
[2025-11-08T11:23:38.068+0000] {logging_mixin.py:190} INFO - [2025-11-08T11:23:38.068+0000] {dagbag.py:588} INFO - Filling up the DagBag from /home/airflow/.local/lib/python3.12/site-packages/airflow/example_dags/example_bash_operator.py
[2025-11-08T11:23:38.076+0000] {processor.py:925} INFO - DAG(s) 'example_bash_operator' retrieved from /home/airflow/.local/lib/python3.12/site-packages/airflow/example_dags/example_bash_operator.py
[2025-11-08T11:23:38.090+0000] {logging_mixin.py:190} INFO - [2025-11-08T11:23:38.089+0000] {dag.py:3239} INFO - Sync 1 DAGs
[2025-11-08T11:23:38.103+0000] {logging_mixin.py:190} INFO - [2025-11-08T11:23:38.103+0000] {dag.py:4180} INFO - Setting next_dagrun for example_bash_operator to 2025-11-07 00:00:00+00:00, run_after=2025-11-08 00:00:00+00:00
[2025-11-08T11:23:38.115+0000] {processor.py:208} INFO - Processing /home/airflow/.local/lib/python3.12/site-packages/airflow/example_dags/example_bash_operator.py took 0.052 seconds
[2025-11-08T11:24:09.166+0000] {processor.py:186} INFO - Started process (PID=332) to work on /home/airflow/.local/lib/python3.12/site-packages/airflow/example_dags/example_bash_operator.py
[2025-11-08T11:24:09.167+0000] {processor.py:914} INFO - Processing file /home/airflow/.local/lib/python3.12/site-packages/airflow/example_dags/example_bash_operator.py for tasks to queue
[2025-11-08T11:24:09.169+0000] {logging_mixin.py:190} INFO - [2025-11-08T11:24:09.168+0000] {dagbag.py:588} INFO - Filling up the DagBag from /home/airflow/.local/lib/python3.12/site-packages/airflow/example_dags/example_bash_operator.py
[2025-11-08T11:24:09.176+0000] {processor.py:925} INFO - DAG(s) 'example_bash_operator' retrieved from /home/airflow/.local/lib/python3.12/site-packages/airflow/example_dags/example_bash_operator.py
[2025-11-08T11:24:09.190+0000] {logging_mixin.py:190} INFO - [2025-11-08T11:24:09.190+0000] {dag.py:3239} INFO - Sync 1 DAGs
[2025-11-08T11:24:09.204+0000] {logging_mixin.py:190} INFO - [2025-11-08T11:24:09.204+0000] {dag.py:4180} INFO - Setting next_dagrun for example_bash_operator to 2025-11-07 00:00:00+00:00, run_after=2025-11-08 00:00:00+00:00
[2025-11-08T11:24:09.216+0000] {processor.py:208} INFO - Processing /home/airflow/.local/lib/python3.12/site-packages/airflow/example_dags/example_bash_operator.py took 0.054 seconds
[2025-11-08T11:24:40.353+0000] {processor.py:186} INFO - Started process (PID=396) to work on /home/airflow/.local/lib/python3.12/site-packages/airflow/example_dags/example_bash_operator.py
[2025-11-08T11:24:40.353+0000] {processor.py:914} INFO - Processing file /home/airflow/.local/lib/python3.12/site-packages/airflow/example_dags/example_bash_operator.py for tasks to queue
[2025-11-08T11:24:40.354+0000] {logging_mixin.py:190} INFO - [2025-11-08T11:24:40.354+0000] {dagbag.py:588} INFO - Filling up the DagBag from /home/airflow/.local/lib/python3.12/site-packages/airflow/example_dags/example_bash_operator.py
[2025-11-08T11:24:40.361+0000] {processor.py:925} INFO - DAG(s) 'example_bash_operator' retrieved from /home/airflow/.local/lib/python3.12/site-packages/airflow/example_dags/example_bash_operator.py
[2025-11-08T11:24:40.383+0000] {logging_mixin.py:190} INFO - [2025-11-08T11:24:40.382+0000] {dag.py:3239} INFO - Sync 1 DAGs
[2025-11-08T11:24:40.396+0000] {logging_mixin.py:190} INFO - [2025-11-08T11:24:40.396+0000] {dag.py:4180} INFO - Setting next_dagrun for example_bash_operator to 2025-11-07 00:00:00+00:00, run_after=2025-11-08 00:00:00+00:00
[2025-11-08T11:24:40.408+0000] {processor.py:208} INFO - Processing /home/airflow/.local/lib/python3.12/site-packages/airflow/example_dags/example_bash_operator.py took 0.059 seconds
[2025-11-08T11:25:11.640+0000] {processor.py:186} INFO - Started process (PID=460) to work on /home/airflow/.local/lib/python3.12/site-packages/airflow/example_dags/example_bash_operator.py
[2025-11-08T11:25:11.640+0000] {processor.py:914} INFO - Processing file /home/airflow/.local/lib/python3.12/site-packages/airflow/example_dags/example_bash_operator.py for tasks to queue
[2025-11-08T11:25:11.642+0000] {logging_mixin.py:190} INFO - [2025-11-08T11:25:11.642+0000] {dagbag.py:588} INFO - Filling up the DagBag from /home/airflow/.local/lib/python3.12/site-packages/airflow/example_dags/example_bash_operator.py
[2025-11-08T11:25:11.652+0000] {processor.py:925} INFO - DAG(s) 'example_bash_operator' retrieved from /home/airflow/.local/lib/python3.12/site-packages/airflow/example_dags/example_bash_operator.py
[2025-11-08T11:25:11.670+0000] {logging_mixin.py:190} INFO - [2025-11-08T11:25:11.669+0000] {dag.py:3239} INFO - Sync 1 DAGs
[2025-11-08T11:25:11.682+0000] {logging_mixin.py:190} INFO - [2025-11-08T11:25:11.682+0000] {dag.py:4180} INFO - Setting next_dagrun for example_bash_operator to 2025-11-07 00:00:00+00:00, run_after=2025-11-08 00:00:00+00:00
[2025-11-08T11:25:11.692+0000] {processor.py:208} INFO - Processing /home/airflow/.local/lib/python3.12/site-packages/airflow/example_dags/example_bash_operator.py took 0.057 seconds
[2025-11-08T11:25:42.895+0000] {processor.py:186} INFO - Started process (PID=524) to work on /home/airflow/.local/lib/python3.12/site-packages/airflow/example_dags/example_bash_operator.py
[2025-11-08T11:25:42.896+0000] {processor.py:914} INFO - Processing file /home/airflow/.local/lib/python3.12/site-packages/airflow/example_dags/example_bash_operator.py for tasks to queue
[2025-11-08T11:25:42.897+0000] {logging_mixin.py:190} INFO - [2025-11-08T11:25:42.897+0000] {dagbag.py:588} INFO - Filling up the DagBag from /home/airflow/.local/lib/python3.12/site-packages/airflow/example_dags/example_bash_operator.py
[2025-11-08T11:25:42.907+0000] {processor.py:925} INFO - DAG(s) 'example_bash_operator' retrieved from /home/airflow/.local/lib/python3.12/site-packages/airflow/example_dags/example_bash_operator.py
[2025-11-08T11:25:42.923+0000] {logging_mixin.py:190} INFO - [2025-11-08T11:25:42.923+0000] {dag.py:3239} INFO - Sync 1 DAGs
[2025-11-08T11:25:42.935+0000] {logging_mixin.py:190} INFO - [2025-11-08T11:25:42.935+0000] {dag.py:4180} INFO - Setting next_dagrun for example_bash_operator to 2025-11-07 00:00:00+00:00, run_after=2025-11-08 00:00:00+00:00
[2025-11-08T11:25:42.947+0000] {processor.py:208} INFO - Processing /home/airflow/.local/lib/python3.12/site-packages/airflow/example_dags/example_bash_operator.py took 0.057 seconds
[2025-11-08T11:26:14.013+0000] {processor.py:186} INFO - Started process (PID=588) to work on /home/airflow/.local/lib/python3.12/site-packages/airflow/example_dags/example_bash_operator.py
[2025-11-08T11:26:14.014+0000] {processor.py:914} INFO - Processing file /home/airflow/.local/lib/python3.12/site-packages/airflow/example_dags/example_bash_operator.py for tasks to queue
[2025-11-08T11:26:14.015+0000] {logging_mixin.py:190} INFO - [2025-11-08T11:26:14.015+0000] {dagbag.py:588} INFO - Filling up the DagBag from /home/airflow/.local/lib/python3.12/site-packages/airflow/example_dags/example_bash_operator.py
[2025-11-08T11:26:14.022+0000] {processor.py:925} INFO - DAG(s) 'example_bash_operator' retrieved from /home/airflow/.local/lib/python3.12/site-packages/airflow/example_dags/example_bash_operator.py
[2025-11-08T11:26:14.037+0000] {logging_mixin.py:190} INFO - [2025-11-08T11:26:14.036+0000] {dag.py:3239} INFO - Sync 1 DAGs
[2025-11-08T11:26:14.051+0000] {logging_mixin.py:190} INFO - [2025-11-08T11:26:14.051+0000] {dag.py:4180} INFO - Setting next_dagrun for example_bash_operator to 2025-11-07 00:00:00+00:00, run_after=2025-11-08 00:00:00+00:00
[2025-11-08T11:26:14.068+0000] {processor.py:208} INFO - Processing /home/airflow/.local/lib/python3.12/site-packages/airflow/example_dags/example_bash_operator.py took 0.059 seconds
[2025-11-08T11:26:45.369+0000] {processor.py:186} INFO - Started process (PID=652) to work on /home/airflow/.local/lib/python3.12/site-packages/airflow/example_dags/example_bash_operator.py
[2025-11-08T11:26:45.371+0000] {processor.py:914} INFO - Processing file /home/airflow/.local/lib/python3.12/site-packages/airflow/example_dags/example_bash_operator.py for tasks to queue
[2025-11-08T11:26:45.372+0000] {logging_mixin.py:190} INFO - [2025-11-08T11:26:45.372+0000] {dagbag.py:588} INFO - Filling up the DagBag from /home/airflow/.local/lib/python3.12/site-packages/airflow/example_dags/example_bash_operator.py
[2025-11-08T11:26:45.379+0000] {processor.py:925} INFO - DAG(s) 'example_bash_operator' retrieved from /home/airflow/.local/lib/python3.12/site-packages/airflow/example_dags/example_bash_operator.py
[2025-11-08T11:26:45.394+0000] {logging_mixin.py:190} INFO - [2025-11-08T11:26:45.393+0000] {dag.py:3239} INFO - Sync 1 DAGs
[2025-11-08T11:26:45.408+0000] {logging_mixin.py:190} INFO - [2025-11-08T11:26:45.407+0000] {dag.py:4180} INFO - Setting next_dagrun for example_bash_operator to 2025-11-07 00:00:00+00:00, run_after=2025-11-08 00:00:00+00:00
[2025-11-08T11:26:45.419+0000] {processor.py:208} INFO - Processing /home/airflow/.local/lib/python3.12/site-packages/airflow/example_dags/example_bash_operator.py took 0.055 seconds
[2025-11-08T11:27:16.490+0000] {processor.py:186} INFO - Started process (PID=716) to work on /home/airflow/.local/lib/python3.12/site-packages/airflow/example_dags/example_bash_operator.py
[2025-11-08T11:27:16.490+0000] {processor.py:914} INFO - Processing file /home/airflow/.local/lib/python3.12/site-packages/airflow/example_dags/example_bash_operator.py for tasks to queue
[2025-11-08T11:27:16.491+0000] {logging_mixin.py:190} INFO - [2025-11-08T11:27:16.491+0000] {dagbag.py:588} INFO - Filling up the DagBag from /home/airflow/.local/lib/python3.12/site-packages/airflow/example_dags/example_bash_operator.py
[2025-11-08T11:27:16.498+0000] {processor.py:925} INFO - DAG(s) 'example_bash_operator' retrieved from /home/airflow/.local/lib/python3.12/site-packages/airflow/example_dags/example_bash_operator.py
[2025-11-08T11:27:16.513+0000] {logging_mixin.py:190} INFO - [2025-11-08T11:27:16.513+0000] {dag.py:3239} INFO - Sync 1 DAGs
[2025-11-08T11:27:16.526+0000] {logging_mixin.py:190} INFO - [2025-11-08T11:27:16.526+0000] {dag.py:4180} INFO - Setting next_dagrun for example_bash_operator to 2025-11-07 00:00:00+00:00, run_after=2025-11-08 00:00:00+00:00
[2025-11-08T11:27:16.539+0000] {processor.py:208} INFO - Processing /home/airflow/.local/lib/python3.12/site-packages/airflow/example_dags/example_bash_operator.py took 0.052 seconds
[2025-11-08T11:27:47.634+0000] {processor.py:186} INFO - Started process (PID=780) to work on /home/airflow/.local/lib/python3.12/site-packages/airflow/example_dags/example_bash_operator.py
[2025-11-08T11:27:47.635+0000] {processor.py:914} INFO - Processing file /home/airflow/.local/lib/python3.12/site-packages/airflow/example_dags/example_bash_operator.py for tasks to queue
[2025-11-08T11:27:47.636+0000] {logging_mixin.py:190} INFO - [2025-11-08T11:27:47.636+0000] {dagbag.py:588} INFO - Filling up the DagBag from /home/airflow/.local/lib/python3.12/site-packages/airflow/example_dags/example_bash_operator.py
[2025-11-08T11:27:47.643+0000] {processor.py:925} INFO - DAG(s) 'example_bash_operator' retrieved from /home/airflow/.local/lib/python3.12/site-packages/airflow/example_dags/example_bash_operator.py
[2025-11-08T11:27:47.657+0000] {logging_mixin.py:190} INFO - [2025-11-08T11:27:47.657+0000] {dag.py:3239} INFO - Sync 1 DAGs
[2025-11-08T11:27:47.671+0000] {logging_mixin.py:190} INFO - [2025-11-08T11:27:47.671+0000] {dag.py:4180} INFO - Setting next_dagrun for example_bash_operator to 2025-11-07 00:00:00+00:00, run_after=2025-11-08 00:00:00+00:00
[2025-11-08T11:27:47.683+0000] {processor.py:208} INFO - Processing /home/airflow/.local/lib/python3.12/site-packages/airflow/example_dags/example_bash_operator.py took 0.053 seconds
[2025-11-08T11:28:19.060+0000] {processor.py:186} INFO - Started process (PID=844) to work on /home/airflow/.local/lib/python3.12/site-packages/airflow/example_dags/example_bash_operator.py
[2025-11-08T11:28:19.061+0000] {processor.py:914} INFO - Processing file /home/airflow/.local/lib/python3.12/site-packages/airflow/example_dags/example_bash_operator.py for tasks to queue
[2025-11-08T11:28:19.062+0000] {logging_mixin.py:190} INFO - [2025-11-08T11:28:19.062+0000] {dagbag.py:588} INFO - Filling up the DagBag from /home/airflow/.local/lib/python3.12/site-packages/airflow/example_dags/example_bash_operator.py
[2025-11-08T11:28:19.070+0000] {processor.py:925} INFO - DAG(s) 'example_bash_operator' retrieved from /home/airflow/.local/lib/python3.12/site-packages/airflow/example_dags/example_bash_operator.py
[2025-11-08T11:28:19.091+0000] {logging_mixin.py:190} INFO - [2025-11-08T11:28:19.091+0000] {dag.py:3239} INFO - Sync 1 DAGs
[2025-11-08T11:28:19.108+0000] {logging_mixin.py:190} INFO - [2025-11-08T11:28:19.108+0000] {dag.py:4180} INFO - Setting next_dagrun for example_bash_operator to 2025-11-07 00:00:00+00:00, run_after=2025-11-08 00:00:00+00:00
[2025-11-08T11:28:19.118+0000] {processor.py:208} INFO - Processing /home/airflow/.local/lib/python3.12/site-packages/airflow/example_dags/example_bash_operator.py took 0.062 seconds
