[2025-11-08T11:22:07.065+0000] {processor.py:186} INFO - Started process (PID=94) to work on /home/airflow/.local/lib/python3.12/site-packages/airflow/example_dags/example_dataset_alias_with_no_taskflow.py
[2025-11-08T11:22:07.065+0000] {processor.py:914} INFO - Processing file /home/airflow/.local/lib/python3.12/site-packages/airflow/example_dags/example_dataset_alias_with_no_taskflow.py for tasks to queue
[2025-11-08T11:22:07.066+0000] {logging_mixin.py:190} INFO - [2025-11-08T11:22:07.066+0000] {dagbag.py:588} INFO - Filling up the DagBag from /home/airflow/.local/lib/python3.12/site-packages/airflow/example_dags/example_dataset_alias_with_no_taskflow.py
[2025-11-08T11:22:07.279+0000] {processor.py:925} INFO - DAG(s) 'dataset_alias_example_alias_producer_with_no_taskflow', 'dataset_s3_bucket_consumer_with_no_taskflow', 'dataset_alias_example_alias_consumer_with_no_taskflow', 'dataset_s3_bucket_producer_with_no_taskflow' retrieved from /home/airflow/.local/lib/python3.12/site-packages/airflow/example_dags/example_dataset_alias_with_no_taskflow.py
[2025-11-08T11:22:07.396+0000] {logging_mixin.py:190} INFO - [2025-11-08T11:22:07.395+0000] {dag.py:3239} INFO - Sync 4 DAGs
[2025-11-08T11:22:07.408+0000] {logging_mixin.py:190} INFO - [2025-11-08T11:22:07.407+0000] {dag.py:4180} INFO - Setting next_dagrun for dataset_alias_example_alias_consumer_with_no_taskflow to None, run_after=None
[2025-11-08T11:22:07.410+0000] {logging_mixin.py:190} INFO - [2025-11-08T11:22:07.410+0000] {dag.py:4180} INFO - Setting next_dagrun for dataset_alias_example_alias_producer_with_no_taskflow to None, run_after=None
[2025-11-08T11:22:07.411+0000] {logging_mixin.py:190} INFO - [2025-11-08T11:22:07.411+0000] {dag.py:4180} INFO - Setting next_dagrun for dataset_s3_bucket_consumer_with_no_taskflow to None, run_after=None
[2025-11-08T11:22:07.412+0000] {logging_mixin.py:190} INFO - [2025-11-08T11:22:07.412+0000] {dag.py:4180} INFO - Setting next_dagrun for dataset_s3_bucket_producer_with_no_taskflow to None, run_after=None
[2025-11-08T11:22:07.425+0000] {processor.py:208} INFO - Processing /home/airflow/.local/lib/python3.12/site-packages/airflow/example_dags/example_dataset_alias_with_no_taskflow.py took 0.363 seconds
[2025-11-08T11:22:37.816+0000] {processor.py:186} INFO - Started process (PID=158) to work on /home/airflow/.local/lib/python3.12/site-packages/airflow/example_dags/example_dataset_alias_with_no_taskflow.py
[2025-11-08T11:22:37.816+0000] {processor.py:914} INFO - Processing file /home/airflow/.local/lib/python3.12/site-packages/airflow/example_dags/example_dataset_alias_with_no_taskflow.py for tasks to queue
[2025-11-08T11:22:37.818+0000] {logging_mixin.py:190} INFO - [2025-11-08T11:22:37.818+0000] {dagbag.py:588} INFO - Filling up the DagBag from /home/airflow/.local/lib/python3.12/site-packages/airflow/example_dags/example_dataset_alias_with_no_taskflow.py
[2025-11-08T11:22:38.137+0000] {processor.py:925} INFO - DAG(s) 'dataset_alias_example_alias_consumer_with_no_taskflow', 'dataset_s3_bucket_consumer_with_no_taskflow', 'dataset_s3_bucket_producer_with_no_taskflow', 'dataset_alias_example_alias_producer_with_no_taskflow' retrieved from /home/airflow/.local/lib/python3.12/site-packages/airflow/example_dags/example_dataset_alias_with_no_taskflow.py
[2025-11-08T11:22:38.147+0000] {logging_mixin.py:190} INFO - [2025-11-08T11:22:38.146+0000] {dag.py:3239} INFO - Sync 4 DAGs
[2025-11-08T11:22:38.158+0000] {logging_mixin.py:190} INFO - [2025-11-08T11:22:38.158+0000] {dag.py:4180} INFO - Setting next_dagrun for dataset_alias_example_alias_consumer_with_no_taskflow to None, run_after=None
[2025-11-08T11:22:38.160+0000] {logging_mixin.py:190} INFO - [2025-11-08T11:22:38.160+0000] {dag.py:4180} INFO - Setting next_dagrun for dataset_alias_example_alias_producer_with_no_taskflow to None, run_after=None
[2025-11-08T11:22:38.161+0000] {logging_mixin.py:190} INFO - [2025-11-08T11:22:38.161+0000] {dag.py:4180} INFO - Setting next_dagrun for dataset_s3_bucket_consumer_with_no_taskflow to None, run_after=None
[2025-11-08T11:22:38.162+0000] {logging_mixin.py:190} INFO - [2025-11-08T11:22:38.162+0000] {dag.py:4180} INFO - Setting next_dagrun for dataset_s3_bucket_producer_with_no_taskflow to None, run_after=None
[2025-11-08T11:22:38.173+0000] {processor.py:208} INFO - Processing /home/airflow/.local/lib/python3.12/site-packages/airflow/example_dags/example_dataset_alias_with_no_taskflow.py took 0.361 seconds
[2025-11-08T11:23:09.319+0000] {processor.py:186} INFO - Started process (PID=231) to work on /home/airflow/.local/lib/python3.12/site-packages/airflow/example_dags/example_dataset_alias_with_no_taskflow.py
[2025-11-08T11:23:09.319+0000] {processor.py:914} INFO - Processing file /home/airflow/.local/lib/python3.12/site-packages/airflow/example_dags/example_dataset_alias_with_no_taskflow.py for tasks to queue
[2025-11-08T11:23:09.320+0000] {logging_mixin.py:190} INFO - [2025-11-08T11:23:09.320+0000] {dagbag.py:588} INFO - Filling up the DagBag from /home/airflow/.local/lib/python3.12/site-packages/airflow/example_dags/example_dataset_alias_with_no_taskflow.py
[2025-11-08T11:23:09.639+0000] {processor.py:925} INFO - DAG(s) 'dataset_s3_bucket_producer_with_no_taskflow', 'dataset_alias_example_alias_consumer_with_no_taskflow', 'dataset_alias_example_alias_producer_with_no_taskflow', 'dataset_s3_bucket_consumer_with_no_taskflow' retrieved from /home/airflow/.local/lib/python3.12/site-packages/airflow/example_dags/example_dataset_alias_with_no_taskflow.py
[2025-11-08T11:23:09.650+0000] {logging_mixin.py:190} INFO - [2025-11-08T11:23:09.650+0000] {dag.py:3239} INFO - Sync 4 DAGs
[2025-11-08T11:23:09.662+0000] {logging_mixin.py:190} INFO - [2025-11-08T11:23:09.662+0000] {dag.py:4180} INFO - Setting next_dagrun for dataset_alias_example_alias_consumer_with_no_taskflow to None, run_after=None
[2025-11-08T11:23:09.663+0000] {logging_mixin.py:190} INFO - [2025-11-08T11:23:09.663+0000] {dag.py:4180} INFO - Setting next_dagrun for dataset_alias_example_alias_producer_with_no_taskflow to None, run_after=None
[2025-11-08T11:23:09.664+0000] {logging_mixin.py:190} INFO - [2025-11-08T11:23:09.664+0000] {dag.py:4180} INFO - Setting next_dagrun for dataset_s3_bucket_consumer_with_no_taskflow to None, run_after=None
[2025-11-08T11:23:09.665+0000] {logging_mixin.py:190} INFO - [2025-11-08T11:23:09.665+0000] {dag.py:4180} INFO - Setting next_dagrun for dataset_s3_bucket_producer_with_no_taskflow to None, run_after=None
[2025-11-08T11:23:09.676+0000] {processor.py:208} INFO - Processing /home/airflow/.local/lib/python3.12/site-packages/airflow/example_dags/example_dataset_alias_with_no_taskflow.py took 0.361 seconds
[2025-11-08T11:23:40.379+0000] {processor.py:186} INFO - Started process (PID=292) to work on /home/airflow/.local/lib/python3.12/site-packages/airflow/example_dags/example_dataset_alias_with_no_taskflow.py
[2025-11-08T11:23:40.379+0000] {processor.py:914} INFO - Processing file /home/airflow/.local/lib/python3.12/site-packages/airflow/example_dags/example_dataset_alias_with_no_taskflow.py for tasks to queue
[2025-11-08T11:23:40.380+0000] {logging_mixin.py:190} INFO - [2025-11-08T11:23:40.380+0000] {dagbag.py:588} INFO - Filling up the DagBag from /home/airflow/.local/lib/python3.12/site-packages/airflow/example_dags/example_dataset_alias_with_no_taskflow.py
[2025-11-08T11:23:40.716+0000] {processor.py:925} INFO - DAG(s) 'dataset_s3_bucket_consumer_with_no_taskflow', 'dataset_alias_example_alias_consumer_with_no_taskflow', 'dataset_s3_bucket_producer_with_no_taskflow', 'dataset_alias_example_alias_producer_with_no_taskflow' retrieved from /home/airflow/.local/lib/python3.12/site-packages/airflow/example_dags/example_dataset_alias_with_no_taskflow.py
[2025-11-08T11:23:40.727+0000] {logging_mixin.py:190} INFO - [2025-11-08T11:23:40.726+0000] {dag.py:3239} INFO - Sync 4 DAGs
[2025-11-08T11:23:40.739+0000] {logging_mixin.py:190} INFO - [2025-11-08T11:23:40.738+0000] {dag.py:4180} INFO - Setting next_dagrun for dataset_alias_example_alias_consumer_with_no_taskflow to None, run_after=None
[2025-11-08T11:23:40.740+0000] {logging_mixin.py:190} INFO - [2025-11-08T11:23:40.740+0000] {dag.py:4180} INFO - Setting next_dagrun for dataset_alias_example_alias_producer_with_no_taskflow to None, run_after=None
[2025-11-08T11:23:40.741+0000] {logging_mixin.py:190} INFO - [2025-11-08T11:23:40.741+0000] {dag.py:4180} INFO - Setting next_dagrun for dataset_s3_bucket_consumer_with_no_taskflow to None, run_after=None
[2025-11-08T11:23:40.741+0000] {logging_mixin.py:190} INFO - [2025-11-08T11:23:40.741+0000] {dag.py:4180} INFO - Setting next_dagrun for dataset_s3_bucket_producer_with_no_taskflow to None, run_after=None
[2025-11-08T11:23:40.752+0000] {processor.py:208} INFO - Processing /home/airflow/.local/lib/python3.12/site-packages/airflow/example_dags/example_dataset_alias_with_no_taskflow.py took 0.377 seconds
[2025-11-08T11:24:11.539+0000] {processor.py:186} INFO - Started process (PID=356) to work on /home/airflow/.local/lib/python3.12/site-packages/airflow/example_dags/example_dataset_alias_with_no_taskflow.py
[2025-11-08T11:24:11.540+0000] {processor.py:914} INFO - Processing file /home/airflow/.local/lib/python3.12/site-packages/airflow/example_dags/example_dataset_alias_with_no_taskflow.py for tasks to queue
[2025-11-08T11:24:11.541+0000] {logging_mixin.py:190} INFO - [2025-11-08T11:24:11.541+0000] {dagbag.py:588} INFO - Filling up the DagBag from /home/airflow/.local/lib/python3.12/site-packages/airflow/example_dags/example_dataset_alias_with_no_taskflow.py
[2025-11-08T11:24:11.921+0000] {processor.py:925} INFO - DAG(s) 'dataset_alias_example_alias_producer_with_no_taskflow', 'dataset_alias_example_alias_consumer_with_no_taskflow', 'dataset_s3_bucket_producer_with_no_taskflow', 'dataset_s3_bucket_consumer_with_no_taskflow' retrieved from /home/airflow/.local/lib/python3.12/site-packages/airflow/example_dags/example_dataset_alias_with_no_taskflow.py
[2025-11-08T11:24:11.943+0000] {logging_mixin.py:190} INFO - [2025-11-08T11:24:11.942+0000] {dag.py:3239} INFO - Sync 4 DAGs
[2025-11-08T11:24:11.960+0000] {logging_mixin.py:190} INFO - [2025-11-08T11:24:11.960+0000] {dag.py:4180} INFO - Setting next_dagrun for dataset_alias_example_alias_consumer_with_no_taskflow to None, run_after=None
[2025-11-08T11:24:11.962+0000] {logging_mixin.py:190} INFO - [2025-11-08T11:24:11.962+0000] {dag.py:4180} INFO - Setting next_dagrun for dataset_alias_example_alias_producer_with_no_taskflow to None, run_after=None
[2025-11-08T11:24:11.963+0000] {logging_mixin.py:190} INFO - [2025-11-08T11:24:11.962+0000] {dag.py:4180} INFO - Setting next_dagrun for dataset_s3_bucket_consumer_with_no_taskflow to None, run_after=None
[2025-11-08T11:24:11.964+0000] {logging_mixin.py:190} INFO - [2025-11-08T11:24:11.963+0000] {dag.py:4180} INFO - Setting next_dagrun for dataset_s3_bucket_producer_with_no_taskflow to None, run_after=None
[2025-11-08T11:24:11.984+0000] {processor.py:208} INFO - Processing /home/airflow/.local/lib/python3.12/site-packages/airflow/example_dags/example_dataset_alias_with_no_taskflow.py took 0.449 seconds
[2025-11-08T11:24:42.782+0000] {processor.py:186} INFO - Started process (PID=420) to work on /home/airflow/.local/lib/python3.12/site-packages/airflow/example_dags/example_dataset_alias_with_no_taskflow.py
[2025-11-08T11:24:42.784+0000] {processor.py:914} INFO - Processing file /home/airflow/.local/lib/python3.12/site-packages/airflow/example_dags/example_dataset_alias_with_no_taskflow.py for tasks to queue
[2025-11-08T11:24:42.785+0000] {logging_mixin.py:190} INFO - [2025-11-08T11:24:42.785+0000] {dagbag.py:588} INFO - Filling up the DagBag from /home/airflow/.local/lib/python3.12/site-packages/airflow/example_dags/example_dataset_alias_with_no_taskflow.py
[2025-11-08T11:24:43.116+0000] {processor.py:925} INFO - DAG(s) 'dataset_alias_example_alias_consumer_with_no_taskflow', 'dataset_alias_example_alias_producer_with_no_taskflow', 'dataset_s3_bucket_producer_with_no_taskflow', 'dataset_s3_bucket_consumer_with_no_taskflow' retrieved from /home/airflow/.local/lib/python3.12/site-packages/airflow/example_dags/example_dataset_alias_with_no_taskflow.py
[2025-11-08T11:24:43.129+0000] {logging_mixin.py:190} INFO - [2025-11-08T11:24:43.128+0000] {dag.py:3239} INFO - Sync 4 DAGs
[2025-11-08T11:24:43.143+0000] {logging_mixin.py:190} INFO - [2025-11-08T11:24:43.143+0000] {dag.py:4180} INFO - Setting next_dagrun for dataset_alias_example_alias_consumer_with_no_taskflow to None, run_after=None
[2025-11-08T11:24:43.145+0000] {logging_mixin.py:190} INFO - [2025-11-08T11:24:43.144+0000] {dag.py:4180} INFO - Setting next_dagrun for dataset_alias_example_alias_producer_with_no_taskflow to None, run_after=None
[2025-11-08T11:24:43.145+0000] {logging_mixin.py:190} INFO - [2025-11-08T11:24:43.145+0000] {dag.py:4180} INFO - Setting next_dagrun for dataset_s3_bucket_consumer_with_no_taskflow to None, run_after=None
[2025-11-08T11:24:43.146+0000] {logging_mixin.py:190} INFO - [2025-11-08T11:24:43.146+0000] {dag.py:4180} INFO - Setting next_dagrun for dataset_s3_bucket_producer_with_no_taskflow to None, run_after=None
[2025-11-08T11:24:43.158+0000] {processor.py:208} INFO - Processing /home/airflow/.local/lib/python3.12/site-packages/airflow/example_dags/example_dataset_alias_with_no_taskflow.py took 0.380 seconds
[2025-11-08T11:25:13.219+0000] {processor.py:186} INFO - Started process (PID=489) to work on /home/airflow/.local/lib/python3.12/site-packages/airflow/example_dags/example_dataset_alias_with_no_taskflow.py
[2025-11-08T11:25:13.219+0000] {processor.py:914} INFO - Processing file /home/airflow/.local/lib/python3.12/site-packages/airflow/example_dags/example_dataset_alias_with_no_taskflow.py for tasks to queue
[2025-11-08T11:25:13.221+0000] {logging_mixin.py:190} INFO - [2025-11-08T11:25:13.221+0000] {dagbag.py:588} INFO - Filling up the DagBag from /home/airflow/.local/lib/python3.12/site-packages/airflow/example_dags/example_dataset_alias_with_no_taskflow.py
[2025-11-08T11:25:13.541+0000] {processor.py:925} INFO - DAG(s) 'dataset_alias_example_alias_producer_with_no_taskflow', 'dataset_s3_bucket_consumer_with_no_taskflow', 'dataset_s3_bucket_producer_with_no_taskflow', 'dataset_alias_example_alias_consumer_with_no_taskflow' retrieved from /home/airflow/.local/lib/python3.12/site-packages/airflow/example_dags/example_dataset_alias_with_no_taskflow.py
[2025-11-08T11:25:13.555+0000] {logging_mixin.py:190} INFO - [2025-11-08T11:25:13.555+0000] {dag.py:3239} INFO - Sync 4 DAGs
[2025-11-08T11:25:13.567+0000] {logging_mixin.py:190} INFO - [2025-11-08T11:25:13.567+0000] {dag.py:4180} INFO - Setting next_dagrun for dataset_alias_example_alias_consumer_with_no_taskflow to None, run_after=None
[2025-11-08T11:25:13.568+0000] {logging_mixin.py:190} INFO - [2025-11-08T11:25:13.568+0000] {dag.py:4180} INFO - Setting next_dagrun for dataset_alias_example_alias_producer_with_no_taskflow to None, run_after=None
[2025-11-08T11:25:13.569+0000] {logging_mixin.py:190} INFO - [2025-11-08T11:25:13.569+0000] {dag.py:4180} INFO - Setting next_dagrun for dataset_s3_bucket_consumer_with_no_taskflow to None, run_after=None
[2025-11-08T11:25:13.570+0000] {logging_mixin.py:190} INFO - [2025-11-08T11:25:13.570+0000] {dag.py:4180} INFO - Setting next_dagrun for dataset_s3_bucket_producer_with_no_taskflow to None, run_after=None
[2025-11-08T11:25:13.586+0000] {processor.py:208} INFO - Processing /home/airflow/.local/lib/python3.12/site-packages/airflow/example_dags/example_dataset_alias_with_no_taskflow.py took 0.373 seconds
[2025-11-08T11:25:44.066+0000] {processor.py:186} INFO - Started process (PID=548) to work on /home/airflow/.local/lib/python3.12/site-packages/airflow/example_dags/example_dataset_alias_with_no_taskflow.py
[2025-11-08T11:25:44.068+0000] {processor.py:914} INFO - Processing file /home/airflow/.local/lib/python3.12/site-packages/airflow/example_dags/example_dataset_alias_with_no_taskflow.py for tasks to queue
[2025-11-08T11:25:44.069+0000] {logging_mixin.py:190} INFO - [2025-11-08T11:25:44.069+0000] {dagbag.py:588} INFO - Filling up the DagBag from /home/airflow/.local/lib/python3.12/site-packages/airflow/example_dags/example_dataset_alias_with_no_taskflow.py
[2025-11-08T11:25:44.386+0000] {processor.py:925} INFO - DAG(s) 'dataset_s3_bucket_consumer_with_no_taskflow', 'dataset_s3_bucket_producer_with_no_taskflow', 'dataset_alias_example_alias_consumer_with_no_taskflow', 'dataset_alias_example_alias_producer_with_no_taskflow' retrieved from /home/airflow/.local/lib/python3.12/site-packages/airflow/example_dags/example_dataset_alias_with_no_taskflow.py
[2025-11-08T11:25:44.398+0000] {logging_mixin.py:190} INFO - [2025-11-08T11:25:44.397+0000] {dag.py:3239} INFO - Sync 4 DAGs
[2025-11-08T11:25:44.409+0000] {logging_mixin.py:190} INFO - [2025-11-08T11:25:44.409+0000] {dag.py:4180} INFO - Setting next_dagrun for dataset_alias_example_alias_consumer_with_no_taskflow to None, run_after=None
[2025-11-08T11:25:44.410+0000] {logging_mixin.py:190} INFO - [2025-11-08T11:25:44.410+0000] {dag.py:4180} INFO - Setting next_dagrun for dataset_alias_example_alias_producer_with_no_taskflow to None, run_after=None
[2025-11-08T11:25:44.411+0000] {logging_mixin.py:190} INFO - [2025-11-08T11:25:44.411+0000] {dag.py:4180} INFO - Setting next_dagrun for dataset_s3_bucket_consumer_with_no_taskflow to None, run_after=None
[2025-11-08T11:25:44.412+0000] {logging_mixin.py:190} INFO - [2025-11-08T11:25:44.412+0000] {dag.py:4180} INFO - Setting next_dagrun for dataset_s3_bucket_producer_with_no_taskflow to None, run_after=None
[2025-11-08T11:25:44.425+0000] {processor.py:208} INFO - Processing /home/airflow/.local/lib/python3.12/site-packages/airflow/example_dags/example_dataset_alias_with_no_taskflow.py took 0.364 seconds
[2025-11-08T11:26:15.400+0000] {processor.py:186} INFO - Started process (PID=612) to work on /home/airflow/.local/lib/python3.12/site-packages/airflow/example_dags/example_dataset_alias_with_no_taskflow.py
[2025-11-08T11:26:15.400+0000] {processor.py:914} INFO - Processing file /home/airflow/.local/lib/python3.12/site-packages/airflow/example_dags/example_dataset_alias_with_no_taskflow.py for tasks to queue
[2025-11-08T11:26:15.401+0000] {logging_mixin.py:190} INFO - [2025-11-08T11:26:15.401+0000] {dagbag.py:588} INFO - Filling up the DagBag from /home/airflow/.local/lib/python3.12/site-packages/airflow/example_dags/example_dataset_alias_with_no_taskflow.py
[2025-11-08T11:26:15.715+0000] {processor.py:925} INFO - DAG(s) 'dataset_alias_example_alias_producer_with_no_taskflow', 'dataset_s3_bucket_producer_with_no_taskflow', 'dataset_alias_example_alias_consumer_with_no_taskflow', 'dataset_s3_bucket_consumer_with_no_taskflow' retrieved from /home/airflow/.local/lib/python3.12/site-packages/airflow/example_dags/example_dataset_alias_with_no_taskflow.py
[2025-11-08T11:26:15.725+0000] {logging_mixin.py:190} INFO - [2025-11-08T11:26:15.724+0000] {dag.py:3239} INFO - Sync 4 DAGs
[2025-11-08T11:26:15.737+0000] {logging_mixin.py:190} INFO - [2025-11-08T11:26:15.737+0000] {dag.py:4180} INFO - Setting next_dagrun for dataset_alias_example_alias_consumer_with_no_taskflow to None, run_after=None
[2025-11-08T11:26:15.739+0000] {logging_mixin.py:190} INFO - [2025-11-08T11:26:15.739+0000] {dag.py:4180} INFO - Setting next_dagrun for dataset_alias_example_alias_producer_with_no_taskflow to None, run_after=None
[2025-11-08T11:26:15.739+0000] {logging_mixin.py:190} INFO - [2025-11-08T11:26:15.739+0000] {dag.py:4180} INFO - Setting next_dagrun for dataset_s3_bucket_consumer_with_no_taskflow to None, run_after=None
[2025-11-08T11:26:15.740+0000] {logging_mixin.py:190} INFO - [2025-11-08T11:26:15.740+0000] {dag.py:4180} INFO - Setting next_dagrun for dataset_s3_bucket_producer_with_no_taskflow to None, run_after=None
[2025-11-08T11:26:15.750+0000] {processor.py:208} INFO - Processing /home/airflow/.local/lib/python3.12/site-packages/airflow/example_dags/example_dataset_alias_with_no_taskflow.py took 0.354 seconds
[2025-11-08T11:26:46.504+0000] {processor.py:186} INFO - Started process (PID=676) to work on /home/airflow/.local/lib/python3.12/site-packages/airflow/example_dags/example_dataset_alias_with_no_taskflow.py
[2025-11-08T11:26:46.504+0000] {processor.py:914} INFO - Processing file /home/airflow/.local/lib/python3.12/site-packages/airflow/example_dags/example_dataset_alias_with_no_taskflow.py for tasks to queue
[2025-11-08T11:26:46.505+0000] {logging_mixin.py:190} INFO - [2025-11-08T11:26:46.505+0000] {dagbag.py:588} INFO - Filling up the DagBag from /home/airflow/.local/lib/python3.12/site-packages/airflow/example_dags/example_dataset_alias_with_no_taskflow.py
[2025-11-08T11:26:46.834+0000] {processor.py:925} INFO - DAG(s) 'dataset_alias_example_alias_consumer_with_no_taskflow', 'dataset_s3_bucket_producer_with_no_taskflow', 'dataset_alias_example_alias_producer_with_no_taskflow', 'dataset_s3_bucket_consumer_with_no_taskflow' retrieved from /home/airflow/.local/lib/python3.12/site-packages/airflow/example_dags/example_dataset_alias_with_no_taskflow.py
[2025-11-08T11:26:46.853+0000] {logging_mixin.py:190} INFO - [2025-11-08T11:26:46.852+0000] {dag.py:3239} INFO - Sync 4 DAGs
[2025-11-08T11:26:46.866+0000] {logging_mixin.py:190} INFO - [2025-11-08T11:26:46.866+0000] {dag.py:4180} INFO - Setting next_dagrun for dataset_alias_example_alias_consumer_with_no_taskflow to None, run_after=None
[2025-11-08T11:26:46.868+0000] {logging_mixin.py:190} INFO - [2025-11-08T11:26:46.868+0000] {dag.py:4180} INFO - Setting next_dagrun for dataset_alias_example_alias_producer_with_no_taskflow to None, run_after=None
[2025-11-08T11:26:46.869+0000] {logging_mixin.py:190} INFO - [2025-11-08T11:26:46.868+0000] {dag.py:4180} INFO - Setting next_dagrun for dataset_s3_bucket_consumer_with_no_taskflow to None, run_after=None
[2025-11-08T11:26:46.869+0000] {logging_mixin.py:190} INFO - [2025-11-08T11:26:46.869+0000] {dag.py:4180} INFO - Setting next_dagrun for dataset_s3_bucket_producer_with_no_taskflow to None, run_after=None
[2025-11-08T11:26:46.885+0000] {processor.py:208} INFO - Processing /home/airflow/.local/lib/python3.12/site-packages/airflow/example_dags/example_dataset_alias_with_no_taskflow.py took 0.385 seconds
[2025-11-08T11:27:17.803+0000] {processor.py:186} INFO - Started process (PID=740) to work on /home/airflow/.local/lib/python3.12/site-packages/airflow/example_dags/example_dataset_alias_with_no_taskflow.py
[2025-11-08T11:27:17.805+0000] {processor.py:914} INFO - Processing file /home/airflow/.local/lib/python3.12/site-packages/airflow/example_dags/example_dataset_alias_with_no_taskflow.py for tasks to queue
[2025-11-08T11:27:17.806+0000] {logging_mixin.py:190} INFO - [2025-11-08T11:27:17.806+0000] {dagbag.py:588} INFO - Filling up the DagBag from /home/airflow/.local/lib/python3.12/site-packages/airflow/example_dags/example_dataset_alias_with_no_taskflow.py
[2025-11-08T11:27:18.130+0000] {processor.py:925} INFO - DAG(s) 'dataset_alias_example_alias_consumer_with_no_taskflow', 'dataset_s3_bucket_consumer_with_no_taskflow', 'dataset_s3_bucket_producer_with_no_taskflow', 'dataset_alias_example_alias_producer_with_no_taskflow' retrieved from /home/airflow/.local/lib/python3.12/site-packages/airflow/example_dags/example_dataset_alias_with_no_taskflow.py
[2025-11-08T11:27:18.141+0000] {logging_mixin.py:190} INFO - [2025-11-08T11:27:18.141+0000] {dag.py:3239} INFO - Sync 4 DAGs
[2025-11-08T11:27:18.154+0000] {logging_mixin.py:190} INFO - [2025-11-08T11:27:18.154+0000] {dag.py:4180} INFO - Setting next_dagrun for dataset_alias_example_alias_consumer_with_no_taskflow to None, run_after=None
[2025-11-08T11:27:18.157+0000] {logging_mixin.py:190} INFO - [2025-11-08T11:27:18.156+0000] {dag.py:4180} INFO - Setting next_dagrun for dataset_alias_example_alias_producer_with_no_taskflow to None, run_after=None
[2025-11-08T11:27:18.158+0000] {logging_mixin.py:190} INFO - [2025-11-08T11:27:18.158+0000] {dag.py:4180} INFO - Setting next_dagrun for dataset_s3_bucket_consumer_with_no_taskflow to None, run_after=None
[2025-11-08T11:27:18.159+0000] {logging_mixin.py:190} INFO - [2025-11-08T11:27:18.159+0000] {dag.py:4180} INFO - Setting next_dagrun for dataset_s3_bucket_producer_with_no_taskflow to None, run_after=None
[2025-11-08T11:27:18.173+0000] {processor.py:208} INFO - Processing /home/airflow/.local/lib/python3.12/site-packages/airflow/example_dags/example_dataset_alias_with_no_taskflow.py took 0.374 seconds
[2025-11-08T11:27:48.718+0000] {processor.py:186} INFO - Started process (PID=804) to work on /home/airflow/.local/lib/python3.12/site-packages/airflow/example_dags/example_dataset_alias_with_no_taskflow.py
[2025-11-08T11:27:48.718+0000] {processor.py:914} INFO - Processing file /home/airflow/.local/lib/python3.12/site-packages/airflow/example_dags/example_dataset_alias_with_no_taskflow.py for tasks to queue
[2025-11-08T11:27:48.719+0000] {logging_mixin.py:190} INFO - [2025-11-08T11:27:48.719+0000] {dagbag.py:588} INFO - Filling up the DagBag from /home/airflow/.local/lib/python3.12/site-packages/airflow/example_dags/example_dataset_alias_with_no_taskflow.py
[2025-11-08T11:27:49.038+0000] {processor.py:925} INFO - DAG(s) 'dataset_s3_bucket_consumer_with_no_taskflow', 'dataset_alias_example_alias_producer_with_no_taskflow', 'dataset_s3_bucket_producer_with_no_taskflow', 'dataset_alias_example_alias_consumer_with_no_taskflow' retrieved from /home/airflow/.local/lib/python3.12/site-packages/airflow/example_dags/example_dataset_alias_with_no_taskflow.py
[2025-11-08T11:27:49.049+0000] {logging_mixin.py:190} INFO - [2025-11-08T11:27:49.049+0000] {dag.py:3239} INFO - Sync 4 DAGs
[2025-11-08T11:27:49.061+0000] {logging_mixin.py:190} INFO - [2025-11-08T11:27:49.061+0000] {dag.py:4180} INFO - Setting next_dagrun for dataset_alias_example_alias_consumer_with_no_taskflow to None, run_after=None
[2025-11-08T11:27:49.063+0000] {logging_mixin.py:190} INFO - [2025-11-08T11:27:49.063+0000] {dag.py:4180} INFO - Setting next_dagrun for dataset_alias_example_alias_producer_with_no_taskflow to None, run_after=None
[2025-11-08T11:27:49.064+0000] {logging_mixin.py:190} INFO - [2025-11-08T11:27:49.063+0000] {dag.py:4180} INFO - Setting next_dagrun for dataset_s3_bucket_consumer_with_no_taskflow to None, run_after=None
[2025-11-08T11:27:49.064+0000] {logging_mixin.py:190} INFO - [2025-11-08T11:27:49.064+0000] {dag.py:4180} INFO - Setting next_dagrun for dataset_s3_bucket_producer_with_no_taskflow to None, run_after=None
[2025-11-08T11:27:49.076+0000] {processor.py:208} INFO - Processing /home/airflow/.local/lib/python3.12/site-packages/airflow/example_dags/example_dataset_alias_with_no_taskflow.py took 0.362 seconds
[2025-11-08T11:28:20.545+0000] {processor.py:186} INFO - Started process (PID=872) to work on /home/airflow/.local/lib/python3.12/site-packages/airflow/example_dags/example_dataset_alias_with_no_taskflow.py
[2025-11-08T11:28:20.546+0000] {processor.py:914} INFO - Processing file /home/airflow/.local/lib/python3.12/site-packages/airflow/example_dags/example_dataset_alias_with_no_taskflow.py for tasks to queue
[2025-11-08T11:28:20.547+0000] {logging_mixin.py:190} INFO - [2025-11-08T11:28:20.547+0000] {dagbag.py:588} INFO - Filling up the DagBag from /home/airflow/.local/lib/python3.12/site-packages/airflow/example_dags/example_dataset_alias_with_no_taskflow.py
[2025-11-08T11:28:20.917+0000] {processor.py:925} INFO - DAG(s) 'dataset_s3_bucket_producer_with_no_taskflow', 'dataset_alias_example_alias_consumer_with_no_taskflow', 'dataset_s3_bucket_consumer_with_no_taskflow', 'dataset_alias_example_alias_producer_with_no_taskflow' retrieved from /home/airflow/.local/lib/python3.12/site-packages/airflow/example_dags/example_dataset_alias_with_no_taskflow.py
[2025-11-08T11:28:20.932+0000] {logging_mixin.py:190} INFO - [2025-11-08T11:28:20.931+0000] {dag.py:3239} INFO - Sync 4 DAGs
[2025-11-08T11:28:20.945+0000] {logging_mixin.py:190} INFO - [2025-11-08T11:28:20.945+0000] {dag.py:4180} INFO - Setting next_dagrun for dataset_alias_example_alias_consumer_with_no_taskflow to None, run_after=None
[2025-11-08T11:28:20.947+0000] {logging_mixin.py:190} INFO - [2025-11-08T11:28:20.947+0000] {dag.py:4180} INFO - Setting next_dagrun for dataset_alias_example_alias_producer_with_no_taskflow to None, run_after=None
[2025-11-08T11:28:20.948+0000] {logging_mixin.py:190} INFO - [2025-11-08T11:28:20.947+0000] {dag.py:4180} INFO - Setting next_dagrun for dataset_s3_bucket_consumer_with_no_taskflow to None, run_after=None
[2025-11-08T11:28:20.948+0000] {logging_mixin.py:190} INFO - [2025-11-08T11:28:20.948+0000] {dag.py:4180} INFO - Setting next_dagrun for dataset_s3_bucket_producer_with_no_taskflow to None, run_after=None
[2025-11-08T11:28:20.967+0000] {processor.py:208} INFO - Processing /home/airflow/.local/lib/python3.12/site-packages/airflow/example_dags/example_dataset_alias_with_no_taskflow.py took 0.425 seconds
