[2025-11-08T11:22:06.327+0000] {processor.py:186} INFO - Started process (PID=79) to work on /home/airflow/.local/lib/python3.12/site-packages/airflow/example_dags/example_task_group_decorator.py
[2025-11-08T11:22:06.327+0000] {processor.py:914} INFO - Processing file /home/airflow/.local/lib/python3.12/site-packages/airflow/example_dags/example_task_group_decorator.py for tasks to queue
[2025-11-08T11:22:06.329+0000] {logging_mixin.py:190} INFO - [2025-11-08T11:22:06.329+0000] {dagbag.py:588} INFO - Filling up the DagBag from /home/airflow/.local/lib/python3.12/site-packages/airflow/example_dags/example_task_group_decorator.py
[2025-11-08T11:22:06.337+0000] {processor.py:925} INFO - DAG(s) 'example_task_group_decorator' retrieved from /home/airflow/.local/lib/python3.12/site-packages/airflow/example_dags/example_task_group_decorator.py
[2025-11-08T11:22:06.355+0000] {logging_mixin.py:190} INFO - [2025-11-08T11:22:06.355+0000] {dag.py:3239} INFO - Sync 1 DAGs
[2025-11-08T11:22:06.365+0000] {logging_mixin.py:190} INFO - [2025-11-08T11:22:06.365+0000] {dag.py:4180} INFO - Setting next_dagrun for example_task_group_decorator to None, run_after=None
[2025-11-08T11:22:06.381+0000] {processor.py:208} INFO - Processing /home/airflow/.local/lib/python3.12/site-packages/airflow/example_dags/example_task_group_decorator.py took 0.057 seconds
[2025-11-08T11:22:37.394+0000] {processor.py:186} INFO - Started process (PID=143) to work on /home/airflow/.local/lib/python3.12/site-packages/airflow/example_dags/example_task_group_decorator.py
[2025-11-08T11:22:37.394+0000] {processor.py:914} INFO - Processing file /home/airflow/.local/lib/python3.12/site-packages/airflow/example_dags/example_task_group_decorator.py for tasks to queue
[2025-11-08T11:22:37.395+0000] {logging_mixin.py:190} INFO - [2025-11-08T11:22:37.395+0000] {dagbag.py:588} INFO - Filling up the DagBag from /home/airflow/.local/lib/python3.12/site-packages/airflow/example_dags/example_task_group_decorator.py
[2025-11-08T11:22:37.404+0000] {processor.py:925} INFO - DAG(s) 'example_task_group_decorator' retrieved from /home/airflow/.local/lib/python3.12/site-packages/airflow/example_dags/example_task_group_decorator.py
[2025-11-08T11:22:37.418+0000] {logging_mixin.py:190} INFO - [2025-11-08T11:22:37.418+0000] {dag.py:3239} INFO - Sync 1 DAGs
[2025-11-08T11:22:37.426+0000] {logging_mixin.py:190} INFO - [2025-11-08T11:22:37.426+0000] {dag.py:4180} INFO - Setting next_dagrun for example_task_group_decorator to None, run_after=None
[2025-11-08T11:22:37.436+0000] {processor.py:208} INFO - Processing /home/airflow/.local/lib/python3.12/site-packages/airflow/example_dags/example_task_group_decorator.py took 0.046 seconds
[2025-11-08T11:23:08.603+0000] {processor.py:186} INFO - Started process (PID=213) to work on /home/airflow/.local/lib/python3.12/site-packages/airflow/example_dags/example_task_group_decorator.py
[2025-11-08T11:23:08.604+0000] {processor.py:914} INFO - Processing file /home/airflow/.local/lib/python3.12/site-packages/airflow/example_dags/example_task_group_decorator.py for tasks to queue
[2025-11-08T11:23:08.605+0000] {logging_mixin.py:190} INFO - [2025-11-08T11:23:08.605+0000] {dagbag.py:588} INFO - Filling up the DagBag from /home/airflow/.local/lib/python3.12/site-packages/airflow/example_dags/example_task_group_decorator.py
[2025-11-08T11:23:08.613+0000] {processor.py:925} INFO - DAG(s) 'example_task_group_decorator' retrieved from /home/airflow/.local/lib/python3.12/site-packages/airflow/example_dags/example_task_group_decorator.py
[2025-11-08T11:23:08.627+0000] {logging_mixin.py:190} INFO - [2025-11-08T11:23:08.626+0000] {dag.py:3239} INFO - Sync 1 DAGs
[2025-11-08T11:23:08.634+0000] {logging_mixin.py:190} INFO - [2025-11-08T11:23:08.634+0000] {dag.py:4180} INFO - Setting next_dagrun for example_task_group_decorator to None, run_after=None
[2025-11-08T11:23:08.646+0000] {processor.py:208} INFO - Processing /home/airflow/.local/lib/python3.12/site-packages/airflow/example_dags/example_task_group_decorator.py took 0.046 seconds
[2025-11-08T11:23:39.794+0000] {processor.py:186} INFO - Started process (PID=277) to work on /home/airflow/.local/lib/python3.12/site-packages/airflow/example_dags/example_task_group_decorator.py
[2025-11-08T11:23:39.795+0000] {processor.py:914} INFO - Processing file /home/airflow/.local/lib/python3.12/site-packages/airflow/example_dags/example_task_group_decorator.py for tasks to queue
[2025-11-08T11:23:39.796+0000] {logging_mixin.py:190} INFO - [2025-11-08T11:23:39.796+0000] {dagbag.py:588} INFO - Filling up the DagBag from /home/airflow/.local/lib/python3.12/site-packages/airflow/example_dags/example_task_group_decorator.py
[2025-11-08T11:23:39.805+0000] {processor.py:925} INFO - DAG(s) 'example_task_group_decorator' retrieved from /home/airflow/.local/lib/python3.12/site-packages/airflow/example_dags/example_task_group_decorator.py
[2025-11-08T11:23:39.823+0000] {logging_mixin.py:190} INFO - [2025-11-08T11:23:39.823+0000] {dag.py:3239} INFO - Sync 1 DAGs
[2025-11-08T11:23:39.831+0000] {logging_mixin.py:190} INFO - [2025-11-08T11:23:39.831+0000] {dag.py:4180} INFO - Setting next_dagrun for example_task_group_decorator to None, run_after=None
[2025-11-08T11:23:39.841+0000] {processor.py:208} INFO - Processing /home/airflow/.local/lib/python3.12/site-packages/airflow/example_dags/example_task_group_decorator.py took 0.056 seconds
[2025-11-08T11:24:10.955+0000] {processor.py:186} INFO - Started process (PID=341) to work on /home/airflow/.local/lib/python3.12/site-packages/airflow/example_dags/example_task_group_decorator.py
[2025-11-08T11:24:10.957+0000] {processor.py:914} INFO - Processing file /home/airflow/.local/lib/python3.12/site-packages/airflow/example_dags/example_task_group_decorator.py for tasks to queue
[2025-11-08T11:24:10.959+0000] {logging_mixin.py:190} INFO - [2025-11-08T11:24:10.958+0000] {dagbag.py:588} INFO - Filling up the DagBag from /home/airflow/.local/lib/python3.12/site-packages/airflow/example_dags/example_task_group_decorator.py
[2025-11-08T11:24:10.970+0000] {processor.py:925} INFO - DAG(s) 'example_task_group_decorator' retrieved from /home/airflow/.local/lib/python3.12/site-packages/airflow/example_dags/example_task_group_decorator.py
[2025-11-08T11:24:10.988+0000] {logging_mixin.py:190} INFO - [2025-11-08T11:24:10.988+0000] {dag.py:3239} INFO - Sync 1 DAGs
[2025-11-08T11:24:10.996+0000] {logging_mixin.py:190} INFO - [2025-11-08T11:24:10.996+0000] {dag.py:4180} INFO - Setting next_dagrun for example_task_group_decorator to None, run_after=None
[2025-11-08T11:24:11.012+0000] {processor.py:208} INFO - Processing /home/airflow/.local/lib/python3.12/site-packages/airflow/example_dags/example_task_group_decorator.py took 0.061 seconds
[2025-11-08T11:24:42.101+0000] {processor.py:186} INFO - Started process (PID=405) to work on /home/airflow/.local/lib/python3.12/site-packages/airflow/example_dags/example_task_group_decorator.py
[2025-11-08T11:24:42.102+0000] {processor.py:914} INFO - Processing file /home/airflow/.local/lib/python3.12/site-packages/airflow/example_dags/example_task_group_decorator.py for tasks to queue
[2025-11-08T11:24:42.103+0000] {logging_mixin.py:190} INFO - [2025-11-08T11:24:42.103+0000] {dagbag.py:588} INFO - Filling up the DagBag from /home/airflow/.local/lib/python3.12/site-packages/airflow/example_dags/example_task_group_decorator.py
[2025-11-08T11:24:42.117+0000] {processor.py:925} INFO - DAG(s) 'example_task_group_decorator' retrieved from /home/airflow/.local/lib/python3.12/site-packages/airflow/example_dags/example_task_group_decorator.py
[2025-11-08T11:24:42.137+0000] {logging_mixin.py:190} INFO - [2025-11-08T11:24:42.136+0000] {dag.py:3239} INFO - Sync 1 DAGs
[2025-11-08T11:24:42.148+0000] {logging_mixin.py:190} INFO - [2025-11-08T11:24:42.148+0000] {dag.py:4180} INFO - Setting next_dagrun for example_task_group_decorator to None, run_after=None
[2025-11-08T11:24:42.166+0000] {processor.py:208} INFO - Processing /home/airflow/.local/lib/python3.12/site-packages/airflow/example_dags/example_task_group_decorator.py took 0.069 seconds
[2025-11-08T11:25:12.462+0000] {processor.py:186} INFO - Started process (PID=469) to work on /home/airflow/.local/lib/python3.12/site-packages/airflow/example_dags/example_task_group_decorator.py
[2025-11-08T11:25:12.464+0000] {processor.py:914} INFO - Processing file /home/airflow/.local/lib/python3.12/site-packages/airflow/example_dags/example_task_group_decorator.py for tasks to queue
[2025-11-08T11:25:12.465+0000] {logging_mixin.py:190} INFO - [2025-11-08T11:25:12.465+0000] {dagbag.py:588} INFO - Filling up the DagBag from /home/airflow/.local/lib/python3.12/site-packages/airflow/example_dags/example_task_group_decorator.py
[2025-11-08T11:25:12.473+0000] {processor.py:925} INFO - DAG(s) 'example_task_group_decorator' retrieved from /home/airflow/.local/lib/python3.12/site-packages/airflow/example_dags/example_task_group_decorator.py
[2025-11-08T11:25:12.491+0000] {logging_mixin.py:190} INFO - [2025-11-08T11:25:12.491+0000] {dag.py:3239} INFO - Sync 1 DAGs
[2025-11-08T11:25:12.499+0000] {logging_mixin.py:190} INFO - [2025-11-08T11:25:12.498+0000] {dag.py:4180} INFO - Setting next_dagrun for example_task_group_decorator to None, run_after=None
[2025-11-08T11:25:12.509+0000] {processor.py:208} INFO - Processing /home/airflow/.local/lib/python3.12/site-packages/airflow/example_dags/example_task_group_decorator.py took 0.051 seconds
[2025-11-08T11:25:43.639+0000] {processor.py:186} INFO - Started process (PID=533) to work on /home/airflow/.local/lib/python3.12/site-packages/airflow/example_dags/example_task_group_decorator.py
[2025-11-08T11:25:43.639+0000] {processor.py:914} INFO - Processing file /home/airflow/.local/lib/python3.12/site-packages/airflow/example_dags/example_task_group_decorator.py for tasks to queue
[2025-11-08T11:25:43.640+0000] {logging_mixin.py:190} INFO - [2025-11-08T11:25:43.640+0000] {dagbag.py:588} INFO - Filling up the DagBag from /home/airflow/.local/lib/python3.12/site-packages/airflow/example_dags/example_task_group_decorator.py
[2025-11-08T11:25:43.648+0000] {processor.py:925} INFO - DAG(s) 'example_task_group_decorator' retrieved from /home/airflow/.local/lib/python3.12/site-packages/airflow/example_dags/example_task_group_decorator.py
[2025-11-08T11:25:43.661+0000] {logging_mixin.py:190} INFO - [2025-11-08T11:25:43.661+0000] {dag.py:3239} INFO - Sync 1 DAGs
[2025-11-08T11:25:43.669+0000] {logging_mixin.py:190} INFO - [2025-11-08T11:25:43.669+0000] {dag.py:4180} INFO - Setting next_dagrun for example_task_group_decorator to None, run_after=None
[2025-11-08T11:25:43.678+0000] {processor.py:208} INFO - Processing /home/airflow/.local/lib/python3.12/site-packages/airflow/example_dags/example_task_group_decorator.py took 0.043 seconds
[2025-11-08T11:26:14.818+0000] {processor.py:186} INFO - Started process (PID=597) to work on /home/airflow/.local/lib/python3.12/site-packages/airflow/example_dags/example_task_group_decorator.py
[2025-11-08T11:26:14.818+0000] {processor.py:914} INFO - Processing file /home/airflow/.local/lib/python3.12/site-packages/airflow/example_dags/example_task_group_decorator.py for tasks to queue
[2025-11-08T11:26:14.820+0000] {logging_mixin.py:190} INFO - [2025-11-08T11:26:14.819+0000] {dagbag.py:588} INFO - Filling up the DagBag from /home/airflow/.local/lib/python3.12/site-packages/airflow/example_dags/example_task_group_decorator.py
[2025-11-08T11:26:14.828+0000] {processor.py:925} INFO - DAG(s) 'example_task_group_decorator' retrieved from /home/airflow/.local/lib/python3.12/site-packages/airflow/example_dags/example_task_group_decorator.py
[2025-11-08T11:26:14.843+0000] {logging_mixin.py:190} INFO - [2025-11-08T11:26:14.843+0000] {dag.py:3239} INFO - Sync 1 DAGs
[2025-11-08T11:26:14.852+0000] {logging_mixin.py:190} INFO - [2025-11-08T11:26:14.852+0000] {dag.py:4180} INFO - Setting next_dagrun for example_task_group_decorator to None, run_after=None
[2025-11-08T11:26:14.867+0000] {processor.py:208} INFO - Processing /home/airflow/.local/lib/python3.12/site-packages/airflow/example_dags/example_task_group_decorator.py took 0.052 seconds
[2025-11-08T11:26:46.038+0000] {processor.py:186} INFO - Started process (PID=661) to work on /home/airflow/.local/lib/python3.12/site-packages/airflow/example_dags/example_task_group_decorator.py
[2025-11-08T11:26:46.038+0000] {processor.py:914} INFO - Processing file /home/airflow/.local/lib/python3.12/site-packages/airflow/example_dags/example_task_group_decorator.py for tasks to queue
[2025-11-08T11:26:46.039+0000] {logging_mixin.py:190} INFO - [2025-11-08T11:26:46.039+0000] {dagbag.py:588} INFO - Filling up the DagBag from /home/airflow/.local/lib/python3.12/site-packages/airflow/example_dags/example_task_group_decorator.py
[2025-11-08T11:26:46.048+0000] {processor.py:925} INFO - DAG(s) 'example_task_group_decorator' retrieved from /home/airflow/.local/lib/python3.12/site-packages/airflow/example_dags/example_task_group_decorator.py
[2025-11-08T11:26:46.063+0000] {logging_mixin.py:190} INFO - [2025-11-08T11:26:46.063+0000] {dag.py:3239} INFO - Sync 1 DAGs
[2025-11-08T11:26:46.074+0000] {logging_mixin.py:190} INFO - [2025-11-08T11:26:46.074+0000] {dag.py:4180} INFO - Setting next_dagrun for example_task_group_decorator to None, run_after=None
[2025-11-08T11:26:46.090+0000] {processor.py:208} INFO - Processing /home/airflow/.local/lib/python3.12/site-packages/airflow/example_dags/example_task_group_decorator.py took 0.055 seconds
[2025-11-08T11:27:17.337+0000] {processor.py:186} INFO - Started process (PID=725) to work on /home/airflow/.local/lib/python3.12/site-packages/airflow/example_dags/example_task_group_decorator.py
[2025-11-08T11:27:17.337+0000] {processor.py:914} INFO - Processing file /home/airflow/.local/lib/python3.12/site-packages/airflow/example_dags/example_task_group_decorator.py for tasks to queue
[2025-11-08T11:27:17.339+0000] {logging_mixin.py:190} INFO - [2025-11-08T11:27:17.338+0000] {dagbag.py:588} INFO - Filling up the DagBag from /home/airflow/.local/lib/python3.12/site-packages/airflow/example_dags/example_task_group_decorator.py
[2025-11-08T11:27:17.347+0000] {processor.py:925} INFO - DAG(s) 'example_task_group_decorator' retrieved from /home/airflow/.local/lib/python3.12/site-packages/airflow/example_dags/example_task_group_decorator.py
[2025-11-08T11:27:17.361+0000] {logging_mixin.py:190} INFO - [2025-11-08T11:27:17.361+0000] {dag.py:3239} INFO - Sync 1 DAGs
[2025-11-08T11:27:17.369+0000] {logging_mixin.py:190} INFO - [2025-11-08T11:27:17.368+0000] {dag.py:4180} INFO - Setting next_dagrun for example_task_group_decorator to None, run_after=None
[2025-11-08T11:27:17.380+0000] {processor.py:208} INFO - Processing /home/airflow/.local/lib/python3.12/site-packages/airflow/example_dags/example_task_group_decorator.py took 0.047 seconds
[2025-11-08T11:27:48.293+0000] {processor.py:186} INFO - Started process (PID=789) to work on /home/airflow/.local/lib/python3.12/site-packages/airflow/example_dags/example_task_group_decorator.py
[2025-11-08T11:27:48.293+0000] {processor.py:914} INFO - Processing file /home/airflow/.local/lib/python3.12/site-packages/airflow/example_dags/example_task_group_decorator.py for tasks to queue
[2025-11-08T11:27:48.295+0000] {logging_mixin.py:190} INFO - [2025-11-08T11:27:48.294+0000] {dagbag.py:588} INFO - Filling up the DagBag from /home/airflow/.local/lib/python3.12/site-packages/airflow/example_dags/example_task_group_decorator.py
[2025-11-08T11:27:48.303+0000] {processor.py:925} INFO - DAG(s) 'example_task_group_decorator' retrieved from /home/airflow/.local/lib/python3.12/site-packages/airflow/example_dags/example_task_group_decorator.py
[2025-11-08T11:27:48.322+0000] {logging_mixin.py:190} INFO - [2025-11-08T11:27:48.322+0000] {dag.py:3239} INFO - Sync 1 DAGs
[2025-11-08T11:27:48.331+0000] {logging_mixin.py:190} INFO - [2025-11-08T11:27:48.331+0000] {dag.py:4180} INFO - Setting next_dagrun for example_task_group_decorator to None, run_after=None
[2025-11-08T11:27:48.343+0000] {processor.py:208} INFO - Processing /home/airflow/.local/lib/python3.12/site-packages/airflow/example_dags/example_task_group_decorator.py took 0.053 seconds
[2025-11-08T11:28:19.903+0000] {processor.py:186} INFO - Started process (PID=853) to work on /home/airflow/.local/lib/python3.12/site-packages/airflow/example_dags/example_task_group_decorator.py
[2025-11-08T11:28:19.903+0000] {processor.py:914} INFO - Processing file /home/airflow/.local/lib/python3.12/site-packages/airflow/example_dags/example_task_group_decorator.py for tasks to queue
[2025-11-08T11:28:19.904+0000] {logging_mixin.py:190} INFO - [2025-11-08T11:28:19.904+0000] {dagbag.py:588} INFO - Filling up the DagBag from /home/airflow/.local/lib/python3.12/site-packages/airflow/example_dags/example_task_group_decorator.py
[2025-11-08T11:28:19.915+0000] {processor.py:925} INFO - DAG(s) 'example_task_group_decorator' retrieved from /home/airflow/.local/lib/python3.12/site-packages/airflow/example_dags/example_task_group_decorator.py
[2025-11-08T11:28:19.930+0000] {logging_mixin.py:190} INFO - [2025-11-08T11:28:19.930+0000] {dag.py:3239} INFO - Sync 1 DAGs
[2025-11-08T11:28:19.938+0000] {logging_mixin.py:190} INFO - [2025-11-08T11:28:19.938+0000] {dag.py:4180} INFO - Setting next_dagrun for example_task_group_decorator to None, run_after=None
[2025-11-08T11:28:19.949+0000] {processor.py:208} INFO - Processing /home/airflow/.local/lib/python3.12/site-packages/airflow/example_dags/example_task_group_decorator.py took 0.049 seconds
