[2025-11-08T11:22:06.824+0000] {processor.py:186} INFO - Started process (PID=88) to work on /home/airflow/.local/lib/python3.12/site-packages/airflow/example_dags/example_latest_only_with_trigger.py
[2025-11-08T11:22:06.824+0000] {processor.py:914} INFO - Processing file /home/airflow/.local/lib/python3.12/site-packages/airflow/example_dags/example_latest_only_with_trigger.py for tasks to queue
[2025-11-08T11:22:06.827+0000] {logging_mixin.py:190} INFO - [2025-11-08T11:22:06.826+0000] {dagbag.py:588} INFO - Filling up the DagBag from /home/airflow/.local/lib/python3.12/site-packages/airflow/example_dags/example_latest_only_with_trigger.py
[2025-11-08T11:22:06.831+0000] {processor.py:925} INFO - DAG(s) 'latest_only_with_trigger' retrieved from /home/airflow/.local/lib/python3.12/site-packages/airflow/example_dags/example_latest_only_with_trigger.py
[2025-11-08T11:22:06.845+0000] {logging_mixin.py:190} INFO - [2025-11-08T11:22:06.845+0000] {dag.py:3239} INFO - Sync 1 DAGs
[2025-11-08T11:22:06.859+0000] {logging_mixin.py:190} INFO - [2025-11-08T11:22:06.858+0000] {dag.py:4180} INFO - Setting next_dagrun for latest_only_with_trigger to 2025-11-08 04:00:00+00:00, run_after=2025-11-08 08:00:00+00:00
[2025-11-08T11:22:06.870+0000] {processor.py:208} INFO - Processing /home/airflow/.local/lib/python3.12/site-packages/airflow/example_dags/example_latest_only_with_trigger.py took 0.051 seconds
[2025-11-08T11:22:37.655+0000] {processor.py:186} INFO - Started process (PID=152) to work on /home/airflow/.local/lib/python3.12/site-packages/airflow/example_dags/example_latest_only_with_trigger.py
[2025-11-08T11:22:37.655+0000] {processor.py:914} INFO - Processing file /home/airflow/.local/lib/python3.12/site-packages/airflow/example_dags/example_latest_only_with_trigger.py for tasks to queue
[2025-11-08T11:22:37.656+0000] {logging_mixin.py:190} INFO - [2025-11-08T11:22:37.656+0000] {dagbag.py:588} INFO - Filling up the DagBag from /home/airflow/.local/lib/python3.12/site-packages/airflow/example_dags/example_latest_only_with_trigger.py
[2025-11-08T11:22:37.660+0000] {processor.py:925} INFO - DAG(s) 'latest_only_with_trigger' retrieved from /home/airflow/.local/lib/python3.12/site-packages/airflow/example_dags/example_latest_only_with_trigger.py
[2025-11-08T11:22:37.671+0000] {logging_mixin.py:190} INFO - [2025-11-08T11:22:37.671+0000] {dag.py:3239} INFO - Sync 1 DAGs
[2025-11-08T11:22:37.684+0000] {logging_mixin.py:190} INFO - [2025-11-08T11:22:37.684+0000] {dag.py:4180} INFO - Setting next_dagrun for latest_only_with_trigger to 2025-11-08 04:00:00+00:00, run_after=2025-11-08 08:00:00+00:00
[2025-11-08T11:22:37.694+0000] {processor.py:208} INFO - Processing /home/airflow/.local/lib/python3.12/site-packages/airflow/example_dags/example_latest_only_with_trigger.py took 0.042 seconds
[2025-11-08T11:23:08.978+0000] {processor.py:186} INFO - Started process (PID=222) to work on /home/airflow/.local/lib/python3.12/site-packages/airflow/example_dags/example_latest_only_with_trigger.py
[2025-11-08T11:23:08.979+0000] {processor.py:914} INFO - Processing file /home/airflow/.local/lib/python3.12/site-packages/airflow/example_dags/example_latest_only_with_trigger.py for tasks to queue
[2025-11-08T11:23:08.981+0000] {logging_mixin.py:190} INFO - [2025-11-08T11:23:08.981+0000] {dagbag.py:588} INFO - Filling up the DagBag from /home/airflow/.local/lib/python3.12/site-packages/airflow/example_dags/example_latest_only_with_trigger.py
[2025-11-08T11:23:08.986+0000] {processor.py:925} INFO - DAG(s) 'latest_only_with_trigger' retrieved from /home/airflow/.local/lib/python3.12/site-packages/airflow/example_dags/example_latest_only_with_trigger.py
[2025-11-08T11:23:09.001+0000] {logging_mixin.py:190} INFO - [2025-11-08T11:23:09.000+0000] {dag.py:3239} INFO - Sync 1 DAGs
[2025-11-08T11:23:09.013+0000] {logging_mixin.py:190} INFO - [2025-11-08T11:23:09.013+0000] {dag.py:4180} INFO - Setting next_dagrun for latest_only_with_trigger to 2025-11-08 04:00:00+00:00, run_after=2025-11-08 08:00:00+00:00
[2025-11-08T11:23:09.025+0000] {processor.py:208} INFO - Processing /home/airflow/.local/lib/python3.12/site-packages/airflow/example_dags/example_latest_only_with_trigger.py took 0.051 seconds
[2025-11-08T11:23:40.146+0000] {processor.py:186} INFO - Started process (PID=286) to work on /home/airflow/.local/lib/python3.12/site-packages/airflow/example_dags/example_latest_only_with_trigger.py
[2025-11-08T11:23:40.147+0000] {processor.py:914} INFO - Processing file /home/airflow/.local/lib/python3.12/site-packages/airflow/example_dags/example_latest_only_with_trigger.py for tasks to queue
[2025-11-08T11:23:40.148+0000] {logging_mixin.py:190} INFO - [2025-11-08T11:23:40.148+0000] {dagbag.py:588} INFO - Filling up the DagBag from /home/airflow/.local/lib/python3.12/site-packages/airflow/example_dags/example_latest_only_with_trigger.py
[2025-11-08T11:23:40.152+0000] {processor.py:925} INFO - DAG(s) 'latest_only_with_trigger' retrieved from /home/airflow/.local/lib/python3.12/site-packages/airflow/example_dags/example_latest_only_with_trigger.py
[2025-11-08T11:23:40.162+0000] {logging_mixin.py:190} INFO - [2025-11-08T11:23:40.162+0000] {dag.py:3239} INFO - Sync 1 DAGs
[2025-11-08T11:23:40.175+0000] {logging_mixin.py:190} INFO - [2025-11-08T11:23:40.174+0000] {dag.py:4180} INFO - Setting next_dagrun for latest_only_with_trigger to 2025-11-08 04:00:00+00:00, run_after=2025-11-08 08:00:00+00:00
[2025-11-08T11:23:40.187+0000] {processor.py:208} INFO - Processing /home/airflow/.local/lib/python3.12/site-packages/airflow/example_dags/example_latest_only_with_trigger.py took 0.044 seconds
[2025-11-08T11:24:11.270+0000] {processor.py:186} INFO - Started process (PID=350) to work on /home/airflow/.local/lib/python3.12/site-packages/airflow/example_dags/example_latest_only_with_trigger.py
[2025-11-08T11:24:11.271+0000] {processor.py:914} INFO - Processing file /home/airflow/.local/lib/python3.12/site-packages/airflow/example_dags/example_latest_only_with_trigger.py for tasks to queue
[2025-11-08T11:24:11.273+0000] {logging_mixin.py:190} INFO - [2025-11-08T11:24:11.273+0000] {dagbag.py:588} INFO - Filling up the DagBag from /home/airflow/.local/lib/python3.12/site-packages/airflow/example_dags/example_latest_only_with_trigger.py
[2025-11-08T11:24:11.278+0000] {processor.py:925} INFO - DAG(s) 'latest_only_with_trigger' retrieved from /home/airflow/.local/lib/python3.12/site-packages/airflow/example_dags/example_latest_only_with_trigger.py
[2025-11-08T11:24:11.292+0000] {logging_mixin.py:190} INFO - [2025-11-08T11:24:11.292+0000] {dag.py:3239} INFO - Sync 1 DAGs
[2025-11-08T11:24:11.311+0000] {logging_mixin.py:190} INFO - [2025-11-08T11:24:11.311+0000] {dag.py:4180} INFO - Setting next_dagrun for latest_only_with_trigger to 2025-11-08 04:00:00+00:00, run_after=2025-11-08 08:00:00+00:00
[2025-11-08T11:24:11.329+0000] {processor.py:208} INFO - Processing /home/airflow/.local/lib/python3.12/site-packages/airflow/example_dags/example_latest_only_with_trigger.py took 0.062 seconds
[2025-11-08T11:24:42.548+0000] {processor.py:186} INFO - Started process (PID=414) to work on /home/airflow/.local/lib/python3.12/site-packages/airflow/example_dags/example_latest_only_with_trigger.py
[2025-11-08T11:24:42.548+0000] {processor.py:914} INFO - Processing file /home/airflow/.local/lib/python3.12/site-packages/airflow/example_dags/example_latest_only_with_trigger.py for tasks to queue
[2025-11-08T11:24:42.550+0000] {logging_mixin.py:190} INFO - [2025-11-08T11:24:42.550+0000] {dagbag.py:588} INFO - Filling up the DagBag from /home/airflow/.local/lib/python3.12/site-packages/airflow/example_dags/example_latest_only_with_trigger.py
[2025-11-08T11:24:42.554+0000] {processor.py:925} INFO - DAG(s) 'latest_only_with_trigger' retrieved from /home/airflow/.local/lib/python3.12/site-packages/airflow/example_dags/example_latest_only_with_trigger.py
[2025-11-08T11:24:42.568+0000] {logging_mixin.py:190} INFO - [2025-11-08T11:24:42.568+0000] {dag.py:3239} INFO - Sync 1 DAGs
[2025-11-08T11:24:42.580+0000] {logging_mixin.py:190} INFO - [2025-11-08T11:24:42.580+0000] {dag.py:4180} INFO - Setting next_dagrun for latest_only_with_trigger to 2025-11-08 04:00:00+00:00, run_after=2025-11-08 08:00:00+00:00
[2025-11-08T11:24:42.591+0000] {processor.py:208} INFO - Processing /home/airflow/.local/lib/python3.12/site-packages/airflow/example_dags/example_latest_only_with_trigger.py took 0.047 seconds
[2025-11-08T11:25:12.793+0000] {processor.py:186} INFO - Started process (PID=478) to work on /home/airflow/.local/lib/python3.12/site-packages/airflow/example_dags/example_latest_only_with_trigger.py
[2025-11-08T11:25:12.794+0000] {processor.py:914} INFO - Processing file /home/airflow/.local/lib/python3.12/site-packages/airflow/example_dags/example_latest_only_with_trigger.py for tasks to queue
[2025-11-08T11:25:12.795+0000] {logging_mixin.py:190} INFO - [2025-11-08T11:25:12.795+0000] {dagbag.py:588} INFO - Filling up the DagBag from /home/airflow/.local/lib/python3.12/site-packages/airflow/example_dags/example_latest_only_with_trigger.py
[2025-11-08T11:25:12.799+0000] {processor.py:925} INFO - DAG(s) 'latest_only_with_trigger' retrieved from /home/airflow/.local/lib/python3.12/site-packages/airflow/example_dags/example_latest_only_with_trigger.py
[2025-11-08T11:25:12.810+0000] {logging_mixin.py:190} INFO - [2025-11-08T11:25:12.810+0000] {dag.py:3239} INFO - Sync 1 DAGs
[2025-11-08T11:25:12.823+0000] {logging_mixin.py:190} INFO - [2025-11-08T11:25:12.822+0000] {dag.py:4180} INFO - Setting next_dagrun for latest_only_with_trigger to 2025-11-08 04:00:00+00:00, run_after=2025-11-08 08:00:00+00:00
[2025-11-08T11:25:12.833+0000] {processor.py:208} INFO - Processing /home/airflow/.local/lib/python3.12/site-packages/airflow/example_dags/example_latest_only_with_trigger.py took 0.043 seconds
[2025-11-08T11:25:43.900+0000] {processor.py:186} INFO - Started process (PID=542) to work on /home/airflow/.local/lib/python3.12/site-packages/airflow/example_dags/example_latest_only_with_trigger.py
[2025-11-08T11:25:43.901+0000] {processor.py:914} INFO - Processing file /home/airflow/.local/lib/python3.12/site-packages/airflow/example_dags/example_latest_only_with_trigger.py for tasks to queue
[2025-11-08T11:25:43.903+0000] {logging_mixin.py:190} INFO - [2025-11-08T11:25:43.903+0000] {dagbag.py:588} INFO - Filling up the DagBag from /home/airflow/.local/lib/python3.12/site-packages/airflow/example_dags/example_latest_only_with_trigger.py
[2025-11-08T11:25:43.907+0000] {processor.py:925} INFO - DAG(s) 'latest_only_with_trigger' retrieved from /home/airflow/.local/lib/python3.12/site-packages/airflow/example_dags/example_latest_only_with_trigger.py
[2025-11-08T11:25:43.918+0000] {logging_mixin.py:190} INFO - [2025-11-08T11:25:43.918+0000] {dag.py:3239} INFO - Sync 1 DAGs
[2025-11-08T11:25:43.931+0000] {logging_mixin.py:190} INFO - [2025-11-08T11:25:43.931+0000] {dag.py:4180} INFO - Setting next_dagrun for latest_only_with_trigger to 2025-11-08 04:00:00+00:00, run_after=2025-11-08 08:00:00+00:00
[2025-11-08T11:25:43.940+0000] {processor.py:208} INFO - Processing /home/airflow/.local/lib/python3.12/site-packages/airflow/example_dags/example_latest_only_with_trigger.py took 0.045 seconds
[2025-11-08T11:26:15.133+0000] {processor.py:186} INFO - Started process (PID=606) to work on /home/airflow/.local/lib/python3.12/site-packages/airflow/example_dags/example_latest_only_with_trigger.py
[2025-11-08T11:26:15.134+0000] {processor.py:914} INFO - Processing file /home/airflow/.local/lib/python3.12/site-packages/airflow/example_dags/example_latest_only_with_trigger.py for tasks to queue
[2025-11-08T11:26:15.135+0000] {logging_mixin.py:190} INFO - [2025-11-08T11:26:15.135+0000] {dagbag.py:588} INFO - Filling up the DagBag from /home/airflow/.local/lib/python3.12/site-packages/airflow/example_dags/example_latest_only_with_trigger.py
[2025-11-08T11:26:15.139+0000] {processor.py:925} INFO - DAG(s) 'latest_only_with_trigger' retrieved from /home/airflow/.local/lib/python3.12/site-packages/airflow/example_dags/example_latest_only_with_trigger.py
[2025-11-08T11:26:15.153+0000] {logging_mixin.py:190} INFO - [2025-11-08T11:26:15.153+0000] {dag.py:3239} INFO - Sync 1 DAGs
[2025-11-08T11:26:15.184+0000] {logging_mixin.py:190} INFO - [2025-11-08T11:26:15.184+0000] {dag.py:4180} INFO - Setting next_dagrun for latest_only_with_trigger to 2025-11-08 04:00:00+00:00, run_after=2025-11-08 08:00:00+00:00
[2025-11-08T11:26:15.207+0000] {processor.py:208} INFO - Processing /home/airflow/.local/lib/python3.12/site-packages/airflow/example_dags/example_latest_only_with_trigger.py took 0.077 seconds
[2025-11-08T11:26:46.325+0000] {processor.py:186} INFO - Started process (PID=670) to work on /home/airflow/.local/lib/python3.12/site-packages/airflow/example_dags/example_latest_only_with_trigger.py
[2025-11-08T11:26:46.325+0000] {processor.py:914} INFO - Processing file /home/airflow/.local/lib/python3.12/site-packages/airflow/example_dags/example_latest_only_with_trigger.py for tasks to queue
[2025-11-08T11:26:46.327+0000] {logging_mixin.py:190} INFO - [2025-11-08T11:26:46.326+0000] {dagbag.py:588} INFO - Filling up the DagBag from /home/airflow/.local/lib/python3.12/site-packages/airflow/example_dags/example_latest_only_with_trigger.py
[2025-11-08T11:26:46.331+0000] {processor.py:925} INFO - DAG(s) 'latest_only_with_trigger' retrieved from /home/airflow/.local/lib/python3.12/site-packages/airflow/example_dags/example_latest_only_with_trigger.py
[2025-11-08T11:26:46.343+0000] {logging_mixin.py:190} INFO - [2025-11-08T11:26:46.343+0000] {dag.py:3239} INFO - Sync 1 DAGs
[2025-11-08T11:26:46.358+0000] {logging_mixin.py:190} INFO - [2025-11-08T11:26:46.357+0000] {dag.py:4180} INFO - Setting next_dagrun for latest_only_with_trigger to 2025-11-08 04:00:00+00:00, run_after=2025-11-08 08:00:00+00:00
[2025-11-08T11:26:46.368+0000] {processor.py:208} INFO - Processing /home/airflow/.local/lib/python3.12/site-packages/airflow/example_dags/example_latest_only_with_trigger.py took 0.046 seconds
[2025-11-08T11:27:17.606+0000] {processor.py:186} INFO - Started process (PID=734) to work on /home/airflow/.local/lib/python3.12/site-packages/airflow/example_dags/example_latest_only_with_trigger.py
[2025-11-08T11:27:17.606+0000] {processor.py:914} INFO - Processing file /home/airflow/.local/lib/python3.12/site-packages/airflow/example_dags/example_latest_only_with_trigger.py for tasks to queue
[2025-11-08T11:27:17.608+0000] {logging_mixin.py:190} INFO - [2025-11-08T11:27:17.608+0000] {dagbag.py:588} INFO - Filling up the DagBag from /home/airflow/.local/lib/python3.12/site-packages/airflow/example_dags/example_latest_only_with_trigger.py
[2025-11-08T11:27:17.612+0000] {processor.py:925} INFO - DAG(s) 'latest_only_with_trigger' retrieved from /home/airflow/.local/lib/python3.12/site-packages/airflow/example_dags/example_latest_only_with_trigger.py
[2025-11-08T11:27:17.626+0000] {logging_mixin.py:190} INFO - [2025-11-08T11:27:17.625+0000] {dag.py:3239} INFO - Sync 1 DAGs
[2025-11-08T11:27:17.641+0000] {logging_mixin.py:190} INFO - [2025-11-08T11:27:17.641+0000] {dag.py:4180} INFO - Setting next_dagrun for latest_only_with_trigger to 2025-11-08 04:00:00+00:00, run_after=2025-11-08 08:00:00+00:00
[2025-11-08T11:27:17.651+0000] {processor.py:208} INFO - Processing /home/airflow/.local/lib/python3.12/site-packages/airflow/example_dags/example_latest_only_with_trigger.py took 0.049 seconds
[2025-11-08T11:27:48.551+0000] {processor.py:186} INFO - Started process (PID=798) to work on /home/airflow/.local/lib/python3.12/site-packages/airflow/example_dags/example_latest_only_with_trigger.py
[2025-11-08T11:27:48.551+0000] {processor.py:914} INFO - Processing file /home/airflow/.local/lib/python3.12/site-packages/airflow/example_dags/example_latest_only_with_trigger.py for tasks to queue
[2025-11-08T11:27:48.552+0000] {logging_mixin.py:190} INFO - [2025-11-08T11:27:48.552+0000] {dagbag.py:588} INFO - Filling up the DagBag from /home/airflow/.local/lib/python3.12/site-packages/airflow/example_dags/example_latest_only_with_trigger.py
[2025-11-08T11:27:48.556+0000] {processor.py:925} INFO - DAG(s) 'latest_only_with_trigger' retrieved from /home/airflow/.local/lib/python3.12/site-packages/airflow/example_dags/example_latest_only_with_trigger.py
[2025-11-08T11:27:48.567+0000] {logging_mixin.py:190} INFO - [2025-11-08T11:27:48.567+0000] {dag.py:3239} INFO - Sync 1 DAGs
[2025-11-08T11:27:48.580+0000] {logging_mixin.py:190} INFO - [2025-11-08T11:27:48.580+0000] {dag.py:4180} INFO - Setting next_dagrun for latest_only_with_trigger to 2025-11-08 04:00:00+00:00, run_after=2025-11-08 08:00:00+00:00
[2025-11-08T11:27:48.591+0000] {processor.py:208} INFO - Processing /home/airflow/.local/lib/python3.12/site-packages/airflow/example_dags/example_latest_only_with_trigger.py took 0.043 seconds
[2025-11-08T11:28:20.220+0000] {processor.py:186} INFO - Started process (PID=862) to work on /home/airflow/.local/lib/python3.12/site-packages/airflow/example_dags/example_latest_only_with_trigger.py
[2025-11-08T11:28:20.220+0000] {processor.py:914} INFO - Processing file /home/airflow/.local/lib/python3.12/site-packages/airflow/example_dags/example_latest_only_with_trigger.py for tasks to queue
[2025-11-08T11:28:20.222+0000] {logging_mixin.py:190} INFO - [2025-11-08T11:28:20.221+0000] {dagbag.py:588} INFO - Filling up the DagBag from /home/airflow/.local/lib/python3.12/site-packages/airflow/example_dags/example_latest_only_with_trigger.py
[2025-11-08T11:28:20.226+0000] {processor.py:925} INFO - DAG(s) 'latest_only_with_trigger' retrieved from /home/airflow/.local/lib/python3.12/site-packages/airflow/example_dags/example_latest_only_with_trigger.py
[2025-11-08T11:28:20.242+0000] {logging_mixin.py:190} INFO - [2025-11-08T11:28:20.242+0000] {dag.py:3239} INFO - Sync 1 DAGs
[2025-11-08T11:28:20.259+0000] {logging_mixin.py:190} INFO - [2025-11-08T11:28:20.259+0000] {dag.py:4180} INFO - Setting next_dagrun for latest_only_with_trigger to 2025-11-08 04:00:00+00:00, run_after=2025-11-08 08:00:00+00:00
[2025-11-08T11:28:20.270+0000] {processor.py:208} INFO - Processing /home/airflow/.local/lib/python3.12/site-packages/airflow/example_dags/example_latest_only_with_trigger.py took 0.053 seconds
