[2025-11-08T11:22:03.789+0000] {processor.py:186} INFO - Started process (PID=54) to work on /home/airflow/.local/lib/python3.12/site-packages/airflow/example_dags/example_inlet_event_extra.py
[2025-11-08T11:22:03.789+0000] {processor.py:914} INFO - Processing file /home/airflow/.local/lib/python3.12/site-packages/airflow/example_dags/example_inlet_event_extra.py for tasks to queue
[2025-11-08T11:22:03.790+0000] {logging_mixin.py:190} INFO - [2025-11-08T11:22:03.790+0000] {dagbag.py:588} INFO - Filling up the DagBag from /home/airflow/.local/lib/python3.12/site-packages/airflow/example_dags/example_inlet_event_extra.py
[2025-11-08T11:22:04.483+0000] {processor.py:925} INFO - DAG(s) 'read_dataset_event_from_classic', 'read_dataset_event' retrieved from /home/airflow/.local/lib/python3.12/site-packages/airflow/example_dags/example_inlet_event_extra.py
[2025-11-08T11:22:04.503+0000] {logging_mixin.py:190} INFO - [2025-11-08T11:22:04.503+0000] {dag.py:3239} INFO - Sync 2 DAGs
[2025-11-08T11:22:04.528+0000] {logging_mixin.py:190} INFO - [2025-11-08T11:22:04.528+0000] {dag.py:4180} INFO - Setting next_dagrun for read_dataset_event to 2025-11-07 00:00:00+00:00, run_after=2025-11-08 00:00:00+00:00
[2025-11-08T11:22:04.533+0000] {logging_mixin.py:190} INFO - [2025-11-08T11:22:04.533+0000] {dag.py:4180} INFO - Setting next_dagrun for read_dataset_event_from_classic to 2025-11-07 00:00:00+00:00, run_after=2025-11-08 00:00:00+00:00
[2025-11-08T11:22:04.553+0000] {processor.py:208} INFO - Processing /home/airflow/.local/lib/python3.12/site-packages/airflow/example_dags/example_inlet_event_extra.py took 0.768 seconds
[2025-11-08T11:22:34.921+0000] {processor.py:186} INFO - Started process (PID=118) to work on /home/airflow/.local/lib/python3.12/site-packages/airflow/example_dags/example_inlet_event_extra.py
[2025-11-08T11:22:34.923+0000] {processor.py:914} INFO - Processing file /home/airflow/.local/lib/python3.12/site-packages/airflow/example_dags/example_inlet_event_extra.py for tasks to queue
[2025-11-08T11:22:34.924+0000] {logging_mixin.py:190} INFO - [2025-11-08T11:22:34.924+0000] {dagbag.py:588} INFO - Filling up the DagBag from /home/airflow/.local/lib/python3.12/site-packages/airflow/example_dags/example_inlet_event_extra.py
[2025-11-08T11:22:35.233+0000] {processor.py:925} INFO - DAG(s) 'read_dataset_event', 'read_dataset_event_from_classic' retrieved from /home/airflow/.local/lib/python3.12/site-packages/airflow/example_dags/example_inlet_event_extra.py
[2025-11-08T11:22:35.245+0000] {logging_mixin.py:190} INFO - [2025-11-08T11:22:35.245+0000] {dag.py:3239} INFO - Sync 2 DAGs
[2025-11-08T11:22:35.256+0000] {logging_mixin.py:190} INFO - [2025-11-08T11:22:35.256+0000] {dag.py:4180} INFO - Setting next_dagrun for read_dataset_event to 2025-11-07 00:00:00+00:00, run_after=2025-11-08 00:00:00+00:00
[2025-11-08T11:22:35.259+0000] {logging_mixin.py:190} INFO - [2025-11-08T11:22:35.259+0000] {dag.py:4180} INFO - Setting next_dagrun for read_dataset_event_from_classic to 2025-11-07 00:00:00+00:00, run_after=2025-11-08 00:00:00+00:00
[2025-11-08T11:22:35.274+0000] {processor.py:208} INFO - Processing /home/airflow/.local/lib/python3.12/site-packages/airflow/example_dags/example_inlet_event_extra.py took 0.357 seconds
[2025-11-08T11:23:05.984+0000] {processor.py:186} INFO - Started process (PID=182) to work on /home/airflow/.local/lib/python3.12/site-packages/airflow/example_dags/example_inlet_event_extra.py
[2025-11-08T11:23:05.985+0000] {processor.py:914} INFO - Processing file /home/airflow/.local/lib/python3.12/site-packages/airflow/example_dags/example_inlet_event_extra.py for tasks to queue
[2025-11-08T11:23:05.987+0000] {logging_mixin.py:190} INFO - [2025-11-08T11:23:05.987+0000] {dagbag.py:588} INFO - Filling up the DagBag from /home/airflow/.local/lib/python3.12/site-packages/airflow/example_dags/example_inlet_event_extra.py
[2025-11-08T11:23:06.304+0000] {processor.py:925} INFO - DAG(s) 'read_dataset_event', 'read_dataset_event_from_classic' retrieved from /home/airflow/.local/lib/python3.12/site-packages/airflow/example_dags/example_inlet_event_extra.py
[2025-11-08T11:23:06.320+0000] {logging_mixin.py:190} INFO - [2025-11-08T11:23:06.320+0000] {dag.py:3239} INFO - Sync 2 DAGs
[2025-11-08T11:23:06.340+0000] {logging_mixin.py:190} INFO - [2025-11-08T11:23:06.340+0000] {dag.py:4180} INFO - Setting next_dagrun for read_dataset_event to 2025-11-07 00:00:00+00:00, run_after=2025-11-08 00:00:00+00:00
[2025-11-08T11:23:06.344+0000] {logging_mixin.py:190} INFO - [2025-11-08T11:23:06.344+0000] {dag.py:4180} INFO - Setting next_dagrun for read_dataset_event_from_classic to 2025-11-07 00:00:00+00:00, run_after=2025-11-08 00:00:00+00:00
[2025-11-08T11:23:06.358+0000] {processor.py:208} INFO - Processing /home/airflow/.local/lib/python3.12/site-packages/airflow/example_dags/example_inlet_event_extra.py took 0.378 seconds
[2025-11-08T11:23:37.088+0000] {processor.py:186} INFO - Started process (PID=246) to work on /home/airflow/.local/lib/python3.12/site-packages/airflow/example_dags/example_inlet_event_extra.py
[2025-11-08T11:23:37.089+0000] {processor.py:914} INFO - Processing file /home/airflow/.local/lib/python3.12/site-packages/airflow/example_dags/example_inlet_event_extra.py for tasks to queue
[2025-11-08T11:23:37.091+0000] {logging_mixin.py:190} INFO - [2025-11-08T11:23:37.091+0000] {dagbag.py:588} INFO - Filling up the DagBag from /home/airflow/.local/lib/python3.12/site-packages/airflow/example_dags/example_inlet_event_extra.py
[2025-11-08T11:23:37.429+0000] {processor.py:925} INFO - DAG(s) 'read_dataset_event', 'read_dataset_event_from_classic' retrieved from /home/airflow/.local/lib/python3.12/site-packages/airflow/example_dags/example_inlet_event_extra.py
[2025-11-08T11:23:37.441+0000] {logging_mixin.py:190} INFO - [2025-11-08T11:23:37.441+0000] {dag.py:3239} INFO - Sync 2 DAGs
[2025-11-08T11:23:37.453+0000] {logging_mixin.py:190} INFO - [2025-11-08T11:23:37.453+0000] {dag.py:4180} INFO - Setting next_dagrun for read_dataset_event to 2025-11-07 00:00:00+00:00, run_after=2025-11-08 00:00:00+00:00
[2025-11-08T11:23:37.456+0000] {logging_mixin.py:190} INFO - [2025-11-08T11:23:37.456+0000] {dag.py:4180} INFO - Setting next_dagrun for read_dataset_event_from_classic to 2025-11-07 00:00:00+00:00, run_after=2025-11-08 00:00:00+00:00
[2025-11-08T11:23:37.469+0000] {processor.py:208} INFO - Processing /home/airflow/.local/lib/python3.12/site-packages/airflow/example_dags/example_inlet_event_extra.py took 0.385 seconds
[2025-11-08T11:24:08.300+0000] {processor.py:186} INFO - Started process (PID=316) to work on /home/airflow/.local/lib/python3.12/site-packages/airflow/example_dags/example_inlet_event_extra.py
[2025-11-08T11:24:08.301+0000] {processor.py:914} INFO - Processing file /home/airflow/.local/lib/python3.12/site-packages/airflow/example_dags/example_inlet_event_extra.py for tasks to queue
[2025-11-08T11:24:08.302+0000] {logging_mixin.py:190} INFO - [2025-11-08T11:24:08.302+0000] {dagbag.py:588} INFO - Filling up the DagBag from /home/airflow/.local/lib/python3.12/site-packages/airflow/example_dags/example_inlet_event_extra.py
[2025-11-08T11:24:08.643+0000] {processor.py:925} INFO - DAG(s) 'read_dataset_event_from_classic', 'read_dataset_event' retrieved from /home/airflow/.local/lib/python3.12/site-packages/airflow/example_dags/example_inlet_event_extra.py
[2025-11-08T11:24:08.653+0000] {logging_mixin.py:190} INFO - [2025-11-08T11:24:08.653+0000] {dag.py:3239} INFO - Sync 2 DAGs
[2025-11-08T11:24:08.667+0000] {logging_mixin.py:190} INFO - [2025-11-08T11:24:08.667+0000] {dag.py:4180} INFO - Setting next_dagrun for read_dataset_event to 2025-11-07 00:00:00+00:00, run_after=2025-11-08 00:00:00+00:00
[2025-11-08T11:24:08.670+0000] {logging_mixin.py:190} INFO - [2025-11-08T11:24:08.670+0000] {dag.py:4180} INFO - Setting next_dagrun for read_dataset_event_from_classic to 2025-11-07 00:00:00+00:00, run_after=2025-11-08 00:00:00+00:00
[2025-11-08T11:24:08.683+0000] {processor.py:208} INFO - Processing /home/airflow/.local/lib/python3.12/site-packages/airflow/example_dags/example_inlet_event_extra.py took 0.388 seconds
[2025-11-08T11:24:39.549+0000] {processor.py:186} INFO - Started process (PID=380) to work on /home/airflow/.local/lib/python3.12/site-packages/airflow/example_dags/example_inlet_event_extra.py
[2025-11-08T11:24:39.550+0000] {processor.py:914} INFO - Processing file /home/airflow/.local/lib/python3.12/site-packages/airflow/example_dags/example_inlet_event_extra.py for tasks to queue
[2025-11-08T11:24:39.551+0000] {logging_mixin.py:190} INFO - [2025-11-08T11:24:39.551+0000] {dagbag.py:588} INFO - Filling up the DagBag from /home/airflow/.local/lib/python3.12/site-packages/airflow/example_dags/example_inlet_event_extra.py
[2025-11-08T11:24:39.877+0000] {processor.py:925} INFO - DAG(s) 'read_dataset_event_from_classic', 'read_dataset_event' retrieved from /home/airflow/.local/lib/python3.12/site-packages/airflow/example_dags/example_inlet_event_extra.py
[2025-11-08T11:24:39.888+0000] {logging_mixin.py:190} INFO - [2025-11-08T11:24:39.887+0000] {dag.py:3239} INFO - Sync 2 DAGs
[2025-11-08T11:24:39.900+0000] {logging_mixin.py:190} INFO - [2025-11-08T11:24:39.899+0000] {dag.py:4180} INFO - Setting next_dagrun for read_dataset_event to 2025-11-07 00:00:00+00:00, run_after=2025-11-08 00:00:00+00:00
[2025-11-08T11:24:39.902+0000] {logging_mixin.py:190} INFO - [2025-11-08T11:24:39.902+0000] {dag.py:4180} INFO - Setting next_dagrun for read_dataset_event_from_classic to 2025-11-07 00:00:00+00:00, run_after=2025-11-08 00:00:00+00:00
[2025-11-08T11:24:39.910+0000] {processor.py:208} INFO - Processing /home/airflow/.local/lib/python3.12/site-packages/airflow/example_dags/example_inlet_event_extra.py took 0.366 seconds
[2025-11-08T11:25:10.683+0000] {processor.py:186} INFO - Started process (PID=444) to work on /home/airflow/.local/lib/python3.12/site-packages/airflow/example_dags/example_inlet_event_extra.py
[2025-11-08T11:25:10.689+0000] {processor.py:914} INFO - Processing file /home/airflow/.local/lib/python3.12/site-packages/airflow/example_dags/example_inlet_event_extra.py for tasks to queue
[2025-11-08T11:25:10.690+0000] {logging_mixin.py:190} INFO - [2025-11-08T11:25:10.690+0000] {dagbag.py:588} INFO - Filling up the DagBag from /home/airflow/.local/lib/python3.12/site-packages/airflow/example_dags/example_inlet_event_extra.py
[2025-11-08T11:25:11.000+0000] {processor.py:925} INFO - DAG(s) 'read_dataset_event_from_classic', 'read_dataset_event' retrieved from /home/airflow/.local/lib/python3.12/site-packages/airflow/example_dags/example_inlet_event_extra.py
[2025-11-08T11:25:11.016+0000] {logging_mixin.py:190} INFO - [2025-11-08T11:25:11.016+0000] {dag.py:3239} INFO - Sync 2 DAGs
[2025-11-08T11:25:11.030+0000] {logging_mixin.py:190} INFO - [2025-11-08T11:25:11.030+0000] {dag.py:4180} INFO - Setting next_dagrun for read_dataset_event to 2025-11-07 00:00:00+00:00, run_after=2025-11-08 00:00:00+00:00
[2025-11-08T11:25:11.033+0000] {logging_mixin.py:190} INFO - [2025-11-08T11:25:11.033+0000] {dag.py:4180} INFO - Setting next_dagrun for read_dataset_event_from_classic to 2025-11-07 00:00:00+00:00, run_after=2025-11-08 00:00:00+00:00
[2025-11-08T11:25:11.045+0000] {processor.py:208} INFO - Processing /home/airflow/.local/lib/python3.12/site-packages/airflow/example_dags/example_inlet_event_extra.py took 0.367 seconds
[2025-11-08T11:25:41.938+0000] {processor.py:186} INFO - Started process (PID=508) to work on /home/airflow/.local/lib/python3.12/site-packages/airflow/example_dags/example_inlet_event_extra.py
[2025-11-08T11:25:41.938+0000] {processor.py:914} INFO - Processing file /home/airflow/.local/lib/python3.12/site-packages/airflow/example_dags/example_inlet_event_extra.py for tasks to queue
[2025-11-08T11:25:41.940+0000] {logging_mixin.py:190} INFO - [2025-11-08T11:25:41.940+0000] {dagbag.py:588} INFO - Filling up the DagBag from /home/airflow/.local/lib/python3.12/site-packages/airflow/example_dags/example_inlet_event_extra.py
[2025-11-08T11:25:42.254+0000] {processor.py:925} INFO - DAG(s) 'read_dataset_event', 'read_dataset_event_from_classic' retrieved from /home/airflow/.local/lib/python3.12/site-packages/airflow/example_dags/example_inlet_event_extra.py
[2025-11-08T11:25:42.269+0000] {logging_mixin.py:190} INFO - [2025-11-08T11:25:42.269+0000] {dag.py:3239} INFO - Sync 2 DAGs
[2025-11-08T11:25:42.282+0000] {logging_mixin.py:190} INFO - [2025-11-08T11:25:42.282+0000] {dag.py:4180} INFO - Setting next_dagrun for read_dataset_event to 2025-11-07 00:00:00+00:00, run_after=2025-11-08 00:00:00+00:00
[2025-11-08T11:25:42.285+0000] {logging_mixin.py:190} INFO - [2025-11-08T11:25:42.285+0000] {dag.py:4180} INFO - Setting next_dagrun for read_dataset_event_from_classic to 2025-11-07 00:00:00+00:00, run_after=2025-11-08 00:00:00+00:00
[2025-11-08T11:25:42.302+0000] {processor.py:208} INFO - Processing /home/airflow/.local/lib/python3.12/site-packages/airflow/example_dags/example_inlet_event_extra.py took 0.369 seconds
[2025-11-08T11:26:12.954+0000] {processor.py:186} INFO - Started process (PID=572) to work on /home/airflow/.local/lib/python3.12/site-packages/airflow/example_dags/example_inlet_event_extra.py
[2025-11-08T11:26:12.956+0000] {processor.py:914} INFO - Processing file /home/airflow/.local/lib/python3.12/site-packages/airflow/example_dags/example_inlet_event_extra.py for tasks to queue
[2025-11-08T11:26:12.957+0000] {logging_mixin.py:190} INFO - [2025-11-08T11:26:12.957+0000] {dagbag.py:588} INFO - Filling up the DagBag from /home/airflow/.local/lib/python3.12/site-packages/airflow/example_dags/example_inlet_event_extra.py
[2025-11-08T11:26:13.285+0000] {processor.py:925} INFO - DAG(s) 'read_dataset_event_from_classic', 'read_dataset_event' retrieved from /home/airflow/.local/lib/python3.12/site-packages/airflow/example_dags/example_inlet_event_extra.py
[2025-11-08T11:26:13.300+0000] {logging_mixin.py:190} INFO - [2025-11-08T11:26:13.300+0000] {dag.py:3239} INFO - Sync 2 DAGs
[2025-11-08T11:26:13.313+0000] {logging_mixin.py:190} INFO - [2025-11-08T11:26:13.313+0000] {dag.py:4180} INFO - Setting next_dagrun for read_dataset_event to 2025-11-07 00:00:00+00:00, run_after=2025-11-08 00:00:00+00:00
[2025-11-08T11:26:13.315+0000] {logging_mixin.py:190} INFO - [2025-11-08T11:26:13.315+0000] {dag.py:4180} INFO - Setting next_dagrun for read_dataset_event_from_classic to 2025-11-07 00:00:00+00:00, run_after=2025-11-08 00:00:00+00:00
[2025-11-08T11:26:13.380+0000] {processor.py:208} INFO - Processing /home/airflow/.local/lib/python3.12/site-packages/airflow/example_dags/example_inlet_event_extra.py took 0.430 seconds
[2025-11-08T11:26:44.317+0000] {processor.py:186} INFO - Started process (PID=636) to work on /home/airflow/.local/lib/python3.12/site-packages/airflow/example_dags/example_inlet_event_extra.py
[2025-11-08T11:26:44.317+0000] {processor.py:914} INFO - Processing file /home/airflow/.local/lib/python3.12/site-packages/airflow/example_dags/example_inlet_event_extra.py for tasks to queue
[2025-11-08T11:26:44.319+0000] {logging_mixin.py:190} INFO - [2025-11-08T11:26:44.318+0000] {dagbag.py:588} INFO - Filling up the DagBag from /home/airflow/.local/lib/python3.12/site-packages/airflow/example_dags/example_inlet_event_extra.py
[2025-11-08T11:26:44.618+0000] {processor.py:925} INFO - DAG(s) 'read_dataset_event', 'read_dataset_event_from_classic' retrieved from /home/airflow/.local/lib/python3.12/site-packages/airflow/example_dags/example_inlet_event_extra.py
[2025-11-08T11:26:44.634+0000] {logging_mixin.py:190} INFO - [2025-11-08T11:26:44.634+0000] {dag.py:3239} INFO - Sync 2 DAGs
[2025-11-08T11:26:44.646+0000] {logging_mixin.py:190} INFO - [2025-11-08T11:26:44.646+0000] {dag.py:4180} INFO - Setting next_dagrun for read_dataset_event to 2025-11-07 00:00:00+00:00, run_after=2025-11-08 00:00:00+00:00
[2025-11-08T11:26:44.649+0000] {logging_mixin.py:190} INFO - [2025-11-08T11:26:44.649+0000] {dag.py:4180} INFO - Setting next_dagrun for read_dataset_event_from_classic to 2025-11-07 00:00:00+00:00, run_after=2025-11-08 00:00:00+00:00
[2025-11-08T11:26:44.662+0000] {processor.py:208} INFO - Processing /home/airflow/.local/lib/python3.12/site-packages/airflow/example_dags/example_inlet_event_extra.py took 0.350 seconds
[2025-11-08T11:27:15.524+0000] {processor.py:186} INFO - Started process (PID=700) to work on /home/airflow/.local/lib/python3.12/site-packages/airflow/example_dags/example_inlet_event_extra.py
[2025-11-08T11:27:15.524+0000] {processor.py:914} INFO - Processing file /home/airflow/.local/lib/python3.12/site-packages/airflow/example_dags/example_inlet_event_extra.py for tasks to queue
[2025-11-08T11:27:15.526+0000] {logging_mixin.py:190} INFO - [2025-11-08T11:27:15.526+0000] {dagbag.py:588} INFO - Filling up the DagBag from /home/airflow/.local/lib/python3.12/site-packages/airflow/example_dags/example_inlet_event_extra.py
[2025-11-08T11:27:15.833+0000] {processor.py:925} INFO - DAG(s) 'read_dataset_event', 'read_dataset_event_from_classic' retrieved from /home/airflow/.local/lib/python3.12/site-packages/airflow/example_dags/example_inlet_event_extra.py
[2025-11-08T11:27:15.848+0000] {logging_mixin.py:190} INFO - [2025-11-08T11:27:15.848+0000] {dag.py:3239} INFO - Sync 2 DAGs
[2025-11-08T11:27:15.861+0000] {logging_mixin.py:190} INFO - [2025-11-08T11:27:15.861+0000] {dag.py:4180} INFO - Setting next_dagrun for read_dataset_event to 2025-11-07 00:00:00+00:00, run_after=2025-11-08 00:00:00+00:00
[2025-11-08T11:27:15.864+0000] {logging_mixin.py:190} INFO - [2025-11-08T11:27:15.864+0000] {dag.py:4180} INFO - Setting next_dagrun for read_dataset_event_from_classic to 2025-11-07 00:00:00+00:00, run_after=2025-11-08 00:00:00+00:00
[2025-11-08T11:27:15.918+0000] {processor.py:208} INFO - Processing /home/airflow/.local/lib/python3.12/site-packages/airflow/example_dags/example_inlet_event_extra.py took 0.397 seconds
[2025-11-08T11:27:46.778+0000] {processor.py:186} INFO - Started process (PID=764) to work on /home/airflow/.local/lib/python3.12/site-packages/airflow/example_dags/example_inlet_event_extra.py
[2025-11-08T11:27:46.783+0000] {processor.py:914} INFO - Processing file /home/airflow/.local/lib/python3.12/site-packages/airflow/example_dags/example_inlet_event_extra.py for tasks to queue
[2025-11-08T11:27:46.784+0000] {logging_mixin.py:190} INFO - [2025-11-08T11:27:46.784+0000] {dagbag.py:588} INFO - Filling up the DagBag from /home/airflow/.local/lib/python3.12/site-packages/airflow/example_dags/example_inlet_event_extra.py
[2025-11-08T11:27:47.083+0000] {processor.py:925} INFO - DAG(s) 'read_dataset_event_from_classic', 'read_dataset_event' retrieved from /home/airflow/.local/lib/python3.12/site-packages/airflow/example_dags/example_inlet_event_extra.py
[2025-11-08T11:27:47.100+0000] {logging_mixin.py:190} INFO - [2025-11-08T11:27:47.099+0000] {dag.py:3239} INFO - Sync 2 DAGs
[2025-11-08T11:27:47.112+0000] {logging_mixin.py:190} INFO - [2025-11-08T11:27:47.112+0000] {dag.py:4180} INFO - Setting next_dagrun for read_dataset_event to 2025-11-07 00:00:00+00:00, run_after=2025-11-08 00:00:00+00:00
[2025-11-08T11:27:47.114+0000] {logging_mixin.py:190} INFO - [2025-11-08T11:27:47.114+0000] {dag.py:4180} INFO - Setting next_dagrun for read_dataset_event_from_classic to 2025-11-07 00:00:00+00:00, run_after=2025-11-08 00:00:00+00:00
[2025-11-08T11:27:47.128+0000] {processor.py:208} INFO - Processing /home/airflow/.local/lib/python3.12/site-packages/airflow/example_dags/example_inlet_event_extra.py took 0.354 seconds
[2025-11-08T11:28:17.713+0000] {processor.py:186} INFO - Started process (PID=828) to work on /home/airflow/.local/lib/python3.12/site-packages/airflow/example_dags/example_inlet_event_extra.py
[2025-11-08T11:28:17.713+0000] {processor.py:914} INFO - Processing file /home/airflow/.local/lib/python3.12/site-packages/airflow/example_dags/example_inlet_event_extra.py for tasks to queue
[2025-11-08T11:28:17.715+0000] {logging_mixin.py:190} INFO - [2025-11-08T11:28:17.714+0000] {dagbag.py:588} INFO - Filling up the DagBag from /home/airflow/.local/lib/python3.12/site-packages/airflow/example_dags/example_inlet_event_extra.py
[2025-11-08T11:28:18.389+0000] {processor.py:925} INFO - DAG(s) 'read_dataset_event', 'read_dataset_event_from_classic' retrieved from /home/airflow/.local/lib/python3.12/site-packages/airflow/example_dags/example_inlet_event_extra.py
[2025-11-08T11:28:18.415+0000] {logging_mixin.py:190} INFO - [2025-11-08T11:28:18.415+0000] {dag.py:3239} INFO - Sync 2 DAGs
[2025-11-08T11:28:18.430+0000] {logging_mixin.py:190} INFO - [2025-11-08T11:28:18.430+0000] {dag.py:4180} INFO - Setting next_dagrun for read_dataset_event to 2025-11-07 00:00:00+00:00, run_after=2025-11-08 00:00:00+00:00
[2025-11-08T11:28:18.432+0000] {logging_mixin.py:190} INFO - [2025-11-08T11:28:18.432+0000] {dag.py:4180} INFO - Setting next_dagrun for read_dataset_event_from_classic to 2025-11-07 00:00:00+00:00, run_after=2025-11-08 00:00:00+00:00
[2025-11-08T11:28:18.440+0000] {processor.py:208} INFO - Processing /home/airflow/.local/lib/python3.12/site-packages/airflow/example_dags/example_inlet_event_extra.py took 0.732 seconds
