[2025-11-08T11:22:06.890+0000] {processor.py:186} INFO - Started process (PID=90) to work on /home/airflow/.local/lib/python3.12/site-packages/airflow/example_dags/example_external_task_marker_dag.py
[2025-11-08T11:22:06.891+0000] {processor.py:914} INFO - Processing file /home/airflow/.local/lib/python3.12/site-packages/airflow/example_dags/example_external_task_marker_dag.py for tasks to queue
[2025-11-08T11:22:06.892+0000] {logging_mixin.py:190} INFO - [2025-11-08T11:22:06.892+0000] {dagbag.py:588} INFO - Filling up the DagBag from /home/airflow/.local/lib/python3.12/site-packages/airflow/example_dags/example_external_task_marker_dag.py
[2025-11-08T11:22:06.897+0000] {processor.py:925} INFO - DAG(s) 'example_external_task_marker_parent', 'example_external_task_marker_child' retrieved from /home/airflow/.local/lib/python3.12/site-packages/airflow/example_dags/example_external_task_marker_dag.py
[2025-11-08T11:22:06.909+0000] {logging_mixin.py:190} INFO - [2025-11-08T11:22:06.909+0000] {dag.py:3239} INFO - Sync 2 DAGs
[2025-11-08T11:22:06.917+0000] {logging_mixin.py:190} INFO - [2025-11-08T11:22:06.917+0000] {dag.py:4180} INFO - Setting next_dagrun for example_external_task_marker_child to None, run_after=None
[2025-11-08T11:22:06.919+0000] {logging_mixin.py:190} INFO - [2025-11-08T11:22:06.919+0000] {dag.py:4180} INFO - Setting next_dagrun for example_external_task_marker_parent to None, run_after=None
[2025-11-08T11:22:06.930+0000] {processor.py:208} INFO - Processing /home/airflow/.local/lib/python3.12/site-packages/airflow/example_dags/example_external_task_marker_dag.py took 0.043 seconds
[2025-11-08T11:22:37.709+0000] {processor.py:186} INFO - Started process (PID=154) to work on /home/airflow/.local/lib/python3.12/site-packages/airflow/example_dags/example_external_task_marker_dag.py
[2025-11-08T11:22:37.709+0000] {processor.py:914} INFO - Processing file /home/airflow/.local/lib/python3.12/site-packages/airflow/example_dags/example_external_task_marker_dag.py for tasks to queue
[2025-11-08T11:22:37.711+0000] {logging_mixin.py:190} INFO - [2025-11-08T11:22:37.710+0000] {dagbag.py:588} INFO - Filling up the DagBag from /home/airflow/.local/lib/python3.12/site-packages/airflow/example_dags/example_external_task_marker_dag.py
[2025-11-08T11:22:37.715+0000] {processor.py:925} INFO - DAG(s) 'example_external_task_marker_child', 'example_external_task_marker_parent' retrieved from /home/airflow/.local/lib/python3.12/site-packages/airflow/example_dags/example_external_task_marker_dag.py
[2025-11-08T11:22:37.729+0000] {logging_mixin.py:190} INFO - [2025-11-08T11:22:37.729+0000] {dag.py:3239} INFO - Sync 2 DAGs
[2025-11-08T11:22:37.738+0000] {logging_mixin.py:190} INFO - [2025-11-08T11:22:37.738+0000] {dag.py:4180} INFO - Setting next_dagrun for example_external_task_marker_child to None, run_after=None
[2025-11-08T11:22:37.740+0000] {logging_mixin.py:190} INFO - [2025-11-08T11:22:37.740+0000] {dag.py:4180} INFO - Setting next_dagrun for example_external_task_marker_parent to None, run_after=None
[2025-11-08T11:22:37.749+0000] {processor.py:208} INFO - Processing /home/airflow/.local/lib/python3.12/site-packages/airflow/example_dags/example_external_task_marker_dag.py took 0.043 seconds
[2025-11-08T11:23:09.107+0000] {processor.py:186} INFO - Started process (PID=224) to work on /home/airflow/.local/lib/python3.12/site-packages/airflow/example_dags/example_external_task_marker_dag.py
[2025-11-08T11:23:09.109+0000] {processor.py:914} INFO - Processing file /home/airflow/.local/lib/python3.12/site-packages/airflow/example_dags/example_external_task_marker_dag.py for tasks to queue
[2025-11-08T11:23:09.111+0000] {logging_mixin.py:190} INFO - [2025-11-08T11:23:09.111+0000] {dagbag.py:588} INFO - Filling up the DagBag from /home/airflow/.local/lib/python3.12/site-packages/airflow/example_dags/example_external_task_marker_dag.py
[2025-11-08T11:23:09.116+0000] {processor.py:925} INFO - DAG(s) 'example_external_task_marker_child', 'example_external_task_marker_parent' retrieved from /home/airflow/.local/lib/python3.12/site-packages/airflow/example_dags/example_external_task_marker_dag.py
[2025-11-08T11:23:09.134+0000] {logging_mixin.py:190} INFO - [2025-11-08T11:23:09.134+0000] {dag.py:3239} INFO - Sync 2 DAGs
[2025-11-08T11:23:09.143+0000] {logging_mixin.py:190} INFO - [2025-11-08T11:23:09.143+0000] {dag.py:4180} INFO - Setting next_dagrun for example_external_task_marker_child to None, run_after=None
[2025-11-08T11:23:09.145+0000] {logging_mixin.py:190} INFO - [2025-11-08T11:23:09.145+0000] {dag.py:4180} INFO - Setting next_dagrun for example_external_task_marker_parent to None, run_after=None
[2025-11-08T11:23:09.158+0000] {processor.py:208} INFO - Processing /home/airflow/.local/lib/python3.12/site-packages/airflow/example_dags/example_external_task_marker_dag.py took 0.057 seconds
[2025-11-08T11:23:40.267+0000] {processor.py:186} INFO - Started process (PID=288) to work on /home/airflow/.local/lib/python3.12/site-packages/airflow/example_dags/example_external_task_marker_dag.py
[2025-11-08T11:23:40.267+0000] {processor.py:914} INFO - Processing file /home/airflow/.local/lib/python3.12/site-packages/airflow/example_dags/example_external_task_marker_dag.py for tasks to queue
[2025-11-08T11:23:40.269+0000] {logging_mixin.py:190} INFO - [2025-11-08T11:23:40.269+0000] {dagbag.py:588} INFO - Filling up the DagBag from /home/airflow/.local/lib/python3.12/site-packages/airflow/example_dags/example_external_task_marker_dag.py
[2025-11-08T11:23:40.273+0000] {processor.py:925} INFO - DAG(s) 'example_external_task_marker_child', 'example_external_task_marker_parent' retrieved from /home/airflow/.local/lib/python3.12/site-packages/airflow/example_dags/example_external_task_marker_dag.py
[2025-11-08T11:23:40.290+0000] {logging_mixin.py:190} INFO - [2025-11-08T11:23:40.289+0000] {dag.py:3239} INFO - Sync 2 DAGs
[2025-11-08T11:23:40.297+0000] {logging_mixin.py:190} INFO - [2025-11-08T11:23:40.297+0000] {dag.py:4180} INFO - Setting next_dagrun for example_external_task_marker_child to None, run_after=None
[2025-11-08T11:23:40.300+0000] {logging_mixin.py:190} INFO - [2025-11-08T11:23:40.299+0000] {dag.py:4180} INFO - Setting next_dagrun for example_external_task_marker_parent to None, run_after=None
[2025-11-08T11:23:40.312+0000] {processor.py:208} INFO - Processing /home/airflow/.local/lib/python3.12/site-packages/airflow/example_dags/example_external_task_marker_dag.py took 0.048 seconds
[2025-11-08T11:24:11.357+0000] {processor.py:186} INFO - Started process (PID=352) to work on /home/airflow/.local/lib/python3.12/site-packages/airflow/example_dags/example_external_task_marker_dag.py
[2025-11-08T11:24:11.358+0000] {processor.py:914} INFO - Processing file /home/airflow/.local/lib/python3.12/site-packages/airflow/example_dags/example_external_task_marker_dag.py for tasks to queue
[2025-11-08T11:24:11.360+0000] {logging_mixin.py:190} INFO - [2025-11-08T11:24:11.360+0000] {dagbag.py:588} INFO - Filling up the DagBag from /home/airflow/.local/lib/python3.12/site-packages/airflow/example_dags/example_external_task_marker_dag.py
[2025-11-08T11:24:11.367+0000] {processor.py:925} INFO - DAG(s) 'example_external_task_marker_child', 'example_external_task_marker_parent' retrieved from /home/airflow/.local/lib/python3.12/site-packages/airflow/example_dags/example_external_task_marker_dag.py
[2025-11-08T11:24:11.392+0000] {logging_mixin.py:190} INFO - [2025-11-08T11:24:11.391+0000] {dag.py:3239} INFO - Sync 2 DAGs
[2025-11-08T11:24:11.409+0000] {logging_mixin.py:190} INFO - [2025-11-08T11:24:11.409+0000] {dag.py:4180} INFO - Setting next_dagrun for example_external_task_marker_child to None, run_after=None
[2025-11-08T11:24:11.414+0000] {logging_mixin.py:190} INFO - [2025-11-08T11:24:11.414+0000] {dag.py:4180} INFO - Setting next_dagrun for example_external_task_marker_parent to None, run_after=None
[2025-11-08T11:24:11.431+0000] {processor.py:208} INFO - Processing /home/airflow/.local/lib/python3.12/site-packages/airflow/example_dags/example_external_task_marker_dag.py took 0.079 seconds
[2025-11-08T11:24:42.606+0000] {processor.py:186} INFO - Started process (PID=416) to work on /home/airflow/.local/lib/python3.12/site-packages/airflow/example_dags/example_external_task_marker_dag.py
[2025-11-08T11:24:42.606+0000] {processor.py:914} INFO - Processing file /home/airflow/.local/lib/python3.12/site-packages/airflow/example_dags/example_external_task_marker_dag.py for tasks to queue
[2025-11-08T11:24:42.607+0000] {logging_mixin.py:190} INFO - [2025-11-08T11:24:42.607+0000] {dagbag.py:588} INFO - Filling up the DagBag from /home/airflow/.local/lib/python3.12/site-packages/airflow/example_dags/example_external_task_marker_dag.py
[2025-11-08T11:24:42.611+0000] {processor.py:925} INFO - DAG(s) 'example_external_task_marker_parent', 'example_external_task_marker_child' retrieved from /home/airflow/.local/lib/python3.12/site-packages/airflow/example_dags/example_external_task_marker_dag.py
[2025-11-08T11:24:42.624+0000] {logging_mixin.py:190} INFO - [2025-11-08T11:24:42.624+0000] {dag.py:3239} INFO - Sync 2 DAGs
[2025-11-08T11:24:42.632+0000] {logging_mixin.py:190} INFO - [2025-11-08T11:24:42.632+0000] {dag.py:4180} INFO - Setting next_dagrun for example_external_task_marker_child to None, run_after=None
[2025-11-08T11:24:42.634+0000] {logging_mixin.py:190} INFO - [2025-11-08T11:24:42.634+0000] {dag.py:4180} INFO - Setting next_dagrun for example_external_task_marker_parent to None, run_after=None
[2025-11-08T11:24:42.647+0000] {processor.py:208} INFO - Processing /home/airflow/.local/lib/python3.12/site-packages/airflow/example_dags/example_external_task_marker_dag.py took 0.044 seconds
[2025-11-08T11:25:12.849+0000] {processor.py:186} INFO - Started process (PID=480) to work on /home/airflow/.local/lib/python3.12/site-packages/airflow/example_dags/example_external_task_marker_dag.py
[2025-11-08T11:25:12.850+0000] {processor.py:914} INFO - Processing file /home/airflow/.local/lib/python3.12/site-packages/airflow/example_dags/example_external_task_marker_dag.py for tasks to queue
[2025-11-08T11:25:12.851+0000] {logging_mixin.py:190} INFO - [2025-11-08T11:25:12.851+0000] {dagbag.py:588} INFO - Filling up the DagBag from /home/airflow/.local/lib/python3.12/site-packages/airflow/example_dags/example_external_task_marker_dag.py
[2025-11-08T11:25:12.855+0000] {processor.py:925} INFO - DAG(s) 'example_external_task_marker_child', 'example_external_task_marker_parent' retrieved from /home/airflow/.local/lib/python3.12/site-packages/airflow/example_dags/example_external_task_marker_dag.py
[2025-11-08T11:25:12.869+0000] {logging_mixin.py:190} INFO - [2025-11-08T11:25:12.869+0000] {dag.py:3239} INFO - Sync 2 DAGs
[2025-11-08T11:25:12.877+0000] {logging_mixin.py:190} INFO - [2025-11-08T11:25:12.877+0000] {dag.py:4180} INFO - Setting next_dagrun for example_external_task_marker_child to None, run_after=None
[2025-11-08T11:25:12.879+0000] {logging_mixin.py:190} INFO - [2025-11-08T11:25:12.879+0000] {dag.py:4180} INFO - Setting next_dagrun for example_external_task_marker_parent to None, run_after=None
[2025-11-08T11:25:12.888+0000] {processor.py:208} INFO - Processing /home/airflow/.local/lib/python3.12/site-packages/airflow/example_dags/example_external_task_marker_dag.py took 0.042 seconds
[2025-11-08T11:25:43.957+0000] {processor.py:186} INFO - Started process (PID=544) to work on /home/airflow/.local/lib/python3.12/site-packages/airflow/example_dags/example_external_task_marker_dag.py
[2025-11-08T11:25:43.958+0000] {processor.py:914} INFO - Processing file /home/airflow/.local/lib/python3.12/site-packages/airflow/example_dags/example_external_task_marker_dag.py for tasks to queue
[2025-11-08T11:25:43.959+0000] {logging_mixin.py:190} INFO - [2025-11-08T11:25:43.959+0000] {dagbag.py:588} INFO - Filling up the DagBag from /home/airflow/.local/lib/python3.12/site-packages/airflow/example_dags/example_external_task_marker_dag.py
[2025-11-08T11:25:43.963+0000] {processor.py:925} INFO - DAG(s) 'example_external_task_marker_parent', 'example_external_task_marker_child' retrieved from /home/airflow/.local/lib/python3.12/site-packages/airflow/example_dags/example_external_task_marker_dag.py
[2025-11-08T11:25:43.976+0000] {logging_mixin.py:190} INFO - [2025-11-08T11:25:43.976+0000] {dag.py:3239} INFO - Sync 2 DAGs
[2025-11-08T11:25:43.986+0000] {logging_mixin.py:190} INFO - [2025-11-08T11:25:43.986+0000] {dag.py:4180} INFO - Setting next_dagrun for example_external_task_marker_child to None, run_after=None
[2025-11-08T11:25:43.988+0000] {logging_mixin.py:190} INFO - [2025-11-08T11:25:43.988+0000] {dag.py:4180} INFO - Setting next_dagrun for example_external_task_marker_parent to None, run_after=None
[2025-11-08T11:25:43.996+0000] {processor.py:208} INFO - Processing /home/airflow/.local/lib/python3.12/site-packages/airflow/example_dags/example_external_task_marker_dag.py took 0.042 seconds
[2025-11-08T11:26:15.235+0000] {processor.py:186} INFO - Started process (PID=608) to work on /home/airflow/.local/lib/python3.12/site-packages/airflow/example_dags/example_external_task_marker_dag.py
[2025-11-08T11:26:15.235+0000] {processor.py:914} INFO - Processing file /home/airflow/.local/lib/python3.12/site-packages/airflow/example_dags/example_external_task_marker_dag.py for tasks to queue
[2025-11-08T11:26:15.237+0000] {logging_mixin.py:190} INFO - [2025-11-08T11:26:15.237+0000] {dagbag.py:588} INFO - Filling up the DagBag from /home/airflow/.local/lib/python3.12/site-packages/airflow/example_dags/example_external_task_marker_dag.py
[2025-11-08T11:26:15.241+0000] {processor.py:925} INFO - DAG(s) 'example_external_task_marker_parent', 'example_external_task_marker_child' retrieved from /home/airflow/.local/lib/python3.12/site-packages/airflow/example_dags/example_external_task_marker_dag.py
[2025-11-08T11:26:15.256+0000] {logging_mixin.py:190} INFO - [2025-11-08T11:26:15.255+0000] {dag.py:3239} INFO - Sync 2 DAGs
[2025-11-08T11:26:15.265+0000] {logging_mixin.py:190} INFO - [2025-11-08T11:26:15.265+0000] {dag.py:4180} INFO - Setting next_dagrun for example_external_task_marker_child to None, run_after=None
[2025-11-08T11:26:15.267+0000] {logging_mixin.py:190} INFO - [2025-11-08T11:26:15.267+0000] {dag.py:4180} INFO - Setting next_dagrun for example_external_task_marker_parent to None, run_after=None
[2025-11-08T11:26:15.277+0000] {processor.py:208} INFO - Processing /home/airflow/.local/lib/python3.12/site-packages/airflow/example_dags/example_external_task_marker_dag.py took 0.046 seconds
[2025-11-08T11:26:46.384+0000] {processor.py:186} INFO - Started process (PID=672) to work on /home/airflow/.local/lib/python3.12/site-packages/airflow/example_dags/example_external_task_marker_dag.py
[2025-11-08T11:26:46.384+0000] {processor.py:914} INFO - Processing file /home/airflow/.local/lib/python3.12/site-packages/airflow/example_dags/example_external_task_marker_dag.py for tasks to queue
[2025-11-08T11:26:46.385+0000] {logging_mixin.py:190} INFO - [2025-11-08T11:26:46.385+0000] {dagbag.py:588} INFO - Filling up the DagBag from /home/airflow/.local/lib/python3.12/site-packages/airflow/example_dags/example_external_task_marker_dag.py
[2025-11-08T11:26:46.389+0000] {processor.py:925} INFO - DAG(s) 'example_external_task_marker_child', 'example_external_task_marker_parent' retrieved from /home/airflow/.local/lib/python3.12/site-packages/airflow/example_dags/example_external_task_marker_dag.py
[2025-11-08T11:26:46.404+0000] {logging_mixin.py:190} INFO - [2025-11-08T11:26:46.404+0000] {dag.py:3239} INFO - Sync 2 DAGs
[2025-11-08T11:26:46.412+0000] {logging_mixin.py:190} INFO - [2025-11-08T11:26:46.412+0000] {dag.py:4180} INFO - Setting next_dagrun for example_external_task_marker_child to None, run_after=None
[2025-11-08T11:26:46.414+0000] {logging_mixin.py:190} INFO - [2025-11-08T11:26:46.414+0000] {dag.py:4180} INFO - Setting next_dagrun for example_external_task_marker_parent to None, run_after=None
[2025-11-08T11:26:46.425+0000] {processor.py:208} INFO - Processing /home/airflow/.local/lib/python3.12/site-packages/airflow/example_dags/example_external_task_marker_dag.py took 0.045 seconds
[2025-11-08T11:27:17.668+0000] {processor.py:186} INFO - Started process (PID=736) to work on /home/airflow/.local/lib/python3.12/site-packages/airflow/example_dags/example_external_task_marker_dag.py
[2025-11-08T11:27:17.670+0000] {processor.py:914} INFO - Processing file /home/airflow/.local/lib/python3.12/site-packages/airflow/example_dags/example_external_task_marker_dag.py for tasks to queue
[2025-11-08T11:27:17.672+0000] {logging_mixin.py:190} INFO - [2025-11-08T11:27:17.671+0000] {dagbag.py:588} INFO - Filling up the DagBag from /home/airflow/.local/lib/python3.12/site-packages/airflow/example_dags/example_external_task_marker_dag.py
[2025-11-08T11:27:17.676+0000] {processor.py:925} INFO - DAG(s) 'example_external_task_marker_child', 'example_external_task_marker_parent' retrieved from /home/airflow/.local/lib/python3.12/site-packages/airflow/example_dags/example_external_task_marker_dag.py
[2025-11-08T11:27:17.691+0000] {logging_mixin.py:190} INFO - [2025-11-08T11:27:17.691+0000] {dag.py:3239} INFO - Sync 2 DAGs
[2025-11-08T11:27:17.699+0000] {logging_mixin.py:190} INFO - [2025-11-08T11:27:17.699+0000] {dag.py:4180} INFO - Setting next_dagrun for example_external_task_marker_child to None, run_after=None
[2025-11-08T11:27:17.701+0000] {logging_mixin.py:190} INFO - [2025-11-08T11:27:17.701+0000] {dag.py:4180} INFO - Setting next_dagrun for example_external_task_marker_parent to None, run_after=None
[2025-11-08T11:27:17.711+0000] {processor.py:208} INFO - Processing /home/airflow/.local/lib/python3.12/site-packages/airflow/example_dags/example_external_task_marker_dag.py took 0.046 seconds
[2025-11-08T11:27:48.608+0000] {processor.py:186} INFO - Started process (PID=800) to work on /home/airflow/.local/lib/python3.12/site-packages/airflow/example_dags/example_external_task_marker_dag.py
[2025-11-08T11:27:48.608+0000] {processor.py:914} INFO - Processing file /home/airflow/.local/lib/python3.12/site-packages/airflow/example_dags/example_external_task_marker_dag.py for tasks to queue
[2025-11-08T11:27:48.610+0000] {logging_mixin.py:190} INFO - [2025-11-08T11:27:48.609+0000] {dagbag.py:588} INFO - Filling up the DagBag from /home/airflow/.local/lib/python3.12/site-packages/airflow/example_dags/example_external_task_marker_dag.py
[2025-11-08T11:27:48.614+0000] {processor.py:925} INFO - DAG(s) 'example_external_task_marker_parent', 'example_external_task_marker_child' retrieved from /home/airflow/.local/lib/python3.12/site-packages/airflow/example_dags/example_external_task_marker_dag.py
[2025-11-08T11:27:48.626+0000] {logging_mixin.py:190} INFO - [2025-11-08T11:27:48.626+0000] {dag.py:3239} INFO - Sync 2 DAGs
[2025-11-08T11:27:48.634+0000] {logging_mixin.py:190} INFO - [2025-11-08T11:27:48.634+0000] {dag.py:4180} INFO - Setting next_dagrun for example_external_task_marker_child to None, run_after=None
[2025-11-08T11:27:48.636+0000] {logging_mixin.py:190} INFO - [2025-11-08T11:27:48.636+0000] {dag.py:4180} INFO - Setting next_dagrun for example_external_task_marker_parent to None, run_after=None
[2025-11-08T11:27:48.645+0000] {processor.py:208} INFO - Processing /home/airflow/.local/lib/python3.12/site-packages/airflow/example_dags/example_external_task_marker_dag.py took 0.040 seconds
[2025-11-08T11:28:20.287+0000] {processor.py:186} INFO - Started process (PID=864) to work on /home/airflow/.local/lib/python3.12/site-packages/airflow/example_dags/example_external_task_marker_dag.py
[2025-11-08T11:28:20.287+0000] {processor.py:914} INFO - Processing file /home/airflow/.local/lib/python3.12/site-packages/airflow/example_dags/example_external_task_marker_dag.py for tasks to queue
[2025-11-08T11:28:20.288+0000] {logging_mixin.py:190} INFO - [2025-11-08T11:28:20.288+0000] {dagbag.py:588} INFO - Filling up the DagBag from /home/airflow/.local/lib/python3.12/site-packages/airflow/example_dags/example_external_task_marker_dag.py
[2025-11-08T11:28:20.293+0000] {processor.py:925} INFO - DAG(s) 'example_external_task_marker_parent', 'example_external_task_marker_child' retrieved from /home/airflow/.local/lib/python3.12/site-packages/airflow/example_dags/example_external_task_marker_dag.py
[2025-11-08T11:28:20.313+0000] {logging_mixin.py:190} INFO - [2025-11-08T11:28:20.313+0000] {dag.py:3239} INFO - Sync 2 DAGs
[2025-11-08T11:28:20.324+0000] {logging_mixin.py:190} INFO - [2025-11-08T11:28:20.324+0000] {dag.py:4180} INFO - Setting next_dagrun for example_external_task_marker_child to None, run_after=None
[2025-11-08T11:28:20.328+0000] {logging_mixin.py:190} INFO - [2025-11-08T11:28:20.327+0000] {dag.py:4180} INFO - Setting next_dagrun for example_external_task_marker_parent to None, run_after=None
[2025-11-08T11:28:20.339+0000] {processor.py:208} INFO - Processing /home/airflow/.local/lib/python3.12/site-packages/airflow/example_dags/example_external_task_marker_dag.py took 0.056 seconds
