[2025-11-08T11:22:04.676+0000] {processor.py:186} INFO - Started process (PID=57) to work on /home/airflow/.local/lib/python3.12/site-packages/airflow/example_dags/example_branch_operator_decorator.py
[2025-11-08T11:22:04.677+0000] {processor.py:914} INFO - Processing file /home/airflow/.local/lib/python3.12/site-packages/airflow/example_dags/example_branch_operator_decorator.py for tasks to queue
[2025-11-08T11:22:04.679+0000] {logging_mixin.py:190} INFO - [2025-11-08T11:22:04.679+0000] {dagbag.py:588} INFO - Filling up the DagBag from /home/airflow/.local/lib/python3.12/site-packages/airflow/example_dags/example_branch_operator_decorator.py
[2025-11-08T11:22:04.705+0000] {processor.py:925} INFO - DAG(s) 'example_branch_python_operator_decorator' retrieved from /home/airflow/.local/lib/python3.12/site-packages/airflow/example_dags/example_branch_operator_decorator.py
[2025-11-08T11:22:04.915+0000] {logging_mixin.py:190} INFO - [2025-11-08T11:22:04.915+0000] {dag.py:3239} INFO - Sync 1 DAGs
[2025-11-08T11:22:04.938+0000] {logging_mixin.py:190} INFO - [2025-11-08T11:22:04.938+0000] {dag.py:4180} INFO - Setting next_dagrun for example_branch_python_operator_decorator to 2025-11-07 00:00:00+00:00, run_after=2025-11-08 00:00:00+00:00
[2025-11-08T11:22:04.957+0000] {processor.py:208} INFO - Processing /home/airflow/.local/lib/python3.12/site-packages/airflow/example_dags/example_branch_operator_decorator.py took 0.287 seconds
[2025-11-08T11:22:35.417+0000] {processor.py:186} INFO - Started process (PID=122) to work on /home/airflow/.local/lib/python3.12/site-packages/airflow/example_dags/example_branch_operator_decorator.py
[2025-11-08T11:22:35.419+0000] {processor.py:914} INFO - Processing file /home/airflow/.local/lib/python3.12/site-packages/airflow/example_dags/example_branch_operator_decorator.py for tasks to queue
[2025-11-08T11:22:35.420+0000] {logging_mixin.py:190} INFO - [2025-11-08T11:22:35.420+0000] {dagbag.py:588} INFO - Filling up the DagBag from /home/airflow/.local/lib/python3.12/site-packages/airflow/example_dags/example_branch_operator_decorator.py
[2025-11-08T11:22:35.431+0000] {processor.py:925} INFO - DAG(s) 'example_branch_python_operator_decorator' retrieved from /home/airflow/.local/lib/python3.12/site-packages/airflow/example_dags/example_branch_operator_decorator.py
[2025-11-08T11:22:35.448+0000] {logging_mixin.py:190} INFO - [2025-11-08T11:22:35.448+0000] {dag.py:3239} INFO - Sync 1 DAGs
[2025-11-08T11:22:35.461+0000] {logging_mixin.py:190} INFO - [2025-11-08T11:22:35.461+0000] {dag.py:4180} INFO - Setting next_dagrun for example_branch_python_operator_decorator to 2025-11-07 00:00:00+00:00, run_after=2025-11-08 00:00:00+00:00
[2025-11-08T11:22:35.472+0000] {processor.py:208} INFO - Processing /home/airflow/.local/lib/python3.12/site-packages/airflow/example_dags/example_branch_operator_decorator.py took 0.059 seconds
[2025-11-08T11:23:06.446+0000] {processor.py:186} INFO - Started process (PID=185) to work on /home/airflow/.local/lib/python3.12/site-packages/airflow/example_dags/example_branch_operator_decorator.py
[2025-11-08T11:23:06.446+0000] {processor.py:914} INFO - Processing file /home/airflow/.local/lib/python3.12/site-packages/airflow/example_dags/example_branch_operator_decorator.py for tasks to queue
[2025-11-08T11:23:06.448+0000] {logging_mixin.py:190} INFO - [2025-11-08T11:23:06.448+0000] {dagbag.py:588} INFO - Filling up the DagBag from /home/airflow/.local/lib/python3.12/site-packages/airflow/example_dags/example_branch_operator_decorator.py
[2025-11-08T11:23:06.461+0000] {processor.py:925} INFO - DAG(s) 'example_branch_python_operator_decorator' retrieved from /home/airflow/.local/lib/python3.12/site-packages/airflow/example_dags/example_branch_operator_decorator.py
[2025-11-08T11:23:06.478+0000] {logging_mixin.py:190} INFO - [2025-11-08T11:23:06.478+0000] {dag.py:3239} INFO - Sync 1 DAGs
[2025-11-08T11:23:06.493+0000] {logging_mixin.py:190} INFO - [2025-11-08T11:23:06.493+0000] {dag.py:4180} INFO - Setting next_dagrun for example_branch_python_operator_decorator to 2025-11-07 00:00:00+00:00, run_after=2025-11-08 00:00:00+00:00
[2025-11-08T11:23:06.507+0000] {processor.py:208} INFO - Processing /home/airflow/.local/lib/python3.12/site-packages/airflow/example_dags/example_branch_operator_decorator.py took 0.067 seconds
[2025-11-08T11:23:37.557+0000] {processor.py:186} INFO - Started process (PID=249) to work on /home/airflow/.local/lib/python3.12/site-packages/airflow/example_dags/example_branch_operator_decorator.py
[2025-11-08T11:23:37.557+0000] {processor.py:914} INFO - Processing file /home/airflow/.local/lib/python3.12/site-packages/airflow/example_dags/example_branch_operator_decorator.py for tasks to queue
[2025-11-08T11:23:37.559+0000] {logging_mixin.py:190} INFO - [2025-11-08T11:23:37.559+0000] {dagbag.py:588} INFO - Filling up the DagBag from /home/airflow/.local/lib/python3.12/site-packages/airflow/example_dags/example_branch_operator_decorator.py
[2025-11-08T11:23:37.572+0000] {processor.py:925} INFO - DAG(s) 'example_branch_python_operator_decorator' retrieved from /home/airflow/.local/lib/python3.12/site-packages/airflow/example_dags/example_branch_operator_decorator.py
[2025-11-08T11:23:37.588+0000] {logging_mixin.py:190} INFO - [2025-11-08T11:23:37.588+0000] {dag.py:3239} INFO - Sync 1 DAGs
[2025-11-08T11:23:37.603+0000] {logging_mixin.py:190} INFO - [2025-11-08T11:23:37.602+0000] {dag.py:4180} INFO - Setting next_dagrun for example_branch_python_operator_decorator to 2025-11-07 00:00:00+00:00, run_after=2025-11-08 00:00:00+00:00
[2025-11-08T11:23:37.616+0000] {processor.py:208} INFO - Processing /home/airflow/.local/lib/python3.12/site-packages/airflow/example_dags/example_branch_operator_decorator.py took 0.062 seconds
[2025-11-08T11:24:08.725+0000] {processor.py:186} INFO - Started process (PID=319) to work on /home/airflow/.local/lib/python3.12/site-packages/airflow/example_dags/example_branch_operator_decorator.py
[2025-11-08T11:24:08.726+0000] {processor.py:914} INFO - Processing file /home/airflow/.local/lib/python3.12/site-packages/airflow/example_dags/example_branch_operator_decorator.py for tasks to queue
[2025-11-08T11:24:08.728+0000] {logging_mixin.py:190} INFO - [2025-11-08T11:24:08.727+0000] {dagbag.py:588} INFO - Filling up the DagBag from /home/airflow/.local/lib/python3.12/site-packages/airflow/example_dags/example_branch_operator_decorator.py
[2025-11-08T11:24:08.750+0000] {processor.py:925} INFO - DAG(s) 'example_branch_python_operator_decorator' retrieved from /home/airflow/.local/lib/python3.12/site-packages/airflow/example_dags/example_branch_operator_decorator.py
[2025-11-08T11:24:08.773+0000] {logging_mixin.py:190} INFO - [2025-11-08T11:24:08.772+0000] {dag.py:3239} INFO - Sync 1 DAGs
[2025-11-08T11:24:08.788+0000] {logging_mixin.py:190} INFO - [2025-11-08T11:24:08.787+0000] {dag.py:4180} INFO - Setting next_dagrun for example_branch_python_operator_decorator to 2025-11-07 00:00:00+00:00, run_after=2025-11-08 00:00:00+00:00
[2025-11-08T11:24:08.798+0000] {processor.py:208} INFO - Processing /home/airflow/.local/lib/python3.12/site-packages/airflow/example_dags/example_branch_operator_decorator.py took 0.078 seconds
[2025-11-08T11:24:39.940+0000] {processor.py:186} INFO - Started process (PID=383) to work on /home/airflow/.local/lib/python3.12/site-packages/airflow/example_dags/example_branch_operator_decorator.py
[2025-11-08T11:24:39.941+0000] {processor.py:914} INFO - Processing file /home/airflow/.local/lib/python3.12/site-packages/airflow/example_dags/example_branch_operator_decorator.py for tasks to queue
[2025-11-08T11:24:39.942+0000] {logging_mixin.py:190} INFO - [2025-11-08T11:24:39.941+0000] {dagbag.py:588} INFO - Filling up the DagBag from /home/airflow/.local/lib/python3.12/site-packages/airflow/example_dags/example_branch_operator_decorator.py
[2025-11-08T11:24:39.953+0000] {processor.py:925} INFO - DAG(s) 'example_branch_python_operator_decorator' retrieved from /home/airflow/.local/lib/python3.12/site-packages/airflow/example_dags/example_branch_operator_decorator.py
[2025-11-08T11:24:39.974+0000] {logging_mixin.py:190} INFO - [2025-11-08T11:24:39.974+0000] {dag.py:3239} INFO - Sync 1 DAGs
[2025-11-08T11:24:39.990+0000] {logging_mixin.py:190} INFO - [2025-11-08T11:24:39.989+0000] {dag.py:4180} INFO - Setting next_dagrun for example_branch_python_operator_decorator to 2025-11-07 00:00:00+00:00, run_after=2025-11-08 00:00:00+00:00
[2025-11-08T11:24:40.001+0000] {processor.py:208} INFO - Processing /home/airflow/.local/lib/python3.12/site-packages/airflow/example_dags/example_branch_operator_decorator.py took 0.064 seconds
[2025-11-08T11:25:11.132+0000] {processor.py:186} INFO - Started process (PID=447) to work on /home/airflow/.local/lib/python3.12/site-packages/airflow/example_dags/example_branch_operator_decorator.py
[2025-11-08T11:25:11.134+0000] {processor.py:914} INFO - Processing file /home/airflow/.local/lib/python3.12/site-packages/airflow/example_dags/example_branch_operator_decorator.py for tasks to queue
[2025-11-08T11:25:11.135+0000] {logging_mixin.py:190} INFO - [2025-11-08T11:25:11.135+0000] {dagbag.py:588} INFO - Filling up the DagBag from /home/airflow/.local/lib/python3.12/site-packages/airflow/example_dags/example_branch_operator_decorator.py
[2025-11-08T11:25:11.146+0000] {processor.py:925} INFO - DAG(s) 'example_branch_python_operator_decorator' retrieved from /home/airflow/.local/lib/python3.12/site-packages/airflow/example_dags/example_branch_operator_decorator.py
[2025-11-08T11:25:11.162+0000] {logging_mixin.py:190} INFO - [2025-11-08T11:25:11.162+0000] {dag.py:3239} INFO - Sync 1 DAGs
[2025-11-08T11:25:11.177+0000] {logging_mixin.py:190} INFO - [2025-11-08T11:25:11.176+0000] {dag.py:4180} INFO - Setting next_dagrun for example_branch_python_operator_decorator to 2025-11-07 00:00:00+00:00, run_after=2025-11-08 00:00:00+00:00
[2025-11-08T11:25:11.189+0000] {processor.py:208} INFO - Processing /home/airflow/.local/lib/python3.12/site-packages/airflow/example_dags/example_branch_operator_decorator.py took 0.062 seconds
[2025-11-08T11:25:42.383+0000] {processor.py:186} INFO - Started process (PID=511) to work on /home/airflow/.local/lib/python3.12/site-packages/airflow/example_dags/example_branch_operator_decorator.py
[2025-11-08T11:25:42.384+0000] {processor.py:914} INFO - Processing file /home/airflow/.local/lib/python3.12/site-packages/airflow/example_dags/example_branch_operator_decorator.py for tasks to queue
[2025-11-08T11:25:42.385+0000] {logging_mixin.py:190} INFO - [2025-11-08T11:25:42.385+0000] {dagbag.py:588} INFO - Filling up the DagBag from /home/airflow/.local/lib/python3.12/site-packages/airflow/example_dags/example_branch_operator_decorator.py
[2025-11-08T11:25:42.399+0000] {processor.py:925} INFO - DAG(s) 'example_branch_python_operator_decorator' retrieved from /home/airflow/.local/lib/python3.12/site-packages/airflow/example_dags/example_branch_operator_decorator.py
[2025-11-08T11:25:42.414+0000] {logging_mixin.py:190} INFO - [2025-11-08T11:25:42.414+0000] {dag.py:3239} INFO - Sync 1 DAGs
[2025-11-08T11:25:42.428+0000] {logging_mixin.py:190} INFO - [2025-11-08T11:25:42.427+0000] {dag.py:4180} INFO - Setting next_dagrun for example_branch_python_operator_decorator to 2025-11-07 00:00:00+00:00, run_after=2025-11-08 00:00:00+00:00
[2025-11-08T11:25:42.438+0000] {processor.py:208} INFO - Processing /home/airflow/.local/lib/python3.12/site-packages/airflow/example_dags/example_branch_operator_decorator.py took 0.059 seconds
[2025-11-08T11:26:13.463+0000] {processor.py:186} INFO - Started process (PID=575) to work on /home/airflow/.local/lib/python3.12/site-packages/airflow/example_dags/example_branch_operator_decorator.py
[2025-11-08T11:26:13.464+0000] {processor.py:914} INFO - Processing file /home/airflow/.local/lib/python3.12/site-packages/airflow/example_dags/example_branch_operator_decorator.py for tasks to queue
[2025-11-08T11:26:13.465+0000] {logging_mixin.py:190} INFO - [2025-11-08T11:26:13.465+0000] {dagbag.py:588} INFO - Filling up the DagBag from /home/airflow/.local/lib/python3.12/site-packages/airflow/example_dags/example_branch_operator_decorator.py
[2025-11-08T11:26:13.477+0000] {processor.py:925} INFO - DAG(s) 'example_branch_python_operator_decorator' retrieved from /home/airflow/.local/lib/python3.12/site-packages/airflow/example_dags/example_branch_operator_decorator.py
[2025-11-08T11:26:13.494+0000] {logging_mixin.py:190} INFO - [2025-11-08T11:26:13.494+0000] {dag.py:3239} INFO - Sync 1 DAGs
[2025-11-08T11:26:13.512+0000] {logging_mixin.py:190} INFO - [2025-11-08T11:26:13.511+0000] {dag.py:4180} INFO - Setting next_dagrun for example_branch_python_operator_decorator to 2025-11-07 00:00:00+00:00, run_after=2025-11-08 00:00:00+00:00
[2025-11-08T11:26:13.522+0000] {processor.py:208} INFO - Processing /home/airflow/.local/lib/python3.12/site-packages/airflow/example_dags/example_branch_operator_decorator.py took 0.062 seconds
[2025-11-08T11:26:44.763+0000] {processor.py:186} INFO - Started process (PID=639) to work on /home/airflow/.local/lib/python3.12/site-packages/airflow/example_dags/example_branch_operator_decorator.py
[2025-11-08T11:26:44.764+0000] {processor.py:914} INFO - Processing file /home/airflow/.local/lib/python3.12/site-packages/airflow/example_dags/example_branch_operator_decorator.py for tasks to queue
[2025-11-08T11:26:44.765+0000] {logging_mixin.py:190} INFO - [2025-11-08T11:26:44.765+0000] {dagbag.py:588} INFO - Filling up the DagBag from /home/airflow/.local/lib/python3.12/site-packages/airflow/example_dags/example_branch_operator_decorator.py
[2025-11-08T11:26:44.779+0000] {processor.py:925} INFO - DAG(s) 'example_branch_python_operator_decorator' retrieved from /home/airflow/.local/lib/python3.12/site-packages/airflow/example_dags/example_branch_operator_decorator.py
[2025-11-08T11:26:44.798+0000] {logging_mixin.py:190} INFO - [2025-11-08T11:26:44.797+0000] {dag.py:3239} INFO - Sync 1 DAGs
[2025-11-08T11:26:44.810+0000] {logging_mixin.py:190} INFO - [2025-11-08T11:26:44.810+0000] {dag.py:4180} INFO - Setting next_dagrun for example_branch_python_operator_decorator to 2025-11-07 00:00:00+00:00, run_after=2025-11-08 00:00:00+00:00
[2025-11-08T11:26:44.822+0000] {processor.py:208} INFO - Processing /home/airflow/.local/lib/python3.12/site-packages/airflow/example_dags/example_branch_operator_decorator.py took 0.063 seconds
[2025-11-08T11:27:16.015+0000] {processor.py:186} INFO - Started process (PID=703) to work on /home/airflow/.local/lib/python3.12/site-packages/airflow/example_dags/example_branch_operator_decorator.py
[2025-11-08T11:27:16.016+0000] {processor.py:914} INFO - Processing file /home/airflow/.local/lib/python3.12/site-packages/airflow/example_dags/example_branch_operator_decorator.py for tasks to queue
[2025-11-08T11:27:16.017+0000] {logging_mixin.py:190} INFO - [2025-11-08T11:27:16.017+0000] {dagbag.py:588} INFO - Filling up the DagBag from /home/airflow/.local/lib/python3.12/site-packages/airflow/example_dags/example_branch_operator_decorator.py
[2025-11-08T11:27:16.029+0000] {processor.py:925} INFO - DAG(s) 'example_branch_python_operator_decorator' retrieved from /home/airflow/.local/lib/python3.12/site-packages/airflow/example_dags/example_branch_operator_decorator.py
[2025-11-08T11:27:16.047+0000] {logging_mixin.py:190} INFO - [2025-11-08T11:27:16.047+0000] {dag.py:3239} INFO - Sync 1 DAGs
[2025-11-08T11:27:16.060+0000] {logging_mixin.py:190} INFO - [2025-11-08T11:27:16.060+0000] {dag.py:4180} INFO - Setting next_dagrun for example_branch_python_operator_decorator to 2025-11-07 00:00:00+00:00, run_after=2025-11-08 00:00:00+00:00
[2025-11-08T11:27:16.072+0000] {processor.py:208} INFO - Processing /home/airflow/.local/lib/python3.12/site-packages/airflow/example_dags/example_branch_operator_decorator.py took 0.060 seconds
[2025-11-08T11:27:47.229+0000] {processor.py:186} INFO - Started process (PID=767) to work on /home/airflow/.local/lib/python3.12/site-packages/airflow/example_dags/example_branch_operator_decorator.py
[2025-11-08T11:27:47.230+0000] {processor.py:914} INFO - Processing file /home/airflow/.local/lib/python3.12/site-packages/airflow/example_dags/example_branch_operator_decorator.py for tasks to queue
[2025-11-08T11:27:47.231+0000] {logging_mixin.py:190} INFO - [2025-11-08T11:27:47.231+0000] {dagbag.py:588} INFO - Filling up the DagBag from /home/airflow/.local/lib/python3.12/site-packages/airflow/example_dags/example_branch_operator_decorator.py
[2025-11-08T11:27:47.242+0000] {processor.py:925} INFO - DAG(s) 'example_branch_python_operator_decorator' retrieved from /home/airflow/.local/lib/python3.12/site-packages/airflow/example_dags/example_branch_operator_decorator.py
[2025-11-08T11:27:47.258+0000] {logging_mixin.py:190} INFO - [2025-11-08T11:27:47.258+0000] {dag.py:3239} INFO - Sync 1 DAGs
[2025-11-08T11:27:47.273+0000] {logging_mixin.py:190} INFO - [2025-11-08T11:27:47.273+0000] {dag.py:4180} INFO - Setting next_dagrun for example_branch_python_operator_decorator to 2025-11-07 00:00:00+00:00, run_after=2025-11-08 00:00:00+00:00
[2025-11-08T11:27:47.283+0000] {processor.py:208} INFO - Processing /home/airflow/.local/lib/python3.12/site-packages/airflow/example_dags/example_branch_operator_decorator.py took 0.057 seconds
[2025-11-08T11:28:18.548+0000] {processor.py:186} INFO - Started process (PID=831) to work on /home/airflow/.local/lib/python3.12/site-packages/airflow/example_dags/example_branch_operator_decorator.py
[2025-11-08T11:28:18.549+0000] {processor.py:914} INFO - Processing file /home/airflow/.local/lib/python3.12/site-packages/airflow/example_dags/example_branch_operator_decorator.py for tasks to queue
[2025-11-08T11:28:18.551+0000] {logging_mixin.py:190} INFO - [2025-11-08T11:28:18.550+0000] {dagbag.py:588} INFO - Filling up the DagBag from /home/airflow/.local/lib/python3.12/site-packages/airflow/example_dags/example_branch_operator_decorator.py
[2025-11-08T11:28:18.569+0000] {processor.py:925} INFO - DAG(s) 'example_branch_python_operator_decorator' retrieved from /home/airflow/.local/lib/python3.12/site-packages/airflow/example_dags/example_branch_operator_decorator.py
[2025-11-08T11:28:18.587+0000] {logging_mixin.py:190} INFO - [2025-11-08T11:28:18.587+0000] {dag.py:3239} INFO - Sync 1 DAGs
[2025-11-08T11:28:18.601+0000] {logging_mixin.py:190} INFO - [2025-11-08T11:28:18.600+0000] {dag.py:4180} INFO - Setting next_dagrun for example_branch_python_operator_decorator to 2025-11-07 00:00:00+00:00, run_after=2025-11-08 00:00:00+00:00
[2025-11-08T11:28:18.611+0000] {processor.py:208} INFO - Processing /home/airflow/.local/lib/python3.12/site-packages/airflow/example_dags/example_branch_operator_decorator.py took 0.069 seconds
