[2025-11-08T11:22:07.010+0000] {processor.py:186} INFO - Started process (PID=92) to work on /home/airflow/.local/lib/python3.12/site-packages/airflow/example_dags/tutorial_dag.py
[2025-11-08T11:22:07.011+0000] {processor.py:914} INFO - Processing file /home/airflow/.local/lib/python3.12/site-packages/airflow/example_dags/tutorial_dag.py for tasks to queue
[2025-11-08T11:22:07.013+0000] {logging_mixin.py:190} INFO - [2025-11-08T11:22:07.012+0000] {dagbag.py:588} INFO - Filling up the DagBag from /home/airflow/.local/lib/python3.12/site-packages/airflow/example_dags/tutorial_dag.py
[2025-11-08T11:22:07.019+0000] {processor.py:925} INFO - DAG(s) 'tutorial_dag' retrieved from /home/airflow/.local/lib/python3.12/site-packages/airflow/example_dags/tutorial_dag.py
[2025-11-08T11:22:07.032+0000] {logging_mixin.py:190} INFO - [2025-11-08T11:22:07.031+0000] {dag.py:3239} INFO - Sync 1 DAGs
[2025-11-08T11:22:07.039+0000] {logging_mixin.py:190} INFO - [2025-11-08T11:22:07.039+0000] {dag.py:4180} INFO - Setting next_dagrun for tutorial_dag to None, run_after=None
[2025-11-08T11:22:07.051+0000] {processor.py:208} INFO - Processing /home/airflow/.local/lib/python3.12/site-packages/airflow/example_dags/tutorial_dag.py took 0.045 seconds
[2025-11-08T11:22:37.765+0000] {processor.py:186} INFO - Started process (PID=156) to work on /home/airflow/.local/lib/python3.12/site-packages/airflow/example_dags/tutorial_dag.py
[2025-11-08T11:22:37.765+0000] {processor.py:914} INFO - Processing file /home/airflow/.local/lib/python3.12/site-packages/airflow/example_dags/tutorial_dag.py for tasks to queue
[2025-11-08T11:22:37.766+0000] {logging_mixin.py:190} INFO - [2025-11-08T11:22:37.766+0000] {dagbag.py:588} INFO - Filling up the DagBag from /home/airflow/.local/lib/python3.12/site-packages/airflow/example_dags/tutorial_dag.py
[2025-11-08T11:22:37.770+0000] {processor.py:925} INFO - DAG(s) 'tutorial_dag' retrieved from /home/airflow/.local/lib/python3.12/site-packages/airflow/example_dags/tutorial_dag.py
[2025-11-08T11:22:37.781+0000] {logging_mixin.py:190} INFO - [2025-11-08T11:22:37.781+0000] {dag.py:3239} INFO - Sync 1 DAGs
[2025-11-08T11:22:37.789+0000] {logging_mixin.py:190} INFO - [2025-11-08T11:22:37.789+0000] {dag.py:4180} INFO - Setting next_dagrun for tutorial_dag to None, run_after=None
[2025-11-08T11:22:37.799+0000] {processor.py:208} INFO - Processing /home/airflow/.local/lib/python3.12/site-packages/airflow/example_dags/tutorial_dag.py took 0.037 seconds
[2025-11-08T11:23:09.174+0000] {processor.py:186} INFO - Started process (PID=226) to work on /home/airflow/.local/lib/python3.12/site-packages/airflow/example_dags/tutorial_dag.py
[2025-11-08T11:23:09.174+0000] {processor.py:914} INFO - Processing file /home/airflow/.local/lib/python3.12/site-packages/airflow/example_dags/tutorial_dag.py for tasks to queue
[2025-11-08T11:23:09.175+0000] {logging_mixin.py:190} INFO - [2025-11-08T11:23:09.175+0000] {dagbag.py:588} INFO - Filling up the DagBag from /home/airflow/.local/lib/python3.12/site-packages/airflow/example_dags/tutorial_dag.py
[2025-11-08T11:23:09.179+0000] {processor.py:925} INFO - DAG(s) 'tutorial_dag' retrieved from /home/airflow/.local/lib/python3.12/site-packages/airflow/example_dags/tutorial_dag.py
[2025-11-08T11:23:09.190+0000] {logging_mixin.py:190} INFO - [2025-11-08T11:23:09.190+0000] {dag.py:3239} INFO - Sync 1 DAGs
[2025-11-08T11:23:09.199+0000] {logging_mixin.py:190} INFO - [2025-11-08T11:23:09.198+0000] {dag.py:4180} INFO - Setting next_dagrun for tutorial_dag to None, run_after=None
[2025-11-08T11:23:09.212+0000] {processor.py:208} INFO - Processing /home/airflow/.local/lib/python3.12/site-packages/airflow/example_dags/tutorial_dag.py took 0.042 seconds
[2025-11-08T11:23:40.327+0000] {processor.py:186} INFO - Started process (PID=290) to work on /home/airflow/.local/lib/python3.12/site-packages/airflow/example_dags/tutorial_dag.py
[2025-11-08T11:23:40.327+0000] {processor.py:914} INFO - Processing file /home/airflow/.local/lib/python3.12/site-packages/airflow/example_dags/tutorial_dag.py for tasks to queue
[2025-11-08T11:23:40.329+0000] {logging_mixin.py:190} INFO - [2025-11-08T11:23:40.328+0000] {dagbag.py:588} INFO - Filling up the DagBag from /home/airflow/.local/lib/python3.12/site-packages/airflow/example_dags/tutorial_dag.py
[2025-11-08T11:23:40.333+0000] {processor.py:925} INFO - DAG(s) 'tutorial_dag' retrieved from /home/airflow/.local/lib/python3.12/site-packages/airflow/example_dags/tutorial_dag.py
[2025-11-08T11:23:40.345+0000] {logging_mixin.py:190} INFO - [2025-11-08T11:23:40.345+0000] {dag.py:3239} INFO - Sync 1 DAGs
[2025-11-08T11:23:40.353+0000] {logging_mixin.py:190} INFO - [2025-11-08T11:23:40.353+0000] {dag.py:4180} INFO - Setting next_dagrun for tutorial_dag to None, run_after=None
[2025-11-08T11:23:40.363+0000] {processor.py:208} INFO - Processing /home/airflow/.local/lib/python3.12/site-packages/airflow/example_dags/tutorial_dag.py took 0.040 seconds
[2025-11-08T11:24:11.457+0000] {processor.py:186} INFO - Started process (PID=354) to work on /home/airflow/.local/lib/python3.12/site-packages/airflow/example_dags/tutorial_dag.py
[2025-11-08T11:24:11.458+0000] {processor.py:914} INFO - Processing file /home/airflow/.local/lib/python3.12/site-packages/airflow/example_dags/tutorial_dag.py for tasks to queue
[2025-11-08T11:24:11.459+0000] {logging_mixin.py:190} INFO - [2025-11-08T11:24:11.459+0000] {dagbag.py:588} INFO - Filling up the DagBag from /home/airflow/.local/lib/python3.12/site-packages/airflow/example_dags/tutorial_dag.py
[2025-11-08T11:24:11.466+0000] {processor.py:925} INFO - DAG(s) 'tutorial_dag' retrieved from /home/airflow/.local/lib/python3.12/site-packages/airflow/example_dags/tutorial_dag.py
[2025-11-08T11:24:11.483+0000] {logging_mixin.py:190} INFO - [2025-11-08T11:24:11.483+0000] {dag.py:3239} INFO - Sync 1 DAGs
[2025-11-08T11:24:11.496+0000] {logging_mixin.py:190} INFO - [2025-11-08T11:24:11.496+0000] {dag.py:4180} INFO - Setting next_dagrun for tutorial_dag to None, run_after=None
[2025-11-08T11:24:11.516+0000] {processor.py:208} INFO - Processing /home/airflow/.local/lib/python3.12/site-packages/airflow/example_dags/tutorial_dag.py took 0.065 seconds
[2025-11-08T11:24:42.722+0000] {processor.py:186} INFO - Started process (PID=418) to work on /home/airflow/.local/lib/python3.12/site-packages/airflow/example_dags/tutorial_dag.py
[2025-11-08T11:24:42.722+0000] {processor.py:914} INFO - Processing file /home/airflow/.local/lib/python3.12/site-packages/airflow/example_dags/tutorial_dag.py for tasks to queue
[2025-11-08T11:24:42.723+0000] {logging_mixin.py:190} INFO - [2025-11-08T11:24:42.723+0000] {dagbag.py:588} INFO - Filling up the DagBag from /home/airflow/.local/lib/python3.12/site-packages/airflow/example_dags/tutorial_dag.py
[2025-11-08T11:24:42.727+0000] {processor.py:925} INFO - DAG(s) 'tutorial_dag' retrieved from /home/airflow/.local/lib/python3.12/site-packages/airflow/example_dags/tutorial_dag.py
[2025-11-08T11:24:42.739+0000] {logging_mixin.py:190} INFO - [2025-11-08T11:24:42.738+0000] {dag.py:3239} INFO - Sync 1 DAGs
[2025-11-08T11:24:42.747+0000] {logging_mixin.py:190} INFO - [2025-11-08T11:24:42.746+0000] {dag.py:4180} INFO - Setting next_dagrun for tutorial_dag to None, run_after=None
[2025-11-08T11:24:42.761+0000] {processor.py:208} INFO - Processing /home/airflow/.local/lib/python3.12/site-packages/airflow/example_dags/tutorial_dag.py took 0.043 seconds
[2025-11-08T11:25:12.904+0000] {processor.py:186} INFO - Started process (PID=482) to work on /home/airflow/.local/lib/python3.12/site-packages/airflow/example_dags/tutorial_dag.py
[2025-11-08T11:25:12.904+0000] {processor.py:914} INFO - Processing file /home/airflow/.local/lib/python3.12/site-packages/airflow/example_dags/tutorial_dag.py for tasks to queue
[2025-11-08T11:25:12.905+0000] {logging_mixin.py:190} INFO - [2025-11-08T11:25:12.905+0000] {dagbag.py:588} INFO - Filling up the DagBag from /home/airflow/.local/lib/python3.12/site-packages/airflow/example_dags/tutorial_dag.py
[2025-11-08T11:25:12.909+0000] {processor.py:925} INFO - DAG(s) 'tutorial_dag' retrieved from /home/airflow/.local/lib/python3.12/site-packages/airflow/example_dags/tutorial_dag.py
[2025-11-08T11:25:12.920+0000] {logging_mixin.py:190} INFO - [2025-11-08T11:25:12.920+0000] {dag.py:3239} INFO - Sync 1 DAGs
[2025-11-08T11:25:12.928+0000] {logging_mixin.py:190} INFO - [2025-11-08T11:25:12.928+0000] {dag.py:4180} INFO - Setting next_dagrun for tutorial_dag to None, run_after=None
[2025-11-08T11:25:12.938+0000] {processor.py:208} INFO - Processing /home/airflow/.local/lib/python3.12/site-packages/airflow/example_dags/tutorial_dag.py took 0.037 seconds
[2025-11-08T11:25:44.012+0000] {processor.py:186} INFO - Started process (PID=546) to work on /home/airflow/.local/lib/python3.12/site-packages/airflow/example_dags/tutorial_dag.py
[2025-11-08T11:25:44.012+0000] {processor.py:914} INFO - Processing file /home/airflow/.local/lib/python3.12/site-packages/airflow/example_dags/tutorial_dag.py for tasks to queue
[2025-11-08T11:25:44.013+0000] {logging_mixin.py:190} INFO - [2025-11-08T11:25:44.013+0000] {dagbag.py:588} INFO - Filling up the DagBag from /home/airflow/.local/lib/python3.12/site-packages/airflow/example_dags/tutorial_dag.py
[2025-11-08T11:25:44.017+0000] {processor.py:925} INFO - DAG(s) 'tutorial_dag' retrieved from /home/airflow/.local/lib/python3.12/site-packages/airflow/example_dags/tutorial_dag.py
[2025-11-08T11:25:44.030+0000] {logging_mixin.py:190} INFO - [2025-11-08T11:25:44.030+0000] {dag.py:3239} INFO - Sync 1 DAGs
[2025-11-08T11:25:44.038+0000] {logging_mixin.py:190} INFO - [2025-11-08T11:25:44.038+0000] {dag.py:4180} INFO - Setting next_dagrun for tutorial_dag to None, run_after=None
[2025-11-08T11:25:44.048+0000] {processor.py:208} INFO - Processing /home/airflow/.local/lib/python3.12/site-packages/airflow/example_dags/tutorial_dag.py took 0.039 seconds
[2025-11-08T11:26:15.346+0000] {processor.py:186} INFO - Started process (PID=610) to work on /home/airflow/.local/lib/python3.12/site-packages/airflow/example_dags/tutorial_dag.py
[2025-11-08T11:26:15.347+0000] {processor.py:914} INFO - Processing file /home/airflow/.local/lib/python3.12/site-packages/airflow/example_dags/tutorial_dag.py for tasks to queue
[2025-11-08T11:26:15.348+0000] {logging_mixin.py:190} INFO - [2025-11-08T11:26:15.348+0000] {dagbag.py:588} INFO - Filling up the DagBag from /home/airflow/.local/lib/python3.12/site-packages/airflow/example_dags/tutorial_dag.py
[2025-11-08T11:26:15.352+0000] {processor.py:925} INFO - DAG(s) 'tutorial_dag' retrieved from /home/airflow/.local/lib/python3.12/site-packages/airflow/example_dags/tutorial_dag.py
[2025-11-08T11:26:15.364+0000] {logging_mixin.py:190} INFO - [2025-11-08T11:26:15.363+0000] {dag.py:3239} INFO - Sync 1 DAGs
[2025-11-08T11:26:15.372+0000] {logging_mixin.py:190} INFO - [2025-11-08T11:26:15.372+0000] {dag.py:4180} INFO - Setting next_dagrun for tutorial_dag to None, run_after=None
[2025-11-08T11:26:15.384+0000] {processor.py:208} INFO - Processing /home/airflow/.local/lib/python3.12/site-packages/airflow/example_dags/tutorial_dag.py took 0.041 seconds
[2025-11-08T11:26:46.446+0000] {processor.py:186} INFO - Started process (PID=674) to work on /home/airflow/.local/lib/python3.12/site-packages/airflow/example_dags/tutorial_dag.py
[2025-11-08T11:26:46.446+0000] {processor.py:914} INFO - Processing file /home/airflow/.local/lib/python3.12/site-packages/airflow/example_dags/tutorial_dag.py for tasks to queue
[2025-11-08T11:26:46.447+0000] {logging_mixin.py:190} INFO - [2025-11-08T11:26:46.447+0000] {dagbag.py:588} INFO - Filling up the DagBag from /home/airflow/.local/lib/python3.12/site-packages/airflow/example_dags/tutorial_dag.py
[2025-11-08T11:26:46.451+0000] {processor.py:925} INFO - DAG(s) 'tutorial_dag' retrieved from /home/airflow/.local/lib/python3.12/site-packages/airflow/example_dags/tutorial_dag.py
[2025-11-08T11:26:46.466+0000] {logging_mixin.py:190} INFO - [2025-11-08T11:26:46.466+0000] {dag.py:3239} INFO - Sync 1 DAGs
[2025-11-08T11:26:46.474+0000] {logging_mixin.py:190} INFO - [2025-11-08T11:26:46.474+0000] {dag.py:4180} INFO - Setting next_dagrun for tutorial_dag to None, run_after=None
[2025-11-08T11:26:46.484+0000] {processor.py:208} INFO - Processing /home/airflow/.local/lib/python3.12/site-packages/airflow/example_dags/tutorial_dag.py took 0.041 seconds
[2025-11-08T11:27:17.729+0000] {processor.py:186} INFO - Started process (PID=738) to work on /home/airflow/.local/lib/python3.12/site-packages/airflow/example_dags/tutorial_dag.py
[2025-11-08T11:27:17.731+0000] {processor.py:914} INFO - Processing file /home/airflow/.local/lib/python3.12/site-packages/airflow/example_dags/tutorial_dag.py for tasks to queue
[2025-11-08T11:27:17.733+0000] {logging_mixin.py:190} INFO - [2025-11-08T11:27:17.732+0000] {dagbag.py:588} INFO - Filling up the DagBag from /home/airflow/.local/lib/python3.12/site-packages/airflow/example_dags/tutorial_dag.py
[2025-11-08T11:27:17.739+0000] {processor.py:925} INFO - DAG(s) 'tutorial_dag' retrieved from /home/airflow/.local/lib/python3.12/site-packages/airflow/example_dags/tutorial_dag.py
[2025-11-08T11:27:17.755+0000] {logging_mixin.py:190} INFO - [2025-11-08T11:27:17.755+0000] {dag.py:3239} INFO - Sync 1 DAGs
[2025-11-08T11:27:17.769+0000] {logging_mixin.py:190} INFO - [2025-11-08T11:27:17.769+0000] {dag.py:4180} INFO - Setting next_dagrun for tutorial_dag to None, run_after=None
[2025-11-08T11:27:17.786+0000] {processor.py:208} INFO - Processing /home/airflow/.local/lib/python3.12/site-packages/airflow/example_dags/tutorial_dag.py took 0.062 seconds
[2025-11-08T11:27:48.660+0000] {processor.py:186} INFO - Started process (PID=802) to work on /home/airflow/.local/lib/python3.12/site-packages/airflow/example_dags/tutorial_dag.py
[2025-11-08T11:27:48.661+0000] {processor.py:914} INFO - Processing file /home/airflow/.local/lib/python3.12/site-packages/airflow/example_dags/tutorial_dag.py for tasks to queue
[2025-11-08T11:27:48.662+0000] {logging_mixin.py:190} INFO - [2025-11-08T11:27:48.661+0000] {dagbag.py:588} INFO - Filling up the DagBag from /home/airflow/.local/lib/python3.12/site-packages/airflow/example_dags/tutorial_dag.py
[2025-11-08T11:27:48.666+0000] {processor.py:925} INFO - DAG(s) 'tutorial_dag' retrieved from /home/airflow/.local/lib/python3.12/site-packages/airflow/example_dags/tutorial_dag.py
[2025-11-08T11:27:48.676+0000] {logging_mixin.py:190} INFO - [2025-11-08T11:27:48.676+0000] {dag.py:3239} INFO - Sync 1 DAGs
[2025-11-08T11:27:48.684+0000] {logging_mixin.py:190} INFO - [2025-11-08T11:27:48.684+0000] {dag.py:4180} INFO - Setting next_dagrun for tutorial_dag to None, run_after=None
[2025-11-08T11:27:48.699+0000] {processor.py:208} INFO - Processing /home/airflow/.local/lib/python3.12/site-packages/airflow/example_dags/tutorial_dag.py took 0.042 seconds
[2025-11-08T11:28:20.357+0000] {processor.py:186} INFO - Started process (PID=866) to work on /home/airflow/.local/lib/python3.12/site-packages/airflow/example_dags/tutorial_dag.py
[2025-11-08T11:28:20.358+0000] {processor.py:914} INFO - Processing file /home/airflow/.local/lib/python3.12/site-packages/airflow/example_dags/tutorial_dag.py for tasks to queue
[2025-11-08T11:28:20.359+0000] {logging_mixin.py:190} INFO - [2025-11-08T11:28:20.359+0000] {dagbag.py:588} INFO - Filling up the DagBag from /home/airflow/.local/lib/python3.12/site-packages/airflow/example_dags/tutorial_dag.py
[2025-11-08T11:28:20.363+0000] {processor.py:925} INFO - DAG(s) 'tutorial_dag' retrieved from /home/airflow/.local/lib/python3.12/site-packages/airflow/example_dags/tutorial_dag.py
[2025-11-08T11:28:20.374+0000] {logging_mixin.py:190} INFO - [2025-11-08T11:28:20.374+0000] {dag.py:3239} INFO - Sync 1 DAGs
[2025-11-08T11:28:20.382+0000] {logging_mixin.py:190} INFO - [2025-11-08T11:28:20.382+0000] {dag.py:4180} INFO - Setting next_dagrun for tutorial_dag to None, run_after=None
[2025-11-08T11:28:20.391+0000] {processor.py:208} INFO - Processing /home/airflow/.local/lib/python3.12/site-packages/airflow/example_dags/tutorial_dag.py took 0.038 seconds
