[2025-11-08T11:22:07.233+0000] {processor.py:186} INFO - Started process (PID=97) to work on /home/airflow/.local/lib/python3.12/site-packages/airflow/example_dags/tutorial_taskflow_templates.py
[2025-11-08T11:22:07.234+0000] {processor.py:914} INFO - Processing file /home/airflow/.local/lib/python3.12/site-packages/airflow/example_dags/tutorial_taskflow_templates.py for tasks to queue
[2025-11-08T11:22:07.235+0000] {logging_mixin.py:190} INFO - [2025-11-08T11:22:07.235+0000] {dagbag.py:588} INFO - Filling up the DagBag from /home/airflow/.local/lib/python3.12/site-packages/airflow/example_dags/tutorial_taskflow_templates.py
[2025-11-08T11:22:07.243+0000] {processor.py:925} INFO - DAG(s) 'tutorial_taskflow_templates' retrieved from /home/airflow/.local/lib/python3.12/site-packages/airflow/example_dags/tutorial_taskflow_templates.py
[2025-11-08T11:22:07.259+0000] {logging_mixin.py:190} INFO - [2025-11-08T11:22:07.259+0000] {dag.py:3239} INFO - Sync 1 DAGs
[2025-11-08T11:22:07.272+0000] {logging_mixin.py:190} INFO - [2025-11-08T11:22:07.272+0000] {dag.py:4180} INFO - Setting next_dagrun for tutorial_taskflow_templates to 2025-11-07 00:00:00+00:00, run_after=2025-11-08 00:00:00+00:00
[2025-11-08T11:22:07.284+0000] {processor.py:208} INFO - Processing /home/airflow/.local/lib/python3.12/site-packages/airflow/example_dags/tutorial_taskflow_templates.py took 0.055 seconds
[2025-11-08T11:22:37.992+0000] {processor.py:186} INFO - Started process (PID=161) to work on /home/airflow/.local/lib/python3.12/site-packages/airflow/example_dags/tutorial_taskflow_templates.py
[2025-11-08T11:22:37.992+0000] {processor.py:914} INFO - Processing file /home/airflow/.local/lib/python3.12/site-packages/airflow/example_dags/tutorial_taskflow_templates.py for tasks to queue
[2025-11-08T11:22:37.993+0000] {logging_mixin.py:190} INFO - [2025-11-08T11:22:37.993+0000] {dagbag.py:588} INFO - Filling up the DagBag from /home/airflow/.local/lib/python3.12/site-packages/airflow/example_dags/tutorial_taskflow_templates.py
[2025-11-08T11:22:38.000+0000] {processor.py:925} INFO - DAG(s) 'tutorial_taskflow_templates' retrieved from /home/airflow/.local/lib/python3.12/site-packages/airflow/example_dags/tutorial_taskflow_templates.py
[2025-11-08T11:22:38.012+0000] {logging_mixin.py:190} INFO - [2025-11-08T11:22:38.012+0000] {dag.py:3239} INFO - Sync 1 DAGs
[2025-11-08T11:22:38.025+0000] {logging_mixin.py:190} INFO - [2025-11-08T11:22:38.025+0000] {dag.py:4180} INFO - Setting next_dagrun for tutorial_taskflow_templates to 2025-11-07 00:00:00+00:00, run_after=2025-11-08 00:00:00+00:00
[2025-11-08T11:22:38.037+0000] {processor.py:208} INFO - Processing /home/airflow/.local/lib/python3.12/site-packages/airflow/example_dags/tutorial_taskflow_templates.py took 0.049 seconds
[2025-11-08T11:23:09.308+0000] {processor.py:186} INFO - Started process (PID=230) to work on /home/airflow/.local/lib/python3.12/site-packages/airflow/example_dags/tutorial_taskflow_templates.py
[2025-11-08T11:23:09.308+0000] {processor.py:914} INFO - Processing file /home/airflow/.local/lib/python3.12/site-packages/airflow/example_dags/tutorial_taskflow_templates.py for tasks to queue
[2025-11-08T11:23:09.310+0000] {logging_mixin.py:190} INFO - [2025-11-08T11:23:09.309+0000] {dagbag.py:588} INFO - Filling up the DagBag from /home/airflow/.local/lib/python3.12/site-packages/airflow/example_dags/tutorial_taskflow_templates.py
[2025-11-08T11:23:09.317+0000] {processor.py:925} INFO - DAG(s) 'tutorial_taskflow_templates' retrieved from /home/airflow/.local/lib/python3.12/site-packages/airflow/example_dags/tutorial_taskflow_templates.py
[2025-11-08T11:23:09.327+0000] {logging_mixin.py:190} INFO - [2025-11-08T11:23:09.327+0000] {dag.py:3239} INFO - Sync 1 DAGs
[2025-11-08T11:23:09.341+0000] {logging_mixin.py:190} INFO - [2025-11-08T11:23:09.340+0000] {dag.py:4180} INFO - Setting next_dagrun for tutorial_taskflow_templates to 2025-11-07 00:00:00+00:00, run_after=2025-11-08 00:00:00+00:00
[2025-11-08T11:23:09.352+0000] {processor.py:208} INFO - Processing /home/airflow/.local/lib/python3.12/site-packages/airflow/example_dags/tutorial_taskflow_templates.py took 0.048 seconds
[2025-11-08T11:23:40.542+0000] {processor.py:186} INFO - Started process (PID=295) to work on /home/airflow/.local/lib/python3.12/site-packages/airflow/example_dags/tutorial_taskflow_templates.py
[2025-11-08T11:23:40.542+0000] {processor.py:914} INFO - Processing file /home/airflow/.local/lib/python3.12/site-packages/airflow/example_dags/tutorial_taskflow_templates.py for tasks to queue
[2025-11-08T11:23:40.544+0000] {logging_mixin.py:190} INFO - [2025-11-08T11:23:40.544+0000] {dagbag.py:588} INFO - Filling up the DagBag from /home/airflow/.local/lib/python3.12/site-packages/airflow/example_dags/tutorial_taskflow_templates.py
[2025-11-08T11:23:40.551+0000] {processor.py:925} INFO - DAG(s) 'tutorial_taskflow_templates' retrieved from /home/airflow/.local/lib/python3.12/site-packages/airflow/example_dags/tutorial_taskflow_templates.py
[2025-11-08T11:23:40.562+0000] {logging_mixin.py:190} INFO - [2025-11-08T11:23:40.562+0000] {dag.py:3239} INFO - Sync 1 DAGs
[2025-11-08T11:23:40.577+0000] {logging_mixin.py:190} INFO - [2025-11-08T11:23:40.577+0000] {dag.py:4180} INFO - Setting next_dagrun for tutorial_taskflow_templates to 2025-11-07 00:00:00+00:00, run_after=2025-11-08 00:00:00+00:00
[2025-11-08T11:23:40.587+0000] {processor.py:208} INFO - Processing /home/airflow/.local/lib/python3.12/site-packages/airflow/example_dags/tutorial_taskflow_templates.py took 0.050 seconds
[2025-11-08T11:24:11.773+0000] {processor.py:186} INFO - Started process (PID=359) to work on /home/airflow/.local/lib/python3.12/site-packages/airflow/example_dags/tutorial_taskflow_templates.py
[2025-11-08T11:24:11.775+0000] {processor.py:914} INFO - Processing file /home/airflow/.local/lib/python3.12/site-packages/airflow/example_dags/tutorial_taskflow_templates.py for tasks to queue
[2025-11-08T11:24:11.776+0000] {logging_mixin.py:190} INFO - [2025-11-08T11:24:11.776+0000] {dagbag.py:588} INFO - Filling up the DagBag from /home/airflow/.local/lib/python3.12/site-packages/airflow/example_dags/tutorial_taskflow_templates.py
[2025-11-08T11:24:11.787+0000] {processor.py:925} INFO - DAG(s) 'tutorial_taskflow_templates' retrieved from /home/airflow/.local/lib/python3.12/site-packages/airflow/example_dags/tutorial_taskflow_templates.py
[2025-11-08T11:24:11.805+0000] {logging_mixin.py:190} INFO - [2025-11-08T11:24:11.805+0000] {dag.py:3239} INFO - Sync 1 DAGs
[2025-11-08T11:24:11.825+0000] {logging_mixin.py:190} INFO - [2025-11-08T11:24:11.824+0000] {dag.py:4180} INFO - Setting next_dagrun for tutorial_taskflow_templates to 2025-11-07 00:00:00+00:00, run_after=2025-11-08 00:00:00+00:00
[2025-11-08T11:24:11.837+0000] {processor.py:208} INFO - Processing /home/airflow/.local/lib/python3.12/site-packages/airflow/example_dags/tutorial_taskflow_templates.py took 0.068 seconds
[2025-11-08T11:24:42.946+0000] {processor.py:186} INFO - Started process (PID=423) to work on /home/airflow/.local/lib/python3.12/site-packages/airflow/example_dags/tutorial_taskflow_templates.py
[2025-11-08T11:24:42.946+0000] {processor.py:914} INFO - Processing file /home/airflow/.local/lib/python3.12/site-packages/airflow/example_dags/tutorial_taskflow_templates.py for tasks to queue
[2025-11-08T11:24:42.947+0000] {logging_mixin.py:190} INFO - [2025-11-08T11:24:42.947+0000] {dagbag.py:588} INFO - Filling up the DagBag from /home/airflow/.local/lib/python3.12/site-packages/airflow/example_dags/tutorial_taskflow_templates.py
[2025-11-08T11:24:42.954+0000] {processor.py:925} INFO - DAG(s) 'tutorial_taskflow_templates' retrieved from /home/airflow/.local/lib/python3.12/site-packages/airflow/example_dags/tutorial_taskflow_templates.py
[2025-11-08T11:24:42.970+0000] {logging_mixin.py:190} INFO - [2025-11-08T11:24:42.970+0000] {dag.py:3239} INFO - Sync 1 DAGs
[2025-11-08T11:24:42.985+0000] {logging_mixin.py:190} INFO - [2025-11-08T11:24:42.985+0000] {dag.py:4180} INFO - Setting next_dagrun for tutorial_taskflow_templates to 2025-11-07 00:00:00+00:00, run_after=2025-11-08 00:00:00+00:00
[2025-11-08T11:24:42.998+0000] {processor.py:208} INFO - Processing /home/airflow/.local/lib/python3.12/site-packages/airflow/example_dags/tutorial_taskflow_templates.py took 0.056 seconds
[2025-11-08T11:25:13.035+0000] {processor.py:186} INFO - Started process (PID=486) to work on /home/airflow/.local/lib/python3.12/site-packages/airflow/example_dags/tutorial_taskflow_templates.py
[2025-11-08T11:25:13.036+0000] {processor.py:914} INFO - Processing file /home/airflow/.local/lib/python3.12/site-packages/airflow/example_dags/tutorial_taskflow_templates.py for tasks to queue
[2025-11-08T11:25:13.037+0000] {logging_mixin.py:190} INFO - [2025-11-08T11:25:13.037+0000] {dagbag.py:588} INFO - Filling up the DagBag from /home/airflow/.local/lib/python3.12/site-packages/airflow/example_dags/tutorial_taskflow_templates.py
[2025-11-08T11:25:13.044+0000] {processor.py:925} INFO - DAG(s) 'tutorial_taskflow_templates' retrieved from /home/airflow/.local/lib/python3.12/site-packages/airflow/example_dags/tutorial_taskflow_templates.py
[2025-11-08T11:25:13.057+0000] {logging_mixin.py:190} INFO - [2025-11-08T11:25:13.057+0000] {dag.py:3239} INFO - Sync 1 DAGs
[2025-11-08T11:25:13.070+0000] {logging_mixin.py:190} INFO - [2025-11-08T11:25:13.070+0000] {dag.py:4180} INFO - Setting next_dagrun for tutorial_taskflow_templates to 2025-11-07 00:00:00+00:00, run_after=2025-11-08 00:00:00+00:00
[2025-11-08T11:25:13.081+0000] {processor.py:208} INFO - Processing /home/airflow/.local/lib/python3.12/site-packages/airflow/example_dags/tutorial_taskflow_templates.py took 0.049 seconds
[2025-11-08T11:25:44.248+0000] {processor.py:186} INFO - Started process (PID=551) to work on /home/airflow/.local/lib/python3.12/site-packages/airflow/example_dags/tutorial_taskflow_templates.py
[2025-11-08T11:25:44.249+0000] {processor.py:914} INFO - Processing file /home/airflow/.local/lib/python3.12/site-packages/airflow/example_dags/tutorial_taskflow_templates.py for tasks to queue
[2025-11-08T11:25:44.250+0000] {logging_mixin.py:190} INFO - [2025-11-08T11:25:44.250+0000] {dagbag.py:588} INFO - Filling up the DagBag from /home/airflow/.local/lib/python3.12/site-packages/airflow/example_dags/tutorial_taskflow_templates.py
[2025-11-08T11:25:44.257+0000] {processor.py:925} INFO - DAG(s) 'tutorial_taskflow_templates' retrieved from /home/airflow/.local/lib/python3.12/site-packages/airflow/example_dags/tutorial_taskflow_templates.py
[2025-11-08T11:25:44.273+0000] {logging_mixin.py:190} INFO - [2025-11-08T11:25:44.273+0000] {dag.py:3239} INFO - Sync 1 DAGs
[2025-11-08T11:25:44.288+0000] {logging_mixin.py:190} INFO - [2025-11-08T11:25:44.288+0000] {dag.py:4180} INFO - Setting next_dagrun for tutorial_taskflow_templates to 2025-11-07 00:00:00+00:00, run_after=2025-11-08 00:00:00+00:00
[2025-11-08T11:25:44.301+0000] {processor.py:208} INFO - Processing /home/airflow/.local/lib/python3.12/site-packages/airflow/example_dags/tutorial_taskflow_templates.py took 0.056 seconds
[2025-11-08T11:26:15.564+0000] {processor.py:186} INFO - Started process (PID=615) to work on /home/airflow/.local/lib/python3.12/site-packages/airflow/example_dags/tutorial_taskflow_templates.py
[2025-11-08T11:26:15.564+0000] {processor.py:914} INFO - Processing file /home/airflow/.local/lib/python3.12/site-packages/airflow/example_dags/tutorial_taskflow_templates.py for tasks to queue
[2025-11-08T11:26:15.565+0000] {logging_mixin.py:190} INFO - [2025-11-08T11:26:15.565+0000] {dagbag.py:588} INFO - Filling up the DagBag from /home/airflow/.local/lib/python3.12/site-packages/airflow/example_dags/tutorial_taskflow_templates.py
[2025-11-08T11:26:15.572+0000] {processor.py:925} INFO - DAG(s) 'tutorial_taskflow_templates' retrieved from /home/airflow/.local/lib/python3.12/site-packages/airflow/example_dags/tutorial_taskflow_templates.py
[2025-11-08T11:26:15.583+0000] {logging_mixin.py:190} INFO - [2025-11-08T11:26:15.583+0000] {dag.py:3239} INFO - Sync 1 DAGs
[2025-11-08T11:26:15.597+0000] {logging_mixin.py:190} INFO - [2025-11-08T11:26:15.597+0000] {dag.py:4180} INFO - Setting next_dagrun for tutorial_taskflow_templates to 2025-11-07 00:00:00+00:00, run_after=2025-11-08 00:00:00+00:00
[2025-11-08T11:26:15.608+0000] {processor.py:208} INFO - Processing /home/airflow/.local/lib/python3.12/site-packages/airflow/example_dags/tutorial_taskflow_templates.py took 0.048 seconds
[2025-11-08T11:26:46.733+0000] {processor.py:186} INFO - Started process (PID=679) to work on /home/airflow/.local/lib/python3.12/site-packages/airflow/example_dags/tutorial_taskflow_templates.py
[2025-11-08T11:26:46.734+0000] {processor.py:914} INFO - Processing file /home/airflow/.local/lib/python3.12/site-packages/airflow/example_dags/tutorial_taskflow_templates.py for tasks to queue
[2025-11-08T11:26:46.735+0000] {logging_mixin.py:190} INFO - [2025-11-08T11:26:46.735+0000] {dagbag.py:588} INFO - Filling up the DagBag from /home/airflow/.local/lib/python3.12/site-packages/airflow/example_dags/tutorial_taskflow_templates.py
[2025-11-08T11:26:46.743+0000] {processor.py:925} INFO - DAG(s) 'tutorial_taskflow_templates' retrieved from /home/airflow/.local/lib/python3.12/site-packages/airflow/example_dags/tutorial_taskflow_templates.py
[2025-11-08T11:26:46.758+0000] {logging_mixin.py:190} INFO - [2025-11-08T11:26:46.757+0000] {dag.py:3239} INFO - Sync 1 DAGs
[2025-11-08T11:26:46.774+0000] {logging_mixin.py:190} INFO - [2025-11-08T11:26:46.774+0000] {dag.py:4180} INFO - Setting next_dagrun for tutorial_taskflow_templates to 2025-11-07 00:00:00+00:00, run_after=2025-11-08 00:00:00+00:00
[2025-11-08T11:26:46.787+0000] {processor.py:208} INFO - Processing /home/airflow/.local/lib/python3.12/site-packages/airflow/example_dags/tutorial_taskflow_templates.py took 0.057 seconds
[2025-11-08T11:27:18.016+0000] {processor.py:186} INFO - Started process (PID=743) to work on /home/airflow/.local/lib/python3.12/site-packages/airflow/example_dags/tutorial_taskflow_templates.py
[2025-11-08T11:27:18.018+0000] {processor.py:914} INFO - Processing file /home/airflow/.local/lib/python3.12/site-packages/airflow/example_dags/tutorial_taskflow_templates.py for tasks to queue
[2025-11-08T11:27:18.019+0000] {logging_mixin.py:190} INFO - [2025-11-08T11:27:18.019+0000] {dagbag.py:588} INFO - Filling up the DagBag from /home/airflow/.local/lib/python3.12/site-packages/airflow/example_dags/tutorial_taskflow_templates.py
[2025-11-08T11:27:18.027+0000] {processor.py:925} INFO - DAG(s) 'tutorial_taskflow_templates' retrieved from /home/airflow/.local/lib/python3.12/site-packages/airflow/example_dags/tutorial_taskflow_templates.py
[2025-11-08T11:27:18.043+0000] {logging_mixin.py:190} INFO - [2025-11-08T11:27:18.043+0000] {dag.py:3239} INFO - Sync 1 DAGs
[2025-11-08T11:27:18.062+0000] {logging_mixin.py:190} INFO - [2025-11-08T11:27:18.062+0000] {dag.py:4180} INFO - Setting next_dagrun for tutorial_taskflow_templates to 2025-11-07 00:00:00+00:00, run_after=2025-11-08 00:00:00+00:00
[2025-11-08T11:27:18.073+0000] {processor.py:208} INFO - Processing /home/airflow/.local/lib/python3.12/site-packages/airflow/example_dags/tutorial_taskflow_templates.py took 0.062 seconds
[2025-11-08T11:27:48.911+0000] {processor.py:186} INFO - Started process (PID=807) to work on /home/airflow/.local/lib/python3.12/site-packages/airflow/example_dags/tutorial_taskflow_templates.py
[2025-11-08T11:27:48.912+0000] {processor.py:914} INFO - Processing file /home/airflow/.local/lib/python3.12/site-packages/airflow/example_dags/tutorial_taskflow_templates.py for tasks to queue
[2025-11-08T11:27:48.913+0000] {logging_mixin.py:190} INFO - [2025-11-08T11:27:48.913+0000] {dagbag.py:588} INFO - Filling up the DagBag from /home/airflow/.local/lib/python3.12/site-packages/airflow/example_dags/tutorial_taskflow_templates.py
[2025-11-08T11:27:48.920+0000] {processor.py:925} INFO - DAG(s) 'tutorial_taskflow_templates' retrieved from /home/airflow/.local/lib/python3.12/site-packages/airflow/example_dags/tutorial_taskflow_templates.py
[2025-11-08T11:27:48.932+0000] {logging_mixin.py:190} INFO - [2025-11-08T11:27:48.932+0000] {dag.py:3239} INFO - Sync 1 DAGs
[2025-11-08T11:27:48.947+0000] {logging_mixin.py:190} INFO - [2025-11-08T11:27:48.946+0000] {dag.py:4180} INFO - Setting next_dagrun for tutorial_taskflow_templates to 2025-11-07 00:00:00+00:00, run_after=2025-11-08 00:00:00+00:00
[2025-11-08T11:27:48.959+0000] {processor.py:208} INFO - Processing /home/airflow/.local/lib/python3.12/site-packages/airflow/example_dags/tutorial_taskflow_templates.py took 0.052 seconds
[2025-11-08T11:28:20.486+0000] {processor.py:186} INFO - Started process (PID=870) to work on /home/airflow/.local/lib/python3.12/site-packages/airflow/example_dags/tutorial_taskflow_templates.py
[2025-11-08T11:28:20.486+0000] {processor.py:914} INFO - Processing file /home/airflow/.local/lib/python3.12/site-packages/airflow/example_dags/tutorial_taskflow_templates.py for tasks to queue
[2025-11-08T11:28:20.488+0000] {logging_mixin.py:190} INFO - [2025-11-08T11:28:20.487+0000] {dagbag.py:588} INFO - Filling up the DagBag from /home/airflow/.local/lib/python3.12/site-packages/airflow/example_dags/tutorial_taskflow_templates.py
[2025-11-08T11:28:20.495+0000] {processor.py:925} INFO - DAG(s) 'tutorial_taskflow_templates' retrieved from /home/airflow/.local/lib/python3.12/site-packages/airflow/example_dags/tutorial_taskflow_templates.py
[2025-11-08T11:28:20.505+0000] {logging_mixin.py:190} INFO - [2025-11-08T11:28:20.505+0000] {dag.py:3239} INFO - Sync 1 DAGs
[2025-11-08T11:28:20.519+0000] {logging_mixin.py:190} INFO - [2025-11-08T11:28:20.519+0000] {dag.py:4180} INFO - Setting next_dagrun for tutorial_taskflow_templates to 2025-11-07 00:00:00+00:00, run_after=2025-11-08 00:00:00+00:00
[2025-11-08T11:28:20.530+0000] {processor.py:208} INFO - Processing /home/airflow/.local/lib/python3.12/site-packages/airflow/example_dags/tutorial_taskflow_templates.py took 0.047 seconds
